2018-04-15 20:06:42,035 [DEBUG|PoliceForce/1171605791|TestSearchForFire] Time:1
2018-04-15 20:06:42,036 [DEBUG|PoliceForce/1171605791|TestRoadDetector] Time:1
2018-04-15 20:06:42,036 [DEBUG|PoliceForce/1171605791|TestRoadDetector] Targets: [Refuge (18733)]
2018-04-15 20:06:42,054 [DEBUG|PoliceForce/1171605791|TestRoadDetector] Selected Target: 18733
2018-04-15 20:06:51,021 [DEBUG|PoliceForce/1171605791|TestSearchForFire] Time:2
2018-04-15 20:06:51,021 [DEBUG|PoliceForce/1171605791|TestRoadDetector] Time:2
2018-04-15 20:06:54,853 [DEBUG|PoliceForce/1171605791|TestSearchForFire] Time:3
2018-04-15 20:06:54,853 [DEBUG|PoliceForce/1171605791|TestRoadDetector] Time:3
2018-04-15 20:07:06,141 [DEBUG|PoliceForce/1171605791|TestSearchForFire] Time:4
2018-04-15 20:07:06,141 [DEBUG|PoliceForce/1171605791|TestRoadDetector] Time:4
2018-04-15 20:07:14,877 [DEBUG|PoliceForce/1171605791|TestSearchForFire] Time:5
2018-04-15 20:07:14,877 [DEBUG|PoliceForce/1171605791|TestRoadDetector] Time:5
2018-04-15 20:07:23,353 [DEBUG|PoliceForce/1171605791|TestSearchForFire] Time:6
2018-04-15 20:07:23,353 [DEBUG|PoliceForce/1171605791|TestRoadDetector] Time:6
2018-04-15 20:07:30,981 [DEBUG|PoliceForce/1171605791|TestSearchForFire] Time:7
2018-04-15 20:07:30,981 [DEBUG|PoliceForce/1171605791|TestRoadDetector] Time:7
2018-04-15 20:07:38,412 [DEBUG|PoliceForce/1171605791|TestSearchForFire] Time:8
2018-04-15 20:07:38,413 [DEBUG|PoliceForce/1171605791|TestRoadDetector] Time:8
2018-04-15 20:07:45,785 [DEBUG|PoliceForce/1171605791|TestSearchForFire] Time:9
2018-04-15 20:07:45,785 [DEBUG|PoliceForce/1171605791|TestRoadDetector] Time:9
2018-04-15 20:07:53,101 [DEBUG|PoliceForce/1171605791|TestSearchForFire] Time:10
2018-04-15 20:07:53,101 [DEBUG|PoliceForce/1171605791|TestRoadDetector] Time:10
2018-04-15 20:08:00,025 [DEBUG|PoliceForce/1171605791|TestSearchForFire] Time:11
2018-04-15 20:08:00,025 [DEBUG|PoliceForce/1171605791|TestRoadDetector] Time:11
2018-04-15 20:08:07,109 [DEBUG|PoliceForce/1171605791|TestSearchForFire] Time:12
2018-04-15 20:08:07,109 [DEBUG|PoliceForce/1171605791|TestRoadDetector] Time:12
2018-04-15 20:08:13,764 [DEBUG|PoliceForce/1171605791|TestSearchForFire] Time:13
2018-04-15 20:08:13,764 [DEBUG|PoliceForce/1171605791|TestRoadDetector] Time:13
2018-04-15 20:08:20,300 [DEBUG|PoliceForce/1171605791|TestSearchForFire] Time:14
2018-04-15 20:08:20,300 [DEBUG|PoliceForce/1171605791|TestRoadDetector] Time:14
2018-04-15 20:08:27,414 [DEBUG|PoliceForce/1171605791|TestSearchForFire] Time:15
2018-04-15 20:08:27,414 [DEBUG|PoliceForce/1171605791|TestRoadDetector] Time:15
2018-04-15 20:08:34,372 [DEBUG|PoliceForce/1171605791|TestSearchForFire] Time:16
2018-04-15 20:08:34,372 [DEBUG|PoliceForce/1171605791|TestRoadDetector] Time:16
2018-04-15 20:08:41,365 [DEBUG|PoliceForce/1171605791|TestSearchForFire] Time:17
2018-04-15 20:08:41,365 [DEBUG|PoliceForce/1171605791|TestRoadDetector] Time:17
2018-04-15 20:08:49,288 [DEBUG|PoliceForce/1171605791|TestSearchForFire] Time:18
2018-04-15 20:08:49,288 [DEBUG|PoliceForce/1171605791|TestRoadDetector] Time:18
2018-04-15 20:08:55,876 [DEBUG|PoliceForce/1171605791|TestSearchForFire] Time:19
2018-04-15 20:08:55,876 [DEBUG|PoliceForce/1171605791|TestRoadDetector] Time:19
2018-04-15 20:09:02,548 [DEBUG|PoliceForce/1171605791|TestSearchForFire] Time:20
2018-04-15 20:09:02,548 [DEBUG|PoliceForce/1171605791|TestRoadDetector] Time:20
2018-04-15 20:09:09,904 [DEBUG|PoliceForce/1171605791|TestSearchForFire] Time:21
2018-04-15 20:09:09,904 [DEBUG|PoliceForce/1171605791|TestRoadDetector] Time:21
2018-04-15 20:09:16,496 [DEBUG|PoliceForce/1171605791|TestSearchForFire] Time:22
2018-04-15 20:09:16,496 [DEBUG|PoliceForce/1171605791|TestRoadDetector] Time:22
2018-04-15 20:09:22,632 [DEBUG|PoliceForce/1171605791|TestSearchForFire] Time:23
2018-04-15 20:09:22,632 [DEBUG|PoliceForce/1171605791|TestRoadDetector] Time:23
2018-04-15 20:09:28,655 [DEBUG|PoliceForce/1171605791|TestSearchForFire] Time:24
2018-04-15 20:09:28,655 [DEBUG|PoliceForce/1171605791|TestRoadDetector] Time:24
2018-04-15 20:09:34,399 [DEBUG|PoliceForce/1171605791|TestSearchForFire] Time:25
2018-04-15 20:09:34,399 [DEBUG|PoliceForce/1171605791|TestRoadDetector] Time:25
2018-04-15 20:09:40,496 [DEBUG|PoliceForce/1171605791|TestSearchForFire] Time:26
2018-04-15 20:09:40,497 [DEBUG|PoliceForce/1171605791|TestRoadDetector] Time:26
2018-04-15 20:09:46,360 [DEBUG|PoliceForce/1171605791|TestSearchForFire] Time:27
2018-04-15 20:09:46,361 [DEBUG|PoliceForce/1171605791|TestRoadDetector] Time:27
2018-04-15 20:09:52,444 [DEBUG|PoliceForce/1171605791|TestSearchForFire] Time:28
2018-04-15 20:09:52,445 [DEBUG|PoliceForce/1171605791|TestRoadDetector] Time:28
2018-04-15 20:09:58,310 [DEBUG|PoliceForce/1171605791|TestSearchForFire] Time:29
2018-04-15 20:09:58,310 [DEBUG|PoliceForce/1171605791|TestRoadDetector] Time:29
2018-04-15 20:10:04,209 [DEBUG|PoliceForce/1171605791|TestSearchForFire] Time:30
2018-04-15 20:10:04,209 [DEBUG|PoliceForce/1171605791|TestRoadDetector] Time:30
2018-04-15 20:10:09,956 [DEBUG|PoliceForce/1171605791|TestSearchForFire] Time:31
2018-04-15 20:10:09,957 [DEBUG|PoliceForce/1171605791|TestRoadDetector] Time:31
2018-04-15 20:10:15,536 [DEBUG|PoliceForce/1171605791|TestSearchForFire] Time:32
2018-04-15 20:10:15,536 [DEBUG|PoliceForce/1171605791|TestRoadDetector] Time:32
2018-04-15 20:10:21,000 [DEBUG|PoliceForce/1171605791|TestSearchForFire] Time:33
2018-04-15 20:10:21,001 [DEBUG|PoliceForce/1171605791|TestRoadDetector] Time:33
2018-04-15 20:10:26,500 [DEBUG|PoliceForce/1171605791|TestSearchForFire] Time:34
2018-04-15 20:10:26,500 [DEBUG|PoliceForce/1171605791|TestRoadDetector] Time:34
2018-04-15 20:10:31,896 [DEBUG|PoliceForce/1171605791|TestSearchForFire] Time:35
2018-04-15 20:10:31,896 [DEBUG|PoliceForce/1171605791|TestRoadDetector] Time:35
2018-04-15 20:10:37,625 [DEBUG|PoliceForce/1171605791|TestSearchForFire] Time:36
2018-04-15 20:10:37,625 [DEBUG|PoliceForce/1171605791|TestRoadDetector] Time:36
2018-04-15 20:10:42,816 [DEBUG|PoliceForce/1171605791|TestSearchForFire] Time:37
2018-04-15 20:10:42,816 [DEBUG|PoliceForce/1171605791|TestRoadDetector] Time:37
2018-04-15 20:10:42,816 [DEBUG|PoliceForce/1171605791|TestRoadDetector] reach to Refuge (18733) reseting target
2018-04-15 20:10:42,817 [DEBUG|PoliceForce/1171605791|TestRoadDetector] Targets: []
2018-04-15 20:10:42,817 [DEBUG|PoliceForce/1171605791|TestSearchForFire] unsearchedBuildingIDs:[16901, 23877, 13512, 15955, 33048, 35676, 26336, 10336, 21304, 23931]
2018-04-15 20:10:42,817 [DEBUG|PoliceForce/1171605791|TestSearchForFire] best path is:[18733, 18749, 35789, 35924, 35923, 35926, 35930, 4731, 16917, 16901]
2018-04-15 20:10:42,817 [DEBUG|PoliceForce/1171605791|TestSearchForFire] choosed:4731
2018-04-15 20:10:48,024 [DEBUG|PoliceForce/1171605791|TestSearchForFire] Time:38
2018-04-15 20:10:48,024 [DEBUG|PoliceForce/1171605791|TestRoadDetector] Time:38
2018-04-15 20:10:48,025 [DEBUG|PoliceForce/1171605791|TestRoadDetector] Targets: []
2018-04-15 20:10:48,025 [DEBUG|PoliceForce/1171605791|TestSearchForFire] unsearchedBuildingIDs:[16901, 23877, 13512, 15955, 33048, 35676, 26336, 10336, 21304, 23931]
2018-04-15 20:10:48,025 [DEBUG|PoliceForce/1171605791|TestSearchForFire] best path is:[35924, 35923, 35926, 35930, 4731, 16917, 16901]
2018-04-15 20:10:48,025 [DEBUG|PoliceForce/1171605791|TestSearchForFire] choosed:4731
2018-04-15 20:10:53,168 [DEBUG|PoliceForce/1171605791|TestSearchForFire] Time:39
2018-04-15 20:10:53,168 [DEBUG|PoliceForce/1171605791|TestRoadDetector] Time:39
2018-04-15 20:10:53,168 [DEBUG|PoliceForce/1171605791|TestRoadDetector] Targets: []
2018-04-15 20:10:53,169 [DEBUG|PoliceForce/1171605791|TestSearchForFire] unsearchedBuildingIDs:[13512, 15955, 33048, 35676, 26336, 10336, 21304, 23931]
2018-04-15 20:10:53,169 [DEBUG|PoliceForce/1171605791|TestSearchForFire] best path is:[35930, 35929, 35803, 35807, 35810, 33049, 33048]
2018-04-15 20:10:53,169 [DEBUG|PoliceForce/1171605791|TestSearchForFire] choosed:35810
2018-04-15 20:10:58,297 [DEBUG|PoliceForce/1171605791|TestSearchForFire] Time:40
2018-04-15 20:10:58,297 [DEBUG|PoliceForce/1171605791|TestRoadDetector] Time:40
2018-04-15 20:10:58,297 [DEBUG|PoliceForce/1171605791|TestRoadDetector] Targets: []
2018-04-15 20:10:58,297 [DEBUG|PoliceForce/1171605791|TestSearchForFire] unsearchedBuildingIDs:[13512, 15955, 35676, 26336, 10336, 21304, 23931]
2018-04-15 20:10:58,297 [DEBUG|PoliceForce/1171605791|TestSearchForFire] best path is:[35933, 35807, 35810, 35813, 35816, 35818, 13527, 13512]
2018-04-15 20:10:58,298 [DEBUG|PoliceForce/1171605791|TestSearchForFire] choosed:35818
2018-04-15 20:11:03,348 [DEBUG|PoliceForce/1171605791|TestSearchForFire] Time:41
2018-04-15 20:11:03,348 [DEBUG|PoliceForce/1171605791|TestRoadDetector] Time:41
2018-04-15 20:11:03,348 [DEBUG|PoliceForce/1171605791|TestRoadDetector] Targets: []
2018-04-15 20:11:03,348 [DEBUG|PoliceForce/1171605791|TestSearchForFire] unsearchedBuildingIDs:[15955, 35676, 26336, 10336, 23931]
2018-04-15 20:11:03,348 [DEBUG|PoliceForce/1171605791|TestSearchForFire] best path is:[35818, 35822, 31060, 31059, 15971, 15955]
2018-04-15 20:11:03,348 [DEBUG|PoliceForce/1171605791|TestSearchForFire] choosed:31059
2018-04-15 20:11:08,192 [DEBUG|PoliceForce/1171605791|TestSearchForFire] Time:42
2018-04-15 20:11:08,192 [DEBUG|PoliceForce/1171605791|TestRoadDetector] Time:42
2018-04-15 20:11:08,192 [DEBUG|PoliceForce/1171605791|TestRoadDetector] Targets: []
2018-04-15 20:11:08,193 [DEBUG|PoliceForce/1171605791|TestSearchForFire] unsearchedBuildingIDs:[35676, 10336, 23931]
2018-04-15 20:11:08,193 [DEBUG|PoliceForce/1171605791|TestSearchForFire] best path is:[31059, 31060, 35822, 35818, 35816, 35813, 35810, 35807, 35803, 35929, 35930, 4731, 2382, 7359, 4524, 35526, 35676]
2018-04-15 20:11:08,193 [DEBUG|PoliceForce/1171605791|TestSearchForFire] choosed:4524
2018-04-15 20:11:13,332 [DEBUG|PoliceForce/1171605791|TestSearchForFire] Time:43
2018-04-15 20:11:13,332 [DEBUG|PoliceForce/1171605791|TestRoadDetector] Time:43
2018-04-15 20:11:13,333 [DEBUG|PoliceForce/1171605791|TestRoadDetector] Targets: []
2018-04-15 20:11:13,333 [DEBUG|PoliceForce/1171605791|TestSearchForFire] unsearchedBuildingIDs:[35676, 10336, 23931]
2018-04-15 20:11:13,333 [DEBUG|PoliceForce/1171605791|TestSearchForFire] best path is:[35945, 35943, 35940, 35937, 35933, 35929, 35930, 4731, 2382, 7359, 4524, 35526, 35676]
2018-04-15 20:11:13,333 [DEBUG|PoliceForce/1171605791|TestSearchForFire] choosed:4524
2018-04-15 20:11:18,221 [DEBUG|PoliceForce/1171605791|TestSearchForFire] Time:44
2018-04-15 20:11:18,221 [DEBUG|PoliceForce/1171605791|TestRoadDetector] Time:44
2018-04-15 20:11:18,221 [DEBUG|PoliceForce/1171605791|TestRoadDetector] Targets: []
2018-04-15 20:11:18,221 [DEBUG|PoliceForce/1171605791|TestSearchForFire] unsearchedBuildingIDs:[35676, 10336, 23931]
2018-04-15 20:11:18,221 [DEBUG|PoliceForce/1171605791|TestSearchForFire] best path is:[35937, 35933, 35929, 35930, 4731, 2382, 7359, 4524, 35526, 35676]
2018-04-15 20:11:18,221 [DEBUG|PoliceForce/1171605791|TestSearchForFire] choosed:4524
2018-04-15 20:11:23,624 [DEBUG|PoliceForce/1171605791|TestSearchForFire] Time:45
2018-04-15 20:11:23,625 [DEBUG|PoliceForce/1171605791|TestRoadDetector] Time:45
2018-04-15 20:11:23,625 [DEBUG|PoliceForce/1171605791|TestRoadDetector] Targets: []
2018-04-15 20:11:23,625 [DEBUG|PoliceForce/1171605791|TestSearchForFire] unsearchedBuildingIDs:[10336, 23931]
2018-04-15 20:11:23,626 [DEBUG|PoliceForce/1171605791|TestSearchForFire] best path is:[4731, 35930, 35932, 33064, 34588, 35983, 35982, 35979, 4209, 1609, 7287, 4479, 33449, 35989, 35990, 14475, 14459, 34710, 10336]
2018-04-15 20:11:23,626 [DEBUG|PoliceForce/1171605791|TestSearchForFire] choosed:14459
2018-04-15 20:11:28,560 [DEBUG|PoliceForce/1171605791|TestSearchForFire] Time:46
2018-04-15 20:11:28,560 [DEBUG|PoliceForce/1171605791|TestRoadDetector] Time:46
2018-04-15 20:11:28,560 [DEBUG|PoliceForce/1171605791|TestRoadDetector] Targets: []
2018-04-15 20:11:28,560 [DEBUG|PoliceForce/1171605791|TestSearchForFire] unsearchedBuildingIDs:[10336, 23931]
2018-04-15 20:11:28,561 [DEBUG|PoliceForce/1171605791|TestSearchForFire] best path is:[4731, 35930, 35932, 33064, 34588, 35983, 35982, 35979, 4209, 1609, 7287, 4479, 33449, 35989, 35990, 14475, 14459, 34710, 10336]
2018-04-15 20:11:28,561 [DEBUG|PoliceForce/1171605791|TestSearchForFire] choosed:14459
2018-04-15 20:11:33,340 [DEBUG|PoliceForce/1171605791|TestSearchForFire] Time:47
2018-04-15 20:11:33,340 [DEBUG|PoliceForce/1171605791|TestRoadDetector] Time:47
2018-04-15 20:11:33,340 [DEBUG|PoliceForce/1171605791|TestRoadDetector] Targets: []
2018-04-15 20:11:33,340 [DEBUG|PoliceForce/1171605791|TestSearchForFire] unsearchedBuildingIDs:[10336, 23931]
2018-04-15 20:11:33,341 [DEBUG|PoliceForce/1171605791|TestSearchForFire] best path is:[4731, 35930, 35932, 33064, 34588, 35983, 35982, 35979, 4209, 1609, 7287, 4479, 33449, 35989, 35990, 14475, 14459, 34710, 10336]
2018-04-15 20:11:33,341 [DEBUG|PoliceForce/1171605791|TestSearchForFire] choosed:14459
2018-04-15 20:11:38,244 [DEBUG|PoliceForce/1171605791|TestSearchForFire] Time:48
2018-04-15 20:11:38,245 [DEBUG|PoliceForce/1171605791|TestRoadDetector] Time:48
2018-04-15 20:11:38,245 [DEBUG|PoliceForce/1171605791|TestRoadDetector] Targets: []
2018-04-15 20:11:38,245 [DEBUG|PoliceForce/1171605791|TestSearchForFire] unsearchedBuildingIDs:[10336, 23931]
2018-04-15 20:11:38,246 [DEBUG|PoliceForce/1171605791|TestSearchForFire] best path is:[35932, 33064, 34588, 35983, 35982, 35979, 4209, 1609, 7287, 4479, 33449, 35989, 35990, 14475, 14459, 34710, 10336]
2018-04-15 20:11:38,246 [DEBUG|PoliceForce/1171605791|TestSearchForFire] choosed:14459
2018-04-15 20:11:42,888 [DEBUG|PoliceForce/1171605791|TestSearchForFire] Time:49
2018-04-15 20:11:42,888 [DEBUG|PoliceForce/1171605791|TestRoadDetector] Time:49
2018-04-15 20:11:42,888 [DEBUG|PoliceForce/1171605791|TestRoadDetector] Targets: []
2018-04-15 20:11:42,888 [DEBUG|PoliceForce/1171605791|TestSearchForFire] unsearchedBuildingIDs:[10336, 23931]
2018-04-15 20:11:42,888 [DEBUG|PoliceForce/1171605791|TestSearchForFire] best path is:[35983, 35982, 35979, 4209, 1609, 7287, 4479, 33449, 35989, 35990, 14475, 14459, 34710, 10336]
2018-04-15 20:11:42,888 [DEBUG|PoliceForce/1171605791|TestSearchForFire] choosed:14459
2018-04-15 20:11:47,760 [DEBUG|PoliceForce/1171605791|TestSearchForFire] Time:50
2018-04-15 20:11:47,760 [DEBUG|PoliceForce/1171605791|TestRoadDetector] Time:50
2018-04-15 20:11:47,761 [DEBUG|PoliceForce/1171605791|TestRoadDetector] Targets: []
2018-04-15 20:11:47,761 [DEBUG|PoliceForce/1171605791|TestSearchForFire] unsearchedBuildingIDs:[10336, 23931]
2018-04-15 20:11:47,761 [DEBUG|PoliceForce/1171605791|TestSearchForFire] best path is:[7287, 4479, 33449, 35989, 35990, 14475, 14459, 34710, 10336]
2018-04-15 20:11:47,761 [DEBUG|PoliceForce/1171605791|TestSearchForFire] choosed:14459
2018-04-15 20:11:52,360 [DEBUG|PoliceForce/1171605791|TestSearchForFire] Time:51
2018-04-15 20:11:52,360 [DEBUG|PoliceForce/1171605791|TestRoadDetector] Time:51
2018-04-15 20:11:52,360 [DEBUG|PoliceForce/1171605791|TestRoadDetector] Targets: []
2018-04-15 20:11:52,360 [DEBUG|PoliceForce/1171605791|TestSearchForFire] unsearchedBuildingIDs:[10336, 23931]
2018-04-15 20:11:52,360 [DEBUG|PoliceForce/1171605791|TestSearchForFire] best path is:[7287, 4479, 33449, 35989, 35990, 14475, 14459, 34710, 10336]
2018-04-15 20:11:52,361 [DEBUG|PoliceForce/1171605791|TestSearchForFire] choosed:14459
2018-04-15 20:11:56,820 [DEBUG|PoliceForce/1171605791|TestSearchForFire] Time:52
2018-04-15 20:11:56,820 [DEBUG|PoliceForce/1171605791|TestRoadDetector] Time:52
2018-04-15 20:11:56,820 [DEBUG|PoliceForce/1171605791|TestRoadDetector] Targets: []
2018-04-15 20:11:56,820 [DEBUG|PoliceForce/1171605791|TestSearchForFire] unsearchedBuildingIDs:[10336, 23931]
2018-04-15 20:11:56,821 [DEBUG|PoliceForce/1171605791|TestSearchForFire] best path is:[7287, 4479, 33449, 35989, 35990, 14475, 14459, 34710, 10336]
2018-04-15 20:11:56,821 [DEBUG|PoliceForce/1171605791|TestSearchForFire] choosed:14459
2018-04-15 20:12:01,272 [DEBUG|PoliceForce/1171605791|TestSearchForFire] Time:53
2018-04-15 20:12:01,273 [DEBUG|PoliceForce/1171605791|TestRoadDetector] Time:53
2018-04-15 20:12:01,273 [DEBUG|PoliceForce/1171605791|TestRoadDetector] Targets: []
2018-04-15 20:12:01,273 [DEBUG|PoliceForce/1171605791|TestSearchForFire] unsearchedBuildingIDs:[10336, 23931]
2018-04-15 20:12:01,273 [DEBUG|PoliceForce/1171605791|TestSearchForFire] best path is:[35990, 14475, 14459, 34710, 10336]
2018-04-15 20:12:01,273 [DEBUG|PoliceForce/1171605791|TestSearchForFire] choosed:14459
2018-04-15 20:12:05,840 [DEBUG|PoliceForce/1171605791|TestSearchForFire] Time:54
2018-04-15 20:12:05,840 [DEBUG|PoliceForce/1171605791|TestRoadDetector] Time:54
2018-04-15 20:12:05,841 [DEBUG|PoliceForce/1171605791|TestRoadDetector] Targets: []
2018-04-15 20:12:05,841 [DEBUG|PoliceForce/1171605791|TestSearchForFire] unsearchedBuildingIDs:[10336, 23931]
2018-04-15 20:12:05,841 [DEBUG|PoliceForce/1171605791|TestSearchForFire] best path is:[35990, 14475, 14459, 34710, 10336]
2018-04-15 20:12:05,841 [DEBUG|PoliceForce/1171605791|TestSearchForFire] choosed:14459
2018-04-15 20:12:10,300 [DEBUG|PoliceForce/1171605791|TestSearchForFire] Time:55
2018-04-15 20:12:10,300 [DEBUG|PoliceForce/1171605791|TestRoadDetector] Time:55
2018-04-15 20:12:10,301 [DEBUG|PoliceForce/1171605791|TestRoadDetector] Targets: []
2018-04-15 20:12:10,301 [DEBUG|PoliceForce/1171605791|TestSearchForFire] unsearchedBuildingIDs:[23931]
2018-04-15 20:12:10,301 [DEBUG|PoliceForce/1171605791|TestSearchForFire] best path is:[14459, 34700, 23931]
2018-04-15 20:12:10,301 [DEBUG|PoliceForce/1171605791|TestSearchForFire] choosed:14459
2018-04-15 20:12:14,892 [DEBUG|PoliceForce/1171605791|TestSearchForFire] Time:56
2018-04-15 20:12:14,892 [DEBUG|PoliceForce/1171605791|TestRoadDetector] Time:56
2018-04-15 20:12:14,893 [DEBUG|PoliceForce/1171605791|TestRoadDetector] Targets: []
2018-04-15 20:12:14,893 [DEBUG|PoliceForce/1171605791|TestSearchForFire] unsearchedBuildingIDs:[23931]
2018-04-15 20:12:14,894 [DEBUG|PoliceForce/1171605791|TestSearchForFire] best path is:[14459, 34700, 23931]
2018-04-15 20:12:14,894 [DEBUG|PoliceForce/1171605791|TestSearchForFire] choosed:14459
2018-04-15 20:12:25,307 [DEBUG|PoliceForce/1171605791|TestSearchForFire] Time:57
2018-04-15 20:12:25,307 [DEBUG|PoliceForce/1171605791|TestRoadDetector] Time:57
2018-04-15 20:12:25,348 [DEBUG|PoliceForce/1171605791|TestRoadDetector] Targets: []
2018-04-15 20:12:25,348 [DEBUG|PoliceForce/1171605791|TestSearchForFire] unsearchedBuildingIDs:[23931]
2018-04-15 20:12:25,348 [DEBUG|PoliceForce/1171605791|TestSearchForFire] best path is:[14459, 34700, 23931]
2018-04-15 20:12:25,348 [DEBUG|PoliceForce/1171605791|TestSearchForFire] choosed:14459
2018-04-15 20:12:25,442 [DEBUG|PoliceForce/1171605791|TestSearchForFire] Time:58
2018-04-15 20:12:25,442 [DEBUG|PoliceForce/1171605791|TestRoadDetector] Time:58
2018-04-15 20:12:25,442 [DEBUG|PoliceForce/1171605791|TestRoadDetector] Targets: []
2018-04-15 20:12:25,442 [DEBUG|PoliceForce/1171605791|TestSearchForFire] unsearchedBuildingIDs:[23931]
2018-04-15 20:12:25,442 [DEBUG|PoliceForce/1171605791|TestSearchForFire] best path is:[14459, 34700, 23931]
2018-04-15 20:12:25,443 [DEBUG|PoliceForce/1171605791|TestSearchForFire] choosed:14459
2018-04-15 20:12:29,928 [DEBUG|PoliceForce/1171605791|TestSearchForFire] Time:59
2018-04-15 20:12:29,928 [DEBUG|PoliceForce/1171605791|TestRoadDetector] Time:59
2018-04-15 20:12:29,929 [DEBUG|PoliceForce/1171605791|TestRoadDetector] Targets: []
2018-04-15 20:12:29,929 [DEBUG|PoliceForce/1171605791|TestSearchForFire] unsearchedBuildingIDs:[23931]
2018-04-15 20:12:29,929 [DEBUG|PoliceForce/1171605791|TestSearchForFire] best path is:[14459, 34700, 23931]
2018-04-15 20:12:29,929 [DEBUG|PoliceForce/1171605791|TestSearchForFire] choosed:14459
2018-04-15 20:12:34,249 [DEBUG|PoliceForce/1171605791|TestSearchForFire] Time:60
2018-04-15 20:12:34,250 [DEBUG|PoliceForce/1171605791|TestRoadDetector] Time:60
2018-04-15 20:12:34,250 [DEBUG|PoliceForce/1171605791|TestRoadDetector] Targets: []
2018-04-15 20:12:34,251 [DEBUG|PoliceForce/1171605791|TestSearchForFire] unsearchedBuildingIDs:[23931]
2018-04-15 20:12:34,251 [DEBUG|PoliceForce/1171605791|TestSearchForFire] best path is:[14459, 34700, 23931]
2018-04-15 20:12:34,251 [DEBUG|PoliceForce/1171605791|TestSearchForFire] choosed:14459
2018-04-15 20:12:38,440 [DEBUG|PoliceForce/1171605791|TestSearchForFire] Time:61
2018-04-15 20:12:38,440 [DEBUG|PoliceForce/1171605791|TestRoadDetector] Time:61
2018-04-15 20:12:38,441 [DEBUG|PoliceForce/1171605791|TestRoadDetector] Targets: []
2018-04-15 20:12:38,441 [DEBUG|PoliceForce/1171605791|TestSearchForFire] unsearchedBuildingIDs:[23931]
2018-04-15 20:12:38,441 [DEBUG|PoliceForce/1171605791|TestSearchForFire] best path is:[14459, 34700, 23931]
2018-04-15 20:12:38,441 [DEBUG|PoliceForce/1171605791|TestSearchForFire] choosed:14459
2018-04-15 20:12:42,276 [DEBUG|PoliceForce/1171605791|TestSearchForFire] Time:62
2018-04-15 20:12:42,277 [DEBUG|PoliceForce/1171605791|TestRoadDetector] Time:62
2018-04-15 20:12:42,277 [DEBUG|PoliceForce/1171605791|TestRoadDetector] Targets: []
2018-04-15 20:12:42,277 [DEBUG|PoliceForce/1171605791|TestSearchForFire] unsearchedBuildingIDs:[23931]
2018-04-15 20:12:42,277 [DEBUG|PoliceForce/1171605791|TestSearchForFire] best path is:[14459, 34700, 23931]
2018-04-15 20:12:42,277 [DEBUG|PoliceForce/1171605791|TestSearchForFire] choosed:14459
2018-04-15 20:12:46,317 [DEBUG|PoliceForce/1171605791|TestSearchForFire] Time:63
2018-04-15 20:12:46,318 [DEBUG|PoliceForce/1171605791|TestRoadDetector] Time:63
2018-04-15 20:12:46,319 [DEBUG|PoliceForce/1171605791|TestRoadDetector] Targets: []
2018-04-15 20:12:46,319 [DEBUG|PoliceForce/1171605791|TestSearchForFire] unsearchedBuildingIDs:[23931]
2018-04-15 20:12:46,319 [DEBUG|PoliceForce/1171605791|TestSearchForFire] best path is:[14459, 34700, 23931]
2018-04-15 20:12:46,319 [DEBUG|PoliceForce/1171605791|TestSearchForFire] choosed:14459
2018-04-15 20:12:50,324 [DEBUG|PoliceForce/1171605791|TestSearchForFire] Time:64
2018-04-15 20:12:50,324 [DEBUG|PoliceForce/1171605791|TestRoadDetector] Time:64
2018-04-15 20:12:50,325 [DEBUG|PoliceForce/1171605791|TestRoadDetector] Targets: []
2018-04-15 20:12:50,325 [DEBUG|PoliceForce/1171605791|TestSearchForFire] unsearchedBuildingIDs:[23931]
2018-04-15 20:12:50,325 [DEBUG|PoliceForce/1171605791|TestSearchForFire] best path is:[14459, 34700, 23931]
2018-04-15 20:12:50,325 [DEBUG|PoliceForce/1171605791|TestSearchForFire] choosed:14459
2018-04-15 20:12:54,480 [DEBUG|PoliceForce/1171605791|TestSearchForFire] Time:65
2018-04-15 20:12:54,480 [DEBUG|PoliceForce/1171605791|TestRoadDetector] Time:65
2018-04-15 20:12:54,480 [DEBUG|PoliceForce/1171605791|TestRoadDetector] Targets: []
2018-04-15 20:12:54,481 [DEBUG|PoliceForce/1171605791|TestSearchForFire] unsearchedBuildingIDs:[23931]
2018-04-15 20:12:54,481 [DEBUG|PoliceForce/1171605791|TestSearchForFire] best path is:[14459, 34700, 23931]
2018-04-15 20:12:54,481 [DEBUG|PoliceForce/1171605791|TestSearchForFire] choosed:14459
2018-04-15 20:12:58,764 [DEBUG|PoliceForce/1171605791|TestSearchForFire] Time:66
2018-04-15 20:12:58,764 [DEBUG|PoliceForce/1171605791|TestRoadDetector] Time:66
2018-04-15 20:12:58,764 [DEBUG|PoliceForce/1171605791|TestRoadDetector] Targets: []
2018-04-15 20:12:58,764 [DEBUG|PoliceForce/1171605791|TestSearchForFire] unsearchedBuildingIDs:[23931]
2018-04-15 20:12:58,765 [DEBUG|PoliceForce/1171605791|TestSearchForFire] best path is:[14459, 34700, 23931]
2018-04-15 20:12:58,765 [DEBUG|PoliceForce/1171605791|TestSearchForFire] choosed:14459
2018-04-15 20:13:02,856 [DEBUG|PoliceForce/1171605791|TestSearchForFire] Time:67
2018-04-15 20:13:02,856 [DEBUG|PoliceForce/1171605791|TestRoadDetector] Time:67
2018-04-15 20:13:02,856 [DEBUG|PoliceForce/1171605791|TestRoadDetector] Targets: []
2018-04-15 20:13:02,856 [DEBUG|PoliceForce/1171605791|TestSearchForFire] unsearchedBuildingIDs:[23931]
2018-04-15 20:13:02,857 [DEBUG|PoliceForce/1171605791|TestSearchForFire] best path is:[14459, 34700, 23931]
2018-04-15 20:13:02,857 [DEBUG|PoliceForce/1171605791|TestSearchForFire] choosed:14459
2018-04-15 20:13:06,936 [DEBUG|PoliceForce/1171605791|TestSearchForFire] Time:68
2018-04-15 20:13:06,936 [DEBUG|PoliceForce/1171605791|TestRoadDetector] Time:68
2018-04-15 20:13:06,936 [DEBUG|PoliceForce/1171605791|TestRoadDetector] Targets: []
2018-04-15 20:13:06,936 [DEBUG|PoliceForce/1171605791|TestSearchForFire] unsearchedBuildingIDs:[23931]
2018-04-15 20:13:06,936 [DEBUG|PoliceForce/1171605791|TestSearchForFire] best path is:[14459, 34700, 23931]
2018-04-15 20:13:06,937 [DEBUG|PoliceForce/1171605791|TestSearchForFire] choosed:14459
2018-04-15 20:13:10,893 [DEBUG|PoliceForce/1171605791|TestSearchForFire] Time:69
2018-04-15 20:13:10,893 [DEBUG|PoliceForce/1171605791|TestRoadDetector] Time:69
2018-04-15 20:13:10,893 [DEBUG|PoliceForce/1171605791|TestRoadDetector] Targets: []
2018-04-15 20:13:10,893 [DEBUG|PoliceForce/1171605791|TestSearchForFire] unsearchedBuildingIDs:[23931]
2018-04-15 20:13:10,893 [DEBUG|PoliceForce/1171605791|TestSearchForFire] best path is:[14459, 34700, 23931]
2018-04-15 20:13:10,893 [DEBUG|PoliceForce/1171605791|TestSearchForFire] choosed:14459
2018-04-15 20:13:14,748 [DEBUG|PoliceForce/1171605791|TestSearchForFire] Time:70
2018-04-15 20:13:14,748 [DEBUG|PoliceForce/1171605791|TestRoadDetector] Time:70
2018-04-15 20:13:14,748 [DEBUG|PoliceForce/1171605791|TestRoadDetector] Targets: []
2018-04-15 20:13:14,749 [DEBUG|PoliceForce/1171605791|TestSearchForFire] unsearchedBuildingIDs:[23931]
2018-04-15 20:13:14,749 [DEBUG|PoliceForce/1171605791|TestSearchForFire] best path is:[14459, 34700, 23931]
2018-04-15 20:13:14,749 [DEBUG|PoliceForce/1171605791|TestSearchForFire] choosed:14459
2018-04-15 20:13:18,532 [DEBUG|PoliceForce/1171605791|TestSearchForFire] Time:71
2018-04-15 20:13:18,532 [DEBUG|PoliceForce/1171605791|TestRoadDetector] Time:71
2018-04-15 20:13:18,532 [DEBUG|PoliceForce/1171605791|TestRoadDetector] Targets: []
2018-04-15 20:13:18,532 [DEBUG|PoliceForce/1171605791|TestSearchForFire] unsearchedBuildingIDs:[23931]
2018-04-15 20:13:18,533 [DEBUG|PoliceForce/1171605791|TestSearchForFire] best path is:[14459, 34700, 23931]
2018-04-15 20:13:18,533 [DEBUG|PoliceForce/1171605791|TestSearchForFire] choosed:14459
2018-04-15 20:13:22,457 [DEBUG|PoliceForce/1171605791|TestSearchForFire] Time:72
2018-04-15 20:13:22,458 [DEBUG|PoliceForce/1171605791|TestRoadDetector] Time:72
2018-04-15 20:13:22,458 [DEBUG|PoliceForce/1171605791|TestRoadDetector] Targets: []
2018-04-15 20:13:22,458 [DEBUG|PoliceForce/1171605791|TestSearchForFire] unsearchedBuildingIDs:[23931]
2018-04-15 20:13:22,458 [DEBUG|PoliceForce/1171605791|TestSearchForFire] best path is:[14459, 34700, 23931]
2018-04-15 20:13:22,458 [DEBUG|PoliceForce/1171605791|TestSearchForFire] choosed:14459
2018-04-15 20:13:26,208 [DEBUG|PoliceForce/1171605791|TestSearchForFire] Time:73
2018-04-15 20:13:26,208 [DEBUG|PoliceForce/1171605791|TestRoadDetector] Time:73
2018-04-15 20:13:26,208 [DEBUG|PoliceForce/1171605791|TestRoadDetector] Targets: []
2018-04-15 20:13:26,208 [DEBUG|PoliceForce/1171605791|TestSearchForFire] unsearchedBuildingIDs:[23931]
2018-04-15 20:13:26,208 [DEBUG|PoliceForce/1171605791|TestSearchForFire] best path is:[14459, 34700, 23931]
2018-04-15 20:13:26,208 [DEBUG|PoliceForce/1171605791|TestSearchForFire] choosed:14459
2018-04-15 20:13:29,904 [DEBUG|PoliceForce/1171605791|TestSearchForFire] Time:74
2018-04-15 20:13:29,904 [DEBUG|PoliceForce/1171605791|TestRoadDetector] Time:74
2018-04-15 20:13:29,904 [DEBUG|PoliceForce/1171605791|TestRoadDetector] Targets: []
2018-04-15 20:13:29,905 [DEBUG|PoliceForce/1171605791|TestSearchForFire] unsearchedBuildingIDs:[23931]
2018-04-15 20:13:29,905 [DEBUG|PoliceForce/1171605791|TestSearchForFire] best path is:[14459, 34700, 23931]
2018-04-15 20:13:29,905 [DEBUG|PoliceForce/1171605791|TestSearchForFire] choosed:14459
2018-04-15 20:13:33,788 [DEBUG|PoliceForce/1171605791|TestSearchForFire] Time:75
2018-04-15 20:13:33,788 [DEBUG|PoliceForce/1171605791|TestRoadDetector] Time:75
2018-04-15 20:13:33,788 [DEBUG|PoliceForce/1171605791|TestRoadDetector] Targets: []
2018-04-15 20:13:33,788 [DEBUG|PoliceForce/1171605791|TestSearchForFire] unsearchedBuildingIDs:[23931]
2018-04-15 20:13:33,789 [DEBUG|PoliceForce/1171605791|TestSearchForFire] best path is:[14459, 34700, 23931]
2018-04-15 20:13:33,789 [DEBUG|PoliceForce/1171605791|TestSearchForFire] choosed:14459
2018-04-15 20:13:37,684 [DEBUG|PoliceForce/1171605791|TestSearchForFire] Time:76
2018-04-15 20:13:37,684 [DEBUG|PoliceForce/1171605791|TestRoadDetector] Time:76
2018-04-15 20:13:37,685 [DEBUG|PoliceForce/1171605791|TestRoadDetector] Targets: []
2018-04-15 20:13:37,685 [DEBUG|PoliceForce/1171605791|TestSearchForFire] unsearchedBuildingIDs:[23931]
2018-04-15 20:13:37,685 [DEBUG|PoliceForce/1171605791|TestSearchForFire] best path is:[14459, 34700, 23931]
2018-04-15 20:13:37,685 [DEBUG|PoliceForce/1171605791|TestSearchForFire] choosed:14459
2018-04-15 20:13:41,348 [DEBUG|PoliceForce/1171605791|TestSearchForFire] Time:77
2018-04-15 20:13:41,348 [DEBUG|PoliceForce/1171605791|TestRoadDetector] Time:77
2018-04-15 20:13:41,349 [DEBUG|PoliceForce/1171605791|TestRoadDetector] Targets: []
2018-04-15 20:13:41,349 [DEBUG|PoliceForce/1171605791|TestSearchForFire] unsearchedBuildingIDs:[23931]
2018-04-15 20:13:41,349 [DEBUG|PoliceForce/1171605791|TestSearchForFire] best path is:[14459, 34700, 23931]
2018-04-15 20:13:41,349 [DEBUG|PoliceForce/1171605791|TestSearchForFire] choosed:14459
2018-04-15 20:13:44,837 [DEBUG|PoliceForce/1171605791|TestSearchForFire] Time:78
2018-04-15 20:13:44,838 [DEBUG|PoliceForce/1171605791|TestRoadDetector] Time:78
2018-04-15 20:13:44,838 [DEBUG|PoliceForce/1171605791|TestRoadDetector] Targets: []
2018-04-15 20:13:44,838 [DEBUG|PoliceForce/1171605791|TestSearchForFire] unsearchedBuildingIDs:[23931]
2018-04-15 20:13:44,838 [DEBUG|PoliceForce/1171605791|TestSearchForFire] best path is:[14459, 34700, 23931]
2018-04-15 20:13:44,838 [DEBUG|PoliceForce/1171605791|TestSearchForFire] choosed:14459
2018-04-15 20:13:48,559 [DEBUG|PoliceForce/1171605791|TestSearchForFire] Time:79
2018-04-15 20:13:48,559 [DEBUG|PoliceForce/1171605791|TestRoadDetector] Time:79
2018-04-15 20:13:48,559 [DEBUG|PoliceForce/1171605791|TestRoadDetector] Targets: []
2018-04-15 20:13:48,559 [DEBUG|PoliceForce/1171605791|TestSearchForFire] unsearchedBuildingIDs:[23931]
2018-04-15 20:13:48,559 [DEBUG|PoliceForce/1171605791|TestSearchForFire] best path is:[14459, 34700, 23931]
2018-04-15 20:13:48,559 [DEBUG|PoliceForce/1171605791|TestSearchForFire] choosed:14459
2018-04-15 20:13:52,272 [DEBUG|PoliceForce/1171605791|TestSearchForFire] Time:80
2018-04-15 20:13:52,272 [DEBUG|PoliceForce/1171605791|TestRoadDetector] Time:80
2018-04-15 20:13:52,273 [DEBUG|PoliceForce/1171605791|TestRoadDetector] Targets: []
2018-04-15 20:13:52,273 [DEBUG|PoliceForce/1171605791|TestSearchForFire] unsearchedBuildingIDs:[23931]
2018-04-15 20:13:52,273 [DEBUG|PoliceForce/1171605791|TestSearchForFire] best path is:[14459, 34700, 23931]
2018-04-15 20:13:52,273 [DEBUG|PoliceForce/1171605791|TestSearchForFire] choosed:14459
2018-04-15 20:13:55,796 [DEBUG|PoliceForce/1171605791|TestSearchForFire] Time:81
2018-04-15 20:13:55,796 [DEBUG|PoliceForce/1171605791|TestRoadDetector] Time:81
2018-04-15 20:13:55,796 [DEBUG|PoliceForce/1171605791|TestRoadDetector] Targets: []
2018-04-15 20:13:55,797 [DEBUG|PoliceForce/1171605791|TestSearchForFire] unsearchedBuildingIDs:[23931]
2018-04-15 20:13:55,797 [DEBUG|PoliceForce/1171605791|TestSearchForFire] best path is:[14459, 34700, 23931]
2018-04-15 20:13:55,797 [DEBUG|PoliceForce/1171605791|TestSearchForFire] choosed:14459
2018-04-15 20:13:59,372 [DEBUG|PoliceForce/1171605791|TestSearchForFire] Time:82
2018-04-15 20:13:59,372 [DEBUG|PoliceForce/1171605791|TestRoadDetector] Time:82
2018-04-15 20:13:59,373 [DEBUG|PoliceForce/1171605791|TestRoadDetector] Targets: []
2018-04-15 20:13:59,373 [DEBUG|PoliceForce/1171605791|TestSearchForFire] unsearchedBuildingIDs:[23931]
2018-04-15 20:13:59,373 [DEBUG|PoliceForce/1171605791|TestSearchForFire] best path is:[14459, 34700, 23931]
2018-04-15 20:13:59,373 [DEBUG|PoliceForce/1171605791|TestSearchForFire] choosed:14459
2018-04-15 20:14:03,076 [DEBUG|PoliceForce/1171605791|TestSearchForFire] Time:83
2018-04-15 20:14:03,076 [DEBUG|PoliceForce/1171605791|TestRoadDetector] Time:83
2018-04-15 20:14:03,076 [DEBUG|PoliceForce/1171605791|TestRoadDetector] Targets: []
2018-04-15 20:14:03,078 [DEBUG|PoliceForce/1171605791|TestSearchForFire] unsearchedBuildingIDs:[23931]
2018-04-15 20:14:03,078 [DEBUG|PoliceForce/1171605791|TestSearchForFire] best path is:[14459, 34700, 23931]
2018-04-15 20:14:03,078 [DEBUG|PoliceForce/1171605791|TestSearchForFire] choosed:14459
2018-04-15 20:14:06,724 [DEBUG|PoliceForce/1171605791|TestSearchForFire] Time:84
2018-04-15 20:14:06,724 [DEBUG|PoliceForce/1171605791|TestRoadDetector] Time:84
2018-04-15 20:14:06,725 [DEBUG|PoliceForce/1171605791|TestRoadDetector] Targets: []
2018-04-15 20:14:06,725 [DEBUG|PoliceForce/1171605791|TestSearchForFire] unsearchedBuildingIDs:[23931]
2018-04-15 20:14:06,725 [DEBUG|PoliceForce/1171605791|TestSearchForFire] best path is:[14459, 34700, 23931]
2018-04-15 20:14:06,725 [DEBUG|PoliceForce/1171605791|TestSearchForFire] choosed:14459
2018-04-15 20:14:10,500 [DEBUG|PoliceForce/1171605791|TestSearchForFire] Time:85
2018-04-15 20:14:10,500 [DEBUG|PoliceForce/1171605791|TestRoadDetector] Time:85
2018-04-15 20:14:10,500 [DEBUG|PoliceForce/1171605791|TestRoadDetector] Targets: []
2018-04-15 20:14:10,500 [DEBUG|PoliceForce/1171605791|TestSearchForFire] unsearchedBuildingIDs:[23931]
2018-04-15 20:14:10,500 [DEBUG|PoliceForce/1171605791|TestSearchForFire] best path is:[14459, 34700, 23931]
2018-04-15 20:14:10,500 [DEBUG|PoliceForce/1171605791|TestSearchForFire] choosed:14459
2018-04-15 20:14:14,060 [DEBUG|PoliceForce/1171605791|TestSearchForFire] Time:86
2018-04-15 20:14:14,060 [DEBUG|PoliceForce/1171605791|TestRoadDetector] Time:86
2018-04-15 20:14:14,060 [DEBUG|PoliceForce/1171605791|TestRoadDetector] Targets: []
2018-04-15 20:14:14,060 [DEBUG|PoliceForce/1171605791|TestSearchForFire] unsearchedBuildingIDs:[23931]
2018-04-15 20:14:14,060 [DEBUG|PoliceForce/1171605791|TestSearchForFire] best path is:[14459, 34700, 23931]
2018-04-15 20:14:14,060 [DEBUG|PoliceForce/1171605791|TestSearchForFire] choosed:14459
2018-04-15 20:14:17,484 [DEBUG|PoliceForce/1171605791|TestSearchForFire] Time:87
2018-04-15 20:14:17,484 [DEBUG|PoliceForce/1171605791|TestRoadDetector] Time:87
2018-04-15 20:14:17,484 [DEBUG|PoliceForce/1171605791|TestRoadDetector] Targets: []
2018-04-15 20:14:17,484 [DEBUG|PoliceForce/1171605791|TestSearchForFire] unsearchedBuildingIDs:[23931]
2018-04-15 20:14:17,484 [DEBUG|PoliceForce/1171605791|TestSearchForFire] best path is:[14459, 34700, 23931]
2018-04-15 20:14:17,484 [DEBUG|PoliceForce/1171605791|TestSearchForFire] choosed:14459
2018-04-15 20:14:20,872 [DEBUG|PoliceForce/1171605791|TestSearchForFire] Time:88
2018-04-15 20:14:20,873 [DEBUG|PoliceForce/1171605791|TestRoadDetector] Time:88
2018-04-15 20:14:20,873 [DEBUG|PoliceForce/1171605791|TestRoadDetector] Targets: []
2018-04-15 20:14:20,873 [DEBUG|PoliceForce/1171605791|TestSearchForFire] unsearchedBuildingIDs:[23931]
2018-04-15 20:14:20,873 [DEBUG|PoliceForce/1171605791|TestSearchForFire] best path is:[14459, 34700, 23931]
2018-04-15 20:14:20,873 [DEBUG|PoliceForce/1171605791|TestSearchForFire] choosed:14459
2018-04-15 20:14:24,476 [DEBUG|PoliceForce/1171605791|TestSearchForFire] Time:89
2018-04-15 20:14:24,476 [DEBUG|PoliceForce/1171605791|TestRoadDetector] Time:89
2018-04-15 20:14:24,477 [DEBUG|PoliceForce/1171605791|TestRoadDetector] Targets: []
2018-04-15 20:14:24,477 [DEBUG|PoliceForce/1171605791|TestSearchForFire] unsearchedBuildingIDs:[23931]
2018-04-15 20:14:24,477 [DEBUG|PoliceForce/1171605791|TestSearchForFire] best path is:[14459, 34700, 23931]
2018-04-15 20:14:24,477 [DEBUG|PoliceForce/1171605791|TestSearchForFire] choosed:14459
2018-04-15 20:14:28,124 [DEBUG|PoliceForce/1171605791|TestSearchForFire] Time:90
2018-04-15 20:14:28,124 [DEBUG|PoliceForce/1171605791|TestRoadDetector] Time:90
2018-04-15 20:14:28,124 [DEBUG|PoliceForce/1171605791|TestRoadDetector] Targets: []
2018-04-15 20:14:28,124 [DEBUG|PoliceForce/1171605791|TestSearchForFire] unsearchedBuildingIDs:[23931]
2018-04-15 20:14:28,124 [DEBUG|PoliceForce/1171605791|TestSearchForFire] best path is:[14459, 34700, 23931]
2018-04-15 20:14:28,124 [DEBUG|PoliceForce/1171605791|TestSearchForFire] choosed:14459
2018-04-15 20:14:31,736 [DEBUG|PoliceForce/1171605791|TestSearchForFire] Time:91
2018-04-15 20:14:31,736 [DEBUG|PoliceForce/1171605791|TestRoadDetector] Time:91
2018-04-15 20:14:31,736 [DEBUG|PoliceForce/1171605791|TestRoadDetector] Targets: []
2018-04-15 20:14:31,736 [DEBUG|PoliceForce/1171605791|TestSearchForFire] unsearchedBuildingIDs:[23931]
2018-04-15 20:14:31,736 [DEBUG|PoliceForce/1171605791|TestSearchForFire] best path is:[14459, 34700, 23931]
2018-04-15 20:14:31,736 [DEBUG|PoliceForce/1171605791|TestSearchForFire] choosed:14459
2018-04-15 20:14:35,425 [DEBUG|PoliceForce/1171605791|TestSearchForFire] Time:92
2018-04-15 20:14:35,425 [DEBUG|PoliceForce/1171605791|TestRoadDetector] Time:92
2018-04-15 20:14:35,426 [DEBUG|PoliceForce/1171605791|TestRoadDetector] Targets: []
2018-04-15 20:14:35,426 [DEBUG|PoliceForce/1171605791|TestSearchForFire] unsearchedBuildingIDs:[23931]
2018-04-15 20:14:35,426 [DEBUG|PoliceForce/1171605791|TestSearchForFire] best path is:[14459, 34700, 23931]
2018-04-15 20:14:35,426 [DEBUG|PoliceForce/1171605791|TestSearchForFire] choosed:14459
2018-04-15 20:14:39,080 [DEBUG|PoliceForce/1171605791|TestSearchForFire] Time:93
2018-04-15 20:14:39,080 [DEBUG|PoliceForce/1171605791|TestRoadDetector] Time:93
2018-04-15 20:14:39,080 [DEBUG|PoliceForce/1171605791|TestRoadDetector] Targets: []
2018-04-15 20:14:39,080 [DEBUG|PoliceForce/1171605791|TestSearchForFire] unsearchedBuildingIDs:[23931]
2018-04-15 20:14:39,080 [DEBUG|PoliceForce/1171605791|TestSearchForFire] best path is:[14459, 34700, 23931]
2018-04-15 20:14:39,080 [DEBUG|PoliceForce/1171605791|TestSearchForFire] choosed:14459
2018-04-15 20:14:42,572 [DEBUG|PoliceForce/1171605791|TestSearchForFire] Time:94
2018-04-15 20:14:42,572 [DEBUG|PoliceForce/1171605791|TestRoadDetector] Time:94
2018-04-15 20:14:42,572 [DEBUG|PoliceForce/1171605791|TestRoadDetector] Targets: []
2018-04-15 20:14:42,572 [DEBUG|PoliceForce/1171605791|TestSearchForFire] unsearchedBuildingIDs:[23931]
2018-04-15 20:14:42,572 [DEBUG|PoliceForce/1171605791|TestSearchForFire] best path is:[14459, 34700, 23931]
2018-04-15 20:14:42,572 [DEBUG|PoliceForce/1171605791|TestSearchForFire] choosed:14459
2018-04-15 20:14:46,144 [DEBUG|PoliceForce/1171605791|TestSearchForFire] Time:95
2018-04-15 20:14:46,144 [DEBUG|PoliceForce/1171605791|TestRoadDetector] Time:95
2018-04-15 20:14:46,144 [DEBUG|PoliceForce/1171605791|TestRoadDetector] Targets: []
2018-04-15 20:14:46,144 [DEBUG|PoliceForce/1171605791|TestSearchForFire] unsearchedBuildingIDs:[23931]
2018-04-15 20:14:46,145 [DEBUG|PoliceForce/1171605791|TestSearchForFire] best path is:[14459, 34700, 23931]
2018-04-15 20:14:46,145 [DEBUG|PoliceForce/1171605791|TestSearchForFire] choosed:14459
2018-04-15 20:14:49,916 [DEBUG|PoliceForce/1171605791|TestSearchForFire] Time:96
2018-04-15 20:14:49,916 [DEBUG|PoliceForce/1171605791|TestRoadDetector] Time:96
2018-04-15 20:14:49,916 [DEBUG|PoliceForce/1171605791|TestRoadDetector] Targets: []
2018-04-15 20:14:49,917 [DEBUG|PoliceForce/1171605791|TestSearchForFire] unsearchedBuildingIDs:[23931]
2018-04-15 20:14:49,917 [DEBUG|PoliceForce/1171605791|TestSearchForFire] best path is:[14459, 34700, 23931]
2018-04-15 20:14:49,917 [DEBUG|PoliceForce/1171605791|TestSearchForFire] choosed:14459
2018-04-15 20:14:53,488 [DEBUG|PoliceForce/1171605791|TestSearchForFire] Time:97
2018-04-15 20:14:53,488 [DEBUG|PoliceForce/1171605791|TestRoadDetector] Time:97
2018-04-15 20:14:53,488 [DEBUG|PoliceForce/1171605791|TestRoadDetector] Targets: []
2018-04-15 20:14:53,488 [DEBUG|PoliceForce/1171605791|TestSearchForFire] unsearchedBuildingIDs:[23931]
2018-04-15 20:14:53,489 [DEBUG|PoliceForce/1171605791|TestSearchForFire] best path is:[14459, 34700, 23931]
2018-04-15 20:14:53,489 [DEBUG|PoliceForce/1171605791|TestSearchForFire] choosed:14459
2018-04-15 20:14:57,084 [DEBUG|PoliceForce/1171605791|TestSearchForFire] Time:98
2018-04-15 20:14:57,084 [DEBUG|PoliceForce/1171605791|TestRoadDetector] Time:98
2018-04-15 20:14:57,084 [DEBUG|PoliceForce/1171605791|TestRoadDetector] Targets: []
2018-04-15 20:14:57,084 [DEBUG|PoliceForce/1171605791|TestSearchForFire] unsearchedBuildingIDs:[23931]
2018-04-15 20:14:57,085 [DEBUG|PoliceForce/1171605791|TestSearchForFire] best path is:[14459, 34700, 23931]
2018-04-15 20:14:57,085 [DEBUG|PoliceForce/1171605791|TestSearchForFire] choosed:14459
2018-04-15 20:15:00,496 [DEBUG|PoliceForce/1171605791|TestSearchForFire] Time:99
2018-04-15 20:15:00,497 [DEBUG|PoliceForce/1171605791|TestRoadDetector] Time:99
2018-04-15 20:15:00,497 [DEBUG|PoliceForce/1171605791|TestRoadDetector] Targets: []
2018-04-15 20:15:00,497 [DEBUG|PoliceForce/1171605791|TestSearchForFire] unsearchedBuildingIDs:[23931]
2018-04-15 20:15:00,497 [DEBUG|PoliceForce/1171605791|TestSearchForFire] best path is:[14459, 34700, 23931]
2018-04-15 20:15:00,497 [DEBUG|PoliceForce/1171605791|TestSearchForFire] choosed:14459
2018-04-15 20:15:04,052 [DEBUG|PoliceForce/1171605791|TestSearchForFire] Time:100
2018-04-15 20:15:04,052 [DEBUG|PoliceForce/1171605791|TestRoadDetector] Time:100
2018-04-15 20:15:04,053 [DEBUG|PoliceForce/1171605791|TestRoadDetector] Targets: []
2018-04-15 20:15:04,053 [DEBUG|PoliceForce/1171605791|TestSearchForFire] unsearchedBuildingIDs:[23931]
2018-04-15 20:15:04,053 [DEBUG|PoliceForce/1171605791|TestSearchForFire] best path is:[14459, 34700, 23931]
2018-04-15 20:15:04,053 [DEBUG|PoliceForce/1171605791|TestSearchForFire] choosed:14459
2018-04-15 20:15:07,578 [DEBUG|PoliceForce/1171605791|TestSearchForFire] Time:101
2018-04-15 20:15:07,578 [DEBUG|PoliceForce/1171605791|TestRoadDetector] Time:101
2018-04-15 20:15:07,578 [DEBUG|PoliceForce/1171605791|TestRoadDetector] Targets: []
2018-04-15 20:15:07,578 [DEBUG|PoliceForce/1171605791|TestSearchForFire] unsearchedBuildingIDs:[23931]
2018-04-15 20:15:07,578 [DEBUG|PoliceForce/1171605791|TestSearchForFire] best path is:[14459, 34700, 23931]
2018-04-15 20:15:07,578 [DEBUG|PoliceForce/1171605791|TestSearchForFire] choosed:14459
2018-04-15 20:15:10,968 [DEBUG|PoliceForce/1171605791|TestSearchForFire] Time:102
2018-04-15 20:15:10,968 [DEBUG|PoliceForce/1171605791|TestRoadDetector] Time:102
2018-04-15 20:15:10,969 [DEBUG|PoliceForce/1171605791|TestRoadDetector] Targets: []
2018-04-15 20:15:10,969 [DEBUG|PoliceForce/1171605791|TestSearchForFire] unsearchedBuildingIDs:[23931]
2018-04-15 20:15:10,969 [DEBUG|PoliceForce/1171605791|TestSearchForFire] best path is:[14459, 34700, 23931]
2018-04-15 20:15:10,969 [DEBUG|PoliceForce/1171605791|TestSearchForFire] choosed:14459
2018-04-15 20:15:14,504 [DEBUG|PoliceForce/1171605791|TestSearchForFire] Time:103
2018-04-15 20:15:14,504 [DEBUG|PoliceForce/1171605791|TestRoadDetector] Time:103
2018-04-15 20:15:14,504 [DEBUG|PoliceForce/1171605791|TestRoadDetector] Targets: []
2018-04-15 20:15:14,505 [DEBUG|PoliceForce/1171605791|TestSearchForFire] unsearchedBuildingIDs:[23931]
2018-04-15 20:15:14,505 [DEBUG|PoliceForce/1171605791|TestSearchForFire] best path is:[14459, 34700, 23931]
2018-04-15 20:15:14,505 [DEBUG|PoliceForce/1171605791|TestSearchForFire] choosed:14459
2018-04-15 20:15:18,084 [DEBUG|PoliceForce/1171605791|TestSearchForFire] Time:104
2018-04-15 20:15:18,084 [DEBUG|PoliceForce/1171605791|TestRoadDetector] Time:104
2018-04-15 20:15:18,084 [DEBUG|PoliceForce/1171605791|TestRoadDetector] Targets: []
2018-04-15 20:15:18,085 [DEBUG|PoliceForce/1171605791|TestSearchForFire] unsearchedBuildingIDs:[23931]
2018-04-15 20:15:18,085 [DEBUG|PoliceForce/1171605791|TestSearchForFire] best path is:[14459, 34700, 23931]
2018-04-15 20:15:18,085 [DEBUG|PoliceForce/1171605791|TestSearchForFire] choosed:14459
2018-04-15 20:15:21,300 [DEBUG|PoliceForce/1171605791|TestSearchForFire] Time:105
2018-04-15 20:15:21,300 [DEBUG|PoliceForce/1171605791|TestRoadDetector] Time:105
2018-04-15 20:15:21,300 [DEBUG|PoliceForce/1171605791|TestRoadDetector] Targets: []
2018-04-15 20:15:21,300 [DEBUG|PoliceForce/1171605791|TestSearchForFire] unsearchedBuildingIDs:[23931]
2018-04-15 20:15:21,301 [DEBUG|PoliceForce/1171605791|TestSearchForFire] best path is:[14459, 34700, 23931]
2018-04-15 20:15:21,301 [DEBUG|PoliceForce/1171605791|TestSearchForFire] choosed:14459
2018-04-15 20:15:24,684 [DEBUG|PoliceForce/1171605791|TestSearchForFire] Time:106
2018-04-15 20:15:24,684 [DEBUG|PoliceForce/1171605791|TestRoadDetector] Time:106
2018-04-15 20:15:24,684 [DEBUG|PoliceForce/1171605791|TestRoadDetector] Targets: []
2018-04-15 20:15:24,684 [DEBUG|PoliceForce/1171605791|TestSearchForFire] unsearchedBuildingIDs:[23931]
2018-04-15 20:15:24,685 [DEBUG|PoliceForce/1171605791|TestSearchForFire] best path is:[14459, 34700, 23931]
2018-04-15 20:15:24,685 [DEBUG|PoliceForce/1171605791|TestSearchForFire] choosed:14459
2018-04-15 20:15:28,028 [DEBUG|PoliceForce/1171605791|TestSearchForFire] Time:107
2018-04-15 20:15:28,028 [DEBUG|PoliceForce/1171605791|TestRoadDetector] Time:107
2018-04-15 20:15:28,029 [DEBUG|PoliceForce/1171605791|TestRoadDetector] Targets: []
2018-04-15 20:15:28,029 [DEBUG|PoliceForce/1171605791|TestSearchForFire] unsearchedBuildingIDs:[23931]
2018-04-15 20:15:28,029 [DEBUG|PoliceForce/1171605791|TestSearchForFire] best path is:[14459, 34700, 23931]
2018-04-15 20:15:28,029 [DEBUG|PoliceForce/1171605791|TestSearchForFire] choosed:14459
2018-04-15 20:15:31,448 [DEBUG|PoliceForce/1171605791|TestSearchForFire] Time:108
2018-04-15 20:15:31,448 [DEBUG|PoliceForce/1171605791|TestRoadDetector] Time:108
2018-04-15 20:15:31,448 [DEBUG|PoliceForce/1171605791|TestRoadDetector] Targets: []
2018-04-15 20:15:31,449 [DEBUG|PoliceForce/1171605791|TestSearchForFire] unsearchedBuildingIDs:[23931]
2018-04-15 20:15:31,449 [DEBUG|PoliceForce/1171605791|TestSearchForFire] best path is:[14459, 34700, 23931]
2018-04-15 20:15:31,449 [DEBUG|PoliceForce/1171605791|TestSearchForFire] choosed:14459
2018-04-15 20:15:34,984 [DEBUG|PoliceForce/1171605791|TestSearchForFire] Time:109
2018-04-15 20:15:34,984 [DEBUG|PoliceForce/1171605791|TestRoadDetector] Time:109
2018-04-15 20:15:34,985 [DEBUG|PoliceForce/1171605791|TestRoadDetector] Targets: []
2018-04-15 20:15:34,985 [DEBUG|PoliceForce/1171605791|TestSearchForFire] unsearchedBuildingIDs:[23931]
2018-04-15 20:15:34,985 [DEBUG|PoliceForce/1171605791|TestSearchForFire] best path is:[14459, 34700, 23931]
2018-04-15 20:15:34,985 [DEBUG|PoliceForce/1171605791|TestSearchForFire] choosed:14459
2018-04-15 20:15:38,544 [DEBUG|PoliceForce/1171605791|TestSearchForFire] Time:110
2018-04-15 20:15:38,544 [DEBUG|PoliceForce/1171605791|TestRoadDetector] Time:110
2018-04-15 20:15:38,544 [DEBUG|PoliceForce/1171605791|TestRoadDetector] Targets: []
2018-04-15 20:15:38,545 [DEBUG|PoliceForce/1171605791|TestSearchForFire] unsearchedBuildingIDs:[23931]
2018-04-15 20:15:38,545 [DEBUG|PoliceForce/1171605791|TestSearchForFire] best path is:[14459, 34700, 23931]
2018-04-15 20:15:38,545 [DEBUG|PoliceForce/1171605791|TestSearchForFire] choosed:14459
2018-04-15 20:15:41,972 [DEBUG|PoliceForce/1171605791|TestSearchForFire] Time:111
2018-04-15 20:15:41,972 [DEBUG|PoliceForce/1171605791|TestRoadDetector] Time:111
2018-04-15 20:15:41,972 [DEBUG|PoliceForce/1171605791|TestRoadDetector] Targets: []
2018-04-15 20:15:41,972 [DEBUG|PoliceForce/1171605791|TestSearchForFire] unsearchedBuildingIDs:[23931]
2018-04-15 20:15:41,973 [DEBUG|PoliceForce/1171605791|TestSearchForFire] best path is:[14459, 34700, 23931]
2018-04-15 20:15:41,973 [DEBUG|PoliceForce/1171605791|TestSearchForFire] choosed:14459
2018-04-15 20:15:45,224 [DEBUG|PoliceForce/1171605791|TestSearchForFire] Time:112
2018-04-15 20:15:45,224 [DEBUG|PoliceForce/1171605791|TestRoadDetector] Time:112
2018-04-15 20:15:45,225 [DEBUG|PoliceForce/1171605791|TestRoadDetector] Targets: []
2018-04-15 20:15:45,225 [DEBUG|PoliceForce/1171605791|TestSearchForFire] unsearchedBuildingIDs:[23931]
2018-04-15 20:15:45,225 [DEBUG|PoliceForce/1171605791|TestSearchForFire] best path is:[14459, 34700, 23931]
2018-04-15 20:15:45,225 [DEBUG|PoliceForce/1171605791|TestSearchForFire] choosed:14459
2018-04-15 20:15:48,560 [DEBUG|PoliceForce/1171605791|TestSearchForFire] Time:113
2018-04-15 20:15:48,560 [DEBUG|PoliceForce/1171605791|TestRoadDetector] Time:113
2018-04-15 20:15:48,560 [DEBUG|PoliceForce/1171605791|TestRoadDetector] Targets: []
2018-04-15 20:15:48,560 [DEBUG|PoliceForce/1171605791|TestSearchForFire] unsearchedBuildingIDs:[23931]
2018-04-15 20:15:48,561 [DEBUG|PoliceForce/1171605791|TestSearchForFire] best path is:[14459, 34700, 23931]
2018-04-15 20:15:48,561 [DEBUG|PoliceForce/1171605791|TestSearchForFire] choosed:14459
2018-04-15 20:15:52,160 [DEBUG|PoliceForce/1171605791|TestSearchForFire] Time:114
2018-04-15 20:15:52,160 [DEBUG|PoliceForce/1171605791|TestRoadDetector] Time:114
2018-04-15 20:15:52,160 [DEBUG|PoliceForce/1171605791|TestRoadDetector] Targets: []
2018-04-15 20:15:52,161 [DEBUG|PoliceForce/1171605791|TestSearchForFire] unsearchedBuildingIDs:[23931]
2018-04-15 20:15:52,161 [DEBUG|PoliceForce/1171605791|TestSearchForFire] best path is:[14459, 34700, 23931]
2018-04-15 20:15:52,161 [DEBUG|PoliceForce/1171605791|TestSearchForFire] choosed:14459
2018-04-15 20:15:55,509 [DEBUG|PoliceForce/1171605791|TestSearchForFire] Time:115
2018-04-15 20:15:55,510 [DEBUG|PoliceForce/1171605791|TestRoadDetector] Time:115
2018-04-15 20:15:55,510 [DEBUG|PoliceForce/1171605791|TestRoadDetector] Targets: []
2018-04-15 20:15:55,510 [DEBUG|PoliceForce/1171605791|TestSearchForFire] unsearchedBuildingIDs:[23931]
2018-04-15 20:15:55,510 [DEBUG|PoliceForce/1171605791|TestSearchForFire] best path is:[14459, 34700, 23931]
2018-04-15 20:15:55,510 [DEBUG|PoliceForce/1171605791|TestSearchForFire] choosed:14459
2018-04-15 20:15:58,872 [DEBUG|PoliceForce/1171605791|TestSearchForFire] Time:116
2018-04-15 20:15:58,872 [DEBUG|PoliceForce/1171605791|TestRoadDetector] Time:116
2018-04-15 20:15:58,872 [DEBUG|PoliceForce/1171605791|TestRoadDetector] Targets: []
2018-04-15 20:15:58,872 [DEBUG|PoliceForce/1171605791|TestSearchForFire] unsearchedBuildingIDs:[23931]
2018-04-15 20:15:58,872 [DEBUG|PoliceForce/1171605791|TestSearchForFire] best path is:[14459, 34700, 23931]
2018-04-15 20:15:58,872 [DEBUG|PoliceForce/1171605791|TestSearchForFire] choosed:14459
2018-04-15 20:16:02,172 [DEBUG|PoliceForce/1171605791|TestSearchForFire] Time:117
2018-04-15 20:16:02,172 [DEBUG|PoliceForce/1171605791|TestRoadDetector] Time:117
2018-04-15 20:16:02,173 [DEBUG|PoliceForce/1171605791|TestRoadDetector] Targets: []
2018-04-15 20:16:02,173 [DEBUG|PoliceForce/1171605791|TestSearchForFire] unsearchedBuildingIDs:[23931]
2018-04-15 20:16:02,173 [DEBUG|PoliceForce/1171605791|TestSearchForFire] best path is:[14459, 34700, 23931]
2018-04-15 20:16:02,173 [DEBUG|PoliceForce/1171605791|TestSearchForFire] choosed:14459
2018-04-15 20:16:05,440 [DEBUG|PoliceForce/1171605791|TestSearchForFire] Time:118
2018-04-15 20:16:05,440 [DEBUG|PoliceForce/1171605791|TestRoadDetector] Time:118
2018-04-15 20:16:05,440 [DEBUG|PoliceForce/1171605791|TestRoadDetector] Targets: []
2018-04-15 20:16:05,441 [DEBUG|PoliceForce/1171605791|TestSearchForFire] unsearchedBuildingIDs:[23931]
2018-04-15 20:16:05,441 [DEBUG|PoliceForce/1171605791|TestSearchForFire] best path is:[14459, 34700, 23931]
2018-04-15 20:16:05,441 [DEBUG|PoliceForce/1171605791|TestSearchForFire] choosed:14459
2018-04-15 20:16:08,832 [DEBUG|PoliceForce/1171605791|TestSearchForFire] Time:119
2018-04-15 20:16:08,832 [DEBUG|PoliceForce/1171605791|TestRoadDetector] Time:119
2018-04-15 20:16:08,832 [DEBUG|PoliceForce/1171605791|TestRoadDetector] Targets: []
2018-04-15 20:16:08,833 [DEBUG|PoliceForce/1171605791|TestSearchForFire] unsearchedBuildingIDs:[23931]
2018-04-15 20:16:08,833 [DEBUG|PoliceForce/1171605791|TestSearchForFire] best path is:[14459, 34700, 23931]
2018-04-15 20:16:08,833 [DEBUG|PoliceForce/1171605791|TestSearchForFire] choosed:14459
2018-04-15 20:16:12,424 [DEBUG|PoliceForce/1171605791|TestSearchForFire] Time:120
2018-04-15 20:16:12,424 [DEBUG|PoliceForce/1171605791|TestRoadDetector] Time:120
2018-04-15 20:16:12,424 [DEBUG|PoliceForce/1171605791|TestRoadDetector] Targets: []
2018-04-15 20:16:12,425 [DEBUG|PoliceForce/1171605791|TestSearchForFire] unsearchedBuildingIDs:[23931]
2018-04-15 20:16:12,425 [DEBUG|PoliceForce/1171605791|TestSearchForFire] best path is:[14459, 34700, 23931]
2018-04-15 20:16:12,425 [DEBUG|PoliceForce/1171605791|TestSearchForFire] choosed:14459
2018-04-15 20:16:15,948 [DEBUG|PoliceForce/1171605791|TestSearchForFire] Time:121
2018-04-15 20:16:15,948 [DEBUG|PoliceForce/1171605791|TestRoadDetector] Time:121
2018-04-15 20:16:15,948 [DEBUG|PoliceForce/1171605791|TestRoadDetector] Targets: []
2018-04-15 20:16:15,949 [DEBUG|PoliceForce/1171605791|TestSearchForFire] unsearchedBuildingIDs:[23931]
2018-04-15 20:16:15,949 [DEBUG|PoliceForce/1171605791|TestSearchForFire] best path is:[14459, 34700, 23931]
2018-04-15 20:16:15,949 [DEBUG|PoliceForce/1171605791|TestSearchForFire] choosed:14459
2018-04-15 20:16:19,140 [DEBUG|PoliceForce/1171605791|TestSearchForFire] Time:122
2018-04-15 20:16:19,140 [DEBUG|PoliceForce/1171605791|TestRoadDetector] Time:122
2018-04-15 20:16:19,140 [DEBUG|PoliceForce/1171605791|TestRoadDetector] Targets: []
2018-04-15 20:16:19,141 [DEBUG|PoliceForce/1171605791|TestSearchForFire] unsearchedBuildingIDs:[23931]
2018-04-15 20:16:19,141 [DEBUG|PoliceForce/1171605791|TestSearchForFire] best path is:[14459, 34700, 23931]
2018-04-15 20:16:19,141 [DEBUG|PoliceForce/1171605791|TestSearchForFire] choosed:14459
2018-04-15 20:16:22,432 [DEBUG|PoliceForce/1171605791|TestSearchForFire] Time:123
2018-04-15 20:16:22,432 [DEBUG|PoliceForce/1171605791|TestRoadDetector] Time:123
2018-04-15 20:16:22,432 [DEBUG|PoliceForce/1171605791|TestRoadDetector] Targets: []
2018-04-15 20:16:22,433 [DEBUG|PoliceForce/1171605791|TestSearchForFire] unsearchedBuildingIDs:[23931]
2018-04-15 20:16:22,433 [DEBUG|PoliceForce/1171605791|TestSearchForFire] best path is:[14459, 34700, 23931]
2018-04-15 20:16:22,433 [DEBUG|PoliceForce/1171605791|TestSearchForFire] choosed:14459
2018-04-15 20:16:25,806 [DEBUG|PoliceForce/1171605791|TestSearchForFire] Time:124
2018-04-15 20:16:25,806 [DEBUG|PoliceForce/1171605791|TestRoadDetector] Time:124
2018-04-15 20:16:25,806 [DEBUG|PoliceForce/1171605791|TestRoadDetector] Targets: []
2018-04-15 20:16:25,806 [DEBUG|PoliceForce/1171605791|TestSearchForFire] unsearchedBuildingIDs:[23931]
2018-04-15 20:16:25,806 [DEBUG|PoliceForce/1171605791|TestSearchForFire] best path is:[14459, 34700, 23931]
2018-04-15 20:16:25,806 [DEBUG|PoliceForce/1171605791|TestSearchForFire] choosed:14459
2018-04-15 20:16:29,272 [DEBUG|PoliceForce/1171605791|TestSearchForFire] Time:125
2018-04-15 20:16:29,272 [DEBUG|PoliceForce/1171605791|TestRoadDetector] Time:125
2018-04-15 20:16:29,273 [DEBUG|PoliceForce/1171605791|TestRoadDetector] Targets: []
2018-04-15 20:16:29,273 [DEBUG|PoliceForce/1171605791|TestSearchForFire] unsearchedBuildingIDs:[23931]
2018-04-15 20:16:29,273 [DEBUG|PoliceForce/1171605791|TestSearchForFire] best path is:[14459, 34700, 23931]
2018-04-15 20:16:29,273 [DEBUG|PoliceForce/1171605791|TestSearchForFire] choosed:14459
2018-04-15 20:16:32,636 [DEBUG|PoliceForce/1171605791|TestSearchForFire] Time:126
2018-04-15 20:16:32,637 [DEBUG|PoliceForce/1171605791|TestRoadDetector] Time:126
2018-04-15 20:16:32,637 [DEBUG|PoliceForce/1171605791|TestRoadDetector] Targets: []
2018-04-15 20:16:32,637 [DEBUG|PoliceForce/1171605791|TestSearchForFire] unsearchedBuildingIDs:[23931]
2018-04-15 20:16:32,637 [DEBUG|PoliceForce/1171605791|TestSearchForFire] best path is:[14459, 34700, 23931]
2018-04-15 20:16:32,637 [DEBUG|PoliceForce/1171605791|TestSearchForFire] choosed:14459
2018-04-15 20:16:35,980 [DEBUG|PoliceForce/1171605791|TestSearchForFire] Time:127
2018-04-15 20:16:35,980 [DEBUG|PoliceForce/1171605791|TestRoadDetector] Time:127
2018-04-15 20:16:35,981 [DEBUG|PoliceForce/1171605791|TestRoadDetector] Targets: []
2018-04-15 20:16:35,981 [DEBUG|PoliceForce/1171605791|TestSearchForFire] unsearchedBuildingIDs:[23931]
2018-04-15 20:16:35,981 [DEBUG|PoliceForce/1171605791|TestSearchForFire] best path is:[14459, 34700, 23931]
2018-04-15 20:16:35,981 [DEBUG|PoliceForce/1171605791|TestSearchForFire] choosed:14459
2018-04-15 20:16:39,517 [DEBUG|PoliceForce/1171605791|TestSearchForFire] Time:128
2018-04-15 20:16:39,517 [DEBUG|PoliceForce/1171605791|TestRoadDetector] Time:128
2018-04-15 20:16:39,517 [DEBUG|PoliceForce/1171605791|TestRoadDetector] Targets: []
2018-04-15 20:16:39,517 [DEBUG|PoliceForce/1171605791|TestSearchForFire] unsearchedBuildingIDs:[23931]
2018-04-15 20:16:39,517 [DEBUG|PoliceForce/1171605791|TestSearchForFire] best path is:[14459, 34700, 23931]
2018-04-15 20:16:39,518 [DEBUG|PoliceForce/1171605791|TestSearchForFire] choosed:14459
2018-04-15 20:16:42,708 [DEBUG|PoliceForce/1171605791|TestSearchForFire] Time:129
2018-04-15 20:16:42,708 [DEBUG|PoliceForce/1171605791|TestRoadDetector] Time:129
2018-04-15 20:16:42,708 [DEBUG|PoliceForce/1171605791|TestRoadDetector] Targets: []
2018-04-15 20:16:42,709 [DEBUG|PoliceForce/1171605791|TestSearchForFire] unsearchedBuildingIDs:[23931]
2018-04-15 20:16:42,709 [DEBUG|PoliceForce/1171605791|TestSearchForFire] best path is:[14459, 34700, 23931]
2018-04-15 20:16:42,709 [DEBUG|PoliceForce/1171605791|TestSearchForFire] choosed:14459
2018-04-15 20:16:45,984 [DEBUG|PoliceForce/1171605791|TestSearchForFire] Time:130
2018-04-15 20:16:45,984 [DEBUG|PoliceForce/1171605791|TestRoadDetector] Time:130
2018-04-15 20:16:45,985 [DEBUG|PoliceForce/1171605791|TestRoadDetector] Targets: []
2018-04-15 20:16:45,985 [DEBUG|PoliceForce/1171605791|TestSearchForFire] unsearchedBuildingIDs:[23931]
2018-04-15 20:16:45,985 [DEBUG|PoliceForce/1171605791|TestSearchForFire] best path is:[14459, 34700, 23931]
2018-04-15 20:16:45,985 [DEBUG|PoliceForce/1171605791|TestSearchForFire] choosed:14459
2018-04-15 20:16:49,256 [DEBUG|PoliceForce/1171605791|TestSearchForFire] Time:131
2018-04-15 20:16:49,256 [DEBUG|PoliceForce/1171605791|TestRoadDetector] Time:131
2018-04-15 20:16:49,256 [DEBUG|PoliceForce/1171605791|TestRoadDetector] Targets: []
2018-04-15 20:16:49,257 [DEBUG|PoliceForce/1171605791|TestSearchForFire] unsearchedBuildingIDs:[23931]
2018-04-15 20:16:49,257 [DEBUG|PoliceForce/1171605791|TestSearchForFire] best path is:[14459, 34700, 23931]
2018-04-15 20:16:49,257 [DEBUG|PoliceForce/1171605791|TestSearchForFire] choosed:14459
2018-04-15 20:16:52,476 [DEBUG|PoliceForce/1171605791|TestSearchForFire] Time:132
2018-04-15 20:16:52,476 [DEBUG|PoliceForce/1171605791|TestRoadDetector] Time:132
2018-04-15 20:16:52,476 [DEBUG|PoliceForce/1171605791|TestRoadDetector] Targets: []
2018-04-15 20:16:52,476 [DEBUG|PoliceForce/1171605791|TestSearchForFire] unsearchedBuildingIDs:[23931]
2018-04-15 20:16:52,477 [DEBUG|PoliceForce/1171605791|TestSearchForFire] best path is:[14459, 34700, 23931]
2018-04-15 20:16:52,477 [DEBUG|PoliceForce/1171605791|TestSearchForFire] choosed:14459
2018-04-15 20:16:55,740 [DEBUG|PoliceForce/1171605791|TestSearchForFire] Time:133
2018-04-15 20:16:55,740 [DEBUG|PoliceForce/1171605791|TestRoadDetector] Time:133
2018-04-15 20:16:55,740 [DEBUG|PoliceForce/1171605791|TestRoadDetector] Targets: []
2018-04-15 20:16:55,741 [DEBUG|PoliceForce/1171605791|TestSearchForFire] unsearchedBuildingIDs:[23931]
2018-04-15 20:16:55,741 [DEBUG|PoliceForce/1171605791|TestSearchForFire] best path is:[14459, 34700, 23931]
2018-04-15 20:16:55,741 [DEBUG|PoliceForce/1171605791|TestSearchForFire] choosed:14459
2018-04-15 20:16:59,140 [DEBUG|PoliceForce/1171605791|TestSearchForFire] Time:134
2018-04-15 20:16:59,140 [DEBUG|PoliceForce/1171605791|TestRoadDetector] Time:134
2018-04-15 20:16:59,140 [DEBUG|PoliceForce/1171605791|TestRoadDetector] Targets: []
2018-04-15 20:16:59,140 [DEBUG|PoliceForce/1171605791|TestSearchForFire] unsearchedBuildingIDs:[23931]
2018-04-15 20:16:59,140 [DEBUG|PoliceForce/1171605791|TestSearchForFire] best path is:[14459, 34700, 23931]
2018-04-15 20:16:59,140 [DEBUG|PoliceForce/1171605791|TestSearchForFire] choosed:14459
2018-04-15 20:17:02,548 [DEBUG|PoliceForce/1171605791|TestSearchForFire] Time:135
2018-04-15 20:17:02,548 [DEBUG|PoliceForce/1171605791|TestRoadDetector] Time:135
2018-04-15 20:17:02,548 [DEBUG|PoliceForce/1171605791|TestRoadDetector] Targets: []
2018-04-15 20:17:02,548 [DEBUG|PoliceForce/1171605791|TestSearchForFire] unsearchedBuildingIDs:[23931]
2018-04-15 20:17:02,548 [DEBUG|PoliceForce/1171605791|TestSearchForFire] best path is:[14459, 34700, 23931]
2018-04-15 20:17:02,548 [DEBUG|PoliceForce/1171605791|TestSearchForFire] choosed:14459
2018-04-15 20:17:05,920 [DEBUG|PoliceForce/1171605791|TestSearchForFire] Time:136
2018-04-15 20:17:05,920 [DEBUG|PoliceForce/1171605791|TestRoadDetector] Time:136
2018-04-15 20:17:05,920 [DEBUG|PoliceForce/1171605791|TestRoadDetector] Targets: []
2018-04-15 20:17:05,921 [DEBUG|PoliceForce/1171605791|TestSearchForFire] unsearchedBuildingIDs:[23931]
2018-04-15 20:17:05,921 [DEBUG|PoliceForce/1171605791|TestSearchForFire] best path is:[14459, 34700, 23931]
2018-04-15 20:17:05,921 [DEBUG|PoliceForce/1171605791|TestSearchForFire] choosed:14459
2018-04-15 20:17:09,296 [DEBUG|PoliceForce/1171605791|TestSearchForFire] Time:137
2018-04-15 20:17:09,296 [DEBUG|PoliceForce/1171605791|TestRoadDetector] Time:137
2018-04-15 20:17:09,297 [DEBUG|PoliceForce/1171605791|TestRoadDetector] Targets: []
2018-04-15 20:17:09,297 [DEBUG|PoliceForce/1171605791|TestSearchForFire] unsearchedBuildingIDs:[23931]
2018-04-15 20:17:09,297 [DEBUG|PoliceForce/1171605791|TestSearchForFire] best path is:[14459, 34700, 23931]
2018-04-15 20:17:09,297 [DEBUG|PoliceForce/1171605791|TestSearchForFire] choosed:14459
2018-04-15 20:17:12,780 [DEBUG|PoliceForce/1171605791|TestSearchForFire] Time:138
2018-04-15 20:17:12,780 [DEBUG|PoliceForce/1171605791|TestRoadDetector] Time:138
2018-04-15 20:17:12,780 [DEBUG|PoliceForce/1171605791|TestRoadDetector] Targets: []
2018-04-15 20:17:12,781 [DEBUG|PoliceForce/1171605791|TestSearchForFire] unsearchedBuildingIDs:[23931]
2018-04-15 20:17:12,781 [DEBUG|PoliceForce/1171605791|TestSearchForFire] best path is:[14459, 34700, 23931]
2018-04-15 20:17:12,781 [DEBUG|PoliceForce/1171605791|TestSearchForFire] choosed:14459
2018-04-15 20:17:16,228 [DEBUG|PoliceForce/1171605791|TestSearchForFire] Time:139
2018-04-15 20:17:16,228 [DEBUG|PoliceForce/1171605791|TestRoadDetector] Time:139
2018-04-15 20:17:16,229 [DEBUG|PoliceForce/1171605791|TestRoadDetector] Targets: []
2018-04-15 20:17:16,229 [DEBUG|PoliceForce/1171605791|TestSearchForFire] unsearchedBuildingIDs:[23931]
2018-04-15 20:17:16,229 [DEBUG|PoliceForce/1171605791|TestSearchForFire] best path is:[14459, 34700, 23931]
2018-04-15 20:17:16,229 [DEBUG|PoliceForce/1171605791|TestSearchForFire] choosed:14459
2018-04-15 20:17:19,680 [DEBUG|PoliceForce/1171605791|TestSearchForFire] Time:140
2018-04-15 20:17:19,680 [DEBUG|PoliceForce/1171605791|TestRoadDetector] Time:140
2018-04-15 20:17:19,680 [DEBUG|PoliceForce/1171605791|TestRoadDetector] Targets: []
2018-04-15 20:17:19,680 [DEBUG|PoliceForce/1171605791|TestSearchForFire] unsearchedBuildingIDs:[23931]
2018-04-15 20:17:19,680 [DEBUG|PoliceForce/1171605791|TestSearchForFire] best path is:[14459, 34700, 23931]
2018-04-15 20:17:19,681 [DEBUG|PoliceForce/1171605791|TestSearchForFire] choosed:14459
2018-04-15 20:17:23,024 [DEBUG|PoliceForce/1171605791|TestSearchForFire] Time:141
2018-04-15 20:17:23,024 [DEBUG|PoliceForce/1171605791|TestRoadDetector] Time:141
2018-04-15 20:17:23,025 [DEBUG|PoliceForce/1171605791|TestRoadDetector] Targets: []
2018-04-15 20:17:23,025 [DEBUG|PoliceForce/1171605791|TestSearchForFire] unsearchedBuildingIDs:[23931]
2018-04-15 20:17:23,025 [DEBUG|PoliceForce/1171605791|TestSearchForFire] best path is:[14459, 34700, 23931]
2018-04-15 20:17:23,025 [DEBUG|PoliceForce/1171605791|TestSearchForFire] choosed:14459
2018-04-15 20:17:26,424 [DEBUG|PoliceForce/1171605791|TestSearchForFire] Time:142
2018-04-15 20:17:26,424 [DEBUG|PoliceForce/1171605791|TestRoadDetector] Time:142
2018-04-15 20:17:26,424 [DEBUG|PoliceForce/1171605791|TestRoadDetector] Targets: []
2018-04-15 20:17:26,425 [DEBUG|PoliceForce/1171605791|TestSearchForFire] unsearchedBuildingIDs:[23931]
2018-04-15 20:17:26,425 [DEBUG|PoliceForce/1171605791|TestSearchForFire] best path is:[14459, 34700, 23931]
2018-04-15 20:17:26,425 [DEBUG|PoliceForce/1171605791|TestSearchForFire] choosed:14459
2018-04-15 20:17:29,769 [DEBUG|PoliceForce/1171605791|TestSearchForFire] Time:143
2018-04-15 20:17:29,769 [DEBUG|PoliceForce/1171605791|TestRoadDetector] Time:143
2018-04-15 20:17:29,769 [DEBUG|PoliceForce/1171605791|TestRoadDetector] Targets: []
2018-04-15 20:17:29,769 [DEBUG|PoliceForce/1171605791|TestSearchForFire] unsearchedBuildingIDs:[23931]
2018-04-15 20:17:29,769 [DEBUG|PoliceForce/1171605791|TestSearchForFire] best path is:[14459, 34700, 23931]
2018-04-15 20:17:29,769 [DEBUG|PoliceForce/1171605791|TestSearchForFire] choosed:14459
2018-04-15 20:17:33,096 [DEBUG|PoliceForce/1171605791|TestSearchForFire] Time:144
2018-04-15 20:17:33,096 [DEBUG|PoliceForce/1171605791|TestRoadDetector] Time:144
2018-04-15 20:17:33,097 [DEBUG|PoliceForce/1171605791|TestRoadDetector] Targets: []
2018-04-15 20:17:33,097 [DEBUG|PoliceForce/1171605791|TestSearchForFire] unsearchedBuildingIDs:[23931]
2018-04-15 20:17:33,097 [DEBUG|PoliceForce/1171605791|TestSearchForFire] best path is:[14459, 34700, 23931]
2018-04-15 20:17:33,097 [DEBUG|PoliceForce/1171605791|TestSearchForFire] choosed:14459
2018-04-15 20:17:36,492 [DEBUG|PoliceForce/1171605791|TestSearchForFire] Time:145
2018-04-15 20:17:36,492 [DEBUG|PoliceForce/1171605791|TestRoadDetector] Time:145
2018-04-15 20:17:36,492 [DEBUG|PoliceForce/1171605791|TestRoadDetector] Targets: []
2018-04-15 20:17:36,492 [DEBUG|PoliceForce/1171605791|TestSearchForFire] unsearchedBuildingIDs:[23931]
2018-04-15 20:17:36,492 [DEBUG|PoliceForce/1171605791|TestSearchForFire] best path is:[14459, 34700, 23931]
2018-04-15 20:17:36,492 [DEBUG|PoliceForce/1171605791|TestSearchForFire] choosed:14459
2018-04-15 20:17:39,880 [DEBUG|PoliceForce/1171605791|TestSearchForFire] Time:146
2018-04-15 20:17:39,880 [DEBUG|PoliceForce/1171605791|TestRoadDetector] Time:146
2018-04-15 20:17:39,881 [DEBUG|PoliceForce/1171605791|TestRoadDetector] Targets: []
2018-04-15 20:17:39,881 [DEBUG|PoliceForce/1171605791|TestSearchForFire] unsearchedBuildingIDs:[23931]
2018-04-15 20:17:39,881 [DEBUG|PoliceForce/1171605791|TestSearchForFire] best path is:[14459, 34700, 23931]
2018-04-15 20:17:39,881 [DEBUG|PoliceForce/1171605791|TestSearchForFire] choosed:14459
2018-04-15 20:17:43,356 [DEBUG|PoliceForce/1171605791|TestSearchForFire] Time:147
2018-04-15 20:17:43,357 [DEBUG|PoliceForce/1171605791|TestRoadDetector] Time:147
2018-04-15 20:17:43,357 [DEBUG|PoliceForce/1171605791|TestRoadDetector] Targets: []
2018-04-15 20:17:43,357 [DEBUG|PoliceForce/1171605791|TestSearchForFire] unsearchedBuildingIDs:[23931]
2018-04-15 20:17:43,357 [DEBUG|PoliceForce/1171605791|TestSearchForFire] best path is:[14459, 34700, 23931]
2018-04-15 20:17:43,357 [DEBUG|PoliceForce/1171605791|TestSearchForFire] choosed:14459
2018-04-15 20:17:46,648 [DEBUG|PoliceForce/1171605791|TestSearchForFire] Time:148
2018-04-15 20:17:46,648 [DEBUG|PoliceForce/1171605791|TestRoadDetector] Time:148
2018-04-15 20:17:46,649 [DEBUG|PoliceForce/1171605791|TestRoadDetector] Targets: []
2018-04-15 20:17:46,649 [DEBUG|PoliceForce/1171605791|TestSearchForFire] unsearchedBuildingIDs:[23931]
2018-04-15 20:17:46,649 [DEBUG|PoliceForce/1171605791|TestSearchForFire] best path is:[14459, 34700, 23931]
2018-04-15 20:17:46,649 [DEBUG|PoliceForce/1171605791|TestSearchForFire] choosed:14459
2018-04-15 20:17:50,028 [DEBUG|PoliceForce/1171605791|TestSearchForFire] Time:149
2018-04-15 20:17:50,028 [DEBUG|PoliceForce/1171605791|TestRoadDetector] Time:149
2018-04-15 20:17:50,029 [DEBUG|PoliceForce/1171605791|TestRoadDetector] Targets: []
2018-04-15 20:17:50,029 [DEBUG|PoliceForce/1171605791|TestSearchForFire] unsearchedBuildingIDs:[23931]
2018-04-15 20:17:50,029 [DEBUG|PoliceForce/1171605791|TestSearchForFire] best path is:[14459, 34700, 23931]
2018-04-15 20:17:50,029 [DEBUG|PoliceForce/1171605791|TestSearchForFire] choosed:14459
2018-04-15 20:17:53,664 [DEBUG|PoliceForce/1171605791|TestSearchForFire] Time:150
2018-04-15 20:17:53,664 [DEBUG|PoliceForce/1171605791|TestRoadDetector] Time:150
2018-04-15 20:17:53,664 [DEBUG|PoliceForce/1171605791|TestRoadDetector] Targets: []
2018-04-15 20:17:53,664 [DEBUG|PoliceForce/1171605791|TestSearchForFire] unsearchedBuildingIDs:[23931]
2018-04-15 20:17:53,665 [DEBUG|PoliceForce/1171605791|TestSearchForFire] best path is:[14459, 34700, 23931]
2018-04-15 20:17:53,665 [DEBUG|PoliceForce/1171605791|TestSearchForFire] choosed:14459
2018-04-15 20:17:57,108 [DEBUG|PoliceForce/1171605791|TestSearchForFire] Time:151
2018-04-15 20:17:57,108 [DEBUG|PoliceForce/1171605791|TestRoadDetector] Time:151
2018-04-15 20:17:57,109 [DEBUG|PoliceForce/1171605791|TestRoadDetector] Targets: []
2018-04-15 20:17:57,109 [DEBUG|PoliceForce/1171605791|TestSearchForFire] unsearchedBuildingIDs:[23931]
2018-04-15 20:17:57,109 [DEBUG|PoliceForce/1171605791|TestSearchForFire] best path is:[14459, 34700, 23931]
2018-04-15 20:17:57,109 [DEBUG|PoliceForce/1171605791|TestSearchForFire] choosed:14459
2018-04-15 20:18:00,624 [DEBUG|PoliceForce/1171605791|TestSearchForFire] Time:152
2018-04-15 20:18:00,624 [DEBUG|PoliceForce/1171605791|TestRoadDetector] Time:152
2018-04-15 20:18:00,625 [DEBUG|PoliceForce/1171605791|TestRoadDetector] Targets: []
2018-04-15 20:18:00,625 [DEBUG|PoliceForce/1171605791|TestSearchForFire] unsearchedBuildingIDs:[23931]
2018-04-15 20:18:00,625 [DEBUG|PoliceForce/1171605791|TestSearchForFire] best path is:[14459, 34700, 23931]
2018-04-15 20:18:00,625 [DEBUG|PoliceForce/1171605791|TestSearchForFire] choosed:14459
2018-04-15 20:18:04,104 [DEBUG|PoliceForce/1171605791|TestSearchForFire] Time:153
2018-04-15 20:18:04,104 [DEBUG|PoliceForce/1171605791|TestRoadDetector] Time:153
2018-04-15 20:18:04,104 [DEBUG|PoliceForce/1171605791|TestRoadDetector] Targets: []
2018-04-15 20:18:04,104 [DEBUG|PoliceForce/1171605791|TestSearchForFire] unsearchedBuildingIDs:[23931]
2018-04-15 20:18:04,105 [DEBUG|PoliceForce/1171605791|TestSearchForFire] best path is:[14459, 34700, 23931]
2018-04-15 20:18:04,105 [DEBUG|PoliceForce/1171605791|TestSearchForFire] choosed:14459
2018-04-15 20:18:08,004 [DEBUG|PoliceForce/1171605791|TestSearchForFire] Time:154
2018-04-15 20:18:08,005 [DEBUG|PoliceForce/1171605791|TestRoadDetector] Time:154
2018-04-15 20:18:08,005 [DEBUG|PoliceForce/1171605791|TestRoadDetector] Targets: []
2018-04-15 20:18:08,005 [DEBUG|PoliceForce/1171605791|TestSearchForFire] unsearchedBuildingIDs:[23931]
2018-04-15 20:18:08,005 [DEBUG|PoliceForce/1171605791|TestSearchForFire] best path is:[14459, 34700, 23931]
2018-04-15 20:18:08,005 [DEBUG|PoliceForce/1171605791|TestSearchForFire] choosed:14459
2018-04-15 20:18:11,596 [DEBUG|PoliceForce/1171605791|TestSearchForFire] Time:155
2018-04-15 20:18:11,596 [DEBUG|PoliceForce/1171605791|TestRoadDetector] Time:155
2018-04-15 20:18:11,596 [DEBUG|PoliceForce/1171605791|TestRoadDetector] Targets: []
2018-04-15 20:18:11,597 [DEBUG|PoliceForce/1171605791|TestSearchForFire] unsearchedBuildingIDs:[23931]
2018-04-15 20:18:11,597 [DEBUG|PoliceForce/1171605791|TestSearchForFire] best path is:[14459, 34700, 23931]
2018-04-15 20:18:11,597 [DEBUG|PoliceForce/1171605791|TestSearchForFire] choosed:14459
2018-04-15 20:18:15,404 [DEBUG|PoliceForce/1171605791|TestSearchForFire] Time:156
2018-04-15 20:18:15,404 [DEBUG|PoliceForce/1171605791|TestRoadDetector] Time:156
2018-04-15 20:18:15,404 [DEBUG|PoliceForce/1171605791|TestRoadDetector] Targets: []
2018-04-15 20:18:15,405 [DEBUG|PoliceForce/1171605791|TestSearchForFire] unsearchedBuildingIDs:[23931]
2018-04-15 20:18:15,405 [DEBUG|PoliceForce/1171605791|TestSearchForFire] best path is:[14459, 34700, 23931]
2018-04-15 20:18:15,405 [DEBUG|PoliceForce/1171605791|TestSearchForFire] choosed:14459
2018-04-15 20:18:18,920 [DEBUG|PoliceForce/1171605791|TestSearchForFire] Time:157
2018-04-15 20:18:18,920 [DEBUG|PoliceForce/1171605791|TestRoadDetector] Time:157
2018-04-15 20:18:18,921 [DEBUG|PoliceForce/1171605791|TestRoadDetector] Targets: []
2018-04-15 20:18:18,921 [DEBUG|PoliceForce/1171605791|TestSearchForFire] unsearchedBuildingIDs:[23931]
2018-04-15 20:18:18,921 [DEBUG|PoliceForce/1171605791|TestSearchForFire] best path is:[14459, 34700, 23931]
2018-04-15 20:18:18,921 [DEBUG|PoliceForce/1171605791|TestSearchForFire] choosed:14459
2018-04-15 20:18:22,496 [DEBUG|PoliceForce/1171605791|TestSearchForFire] Time:158
2018-04-15 20:18:22,497 [DEBUG|PoliceForce/1171605791|TestRoadDetector] Time:158
2018-04-15 20:18:22,497 [DEBUG|PoliceForce/1171605791|TestRoadDetector] Targets: []
2018-04-15 20:18:22,497 [DEBUG|PoliceForce/1171605791|TestSearchForFire] unsearchedBuildingIDs:[23931]
2018-04-15 20:18:22,497 [DEBUG|PoliceForce/1171605791|TestSearchForFire] best path is:[14459, 34700, 23931]
2018-04-15 20:18:22,497 [DEBUG|PoliceForce/1171605791|TestSearchForFire] choosed:14459
2018-04-15 20:18:26,016 [DEBUG|PoliceForce/1171605791|TestSearchForFire] Time:159
2018-04-15 20:18:26,016 [DEBUG|PoliceForce/1171605791|TestRoadDetector] Time:159
2018-04-15 20:18:26,017 [DEBUG|PoliceForce/1171605791|TestRoadDetector] Targets: []
2018-04-15 20:18:26,017 [DEBUG|PoliceForce/1171605791|TestSearchForFire] unsearchedBuildingIDs:[23931]
2018-04-15 20:18:26,017 [DEBUG|PoliceForce/1171605791|TestSearchForFire] best path is:[14459, 34700, 23931]
2018-04-15 20:18:26,017 [DEBUG|PoliceForce/1171605791|TestSearchForFire] choosed:14459
