2018-04-15 20:06:41,484 [DEBUG|PoliceForce/1774089327|TestSearchForFire] Time:1
2018-04-15 20:06:41,529 [DEBUG|PoliceForce/1774089327|TestRoadDetector] Time:1
2018-04-15 20:06:41,529 [DEBUG|PoliceForce/1774089327|TestRoadDetector] Targets: [Refuge (18733)]
2018-04-15 20:06:41,658 [DEBUG|PoliceForce/1774089327|TestRoadDetector] Selected Target: 18733
2018-04-15 20:06:50,401 [DEBUG|PoliceForce/1774089327|TestSearchForFire] Time:2
2018-04-15 20:06:50,401 [DEBUG|PoliceForce/1774089327|TestRoadDetector] Time:2
2018-04-15 20:06:54,489 [DEBUG|PoliceForce/1774089327|TestSearchForFire] Time:3
2018-04-15 20:06:54,490 [DEBUG|PoliceForce/1774089327|TestRoadDetector] Time:3
2018-04-15 20:07:05,548 [DEBUG|PoliceForce/1774089327|TestSearchForFire] Time:4
2018-04-15 20:07:05,548 [DEBUG|PoliceForce/1774089327|TestRoadDetector] Time:4
2018-04-15 20:07:14,447 [DEBUG|PoliceForce/1774089327|TestSearchForFire] Time:5
2018-04-15 20:07:14,448 [DEBUG|PoliceForce/1774089327|TestRoadDetector] Time:5
2018-04-15 20:07:22,985 [DEBUG|PoliceForce/1774089327|TestSearchForFire] Time:6
2018-04-15 20:07:22,985 [DEBUG|PoliceForce/1774089327|TestRoadDetector] Time:6
2018-04-15 20:07:30,659 [DEBUG|PoliceForce/1774089327|TestSearchForFire] Time:7
2018-04-15 20:07:30,659 [DEBUG|PoliceForce/1774089327|TestRoadDetector] Time:7
2018-04-15 20:07:37,938 [DEBUG|PoliceForce/1774089327|TestSearchForFire] Time:8
2018-04-15 20:07:37,938 [DEBUG|PoliceForce/1774089327|TestRoadDetector] Time:8
2018-04-15 20:07:45,447 [DEBUG|PoliceForce/1774089327|TestSearchForFire] Time:9
2018-04-15 20:07:45,447 [DEBUG|PoliceForce/1774089327|TestRoadDetector] Time:9
2018-04-15 20:07:52,728 [DEBUG|PoliceForce/1774089327|TestSearchForFire] Time:10
2018-04-15 20:07:52,728 [DEBUG|PoliceForce/1774089327|TestRoadDetector] Time:10
2018-04-15 20:07:59,696 [DEBUG|PoliceForce/1774089327|TestSearchForFire] Time:11
2018-04-15 20:07:59,696 [DEBUG|PoliceForce/1774089327|TestRoadDetector] Time:11
2018-04-15 20:08:06,771 [DEBUG|PoliceForce/1774089327|TestSearchForFire] Time:12
2018-04-15 20:08:06,771 [DEBUG|PoliceForce/1774089327|TestRoadDetector] Time:12
2018-04-15 20:08:13,451 [DEBUG|PoliceForce/1774089327|TestSearchForFire] Time:13
2018-04-15 20:08:13,451 [DEBUG|PoliceForce/1774089327|TestRoadDetector] Time:13
2018-04-15 20:08:19,956 [DEBUG|PoliceForce/1774089327|TestSearchForFire] Time:14
2018-04-15 20:08:19,956 [DEBUG|PoliceForce/1774089327|TestRoadDetector] Time:14
2018-04-15 20:08:27,112 [DEBUG|PoliceForce/1774089327|TestSearchForFire] Time:15
2018-04-15 20:08:27,112 [DEBUG|PoliceForce/1774089327|TestRoadDetector] Time:15
2018-04-15 20:08:34,017 [DEBUG|PoliceForce/1774089327|TestSearchForFire] Time:16
2018-04-15 20:08:34,017 [DEBUG|PoliceForce/1774089327|TestRoadDetector] Time:16
2018-04-15 20:08:41,003 [DEBUG|PoliceForce/1774089327|TestSearchForFire] Time:17
2018-04-15 20:08:41,003 [DEBUG|PoliceForce/1774089327|TestRoadDetector] Time:17
2018-04-15 20:08:49,020 [DEBUG|PoliceForce/1774089327|TestSearchForFire] Time:18
2018-04-15 20:08:49,020 [DEBUG|PoliceForce/1774089327|TestRoadDetector] Time:18
2018-04-15 20:08:55,540 [DEBUG|PoliceForce/1774089327|TestSearchForFire] Time:19
2018-04-15 20:08:55,541 [DEBUG|PoliceForce/1774089327|TestRoadDetector] Time:19
2018-04-15 20:09:02,224 [DEBUG|PoliceForce/1774089327|TestSearchForFire] Time:20
2018-04-15 20:09:02,224 [DEBUG|PoliceForce/1774089327|TestRoadDetector] Time:20
2018-04-15 20:09:09,556 [DEBUG|PoliceForce/1774089327|TestSearchForFire] Time:21
2018-04-15 20:09:09,557 [DEBUG|PoliceForce/1774089327|TestRoadDetector] Time:21
2018-04-15 20:09:16,212 [DEBUG|PoliceForce/1774089327|TestSearchForFire] Time:22
2018-04-15 20:09:16,213 [DEBUG|PoliceForce/1774089327|TestRoadDetector] Time:22
2018-04-15 20:09:22,380 [DEBUG|PoliceForce/1774089327|TestSearchForFire] Time:23
2018-04-15 20:09:22,380 [DEBUG|PoliceForce/1774089327|TestRoadDetector] Time:23
2018-04-15 20:09:28,340 [DEBUG|PoliceForce/1774089327|TestSearchForFire] Time:24
2018-04-15 20:09:28,341 [DEBUG|PoliceForce/1774089327|TestRoadDetector] Time:24
2018-04-15 20:09:34,188 [DEBUG|PoliceForce/1774089327|TestSearchForFire] Time:25
2018-04-15 20:09:34,189 [DEBUG|PoliceForce/1774089327|TestRoadDetector] Time:25
2018-04-15 20:09:40,261 [DEBUG|PoliceForce/1774089327|TestSearchForFire] Time:26
2018-04-15 20:09:40,261 [DEBUG|PoliceForce/1774089327|TestRoadDetector] Time:26
2018-04-15 20:09:46,064 [DEBUG|PoliceForce/1774089327|TestSearchForFire] Time:27
2018-04-15 20:09:46,064 [DEBUG|PoliceForce/1774089327|TestRoadDetector] Time:27
2018-04-15 20:09:52,161 [DEBUG|PoliceForce/1774089327|TestSearchForFire] Time:28
2018-04-15 20:09:52,161 [DEBUG|PoliceForce/1774089327|TestRoadDetector] Time:28
2018-04-15 20:09:57,997 [DEBUG|PoliceForce/1774089327|TestSearchForFire] Time:29
2018-04-15 20:09:57,997 [DEBUG|PoliceForce/1774089327|TestRoadDetector] Time:29
2018-04-15 20:10:03,948 [DEBUG|PoliceForce/1774089327|TestSearchForFire] Time:30
2018-04-15 20:10:03,949 [DEBUG|PoliceForce/1774089327|TestRoadDetector] Time:30
2018-04-15 20:10:09,706 [DEBUG|PoliceForce/1774089327|TestSearchForFire] Time:31
2018-04-15 20:10:09,706 [DEBUG|PoliceForce/1774089327|TestRoadDetector] Time:31
2018-04-15 20:10:15,312 [DEBUG|PoliceForce/1774089327|TestSearchForFire] Time:32
2018-04-15 20:10:15,312 [DEBUG|PoliceForce/1774089327|TestRoadDetector] Time:32
2018-04-15 20:10:20,781 [DEBUG|PoliceForce/1774089327|TestSearchForFire] Time:33
2018-04-15 20:10:20,781 [DEBUG|PoliceForce/1774089327|TestRoadDetector] Time:33
2018-04-15 20:10:26,268 [DEBUG|PoliceForce/1774089327|TestSearchForFire] Time:34
2018-04-15 20:10:26,268 [DEBUG|PoliceForce/1774089327|TestRoadDetector] Time:34
2018-04-15 20:10:31,640 [DEBUG|PoliceForce/1774089327|TestSearchForFire] Time:35
2018-04-15 20:10:31,640 [DEBUG|PoliceForce/1774089327|TestRoadDetector] Time:35
2018-04-15 20:10:37,365 [DEBUG|PoliceForce/1774089327|TestSearchForFire] Time:36
2018-04-15 20:10:37,365 [DEBUG|PoliceForce/1774089327|TestRoadDetector] Time:36
2018-04-15 20:10:42,516 [DEBUG|PoliceForce/1774089327|TestSearchForFire] Time:37
2018-04-15 20:10:42,516 [DEBUG|PoliceForce/1774089327|TestRoadDetector] Time:37
2018-04-15 20:10:47,750 [DEBUG|PoliceForce/1774089327|TestSearchForFire] Time:38
2018-04-15 20:10:47,750 [DEBUG|PoliceForce/1774089327|TestRoadDetector] Time:38
2018-04-15 20:10:52,917 [DEBUG|PoliceForce/1774089327|TestSearchForFire] Time:39
2018-04-15 20:10:52,917 [DEBUG|PoliceForce/1774089327|TestRoadDetector] Time:39
2018-04-15 20:10:58,004 [DEBUG|PoliceForce/1774089327|TestSearchForFire] Time:40
2018-04-15 20:10:58,004 [DEBUG|PoliceForce/1774089327|TestRoadDetector] Time:40
2018-04-15 20:11:03,089 [DEBUG|PoliceForce/1774089327|TestSearchForFire] Time:41
2018-04-15 20:11:03,089 [DEBUG|PoliceForce/1774089327|TestRoadDetector] Time:41
2018-04-15 20:11:07,960 [DEBUG|PoliceForce/1774089327|TestSearchForFire] Time:42
2018-04-15 20:11:07,961 [DEBUG|PoliceForce/1774089327|TestRoadDetector] Time:42
2018-04-15 20:11:13,049 [DEBUG|PoliceForce/1774089327|TestSearchForFire] Time:43
2018-04-15 20:11:13,049 [DEBUG|PoliceForce/1774089327|TestRoadDetector] Time:43
2018-04-15 20:11:17,941 [DEBUG|PoliceForce/1774089327|TestSearchForFire] Time:44
2018-04-15 20:11:17,941 [DEBUG|PoliceForce/1774089327|TestRoadDetector] Time:44
2018-04-15 20:11:23,284 [DEBUG|PoliceForce/1774089327|TestSearchForFire] Time:45
2018-04-15 20:11:23,285 [DEBUG|PoliceForce/1774089327|TestRoadDetector] Time:45
2018-04-15 20:11:28,288 [DEBUG|PoliceForce/1774089327|TestSearchForFire] Time:46
2018-04-15 20:11:28,289 [DEBUG|PoliceForce/1774089327|TestRoadDetector] Time:46
2018-04-15 20:11:28,289 [DEBUG|PoliceForce/1774089327|TestRoadDetector] reach to Refuge (18733) reseting target
2018-04-15 20:11:28,289 [DEBUG|PoliceForce/1774089327|TestRoadDetector] Targets: []
2018-04-15 20:11:28,289 [DEBUG|PoliceForce/1774089327|TestSearchForFire] unsearchedBuildingIDs:[16901, 23877, 13512, 17229, 26704, 20306, 15955, 16600, 14040, 26074, 35676, 26336, 20451, 19236, 28839, 24752, 21304, 26171, 22779, 20478]
2018-04-15 20:11:28,289 [DEBUG|PoliceForce/1774089327|TestSearchForFire] best path is:[18733, 18749, 35789, 35924, 35921, 35920, 22795, 22779]
2018-04-15 20:11:28,289 [DEBUG|PoliceForce/1774089327|TestSearchForFire] choosed:35920
2018-04-15 20:11:33,116 [DEBUG|PoliceForce/1774089327|TestSearchForFire] Time:47
2018-04-15 20:11:33,116 [DEBUG|PoliceForce/1774089327|TestRoadDetector] Time:47
2018-04-15 20:11:33,117 [DEBUG|PoliceForce/1774089327|TestRoadDetector] Targets: []
2018-04-15 20:11:33,117 [DEBUG|PoliceForce/1774089327|TestSearchForFire] unsearchedBuildingIDs:[16901, 23877, 13512, 17229, 26704, 20306, 15955, 16600, 14040, 26074, 35676, 26336, 20451, 19236, 28839, 24752, 21304, 26171, 22779, 20478]
2018-04-15 20:11:33,117 [DEBUG|PoliceForce/1774089327|TestSearchForFire] best path is:[35924, 35921, 35920, 22795, 22779]
2018-04-15 20:11:33,117 [DEBUG|PoliceForce/1774089327|TestSearchForFire] choosed:35920
2018-04-15 20:11:37,993 [DEBUG|PoliceForce/1774089327|TestSearchForFire] Time:48
2018-04-15 20:11:37,993 [DEBUG|PoliceForce/1774089327|TestRoadDetector] Time:48
2018-04-15 20:11:37,993 [DEBUG|PoliceForce/1774089327|TestRoadDetector] Targets: []
2018-04-15 20:11:37,993 [DEBUG|PoliceForce/1774089327|TestSearchForFire] unsearchedBuildingIDs:[16901, 23877, 13512, 17229, 26704, 20306, 15955, 16600, 14040, 35676, 26336, 20451, 19236, 28839, 24752, 21304, 20478]
2018-04-15 20:11:37,993 [DEBUG|PoliceForce/1774089327|TestSearchForFire] best path is:[35920, 35923, 35926, 35930, 4731, 16917, 16901]
2018-04-15 20:11:37,993 [DEBUG|PoliceForce/1774089327|TestSearchForFire] choosed:4731
2018-04-15 20:11:42,664 [DEBUG|PoliceForce/1774089327|TestSearchForFire] Time:49
2018-04-15 20:11:42,665 [DEBUG|PoliceForce/1774089327|TestRoadDetector] Time:49
2018-04-15 20:11:42,665 [DEBUG|PoliceForce/1774089327|TestRoadDetector] Targets: []
2018-04-15 20:11:42,665 [DEBUG|PoliceForce/1774089327|TestSearchForFire] unsearchedBuildingIDs:[13512, 17229, 26704, 20306, 15955, 16600, 14040, 35676, 26336, 20451, 19236, 28839, 24752, 21304, 20478]
2018-04-15 20:11:42,665 [DEBUG|PoliceForce/1774089327|TestSearchForFire] best path is:[35930, 35929, 35803, 35807, 35810, 35813, 35816, 35818, 13527, 13512]
2018-04-15 20:11:42,665 [DEBUG|PoliceForce/1774089327|TestSearchForFire] choosed:35818
2018-04-15 20:11:47,492 [DEBUG|PoliceForce/1774089327|TestSearchForFire] Time:50
2018-04-15 20:11:47,492 [DEBUG|PoliceForce/1774089327|TestRoadDetector] Time:50
2018-04-15 20:11:47,492 [DEBUG|PoliceForce/1774089327|TestRoadDetector] Targets: []
2018-04-15 20:11:47,492 [DEBUG|PoliceForce/1774089327|TestSearchForFire] unsearchedBuildingIDs:[13512, 17229, 26704, 20306, 15955, 16600, 14040, 35676, 26336, 20451, 19236, 28839, 24752, 21304, 20478]
2018-04-15 20:11:47,493 [DEBUG|PoliceForce/1774089327|TestSearchForFire] best path is:[35807, 35810, 35813, 35816, 35818, 13527, 13512]
2018-04-15 20:11:47,493 [DEBUG|PoliceForce/1774089327|TestSearchForFire] choosed:35818
2018-04-15 20:11:52,132 [DEBUG|PoliceForce/1774089327|TestSearchForFire] Time:51
2018-04-15 20:11:52,133 [DEBUG|PoliceForce/1774089327|TestRoadDetector] Time:51
2018-04-15 20:11:52,133 [DEBUG|PoliceForce/1774089327|TestRoadDetector] Targets: []
2018-04-15 20:11:52,133 [DEBUG|PoliceForce/1774089327|TestSearchForFire] unsearchedBuildingIDs:[17229, 26704, 20306, 16600, 14040, 35676, 26336, 20451, 19236, 28839, 24752, 20478]
2018-04-15 20:11:52,133 [DEBUG|PoliceForce/1774089327|TestSearchForFire] best path is:[35818, 35816, 35813, 35810, 35807, 35803, 35929, 35930, 4731, 2382, 7359, 4524, 17245, 17229]
2018-04-15 20:11:52,133 [DEBUG|PoliceForce/1774089327|TestSearchForFire] choosed:4524
2018-04-15 20:11:56,580 [DEBUG|PoliceForce/1774089327|TestSearchForFire] Time:52
2018-04-15 20:11:56,581 [DEBUG|PoliceForce/1774089327|TestRoadDetector] Time:52
2018-04-15 20:11:56,581 [DEBUG|PoliceForce/1774089327|TestRoadDetector] Targets: []
2018-04-15 20:11:56,581 [DEBUG|PoliceForce/1774089327|TestSearchForFire] unsearchedBuildingIDs:[17229, 26704, 20306, 16600, 14040, 35676, 26336, 20451, 19236, 28839, 24752, 20478]
2018-04-15 20:11:56,581 [DEBUG|PoliceForce/1774089327|TestSearchForFire] best path is:[35933, 35929, 35930, 4731, 2382, 7359, 4524, 17245, 17229]
2018-04-15 20:11:56,581 [DEBUG|PoliceForce/1774089327|TestSearchForFire] choosed:4524
2018-04-15 20:12:01,025 [DEBUG|PoliceForce/1774089327|TestSearchForFire] Time:53
2018-04-15 20:12:01,025 [DEBUG|PoliceForce/1774089327|TestRoadDetector] Time:53
2018-04-15 20:12:01,025 [DEBUG|PoliceForce/1774089327|TestRoadDetector] Targets: []
2018-04-15 20:12:01,025 [DEBUG|PoliceForce/1774089327|TestSearchForFire] unsearchedBuildingIDs:[17229, 26704, 20306, 16600, 14040, 26336, 20451, 19236, 28839, 24752, 20478]
2018-04-15 20:12:01,025 [DEBUG|PoliceForce/1774089327|TestSearchForFire] best path is:[4731, 2382, 7359, 4524, 17245, 17229]
2018-04-15 20:12:01,025 [DEBUG|PoliceForce/1774089327|TestSearchForFire] choosed:4524
2018-04-15 20:12:05,584 [DEBUG|PoliceForce/1774089327|TestSearchForFire] Time:54
2018-04-15 20:12:05,585 [DEBUG|PoliceForce/1774089327|TestRoadDetector] Time:54
2018-04-15 20:12:05,585 [DEBUG|PoliceForce/1774089327|TestRoadDetector] Targets: [Building (35676)]
2018-04-15 20:12:05,585 [DEBUG|PoliceForce/1774089327|TestRoadDetector] Selected Target: 35676
2018-04-15 20:12:10,048 [DEBUG|PoliceForce/1774089327|TestSearchForFire] Time:55
2018-04-15 20:12:10,048 [DEBUG|PoliceForce/1774089327|TestRoadDetector] Time:55
2018-04-15 20:12:10,048 [DEBUG|PoliceForce/1774089327|TestRoadDetector] reach to Building (35676) reseting target
2018-04-15 20:12:10,049 [DEBUG|PoliceForce/1774089327|TestRoadDetector] Targets: []
2018-04-15 20:12:10,049 [DEBUG|PoliceForce/1774089327|TestSearchForFire] unsearchedBuildingIDs:[16600, 14040, 26336, 19236, 28839, 24752]
2018-04-15 20:12:10,049 [DEBUG|PoliceForce/1774089327|TestSearchForFire] best path is:[35676, 35526, 4524, 7359, 2382, 4731, 35930, 35926, 35923, 35920, 35918, 6945, 2544, 8376, 5028, 16616, 16600]
2018-04-15 20:12:10,049 [DEBUG|PoliceForce/1774089327|TestSearchForFire] choosed:5028
2018-04-15 20:12:14,616 [DEBUG|PoliceForce/1774089327|TestSearchForFire] Time:56
2018-04-15 20:12:14,616 [DEBUG|PoliceForce/1774089327|TestRoadDetector] Time:56
2018-04-15 20:12:14,616 [DEBUG|PoliceForce/1774089327|TestRoadDetector] Targets: []
2018-04-15 20:12:14,617 [DEBUG|PoliceForce/1774089327|TestSearchForFire] unsearchedBuildingIDs:[16600, 14040, 26336, 19236, 28839, 24752]
2018-04-15 20:12:14,617 [DEBUG|PoliceForce/1774089327|TestSearchForFire] best path is:[4731, 35930, 35926, 35923, 35920, 35918, 6945, 2544, 8376, 5028, 16616, 16600]
2018-04-15 20:12:14,617 [DEBUG|PoliceForce/1774089327|TestSearchForFire] choosed:5028
2018-04-15 20:12:19,124 [DEBUG|PoliceForce/1774089327|TestSearchForFire] Time:57
2018-04-15 20:12:19,125 [DEBUG|PoliceForce/1774089327|TestRoadDetector] Time:57
2018-04-15 20:12:19,125 [DEBUG|PoliceForce/1774089327|TestRoadDetector] Targets: []
2018-04-15 20:12:19,125 [DEBUG|PoliceForce/1774089327|TestSearchForFire] unsearchedBuildingIDs:[16600, 14040, 26336, 19236, 28839, 24752]
2018-04-15 20:12:19,125 [DEBUG|PoliceForce/1774089327|TestSearchForFire] best path is:[35923, 35920, 35918, 6945, 2544, 8376, 5028, 16616, 16600]
2018-04-15 20:12:19,125 [DEBUG|PoliceForce/1774089327|TestSearchForFire] choosed:5028
2018-04-15 20:12:25,212 [DEBUG|PoliceForce/1774089327|TestSearchForFire] Time:58
2018-04-15 20:12:25,212 [DEBUG|PoliceForce/1774089327|TestRoadDetector] Time:58
2018-04-15 20:12:25,212 [DEBUG|PoliceForce/1774089327|TestRoadDetector] Targets: []
2018-04-15 20:12:25,212 [DEBUG|PoliceForce/1774089327|TestSearchForFire] unsearchedBuildingIDs:[16600, 26336, 19236, 28839, 24752]
2018-04-15 20:12:25,212 [DEBUG|PoliceForce/1774089327|TestSearchForFire] best path is:[2544, 8376, 5028, 16616, 16600]
2018-04-15 20:12:25,212 [DEBUG|PoliceForce/1774089327|TestSearchForFire] choosed:5028
2018-04-15 20:12:29,616 [DEBUG|PoliceForce/1774089327|TestSearchForFire] Time:59
2018-04-15 20:12:29,616 [DEBUG|PoliceForce/1774089327|TestRoadDetector] Time:59
2018-04-15 20:12:29,616 [DEBUG|PoliceForce/1774089327|TestRoadDetector] Targets: []
2018-04-15 20:12:29,616 [DEBUG|PoliceForce/1774089327|TestSearchForFire] unsearchedBuildingIDs:[16600, 26336, 19236, 28839, 24752]
2018-04-15 20:12:29,616 [DEBUG|PoliceForce/1774089327|TestSearchForFire] best path is:[2544, 8376, 5028, 16616, 16600]
2018-04-15 20:12:29,616 [DEBUG|PoliceForce/1774089327|TestSearchForFire] choosed:5028
2018-04-15 20:12:33,985 [DEBUG|PoliceForce/1774089327|TestSearchForFire] Time:60
2018-04-15 20:12:33,985 [DEBUG|PoliceForce/1774089327|TestRoadDetector] Time:60
2018-04-15 20:12:33,985 [DEBUG|PoliceForce/1774089327|TestRoadDetector] Targets: []
2018-04-15 20:12:33,985 [DEBUG|PoliceForce/1774089327|TestSearchForFire] unsearchedBuildingIDs:[16600, 26336, 19236, 28839, 24752]
2018-04-15 20:12:33,985 [DEBUG|PoliceForce/1774089327|TestSearchForFire] best path is:[2544, 8376, 5028, 16616, 16600]
2018-04-15 20:12:33,985 [DEBUG|PoliceForce/1774089327|TestSearchForFire] choosed:5028
2018-04-15 20:12:38,220 [DEBUG|PoliceForce/1774089327|TestSearchForFire] Time:61
2018-04-15 20:12:38,220 [DEBUG|PoliceForce/1774089327|TestRoadDetector] Time:61
2018-04-15 20:12:38,221 [DEBUG|PoliceForce/1774089327|TestRoadDetector] Targets: []
2018-04-15 20:12:38,221 [DEBUG|PoliceForce/1774089327|TestSearchForFire] unsearchedBuildingIDs:[26336, 19236, 28839]
2018-04-15 20:12:38,221 [DEBUG|PoliceForce/1774089327|TestSearchForFire] best path is:[5028, 8376, 2544, 6945, 35918, 35917, 35782, 35786, 35789, 35801, 35803, 35807, 35810, 35813, 35816, 35818, 35822, 31060, 31059, 26352, 26336]
2018-04-15 20:12:38,221 [DEBUG|PoliceForce/1774089327|TestSearchForFire] choosed:31059
2018-04-15 20:12:42,068 [DEBUG|PoliceForce/1774089327|TestSearchForFire] Time:62
2018-04-15 20:12:42,068 [DEBUG|PoliceForce/1774089327|TestRoadDetector] Time:62
2018-04-15 20:12:42,069 [DEBUG|PoliceForce/1774089327|TestRoadDetector] Targets: []
2018-04-15 20:12:42,069 [DEBUG|PoliceForce/1774089327|TestSearchForFire] unsearchedBuildingIDs:[26336, 19236, 28839]
2018-04-15 20:12:42,070 [DEBUG|PoliceForce/1774089327|TestSearchForFire] best path is:[5028, 8376, 2544, 6945, 35918, 35917, 35782, 35786, 35789, 35801, 35803, 35807, 35810, 35813, 35816, 35818, 35822, 31060, 31059, 26352, 26336]
2018-04-15 20:12:42,070 [DEBUG|PoliceForce/1774089327|TestSearchForFire] choosed:31059
2018-04-15 20:12:46,088 [DEBUG|PoliceForce/1774089327|TestSearchForFire] Time:63
2018-04-15 20:12:46,088 [DEBUG|PoliceForce/1774089327|TestRoadDetector] Time:63
2018-04-15 20:12:46,089 [DEBUG|PoliceForce/1774089327|TestRoadDetector] Targets: []
2018-04-15 20:12:46,089 [DEBUG|PoliceForce/1774089327|TestSearchForFire] unsearchedBuildingIDs:[26336, 19236, 28839]
2018-04-15 20:12:46,089 [DEBUG|PoliceForce/1774089327|TestSearchForFire] best path is:[8376, 2544, 6945, 35918, 35917, 35782, 35786, 35789, 35801, 35803, 35807, 35810, 35813, 35816, 35818, 35822, 31060, 31059, 26352, 26336]
2018-04-15 20:12:46,090 [DEBUG|PoliceForce/1774089327|TestSearchForFire] choosed:31059
2018-04-15 20:12:50,100 [DEBUG|PoliceForce/1774089327|TestSearchForFire] Time:64
2018-04-15 20:12:50,100 [DEBUG|PoliceForce/1774089327|TestRoadDetector] Time:64
2018-04-15 20:12:50,101 [DEBUG|PoliceForce/1774089327|TestRoadDetector] Targets: []
2018-04-15 20:12:50,101 [DEBUG|PoliceForce/1774089327|TestSearchForFire] unsearchedBuildingIDs:[26336, 19236, 28839]
2018-04-15 20:12:50,101 [DEBUG|PoliceForce/1774089327|TestSearchForFire] best path is:[35918, 35917, 35782, 35786, 35789, 35801, 35803, 35807, 35810, 35813, 35816, 35818, 35822, 31060, 31059, 26352, 26336]
2018-04-15 20:12:50,101 [DEBUG|PoliceForce/1774089327|TestSearchForFire] choosed:31059
2018-04-15 20:12:54,184 [DEBUG|PoliceForce/1774089327|TestSearchForFire] Time:65
2018-04-15 20:12:54,185 [DEBUG|PoliceForce/1774089327|TestRoadDetector] Time:65
2018-04-15 20:12:54,185 [DEBUG|PoliceForce/1774089327|TestRoadDetector] Targets: []
2018-04-15 20:12:54,185 [DEBUG|PoliceForce/1774089327|TestSearchForFire] unsearchedBuildingIDs:[26336, 19236, 28839]
2018-04-15 20:12:54,185 [DEBUG|PoliceForce/1774089327|TestSearchForFire] best path is:[35921, 35924, 35927, 35801, 35803, 35807, 35810, 35813, 35816, 35818, 35822, 31060, 31059, 26352, 26336]
2018-04-15 20:12:54,185 [DEBUG|PoliceForce/1774089327|TestSearchForFire] choosed:31059
2018-04-15 20:12:58,425 [DEBUG|PoliceForce/1774089327|TestSearchForFire] Time:66
2018-04-15 20:12:58,425 [DEBUG|PoliceForce/1774089327|TestRoadDetector] Time:66
2018-04-15 20:12:58,425 [DEBUG|PoliceForce/1774089327|TestRoadDetector] Targets: []
2018-04-15 20:12:58,425 [DEBUG|PoliceForce/1774089327|TestSearchForFire] unsearchedBuildingIDs:[26336, 19236, 28839]
2018-04-15 20:12:58,425 [DEBUG|PoliceForce/1774089327|TestSearchForFire] best path is:[35801, 35803, 35807, 35810, 35813, 35816, 35818, 35822, 31060, 31059, 26352, 26336]
2018-04-15 20:12:58,425 [DEBUG|PoliceForce/1774089327|TestSearchForFire] choosed:31059
2018-04-15 20:13:02,568 [DEBUG|PoliceForce/1774089327|TestSearchForFire] Time:67
2018-04-15 20:13:02,568 [DEBUG|PoliceForce/1774089327|TestRoadDetector] Time:67
2018-04-15 20:13:02,569 [DEBUG|PoliceForce/1774089327|TestRoadDetector] Targets: []
2018-04-15 20:13:02,569 [DEBUG|PoliceForce/1774089327|TestSearchForFire] unsearchedBuildingIDs:[26336, 19236, 28839]
2018-04-15 20:13:02,569 [DEBUG|PoliceForce/1774089327|TestSearchForFire] best path is:[35943, 35816, 35818, 35822, 31060, 31059, 26352, 26336]
2018-04-15 20:13:02,569 [DEBUG|PoliceForce/1774089327|TestSearchForFire] choosed:31059
2018-04-15 20:13:06,720 [DEBUG|PoliceForce/1774089327|TestSearchForFire] Time:68
2018-04-15 20:13:06,720 [DEBUG|PoliceForce/1774089327|TestRoadDetector] Time:68
2018-04-15 20:13:06,721 [DEBUG|PoliceForce/1774089327|TestRoadDetector] Targets: []
2018-04-15 20:13:06,721 [DEBUG|PoliceForce/1774089327|TestSearchForFire] unsearchedBuildingIDs:[19236, 28839]
2018-04-15 20:13:06,721 [DEBUG|PoliceForce/1774089327|TestSearchForFire] best path is:[31060, 35822, 35825, 35952, 35951, 19251, 19236]
2018-04-15 20:13:06,721 [DEBUG|PoliceForce/1774089327|TestSearchForFire] choosed:35951
2018-04-15 20:13:10,597 [DEBUG|PoliceForce/1774089327|TestSearchForFire] Time:69
2018-04-15 20:13:10,597 [DEBUG|PoliceForce/1774089327|TestRoadDetector] Time:69
2018-04-15 20:13:10,597 [DEBUG|PoliceForce/1774089327|TestRoadDetector] Targets: []
2018-04-15 20:13:10,597 [DEBUG|PoliceForce/1774089327|TestSearchForFire] unsearchedBuildingIDs:[28839]
2018-04-15 20:13:10,598 [DEBUG|PoliceForce/1774089327|TestSearchForFire] best path is:[35952, 35949, 35945, 35943, 35940, 35937, 35933, 35929, 35927, 35924, 35921, 35920, 35918, 35914, 35911, 3462, 28855, 28839]
2018-04-15 20:13:10,598 [DEBUG|PoliceForce/1774089327|TestSearchForFire] choosed:3462
2018-04-15 20:13:14,520 [DEBUG|PoliceForce/1774089327|TestSearchForFire] Time:70
2018-04-15 20:13:14,520 [DEBUG|PoliceForce/1774089327|TestRoadDetector] Time:70
2018-04-15 20:13:14,520 [DEBUG|PoliceForce/1774089327|TestRoadDetector] Targets: []
2018-04-15 20:13:14,521 [DEBUG|PoliceForce/1774089327|TestSearchForFire] unsearchedBuildingIDs:[28839]
2018-04-15 20:13:14,521 [DEBUG|PoliceForce/1774089327|TestSearchForFire] best path is:[35937, 35933, 35929, 35927, 35924, 35921, 35920, 35918, 35914, 35911, 3462, 28855, 28839]
2018-04-15 20:13:14,521 [DEBUG|PoliceForce/1774089327|TestSearchForFire] choosed:3462
2018-04-15 20:13:18,297 [DEBUG|PoliceForce/1774089327|TestSearchForFire] Time:71
2018-04-15 20:13:18,297 [DEBUG|PoliceForce/1774089327|TestRoadDetector] Time:71
2018-04-15 20:13:18,297 [DEBUG|PoliceForce/1774089327|TestRoadDetector] Targets: []
2018-04-15 20:13:18,297 [DEBUG|PoliceForce/1774089327|TestSearchForFire] unsearchedBuildingIDs:[28839]
2018-04-15 20:13:18,297 [DEBUG|PoliceForce/1774089327|TestSearchForFire] best path is:[35921, 35920, 35918, 35914, 35911, 3462, 28855, 28839]
2018-04-15 20:13:18,298 [DEBUG|PoliceForce/1774089327|TestSearchForFire] choosed:3462
2018-04-15 20:13:22,168 [DEBUG|PoliceForce/1774089327|TestSearchForFire] Time:72
2018-04-15 20:13:22,169 [DEBUG|PoliceForce/1774089327|TestRoadDetector] Time:72
2018-04-15 20:13:22,169 [DEBUG|PoliceForce/1774089327|TestRoadDetector] Targets: []
2018-04-15 20:13:22,169 [DEBUG|PoliceForce/1774089327|TestSearchForFire] unsearchedBuildingIDs:[28839]
2018-04-15 20:13:22,169 [DEBUG|PoliceForce/1774089327|TestSearchForFire] best path is:[35914, 35911, 3462, 28855, 28839]
2018-04-15 20:13:22,169 [DEBUG|PoliceForce/1774089327|TestSearchForFire] choosed:3462
2018-04-15 20:13:25,948 [DEBUG|PoliceForce/1774089327|TestSearchForFire] Time:73
2018-04-15 20:13:25,948 [DEBUG|PoliceForce/1774089327|TestRoadDetector] Time:73
2018-04-15 20:13:25,949 [DEBUG|PoliceForce/1774089327|TestRoadDetector] Targets: []
2018-04-15 20:13:25,949 [DEBUG|PoliceForce/1774089327|TestSearchForFire] unsearchedBuildingIDs:[16901, 23877, 13512, 21130, 17229, 25421, 26704, 35536, 35601, 20306, 33043, 35667, 15955, 16600, 33048, 14040, 26074, 35676, 26336, 20451, 19236, 19046, 35686, 35687, 24752, 20337, 18933, 21304, 22779, 20478]
2018-04-15 20:13:25,949 [DEBUG|PoliceForce/1774089327|TestSearchForFire] best path is:[3462, 35911, 35914, 35918, 35920, 22795, 22779]
2018-04-15 20:13:25,949 [DEBUG|PoliceForce/1774089327|TestSearchForFire] choosed:35920
2018-04-15 20:13:29,660 [DEBUG|PoliceForce/1774089327|TestSearchForFire] Time:74
2018-04-15 20:13:29,661 [DEBUG|PoliceForce/1774089327|TestRoadDetector] Time:74
2018-04-15 20:13:29,661 [DEBUG|PoliceForce/1774089327|TestRoadDetector] Targets: []
2018-04-15 20:13:29,661 [DEBUG|PoliceForce/1774089327|TestSearchForFire] unsearchedBuildingIDs:[16901, 23877, 13512, 21130, 17229, 25421, 26704, 35536, 35601, 20306, 33043, 35667, 15955, 16600, 33048, 14040, 26074, 35676, 26336, 20451, 19236, 19046, 35686, 35687, 24752, 20337, 18933, 21304, 22779, 20478]
2018-04-15 20:13:29,661 [DEBUG|PoliceForce/1774089327|TestSearchForFire] best path is:[35911, 35914, 35918, 35920, 22795, 22779]
2018-04-15 20:13:29,661 [DEBUG|PoliceForce/1774089327|TestSearchForFire] choosed:35920
2018-04-15 20:13:33,464 [DEBUG|PoliceForce/1774089327|TestSearchForFire] Time:75
2018-04-15 20:13:33,464 [DEBUG|PoliceForce/1774089327|TestRoadDetector] Time:75
2018-04-15 20:13:33,465 [DEBUG|PoliceForce/1774089327|TestRoadDetector] Targets: []
2018-04-15 20:13:33,465 [DEBUG|PoliceForce/1774089327|TestSearchForFire] unsearchedBuildingIDs:[16901, 23877, 13512, 21130, 17229, 25421, 26704, 35601, 20306, 33043, 35667, 15955, 16600, 33048, 14040, 26074, 35676, 26336, 20451, 19236, 35686, 35687, 24752, 20337, 18933, 21304, 20478]
2018-04-15 20:13:33,465 [DEBUG|PoliceForce/1774089327|TestSearchForFire] best path is:[35920, 35923, 35926, 35930, 4731, 16917, 16901]
2018-04-15 20:13:33,465 [DEBUG|PoliceForce/1774089327|TestSearchForFire] choosed:4731
2018-04-15 20:13:37,414 [DEBUG|PoliceForce/1774089327|TestSearchForFire] Time:76
2018-04-15 20:13:37,414 [DEBUG|PoliceForce/1774089327|TestRoadDetector] Time:76
2018-04-15 20:13:37,414 [DEBUG|PoliceForce/1774089327|TestRoadDetector] Targets: []
2018-04-15 20:13:37,414 [DEBUG|PoliceForce/1774089327|TestSearchForFire] unsearchedBuildingIDs:[13512, 21130, 17229, 25421, 26704, 20306, 33043, 35667, 15955, 16600, 33048, 14040, 26074, 35676, 26336, 20451, 19236, 35686, 35687, 24752, 18933, 21304, 20478]
2018-04-15 20:13:37,414 [DEBUG|PoliceForce/1774089327|TestSearchForFire] best path is:[35930, 35929, 35803, 35807, 35810, 33049, 33048]
2018-04-15 20:13:37,414 [DEBUG|PoliceForce/1774089327|TestSearchForFire] choosed:35810
2018-04-15 20:13:41,137 [DEBUG|PoliceForce/1774089327|TestSearchForFire] Time:77
2018-04-15 20:13:41,137 [DEBUG|PoliceForce/1774089327|TestRoadDetector] Time:77
2018-04-15 20:13:41,137 [DEBUG|PoliceForce/1774089327|TestRoadDetector] Targets: []
2018-04-15 20:13:41,137 [DEBUG|PoliceForce/1774089327|TestSearchForFire] unsearchedBuildingIDs:[13512, 17229, 25421, 26704, 20306, 35667, 15955, 16600, 14040, 26074, 35676, 26336, 20451, 19236, 35686, 35687, 24752, 18933, 21304, 20478]
2018-04-15 20:13:41,137 [DEBUG|PoliceForce/1774089327|TestSearchForFire] best path is:[35933, 35807, 35810, 35813, 35816, 35818, 13527, 13512]
2018-04-15 20:13:41,137 [DEBUG|PoliceForce/1774089327|TestSearchForFire] choosed:35818
2018-04-15 20:13:44,624 [DEBUG|PoliceForce/1774089327|TestSearchForFire] Time:78
2018-04-15 20:13:44,624 [DEBUG|PoliceForce/1774089327|TestRoadDetector] Time:78
2018-04-15 20:13:44,625 [DEBUG|PoliceForce/1774089327|TestRoadDetector] Targets: []
2018-04-15 20:13:44,625 [DEBUG|PoliceForce/1774089327|TestSearchForFire] unsearchedBuildingIDs:[17229, 25421, 26704, 20306, 35667, 16600, 14040, 26074, 35676, 26336, 20451, 19236, 35686, 35687, 24752, 18933, 20478]
2018-04-15 20:13:44,625 [DEBUG|PoliceForce/1774089327|TestSearchForFire] best path is:[35818, 35816, 35813, 35810, 35937, 35936, 35932, 35638, 35639, 35634, 35536, 35601, 35667]
2018-04-15 20:13:44,625 [DEBUG|PoliceForce/1774089327|TestSearchForFire] choosed:35536
2018-04-15 20:13:48,301 [DEBUG|PoliceForce/1774089327|TestSearchForFire] Time:79
2018-04-15 20:13:48,301 [DEBUG|PoliceForce/1774089327|TestRoadDetector] Time:79
2018-04-15 20:13:48,302 [DEBUG|PoliceForce/1774089327|TestRoadDetector] Targets: []
2018-04-15 20:13:48,302 [DEBUG|PoliceForce/1774089327|TestSearchForFire] unsearchedBuildingIDs:[17229, 25421, 26704, 20306, 35667, 16600, 14040, 26074, 35676, 26336, 20451, 19236, 35686, 35687, 24752, 18933, 20478]
2018-04-15 20:13:48,303 [DEBUG|PoliceForce/1774089327|TestSearchForFire] best path is:[35937, 35936, 35932, 35638, 35639, 35634, 35536, 35601, 35667]
2018-04-15 20:13:48,306 [DEBUG|PoliceForce/1774089327|TestSearchForFire] choosed:35536
2018-04-15 20:13:52,050 [DEBUG|PoliceForce/1774089327|TestSearchForFire] Time:80
2018-04-15 20:13:52,050 [DEBUG|PoliceForce/1774089327|TestRoadDetector] Time:80
2018-04-15 20:13:52,050 [DEBUG|PoliceForce/1774089327|TestRoadDetector] Targets: []
2018-04-15 20:13:52,050 [DEBUG|PoliceForce/1774089327|TestSearchForFire] unsearchedBuildingIDs:[17229, 25421, 26704, 20306, 35667, 16600, 14040, 26074, 35676, 26336, 20451, 19236, 35686, 35687, 24752, 18933, 20478]
2018-04-15 20:13:52,050 [DEBUG|PoliceForce/1774089327|TestSearchForFire] best path is:[35932, 35638, 35639, 35634, 35536, 35601, 35667]
2018-04-15 20:13:52,050 [DEBUG|PoliceForce/1774089327|TestSearchForFire] choosed:35536
2018-04-15 20:13:55,508 [DEBUG|PoliceForce/1774089327|TestSearchForFire] Time:81
2018-04-15 20:13:55,508 [DEBUG|PoliceForce/1774089327|TestRoadDetector] Time:81
2018-04-15 20:13:55,509 [DEBUG|PoliceForce/1774089327|TestRoadDetector] Targets: []
2018-04-15 20:13:55,509 [DEBUG|PoliceForce/1774089327|TestSearchForFire] unsearchedBuildingIDs:[17229, 25421, 26704, 20306, 16600, 14040, 26074, 26336, 20451, 19236, 35686, 35687, 24752, 18933, 20478]
2018-04-15 20:13:55,509 [DEBUG|PoliceForce/1774089327|TestSearchForFire] best path is:[35536, 35634, 35639, 35638, 35932, 35930, 4731, 2382, 7359, 4524, 17245, 17229]
2018-04-15 20:13:55,509 [DEBUG|PoliceForce/1774089327|TestSearchForFire] choosed:4524
2018-04-15 20:13:59,128 [DEBUG|PoliceForce/1774089327|TestSearchForFire] Time:82
2018-04-15 20:13:59,128 [DEBUG|PoliceForce/1774089327|TestRoadDetector] Time:82
2018-04-15 20:13:59,128 [DEBUG|PoliceForce/1774089327|TestRoadDetector] Targets: []
2018-04-15 20:13:59,128 [DEBUG|PoliceForce/1774089327|TestSearchForFire] unsearchedBuildingIDs:[17229, 25421, 26704, 20306, 16600, 14040, 26074, 26336, 20451, 19236, 35686, 35687, 24752, 18933, 20478]
2018-04-15 20:13:59,129 [DEBUG|PoliceForce/1774089327|TestSearchForFire] best path is:[35930, 4731, 2382, 7359, 4524, 17245, 17229]
2018-04-15 20:13:59,129 [DEBUG|PoliceForce/1774089327|TestSearchForFire] choosed:4524
2018-04-15 20:14:02,840 [DEBUG|PoliceForce/1774089327|TestSearchForFire] Time:83
2018-04-15 20:14:02,840 [DEBUG|PoliceForce/1774089327|TestRoadDetector] Time:83
2018-04-15 20:14:02,841 [DEBUG|PoliceForce/1774089327|TestRoadDetector] Targets: []
2018-04-15 20:14:02,841 [DEBUG|PoliceForce/1774089327|TestSearchForFire] unsearchedBuildingIDs:[25421, 16600, 14040, 26074, 26336, 19236, 35686, 35687, 24752]
2018-04-15 20:14:02,841 [DEBUG|PoliceForce/1774089327|TestSearchForFire] best path is:[4524, 35526, 35676, 35687]
2018-04-15 20:14:02,841 [DEBUG|PoliceForce/1774089327|TestSearchForFire] choosed:35526
2018-04-15 20:14:06,508 [DEBUG|PoliceForce/1774089327|TestSearchForFire] Time:84
2018-04-15 20:14:06,508 [DEBUG|PoliceForce/1774089327|TestRoadDetector] Time:84
2018-04-15 20:14:06,509 [DEBUG|PoliceForce/1774089327|TestRoadDetector] Targets: []
2018-04-15 20:14:06,509 [DEBUG|PoliceForce/1774089327|TestSearchForFire] unsearchedBuildingIDs:[25421, 16600, 14040, 26074, 26336, 19236, 35686, 35687, 24752]
2018-04-15 20:14:06,509 [DEBUG|PoliceForce/1774089327|TestSearchForFire] best path is:[35526, 35676, 35687]
2018-04-15 20:14:06,509 [DEBUG|PoliceForce/1774089327|TestSearchForFire] choosed:35526
2018-04-15 20:14:10,292 [DEBUG|PoliceForce/1774089327|TestSearchForFire] Time:85
2018-04-15 20:14:10,292 [DEBUG|PoliceForce/1774089327|TestRoadDetector] Time:85
2018-04-15 20:14:10,292 [DEBUG|PoliceForce/1774089327|TestRoadDetector] Targets: []
2018-04-15 20:14:10,292 [DEBUG|PoliceForce/1774089327|TestSearchForFire] unsearchedBuildingIDs:[25421, 16600, 14040, 26074, 26336, 19236, 24752]
2018-04-15 20:14:10,293 [DEBUG|PoliceForce/1774089327|TestSearchForFire] best path is:[35526, 4524, 7359, 2382, 4731, 35930, 35932, 33064, 34588, 25437, 25421]
2018-04-15 20:14:10,293 [DEBUG|PoliceForce/1774089327|TestSearchForFire] choosed:34588
2018-04-15 20:14:13,838 [DEBUG|PoliceForce/1774089327|TestSearchForFire] Time:86
2018-04-15 20:14:13,838 [DEBUG|PoliceForce/1774089327|TestRoadDetector] Time:86
2018-04-15 20:14:13,838 [DEBUG|PoliceForce/1774089327|TestRoadDetector] Targets: []
2018-04-15 20:14:13,838 [DEBUG|PoliceForce/1774089327|TestSearchForFire] unsearchedBuildingIDs:[25421, 16600, 14040, 26074, 26336, 19236, 24752]
2018-04-15 20:14:13,838 [DEBUG|PoliceForce/1774089327|TestSearchForFire] best path is:[35930, 35932, 33064, 34588, 25437, 25421]
2018-04-15 20:14:13,838 [DEBUG|PoliceForce/1774089327|TestSearchForFire] choosed:34588
2018-04-15 20:14:17,256 [DEBUG|PoliceForce/1774089327|TestSearchForFire] Time:87
2018-04-15 20:14:17,256 [DEBUG|PoliceForce/1774089327|TestRoadDetector] Time:87
2018-04-15 20:14:17,256 [DEBUG|PoliceForce/1774089327|TestRoadDetector] Targets: []
2018-04-15 20:14:17,256 [DEBUG|PoliceForce/1774089327|TestSearchForFire] unsearchedBuildingIDs:[16600, 14040, 26074, 26336, 19236, 24752]
2018-04-15 20:14:17,257 [DEBUG|PoliceForce/1774089327|TestSearchForFire] best path is:[33064, 35932, 35930, 35926, 35923, 35920, 35918, 6945, 2544, 8376, 5028, 16616, 16600]
2018-04-15 20:14:17,257 [DEBUG|PoliceForce/1774089327|TestSearchForFire] choosed:5028
2018-04-15 20:14:20,656 [DEBUG|PoliceForce/1774089327|TestSearchForFire] Time:88
2018-04-15 20:14:20,657 [DEBUG|PoliceForce/1774089327|TestRoadDetector] Time:88
2018-04-15 20:14:20,657 [DEBUG|PoliceForce/1774089327|TestRoadDetector] Targets: []
2018-04-15 20:14:20,657 [DEBUG|PoliceForce/1774089327|TestSearchForFire] unsearchedBuildingIDs:[16600, 14040, 26074, 26336, 19236, 24752]
2018-04-15 20:14:20,658 [DEBUG|PoliceForce/1774089327|TestSearchForFire] best path is:[35929, 35927, 35924, 35921, 35920, 35918, 6945, 2544, 8376, 5028, 16616, 16600]
2018-04-15 20:14:20,658 [DEBUG|PoliceForce/1774089327|TestSearchForFire] choosed:5028
2018-04-15 20:14:24,212 [DEBUG|PoliceForce/1774089327|TestSearchForFire] Time:89
2018-04-15 20:14:24,212 [DEBUG|PoliceForce/1774089327|TestRoadDetector] Time:89
2018-04-15 20:14:24,212 [DEBUG|PoliceForce/1774089327|TestRoadDetector] Targets: []
2018-04-15 20:14:24,212 [DEBUG|PoliceForce/1774089327|TestSearchForFire] unsearchedBuildingIDs:[16600, 14040, 26074, 26336, 19236, 24752]
2018-04-15 20:14:24,213 [DEBUG|PoliceForce/1774089327|TestSearchForFire] best path is:[35921, 35920, 35918, 6945, 2544, 8376, 5028, 16616, 16600]
2018-04-15 20:14:24,213 [DEBUG|PoliceForce/1774089327|TestSearchForFire] choosed:5028
2018-04-15 20:14:27,896 [DEBUG|PoliceForce/1774089327|TestSearchForFire] Time:90
2018-04-15 20:14:27,896 [DEBUG|PoliceForce/1774089327|TestRoadDetector] Time:90
2018-04-15 20:14:27,896 [DEBUG|PoliceForce/1774089327|TestRoadDetector] Targets: []
2018-04-15 20:14:27,896 [DEBUG|PoliceForce/1774089327|TestSearchForFire] unsearchedBuildingIDs:[16600, 26336, 19236, 24752]
2018-04-15 20:14:27,896 [DEBUG|PoliceForce/1774089327|TestSearchForFire] best path is:[6945, 2544, 8376, 5028, 16616, 16600]
2018-04-15 20:14:27,896 [DEBUG|PoliceForce/1774089327|TestSearchForFire] choosed:5028
2018-04-15 20:14:31,440 [DEBUG|PoliceForce/1774089327|TestSearchForFire] Time:91
2018-04-15 20:14:31,440 [DEBUG|PoliceForce/1774089327|TestRoadDetector] Time:91
2018-04-15 20:14:31,440 [DEBUG|PoliceForce/1774089327|TestRoadDetector] Targets: []
2018-04-15 20:14:31,440 [DEBUG|PoliceForce/1774089327|TestSearchForFire] unsearchedBuildingIDs:[26336, 19236]
2018-04-15 20:14:31,441 [DEBUG|PoliceForce/1774089327|TestSearchForFire] best path is:[5028, 8376, 2544, 6945, 35918, 35917, 35782, 35786, 35789, 35801, 35803, 35807, 35810, 35813, 35816, 35818, 35822, 31060, 31059, 26352, 26336]
2018-04-15 20:14:31,441 [DEBUG|PoliceForce/1774089327|TestSearchForFire] choosed:31059
2018-04-15 20:14:35,104 [DEBUG|PoliceForce/1774089327|TestSearchForFire] Time:92
2018-04-15 20:14:35,105 [DEBUG|PoliceForce/1774089327|TestRoadDetector] Time:92
2018-04-15 20:14:35,105 [DEBUG|PoliceForce/1774089327|TestRoadDetector] Targets: []
2018-04-15 20:14:35,105 [DEBUG|PoliceForce/1774089327|TestSearchForFire] unsearchedBuildingIDs:[26336, 19236]
2018-04-15 20:14:35,106 [DEBUG|PoliceForce/1774089327|TestSearchForFire] best path is:[6945, 35918, 35917, 35782, 35786, 35789, 35801, 35803, 35807, 35810, 35813, 35816, 35818, 35822, 31060, 31059, 26352, 26336]
2018-04-15 20:14:35,106 [DEBUG|PoliceForce/1774089327|TestSearchForFire] choosed:31059
2018-04-15 20:14:38,836 [DEBUG|PoliceForce/1774089327|TestSearchForFire] Time:93
2018-04-15 20:14:38,836 [DEBUG|PoliceForce/1774089327|TestRoadDetector] Time:93
2018-04-15 20:14:38,836 [DEBUG|PoliceForce/1774089327|TestRoadDetector] Targets: []
2018-04-15 20:14:38,836 [DEBUG|PoliceForce/1774089327|TestSearchForFire] unsearchedBuildingIDs:[26336, 19236]
2018-04-15 20:14:38,837 [DEBUG|PoliceForce/1774089327|TestSearchForFire] best path is:[35782, 35786, 35789, 35801, 35803, 35807, 35810, 35813, 35816, 35818, 35822, 31060, 31059, 26352, 26336]
2018-04-15 20:14:38,837 [DEBUG|PoliceForce/1774089327|TestSearchForFire] choosed:31059
2018-04-15 20:14:42,292 [DEBUG|PoliceForce/1774089327|TestSearchForFire] Time:94
2018-04-15 20:14:42,293 [DEBUG|PoliceForce/1774089327|TestRoadDetector] Time:94
2018-04-15 20:14:42,293 [DEBUG|PoliceForce/1774089327|TestRoadDetector] Targets: []
2018-04-15 20:14:42,293 [DEBUG|PoliceForce/1774089327|TestSearchForFire] unsearchedBuildingIDs:[26336, 19236]
2018-04-15 20:14:42,293 [DEBUG|PoliceForce/1774089327|TestSearchForFire] best path is:[35933, 35807, 35810, 35813, 35816, 35818, 35822, 31060, 31059, 26352, 26336]
2018-04-15 20:14:42,293 [DEBUG|PoliceForce/1774089327|TestSearchForFire] choosed:31059
2018-04-15 20:14:45,844 [DEBUG|PoliceForce/1774089327|TestSearchForFire] Time:95
2018-04-15 20:14:45,844 [DEBUG|PoliceForce/1774089327|TestRoadDetector] Time:95
2018-04-15 20:14:45,845 [DEBUG|PoliceForce/1774089327|TestRoadDetector] Targets: []
2018-04-15 20:14:45,845 [DEBUG|PoliceForce/1774089327|TestSearchForFire] unsearchedBuildingIDs:[26336, 19236]
2018-04-15 20:14:45,845 [DEBUG|PoliceForce/1774089327|TestSearchForFire] best path is:[35943, 35816, 35818, 35822, 31060, 31059, 26352, 26336]
2018-04-15 20:14:45,845 [DEBUG|PoliceForce/1774089327|TestSearchForFire] choosed:31059
2018-04-15 20:14:49,560 [DEBUG|PoliceForce/1774089327|TestSearchForFire] Time:96
2018-04-15 20:14:49,560 [DEBUG|PoliceForce/1774089327|TestRoadDetector] Time:96
2018-04-15 20:14:49,560 [DEBUG|PoliceForce/1774089327|TestRoadDetector] Targets: []
2018-04-15 20:14:49,560 [DEBUG|PoliceForce/1774089327|TestSearchForFire] unsearchedBuildingIDs:[19236]
2018-04-15 20:14:49,560 [DEBUG|PoliceForce/1774089327|TestSearchForFire] best path is:[31060, 35822, 35825, 35952, 35951, 19251, 19236]
2018-04-15 20:14:49,560 [DEBUG|PoliceForce/1774089327|TestSearchForFire] choosed:35951
2018-04-15 20:14:53,148 [DEBUG|PoliceForce/1774089327|TestSearchForFire] Time:97
2018-04-15 20:14:53,148 [DEBUG|PoliceForce/1774089327|TestRoadDetector] Time:97
2018-04-15 20:14:53,148 [DEBUG|PoliceForce/1774089327|TestRoadDetector] Targets: []
2018-04-15 20:14:53,148 [DEBUG|PoliceForce/1774089327|TestSearchForFire] unsearchedBuildingIDs:[16901, 23877, 21130, 17229, 25421, 26704, 35536, 35601, 20306, 33043, 35667, 15955, 16600, 33048, 14040, 26074, 35676, 26336, 20451, 19046, 35686, 28839, 35687, 24752, 20337, 18933, 26171, 22779, 20478]
2018-04-15 20:14:53,149 [DEBUG|PoliceForce/1774089327|TestSearchForFire] best path is:[35952, 35949, 35948, 35946, 35942, 35939, 35936, 35932, 35638, 35639, 35634, 35536]
2018-04-15 20:14:53,149 [DEBUG|PoliceForce/1774089327|TestSearchForFire] choosed:35639
2018-04-15 20:14:56,852 [DEBUG|PoliceForce/1774089327|TestSearchForFire] Time:98
2018-04-15 20:14:56,852 [DEBUG|PoliceForce/1774089327|TestRoadDetector] Time:98
2018-04-15 20:14:56,853 [DEBUG|PoliceForce/1774089327|TestRoadDetector] Targets: []
2018-04-15 20:14:56,853 [DEBUG|PoliceForce/1774089327|TestSearchForFire] unsearchedBuildingIDs:[16901, 23877, 21130, 17229, 25421, 26704, 35536, 35601, 20306, 33043, 35667, 15955, 16600, 33048, 14040, 26074, 35676, 26336, 20451, 19046, 35686, 28839, 35687, 24752, 18933, 26171, 22779, 20478]
2018-04-15 20:14:56,853 [DEBUG|PoliceForce/1774089327|TestSearchForFire] best path is:[35946, 35942, 35939, 35936, 35932, 35638, 35639, 35634, 35536]
2018-04-15 20:14:56,853 [DEBUG|PoliceForce/1774089327|TestSearchForFire] choosed:35639
2018-04-15 20:15:00,245 [DEBUG|PoliceForce/1774089327|TestSearchForFire] Time:99
2018-04-15 20:15:00,245 [DEBUG|PoliceForce/1774089327|TestRoadDetector] Time:99
2018-04-15 20:15:00,245 [DEBUG|PoliceForce/1774089327|TestRoadDetector] Targets: []
2018-04-15 20:15:00,245 [DEBUG|PoliceForce/1774089327|TestSearchForFire] unsearchedBuildingIDs:[23877, 21130, 17229, 25421, 26704, 20306, 33043, 35667, 15955, 16600, 33048, 14040, 26074, 35676, 26336, 20451, 35686, 28839, 35687, 24752, 18933, 26171, 20478]
2018-04-15 20:15:00,245 [DEBUG|PoliceForce/1774089327|TestSearchForFire] best path is:[35932, 35930, 4731, 2382, 23893, 23877]
2018-04-15 20:15:00,245 [DEBUG|PoliceForce/1774089327|TestSearchForFire] choosed:2382
2018-04-15 20:15:03,760 [DEBUG|PoliceForce/1774089327|TestSearchForFire] Time:100
2018-04-15 20:15:03,760 [DEBUG|PoliceForce/1774089327|TestRoadDetector] Time:100
2018-04-15 20:15:03,761 [DEBUG|PoliceForce/1774089327|TestRoadDetector] Targets: []
2018-04-15 20:15:03,761 [DEBUG|PoliceForce/1774089327|TestSearchForFire] unsearchedBuildingIDs:[21130, 17229, 25421, 26704, 20306, 33043, 15955, 16600, 33048, 14040, 26074, 26336, 20451, 35686, 28839, 35687, 24752, 18933, 26171]
2018-04-15 20:15:03,761 [DEBUG|PoliceForce/1774089327|TestSearchForFire] best path is:[4731, 35930, 35929, 35803, 35807, 21145, 21130]
2018-04-15 20:15:03,761 [DEBUG|PoliceForce/1774089327|TestSearchForFire] choosed:35807
2018-04-15 20:15:07,324 [DEBUG|PoliceForce/1774089327|TestSearchForFire] Time:101
2018-04-15 20:15:07,325 [DEBUG|PoliceForce/1774089327|TestRoadDetector] Time:101
2018-04-15 20:15:07,325 [DEBUG|PoliceForce/1774089327|TestRoadDetector] Targets: []
2018-04-15 20:15:07,325 [DEBUG|PoliceForce/1774089327|TestSearchForFire] unsearchedBuildingIDs:[17229, 25421, 26704, 20306, 15955, 16600, 14040, 26074, 26336, 20451, 35686, 28839, 35687, 24752, 18933, 26171]
2018-04-15 20:15:07,325 [DEBUG|PoliceForce/1774089327|TestSearchForFire] best path is:[35929, 35930, 4731, 2382, 7359, 4524, 17245, 17229]
2018-04-15 20:15:07,325 [DEBUG|PoliceForce/1774089327|TestSearchForFire] choosed:4524
2018-04-15 20:15:10,656 [DEBUG|PoliceForce/1774089327|TestSearchForFire] Time:102
2018-04-15 20:15:10,656 [DEBUG|PoliceForce/1774089327|TestRoadDetector] Time:102
2018-04-15 20:15:10,657 [DEBUG|PoliceForce/1774089327|TestRoadDetector] Targets: []
2018-04-15 20:15:10,657 [DEBUG|PoliceForce/1774089327|TestSearchForFire] unsearchedBuildingIDs:[17229, 25421, 26704, 20306, 15955, 16600, 14040, 26074, 26336, 20451, 35686, 28839, 35687, 24752, 18933, 26171]
2018-04-15 20:15:10,657 [DEBUG|PoliceForce/1774089327|TestSearchForFire] best path is:[4731, 2382, 7359, 4524, 17245, 17229]
2018-04-15 20:15:10,657 [DEBUG|PoliceForce/1774089327|TestSearchForFire] choosed:4524
2018-04-15 20:15:14,244 [DEBUG|PoliceForce/1774089327|TestSearchForFire] Time:103
2018-04-15 20:15:14,244 [DEBUG|PoliceForce/1774089327|TestRoadDetector] Time:103
2018-04-15 20:15:14,245 [DEBUG|PoliceForce/1774089327|TestRoadDetector] Targets: []
2018-04-15 20:15:14,245 [DEBUG|PoliceForce/1774089327|TestSearchForFire] unsearchedBuildingIDs:[25421, 15955, 16600, 14040, 26074, 26336, 28839, 24752, 26171]
2018-04-15 20:15:14,245 [DEBUG|PoliceForce/1774089327|TestSearchForFire] best path is:[4524, 7359, 2382, 4731, 35930, 35932, 33064, 34588, 25437, 25421]
2018-04-15 20:15:14,245 [DEBUG|PoliceForce/1774089327|TestSearchForFire] choosed:34588
2018-04-15 20:15:17,844 [DEBUG|PoliceForce/1774089327|TestSearchForFire] Time:104
2018-04-15 20:15:17,844 [DEBUG|PoliceForce/1774089327|TestRoadDetector] Time:104
2018-04-15 20:15:17,845 [DEBUG|PoliceForce/1774089327|TestRoadDetector] Targets: []
2018-04-15 20:15:17,845 [DEBUG|PoliceForce/1774089327|TestSearchForFire] unsearchedBuildingIDs:[25421, 15955, 16600, 14040, 26074, 26336, 28839, 24752]
2018-04-15 20:15:17,845 [DEBUG|PoliceForce/1774089327|TestSearchForFire] best path is:[35930, 35932, 33064, 34588, 25437, 25421]
2018-04-15 20:15:17,845 [DEBUG|PoliceForce/1774089327|TestSearchForFire] choosed:34588
2018-04-15 20:15:21,072 [DEBUG|PoliceForce/1774089327|TestSearchForFire] Time:105
2018-04-15 20:15:21,072 [DEBUG|PoliceForce/1774089327|TestRoadDetector] Time:105
2018-04-15 20:15:21,072 [DEBUG|PoliceForce/1774089327|TestRoadDetector] Targets: []
2018-04-15 20:15:21,072 [DEBUG|PoliceForce/1774089327|TestSearchForFire] unsearchedBuildingIDs:[15955, 16600, 14040, 26074, 26336, 28839, 24752]
2018-04-15 20:15:21,073 [DEBUG|PoliceForce/1774089327|TestSearchForFire] best path is:[33064, 35932, 35936, 35937, 35810, 35813, 35816, 35818, 35822, 31060, 31059, 15971, 15955]
2018-04-15 20:15:21,073 [DEBUG|PoliceForce/1774089327|TestSearchForFire] choosed:31059
2018-04-15 20:15:24,437 [DEBUG|PoliceForce/1774089327|TestSearchForFire] Time:106
2018-04-15 20:15:24,437 [DEBUG|PoliceForce/1774089327|TestRoadDetector] Time:106
2018-04-15 20:15:24,437 [DEBUG|PoliceForce/1774089327|TestRoadDetector] Targets: []
2018-04-15 20:15:24,437 [DEBUG|PoliceForce/1774089327|TestSearchForFire] unsearchedBuildingIDs:[15955, 16600, 14040, 26074, 26336, 28839, 24752]
2018-04-15 20:15:24,437 [DEBUG|PoliceForce/1774089327|TestSearchForFire] best path is:[35937, 35810, 35813, 35816, 35818, 35822, 31060, 31059, 15971, 15955]
2018-04-15 20:15:24,437 [DEBUG|PoliceForce/1774089327|TestSearchForFire] choosed:31059
2018-04-15 20:15:27,772 [DEBUG|PoliceForce/1774089327|TestSearchForFire] Time:107
2018-04-15 20:15:27,773 [DEBUG|PoliceForce/1774089327|TestRoadDetector] Time:107
2018-04-15 20:15:27,773 [DEBUG|PoliceForce/1774089327|TestRoadDetector] Targets: []
2018-04-15 20:15:27,773 [DEBUG|PoliceForce/1774089327|TestSearchForFire] unsearchedBuildingIDs:[15955, 16600, 14040, 26074, 26336, 28839, 24752]
2018-04-15 20:15:27,773 [DEBUG|PoliceForce/1774089327|TestSearchForFire] best path is:[35943, 35816, 35818, 35822, 31060, 31059, 15971, 15955]
2018-04-15 20:15:27,773 [DEBUG|PoliceForce/1774089327|TestSearchForFire] choosed:31059
2018-04-15 20:15:31,228 [DEBUG|PoliceForce/1774089327|TestSearchForFire] Time:108
2018-04-15 20:15:31,228 [DEBUG|PoliceForce/1774089327|TestRoadDetector] Time:108
2018-04-15 20:15:31,229 [DEBUG|PoliceForce/1774089327|TestRoadDetector] Targets: []
2018-04-15 20:15:31,229 [DEBUG|PoliceForce/1774089327|TestSearchForFire] unsearchedBuildingIDs:[16600, 14040, 26074, 28839, 24752]
2018-04-15 20:15:31,229 [DEBUG|PoliceForce/1774089327|TestSearchForFire] best path is:[31059, 31060, 35822, 35818, 35816, 35813, 35810, 35807, 35803, 35801, 35789, 35786, 35782, 35917, 35918, 6945, 2544, 8376, 5028, 16616, 16600]
2018-04-15 20:15:31,229 [DEBUG|PoliceForce/1774089327|TestSearchForFire] choosed:5028
2018-04-15 20:15:34,678 [DEBUG|PoliceForce/1774089327|TestSearchForFire] Time:109
2018-04-15 20:15:34,678 [DEBUG|PoliceForce/1774089327|TestRoadDetector] Time:109
2018-04-15 20:15:34,678 [DEBUG|PoliceForce/1774089327|TestRoadDetector] Targets: []
2018-04-15 20:15:34,678 [DEBUG|PoliceForce/1774089327|TestSearchForFire] unsearchedBuildingIDs:[16600, 14040, 26074, 28839, 24752]
2018-04-15 20:15:34,679 [DEBUG|PoliceForce/1774089327|TestSearchForFire] best path is:[35943, 35940, 35937, 35933, 35929, 35927, 35924, 35921, 35920, 35918, 6945, 2544, 8376, 5028, 16616, 16600]
2018-04-15 20:15:34,679 [DEBUG|PoliceForce/1774089327|TestSearchForFire] choosed:5028
2018-04-15 20:15:38,234 [DEBUG|PoliceForce/1774089327|TestSearchForFire] Time:110
2018-04-15 20:15:38,235 [DEBUG|PoliceForce/1774089327|TestRoadDetector] Time:110
2018-04-15 20:15:38,235 [DEBUG|PoliceForce/1774089327|TestRoadDetector] Targets: []
2018-04-15 20:15:38,236 [DEBUG|PoliceForce/1774089327|TestSearchForFire] unsearchedBuildingIDs:[16600, 14040, 26074, 28839, 24752]
2018-04-15 20:15:38,236 [DEBUG|PoliceForce/1774089327|TestSearchForFire] best path is:[35933, 35929, 35927, 35924, 35921, 35920, 35918, 6945, 2544, 8376, 5028, 16616, 16600]
2018-04-15 20:15:38,236 [DEBUG|PoliceForce/1774089327|TestSearchForFire] choosed:5028
2018-04-15 20:15:41,708 [DEBUG|PoliceForce/1774089327|TestSearchForFire] Time:111
2018-04-15 20:15:41,709 [DEBUG|PoliceForce/1774089327|TestRoadDetector] Time:111
2018-04-15 20:15:41,709 [DEBUG|PoliceForce/1774089327|TestRoadDetector] Targets: []
2018-04-15 20:15:41,709 [DEBUG|PoliceForce/1774089327|TestSearchForFire] unsearchedBuildingIDs:[16600, 26074, 28839, 24752]
2018-04-15 20:15:41,709 [DEBUG|PoliceForce/1774089327|TestSearchForFire] best path is:[35920, 35918, 6945, 2544, 8376, 5028, 16616, 16600]
2018-04-15 20:15:41,709 [DEBUG|PoliceForce/1774089327|TestSearchForFire] choosed:5028
2018-04-15 20:15:44,976 [DEBUG|PoliceForce/1774089327|TestSearchForFire] Time:112
2018-04-15 20:15:44,976 [DEBUG|PoliceForce/1774089327|TestRoadDetector] Time:112
2018-04-15 20:15:44,977 [DEBUG|PoliceForce/1774089327|TestRoadDetector] Targets: []
2018-04-15 20:15:44,977 [DEBUG|PoliceForce/1774089327|TestSearchForFire] unsearchedBuildingIDs:[28839, 24752]
2018-04-15 20:15:44,977 [DEBUG|PoliceForce/1774089327|TestSearchForFire] best path is:[2544, 8376, 5028, 24768, 24752]
2018-04-15 20:15:44,977 [DEBUG|PoliceForce/1774089327|TestSearchForFire] choosed:5028
2018-04-15 20:15:48,252 [DEBUG|PoliceForce/1774089327|TestSearchForFire] Time:113
2018-04-15 20:15:48,252 [DEBUG|PoliceForce/1774089327|TestRoadDetector] Time:113
2018-04-15 20:15:48,253 [DEBUG|PoliceForce/1774089327|TestRoadDetector] Targets: []
2018-04-15 20:15:48,253 [DEBUG|PoliceForce/1774089327|TestSearchForFire] unsearchedBuildingIDs:[28839]
2018-04-15 20:15:48,253 [DEBUG|PoliceForce/1774089327|TestSearchForFire] best path is:[5028, 8376, 2544, 6945, 35918, 35914, 35911, 3462, 28855, 28839]
2018-04-15 20:15:48,253 [DEBUG|PoliceForce/1774089327|TestSearchForFire] choosed:3462
2018-04-15 20:15:51,828 [DEBUG|PoliceForce/1774089327|TestSearchForFire] Time:114
2018-04-15 20:15:51,829 [DEBUG|PoliceForce/1774089327|TestRoadDetector] Time:114
2018-04-15 20:15:51,829 [DEBUG|PoliceForce/1774089327|TestRoadDetector] Targets: []
2018-04-15 20:15:51,829 [DEBUG|PoliceForce/1774089327|TestSearchForFire] unsearchedBuildingIDs:[28839]
2018-04-15 20:15:51,829 [DEBUG|PoliceForce/1774089327|TestSearchForFire] best path is:[6945, 35918, 35914, 35911, 3462, 28855, 28839]
2018-04-15 20:15:51,829 [DEBUG|PoliceForce/1774089327|TestSearchForFire] choosed:3462
2018-04-15 20:15:55,256 [DEBUG|PoliceForce/1774089327|TestSearchForFire] Time:115
2018-04-15 20:15:55,256 [DEBUG|PoliceForce/1774089327|TestRoadDetector] Time:115
2018-04-15 20:15:55,257 [DEBUG|PoliceForce/1774089327|TestRoadDetector] Targets: []
2018-04-15 20:15:55,257 [DEBUG|PoliceForce/1774089327|TestSearchForFire] unsearchedBuildingIDs:[28839]
2018-04-15 20:15:55,257 [DEBUG|PoliceForce/1774089327|TestSearchForFire] best path is:[35911, 3462, 28855, 28839]
2018-04-15 20:15:55,257 [DEBUG|PoliceForce/1774089327|TestSearchForFire] choosed:3462
2018-04-15 20:15:58,624 [DEBUG|PoliceForce/1774089327|TestSearchForFire] Time:116
2018-04-15 20:15:58,624 [DEBUG|PoliceForce/1774089327|TestRoadDetector] Time:116
2018-04-15 20:15:58,624 [DEBUG|PoliceForce/1774089327|TestRoadDetector] Targets: []
2018-04-15 20:15:58,624 [DEBUG|PoliceForce/1774089327|TestSearchForFire] unsearchedBuildingIDs:[16901, 23877, 13512, 21130, 17229, 25421, 26704, 35536, 35601, 20306, 33043, 35667, 15955, 16600, 33048, 14040, 26074, 35676, 26336, 20451, 19236, 19046, 35686, 35687, 24752, 20337, 18933, 21304, 22779, 20478]
2018-04-15 20:15:58,624 [DEBUG|PoliceForce/1774089327|TestSearchForFire] best path is:[3462, 35911, 35914, 35918, 35920, 22795, 22779]
2018-04-15 20:15:58,624 [DEBUG|PoliceForce/1774089327|TestSearchForFire] choosed:35920
2018-04-15 20:16:01,880 [DEBUG|PoliceForce/1774089327|TestSearchForFire] Time:117
2018-04-15 20:16:01,880 [DEBUG|PoliceForce/1774089327|TestRoadDetector] Time:117
2018-04-15 20:16:01,881 [DEBUG|PoliceForce/1774089327|TestRoadDetector] Targets: []
2018-04-15 20:16:01,881 [DEBUG|PoliceForce/1774089327|TestSearchForFire] unsearchedBuildingIDs:[16901, 23877, 13512, 21130, 17229, 25421, 26704, 35536, 35601, 20306, 33043, 35667, 15955, 16600, 33048, 14040, 26074, 35676, 26336, 20451, 19236, 19046, 35686, 35687, 24752, 20337, 18933, 21304, 22779, 20478]
2018-04-15 20:16:01,881 [DEBUG|PoliceForce/1774089327|TestSearchForFire] best path is:[35915, 35917, 35921, 35920, 22795, 22779]
2018-04-15 20:16:01,881 [DEBUG|PoliceForce/1774089327|TestSearchForFire] choosed:35920
2018-04-15 20:16:05,200 [DEBUG|PoliceForce/1774089327|TestSearchForFire] Time:118
2018-04-15 20:16:05,200 [DEBUG|PoliceForce/1774089327|TestRoadDetector] Time:118
2018-04-15 20:16:05,201 [DEBUG|PoliceForce/1774089327|TestRoadDetector] Targets: []
2018-04-15 20:16:05,201 [DEBUG|PoliceForce/1774089327|TestSearchForFire] unsearchedBuildingIDs:[16901, 23877, 13512, 21130, 17229, 25421, 26704, 35601, 20306, 33043, 35667, 15955, 16600, 33048, 14040, 26074, 35676, 26336, 20451, 19236, 35686, 35687, 24752, 20337, 18933, 21304, 20478]
2018-04-15 20:16:05,201 [DEBUG|PoliceForce/1774089327|TestSearchForFire] best path is:[35920, 35923, 35926, 35930, 4731, 16917, 16901]
2018-04-15 20:16:05,201 [DEBUG|PoliceForce/1774089327|TestSearchForFire] choosed:4731
2018-04-15 20:16:08,537 [DEBUG|PoliceForce/1774089327|TestSearchForFire] Time:119
2018-04-15 20:16:08,537 [DEBUG|PoliceForce/1774089327|TestRoadDetector] Time:119
2018-04-15 20:16:08,537 [DEBUG|PoliceForce/1774089327|TestRoadDetector] Targets: []
2018-04-15 20:16:08,537 [DEBUG|PoliceForce/1774089327|TestSearchForFire] unsearchedBuildingIDs:[13512, 21130, 17229, 25421, 26704, 20306, 33043, 15955, 16600, 33048, 14040, 26074, 35676, 26336, 20451, 19236, 35686, 35687, 24752, 18933, 21304, 20478]
2018-04-15 20:16:08,537 [DEBUG|PoliceForce/1774089327|TestSearchForFire] best path is:[35930, 35929, 35803, 35807, 35810, 33049, 33048]
2018-04-15 20:16:08,538 [DEBUG|PoliceForce/1774089327|TestSearchForFire] choosed:35810
2018-04-15 20:16:12,117 [DEBUG|PoliceForce/1774089327|TestSearchForFire] Time:120
2018-04-15 20:16:12,117 [DEBUG|PoliceForce/1774089327|TestRoadDetector] Time:120
2018-04-15 20:16:12,117 [DEBUG|PoliceForce/1774089327|TestRoadDetector] Targets: []
2018-04-15 20:16:12,117 [DEBUG|PoliceForce/1774089327|TestSearchForFire] unsearchedBuildingIDs:[13512, 17229, 25421, 26704, 20306, 15955, 16600, 14040, 26074, 35676, 26336, 20451, 19236, 35686, 35687, 24752, 18933, 21304, 20478]
2018-04-15 20:16:12,117 [DEBUG|PoliceForce/1774089327|TestSearchForFire] best path is:[35803, 35807, 35810, 35813, 35816, 35818, 13527, 13512]
2018-04-15 20:16:12,117 [DEBUG|PoliceForce/1774089327|TestSearchForFire] choosed:35818
2018-04-15 20:16:15,704 [DEBUG|PoliceForce/1774089327|TestSearchForFire] Time:121
2018-04-15 20:16:15,704 [DEBUG|PoliceForce/1774089327|TestRoadDetector] Time:121
2018-04-15 20:16:15,704 [DEBUG|PoliceForce/1774089327|TestRoadDetector] Targets: []
2018-04-15 20:16:15,704 [DEBUG|PoliceForce/1774089327|TestSearchForFire] unsearchedBuildingIDs:[17229, 25421, 26704, 20306, 16600, 14040, 26074, 35676, 26336, 20451, 19236, 35686, 35687, 24752, 18933, 20478]
2018-04-15 20:16:15,704 [DEBUG|PoliceForce/1774089327|TestSearchForFire] best path is:[35818, 35816, 35813, 35810, 35807, 35803, 35929, 35930, 4731, 2382, 7359, 4524, 17245, 17229]
2018-04-15 20:16:15,704 [DEBUG|PoliceForce/1774089327|TestSearchForFire] choosed:4524
2018-04-15 20:16:18,908 [DEBUG|PoliceForce/1774089327|TestSearchForFire] Time:122
2018-04-15 20:16:18,908 [DEBUG|PoliceForce/1774089327|TestRoadDetector] Time:122
2018-04-15 20:16:18,908 [DEBUG|PoliceForce/1774089327|TestRoadDetector] Targets: []
2018-04-15 20:16:18,909 [DEBUG|PoliceForce/1774089327|TestSearchForFire] unsearchedBuildingIDs:[17229, 25421, 26704, 20306, 16600, 14040, 26074, 35676, 26336, 20451, 19236, 35686, 35687, 24752, 18933, 20478]
2018-04-15 20:16:18,909 [DEBUG|PoliceForce/1774089327|TestSearchForFire] best path is:[35933, 35929, 35930, 4731, 2382, 7359, 4524, 17245, 17229]
2018-04-15 20:16:18,909 [DEBUG|PoliceForce/1774089327|TestSearchForFire] choosed:4524
2018-04-15 20:16:22,065 [DEBUG|PoliceForce/1774089327|TestSearchForFire] Time:123
2018-04-15 20:16:22,065 [DEBUG|PoliceForce/1774089327|TestRoadDetector] Time:123
2018-04-15 20:16:22,065 [DEBUG|PoliceForce/1774089327|TestRoadDetector] Targets: []
2018-04-15 20:16:22,065 [DEBUG|PoliceForce/1774089327|TestSearchForFire] unsearchedBuildingIDs:[17229, 25421, 26704, 20306, 16600, 14040, 26074, 26336, 20451, 19236, 35686, 35687, 24752, 18933, 20478]
2018-04-15 20:16:22,065 [DEBUG|PoliceForce/1774089327|TestSearchForFire] best path is:[35930, 4731, 2382, 7359, 4524, 17245, 17229]
2018-04-15 20:16:22,065 [DEBUG|PoliceForce/1774089327|TestSearchForFire] choosed:4524
2018-04-15 20:16:25,531 [DEBUG|PoliceForce/1774089327|TestSearchForFire] Time:124
2018-04-15 20:16:25,531 [DEBUG|PoliceForce/1774089327|TestRoadDetector] Time:124
2018-04-15 20:16:25,531 [DEBUG|PoliceForce/1774089327|TestRoadDetector] Targets: []
2018-04-15 20:16:25,531 [DEBUG|PoliceForce/1774089327|TestSearchForFire] unsearchedBuildingIDs:[25421, 16600, 14040, 26074, 26336, 19236, 35686, 35687, 24752]
2018-04-15 20:16:25,531 [DEBUG|PoliceForce/1774089327|TestSearchForFire] best path is:[4524, 35526, 35676, 35687]
2018-04-15 20:16:25,531 [DEBUG|PoliceForce/1774089327|TestSearchForFire] choosed:35526
2018-04-15 20:16:28,986 [DEBUG|PoliceForce/1774089327|TestSearchForFire] Time:125
2018-04-15 20:16:28,990 [DEBUG|PoliceForce/1774089327|TestRoadDetector] Time:125
2018-04-15 20:16:28,991 [DEBUG|PoliceForce/1774089327|TestRoadDetector] Targets: []
2018-04-15 20:16:28,991 [DEBUG|PoliceForce/1774089327|TestSearchForFire] unsearchedBuildingIDs:[25421, 16600, 14040, 26074, 26336, 19236, 35686, 35687, 24752]
2018-04-15 20:16:28,991 [DEBUG|PoliceForce/1774089327|TestSearchForFire] best path is:[35526, 35676, 35687]
2018-04-15 20:16:28,991 [DEBUG|PoliceForce/1774089327|TestSearchForFire] choosed:35526
2018-04-15 20:16:32,347 [DEBUG|PoliceForce/1774089327|TestSearchForFire] Time:126
2018-04-15 20:16:32,347 [DEBUG|PoliceForce/1774089327|TestRoadDetector] Time:126
2018-04-15 20:16:32,347 [DEBUG|PoliceForce/1774089327|TestRoadDetector] Targets: []
2018-04-15 20:16:32,347 [DEBUG|PoliceForce/1774089327|TestSearchForFire] unsearchedBuildingIDs:[25421, 16600, 14040, 26074, 26336, 19236, 35687, 24752]
2018-04-15 20:16:32,347 [DEBUG|PoliceForce/1774089327|TestSearchForFire] best path is:[35526, 35676, 35687]
2018-04-15 20:16:32,347 [DEBUG|PoliceForce/1774089327|TestSearchForFire] choosed:35526
2018-04-15 20:16:35,688 [DEBUG|PoliceForce/1774089327|TestSearchForFire] Time:127
2018-04-15 20:16:35,689 [DEBUG|PoliceForce/1774089327|TestRoadDetector] Time:127
2018-04-15 20:16:35,689 [DEBUG|PoliceForce/1774089327|TestRoadDetector] Targets: []
2018-04-15 20:16:35,689 [DEBUG|PoliceForce/1774089327|TestSearchForFire] unsearchedBuildingIDs:[25421, 16600, 14040, 26074, 26336, 19236, 24752]
2018-04-15 20:16:35,689 [DEBUG|PoliceForce/1774089327|TestSearchForFire] best path is:[35526, 4524, 7359, 2382, 4731, 35930, 35932, 33064, 34588, 25437, 25421]
2018-04-15 20:16:35,689 [DEBUG|PoliceForce/1774089327|TestSearchForFire] choosed:34588
2018-04-15 20:16:39,208 [DEBUG|PoliceForce/1774089327|TestSearchForFire] Time:128
2018-04-15 20:16:39,208 [DEBUG|PoliceForce/1774089327|TestRoadDetector] Time:128
2018-04-15 20:16:39,209 [DEBUG|PoliceForce/1774089327|TestRoadDetector] Targets: []
2018-04-15 20:16:39,209 [DEBUG|PoliceForce/1774089327|TestSearchForFire] unsearchedBuildingIDs:[25421, 16600, 14040, 26074, 26336, 19236, 24752]
2018-04-15 20:16:39,209 [DEBUG|PoliceForce/1774089327|TestSearchForFire] best path is:[35930, 35932, 33064, 34588, 25437, 25421]
2018-04-15 20:16:39,209 [DEBUG|PoliceForce/1774089327|TestSearchForFire] choosed:34588
2018-04-15 20:16:42,477 [DEBUG|PoliceForce/1774089327|TestSearchForFire] Time:129
2018-04-15 20:16:42,478 [DEBUG|PoliceForce/1774089327|TestRoadDetector] Time:129
2018-04-15 20:16:42,478 [DEBUG|PoliceForce/1774089327|TestRoadDetector] Targets: []
2018-04-15 20:16:42,478 [DEBUG|PoliceForce/1774089327|TestSearchForFire] unsearchedBuildingIDs:[16600, 14040, 26074, 26336, 19236, 24752]
2018-04-15 20:16:42,478 [DEBUG|PoliceForce/1774089327|TestSearchForFire] best path is:[33064, 35932, 35930, 35926, 35923, 35920, 35918, 6945, 2544, 8376, 5028, 16616, 16600]
2018-04-15 20:16:42,478 [DEBUG|PoliceForce/1774089327|TestSearchForFire] choosed:5028
2018-04-15 20:16:45,661 [DEBUG|PoliceForce/1774089327|TestSearchForFire] Time:130
2018-04-15 20:16:45,661 [DEBUG|PoliceForce/1774089327|TestRoadDetector] Time:130
2018-04-15 20:16:45,661 [DEBUG|PoliceForce/1774089327|TestRoadDetector] Targets: []
2018-04-15 20:16:45,662 [DEBUG|PoliceForce/1774089327|TestSearchForFire] unsearchedBuildingIDs:[16600, 14040, 26074, 26336, 19236, 24752]
2018-04-15 20:16:45,662 [DEBUG|PoliceForce/1774089327|TestSearchForFire] best path is:[35929, 35927, 35924, 35921, 35920, 35918, 6945, 2544, 8376, 5028, 16616, 16600]
2018-04-15 20:16:45,662 [DEBUG|PoliceForce/1774089327|TestSearchForFire] choosed:5028
2018-04-15 20:16:48,945 [DEBUG|PoliceForce/1774089327|TestSearchForFire] Time:131
2018-04-15 20:16:48,945 [DEBUG|PoliceForce/1774089327|TestRoadDetector] Time:131
2018-04-15 20:16:48,945 [DEBUG|PoliceForce/1774089327|TestRoadDetector] Targets: []
2018-04-15 20:16:48,945 [DEBUG|PoliceForce/1774089327|TestSearchForFire] unsearchedBuildingIDs:[16600, 14040, 26074, 26336, 19236, 24752]
2018-04-15 20:16:48,945 [DEBUG|PoliceForce/1774089327|TestSearchForFire] best path is:[35921, 35920, 35918, 6945, 2544, 8376, 5028, 16616, 16600]
2018-04-15 20:16:48,945 [DEBUG|PoliceForce/1774089327|TestSearchForFire] choosed:5028
2018-04-15 20:16:52,196 [DEBUG|PoliceForce/1774089327|TestSearchForFire] Time:132
2018-04-15 20:16:52,197 [DEBUG|PoliceForce/1774089327|TestRoadDetector] Time:132
2018-04-15 20:16:52,197 [DEBUG|PoliceForce/1774089327|TestRoadDetector] Targets: []
2018-04-15 20:16:52,197 [DEBUG|PoliceForce/1774089327|TestSearchForFire] unsearchedBuildingIDs:[16600, 26336, 19236, 24752]
2018-04-15 20:16:52,197 [DEBUG|PoliceForce/1774089327|TestSearchForFire] best path is:[6945, 2544, 8376, 5028, 16616, 16600]
2018-04-15 20:16:52,197 [DEBUG|PoliceForce/1774089327|TestSearchForFire] choosed:5028
2018-04-15 20:16:55,492 [DEBUG|PoliceForce/1774089327|TestSearchForFire] Time:133
2018-04-15 20:16:55,492 [DEBUG|PoliceForce/1774089327|TestRoadDetector] Time:133
2018-04-15 20:16:55,492 [DEBUG|PoliceForce/1774089327|TestRoadDetector] Targets: []
2018-04-15 20:16:55,493 [DEBUG|PoliceForce/1774089327|TestSearchForFire] unsearchedBuildingIDs:[26336, 19236]
2018-04-15 20:16:55,493 [DEBUG|PoliceForce/1774089327|TestSearchForFire] best path is:[5028, 8376, 2544, 6945, 35918, 35917, 35782, 35786, 35789, 35801, 35803, 35807, 35810, 35813, 35816, 35818, 35822, 31060, 31059, 26352, 26336]
2018-04-15 20:16:55,493 [DEBUG|PoliceForce/1774089327|TestSearchForFire] choosed:31059
2018-04-15 20:16:58,865 [DEBUG|PoliceForce/1774089327|TestSearchForFire] Time:134
2018-04-15 20:16:58,865 [DEBUG|PoliceForce/1774089327|TestRoadDetector] Time:134
2018-04-15 20:16:58,865 [DEBUG|PoliceForce/1774089327|TestRoadDetector] Targets: []
2018-04-15 20:16:58,865 [DEBUG|PoliceForce/1774089327|TestSearchForFire] unsearchedBuildingIDs:[26336, 19236]
2018-04-15 20:16:58,866 [DEBUG|PoliceForce/1774089327|TestSearchForFire] best path is:[6945, 35918, 35917, 35782, 35786, 35789, 35801, 35803, 35807, 35810, 35813, 35816, 35818, 35822, 31060, 31059, 26352, 26336]
2018-04-15 20:16:58,866 [DEBUG|PoliceForce/1774089327|TestSearchForFire] choosed:31059
2018-04-15 20:17:02,287 [DEBUG|PoliceForce/1774089327|TestSearchForFire] Time:135
2018-04-15 20:17:02,287 [DEBUG|PoliceForce/1774089327|TestRoadDetector] Time:135
2018-04-15 20:17:02,288 [DEBUG|PoliceForce/1774089327|TestRoadDetector] Targets: []
2018-04-15 20:17:02,288 [DEBUG|PoliceForce/1774089327|TestSearchForFire] unsearchedBuildingIDs:[26336, 19236]
2018-04-15 20:17:02,288 [DEBUG|PoliceForce/1774089327|TestSearchForFire] best path is:[35782, 35786, 35789, 35801, 35803, 35807, 35810, 35813, 35816, 35818, 35822, 31060, 31059, 26352, 26336]
2018-04-15 20:17:02,288 [DEBUG|PoliceForce/1774089327|TestSearchForFire] choosed:31059
2018-04-15 20:17:05,616 [DEBUG|PoliceForce/1774089327|TestSearchForFire] Time:136
2018-04-15 20:17:05,617 [DEBUG|PoliceForce/1774089327|TestRoadDetector] Time:136
2018-04-15 20:17:05,617 [DEBUG|PoliceForce/1774089327|TestRoadDetector] Targets: []
2018-04-15 20:17:05,617 [DEBUG|PoliceForce/1774089327|TestSearchForFire] unsearchedBuildingIDs:[26336, 19236]
2018-04-15 20:17:05,617 [DEBUG|PoliceForce/1774089327|TestSearchForFire] best path is:[35933, 35807, 35810, 35813, 35816, 35818, 35822, 31060, 31059, 26352, 26336]
2018-04-15 20:17:05,617 [DEBUG|PoliceForce/1774089327|TestSearchForFire] choosed:31059
2018-04-15 20:17:09,064 [DEBUG|PoliceForce/1774089327|TestSearchForFire] Time:137
2018-04-15 20:17:09,065 [DEBUG|PoliceForce/1774089327|TestRoadDetector] Time:137
2018-04-15 20:17:09,065 [DEBUG|PoliceForce/1774089327|TestRoadDetector] Targets: []
2018-04-15 20:17:09,065 [DEBUG|PoliceForce/1774089327|TestSearchForFire] unsearchedBuildingIDs:[26336, 19236]
2018-04-15 20:17:09,065 [DEBUG|PoliceForce/1774089327|TestSearchForFire] best path is:[35943, 35816, 35818, 35822, 31060, 31059, 26352, 26336]
2018-04-15 20:17:09,065 [DEBUG|PoliceForce/1774089327|TestSearchForFire] choosed:31059
2018-04-15 20:17:12,553 [DEBUG|PoliceForce/1774089327|TestSearchForFire] Time:138
2018-04-15 20:17:12,553 [DEBUG|PoliceForce/1774089327|TestRoadDetector] Time:138
2018-04-15 20:17:12,553 [DEBUG|PoliceForce/1774089327|TestRoadDetector] Targets: []
2018-04-15 20:17:12,553 [DEBUG|PoliceForce/1774089327|TestSearchForFire] unsearchedBuildingIDs:[19236]
2018-04-15 20:17:12,553 [DEBUG|PoliceForce/1774089327|TestSearchForFire] best path is:[31060, 35822, 35825, 35952, 35951, 19251, 19236]
2018-04-15 20:17:12,554 [DEBUG|PoliceForce/1774089327|TestSearchForFire] choosed:35951
2018-04-15 20:17:15,877 [DEBUG|PoliceForce/1774089327|TestSearchForFire] Time:139
2018-04-15 20:17:15,877 [DEBUG|PoliceForce/1774089327|TestRoadDetector] Time:139
2018-04-15 20:17:15,877 [DEBUG|PoliceForce/1774089327|TestRoadDetector] Targets: []
2018-04-15 20:17:15,877 [DEBUG|PoliceForce/1774089327|TestSearchForFire] unsearchedBuildingIDs:[16901, 23877, 21130, 17229, 25421, 26704, 35536, 35601, 20306, 33043, 35667, 15955, 16600, 33048, 14040, 26074, 35676, 26336, 20451, 19046, 35686, 28839, 35687, 24752, 20337, 18933, 26171, 22779, 20478]
2018-04-15 20:17:15,878 [DEBUG|PoliceForce/1774089327|TestSearchForFire] best path is:[35952, 35949, 35948, 35946, 35942, 35939, 35936, 35932, 35638, 35639, 35634, 35536]
2018-04-15 20:17:15,878 [DEBUG|PoliceForce/1774089327|TestSearchForFire] choosed:35639
2018-04-15 20:17:19,409 [DEBUG|PoliceForce/1774089327|TestSearchForFire] Time:140
2018-04-15 20:17:19,409 [DEBUG|PoliceForce/1774089327|TestRoadDetector] Time:140
2018-04-15 20:17:19,410 [DEBUG|PoliceForce/1774089327|TestRoadDetector] Targets: []
2018-04-15 20:17:19,410 [DEBUG|PoliceForce/1774089327|TestSearchForFire] unsearchedBuildingIDs:[16901, 23877, 21130, 17229, 25421, 26704, 35536, 35601, 20306, 33043, 35667, 15955, 16600, 33048, 14040, 26074, 35676, 26336, 20451, 19046, 35686, 28839, 35687, 24752, 18933, 26171, 22779, 20478]
2018-04-15 20:17:19,410 [DEBUG|PoliceForce/1774089327|TestSearchForFire] best path is:[35946, 35942, 35939, 35936, 35932, 35638, 35639, 35634, 35536]
2018-04-15 20:17:19,410 [DEBUG|PoliceForce/1774089327|TestSearchForFire] choosed:35639
2018-04-15 20:17:22,784 [DEBUG|PoliceForce/1774089327|TestSearchForFire] Time:141
2018-04-15 20:17:22,784 [DEBUG|PoliceForce/1774089327|TestRoadDetector] Time:141
2018-04-15 20:17:22,785 [DEBUG|PoliceForce/1774089327|TestRoadDetector] Targets: []
2018-04-15 20:17:22,785 [DEBUG|PoliceForce/1774089327|TestSearchForFire] unsearchedBuildingIDs:[23877, 21130, 17229, 25421, 26704, 20306, 33043, 35667, 15955, 16600, 33048, 14040, 26074, 35676, 26336, 20451, 35686, 28839, 35687, 24752, 18933, 26171, 20478]
2018-04-15 20:17:22,785 [DEBUG|PoliceForce/1774089327|TestSearchForFire] best path is:[35932, 35930, 4731, 2382, 23893, 23877]
2018-04-15 20:17:22,785 [DEBUG|PoliceForce/1774089327|TestSearchForFire] choosed:2382
2018-04-15 20:17:26,148 [DEBUG|PoliceForce/1774089327|TestSearchForFire] Time:142
2018-04-15 20:17:26,148 [DEBUG|PoliceForce/1774089327|TestRoadDetector] Time:142
2018-04-15 20:17:26,149 [DEBUG|PoliceForce/1774089327|TestRoadDetector] Targets: []
2018-04-15 20:17:26,149 [DEBUG|PoliceForce/1774089327|TestSearchForFire] unsearchedBuildingIDs:[21130, 17229, 25421, 26704, 20306, 33043, 15955, 16600, 33048, 14040, 26074, 26336, 20451, 35686, 28839, 35687, 24752, 18933, 26171]
2018-04-15 20:17:26,149 [DEBUG|PoliceForce/1774089327|TestSearchForFire] best path is:[4731, 35930, 35929, 35803, 35807, 21145, 21130]
2018-04-15 20:17:26,149 [DEBUG|PoliceForce/1774089327|TestSearchForFire] choosed:35807
2018-04-15 20:17:29,528 [DEBUG|PoliceForce/1774089327|TestSearchForFire] Time:143
2018-04-15 20:17:29,529 [DEBUG|PoliceForce/1774089327|TestRoadDetector] Time:143
2018-04-15 20:17:29,529 [DEBUG|PoliceForce/1774089327|TestRoadDetector] Targets: []
2018-04-15 20:17:29,529 [DEBUG|PoliceForce/1774089327|TestSearchForFire] unsearchedBuildingIDs:[17229, 25421, 26704, 20306, 15955, 16600, 14040, 26074, 26336, 20451, 35686, 28839, 35687, 24752, 18933, 26171]
2018-04-15 20:17:29,529 [DEBUG|PoliceForce/1774089327|TestSearchForFire] best path is:[35929, 35930, 4731, 2382, 7359, 4524, 17245, 17229]
2018-04-15 20:17:29,529 [DEBUG|PoliceForce/1774089327|TestSearchForFire] choosed:4524
2018-04-15 20:17:32,870 [DEBUG|PoliceForce/1774089327|TestSearchForFire] Time:144
2018-04-15 20:17:32,871 [DEBUG|PoliceForce/1774089327|TestRoadDetector] Time:144
2018-04-15 20:17:32,871 [DEBUG|PoliceForce/1774089327|TestRoadDetector] Targets: []
2018-04-15 20:17:32,871 [DEBUG|PoliceForce/1774089327|TestSearchForFire] unsearchedBuildingIDs:[17229, 25421, 26704, 20306, 15955, 16600, 14040, 26074, 26336, 20451, 35686, 28839, 35687, 24752, 18933, 26171]
2018-04-15 20:17:32,871 [DEBUG|PoliceForce/1774089327|TestSearchForFire] best path is:[4731, 2382, 7359, 4524, 17245, 17229]
2018-04-15 20:17:32,871 [DEBUG|PoliceForce/1774089327|TestSearchForFire] choosed:4524
2018-04-15 20:17:36,169 [DEBUG|PoliceForce/1774089327|TestSearchForFire] Time:145
2018-04-15 20:17:36,169 [DEBUG|PoliceForce/1774089327|TestRoadDetector] Time:145
2018-04-15 20:17:36,169 [DEBUG|PoliceForce/1774089327|TestRoadDetector] Targets: []
2018-04-15 20:17:36,169 [DEBUG|PoliceForce/1774089327|TestSearchForFire] unsearchedBuildingIDs:[25421, 15955, 16600, 14040, 26074, 26336, 35686, 28839, 24752, 26171]
2018-04-15 20:17:36,169 [DEBUG|PoliceForce/1774089327|TestSearchForFire] best path is:[4524, 35526, 35676, 35687, 35686]
2018-04-15 20:17:36,169 [DEBUG|PoliceForce/1774089327|TestSearchForFire] choosed:35676
2018-04-15 20:17:39,661 [DEBUG|PoliceForce/1774089327|TestSearchForFire] Time:146
2018-04-15 20:17:39,661 [DEBUG|PoliceForce/1774089327|TestRoadDetector] Time:146
2018-04-15 20:17:39,661 [DEBUG|PoliceForce/1774089327|TestRoadDetector] Targets: []
2018-04-15 20:17:39,661 [DEBUG|PoliceForce/1774089327|TestSearchForFire] unsearchedBuildingIDs:[25421, 15955, 16600, 14040, 26074, 26336, 35686, 28839, 24752, 26171]
2018-04-15 20:17:39,661 [DEBUG|PoliceForce/1774089327|TestSearchForFire] best path is:[35676, 35687, 35686]
2018-04-15 20:17:39,662 [DEBUG|PoliceForce/1774089327|TestSearchForFire] choosed:35676
2018-04-15 20:17:43,132 [DEBUG|PoliceForce/1774089327|TestSearchForFire] Time:147
2018-04-15 20:17:43,132 [DEBUG|PoliceForce/1774089327|TestRoadDetector] Time:147
2018-04-15 20:17:43,133 [DEBUG|PoliceForce/1774089327|TestRoadDetector] Targets: []
2018-04-15 20:17:43,133 [DEBUG|PoliceForce/1774089327|TestSearchForFire] unsearchedBuildingIDs:[25421, 15955, 16600, 14040, 26074, 26336, 35686, 28839, 24752, 26171]
2018-04-15 20:17:43,133 [DEBUG|PoliceForce/1774089327|TestSearchForFire] best path is:[35676, 35687, 35686]
2018-04-15 20:17:43,133 [DEBUG|PoliceForce/1774089327|TestSearchForFire] choosed:35676
2018-04-15 20:17:46,360 [DEBUG|PoliceForce/1774089327|TestSearchForFire] Time:148
2018-04-15 20:17:46,360 [DEBUG|PoliceForce/1774089327|TestRoadDetector] Time:148
2018-04-15 20:17:46,361 [DEBUG|PoliceForce/1774089327|TestRoadDetector] Targets: []
2018-04-15 20:17:46,361 [DEBUG|PoliceForce/1774089327|TestSearchForFire] unsearchedBuildingIDs:[25421, 15955, 16600, 14040, 26074, 26336, 28839, 24752, 26171]
2018-04-15 20:17:46,361 [DEBUG|PoliceForce/1774089327|TestSearchForFire] best path is:[35676, 35526, 4524, 7359, 2382, 4731, 35930, 35932, 33064, 34588, 25437, 25421]
2018-04-15 20:17:46,361 [DEBUG|PoliceForce/1774089327|TestSearchForFire] choosed:34588
2018-04-15 20:17:49,792 [DEBUG|PoliceForce/1774089327|TestSearchForFire] Time:149
2018-04-15 20:17:49,793 [DEBUG|PoliceForce/1774089327|TestRoadDetector] Time:149
2018-04-15 20:17:49,793 [DEBUG|PoliceForce/1774089327|TestRoadDetector] Targets: []
2018-04-15 20:17:49,793 [DEBUG|PoliceForce/1774089327|TestSearchForFire] unsearchedBuildingIDs:[25421, 15955, 16600, 14040, 26074, 26336, 28839, 24752, 26171]
2018-04-15 20:17:49,793 [DEBUG|PoliceForce/1774089327|TestSearchForFire] best path is:[35930, 35932, 33064, 34588, 25437, 25421]
2018-04-15 20:17:49,793 [DEBUG|PoliceForce/1774089327|TestSearchForFire] choosed:34588
2018-04-15 20:17:53,407 [DEBUG|PoliceForce/1774089327|TestSearchForFire] Time:150
2018-04-15 20:17:53,407 [DEBUG|PoliceForce/1774089327|TestRoadDetector] Time:150
2018-04-15 20:17:53,407 [DEBUG|PoliceForce/1774089327|TestRoadDetector] Targets: []
2018-04-15 20:17:53,408 [DEBUG|PoliceForce/1774089327|TestSearchForFire] unsearchedBuildingIDs:[25421, 15955, 16600, 14040, 26074, 26336, 28839, 24752, 26171]
2018-04-15 20:17:53,408 [DEBUG|PoliceForce/1774089327|TestSearchForFire] best path is:[33064, 34588, 25437, 25421]
2018-04-15 20:17:53,408 [DEBUG|PoliceForce/1774089327|TestSearchForFire] choosed:34588
2018-04-15 20:17:56,792 [DEBUG|PoliceForce/1774089327|TestSearchForFire] Time:151
2018-04-15 20:17:56,792 [DEBUG|PoliceForce/1774089327|TestRoadDetector] Time:151
2018-04-15 20:17:56,793 [DEBUG|PoliceForce/1774089327|TestRoadDetector] Targets: []
2018-04-15 20:17:56,793 [DEBUG|PoliceForce/1774089327|TestSearchForFire] unsearchedBuildingIDs:[15955, 16600, 14040, 26074, 26336, 28839, 24752, 26171]
2018-04-15 20:17:56,793 [DEBUG|PoliceForce/1774089327|TestSearchForFire] best path is:[34588, 35983, 35982, 35979, 4209, 1609, 8997, 33133, 33132, 35948, 35949, 35822, 31060, 31059, 15971, 15955]
2018-04-15 20:17:56,793 [DEBUG|PoliceForce/1774089327|TestSearchForFire] choosed:31059
2018-04-15 20:18:00,338 [DEBUG|PoliceForce/1774089327|TestSearchForFire] Time:152
2018-04-15 20:18:00,338 [DEBUG|PoliceForce/1774089327|TestRoadDetector] Time:152
2018-04-15 20:18:00,338 [DEBUG|PoliceForce/1774089327|TestRoadDetector] Targets: []
2018-04-15 20:18:00,338 [DEBUG|PoliceForce/1774089327|TestSearchForFire] unsearchedBuildingIDs:[15955, 16600, 14040, 26074, 26336, 28839, 24752, 26171]
2018-04-15 20:18:00,339 [DEBUG|PoliceForce/1774089327|TestSearchForFire] best path is:[4209, 1609, 8997, 33133, 33132, 35948, 35949, 35822, 31060, 31059, 15971, 15955]
2018-04-15 20:18:00,339 [DEBUG|PoliceForce/1774089327|TestSearchForFire] choosed:31059
2018-04-15 20:18:03,872 [DEBUG|PoliceForce/1774089327|TestSearchForFire] Time:153
2018-04-15 20:18:03,872 [DEBUG|PoliceForce/1774089327|TestRoadDetector] Time:153
2018-04-15 20:18:03,873 [DEBUG|PoliceForce/1774089327|TestRoadDetector] Targets: []
2018-04-15 20:18:03,873 [DEBUG|PoliceForce/1774089327|TestSearchForFire] unsearchedBuildingIDs:[15955, 16600, 14040, 26074, 26336, 28839, 24752, 26171]
2018-04-15 20:18:03,873 [DEBUG|PoliceForce/1774089327|TestSearchForFire] best path is:[35948, 35949, 35822, 31060, 31059, 15971, 15955]
2018-04-15 20:18:03,873 [DEBUG|PoliceForce/1774089327|TestSearchForFire] choosed:31059
2018-04-15 20:18:07,701 [DEBUG|PoliceForce/1774089327|TestSearchForFire] Time:154
2018-04-15 20:18:07,701 [DEBUG|PoliceForce/1774089327|TestRoadDetector] Time:154
2018-04-15 20:18:07,701 [DEBUG|PoliceForce/1774089327|TestRoadDetector] Targets: []
2018-04-15 20:18:07,701 [DEBUG|PoliceForce/1774089327|TestSearchForFire] unsearchedBuildingIDs:[16600, 14040, 26074, 28839, 24752, 26171]
2018-04-15 20:18:07,703 [DEBUG|PoliceForce/1774089327|TestSearchForFire] best path is:[35822, 35818, 35816, 35813, 35810, 35807, 35803, 35801, 35789, 35786, 35782, 35917, 35918, 6945, 2544, 8376, 5028, 16616, 16600]
2018-04-15 20:18:07,703 [DEBUG|PoliceForce/1774089327|TestSearchForFire] choosed:5028
2018-04-15 20:18:11,288 [DEBUG|PoliceForce/1774089327|TestSearchForFire] Time:155
2018-04-15 20:18:11,288 [DEBUG|PoliceForce/1774089327|TestRoadDetector] Time:155
2018-04-15 20:18:11,289 [DEBUG|PoliceForce/1774089327|TestRoadDetector] Targets: []
2018-04-15 20:18:11,289 [DEBUG|PoliceForce/1774089327|TestSearchForFire] unsearchedBuildingIDs:[16600, 14040, 26074, 28839, 24752, 26171]
2018-04-15 20:18:11,289 [DEBUG|PoliceForce/1774089327|TestSearchForFire] best path is:[35810, 35807, 35803, 35801, 35789, 35786, 35782, 35917, 35918, 6945, 2544, 8376, 5028, 16616, 16600]
2018-04-15 20:18:11,290 [DEBUG|PoliceForce/1774089327|TestSearchForFire] choosed:5028
2018-04-15 20:18:15,084 [DEBUG|PoliceForce/1774089327|TestSearchForFire] Time:156
2018-04-15 20:18:15,085 [DEBUG|PoliceForce/1774089327|TestRoadDetector] Time:156
2018-04-15 20:18:15,085 [DEBUG|PoliceForce/1774089327|TestRoadDetector] Targets: []
2018-04-15 20:18:15,085 [DEBUG|PoliceForce/1774089327|TestSearchForFire] unsearchedBuildingIDs:[16600, 14040, 26074, 28839, 24752, 26171]
2018-04-15 20:18:15,085 [DEBUG|PoliceForce/1774089327|TestSearchForFire] best path is:[35917, 35918, 6945, 2544, 8376, 5028, 16616, 16600]
2018-04-15 20:18:15,085 [DEBUG|PoliceForce/1774089327|TestSearchForFire] choosed:5028
2018-04-15 20:18:18,600 [DEBUG|PoliceForce/1774089327|TestSearchForFire] Time:157
2018-04-15 20:18:18,601 [DEBUG|PoliceForce/1774089327|TestRoadDetector] Time:157
2018-04-15 20:18:18,601 [DEBUG|PoliceForce/1774089327|TestRoadDetector] Targets: []
2018-04-15 20:18:18,601 [DEBUG|PoliceForce/1774089327|TestSearchForFire] unsearchedBuildingIDs:[16600, 28839, 24752]
2018-04-15 20:18:18,601 [DEBUG|PoliceForce/1774089327|TestSearchForFire] best path is:[6945, 2544, 8376, 5028, 16616, 16600]
2018-04-15 20:18:18,601 [DEBUG|PoliceForce/1774089327|TestSearchForFire] choosed:5028
2018-04-15 20:18:22,132 [DEBUG|PoliceForce/1774089327|TestSearchForFire] Time:158
2018-04-15 20:18:22,132 [DEBUG|PoliceForce/1774089327|TestRoadDetector] Time:158
2018-04-15 20:18:22,133 [DEBUG|PoliceForce/1774089327|TestRoadDetector] Targets: []
2018-04-15 20:18:22,133 [DEBUG|PoliceForce/1774089327|TestSearchForFire] unsearchedBuildingIDs:[28839]
2018-04-15 20:18:22,133 [DEBUG|PoliceForce/1774089327|TestSearchForFire] best path is:[5028, 8376, 2544, 6945, 35918, 35914, 35911, 3462, 28855, 28839]
2018-04-15 20:18:22,133 [DEBUG|PoliceForce/1774089327|TestSearchForFire] choosed:3462
2018-04-15 20:18:25,772 [DEBUG|PoliceForce/1774089327|TestSearchForFire] Time:159
2018-04-15 20:18:25,772 [DEBUG|PoliceForce/1774089327|TestRoadDetector] Time:159
2018-04-15 20:18:25,773 [DEBUG|PoliceForce/1774089327|TestRoadDetector] Targets: []
2018-04-15 20:18:25,773 [DEBUG|PoliceForce/1774089327|TestSearchForFire] unsearchedBuildingIDs:[28839]
2018-04-15 20:18:25,773 [DEBUG|PoliceForce/1774089327|TestSearchForFire] best path is:[6945, 35918, 35914, 35911, 3462, 28855, 28839]
2018-04-15 20:18:25,773 [DEBUG|PoliceForce/1774089327|TestSearchForFire] choosed:3462
