2018-04-15 20:06:41,042 [DEBUG|PoliceForce/2107512375|TestSearchForFire] Time:1
2018-04-15 20:06:41,056 [DEBUG|PoliceForce/2107512375|TestRoadDetector] Time:1
2018-04-15 20:06:41,057 [DEBUG|PoliceForce/2107512375|TestRoadDetector] Targets: [Refuge (18733)]
2018-04-15 20:06:41,093 [DEBUG|PoliceForce/2107512375|TestRoadDetector] Selected Target: 18733
2018-04-15 20:06:49,766 [DEBUG|PoliceForce/2107512375|TestSearchForFire] Time:2
2018-04-15 20:06:49,766 [DEBUG|PoliceForce/2107512375|TestRoadDetector] Time:2
2018-04-15 20:06:54,220 [DEBUG|PoliceForce/2107512375|TestSearchForFire] Time:3
2018-04-15 20:06:54,222 [DEBUG|PoliceForce/2107512375|TestRoadDetector] Time:3
2018-04-15 20:07:05,316 [DEBUG|PoliceForce/2107512375|TestSearchForFire] Time:4
2018-04-15 20:07:05,316 [DEBUG|PoliceForce/2107512375|TestRoadDetector] Time:4
2018-04-15 20:07:14,293 [DEBUG|PoliceForce/2107512375|TestSearchForFire] Time:5
2018-04-15 20:07:14,293 [DEBUG|PoliceForce/2107512375|TestRoadDetector] Time:5
2018-04-15 20:07:22,872 [DEBUG|PoliceForce/2107512375|TestSearchForFire] Time:6
2018-04-15 20:07:22,873 [DEBUG|PoliceForce/2107512375|TestRoadDetector] Time:6
2018-04-15 20:07:30,496 [DEBUG|PoliceForce/2107512375|TestSearchForFire] Time:7
2018-04-15 20:07:30,497 [DEBUG|PoliceForce/2107512375|TestRoadDetector] Time:7
2018-04-15 20:07:37,792 [DEBUG|PoliceForce/2107512375|TestSearchForFire] Time:8
2018-04-15 20:07:37,793 [DEBUG|PoliceForce/2107512375|TestRoadDetector] Time:8
2018-04-15 20:07:45,308 [DEBUG|PoliceForce/2107512375|TestSearchForFire] Time:9
2018-04-15 20:07:45,308 [DEBUG|PoliceForce/2107512375|TestRoadDetector] Time:9
2018-04-15 20:07:52,573 [DEBUG|PoliceForce/2107512375|TestSearchForFire] Time:10
2018-04-15 20:07:52,573 [DEBUG|PoliceForce/2107512375|TestRoadDetector] Time:10
2018-04-15 20:07:59,484 [DEBUG|PoliceForce/2107512375|TestSearchForFire] Time:11
2018-04-15 20:07:59,485 [DEBUG|PoliceForce/2107512375|TestRoadDetector] Time:11
2018-04-15 20:08:06,625 [DEBUG|PoliceForce/2107512375|TestSearchForFire] Time:12
2018-04-15 20:08:06,625 [DEBUG|PoliceForce/2107512375|TestRoadDetector] Time:12
2018-04-15 20:08:13,321 [DEBUG|PoliceForce/2107512375|TestSearchForFire] Time:13
2018-04-15 20:08:13,321 [DEBUG|PoliceForce/2107512375|TestRoadDetector] Time:13
2018-04-15 20:08:19,824 [DEBUG|PoliceForce/2107512375|TestSearchForFire] Time:14
2018-04-15 20:08:19,825 [DEBUG|PoliceForce/2107512375|TestRoadDetector] Time:14
2018-04-15 20:08:26,969 [DEBUG|PoliceForce/2107512375|TestSearchForFire] Time:15
2018-04-15 20:08:26,969 [DEBUG|PoliceForce/2107512375|TestRoadDetector] Time:15
2018-04-15 20:08:33,756 [DEBUG|PoliceForce/2107512375|TestSearchForFire] Time:16
2018-04-15 20:08:33,756 [DEBUG|PoliceForce/2107512375|TestRoadDetector] Time:16
2018-04-15 20:08:40,848 [DEBUG|PoliceForce/2107512375|TestSearchForFire] Time:17
2018-04-15 20:08:40,848 [DEBUG|PoliceForce/2107512375|TestRoadDetector] Time:17
2018-04-15 20:08:48,868 [DEBUG|PoliceForce/2107512375|TestSearchForFire] Time:18
2018-04-15 20:08:48,869 [DEBUG|PoliceForce/2107512375|TestRoadDetector] Time:18
2018-04-15 20:08:55,260 [DEBUG|PoliceForce/2107512375|TestSearchForFire] Time:19
2018-04-15 20:08:55,260 [DEBUG|PoliceForce/2107512375|TestRoadDetector] Time:19
2018-04-15 20:09:02,040 [DEBUG|PoliceForce/2107512375|TestSearchForFire] Time:20
2018-04-15 20:09:02,040 [DEBUG|PoliceForce/2107512375|TestRoadDetector] Time:20
2018-04-15 20:09:09,279 [DEBUG|PoliceForce/2107512375|TestSearchForFire] Time:21
2018-04-15 20:09:09,279 [DEBUG|PoliceForce/2107512375|TestRoadDetector] Time:21
2018-04-15 20:09:16,036 [DEBUG|PoliceForce/2107512375|TestSearchForFire] Time:22
2018-04-15 20:09:16,036 [DEBUG|PoliceForce/2107512375|TestRoadDetector] Time:22
2018-04-15 20:09:22,226 [DEBUG|PoliceForce/2107512375|TestSearchForFire] Time:23
2018-04-15 20:09:22,226 [DEBUG|PoliceForce/2107512375|TestRoadDetector] Time:23
2018-04-15 20:09:28,204 [DEBUG|PoliceForce/2107512375|TestSearchForFire] Time:24
2018-04-15 20:09:28,204 [DEBUG|PoliceForce/2107512375|TestRoadDetector] Time:24
2018-04-15 20:09:34,052 [DEBUG|PoliceForce/2107512375|TestSearchForFire] Time:25
2018-04-15 20:09:34,052 [DEBUG|PoliceForce/2107512375|TestRoadDetector] Time:25
2018-04-15 20:09:40,092 [DEBUG|PoliceForce/2107512375|TestSearchForFire] Time:26
2018-04-15 20:09:40,092 [DEBUG|PoliceForce/2107512375|TestRoadDetector] Time:26
2018-04-15 20:09:45,893 [DEBUG|PoliceForce/2107512375|TestSearchForFire] Time:27
2018-04-15 20:09:45,893 [DEBUG|PoliceForce/2107512375|TestRoadDetector] Time:27
2018-04-15 20:09:52,024 [DEBUG|PoliceForce/2107512375|TestSearchForFire] Time:28
2018-04-15 20:09:52,025 [DEBUG|PoliceForce/2107512375|TestRoadDetector] Time:28
2018-04-15 20:09:57,818 [DEBUG|PoliceForce/2107512375|TestSearchForFire] Time:29
2018-04-15 20:09:57,818 [DEBUG|PoliceForce/2107512375|TestRoadDetector] Time:29
2018-04-15 20:10:03,784 [DEBUG|PoliceForce/2107512375|TestSearchForFire] Time:30
2018-04-15 20:10:03,785 [DEBUG|PoliceForce/2107512375|TestRoadDetector] Time:30
2018-04-15 20:10:09,552 [DEBUG|PoliceForce/2107512375|TestSearchForFire] Time:31
2018-04-15 20:10:09,553 [DEBUG|PoliceForce/2107512375|TestRoadDetector] Time:31
2018-04-15 20:10:15,176 [DEBUG|PoliceForce/2107512375|TestSearchForFire] Time:32
2018-04-15 20:10:15,176 [DEBUG|PoliceForce/2107512375|TestRoadDetector] Time:32
2018-04-15 20:10:20,636 [DEBUG|PoliceForce/2107512375|TestSearchForFire] Time:33
2018-04-15 20:10:20,637 [DEBUG|PoliceForce/2107512375|TestRoadDetector] Time:33
2018-04-15 20:10:26,104 [DEBUG|PoliceForce/2107512375|TestSearchForFire] Time:34
2018-04-15 20:10:26,104 [DEBUG|PoliceForce/2107512375|TestRoadDetector] Time:34
2018-04-15 20:10:31,480 [DEBUG|PoliceForce/2107512375|TestSearchForFire] Time:35
2018-04-15 20:10:31,480 [DEBUG|PoliceForce/2107512375|TestRoadDetector] Time:35
2018-04-15 20:10:37,165 [DEBUG|PoliceForce/2107512375|TestSearchForFire] Time:36
2018-04-15 20:10:37,165 [DEBUG|PoliceForce/2107512375|TestRoadDetector] Time:36
2018-04-15 20:10:42,356 [DEBUG|PoliceForce/2107512375|TestSearchForFire] Time:37
2018-04-15 20:10:42,356 [DEBUG|PoliceForce/2107512375|TestRoadDetector] Time:37
2018-04-15 20:10:42,356 [DEBUG|PoliceForce/2107512375|TestRoadDetector] reach to Refuge (18733) reseting target
2018-04-15 20:10:42,356 [DEBUG|PoliceForce/2107512375|TestRoadDetector] Targets: []
2018-04-15 20:10:42,356 [DEBUG|PoliceForce/2107512375|TestSearchForFire] unsearchedBuildingIDs:[16901, 14598, 25738, 20363, 11661, 33425, 24725, 13333, 20245, 23958, 33944, 24864, 26016, 28839, 33319, 22697, 25515, 26926, 28206, 24752, 33200, 10416, 26677, 33338, 26171, 16573, 10557, 11329, 23877, 11849, 20425, 34634, 33228, 17229, 24783, 13904, 26704, 20306, 16600, 14040, 26074, 35676, 33376, 22752, 20451, 11876, 21733, 35686, 21103, 23792, 33266, 14067, 20597, 20858, 33146, 34042, 33403, 20478]
2018-04-15 20:10:42,357 [DEBUG|PoliceForce/2107512375|TestSearchForFire] best path is:[18733, 18749, 35789, 35924, 35923, 35926, 35930, 4731, 16917, 16901]
2018-04-15 20:10:42,357 [DEBUG|PoliceForce/2107512375|TestSearchForFire] choosed:4731
2018-04-15 20:10:47,544 [DEBUG|PoliceForce/2107512375|TestSearchForFire] Time:38
2018-04-15 20:10:47,544 [DEBUG|PoliceForce/2107512375|TestRoadDetector] Time:38
2018-04-15 20:10:47,545 [DEBUG|PoliceForce/2107512375|TestRoadDetector] Targets: []
2018-04-15 20:10:47,545 [DEBUG|PoliceForce/2107512375|TestSearchForFire] unsearchedBuildingIDs:[16901, 14598, 25738, 20363, 11661, 33425, 24725, 13333, 20245, 23958, 33944, 24864, 26016, 28839, 33319, 22697, 25515, 26926, 28206, 24752, 33200, 10416, 26677, 33338, 26171, 16573, 10557, 11329, 23877, 11849, 20425, 34634, 33228, 17229, 24783, 13904, 26704, 20306, 16600, 14040, 26074, 35676, 33376, 22752, 20451, 11876, 21733, 35686, 21103, 23792, 33266, 14067, 20597, 20858, 33146, 34042, 33403, 20478]
2018-04-15 20:10:47,545 [DEBUG|PoliceForce/2107512375|TestSearchForFire] best path is:[35924, 35923, 35926, 35930, 4731, 16917, 16901]
2018-04-15 20:10:47,545 [DEBUG|PoliceForce/2107512375|TestSearchForFire] choosed:4731
2018-04-15 20:10:52,756 [DEBUG|PoliceForce/2107512375|TestSearchForFire] Time:39
2018-04-15 20:10:52,756 [DEBUG|PoliceForce/2107512375|TestRoadDetector] Time:39
2018-04-15 20:10:52,756 [DEBUG|PoliceForce/2107512375|TestRoadDetector] Targets: []
2018-04-15 20:10:52,756 [DEBUG|PoliceForce/2107512375|TestSearchForFire] unsearchedBuildingIDs:[14598, 25738, 20363, 11661, 33425, 24725, 13333, 20245, 23958, 33944, 24864, 26016, 28839, 33319, 22697, 25515, 26926, 28206, 24752, 33200, 10416, 26677, 33338, 26171, 16573, 10557, 11329, 11849, 20425, 34634, 33228, 17229, 24783, 13904, 26704, 20306, 16600, 14040, 26074, 33376, 22752, 20451, 11876, 21733, 35686, 21103, 23792, 33266, 14067, 20597, 20858, 33146, 34042, 33403, 20478]
2018-04-15 20:10:52,756 [DEBUG|PoliceForce/2107512375|TestSearchForFire] best path is:[4731, 2382, 7359, 20494, 20478]
2018-04-15 20:10:52,756 [DEBUG|PoliceForce/2107512375|TestSearchForFire] choosed:7359
2018-04-15 20:10:57,852 [DEBUG|PoliceForce/2107512375|TestSearchForFire] Time:40
2018-04-15 20:10:57,852 [DEBUG|PoliceForce/2107512375|TestRoadDetector] Time:40
2018-04-15 20:10:57,852 [DEBUG|PoliceForce/2107512375|TestRoadDetector] Targets: []
2018-04-15 20:10:57,852 [DEBUG|PoliceForce/2107512375|TestSearchForFire] unsearchedBuildingIDs:[14598, 25738, 20363, 11661, 33425, 24725, 13333, 20245, 23958, 33944, 24864, 26016, 28839, 33319, 22697, 25515, 26926, 28206, 24752, 33200, 10416, 26677, 33338, 26171, 16573, 10557, 11329, 11849, 20425, 34634, 33228, 24783, 13904, 26704, 20306, 16600, 14040, 26074, 33376, 22752, 11876, 21733, 35686, 21103, 23792, 33266, 14067, 20597, 20858, 33146, 34042, 33403]
2018-04-15 20:10:57,852 [DEBUG|PoliceForce/2107512375|TestSearchForFire] best path is:[7359, 4524, 34584, 6450, 24741, 24725]
2018-04-15 20:10:57,852 [DEBUG|PoliceForce/2107512375|TestSearchForFire] choosed:6450
2018-04-15 20:11:02,940 [DEBUG|PoliceForce/2107512375|TestSearchForFire] Time:41
2018-04-15 20:11:02,940 [DEBUG|PoliceForce/2107512375|TestRoadDetector] Time:41
2018-04-15 20:11:02,940 [DEBUG|PoliceForce/2107512375|TestRoadDetector] Targets: []
2018-04-15 20:11:02,941 [DEBUG|PoliceForce/2107512375|TestSearchForFire] unsearchedBuildingIDs:[14598, 25738, 20363, 11661, 33425, 13333, 20245, 23958, 33944, 24864, 26016, 28839, 33319, 22697, 25515, 26926, 28206, 24752, 33200, 10416, 26677, 33338, 26171, 16573, 10557, 11329, 11849, 20425, 34634, 33228, 24783, 13904, 26704, 20306, 16600, 14040, 26074, 33376, 22752, 11876, 21733, 35686, 21103, 23792, 33266, 20597, 20858, 33146, 34042, 33403]
2018-04-15 20:11:02,941 [DEBUG|PoliceForce/2107512375|TestSearchForFire] best path is:[6450, 33986, 33987, 2508, 26693, 26677]
2018-04-15 20:11:02,941 [DEBUG|PoliceForce/2107512375|TestSearchForFire] choosed:2508
2018-04-15 20:11:07,824 [DEBUG|PoliceForce/2107512375|TestSearchForFire] Time:42
2018-04-15 20:11:07,824 [DEBUG|PoliceForce/2107512375|TestRoadDetector] Time:42
2018-04-15 20:11:07,825 [DEBUG|PoliceForce/2107512375|TestRoadDetector] Targets: []
2018-04-15 20:11:07,825 [DEBUG|PoliceForce/2107512375|TestSearchForFire] unsearchedBuildingIDs:[14598, 25738, 11661, 33425, 13333, 20245, 23958, 33944, 24864, 28839, 33319, 26926, 28206, 24752, 33200, 10416, 33338, 26171, 16573, 10557, 11849, 20425, 33228, 24783, 13904, 26704, 20306, 16600, 14040, 26074, 33376, 11876, 21733, 35686, 21103, 33266, 20597, 33146, 34042, 33403]
2018-04-15 20:11:07,825 [DEBUG|PoliceForce/2107512375|TestSearchForFire] best path is:[2508, 7215, 33969, 34654, 33968, 8925, 5766, 16589, 33960, 33944]
2018-04-15 20:11:07,825 [DEBUG|PoliceForce/2107512375|TestSearchForFire] choosed:16589
2018-04-15 20:11:12,916 [DEBUG|PoliceForce/2107512375|TestSearchForFire] Time:43
2018-04-15 20:11:12,916 [DEBUG|PoliceForce/2107512375|TestRoadDetector] Time:43
2018-04-15 20:11:12,916 [DEBUG|PoliceForce/2107512375|TestRoadDetector] Targets: []
2018-04-15 20:11:12,916 [DEBUG|PoliceForce/2107512375|TestSearchForFire] unsearchedBuildingIDs:[14598, 25738, 11661, 33425, 13333, 20245, 23958, 33944, 24864, 28839, 33319, 26926, 28206, 24752, 33200, 10416, 33338, 26171, 16573, 10557, 11849, 20425, 33228, 24783, 13904, 26704, 20306, 16600, 14040, 26074, 33376, 11876, 21733, 35686, 21103, 33266, 20597, 33146, 34042, 33403]
2018-04-15 20:11:12,917 [DEBUG|PoliceForce/2107512375|TestSearchForFire] best path is:[2508, 7215, 33969, 34654, 33968, 8925, 5766, 16589, 33960, 33944]
2018-04-15 20:11:12,917 [DEBUG|PoliceForce/2107512375|TestSearchForFire] choosed:16589
2018-04-15 20:11:17,740 [DEBUG|PoliceForce/2107512375|TestSearchForFire] Time:44
2018-04-15 20:11:17,740 [DEBUG|PoliceForce/2107512375|TestRoadDetector] Time:44
2018-04-15 20:11:17,741 [DEBUG|PoliceForce/2107512375|TestRoadDetector] Targets: []
2018-04-15 20:11:17,741 [DEBUG|PoliceForce/2107512375|TestSearchForFire] unsearchedBuildingIDs:[25738, 11661, 33425, 13333, 23958, 24864, 28839, 33319, 26926, 28206, 24752, 33200, 10416, 33338, 26171, 10557, 11849, 20425, 33228, 24783, 13904, 26704, 20306, 16600, 14040, 26074, 33376, 11876, 35686, 21103, 33266, 20597, 33146, 34042, 33403]
2018-04-15 20:11:17,741 [DEBUG|PoliceForce/2107512375|TestSearchForFire] best path is:[16589, 4128, 4173, 352, 9393, 3030, 33393, 5469, 34072, 33416, 6837, 11865, 11849]
2018-04-15 20:11:17,741 [DEBUG|PoliceForce/2107512375|TestSearchForFire] choosed:6837
2018-04-15 20:11:23,105 [DEBUG|PoliceForce/2107512375|TestSearchForFire] Time:45
2018-04-15 20:11:23,105 [DEBUG|PoliceForce/2107512375|TestRoadDetector] Time:45
2018-04-15 20:11:23,105 [DEBUG|PoliceForce/2107512375|TestRoadDetector] Targets: []
2018-04-15 20:11:23,105 [DEBUG|PoliceForce/2107512375|TestSearchForFire] unsearchedBuildingIDs:[25738, 11661, 33425, 13333, 23958, 24864, 28839, 33319, 28206, 24752, 33200, 10416, 33338, 26171, 10557, 11849, 20425, 33228, 13904, 26704, 20306, 16600, 14040, 26074, 33376, 11876, 35686, 21103, 33266, 20597, 33146, 34042, 33403]
2018-04-15 20:11:23,105 [DEBUG|PoliceForce/2107512375|TestSearchForFire] best path is:[3030, 33393, 5469, 34072, 33416, 6837, 11865, 11849]
2018-04-15 20:11:23,105 [DEBUG|PoliceForce/2107512375|TestSearchForFire] choosed:6837
2018-04-15 20:11:28,157 [DEBUG|PoliceForce/2107512375|TestSearchForFire] Time:46
2018-04-15 20:11:28,157 [DEBUG|PoliceForce/2107512375|TestRoadDetector] Time:46
2018-04-15 20:11:28,157 [DEBUG|PoliceForce/2107512375|TestRoadDetector] Targets: []
2018-04-15 20:11:28,157 [DEBUG|PoliceForce/2107512375|TestSearchForFire] unsearchedBuildingIDs:[11661, 33425, 13333, 23958, 24864, 28839, 33319, 28206, 24752, 33200, 10416, 33338, 26171, 20425, 33228, 13904, 26704, 20306, 16600, 14040, 26074, 33376, 11876, 35686, 33266, 20597, 33146, 34042]
2018-04-15 20:11:28,157 [DEBUG|PoliceForce/2107512375|TestSearchForFire] best path is:[6837, 33416, 34072, 5469, 33393, 3030, 9393, 352, 4155, 33357, 4956, 11677, 11661]
2018-04-15 20:11:28,157 [DEBUG|PoliceForce/2107512375|TestSearchForFire] choosed:4956
2018-04-15 20:11:32,966 [DEBUG|PoliceForce/2107512375|TestSearchForFire] Time:47
2018-04-15 20:11:32,966 [DEBUG|PoliceForce/2107512375|TestRoadDetector] Time:47
2018-04-15 20:11:32,966 [DEBUG|PoliceForce/2107512375|TestRoadDetector] Targets: []
2018-04-15 20:11:32,966 [DEBUG|PoliceForce/2107512375|TestSearchForFire] unsearchedBuildingIDs:[11661, 33425, 13333, 23958, 24864, 28839, 33319, 28206, 24752, 33200, 10416, 33338, 26171, 20425, 33228, 13904, 26704, 20306, 16600, 14040, 26074, 33376, 11876, 35686, 33266, 20597, 33146, 34042]
2018-04-15 20:11:32,966 [DEBUG|PoliceForce/2107512375|TestSearchForFire] best path is:[3030, 9393, 352, 4155, 33357, 4956, 11677, 11661]
2018-04-15 20:11:32,967 [DEBUG|PoliceForce/2107512375|TestSearchForFire] choosed:4956
2018-04-15 20:11:37,808 [DEBUG|PoliceForce/2107512375|TestSearchForFire] Time:48
2018-04-15 20:11:37,809 [DEBUG|PoliceForce/2107512375|TestRoadDetector] Time:48
2018-04-15 20:11:37,809 [DEBUG|PoliceForce/2107512375|TestRoadDetector] Targets: []
2018-04-15 20:11:37,809 [DEBUG|PoliceForce/2107512375|TestSearchForFire] unsearchedBuildingIDs:[33425, 13333, 23958, 24864, 28839, 33319, 28206, 24752, 33200, 10416, 33338, 26171, 20425, 33228, 13904, 26704, 20306, 16600, 14040, 26074, 11876, 35686, 33266, 34042]
2018-04-15 20:11:37,809 [DEBUG|PoliceForce/2107512375|TestSearchForFire] best path is:[4155, 33357, 4956, 33169, 33179, 33219, 33200]
2018-04-15 20:11:37,809 [DEBUG|PoliceForce/2107512375|TestSearchForFire] choosed:33179
2018-04-15 20:11:42,497 [DEBUG|PoliceForce/2107512375|TestSearchForFire] Time:49
2018-04-15 20:11:42,497 [DEBUG|PoliceForce/2107512375|TestRoadDetector] Time:49
2018-04-15 20:11:42,497 [DEBUG|PoliceForce/2107512375|TestRoadDetector] Targets: []
2018-04-15 20:11:42,497 [DEBUG|PoliceForce/2107512375|TestSearchForFire] unsearchedBuildingIDs:[33425, 13333, 24864, 33319, 28206, 24752, 10416, 33338, 26171, 20425, 33228, 13904, 26704, 20306, 16600, 14040, 26074, 35686, 34042]
2018-04-15 20:11:42,497 [DEBUG|PoliceForce/2107512375|TestSearchForFire] best path is:[33179, 33190, 33191, 33234, 33282, 33431, 33447, 33425]
2018-04-15 20:11:42,497 [DEBUG|PoliceForce/2107512375|TestSearchForFire] choosed:33431
2018-04-15 20:11:47,324 [DEBUG|PoliceForce/2107512375|TestSearchForFire] Time:50
2018-04-15 20:11:47,324 [DEBUG|PoliceForce/2107512375|TestRoadDetector] Time:50
2018-04-15 20:11:47,324 [DEBUG|PoliceForce/2107512375|TestRoadDetector] Targets: []
2018-04-15 20:11:47,325 [DEBUG|PoliceForce/2107512375|TestSearchForFire] unsearchedBuildingIDs:[13333, 24864, 28206, 24752, 10416, 26171, 20425, 13904, 26704, 20306, 16600, 14040, 26074, 35686]
2018-04-15 20:11:47,325 [DEBUG|PoliceForce/2107512375|TestSearchForFire] best path is:[33282, 33234, 33191, 33190, 33179, 33169, 4956, 33357, 4155, 352, 9393, 3030, 33393, 5469, 34072, 33416, 6837, 10573, 34683, 13333]
2018-04-15 20:11:47,325 [DEBUG|PoliceForce/2107512375|TestSearchForFire] choosed:10573
2018-04-15 20:11:51,948 [DEBUG|PoliceForce/2107512375|TestSearchForFire] Time:51
2018-04-15 20:11:51,949 [DEBUG|PoliceForce/2107512375|TestRoadDetector] Time:51
2018-04-15 20:11:51,949 [DEBUG|PoliceForce/2107512375|TestRoadDetector] Targets: []
2018-04-15 20:11:51,949 [DEBUG|PoliceForce/2107512375|TestSearchForFire] unsearchedBuildingIDs:[13333, 24864, 28206, 24752, 10416, 26171, 20425, 13904, 26704, 20306, 16600, 14040, 26074, 35686]
2018-04-15 20:11:51,949 [DEBUG|PoliceForce/2107512375|TestSearchForFire] best path is:[33190, 33179, 33169, 4956, 33357, 4155, 352, 9393, 3030, 33393, 5469, 34072, 33416, 6837, 10573, 34683, 13333]
2018-04-15 20:11:51,950 [DEBUG|PoliceForce/2107512375|TestSearchForFire] choosed:10573
2018-04-15 20:11:56,448 [DEBUG|PoliceForce/2107512375|TestSearchForFire] Time:52
2018-04-15 20:11:56,448 [DEBUG|PoliceForce/2107512375|TestRoadDetector] Time:52
2018-04-15 20:11:56,449 [DEBUG|PoliceForce/2107512375|TestRoadDetector] Targets: []
2018-04-15 20:11:56,449 [DEBUG|PoliceForce/2107512375|TestSearchForFire] unsearchedBuildingIDs:[13333, 24864, 28206, 24752, 10416, 26171, 20425, 13904, 26704, 20306, 16600, 14040, 26074, 35686]
2018-04-15 20:11:56,449 [DEBUG|PoliceForce/2107512375|TestSearchForFire] best path is:[33357, 4155, 352, 9393, 3030, 33393, 5469, 34072, 33416, 6837, 10573, 34683, 13333]
2018-04-15 20:11:56,449 [DEBUG|PoliceForce/2107512375|TestSearchForFire] choosed:10573
2018-04-15 20:12:00,832 [DEBUG|PoliceForce/2107512375|TestSearchForFire] Time:53
2018-04-15 20:12:00,833 [DEBUG|PoliceForce/2107512375|TestRoadDetector] Time:53
2018-04-15 20:12:00,833 [DEBUG|PoliceForce/2107512375|TestRoadDetector] Targets: []
2018-04-15 20:12:00,833 [DEBUG|PoliceForce/2107512375|TestSearchForFire] unsearchedBuildingIDs:[13333, 24864, 28206, 24752, 10416, 26171, 20425, 13904, 26704, 20306, 16600, 14040, 26074, 35686]
2018-04-15 20:12:00,833 [DEBUG|PoliceForce/2107512375|TestSearchForFire] best path is:[3030, 33393, 5469, 34072, 33416, 6837, 10573, 34683, 13333]
2018-04-15 20:12:00,833 [DEBUG|PoliceForce/2107512375|TestSearchForFire] choosed:10573
2018-04-15 20:12:05,444 [DEBUG|PoliceForce/2107512375|TestSearchForFire] Time:54
2018-04-15 20:12:05,444 [DEBUG|PoliceForce/2107512375|TestRoadDetector] Time:54
2018-04-15 20:12:05,444 [DEBUG|PoliceForce/2107512375|TestRoadDetector] Targets: []
2018-04-15 20:12:05,444 [DEBUG|PoliceForce/2107512375|TestSearchForFire] unsearchedBuildingIDs:[13333, 24864, 28206, 24752, 10416, 26171, 20425, 13904, 26704, 20306, 16600, 14040, 26074, 35686]
2018-04-15 20:12:05,444 [DEBUG|PoliceForce/2107512375|TestSearchForFire] best path is:[33416, 6837, 10573, 34683, 13333]
2018-04-15 20:12:05,444 [DEBUG|PoliceForce/2107512375|TestSearchForFire] choosed:10573
2018-04-15 20:12:09,916 [DEBUG|PoliceForce/2107512375|TestSearchForFire] Time:55
2018-04-15 20:12:09,916 [DEBUG|PoliceForce/2107512375|TestRoadDetector] Time:55
2018-04-15 20:12:09,916 [DEBUG|PoliceForce/2107512375|TestRoadDetector] Targets: []
2018-04-15 20:12:09,916 [DEBUG|PoliceForce/2107512375|TestSearchForFire] unsearchedBuildingIDs:[13333, 24864, 28206, 24752, 10416, 26171, 20425, 13904, 26704, 20306, 16600, 14040, 26074, 35686]
2018-04-15 20:12:09,916 [DEBUG|PoliceForce/2107512375|TestSearchForFire] best path is:[33416, 6837, 10573, 34683, 13333]
2018-04-15 20:12:09,916 [DEBUG|PoliceForce/2107512375|TestSearchForFire] choosed:10573
2018-04-15 20:12:14,488 [DEBUG|PoliceForce/2107512375|TestSearchForFire] Time:56
2018-04-15 20:12:14,488 [DEBUG|PoliceForce/2107512375|TestRoadDetector] Time:56
2018-04-15 20:12:14,489 [DEBUG|PoliceForce/2107512375|TestRoadDetector] Targets: [Building (13333)]
2018-04-15 20:12:14,489 [DEBUG|PoliceForce/2107512375|TestRoadDetector] Selected Target: 13333
2018-04-15 20:12:18,968 [DEBUG|PoliceForce/2107512375|TestSearchForFire] Time:57
2018-04-15 20:12:18,968 [DEBUG|PoliceForce/2107512375|TestRoadDetector] Time:57
2018-04-15 20:12:25,225 [DEBUG|PoliceForce/2107512375|TestSearchForFire] Time:58
2018-04-15 20:12:25,227 [DEBUG|PoliceForce/2107512375|TestRoadDetector] Time:58
2018-04-15 20:12:29,454 [DEBUG|PoliceForce/2107512375|TestSearchForFire] Time:59
2018-04-15 20:12:29,454 [DEBUG|PoliceForce/2107512375|TestRoadDetector] Time:59
2018-04-15 20:12:29,454 [DEBUG|PoliceForce/2107512375|TestRoadDetector] reach to Building (13333) reseting target
2018-04-15 20:12:29,454 [DEBUG|PoliceForce/2107512375|TestRoadDetector] Targets: []
2018-04-15 20:12:29,454 [DEBUG|PoliceForce/2107512375|TestSearchForFire] unsearchedBuildingIDs:[24864, 28206, 24752, 10416, 26171, 20425, 13904, 26704, 20306, 16600, 14040, 26074, 35686]
2018-04-15 20:12:29,455 [DEBUG|PoliceForce/2107512375|TestSearchForFire] best path is:[13333, 34683, 10573, 6837, 33416, 34072, 5469, 33393, 3030, 9393, 352, 4173, 4128, 5766, 8925, 33968, 28222, 28206]
2018-04-15 20:12:29,455 [DEBUG|PoliceForce/2107512375|TestSearchForFire] choosed:33968
2018-04-15 20:12:33,856 [DEBUG|PoliceForce/2107512375|TestSearchForFire] Time:60
2018-04-15 20:12:33,856 [DEBUG|PoliceForce/2107512375|TestRoadDetector] Time:60
2018-04-15 20:12:33,856 [DEBUG|PoliceForce/2107512375|TestRoadDetector] Targets: []
2018-04-15 20:12:33,856 [DEBUG|PoliceForce/2107512375|TestSearchForFire] unsearchedBuildingIDs:[24864, 28206, 24752, 10416, 26171, 20425, 13904, 26704, 20306, 16600, 14040, 26074, 35686]
2018-04-15 20:12:33,857 [DEBUG|PoliceForce/2107512375|TestSearchForFire] best path is:[33416, 34072, 5469, 33393, 3030, 9393, 352, 4173, 4128, 5766, 8925, 33968, 28222, 28206]
2018-04-15 20:12:33,857 [DEBUG|PoliceForce/2107512375|TestSearchForFire] choosed:33968
2018-04-15 20:12:38,068 [DEBUG|PoliceForce/2107512375|TestSearchForFire] Time:61
2018-04-15 20:12:38,069 [DEBUG|PoliceForce/2107512375|TestRoadDetector] Time:61
2018-04-15 20:12:38,069 [DEBUG|PoliceForce/2107512375|TestRoadDetector] Targets: []
2018-04-15 20:12:38,069 [DEBUG|PoliceForce/2107512375|TestSearchForFire] unsearchedBuildingIDs:[24864, 28206, 24752, 10416, 26171, 20425, 13904, 26704, 20306, 16600, 14040, 26074, 35686]
2018-04-15 20:12:38,069 [DEBUG|PoliceForce/2107512375|TestSearchForFire] best path is:[33416, 34072, 5469, 33393, 3030, 9393, 352, 4173, 4128, 5766, 8925, 33968, 28222, 28206]
2018-04-15 20:12:38,069 [DEBUG|PoliceForce/2107512375|TestSearchForFire] choosed:33968
2018-04-15 20:12:41,936 [DEBUG|PoliceForce/2107512375|TestSearchForFire] Time:62
2018-04-15 20:12:41,936 [DEBUG|PoliceForce/2107512375|TestRoadDetector] Time:62
2018-04-15 20:12:41,937 [DEBUG|PoliceForce/2107512375|TestRoadDetector] Targets: []
2018-04-15 20:12:41,937 [DEBUG|PoliceForce/2107512375|TestSearchForFire] unsearchedBuildingIDs:[24864, 28206, 24752, 10416, 26171, 20425, 13904, 26704, 20306, 16600, 14040, 26074, 35686]
2018-04-15 20:12:41,937 [DEBUG|PoliceForce/2107512375|TestSearchForFire] best path is:[33416, 34072, 5469, 33393, 3030, 9393, 352, 4173, 4128, 5766, 8925, 33968, 28222, 28206]
2018-04-15 20:12:41,937 [DEBUG|PoliceForce/2107512375|TestSearchForFire] choosed:33968
2018-04-15 20:12:45,964 [DEBUG|PoliceForce/2107512375|TestSearchForFire] Time:63
2018-04-15 20:12:45,964 [DEBUG|PoliceForce/2107512375|TestRoadDetector] Time:63
2018-04-15 20:12:45,964 [DEBUG|PoliceForce/2107512375|TestRoadDetector] Targets: []
2018-04-15 20:12:45,964 [DEBUG|PoliceForce/2107512375|TestSearchForFire] unsearchedBuildingIDs:[24864, 28206, 24752, 10416, 26171, 20425, 13904, 26704, 20306, 16600, 14040, 26074, 35686]
2018-04-15 20:12:45,965 [DEBUG|PoliceForce/2107512375|TestSearchForFire] best path is:[3030, 9393, 352, 4173, 4128, 5766, 8925, 33968, 28222, 28206]
2018-04-15 20:12:45,965 [DEBUG|PoliceForce/2107512375|TestSearchForFire] choosed:33968
2018-04-15 20:12:49,949 [DEBUG|PoliceForce/2107512375|TestSearchForFire] Time:64
2018-04-15 20:12:49,949 [DEBUG|PoliceForce/2107512375|TestRoadDetector] Time:64
2018-04-15 20:12:49,949 [DEBUG|PoliceForce/2107512375|TestRoadDetector] Targets: []
2018-04-15 20:12:49,949 [DEBUG|PoliceForce/2107512375|TestSearchForFire] unsearchedBuildingIDs:[24864, 24752, 26171, 20425, 13904, 26704, 20306, 16600, 14040, 26074, 35686]
2018-04-15 20:12:49,950 [DEBUG|PoliceForce/2107512375|TestSearchForFire] best path is:[34654, 33969, 7215, 2508, 33987, 34623, 34635, 34002, 34001, 34008, 34022, 35366, 6369, 24880, 24864]
2018-04-15 20:12:49,950 [DEBUG|PoliceForce/2107512375|TestSearchForFire] choosed:6369
2018-04-15 20:12:54,005 [DEBUG|PoliceForce/2107512375|TestSearchForFire] Time:65
2018-04-15 20:12:54,005 [DEBUG|PoliceForce/2107512375|TestRoadDetector] Time:65
2018-04-15 20:12:54,005 [DEBUG|PoliceForce/2107512375|TestRoadDetector] Targets: []
2018-04-15 20:12:54,005 [DEBUG|PoliceForce/2107512375|TestSearchForFire] unsearchedBuildingIDs:[24752, 26171, 26704, 20306, 16600, 14040, 26074, 35686]
2018-04-15 20:12:54,006 [DEBUG|PoliceForce/2107512375|TestSearchForFire] best path is:[34002, 34635, 34623, 33987, 2508, 7215, 33969, 34654, 33968, 7746, 24768, 24752]
2018-04-15 20:12:54,006 [DEBUG|PoliceForce/2107512375|TestSearchForFire] choosed:7746
2018-04-15 20:12:58,256 [DEBUG|PoliceForce/2107512375|TestSearchForFire] Time:66
2018-04-15 20:12:58,256 [DEBUG|PoliceForce/2107512375|TestRoadDetector] Time:66
2018-04-15 20:12:58,257 [DEBUG|PoliceForce/2107512375|TestRoadDetector] Targets: []
2018-04-15 20:12:58,257 [DEBUG|PoliceForce/2107512375|TestSearchForFire] unsearchedBuildingIDs:[24752, 26171, 26704, 20306, 16600, 14040, 26074, 35686]
2018-04-15 20:12:58,257 [DEBUG|PoliceForce/2107512375|TestSearchForFire] best path is:[8925, 33968, 7746, 24768, 24752]
2018-04-15 20:12:58,257 [DEBUG|PoliceForce/2107512375|TestSearchForFire] choosed:7746
2018-04-15 20:13:02,392 [DEBUG|PoliceForce/2107512375|TestSearchForFire] Time:67
2018-04-15 20:13:02,393 [DEBUG|PoliceForce/2107512375|TestRoadDetector] Time:67
2018-04-15 20:13:02,393 [DEBUG|PoliceForce/2107512375|TestRoadDetector] Targets: []
2018-04-15 20:13:02,393 [DEBUG|PoliceForce/2107512375|TestSearchForFire] unsearchedBuildingIDs:[26171, 20306, 14040, 35686]
2018-04-15 20:13:02,393 [DEBUG|PoliceForce/2107512375|TestSearchForFire] best path is:[7746, 5028, 8376, 20322, 20306]
2018-04-15 20:13:02,393 [DEBUG|PoliceForce/2107512375|TestSearchForFire] choosed:8376
2018-04-15 20:13:06,560 [DEBUG|PoliceForce/2107512375|TestSearchForFire] Time:68
2018-04-15 20:13:06,560 [DEBUG|PoliceForce/2107512375|TestRoadDetector] Time:68
2018-04-15 20:13:06,561 [DEBUG|PoliceForce/2107512375|TestRoadDetector] Targets: []
2018-04-15 20:13:06,561 [DEBUG|PoliceForce/2107512375|TestSearchForFire] unsearchedBuildingIDs:[26171, 20306, 14040, 35686]
2018-04-15 20:13:06,561 [DEBUG|PoliceForce/2107512375|TestSearchForFire] best path is:[7746, 5028, 8376, 20322, 20306]
2018-04-15 20:13:06,561 [DEBUG|PoliceForce/2107512375|TestSearchForFire] choosed:8376
2018-04-15 20:13:10,468 [DEBUG|PoliceForce/2107512375|TestSearchForFire] Time:69
2018-04-15 20:13:10,468 [DEBUG|PoliceForce/2107512375|TestRoadDetector] Time:69
2018-04-15 20:13:10,469 [DEBUG|PoliceForce/2107512375|TestRoadDetector] Targets: []
2018-04-15 20:13:10,469 [DEBUG|PoliceForce/2107512375|TestSearchForFire] unsearchedBuildingIDs:[26171, 14040, 35686]
2018-04-15 20:13:10,469 [DEBUG|PoliceForce/2107512375|TestSearchForFire] best path is:[5028, 8376, 2544, 14056, 14040]
2018-04-15 20:13:10,469 [DEBUG|PoliceForce/2107512375|TestSearchForFire] choosed:2544
2018-04-15 20:13:14,369 [DEBUG|PoliceForce/2107512375|TestSearchForFire] Time:70
2018-04-15 20:13:14,369 [DEBUG|PoliceForce/2107512375|TestRoadDetector] Time:70
2018-04-15 20:13:14,369 [DEBUG|PoliceForce/2107512375|TestRoadDetector] Targets: []
2018-04-15 20:13:14,369 [DEBUG|PoliceForce/2107512375|TestSearchForFire] unsearchedBuildingIDs:[26171, 14040, 35686]
2018-04-15 20:13:14,369 [DEBUG|PoliceForce/2107512375|TestSearchForFire] best path is:[5028, 8376, 2544, 14056, 14040]
2018-04-15 20:13:14,369 [DEBUG|PoliceForce/2107512375|TestSearchForFire] choosed:2544
2018-04-15 20:13:18,112 [DEBUG|PoliceForce/2107512375|TestSearchForFire] Time:71
2018-04-15 20:13:18,112 [DEBUG|PoliceForce/2107512375|TestRoadDetector] Time:71
2018-04-15 20:13:18,113 [DEBUG|PoliceForce/2107512375|TestRoadDetector] Targets: []
2018-04-15 20:13:18,113 [DEBUG|PoliceForce/2107512375|TestSearchForFire] unsearchedBuildingIDs:[35686]
2018-04-15 20:13:18,113 [DEBUG|PoliceForce/2107512375|TestSearchForFire] best path is:[2544, 6945, 35918, 35920, 35923, 35926, 35930, 4731, 2382, 7359, 4524, 35526, 35676, 35687, 35686]
2018-04-15 20:13:18,113 [DEBUG|PoliceForce/2107512375|TestSearchForFire] choosed:35676
2018-04-15 20:13:22,020 [DEBUG|PoliceForce/2107512375|TestSearchForFire] Time:72
2018-04-15 20:13:22,020 [DEBUG|PoliceForce/2107512375|TestRoadDetector] Time:72
2018-04-15 20:13:22,020 [DEBUG|PoliceForce/2107512375|TestRoadDetector] Targets: []
2018-04-15 20:13:22,020 [DEBUG|PoliceForce/2107512375|TestSearchForFire] unsearchedBuildingIDs:[35686]
2018-04-15 20:13:22,021 [DEBUG|PoliceForce/2107512375|TestSearchForFire] best path is:[2544, 6945, 35918, 35920, 35923, 35926, 35930, 4731, 2382, 7359, 4524, 35526, 35676, 35687, 35686]
2018-04-15 20:13:22,021 [DEBUG|PoliceForce/2107512375|TestSearchForFire] choosed:35676
2018-04-15 20:13:25,820 [DEBUG|PoliceForce/2107512375|TestSearchForFire] Time:73
2018-04-15 20:13:25,820 [DEBUG|PoliceForce/2107512375|TestRoadDetector] Time:73
2018-04-15 20:13:25,821 [DEBUG|PoliceForce/2107512375|TestRoadDetector] Targets: []
2018-04-15 20:13:25,821 [DEBUG|PoliceForce/2107512375|TestSearchForFire] unsearchedBuildingIDs:[35686]
2018-04-15 20:13:25,821 [DEBUG|PoliceForce/2107512375|TestSearchForFire] best path is:[2544, 6945, 35918, 35920, 35923, 35926, 35930, 4731, 2382, 7359, 4524, 35526, 35676, 35687, 35686]
2018-04-15 20:13:25,821 [DEBUG|PoliceForce/2107512375|TestSearchForFire] choosed:35676
2018-04-15 20:13:29,532 [DEBUG|PoliceForce/2107512375|TestSearchForFire] Time:74
2018-04-15 20:13:29,532 [DEBUG|PoliceForce/2107512375|TestRoadDetector] Time:74
2018-04-15 20:13:29,532 [DEBUG|PoliceForce/2107512375|TestRoadDetector] Targets: []
2018-04-15 20:13:29,532 [DEBUG|PoliceForce/2107512375|TestSearchForFire] unsearchedBuildingIDs:[35686]
2018-04-15 20:13:29,533 [DEBUG|PoliceForce/2107512375|TestSearchForFire] best path is:[35921, 35920, 35923, 35926, 35930, 4731, 2382, 7359, 4524, 35526, 35676, 35687, 35686]
2018-04-15 20:13:29,533 [DEBUG|PoliceForce/2107512375|TestSearchForFire] choosed:35676
2018-04-15 20:13:33,300 [DEBUG|PoliceForce/2107512375|TestSearchForFire] Time:75
2018-04-15 20:13:33,300 [DEBUG|PoliceForce/2107512375|TestRoadDetector] Time:75
2018-04-15 20:13:33,301 [DEBUG|PoliceForce/2107512375|TestRoadDetector] Targets: []
2018-04-15 20:13:33,301 [DEBUG|PoliceForce/2107512375|TestSearchForFire] unsearchedBuildingIDs:[35686]
2018-04-15 20:13:33,301 [DEBUG|PoliceForce/2107512375|TestSearchForFire] best path is:[4731, 2382, 7359, 4524, 35526, 35676, 35687, 35686]
2018-04-15 20:13:33,301 [DEBUG|PoliceForce/2107512375|TestSearchForFire] choosed:35676
2018-04-15 20:13:37,288 [DEBUG|PoliceForce/2107512375|TestSearchForFire] Time:76
2018-04-15 20:13:37,288 [DEBUG|PoliceForce/2107512375|TestRoadDetector] Time:76
2018-04-15 20:13:37,288 [DEBUG|PoliceForce/2107512375|TestRoadDetector] Targets: []
2018-04-15 20:13:37,288 [DEBUG|PoliceForce/2107512375|TestSearchForFire] unsearchedBuildingIDs:[35686]
2018-04-15 20:13:37,288 [DEBUG|PoliceForce/2107512375|TestSearchForFire] best path is:[35676, 35687, 35686]
2018-04-15 20:13:37,288 [DEBUG|PoliceForce/2107512375|TestSearchForFire] choosed:35676
2018-04-15 20:13:40,996 [DEBUG|PoliceForce/2107512375|TestSearchForFire] Time:77
2018-04-15 20:13:40,996 [DEBUG|PoliceForce/2107512375|TestRoadDetector] Time:77
2018-04-15 20:13:40,996 [DEBUG|PoliceForce/2107512375|TestRoadDetector] Targets: []
2018-04-15 20:13:40,996 [DEBUG|PoliceForce/2107512375|TestSearchForFire] unsearchedBuildingIDs:[35686]
2018-04-15 20:13:40,996 [DEBUG|PoliceForce/2107512375|TestSearchForFire] best path is:[35676, 35687, 35686]
2018-04-15 20:13:40,997 [DEBUG|PoliceForce/2107512375|TestSearchForFire] choosed:35676
2018-04-15 20:13:44,464 [DEBUG|PoliceForce/2107512375|TestSearchForFire] Time:78
2018-04-15 20:13:44,464 [DEBUG|PoliceForce/2107512375|TestRoadDetector] Time:78
2018-04-15 20:13:44,464 [DEBUG|PoliceForce/2107512375|TestRoadDetector] Targets: []
2018-04-15 20:13:44,464 [DEBUG|PoliceForce/2107512375|TestSearchForFire] unsearchedBuildingIDs:[35686]
2018-04-15 20:13:44,464 [DEBUG|PoliceForce/2107512375|TestSearchForFire] best path is:[35676, 35687, 35686]
2018-04-15 20:13:44,464 [DEBUG|PoliceForce/2107512375|TestSearchForFire] choosed:35676
2018-04-15 20:13:48,176 [DEBUG|PoliceForce/2107512375|TestSearchForFire] Time:79
2018-04-15 20:13:48,176 [DEBUG|PoliceForce/2107512375|TestRoadDetector] Time:79
2018-04-15 20:13:48,176 [DEBUG|PoliceForce/2107512375|TestRoadDetector] Targets: []
2018-04-15 20:13:48,176 [DEBUG|PoliceForce/2107512375|TestSearchForFire] unsearchedBuildingIDs:[35686]
2018-04-15 20:13:48,177 [DEBUG|PoliceForce/2107512375|TestSearchForFire] best path is:[35676, 35687, 35686]
2018-04-15 20:13:48,177 [DEBUG|PoliceForce/2107512375|TestSearchForFire] choosed:35676
2018-04-15 20:13:51,904 [DEBUG|PoliceForce/2107512375|TestSearchForFire] Time:80
2018-04-15 20:13:51,904 [DEBUG|PoliceForce/2107512375|TestRoadDetector] Time:80
2018-04-15 20:13:51,904 [DEBUG|PoliceForce/2107512375|TestRoadDetector] Targets: []
2018-04-15 20:13:51,904 [DEBUG|PoliceForce/2107512375|TestSearchForFire] unsearchedBuildingIDs:[35686]
2018-04-15 20:13:51,905 [DEBUG|PoliceForce/2107512375|TestSearchForFire] best path is:[35676, 35687, 35686]
2018-04-15 20:13:51,905 [DEBUG|PoliceForce/2107512375|TestSearchForFire] choosed:35676
2018-04-15 20:13:55,380 [DEBUG|PoliceForce/2107512375|TestSearchForFire] Time:81
2018-04-15 20:13:55,380 [DEBUG|PoliceForce/2107512375|TestRoadDetector] Time:81
2018-04-15 20:13:55,380 [DEBUG|PoliceForce/2107512375|TestRoadDetector] Targets: []
2018-04-15 20:13:55,380 [DEBUG|PoliceForce/2107512375|TestSearchForFire] unsearchedBuildingIDs:[16901, 14598, 25738, 20363, 11661, 33425, 35601, 24725, 13333, 20245, 23958, 33944, 24864, 26016, 28839, 33319, 22697, 25515, 26926, 28206, 24752, 33200, 10416, 26677, 33338, 26171, 16573, 10557, 11329, 23877, 11849, 20425, 34634, 33228, 24783, 13904, 35536, 20306, 16600, 14040, 26074, 33376, 22752, 20451, 11876, 21733, 19046, 21103, 23792, 33266, 14067, 20597, 18933, 20858, 33146, 34042, 10362, 33403, 22779, 20478]
2018-04-15 20:13:55,381 [DEBUG|PoliceForce/2107512375|TestSearchForFire] best path is:[35676, 35526, 4524, 20494, 20478]
2018-04-15 20:13:55,381 [DEBUG|PoliceForce/2107512375|TestSearchForFire] choosed:4524
2018-04-15 20:13:58,996 [DEBUG|PoliceForce/2107512375|TestSearchForFire] Time:82
2018-04-15 20:13:58,996 [DEBUG|PoliceForce/2107512375|TestRoadDetector] Time:82
2018-04-15 20:13:58,996 [DEBUG|PoliceForce/2107512375|TestRoadDetector] Targets: []
2018-04-15 20:13:58,996 [DEBUG|PoliceForce/2107512375|TestSearchForFire] unsearchedBuildingIDs:[16901, 14598, 25738, 20363, 11661, 33425, 35601, 24725, 13333, 20245, 23958, 33944, 24864, 26016, 28839, 33319, 22697, 25515, 26926, 28206, 24752, 33200, 10416, 26677, 33338, 26171, 16573, 10557, 11329, 11849, 20425, 34634, 33228, 24783, 13904, 35536, 16600, 14040, 26074, 33376, 22752, 11876, 21733, 19046, 21103, 23792, 33266, 14067, 20597, 20858, 33146, 34042, 10362, 33403, 22779]
2018-04-15 20:13:58,996 [DEBUG|PoliceForce/2107512375|TestSearchForFire] best path is:[4524, 7359, 2382, 16917, 16901]
2018-04-15 20:13:58,996 [DEBUG|PoliceForce/2107512375|TestSearchForFire] choosed:2382
2018-04-15 20:14:02,668 [DEBUG|PoliceForce/2107512375|TestSearchForFire] Time:83
2018-04-15 20:14:02,668 [DEBUG|PoliceForce/2107512375|TestRoadDetector] Time:83
2018-04-15 20:14:02,668 [DEBUG|PoliceForce/2107512375|TestRoadDetector] Targets: []
2018-04-15 20:14:02,669 [DEBUG|PoliceForce/2107512375|TestSearchForFire] unsearchedBuildingIDs:[14598, 25738, 20363, 11661, 33425, 24725, 13333, 20245, 23958, 33944, 24864, 26016, 28839, 33319, 22697, 25515, 26926, 28206, 24752, 33200, 10416, 26677, 33338, 26171, 16573, 10557, 11329, 11849, 20425, 34634, 33228, 24783, 13904, 16600, 14040, 26074, 33376, 22752, 11876, 21733, 21103, 23792, 33266, 14067, 20597, 20858, 33146, 34042, 10362, 33403, 22779]
2018-04-15 20:14:02,669 [DEBUG|PoliceForce/2107512375|TestSearchForFire] best path is:[2382, 7359, 4524, 34584, 6450, 24741, 24725]
2018-04-15 20:14:02,669 [DEBUG|PoliceForce/2107512375|TestSearchForFire] choosed:6450
2018-04-15 20:14:06,376 [DEBUG|PoliceForce/2107512375|TestSearchForFire] Time:84
2018-04-15 20:14:06,376 [DEBUG|PoliceForce/2107512375|TestRoadDetector] Time:84
2018-04-15 20:14:06,376 [DEBUG|PoliceForce/2107512375|TestRoadDetector] Targets: []
2018-04-15 20:14:06,376 [DEBUG|PoliceForce/2107512375|TestSearchForFire] unsearchedBuildingIDs:[14598, 25738, 20363, 11661, 33425, 13333, 20245, 23958, 33944, 24864, 26016, 28839, 33319, 22697, 25515, 26926, 28206, 24752, 33200, 10416, 26677, 33338, 26171, 16573, 10557, 11329, 11849, 20425, 34634, 33228, 24783, 13904, 16600, 14040, 26074, 33376, 22752, 11876, 21733, 21103, 23792, 33266, 20597, 20858, 33146, 34042, 10362, 33403, 22779]
2018-04-15 20:14:06,376 [DEBUG|PoliceForce/2107512375|TestSearchForFire] best path is:[6450, 33986, 33987, 2508, 26693, 26677]
2018-04-15 20:14:06,376 [DEBUG|PoliceForce/2107512375|TestSearchForFire] choosed:2508
2018-04-15 20:14:10,150 [DEBUG|PoliceForce/2107512375|TestSearchForFire] Time:85
2018-04-15 20:14:10,150 [DEBUG|PoliceForce/2107512375|TestRoadDetector] Time:85
2018-04-15 20:14:10,151 [DEBUG|PoliceForce/2107512375|TestRoadDetector] Targets: []
2018-04-15 20:14:10,151 [DEBUG|PoliceForce/2107512375|TestSearchForFire] unsearchedBuildingIDs:[14598, 25738, 11661, 33425, 13333, 20245, 23958, 24864, 28839, 33319, 26926, 28206, 24752, 33200, 10416, 33338, 26171, 16573, 10557, 11849, 20425, 33228, 24783, 13904, 16600, 14040, 26074, 33376, 11876, 21733, 21103, 33266, 20597, 33146, 34042, 10362, 33403, 22779]
2018-04-15 20:14:10,151 [DEBUG|PoliceForce/2107512375|TestSearchForFire] best path is:[2508, 7215, 33969, 34654, 33968, 8925, 5766, 16589, 16573]
2018-04-15 20:14:10,151 [DEBUG|PoliceForce/2107512375|TestSearchForFire] choosed:5766
2018-04-15 20:14:13,708 [DEBUG|PoliceForce/2107512375|TestSearchForFire] Time:86
2018-04-15 20:14:13,708 [DEBUG|PoliceForce/2107512375|TestRoadDetector] Time:86
2018-04-15 20:14:13,708 [DEBUG|PoliceForce/2107512375|TestRoadDetector] Targets: []
2018-04-15 20:14:13,708 [DEBUG|PoliceForce/2107512375|TestSearchForFire] unsearchedBuildingIDs:[14598, 25738, 11661, 33425, 13333, 20245, 23958, 24864, 28839, 33319, 26926, 28206, 24752, 33200, 10416, 33338, 26171, 16573, 10557, 11849, 20425, 33228, 24783, 13904, 16600, 14040, 26074, 33376, 11876, 21733, 21103, 33266, 20597, 33146, 34042, 10362, 33403, 22779]
2018-04-15 20:14:13,709 [DEBUG|PoliceForce/2107512375|TestSearchForFire] best path is:[2508, 7215, 33969, 34654, 33968, 8925, 5766, 16589, 16573]
2018-04-15 20:14:13,709 [DEBUG|PoliceForce/2107512375|TestSearchForFire] choosed:5766
2018-04-15 20:14:17,092 [DEBUG|PoliceForce/2107512375|TestSearchForFire] Time:87
2018-04-15 20:14:17,092 [DEBUG|PoliceForce/2107512375|TestRoadDetector] Time:87
2018-04-15 20:14:17,093 [DEBUG|PoliceForce/2107512375|TestRoadDetector] Targets: []
2018-04-15 20:14:17,093 [DEBUG|PoliceForce/2107512375|TestSearchForFire] unsearchedBuildingIDs:[14598, 25738, 11661, 33425, 13333, 23958, 24864, 28839, 33319, 26926, 28206, 24752, 33200, 10416, 33338, 26171, 10557, 11849, 20425, 33228, 24783, 13904, 16600, 14040, 26074, 33376, 11876, 21103, 33266, 20597, 33146, 34042, 10362, 33403, 22779]
2018-04-15 20:14:17,093 [DEBUG|PoliceForce/2107512375|TestSearchForFire] best path is:[5766, 16589, 33960, 33944, 26063, 3012, 14614, 14598]
2018-04-15 20:14:17,093 [DEBUG|PoliceForce/2107512375|TestSearchForFire] choosed:3012
2018-04-15 20:14:20,480 [DEBUG|PoliceForce/2107512375|TestSearchForFire] Time:88
2018-04-15 20:14:20,480 [DEBUG|PoliceForce/2107512375|TestRoadDetector] Time:88
2018-04-15 20:14:20,481 [DEBUG|PoliceForce/2107512375|TestRoadDetector] Targets: []
2018-04-15 20:14:20,481 [DEBUG|PoliceForce/2107512375|TestSearchForFire] unsearchedBuildingIDs:[25738, 11661, 33425, 13333, 23958, 24864, 28839, 33319, 26926, 28206, 24752, 33200, 10416, 33338, 26171, 10557, 11849, 20425, 33228, 13904, 16600, 14040, 26074, 11876, 21103, 33266, 20597, 33146, 34042, 10362, 33403, 22779]
2018-04-15 20:14:20,481 [DEBUG|PoliceForce/2107512375|TestSearchForFire] best path is:[3012, 7575, 352, 9393, 3030, 33393, 5469, 34072, 33416, 6837, 11865, 11849]
2018-04-15 20:14:20,481 [DEBUG|PoliceForce/2107512375|TestSearchForFire] choosed:6837
2018-04-15 20:14:24,116 [DEBUG|PoliceForce/2107512375|TestSearchForFire] Time:89
2018-04-15 20:14:24,116 [DEBUG|PoliceForce/2107512375|TestRoadDetector] Time:89
2018-04-15 20:14:24,116 [DEBUG|PoliceForce/2107512375|TestRoadDetector] Targets: []
2018-04-15 20:14:24,117 [DEBUG|PoliceForce/2107512375|TestSearchForFire] unsearchedBuildingIDs:[25738, 11661, 33425, 13333, 23958, 24864, 28839, 33319, 28206, 24752, 33200, 10416, 33338, 26171, 10557, 11849, 20425, 33228, 13904, 16600, 14040, 26074, 11876, 21103, 33266, 20597, 33146, 34042, 10362, 22779]
2018-04-15 20:14:24,117 [DEBUG|PoliceForce/2107512375|TestSearchForFire] best path is:[33393, 5469, 34072, 33416, 6837, 11865, 11849]
2018-04-15 20:14:24,117 [DEBUG|PoliceForce/2107512375|TestSearchForFire] choosed:6837
2018-04-15 20:14:27,728 [DEBUG|PoliceForce/2107512375|TestSearchForFire] Time:90
2018-04-15 20:14:27,728 [DEBUG|PoliceForce/2107512375|TestRoadDetector] Time:90
2018-04-15 20:14:27,728 [DEBUG|PoliceForce/2107512375|TestRoadDetector] Targets: []
2018-04-15 20:14:27,728 [DEBUG|PoliceForce/2107512375|TestSearchForFire] unsearchedBuildingIDs:[11661, 33425, 13333, 23958, 24864, 28839, 33319, 28206, 24752, 33200, 10416, 33338, 26171, 20425, 33228, 13904, 16600, 14040, 26074, 11876, 33266, 20597, 33146, 34042, 10362, 22779]
2018-04-15 20:14:27,729 [DEBUG|PoliceForce/2107512375|TestSearchForFire] best path is:[6837, 33416, 34072, 5469, 33393, 3030, 9393, 352, 4155, 33357, 4956, 11677, 11661]
2018-04-15 20:14:27,729 [DEBUG|PoliceForce/2107512375|TestSearchForFire] choosed:4956
2018-04-15 20:14:31,260 [DEBUG|PoliceForce/2107512375|TestSearchForFire] Time:91
2018-04-15 20:14:31,261 [DEBUG|PoliceForce/2107512375|TestRoadDetector] Time:91
2018-04-15 20:14:31,261 [DEBUG|PoliceForce/2107512375|TestRoadDetector] Targets: []
2018-04-15 20:14:31,261 [DEBUG|PoliceForce/2107512375|TestSearchForFire] unsearchedBuildingIDs:[11661, 33425, 13333, 23958, 24864, 28839, 33319, 28206, 24752, 33200, 10416, 33338, 26171, 20425, 33228, 13904, 16600, 14040, 26074, 11876, 33266, 20597, 33146, 34042, 10362, 22779]
2018-04-15 20:14:31,261 [DEBUG|PoliceForce/2107512375|TestSearchForFire] best path is:[3030, 9393, 352, 4155, 33357, 4956, 11677, 11661]
2018-04-15 20:14:31,261 [DEBUG|PoliceForce/2107512375|TestSearchForFire] choosed:4956
2018-04-15 20:14:34,965 [DEBUG|PoliceForce/2107512375|TestSearchForFire] Time:92
2018-04-15 20:14:34,965 [DEBUG|PoliceForce/2107512375|TestRoadDetector] Time:92
2018-04-15 20:14:34,965 [DEBUG|PoliceForce/2107512375|TestRoadDetector] Targets: []
2018-04-15 20:14:34,965 [DEBUG|PoliceForce/2107512375|TestSearchForFire] unsearchedBuildingIDs:[33425, 13333, 23958, 24864, 28839, 33319, 28206, 24752, 33200, 10416, 33338, 26171, 20425, 33228, 13904, 16600, 14040, 26074, 11876, 33266, 34042, 10362, 22779]
2018-04-15 20:14:34,965 [DEBUG|PoliceForce/2107512375|TestSearchForFire] best path is:[4155, 33357, 4956, 33169, 33179, 33219, 33200]
2018-04-15 20:14:34,965 [DEBUG|PoliceForce/2107512375|TestSearchForFire] choosed:33179
2018-04-15 20:14:38,708 [DEBUG|PoliceForce/2107512375|TestSearchForFire] Time:93
2018-04-15 20:14:38,708 [DEBUG|PoliceForce/2107512375|TestRoadDetector] Time:93
2018-04-15 20:14:38,709 [DEBUG|PoliceForce/2107512375|TestRoadDetector] Targets: []
2018-04-15 20:14:38,709 [DEBUG|PoliceForce/2107512375|TestSearchForFire] unsearchedBuildingIDs:[33425, 13333, 24864, 33319, 28206, 24752, 10416, 26171, 20425, 13904, 16600, 14040, 26074, 34042, 10362, 22779]
2018-04-15 20:14:38,709 [DEBUG|PoliceForce/2107512375|TestSearchForFire] best path is:[33179, 33190, 33191, 33234, 33282, 33431, 33447, 33425]
2018-04-15 20:14:38,709 [DEBUG|PoliceForce/2107512375|TestSearchForFire] choosed:33431
2018-04-15 20:14:42,096 [DEBUG|PoliceForce/2107512375|TestSearchForFire] Time:94
2018-04-15 20:14:42,096 [DEBUG|PoliceForce/2107512375|TestRoadDetector] Time:94
2018-04-15 20:14:42,096 [DEBUG|PoliceForce/2107512375|TestRoadDetector] Targets: []
2018-04-15 20:14:42,097 [DEBUG|PoliceForce/2107512375|TestSearchForFire] unsearchedBuildingIDs:[13333, 24864, 28206, 24752, 10416, 26171, 20425, 13904, 16600, 14040, 26074, 10362, 22779]
2018-04-15 20:14:42,097 [DEBUG|PoliceForce/2107512375|TestSearchForFire] best path is:[33282, 33234, 33191, 33190, 33179, 33169, 4956, 33357, 4155, 352, 9393, 3030, 33393, 5469, 34072, 33416, 6837, 10573, 34683, 13333]
2018-04-15 20:14:42,097 [DEBUG|PoliceForce/2107512375|TestSearchForFire] choosed:10573
2018-04-15 20:14:45,684 [DEBUG|PoliceForce/2107512375|TestSearchForFire] Time:95
2018-04-15 20:14:45,685 [DEBUG|PoliceForce/2107512375|TestRoadDetector] Time:95
2018-04-15 20:14:45,685 [DEBUG|PoliceForce/2107512375|TestRoadDetector] Targets: []
2018-04-15 20:14:45,685 [DEBUG|PoliceForce/2107512375|TestSearchForFire] unsearchedBuildingIDs:[13333, 24864, 28206, 24752, 10416, 26171, 20425, 13904, 16600, 14040, 26074, 10362, 22779]
2018-04-15 20:14:45,685 [DEBUG|PoliceForce/2107512375|TestSearchForFire] best path is:[33179, 33169, 4956, 33357, 4155, 352, 9393, 3030, 33393, 5469, 34072, 33416, 6837, 10573, 34683, 13333]
2018-04-15 20:14:45,685 [DEBUG|PoliceForce/2107512375|TestSearchForFire] choosed:10573
2018-04-15 20:14:49,372 [DEBUG|PoliceForce/2107512375|TestSearchForFire] Time:96
2018-04-15 20:14:49,373 [DEBUG|PoliceForce/2107512375|TestRoadDetector] Time:96
2018-04-15 20:14:49,373 [DEBUG|PoliceForce/2107512375|TestRoadDetector] Targets: []
2018-04-15 20:14:49,373 [DEBUG|PoliceForce/2107512375|TestSearchForFire] unsearchedBuildingIDs:[13333, 24864, 28206, 24752, 10416, 26171, 20425, 13904, 16600, 14040, 26074, 10362, 22779]
2018-04-15 20:14:49,373 [DEBUG|PoliceForce/2107512375|TestSearchForFire] best path is:[33357, 4155, 352, 9393, 3030, 33393, 5469, 34072, 33416, 6837, 10573, 34683, 13333]
2018-04-15 20:14:49,373 [DEBUG|PoliceForce/2107512375|TestSearchForFire] choosed:10573
2018-04-15 20:14:53,012 [DEBUG|PoliceForce/2107512375|TestSearchForFire] Time:97
2018-04-15 20:14:53,012 [DEBUG|PoliceForce/2107512375|TestRoadDetector] Time:97
2018-04-15 20:14:53,013 [DEBUG|PoliceForce/2107512375|TestRoadDetector] Targets: []
2018-04-15 20:14:53,013 [DEBUG|PoliceForce/2107512375|TestSearchForFire] unsearchedBuildingIDs:[13333, 24864, 28206, 24752, 10416, 26171, 20425, 13904, 16600, 14040, 26074, 10362, 22779]
2018-04-15 20:14:53,013 [DEBUG|PoliceForce/2107512375|TestSearchForFire] best path is:[3030, 33393, 5469, 34072, 33416, 6837, 10573, 34683, 13333]
2018-04-15 20:14:53,013 [DEBUG|PoliceForce/2107512375|TestSearchForFire] choosed:10573
2018-04-15 20:14:56,709 [DEBUG|PoliceForce/2107512375|TestSearchForFire] Time:98
2018-04-15 20:14:56,709 [DEBUG|PoliceForce/2107512375|TestRoadDetector] Time:98
2018-04-15 20:14:56,709 [DEBUG|PoliceForce/2107512375|TestRoadDetector] Targets: []
2018-04-15 20:14:56,709 [DEBUG|PoliceForce/2107512375|TestSearchForFire] unsearchedBuildingIDs:[13333, 24864, 28206, 24752, 10416, 26171, 20425, 13904, 16600, 14040, 26074, 10362, 22779]
2018-04-15 20:14:56,709 [DEBUG|PoliceForce/2107512375|TestSearchForFire] best path is:[6837, 10573, 34683, 13333]
2018-04-15 20:14:56,709 [DEBUG|PoliceForce/2107512375|TestSearchForFire] choosed:10573
2018-04-15 20:15:00,060 [DEBUG|PoliceForce/2107512375|TestSearchForFire] Time:99
2018-04-15 20:15:00,061 [DEBUG|PoliceForce/2107512375|TestRoadDetector] Time:99
2018-04-15 20:15:00,061 [DEBUG|PoliceForce/2107512375|TestRoadDetector] Targets: []
2018-04-15 20:15:00,061 [DEBUG|PoliceForce/2107512375|TestSearchForFire] unsearchedBuildingIDs:[24864, 28206, 24752, 10416, 26171, 20425, 13904, 16600, 14040, 26074, 10362, 22779]
2018-04-15 20:15:00,061 [DEBUG|PoliceForce/2107512375|TestSearchForFire] best path is:[10573, 6837, 33416, 34072, 5469, 33393, 3030, 9393, 352, 4173, 4128, 5766, 8925, 33968, 28222, 28206]
2018-04-15 20:15:00,062 [DEBUG|PoliceForce/2107512375|TestSearchForFire] choosed:33968
2018-04-15 20:15:03,596 [DEBUG|PoliceForce/2107512375|TestSearchForFire] Time:100
2018-04-15 20:15:03,596 [DEBUG|PoliceForce/2107512375|TestRoadDetector] Time:100
2018-04-15 20:15:03,596 [DEBUG|PoliceForce/2107512375|TestRoadDetector] Targets: []
2018-04-15 20:15:03,596 [DEBUG|PoliceForce/2107512375|TestSearchForFire] unsearchedBuildingIDs:[24864, 28206, 24752, 10416, 26171, 20425, 13904, 16600, 14040, 26074, 10362, 22779]
2018-04-15 20:15:03,597 [DEBUG|PoliceForce/2107512375|TestSearchForFire] best path is:[33393, 3030, 9393, 352, 4173, 4128, 5766, 8925, 33968, 28222, 28206]
2018-04-15 20:15:03,597 [DEBUG|PoliceForce/2107512375|TestSearchForFire] choosed:33968
2018-04-15 20:15:07,044 [DEBUG|PoliceForce/2107512375|TestSearchForFire] Time:101
2018-04-15 20:15:07,044 [DEBUG|PoliceForce/2107512375|TestRoadDetector] Time:101
2018-04-15 20:15:07,044 [DEBUG|PoliceForce/2107512375|TestRoadDetector] Targets: []
2018-04-15 20:15:07,044 [DEBUG|PoliceForce/2107512375|TestSearchForFire] unsearchedBuildingIDs:[24864, 28206, 24752, 10416, 26171, 20425, 13904, 16600, 14040, 26074, 10362, 22779]
2018-04-15 20:15:07,045 [DEBUG|PoliceForce/2107512375|TestSearchForFire] best path is:[33393, 3030, 9393, 352, 4173, 4128, 5766, 8925, 33968, 28222, 28206]
2018-04-15 20:15:07,045 [DEBUG|PoliceForce/2107512375|TestSearchForFire] choosed:33968
2018-04-15 20:15:10,500 [DEBUG|PoliceForce/2107512375|TestSearchForFire] Time:102
2018-04-15 20:15:10,501 [DEBUG|PoliceForce/2107512375|TestRoadDetector] Time:102
2018-04-15 20:15:10,501 [DEBUG|PoliceForce/2107512375|TestRoadDetector] Targets: []
2018-04-15 20:15:10,501 [DEBUG|PoliceForce/2107512375|TestSearchForFire] unsearchedBuildingIDs:[24864, 28206, 24752, 10416, 26171, 20425, 13904, 16600, 14040, 26074, 10362, 22779]
2018-04-15 20:15:10,501 [DEBUG|PoliceForce/2107512375|TestSearchForFire] best path is:[4128, 5766, 8925, 33968, 28222, 28206]
2018-04-15 20:15:10,501 [DEBUG|PoliceForce/2107512375|TestSearchForFire] choosed:33968
2018-04-15 20:15:14,036 [DEBUG|PoliceForce/2107512375|TestSearchForFire] Time:103
2018-04-15 20:15:14,036 [DEBUG|PoliceForce/2107512375|TestRoadDetector] Time:103
2018-04-15 20:15:14,037 [DEBUG|PoliceForce/2107512375|TestRoadDetector] Targets: []
2018-04-15 20:15:14,037 [DEBUG|PoliceForce/2107512375|TestSearchForFire] unsearchedBuildingIDs:[24864, 24752, 10416, 26171, 20425, 13904, 16600, 14040, 26074, 10362, 22779]
2018-04-15 20:15:14,037 [DEBUG|PoliceForce/2107512375|TestSearchForFire] best path is:[33968, 10432, 10416]
2018-04-15 20:15:14,037 [DEBUG|PoliceForce/2107512375|TestSearchForFire] choosed:33968
2018-04-15 20:15:17,692 [DEBUG|PoliceForce/2107512375|TestSearchForFire] Time:104
2018-04-15 20:15:17,692 [DEBUG|PoliceForce/2107512375|TestRoadDetector] Time:104
2018-04-15 20:15:17,692 [DEBUG|PoliceForce/2107512375|TestRoadDetector] Targets: []
2018-04-15 20:15:17,692 [DEBUG|PoliceForce/2107512375|TestSearchForFire] unsearchedBuildingIDs:[24864, 24752, 26171, 20425, 13904, 16600, 14040, 26074, 10362, 22779]
2018-04-15 20:15:17,693 [DEBUG|PoliceForce/2107512375|TestSearchForFire] best path is:[33968, 34654, 33969, 7215, 2508, 33987, 34623, 34635, 34002, 34001, 34008, 34022, 35366, 6369, 24880, 24864]
2018-04-15 20:15:17,693 [DEBUG|PoliceForce/2107512375|TestSearchForFire] choosed:6369
2018-04-15 20:15:20,937 [DEBUG|PoliceForce/2107512375|TestSearchForFire] Time:105
2018-04-15 20:15:20,937 [DEBUG|PoliceForce/2107512375|TestRoadDetector] Time:105
2018-04-15 20:15:20,937 [DEBUG|PoliceForce/2107512375|TestRoadDetector] Targets: []
2018-04-15 20:15:20,937 [DEBUG|PoliceForce/2107512375|TestSearchForFire] unsearchedBuildingIDs:[24864, 24752, 26171, 13904, 16600, 14040, 26074, 10362, 22779]
2018-04-15 20:15:20,937 [DEBUG|PoliceForce/2107512375|TestSearchForFire] best path is:[34623, 34635, 34002, 34001, 34008, 34022, 35366, 6369, 24880, 24864]
2018-04-15 20:15:20,937 [DEBUG|PoliceForce/2107512375|TestSearchForFire] choosed:6369
2018-04-15 20:15:24,260 [DEBUG|PoliceForce/2107512375|TestSearchForFire] Time:106
2018-04-15 20:15:24,260 [DEBUG|PoliceForce/2107512375|TestRoadDetector] Time:106
2018-04-15 20:15:24,260 [DEBUG|PoliceForce/2107512375|TestRoadDetector] Targets: []
2018-04-15 20:15:24,260 [DEBUG|PoliceForce/2107512375|TestSearchForFire] unsearchedBuildingIDs:[24752, 26171, 13904, 16600, 14040, 26074, 10362, 22779]
2018-04-15 20:15:24,261 [DEBUG|PoliceForce/2107512375|TestSearchForFire] best path is:[6369, 35366, 34022, 34008, 34001, 33989, 13920, 13904]
2018-04-15 20:15:24,261 [DEBUG|PoliceForce/2107512375|TestSearchForFire] choosed:33989
2018-04-15 20:15:27,628 [DEBUG|PoliceForce/2107512375|TestSearchForFire] Time:107
2018-04-15 20:15:27,628 [DEBUG|PoliceForce/2107512375|TestRoadDetector] Time:107
2018-04-15 20:15:27,629 [DEBUG|PoliceForce/2107512375|TestRoadDetector] Targets: []
2018-04-15 20:15:27,629 [DEBUG|PoliceForce/2107512375|TestSearchForFire] unsearchedBuildingIDs:[24752, 26171, 16600, 14040, 26074, 22779]
2018-04-15 20:15:27,629 [DEBUG|PoliceForce/2107512375|TestSearchForFire] best path is:[33989, 34001, 34002, 34635, 34623, 33987, 2508, 7215, 33969, 34654, 33968, 7746, 24768, 24752]
2018-04-15 20:15:27,629 [DEBUG|PoliceForce/2107512375|TestSearchForFire] choosed:7746
2018-04-15 20:15:31,093 [DEBUG|PoliceForce/2107512375|TestSearchForFire] Time:108
2018-04-15 20:15:31,093 [DEBUG|PoliceForce/2107512375|TestRoadDetector] Time:108
2018-04-15 20:15:31,093 [DEBUG|PoliceForce/2107512375|TestRoadDetector] Targets: []
2018-04-15 20:15:31,093 [DEBUG|PoliceForce/2107512375|TestSearchForFire] unsearchedBuildingIDs:[24752, 26171, 16600, 14040, 26074, 22779]
2018-04-15 20:15:31,093 [DEBUG|PoliceForce/2107512375|TestSearchForFire] best path is:[7215, 33969, 34654, 33968, 7746, 24768, 24752]
2018-04-15 20:15:31,093 [DEBUG|PoliceForce/2107512375|TestSearchForFire] choosed:7746
2018-04-15 20:15:34,540 [DEBUG|PoliceForce/2107512375|TestSearchForFire] Time:109
2018-04-15 20:15:34,540 [DEBUG|PoliceForce/2107512375|TestRoadDetector] Time:109
2018-04-15 20:15:34,540 [DEBUG|PoliceForce/2107512375|TestRoadDetector] Targets: []
2018-04-15 20:15:34,541 [DEBUG|PoliceForce/2107512375|TestSearchForFire] unsearchedBuildingIDs:[26171, 14040, 26074, 22779]
2018-04-15 20:15:34,541 [DEBUG|PoliceForce/2107512375|TestSearchForFire] best path is:[7746, 5028, 26090, 26074]
2018-04-15 20:15:34,541 [DEBUG|PoliceForce/2107512375|TestSearchForFire] choosed:5028
2018-04-15 20:15:38,085 [DEBUG|PoliceForce/2107512375|TestSearchForFire] Time:110
2018-04-15 20:15:38,085 [DEBUG|PoliceForce/2107512375|TestRoadDetector] Time:110
2018-04-15 20:15:38,085 [DEBUG|PoliceForce/2107512375|TestRoadDetector] Targets: []
2018-04-15 20:15:38,085 [DEBUG|PoliceForce/2107512375|TestSearchForFire] unsearchedBuildingIDs:[26171, 22779]
2018-04-15 20:15:38,085 [DEBUG|PoliceForce/2107512375|TestSearchForFire] best path is:[5028, 8376, 2544, 6945, 35918, 35914, 26186, 26171]
2018-04-15 20:15:38,085 [DEBUG|PoliceForce/2107512375|TestSearchForFire] choosed:35914
2018-04-15 20:15:41,516 [DEBUG|PoliceForce/2107512375|TestSearchForFire] Time:111
2018-04-15 20:15:41,517 [DEBUG|PoliceForce/2107512375|TestRoadDetector] Time:111
2018-04-15 20:15:41,517 [DEBUG|PoliceForce/2107512375|TestRoadDetector] Targets: []
2018-04-15 20:15:41,517 [DEBUG|PoliceForce/2107512375|TestSearchForFire] unsearchedBuildingIDs:[16901, 14598, 25738, 20363, 11661, 33425, 35601, 24725, 13333, 20245, 23958, 33944, 24864, 26016, 28839, 33319, 22697, 25515, 26926, 28206, 24752, 33200, 10416, 26677, 33338, 16573, 10557, 11329, 23877, 11849, 20425, 34634, 33228, 17229, 24783, 13904, 26704, 35667, 16600, 35676, 33376, 22752, 20451, 11876, 21733, 35686, 35687, 21103, 23792, 33266, 14067, 20597, 18933, 20858, 33146, 34042, 10362, 33403, 20478]
2018-04-15 20:15:41,517 [DEBUG|PoliceForce/2107512375|TestSearchForFire] best path is:[35918, 35920, 35923, 35926, 35930, 4731, 16917, 16901]
2018-04-15 20:15:41,517 [DEBUG|PoliceForce/2107512375|TestSearchForFire] choosed:4731
2018-04-15 20:15:44,832 [DEBUG|PoliceForce/2107512375|TestSearchForFire] Time:112
2018-04-15 20:15:44,832 [DEBUG|PoliceForce/2107512375|TestRoadDetector] Time:112
2018-04-15 20:15:44,833 [DEBUG|PoliceForce/2107512375|TestRoadDetector] Targets: []
2018-04-15 20:15:44,833 [DEBUG|PoliceForce/2107512375|TestSearchForFire] unsearchedBuildingIDs:[14598, 25738, 20363, 11661, 33425, 24725, 13333, 20245, 23958, 33944, 24864, 26016, 28839, 33319, 22697, 25515, 26926, 28206, 24752, 33200, 10416, 26677, 33338, 16573, 10557, 11329, 11849, 20425, 34634, 33228, 17229, 24783, 13904, 26704, 35667, 16600, 35676, 33376, 22752, 20451, 11876, 21733, 35686, 35687, 21103, 23792, 33266, 14067, 20597, 18933, 20858, 33146, 34042, 10362, 33403, 20478]
2018-04-15 20:15:44,833 [DEBUG|PoliceForce/2107512375|TestSearchForFire] best path is:[35930, 4731, 2382, 7359, 20494, 20478]
2018-04-15 20:15:44,833 [DEBUG|PoliceForce/2107512375|TestSearchForFire] choosed:7359
2018-04-15 20:15:48,072 [DEBUG|PoliceForce/2107512375|TestSearchForFire] Time:113
2018-04-15 20:15:48,072 [DEBUG|PoliceForce/2107512375|TestRoadDetector] Time:113
2018-04-15 20:15:48,073 [DEBUG|PoliceForce/2107512375|TestRoadDetector] Targets: []
2018-04-15 20:15:48,073 [DEBUG|PoliceForce/2107512375|TestSearchForFire] unsearchedBuildingIDs:[14598, 25738, 20363, 11661, 33425, 24725, 13333, 20245, 23958, 33944, 24864, 26016, 28839, 33319, 22697, 25515, 26926, 28206, 24752, 33200, 10416, 26677, 33338, 16573, 10557, 11329, 11849, 20425, 34634, 33228, 24783, 13904, 26704, 16600, 33376, 22752, 11876, 21733, 35686, 35687, 21103, 23792, 33266, 14067, 20597, 20858, 33146, 34042, 10362, 33403]
2018-04-15 20:15:48,073 [DEBUG|PoliceForce/2107512375|TestSearchForFire] best path is:[7359, 4524, 34584, 6450, 24741, 24725]
2018-04-15 20:15:48,073 [DEBUG|PoliceForce/2107512375|TestSearchForFire] choosed:6450
2018-04-15 20:15:51,646 [DEBUG|PoliceForce/2107512375|TestSearchForFire] Time:114
2018-04-15 20:15:51,646 [DEBUG|PoliceForce/2107512375|TestRoadDetector] Time:114
2018-04-15 20:15:51,646 [DEBUG|PoliceForce/2107512375|TestRoadDetector] Targets: []
2018-04-15 20:15:51,646 [DEBUG|PoliceForce/2107512375|TestSearchForFire] unsearchedBuildingIDs:[14598, 25738, 20363, 11661, 33425, 13333, 20245, 23958, 33944, 24864, 26016, 28839, 33319, 22697, 25515, 26926, 28206, 24752, 33200, 10416, 26677, 33338, 16573, 10557, 11329, 11849, 20425, 34634, 33228, 24783, 13904, 26704, 16600, 33376, 22752, 11876, 21733, 35686, 35687, 21103, 23792, 33266, 20597, 20858, 33146, 34042, 10362, 33403]
2018-04-15 20:15:51,646 [DEBUG|PoliceForce/2107512375|TestSearchForFire] best path is:[6450, 33986, 33987, 2508, 26693, 26677]
2018-04-15 20:15:51,647 [DEBUG|PoliceForce/2107512375|TestSearchForFire] choosed:2508
2018-04-15 20:15:55,100 [DEBUG|PoliceForce/2107512375|TestSearchForFire] Time:115
2018-04-15 20:15:55,100 [DEBUG|PoliceForce/2107512375|TestRoadDetector] Time:115
2018-04-15 20:15:55,101 [DEBUG|PoliceForce/2107512375|TestRoadDetector] Targets: []
2018-04-15 20:15:55,101 [DEBUG|PoliceForce/2107512375|TestSearchForFire] unsearchedBuildingIDs:[14598, 25738, 11661, 33425, 13333, 20245, 23958, 33944, 24864, 28839, 33319, 26926, 28206, 24752, 33200, 10416, 33338, 16573, 10557, 11849, 20425, 33228, 24783, 13904, 26704, 16600, 33376, 11876, 21733, 35686, 35687, 21103, 33266, 20597, 33146, 34042, 10362, 33403]
2018-04-15 20:15:55,101 [DEBUG|PoliceForce/2107512375|TestSearchForFire] best path is:[2508, 7215, 33969, 34654, 33968, 8925, 5766, 16589, 33960, 33944]
2018-04-15 20:15:55,101 [DEBUG|PoliceForce/2107512375|TestSearchForFire] choosed:16589
2018-04-15 20:15:58,448 [DEBUG|PoliceForce/2107512375|TestSearchForFire] Time:116
2018-04-15 20:15:58,448 [DEBUG|PoliceForce/2107512375|TestRoadDetector] Time:116
2018-04-15 20:15:58,449 [DEBUG|PoliceForce/2107512375|TestRoadDetector] Targets: []
2018-04-15 20:15:58,449 [DEBUG|PoliceForce/2107512375|TestSearchForFire] unsearchedBuildingIDs:[25738, 11661, 33425, 13333, 23958, 24864, 28839, 33319, 26926, 28206, 24752, 33200, 10416, 33338, 10557, 11849, 20425, 33228, 24783, 13904, 26704, 16600, 33376, 11876, 35686, 35687, 21103, 33266, 20597, 33146, 34042, 10362, 33403]
2018-04-15 20:15:58,449 [DEBUG|PoliceForce/2107512375|TestSearchForFire] best path is:[16589, 4128, 4173, 352, 9393, 3030, 33393, 5469, 34072, 33416, 6837, 11865, 11849]
2018-04-15 20:15:58,449 [DEBUG|PoliceForce/2107512375|TestSearchForFire] choosed:6837
2018-04-15 20:16:01,704 [DEBUG|PoliceForce/2107512375|TestSearchForFire] Time:117
2018-04-15 20:16:01,704 [DEBUG|PoliceForce/2107512375|TestRoadDetector] Time:117
2018-04-15 20:16:01,705 [DEBUG|PoliceForce/2107512375|TestRoadDetector] Targets: []
2018-04-15 20:16:01,705 [DEBUG|PoliceForce/2107512375|TestSearchForFire] unsearchedBuildingIDs:[25738, 11661, 33425, 13333, 23958, 24864, 28839, 33319, 28206, 24752, 33200, 10416, 33338, 10557, 11849, 20425, 33228, 13904, 26704, 16600, 33376, 11876, 35686, 35687, 21103, 33266, 20597, 33146, 34042, 10362, 33403]
2018-04-15 20:16:01,705 [DEBUG|PoliceForce/2107512375|TestSearchForFire] best path is:[3030, 33393, 5469, 34072, 33416, 6837, 11865, 11849]
2018-04-15 20:16:01,705 [DEBUG|PoliceForce/2107512375|TestSearchForFire] choosed:6837
2018-04-15 20:16:05,056 [DEBUG|PoliceForce/2107512375|TestSearchForFire] Time:118
2018-04-15 20:16:05,057 [DEBUG|PoliceForce/2107512375|TestRoadDetector] Time:118
2018-04-15 20:16:05,057 [DEBUG|PoliceForce/2107512375|TestRoadDetector] Targets: []
2018-04-15 20:16:05,057 [DEBUG|PoliceForce/2107512375|TestSearchForFire] unsearchedBuildingIDs:[11661, 33425, 13333, 23958, 24864, 28839, 33319, 28206, 24752, 33200, 10416, 33338, 20425, 33228, 13904, 26704, 16600, 33376, 11876, 35686, 35687, 33266, 20597, 33146, 34042, 10362]
2018-04-15 20:16:05,057 [DEBUG|PoliceForce/2107512375|TestSearchForFire] best path is:[6837, 33416, 34072, 5469, 33393, 3030, 9393, 352, 4155, 33357, 4956, 11677, 11661]
2018-04-15 20:16:05,057 [DEBUG|PoliceForce/2107512375|TestSearchForFire] choosed:4956
2018-04-15 20:16:08,368 [DEBUG|PoliceForce/2107512375|TestSearchForFire] Time:119
2018-04-15 20:16:08,368 [DEBUG|PoliceForce/2107512375|TestRoadDetector] Time:119
2018-04-15 20:16:08,368 [DEBUG|PoliceForce/2107512375|TestRoadDetector] Targets: []
2018-04-15 20:16:08,369 [DEBUG|PoliceForce/2107512375|TestSearchForFire] unsearchedBuildingIDs:[11661, 33425, 13333, 23958, 24864, 28839, 33319, 28206, 24752, 33200, 10416, 33338, 20425, 33228, 13904, 26704, 16600, 33376, 11876, 35686, 35687, 33266, 20597, 33146, 34042, 10362]
2018-04-15 20:16:08,369 [DEBUG|PoliceForce/2107512375|TestSearchForFire] best path is:[3030, 9393, 352, 4155, 33357, 4956, 11677, 11661]
2018-04-15 20:16:08,369 [DEBUG|PoliceForce/2107512375|TestSearchForFire] choosed:4956
2018-04-15 20:16:11,945 [DEBUG|PoliceForce/2107512375|TestSearchForFire] Time:120
2018-04-15 20:16:11,945 [DEBUG|PoliceForce/2107512375|TestRoadDetector] Time:120
2018-04-15 20:16:11,945 [DEBUG|PoliceForce/2107512375|TestRoadDetector] Targets: []
2018-04-15 20:16:11,945 [DEBUG|PoliceForce/2107512375|TestSearchForFire] unsearchedBuildingIDs:[33425, 13333, 23958, 24864, 28839, 33319, 28206, 24752, 33200, 10416, 33338, 20425, 33228, 13904, 26704, 16600, 11876, 35686, 35687, 33266, 34042, 10362]
2018-04-15 20:16:11,945 [DEBUG|PoliceForce/2107512375|TestSearchForFire] best path is:[4155, 33357, 4956, 33169, 33179, 33219, 33200]
2018-04-15 20:16:11,945 [DEBUG|PoliceForce/2107512375|TestSearchForFire] choosed:33179
2018-04-15 20:16:15,452 [DEBUG|PoliceForce/2107512375|TestSearchForFire] Time:121
2018-04-15 20:16:15,452 [DEBUG|PoliceForce/2107512375|TestRoadDetector] Time:121
2018-04-15 20:16:15,452 [DEBUG|PoliceForce/2107512375|TestRoadDetector] Targets: []
2018-04-15 20:16:15,452 [DEBUG|PoliceForce/2107512375|TestSearchForFire] unsearchedBuildingIDs:[33425, 13333, 24864, 28839, 33319, 28206, 24752, 10416, 20425, 13904, 26704, 16600, 35686, 35687, 34042, 10362]
2018-04-15 20:16:15,452 [DEBUG|PoliceForce/2107512375|TestSearchForFire] best path is:[33179, 33190, 33191, 33234, 33282, 33431, 33447, 33425]
2018-04-15 20:16:15,452 [DEBUG|PoliceForce/2107512375|TestSearchForFire] choosed:33431
2018-04-15 20:16:18,780 [DEBUG|PoliceForce/2107512375|TestSearchForFire] Time:122
2018-04-15 20:16:18,780 [DEBUG|PoliceForce/2107512375|TestRoadDetector] Time:122
2018-04-15 20:16:18,780 [DEBUG|PoliceForce/2107512375|TestRoadDetector] Targets: []
2018-04-15 20:16:18,780 [DEBUG|PoliceForce/2107512375|TestSearchForFire] unsearchedBuildingIDs:[13333, 24864, 28839, 28206, 24752, 10416, 20425, 13904, 26704, 16600, 35686, 35687, 10362]
2018-04-15 20:16:18,781 [DEBUG|PoliceForce/2107512375|TestSearchForFire] best path is:[33282, 33234, 33191, 33190, 33179, 33169, 4956, 7080, 2526, 28855, 28839]
2018-04-15 20:16:18,781 [DEBUG|PoliceForce/2107512375|TestSearchForFire] choosed:2526
2018-04-15 20:16:21,928 [DEBUG|PoliceForce/2107512375|TestSearchForFire] Time:123
2018-04-15 20:16:21,928 [DEBUG|PoliceForce/2107512375|TestRoadDetector] Time:123
2018-04-15 20:16:21,928 [DEBUG|PoliceForce/2107512375|TestRoadDetector] Targets: []
2018-04-15 20:16:21,928 [DEBUG|PoliceForce/2107512375|TestSearchForFire] unsearchedBuildingIDs:[13333, 24864, 28206, 24752, 10416, 20425, 13904, 26704, 16600, 35686, 35687, 10362]
2018-04-15 20:16:21,929 [DEBUG|PoliceForce/2107512375|TestSearchForFire] best path is:[33179, 33169, 4956, 33357, 4155, 352, 9393, 3030, 33393, 5469, 34072, 33416, 6837, 10573, 34683, 13333]
2018-04-15 20:16:21,929 [DEBUG|PoliceForce/2107512375|TestSearchForFire] choosed:10573
2018-04-15 20:16:25,346 [DEBUG|PoliceForce/2107512375|TestSearchForFire] Time:124
2018-04-15 20:16:25,346 [DEBUG|PoliceForce/2107512375|TestRoadDetector] Time:124
2018-04-15 20:16:25,346 [DEBUG|PoliceForce/2107512375|TestRoadDetector] Targets: []
2018-04-15 20:16:25,346 [DEBUG|PoliceForce/2107512375|TestSearchForFire] unsearchedBuildingIDs:[13333, 24864, 28206, 24752, 10416, 20425, 13904, 26704, 16600, 35686, 35687, 10362]
2018-04-15 20:16:25,346 [DEBUG|PoliceForce/2107512375|TestSearchForFire] best path is:[33357, 4155, 352, 9393, 3030, 33393, 5469, 34072, 33416, 6837, 10573, 34683, 13333]
2018-04-15 20:16:25,346 [DEBUG|PoliceForce/2107512375|TestSearchForFire] choosed:10573
2018-04-15 20:16:28,784 [DEBUG|PoliceForce/2107512375|TestSearchForFire] Time:125
2018-04-15 20:16:28,784 [DEBUG|PoliceForce/2107512375|TestRoadDetector] Time:125
2018-04-15 20:16:28,784 [DEBUG|PoliceForce/2107512375|TestRoadDetector] Targets: []
2018-04-15 20:16:28,784 [DEBUG|PoliceForce/2107512375|TestSearchForFire] unsearchedBuildingIDs:[13333, 24864, 28206, 24752, 10416, 20425, 13904, 26704, 16600, 35686, 35687, 10362]
2018-04-15 20:16:28,785 [DEBUG|PoliceForce/2107512375|TestSearchForFire] best path is:[3030, 33393, 5469, 34072, 33416, 6837, 10573, 34683, 13333]
2018-04-15 20:16:28,785 [DEBUG|PoliceForce/2107512375|TestSearchForFire] choosed:10573
2018-04-15 20:16:32,189 [DEBUG|PoliceForce/2107512375|TestSearchForFire] Time:126
2018-04-15 20:16:32,189 [DEBUG|PoliceForce/2107512375|TestRoadDetector] Time:126
2018-04-15 20:16:32,189 [DEBUG|PoliceForce/2107512375|TestRoadDetector] Targets: []
2018-04-15 20:16:32,189 [DEBUG|PoliceForce/2107512375|TestSearchForFire] unsearchedBuildingIDs:[13333, 24864, 28206, 24752, 10416, 20425, 13904, 26704, 16600, 35686, 35687, 10362]
2018-04-15 20:16:32,189 [DEBUG|PoliceForce/2107512375|TestSearchForFire] best path is:[6837, 10573, 34683, 13333]
2018-04-15 20:16:32,189 [DEBUG|PoliceForce/2107512375|TestSearchForFire] choosed:10573
2018-04-15 20:16:35,508 [DEBUG|PoliceForce/2107512375|TestSearchForFire] Time:127
2018-04-15 20:16:35,508 [DEBUG|PoliceForce/2107512375|TestRoadDetector] Time:127
2018-04-15 20:16:35,509 [DEBUG|PoliceForce/2107512375|TestRoadDetector] Targets: []
2018-04-15 20:16:35,509 [DEBUG|PoliceForce/2107512375|TestSearchForFire] unsearchedBuildingIDs:[24864, 28206, 24752, 10416, 20425, 13904, 26704, 16600, 35686, 35687, 10362]
2018-04-15 20:16:35,509 [DEBUG|PoliceForce/2107512375|TestSearchForFire] best path is:[10573, 6837, 33416, 34072, 5469, 33393, 3030, 9393, 352, 4173, 4128, 5766, 8925, 33968, 28222, 28206]
2018-04-15 20:16:35,510 [DEBUG|PoliceForce/2107512375|TestSearchForFire] choosed:33968
2018-04-15 20:16:39,016 [DEBUG|PoliceForce/2107512375|TestSearchForFire] Time:128
2018-04-15 20:16:39,016 [DEBUG|PoliceForce/2107512375|TestRoadDetector] Time:128
2018-04-15 20:16:39,017 [DEBUG|PoliceForce/2107512375|TestRoadDetector] Targets: []
2018-04-15 20:16:39,017 [DEBUG|PoliceForce/2107512375|TestSearchForFire] unsearchedBuildingIDs:[24864, 28206, 24752, 10416, 20425, 13904, 26704, 16600, 35686, 35687, 10362]
2018-04-15 20:16:39,017 [DEBUG|PoliceForce/2107512375|TestSearchForFire] best path is:[33393, 3030, 9393, 352, 4173, 4128, 5766, 8925, 33968, 28222, 28206]
2018-04-15 20:16:39,017 [DEBUG|PoliceForce/2107512375|TestSearchForFire] choosed:33968
2018-04-15 20:16:42,332 [DEBUG|PoliceForce/2107512375|TestSearchForFire] Time:129
2018-04-15 20:16:42,332 [DEBUG|PoliceForce/2107512375|TestRoadDetector] Time:129
2018-04-15 20:16:42,333 [DEBUG|PoliceForce/2107512375|TestRoadDetector] Targets: []
2018-04-15 20:16:42,333 [DEBUG|PoliceForce/2107512375|TestSearchForFire] unsearchedBuildingIDs:[24864, 28206, 24752, 10416, 20425, 13904, 26704, 16600, 35686, 35687, 10362]
2018-04-15 20:16:42,333 [DEBUG|PoliceForce/2107512375|TestSearchForFire] best path is:[33393, 3030, 9393, 352, 4173, 4128, 5766, 8925, 33968, 28222, 28206]
2018-04-15 20:16:42,333 [DEBUG|PoliceForce/2107512375|TestSearchForFire] choosed:33968
2018-04-15 20:16:45,504 [DEBUG|PoliceForce/2107512375|TestSearchForFire] Time:130
2018-04-15 20:16:45,504 [DEBUG|PoliceForce/2107512375|TestRoadDetector] Time:130
2018-04-15 20:16:45,504 [DEBUG|PoliceForce/2107512375|TestRoadDetector] Targets: []
2018-04-15 20:16:45,504 [DEBUG|PoliceForce/2107512375|TestSearchForFire] unsearchedBuildingIDs:[24864, 28206, 24752, 10416, 20425, 13904, 26704, 16600, 35686, 35687, 10362]
2018-04-15 20:16:45,505 [DEBUG|PoliceForce/2107512375|TestSearchForFire] best path is:[3030, 9393, 352, 4173, 4128, 5766, 8925, 33968, 28222, 28206]
2018-04-15 20:16:45,505 [DEBUG|PoliceForce/2107512375|TestSearchForFire] choosed:33968
2018-04-15 20:16:48,736 [DEBUG|PoliceForce/2107512375|TestSearchForFire] Time:131
2018-04-15 20:16:48,736 [DEBUG|PoliceForce/2107512375|TestRoadDetector] Time:131
2018-04-15 20:16:48,737 [DEBUG|PoliceForce/2107512375|TestRoadDetector] Targets: []
2018-04-15 20:16:48,737 [DEBUG|PoliceForce/2107512375|TestSearchForFire] unsearchedBuildingIDs:[24864, 28206, 24752, 10416, 20425, 13904, 26704, 16600, 35686, 35687, 10362]
2018-04-15 20:16:48,737 [DEBUG|PoliceForce/2107512375|TestSearchForFire] best path is:[3030, 9393, 352, 4173, 4128, 5766, 8925, 33968, 28222, 28206]
2018-04-15 20:16:48,737 [DEBUG|PoliceForce/2107512375|TestSearchForFire] choosed:33968
2018-04-15 20:16:52,058 [DEBUG|PoliceForce/2107512375|TestSearchForFire] Time:132
2018-04-15 20:16:52,058 [DEBUG|PoliceForce/2107512375|TestRoadDetector] Time:132
2018-04-15 20:16:52,059 [DEBUG|PoliceForce/2107512375|TestRoadDetector] Targets: []
2018-04-15 20:16:52,059 [DEBUG|PoliceForce/2107512375|TestSearchForFire] unsearchedBuildingIDs:[24864, 28206, 24752, 20425, 13904, 26704, 16600, 35686, 35687, 10362]
2018-04-15 20:16:52,059 [DEBUG|PoliceForce/2107512375|TestSearchForFire] best path is:[4128, 5766, 8925, 33968, 28222, 28206]
2018-04-15 20:16:52,059 [DEBUG|PoliceForce/2107512375|TestSearchForFire] choosed:33968
2018-04-15 20:16:55,360 [DEBUG|PoliceForce/2107512375|TestSearchForFire] Time:133
2018-04-15 20:16:55,360 [DEBUG|PoliceForce/2107512375|TestRoadDetector] Time:133
2018-04-15 20:16:55,361 [DEBUG|PoliceForce/2107512375|TestRoadDetector] Targets: []
2018-04-15 20:16:55,361 [DEBUG|PoliceForce/2107512375|TestSearchForFire] unsearchedBuildingIDs:[24864, 24752, 20425, 13904, 26704, 16600, 35686, 35687, 10362]
2018-04-15 20:16:55,361 [DEBUG|PoliceForce/2107512375|TestSearchForFire] best path is:[33968, 34654, 33969, 7215, 2508, 33987, 34623, 34635, 34002, 34001, 34008, 34022, 35366, 6369, 24880, 24864]
2018-04-15 20:16:55,361 [DEBUG|PoliceForce/2107512375|TestSearchForFire] choosed:6369
2018-04-15 20:16:58,656 [DEBUG|PoliceForce/2107512375|TestSearchForFire] Time:134
2018-04-15 20:16:58,657 [DEBUG|PoliceForce/2107512375|TestRoadDetector] Time:134
2018-04-15 20:16:58,657 [DEBUG|PoliceForce/2107512375|TestRoadDetector] Targets: []
2018-04-15 20:16:58,657 [DEBUG|PoliceForce/2107512375|TestSearchForFire] unsearchedBuildingIDs:[24752, 26704, 16600, 35686, 35687, 10362]
2018-04-15 20:16:58,657 [DEBUG|PoliceForce/2107512375|TestSearchForFire] best path is:[34002, 34001, 33989, 9141, 10378, 10362]
2018-04-15 20:16:58,657 [DEBUG|PoliceForce/2107512375|TestSearchForFire] choosed:9141
2018-04-15 20:17:02,132 [DEBUG|PoliceForce/2107512375|TestSearchForFire] Time:135
2018-04-15 20:17:02,132 [DEBUG|PoliceForce/2107512375|TestRoadDetector] Time:135
2018-04-15 20:17:02,132 [DEBUG|PoliceForce/2107512375|TestRoadDetector] Targets: []
2018-04-15 20:17:02,132 [DEBUG|PoliceForce/2107512375|TestSearchForFire] unsearchedBuildingIDs:[24752, 26704, 16600, 35686]
2018-04-15 20:17:02,133 [DEBUG|PoliceForce/2107512375|TestSearchForFire] best path is:[9141, 33989, 34001, 34002, 34635, 34623, 33987, 2508, 7215, 33969, 34654, 33968, 7746, 24768, 24752]
2018-04-15 20:17:02,133 [DEBUG|PoliceForce/2107512375|TestSearchForFire] choosed:7746
2018-04-15 20:17:05,480 [DEBUG|PoliceForce/2107512375|TestSearchForFire] Time:136
2018-04-15 20:17:05,480 [DEBUG|PoliceForce/2107512375|TestRoadDetector] Time:136
2018-04-15 20:17:05,480 [DEBUG|PoliceForce/2107512375|TestRoadDetector] Targets: []
2018-04-15 20:17:05,480 [DEBUG|PoliceForce/2107512375|TestSearchForFire] unsearchedBuildingIDs:[24752, 26704, 16600, 35686]
2018-04-15 20:17:05,481 [DEBUG|PoliceForce/2107512375|TestSearchForFire] best path is:[34635, 34623, 33987, 2508, 7215, 33969, 34654, 33968, 7746, 24768, 24752]
2018-04-15 20:17:05,481 [DEBUG|PoliceForce/2107512375|TestSearchForFire] choosed:7746
2018-04-15 20:17:08,892 [DEBUG|PoliceForce/2107512375|TestSearchForFire] Time:137
2018-04-15 20:17:08,893 [DEBUG|PoliceForce/2107512375|TestRoadDetector] Time:137
2018-04-15 20:17:08,893 [DEBUG|PoliceForce/2107512375|TestRoadDetector] Targets: []
2018-04-15 20:17:08,893 [DEBUG|PoliceForce/2107512375|TestSearchForFire] unsearchedBuildingIDs:[24752, 26704, 16600, 35686]
2018-04-15 20:17:08,893 [DEBUG|PoliceForce/2107512375|TestSearchForFire] best path is:[33968, 7746, 24768, 24752]
2018-04-15 20:17:08,893 [DEBUG|PoliceForce/2107512375|TestSearchForFire] choosed:7746
2018-04-15 20:17:12,420 [DEBUG|PoliceForce/2107512375|TestSearchForFire] Time:138
2018-04-15 20:17:12,420 [DEBUG|PoliceForce/2107512375|TestRoadDetector] Time:138
2018-04-15 20:17:12,421 [DEBUG|PoliceForce/2107512375|TestRoadDetector] Targets: []
2018-04-15 20:17:12,421 [DEBUG|PoliceForce/2107512375|TestSearchForFire] unsearchedBuildingIDs:[35686]
2018-04-15 20:17:12,422 [DEBUG|PoliceForce/2107512375|TestSearchForFire] best path is:[7746, 5028, 8376, 2544, 6945, 35918, 35920, 35923, 35926, 35930, 4731, 2382, 7359, 4524, 35526, 35676, 35687, 35686]
2018-04-15 20:17:12,422 [DEBUG|PoliceForce/2107512375|TestSearchForFire] choosed:35676
2018-04-15 20:17:15,668 [DEBUG|PoliceForce/2107512375|TestSearchForFire] Time:139
2018-04-15 20:17:15,668 [DEBUG|PoliceForce/2107512375|TestRoadDetector] Time:139
2018-04-15 20:17:15,669 [DEBUG|PoliceForce/2107512375|TestRoadDetector] Targets: []
2018-04-15 20:17:15,669 [DEBUG|PoliceForce/2107512375|TestSearchForFire] unsearchedBuildingIDs:[35686]
2018-04-15 20:17:15,669 [DEBUG|PoliceForce/2107512375|TestSearchForFire] best path is:[2544, 6945, 35918, 35920, 35923, 35926, 35930, 4731, 2382, 7359, 4524, 35526, 35676, 35687, 35686]
2018-04-15 20:17:15,669 [DEBUG|PoliceForce/2107512375|TestSearchForFire] choosed:35676
2018-04-15 20:17:19,228 [DEBUG|PoliceForce/2107512375|TestSearchForFire] Time:140
2018-04-15 20:17:19,229 [DEBUG|PoliceForce/2107512375|TestRoadDetector] Time:140
2018-04-15 20:17:19,229 [DEBUG|PoliceForce/2107512375|TestRoadDetector] Targets: []
2018-04-15 20:17:19,229 [DEBUG|PoliceForce/2107512375|TestSearchForFire] unsearchedBuildingIDs:[35686]
2018-04-15 20:17:19,229 [DEBUG|PoliceForce/2107512375|TestSearchForFire] best path is:[35923, 35926, 35930, 4731, 2382, 7359, 4524, 35526, 35676, 35687, 35686]
2018-04-15 20:17:19,229 [DEBUG|PoliceForce/2107512375|TestSearchForFire] choosed:35676
2018-04-15 20:17:22,656 [DEBUG|PoliceForce/2107512375|TestSearchForFire] Time:141
2018-04-15 20:17:22,656 [DEBUG|PoliceForce/2107512375|TestRoadDetector] Time:141
2018-04-15 20:17:22,657 [DEBUG|PoliceForce/2107512375|TestRoadDetector] Targets: []
2018-04-15 20:17:22,657 [DEBUG|PoliceForce/2107512375|TestSearchForFire] unsearchedBuildingIDs:[35686]
2018-04-15 20:17:22,657 [DEBUG|PoliceForce/2107512375|TestSearchForFire] best path is:[7359, 4524, 35526, 35676, 35687, 35686]
2018-04-15 20:17:22,657 [DEBUG|PoliceForce/2107512375|TestSearchForFire] choosed:35676
2018-04-15 20:17:25,961 [DEBUG|PoliceForce/2107512375|TestSearchForFire] Time:142
2018-04-15 20:17:25,962 [DEBUG|PoliceForce/2107512375|TestRoadDetector] Time:142
2018-04-15 20:17:25,962 [DEBUG|PoliceForce/2107512375|TestRoadDetector] Targets: []
2018-04-15 20:17:25,962 [DEBUG|PoliceForce/2107512375|TestSearchForFire] unsearchedBuildingIDs:[35686]
2018-04-15 20:17:25,962 [DEBUG|PoliceForce/2107512375|TestSearchForFire] best path is:[35676, 35687, 35686]
2018-04-15 20:17:25,962 [DEBUG|PoliceForce/2107512375|TestSearchForFire] choosed:35676
2018-04-15 20:17:29,360 [DEBUG|PoliceForce/2107512375|TestSearchForFire] Time:143
2018-04-15 20:17:29,360 [DEBUG|PoliceForce/2107512375|TestRoadDetector] Time:143
2018-04-15 20:17:29,361 [DEBUG|PoliceForce/2107512375|TestRoadDetector] Targets: []
2018-04-15 20:17:29,361 [DEBUG|PoliceForce/2107512375|TestSearchForFire] unsearchedBuildingIDs:[35686]
2018-04-15 20:17:29,361 [DEBUG|PoliceForce/2107512375|TestSearchForFire] best path is:[35676, 35687, 35686]
2018-04-15 20:17:29,361 [DEBUG|PoliceForce/2107512375|TestSearchForFire] choosed:35676
2018-04-15 20:17:32,724 [DEBUG|PoliceForce/2107512375|TestSearchForFire] Time:144
2018-04-15 20:17:32,724 [DEBUG|PoliceForce/2107512375|TestRoadDetector] Time:144
2018-04-15 20:17:32,725 [DEBUG|PoliceForce/2107512375|TestRoadDetector] Targets: []
2018-04-15 20:17:32,725 [DEBUG|PoliceForce/2107512375|TestSearchForFire] unsearchedBuildingIDs:[35686]
2018-04-15 20:17:32,725 [DEBUG|PoliceForce/2107512375|TestSearchForFire] best path is:[35676, 35687, 35686]
2018-04-15 20:17:32,725 [DEBUG|PoliceForce/2107512375|TestSearchForFire] choosed:35676
2018-04-15 20:17:35,996 [DEBUG|PoliceForce/2107512375|TestSearchForFire] Time:145
2018-04-15 20:17:35,997 [DEBUG|PoliceForce/2107512375|TestRoadDetector] Time:145
2018-04-15 20:17:35,997 [DEBUG|PoliceForce/2107512375|TestRoadDetector] Targets: []
2018-04-15 20:17:39,472 [DEBUG|PoliceForce/2107512375|TestSearchForFire] Time:146
2018-04-15 20:17:39,472 [DEBUG|PoliceForce/2107512375|TestRoadDetector] Time:146
2018-04-15 20:17:39,472 [DEBUG|PoliceForce/2107512375|TestRoadDetector] Targets: []
2018-04-15 20:17:42,996 [DEBUG|PoliceForce/2107512375|TestSearchForFire] Time:147
2018-04-15 20:17:42,997 [DEBUG|PoliceForce/2107512375|TestRoadDetector] Time:147
2018-04-15 20:17:42,997 [DEBUG|PoliceForce/2107512375|TestRoadDetector] Targets: []
2018-04-15 20:17:46,180 [DEBUG|PoliceForce/2107512375|TestSearchForFire] Time:148
2018-04-15 20:17:46,181 [DEBUG|PoliceForce/2107512375|TestRoadDetector] Time:148
2018-04-15 20:17:46,181 [DEBUG|PoliceForce/2107512375|TestRoadDetector] Targets: []
2018-04-15 20:17:49,596 [DEBUG|PoliceForce/2107512375|TestSearchForFire] Time:149
2018-04-15 20:17:49,597 [DEBUG|PoliceForce/2107512375|TestRoadDetector] Time:149
2018-04-15 20:17:49,597 [DEBUG|PoliceForce/2107512375|TestRoadDetector] Targets: []
2018-04-15 20:17:53,200 [DEBUG|PoliceForce/2107512375|TestSearchForFire] Time:150
2018-04-15 20:17:53,201 [DEBUG|PoliceForce/2107512375|TestRoadDetector] Time:150
2018-04-15 20:17:53,201 [DEBUG|PoliceForce/2107512375|TestRoadDetector] Targets: []
2018-04-15 20:17:56,601 [DEBUG|PoliceForce/2107512375|TestSearchForFire] Time:151
2018-04-15 20:17:56,601 [DEBUG|PoliceForce/2107512375|TestRoadDetector] Time:151
2018-04-15 20:17:56,601 [DEBUG|PoliceForce/2107512375|TestRoadDetector] Targets: []
2018-04-15 20:18:00,161 [DEBUG|PoliceForce/2107512375|TestSearchForFire] Time:152
2018-04-15 20:18:00,161 [DEBUG|PoliceForce/2107512375|TestRoadDetector] Time:152
2018-04-15 20:18:00,161 [DEBUG|PoliceForce/2107512375|TestRoadDetector] Targets: []
2018-04-15 20:18:03,701 [DEBUG|PoliceForce/2107512375|TestSearchForFire] Time:153
2018-04-15 20:18:03,701 [DEBUG|PoliceForce/2107512375|TestRoadDetector] Time:153
2018-04-15 20:18:03,701 [DEBUG|PoliceForce/2107512375|TestRoadDetector] Targets: []
2018-04-15 20:18:03,701 [DEBUG|PoliceForce/2107512375|TestSearchForFire] unsearchedBuildingIDs:[16901, 14598, 25738, 11661, 33425, 35601, 13333, 20245, 23958, 33944, 28839, 33319, 26926, 28206, 24752, 33200, 10416, 33338, 26171, 16573, 10557, 23877, 11849, 33228, 24783, 13904, 35536, 16600, 14040, 26074, 33376, 22752, 11876, 21733, 19046, 21103, 23792, 33266, 20597, 20858, 33146, 34042, 10362, 33403, 22779, 20478]
2018-04-15 20:18:03,706 [DEBUG|PoliceForce/2107512375|TestSearchForFire] best path is:[19490, 19506, 4497, 33815, 33814, 5451, 3003, 721, 4416, 7278, 1460, 33536, 33535, 9168, 8106, 1471, 6900, 9177, 3714, 1208, 5532, 7638, 32737, 32736, 8736, 6369, 35366, 34022, 34008, 34001, 33989, 13920, 13904]
2018-04-15 20:18:03,706 [DEBUG|PoliceForce/2107512375|TestSearchForFire] choosed:33989
2018-04-15 20:18:07,417 [DEBUG|PoliceForce/2107512375|TestSearchForFire] Time:154
2018-04-15 20:18:07,417 [DEBUG|PoliceForce/2107512375|TestRoadDetector] Time:154
2018-04-15 20:18:07,417 [DEBUG|PoliceForce/2107512375|TestRoadDetector] Targets: []
2018-04-15 20:18:07,417 [DEBUG|PoliceForce/2107512375|TestSearchForFire] unsearchedBuildingIDs:[16901, 14598, 25738, 11661, 33425, 35601, 13333, 20245, 23958, 33944, 28839, 33319, 26926, 28206, 24752, 33200, 10416, 33338, 26171, 16573, 10557, 23877, 11849, 33228, 24783, 13904, 35536, 16600, 14040, 26074, 33376, 22752, 11876, 21733, 19046, 21103, 23792, 33266, 20597, 20858, 33146, 34042, 10362, 33403, 22779, 20478]
2018-04-15 20:18:07,422 [DEBUG|PoliceForce/2107512375|TestSearchForFire] best path is:[4497, 33815, 33814, 5451, 3003, 721, 4416, 7278, 1460, 33536, 33535, 9168, 8106, 1471, 6900, 9177, 3714, 1208, 5532, 7638, 32737, 32736, 8736, 6369, 35366, 34022, 34008, 34001, 33989, 13920, 13904]
2018-04-15 20:18:07,422 [DEBUG|PoliceForce/2107512375|TestSearchForFire] choosed:33989
2018-04-15 20:18:11,077 [DEBUG|PoliceForce/2107512375|TestSearchForFire] Time:155
2018-04-15 20:18:11,077 [DEBUG|PoliceForce/2107512375|TestRoadDetector] Time:155
2018-04-15 20:18:11,078 [DEBUG|PoliceForce/2107512375|TestRoadDetector] Targets: []
2018-04-15 20:18:11,078 [DEBUG|PoliceForce/2107512375|TestSearchForFire] unsearchedBuildingIDs:[16901, 14598, 25738, 11661, 33425, 35601, 13333, 20245, 23958, 33944, 28839, 33319, 26926, 28206, 24752, 33200, 10416, 33338, 26171, 16573, 10557, 23877, 11849, 33228, 24783, 13904, 35536, 16600, 14040, 26074, 33376, 22752, 11876, 21733, 19046, 21103, 23792, 33266, 20597, 20858, 33146, 34042, 10362, 33403, 22779, 20478]
2018-04-15 20:18:11,081 [DEBUG|PoliceForce/2107512375|TestSearchForFire] best path is:[4416, 7278, 1460, 33536, 33535, 9168, 8106, 1471, 6900, 9177, 3714, 1208, 5532, 7638, 32737, 32736, 8736, 6369, 35366, 34022, 34008, 34001, 33989, 13920, 13904]
2018-04-15 20:18:11,081 [DEBUG|PoliceForce/2107512375|TestSearchForFire] choosed:33989
2018-04-15 20:18:14,836 [DEBUG|PoliceForce/2107512375|TestSearchForFire] Time:156
2018-04-15 20:18:14,837 [DEBUG|PoliceForce/2107512375|TestRoadDetector] Time:156
2018-04-15 20:18:14,837 [DEBUG|PoliceForce/2107512375|TestRoadDetector] Targets: []
2018-04-15 20:18:14,837 [DEBUG|PoliceForce/2107512375|TestSearchForFire] unsearchedBuildingIDs:[16901, 14598, 25738, 11661, 33425, 35601, 13333, 20245, 23958, 33944, 28839, 33319, 26926, 28206, 24752, 33200, 10416, 33338, 26171, 16573, 10557, 23877, 11849, 33228, 24783, 13904, 35536, 16600, 14040, 26074, 33376, 22752, 11876, 21733, 19046, 21103, 23792, 33266, 20597, 20858, 33146, 34042, 10362, 33403, 22779, 20478]
2018-04-15 20:18:14,839 [DEBUG|PoliceForce/2107512375|TestSearchForFire] best path is:[9177, 3714, 1208, 5532, 7638, 32737, 32736, 8736, 6369, 35366, 34022, 34008, 34001, 33989, 13920, 13904]
2018-04-15 20:18:14,839 [DEBUG|PoliceForce/2107512375|TestSearchForFire] choosed:33989
2018-04-15 20:18:18,432 [DEBUG|PoliceForce/2107512375|TestSearchForFire] Time:157
2018-04-15 20:18:18,432 [DEBUG|PoliceForce/2107512375|TestRoadDetector] Time:157
2018-04-15 20:18:18,432 [DEBUG|PoliceForce/2107512375|TestRoadDetector] Targets: []
2018-04-15 20:18:18,433 [DEBUG|PoliceForce/2107512375|TestSearchForFire] unsearchedBuildingIDs:[16901, 14598, 25738, 11661, 33425, 35601, 13333, 20245, 23958, 33944, 28839, 33319, 26926, 28206, 24752, 33200, 10416, 33338, 26171, 16573, 10557, 23877, 11849, 33228, 24783, 13904, 35536, 16600, 14040, 26074, 33376, 22752, 11876, 21733, 19046, 21103, 23792, 33266, 20597, 20858, 33146, 34042, 10362, 33403, 22779, 20478]
2018-04-15 20:18:18,433 [DEBUG|PoliceForce/2107512375|TestSearchForFire] best path is:[32736, 8736, 6369, 35366, 34022, 34008, 34001, 33989, 13920, 13904]
2018-04-15 20:18:18,433 [DEBUG|PoliceForce/2107512375|TestSearchForFire] choosed:33989
2018-04-15 20:18:21,964 [DEBUG|PoliceForce/2107512375|TestSearchForFire] Time:158
2018-04-15 20:18:21,964 [DEBUG|PoliceForce/2107512375|TestRoadDetector] Time:158
2018-04-15 20:18:21,964 [DEBUG|PoliceForce/2107512375|TestRoadDetector] Targets: []
2018-04-15 20:18:21,964 [DEBUG|PoliceForce/2107512375|TestSearchForFire] unsearchedBuildingIDs:[16901, 14598, 25738, 11661, 33425, 35601, 13333, 20245, 23958, 33944, 28839, 33319, 26926, 28206, 24752, 33200, 10416, 33338, 26171, 16573, 10557, 23877, 11849, 33228, 24783, 35536, 16600, 14040, 26074, 33376, 22752, 11876, 21733, 19046, 21103, 23792, 33266, 20597, 20858, 33146, 34042, 33403, 22779, 20478]
2018-04-15 20:18:21,965 [DEBUG|PoliceForce/2107512375|TestSearchForFire] best path is:[33989, 9141, 6045, 34588, 33064, 35932, 35638, 35639, 35634, 35536]
2018-04-15 20:18:21,965 [DEBUG|PoliceForce/2107512375|TestSearchForFire] choosed:35639
2018-04-15 20:18:25,592 [DEBUG|PoliceForce/2107512375|TestSearchForFire] Time:159
2018-04-15 20:18:25,592 [DEBUG|PoliceForce/2107512375|TestRoadDetector] Time:159
2018-04-15 20:18:25,592 [DEBUG|PoliceForce/2107512375|TestRoadDetector] Targets: []
2018-04-15 20:18:25,592 [DEBUG|PoliceForce/2107512375|TestSearchForFire] unsearchedBuildingIDs:[16901, 14598, 25738, 11661, 33425, 35601, 13333, 20245, 23958, 33944, 28839, 33319, 26926, 28206, 24752, 33200, 10416, 33338, 26171, 16573, 10557, 23877, 11849, 33228, 24783, 35536, 16600, 14040, 26074, 33376, 22752, 11876, 21733, 19046, 21103, 23792, 33266, 20597, 20858, 33146, 34042, 33403, 22779, 20478]
2018-04-15 20:18:25,592 [DEBUG|PoliceForce/2107512375|TestSearchForFire] best path is:[9141, 6045, 34588, 33064, 35932, 35638, 35639, 35634, 35536]
2018-04-15 20:18:25,592 [DEBUG|PoliceForce/2107512375|TestSearchForFire] choosed:35639
