2018-04-15 20:06:41,757 [DEBUG|PoliceForce/254002348|TestSearchForFire] Time:1
2018-04-15 20:06:41,760 [DEBUG|PoliceForce/254002348|TestRoadDetector] Time:1
2018-04-15 20:06:41,761 [DEBUG|PoliceForce/254002348|TestRoadDetector] Targets: [Refuge (18733)]
2018-04-15 20:06:41,820 [DEBUG|PoliceForce/254002348|TestRoadDetector] Selected Target: 18733
2018-04-15 20:06:50,697 [DEBUG|PoliceForce/254002348|TestSearchForFire] Time:2
2018-04-15 20:06:50,697 [DEBUG|PoliceForce/254002348|TestRoadDetector] Time:2
2018-04-15 20:06:54,664 [DEBUG|PoliceForce/254002348|TestSearchForFire] Time:3
2018-04-15 20:06:54,665 [DEBUG|PoliceForce/254002348|TestRoadDetector] Time:3
2018-04-15 20:07:05,779 [DEBUG|PoliceForce/254002348|TestSearchForFire] Time:4
2018-04-15 20:07:05,779 [DEBUG|PoliceForce/254002348|TestRoadDetector] Time:4
2018-04-15 20:07:14,619 [DEBUG|PoliceForce/254002348|TestSearchForFire] Time:5
2018-04-15 20:07:14,619 [DEBUG|PoliceForce/254002348|TestRoadDetector] Time:5
2018-04-15 20:07:23,189 [DEBUG|PoliceForce/254002348|TestSearchForFire] Time:6
2018-04-15 20:07:23,189 [DEBUG|PoliceForce/254002348|TestRoadDetector] Time:6
2018-04-15 20:07:30,805 [DEBUG|PoliceForce/254002348|TestSearchForFire] Time:7
2018-04-15 20:07:30,806 [DEBUG|PoliceForce/254002348|TestRoadDetector] Time:7
2018-04-15 20:07:38,244 [DEBUG|PoliceForce/254002348|TestSearchForFire] Time:8
2018-04-15 20:07:38,244 [DEBUG|PoliceForce/254002348|TestRoadDetector] Time:8
2018-04-15 20:07:45,629 [DEBUG|PoliceForce/254002348|TestSearchForFire] Time:9
2018-04-15 20:07:45,629 [DEBUG|PoliceForce/254002348|TestRoadDetector] Time:9
2018-04-15 20:07:52,952 [DEBUG|PoliceForce/254002348|TestSearchForFire] Time:10
2018-04-15 20:07:52,952 [DEBUG|PoliceForce/254002348|TestRoadDetector] Time:10
2018-04-15 20:07:59,880 [DEBUG|PoliceForce/254002348|TestSearchForFire] Time:11
2018-04-15 20:07:59,880 [DEBUG|PoliceForce/254002348|TestRoadDetector] Time:11
2018-04-15 20:08:06,961 [DEBUG|PoliceForce/254002348|TestSearchForFire] Time:12
2018-04-15 20:08:06,961 [DEBUG|PoliceForce/254002348|TestRoadDetector] Time:12
2018-04-15 20:08:13,617 [DEBUG|PoliceForce/254002348|TestSearchForFire] Time:13
2018-04-15 20:08:13,617 [DEBUG|PoliceForce/254002348|TestRoadDetector] Time:13
2018-04-15 20:08:20,132 [DEBUG|PoliceForce/254002348|TestSearchForFire] Time:14
2018-04-15 20:08:20,132 [DEBUG|PoliceForce/254002348|TestRoadDetector] Time:14
2018-04-15 20:08:27,277 [DEBUG|PoliceForce/254002348|TestSearchForFire] Time:15
2018-04-15 20:08:27,277 [DEBUG|PoliceForce/254002348|TestRoadDetector] Time:15
2018-04-15 20:08:34,224 [DEBUG|PoliceForce/254002348|TestSearchForFire] Time:16
2018-04-15 20:08:34,225 [DEBUG|PoliceForce/254002348|TestRoadDetector] Time:16
2018-04-15 20:08:41,208 [DEBUG|PoliceForce/254002348|TestSearchForFire] Time:17
2018-04-15 20:08:41,208 [DEBUG|PoliceForce/254002348|TestRoadDetector] Time:17
2018-04-15 20:08:49,124 [DEBUG|PoliceForce/254002348|TestSearchForFire] Time:18
2018-04-15 20:08:49,125 [DEBUG|PoliceForce/254002348|TestRoadDetector] Time:18
2018-04-15 20:08:55,697 [DEBUG|PoliceForce/254002348|TestSearchForFire] Time:19
2018-04-15 20:08:55,697 [DEBUG|PoliceForce/254002348|TestRoadDetector] Time:19
2018-04-15 20:09:02,353 [DEBUG|PoliceForce/254002348|TestSearchForFire] Time:20
2018-04-15 20:09:02,353 [DEBUG|PoliceForce/254002348|TestRoadDetector] Time:20
2018-04-15 20:09:09,728 [DEBUG|PoliceForce/254002348|TestSearchForFire] Time:21
2018-04-15 20:09:09,729 [DEBUG|PoliceForce/254002348|TestRoadDetector] Time:21
2018-04-15 20:09:16,328 [DEBUG|PoliceForce/254002348|TestSearchForFire] Time:22
2018-04-15 20:09:16,328 [DEBUG|PoliceForce/254002348|TestRoadDetector] Time:22
2018-04-15 20:09:22,488 [DEBUG|PoliceForce/254002348|TestSearchForFire] Time:23
2018-04-15 20:09:22,488 [DEBUG|PoliceForce/254002348|TestRoadDetector] Time:23
2018-04-15 20:09:28,450 [DEBUG|PoliceForce/254002348|TestSearchForFire] Time:24
2018-04-15 20:09:28,450 [DEBUG|PoliceForce/254002348|TestRoadDetector] Time:24
2018-04-15 20:09:34,288 [DEBUG|PoliceForce/254002348|TestSearchForFire] Time:25
2018-04-15 20:09:34,288 [DEBUG|PoliceForce/254002348|TestRoadDetector] Time:25
2018-04-15 20:09:40,360 [DEBUG|PoliceForce/254002348|TestSearchForFire] Time:26
2018-04-15 20:09:40,360 [DEBUG|PoliceForce/254002348|TestRoadDetector] Time:26
2018-04-15 20:09:46,188 [DEBUG|PoliceForce/254002348|TestSearchForFire] Time:27
2018-04-15 20:09:46,189 [DEBUG|PoliceForce/254002348|TestRoadDetector] Time:27
2018-04-15 20:09:52,260 [DEBUG|PoliceForce/254002348|TestSearchForFire] Time:28
2018-04-15 20:09:52,260 [DEBUG|PoliceForce/254002348|TestRoadDetector] Time:28
2018-04-15 20:09:58,108 [DEBUG|PoliceForce/254002348|TestSearchForFire] Time:29
2018-04-15 20:09:58,109 [DEBUG|PoliceForce/254002348|TestRoadDetector] Time:29
2018-04-15 20:10:04,057 [DEBUG|PoliceForce/254002348|TestSearchForFire] Time:30
2018-04-15 20:10:04,057 [DEBUG|PoliceForce/254002348|TestRoadDetector] Time:30
2018-04-15 20:10:09,806 [DEBUG|PoliceForce/254002348|TestSearchForFire] Time:31
2018-04-15 20:10:09,806 [DEBUG|PoliceForce/254002348|TestRoadDetector] Time:31
2018-04-15 20:10:15,408 [DEBUG|PoliceForce/254002348|TestSearchForFire] Time:32
2018-04-15 20:10:15,409 [DEBUG|PoliceForce/254002348|TestRoadDetector] Time:32
2018-04-15 20:10:20,880 [DEBUG|PoliceForce/254002348|TestSearchForFire] Time:33
2018-04-15 20:10:20,881 [DEBUG|PoliceForce/254002348|TestRoadDetector] Time:33
2018-04-15 20:10:26,380 [DEBUG|PoliceForce/254002348|TestSearchForFire] Time:34
2018-04-15 20:10:26,381 [DEBUG|PoliceForce/254002348|TestRoadDetector] Time:34
2018-04-15 20:10:31,752 [DEBUG|PoliceForce/254002348|TestSearchForFire] Time:35
2018-04-15 20:10:31,753 [DEBUG|PoliceForce/254002348|TestRoadDetector] Time:35
2018-04-15 20:10:37,484 [DEBUG|PoliceForce/254002348|TestSearchForFire] Time:36
2018-04-15 20:10:37,484 [DEBUG|PoliceForce/254002348|TestRoadDetector] Time:36
2018-04-15 20:10:42,638 [DEBUG|PoliceForce/254002348|TestSearchForFire] Time:37
2018-04-15 20:10:42,638 [DEBUG|PoliceForce/254002348|TestRoadDetector] Time:37
2018-04-15 20:10:47,872 [DEBUG|PoliceForce/254002348|TestSearchForFire] Time:38
2018-04-15 20:10:47,872 [DEBUG|PoliceForce/254002348|TestRoadDetector] Time:38
2018-04-15 20:10:53,042 [DEBUG|PoliceForce/254002348|TestSearchForFire] Time:39
2018-04-15 20:10:53,042 [DEBUG|PoliceForce/254002348|TestRoadDetector] Time:39
2018-04-15 20:10:58,212 [DEBUG|PoliceForce/254002348|TestSearchForFire] Time:40
2018-04-15 20:10:58,214 [DEBUG|PoliceForce/254002348|TestRoadDetector] Time:40
2018-04-15 20:11:03,173 [DEBUG|PoliceForce/254002348|TestSearchForFire] Time:41
2018-04-15 20:11:03,173 [DEBUG|PoliceForce/254002348|TestRoadDetector] Time:41
2018-04-15 20:11:08,065 [DEBUG|PoliceForce/254002348|TestSearchForFire] Time:42
2018-04-15 20:11:08,065 [DEBUG|PoliceForce/254002348|TestRoadDetector] Time:42
2018-04-15 20:11:08,065 [DEBUG|PoliceForce/254002348|TestRoadDetector] reach to Refuge (18733) reseting target
2018-04-15 20:11:08,065 [DEBUG|PoliceForce/254002348|TestRoadDetector] Targets: []
2018-04-15 20:11:08,065 [DEBUG|PoliceForce/254002348|TestSearchForFire] unsearchedBuildingIDs:[16901, 36366, 36367, 33043, 33048, 13850, 24476, 28839, 12845, 36271, 24752, 16818, 33078, 21304, 33083, 26171, 10046, 23877, 13512, 17229, 26704, 20306, 15955, 16600, 14040, 33114, 26074, 35676, 26336, 10336, 20451, 25958, 11497, 23931, 20478]
2018-04-15 20:11:08,065 [DEBUG|PoliceForce/254002348|TestSearchForFire] best path is:[18733, 18749, 35789, 35924, 35923, 35926, 35930, 4731, 16917, 16901]
2018-04-15 20:11:08,065 [DEBUG|PoliceForce/254002348|TestSearchForFire] choosed:4731
2018-04-15 20:11:13,160 [DEBUG|PoliceForce/254002348|TestSearchForFire] Time:43
2018-04-15 20:11:13,161 [DEBUG|PoliceForce/254002348|TestRoadDetector] Time:43
2018-04-15 20:11:13,162 [DEBUG|PoliceForce/254002348|TestRoadDetector] Targets: []
2018-04-15 20:11:13,162 [DEBUG|PoliceForce/254002348|TestSearchForFire] unsearchedBuildingIDs:[16901, 36366, 36367, 33043, 33048, 13850, 24476, 28839, 12845, 36271, 24752, 16818, 33078, 21304, 33083, 26171, 10046, 23877, 13512, 17229, 26704, 20306, 15955, 16600, 14040, 33114, 26074, 35676, 26336, 10336, 20451, 25958, 11497, 23931, 20478]
2018-04-15 20:11:13,162 [DEBUG|PoliceForce/254002348|TestSearchForFire] best path is:[35924, 35923, 35926, 35930, 4731, 16917, 16901]
2018-04-15 20:11:13,162 [DEBUG|PoliceForce/254002348|TestSearchForFire] choosed:4731
2018-04-15 20:11:18,088 [DEBUG|PoliceForce/254002348|TestSearchForFire] Time:44
2018-04-15 20:11:18,088 [DEBUG|PoliceForce/254002348|TestRoadDetector] Time:44
2018-04-15 20:11:18,089 [DEBUG|PoliceForce/254002348|TestRoadDetector] Targets: []
2018-04-15 20:11:18,089 [DEBUG|PoliceForce/254002348|TestSearchForFire] unsearchedBuildingIDs:[36366, 36367, 33043, 33048, 13850, 24476, 28839, 12845, 36271, 24752, 16818, 33078, 21304, 33083, 10046, 13512, 17229, 26704, 20306, 15955, 16600, 14040, 33114, 26074, 35676, 26336, 10336, 20451, 25958, 11497, 23931, 20478]
2018-04-15 20:11:18,089 [DEBUG|PoliceForce/254002348|TestSearchForFire] best path is:[35930, 35932, 35936, 35939, 35942, 35946, 35948, 35951, 35954, 35958, 35960, 35963, 35966, 36183, 31063, 10046]
2018-04-15 20:11:18,089 [DEBUG|PoliceForce/254002348|TestSearchForFire] choosed:36183
2018-04-15 20:11:23,452 [DEBUG|PoliceForce/254002348|TestSearchForFire] Time:45
2018-04-15 20:11:23,452 [DEBUG|PoliceForce/254002348|TestRoadDetector] Time:45
2018-04-15 20:11:23,453 [DEBUG|PoliceForce/254002348|TestRoadDetector] Targets: []
2018-04-15 20:11:23,453 [DEBUG|PoliceForce/254002348|TestSearchForFire] unsearchedBuildingIDs:[36366, 36367, 33043, 33048, 13850, 24476, 28839, 12845, 36271, 24752, 16818, 33078, 21304, 33083, 10046, 13512, 17229, 26704, 20306, 15955, 16600, 14040, 33114, 26074, 35676, 26336, 10336, 20451, 25958, 11497, 23931, 20478]
2018-04-15 20:11:23,453 [DEBUG|PoliceForce/254002348|TestSearchForFire] best path is:[35940, 35943, 35945, 35949, 35952, 35955, 35957, 35961, 35960, 35963, 35966, 36183, 31063, 10046]
2018-04-15 20:11:23,453 [DEBUG|PoliceForce/254002348|TestSearchForFire] choosed:36183
2018-04-15 20:11:28,444 [DEBUG|PoliceForce/254002348|TestSearchForFire] Time:46
2018-04-15 20:11:28,444 [DEBUG|PoliceForce/254002348|TestRoadDetector] Time:46
2018-04-15 20:11:28,444 [DEBUG|PoliceForce/254002348|TestRoadDetector] Targets: []
2018-04-15 20:11:28,444 [DEBUG|PoliceForce/254002348|TestSearchForFire] unsearchedBuildingIDs:[36366, 36367, 33043, 33048, 13850, 24476, 28839, 12845, 36271, 24752, 16818, 33078, 33083, 10046, 17229, 26704, 20306, 15955, 16600, 14040, 33114, 26074, 35676, 26336, 10336, 20451, 25958, 11497, 23931, 20478]
2018-04-15 20:11:28,445 [DEBUG|PoliceForce/254002348|TestSearchForFire] best path is:[35949, 35952, 35955, 35957, 35961, 35960, 35963, 35966, 36183, 31063, 10046]
2018-04-15 20:11:28,445 [DEBUG|PoliceForce/254002348|TestSearchForFire] choosed:36183
2018-04-15 20:11:33,216 [DEBUG|PoliceForce/254002348|TestSearchForFire] Time:47
2018-04-15 20:11:33,216 [DEBUG|PoliceForce/254002348|TestRoadDetector] Time:47
2018-04-15 20:11:33,216 [DEBUG|PoliceForce/254002348|TestRoadDetector] Targets: []
2018-04-15 20:11:33,217 [DEBUG|PoliceForce/254002348|TestSearchForFire] unsearchedBuildingIDs:[36366, 33043, 33048, 13850, 24476, 28839, 36271, 24752, 16818, 33078, 33083, 17229, 26704, 20306, 15955, 16600, 14040, 33114, 26074, 35676, 26336, 10336, 20451, 25958, 23931, 20478]
2018-04-15 20:11:33,217 [DEBUG|PoliceForce/254002348|TestSearchForFire] best path is:[35960, 35963, 35966, 36183, 36207, 36373, 36371, 36372, 36366]
2018-04-15 20:11:33,217 [DEBUG|PoliceForce/254002348|TestSearchForFire] choosed:36371
2018-04-15 20:11:38,104 [DEBUG|PoliceForce/254002348|TestSearchForFire] Time:48
2018-04-15 20:11:38,104 [DEBUG|PoliceForce/254002348|TestRoadDetector] Time:48
2018-04-15 20:11:38,104 [DEBUG|PoliceForce/254002348|TestRoadDetector] Targets: []
2018-04-15 20:11:38,104 [DEBUG|PoliceForce/254002348|TestSearchForFire] unsearchedBuildingIDs:[33043, 33048, 13850, 28839, 24752, 16818, 33078, 33083, 17229, 26704, 20306, 15955, 16600, 14040, 33114, 26074, 35676, 26336, 10336, 20451, 25958, 23931, 20478]
2018-04-15 20:11:38,105 [DEBUG|PoliceForce/254002348|TestSearchForFire] best path is:[36183, 35966, 35963, 35960, 35961, 35957, 35955, 35952, 35949, 35945, 35943, 35940, 35937, 35810, 21293, 33043]
2018-04-15 20:11:38,105 [DEBUG|PoliceForce/254002348|TestSearchForFire] choosed:35810
2018-04-15 20:11:42,764 [DEBUG|PoliceForce/254002348|TestSearchForFire] Time:49
2018-04-15 20:11:42,764 [DEBUG|PoliceForce/254002348|TestRoadDetector] Time:49
2018-04-15 20:11:42,764 [DEBUG|PoliceForce/254002348|TestRoadDetector] Targets: []
2018-04-15 20:11:42,764 [DEBUG|PoliceForce/254002348|TestSearchForFire] unsearchedBuildingIDs:[33043, 33048, 13850, 28839, 24752, 16818, 33078, 33083, 17229, 26704, 20306, 15955, 16600, 14040, 33114, 26074, 35676, 26336, 10336, 20451, 25958, 23931, 20478]
2018-04-15 20:11:42,765 [DEBUG|PoliceForce/254002348|TestSearchForFire] best path is:[35957, 35955, 35952, 35949, 35945, 35943, 35940, 35937, 35810, 21293, 33043]
2018-04-15 20:11:42,765 [DEBUG|PoliceForce/254002348|TestSearchForFire] choosed:35810
2018-04-15 20:11:47,608 [DEBUG|PoliceForce/254002348|TestSearchForFire] Time:50
2018-04-15 20:11:47,608 [DEBUG|PoliceForce/254002348|TestRoadDetector] Time:50
2018-04-15 20:11:47,609 [DEBUG|PoliceForce/254002348|TestRoadDetector] Targets: []
2018-04-15 20:11:47,609 [DEBUG|PoliceForce/254002348|TestSearchForFire] unsearchedBuildingIDs:[33043, 13850, 28839, 24752, 16818, 33078, 33083, 17229, 26704, 20306, 15955, 16600, 14040, 33114, 26074, 35676, 26336, 10336, 20451, 25958, 23931, 20478]
2018-04-15 20:11:47,610 [DEBUG|PoliceForce/254002348|TestSearchForFire] best path is:[35945, 35943, 35940, 35937, 35810, 21293, 33043]
2018-04-15 20:11:47,610 [DEBUG|PoliceForce/254002348|TestSearchForFire] choosed:35810
2018-04-15 20:11:52,240 [DEBUG|PoliceForce/254002348|TestSearchForFire] Time:51
2018-04-15 20:11:52,240 [DEBUG|PoliceForce/254002348|TestRoadDetector] Time:51
2018-04-15 20:11:52,241 [DEBUG|PoliceForce/254002348|TestRoadDetector] Targets: []
2018-04-15 20:11:52,241 [DEBUG|PoliceForce/254002348|TestSearchForFire] unsearchedBuildingIDs:[13850, 28839, 24752, 16818, 33078, 33083, 17229, 26704, 20306, 15955, 16600, 14040, 33114, 26074, 35676, 26336, 10336, 20451, 25958, 23931, 20478]
2018-04-15 20:11:52,241 [DEBUG|PoliceForce/254002348|TestSearchForFire] best path is:[35810, 35937, 35940, 35943, 35945, 35949, 35952, 35955, 35954, 35958, 2472, 8484, 3903, 1569, 33111, 13866, 13850]
2018-04-15 20:11:52,241 [DEBUG|PoliceForce/254002348|TestSearchForFire] choosed:33111
2018-04-15 20:11:56,688 [DEBUG|PoliceForce/254002348|TestSearchForFire] Time:52
2018-04-15 20:11:56,688 [DEBUG|PoliceForce/254002348|TestRoadDetector] Time:52
2018-04-15 20:11:56,689 [DEBUG|PoliceForce/254002348|TestRoadDetector] Targets: []
2018-04-15 20:11:56,689 [DEBUG|PoliceForce/254002348|TestSearchForFire] unsearchedBuildingIDs:[13850, 28839, 24752, 16818, 33078, 33083, 17229, 26704, 20306, 15955, 16600, 14040, 33114, 26074, 35676, 26336, 10336, 20451, 25958, 23931, 20478]
2018-04-15 20:11:56,689 [DEBUG|PoliceForce/254002348|TestSearchForFire] best path is:[35945, 35949, 35952, 35955, 35954, 35958, 2472, 8484, 3903, 1569, 33111, 13866, 13850]
2018-04-15 20:11:56,689 [DEBUG|PoliceForce/254002348|TestSearchForFire] choosed:33111
2018-04-15 20:12:01,136 [DEBUG|PoliceForce/254002348|TestSearchForFire] Time:53
2018-04-15 20:12:01,136 [DEBUG|PoliceForce/254002348|TestRoadDetector] Time:53
2018-04-15 20:12:01,136 [DEBUG|PoliceForce/254002348|TestRoadDetector] Targets: []
2018-04-15 20:12:01,136 [DEBUG|PoliceForce/254002348|TestSearchForFire] unsearchedBuildingIDs:[13850, 28839, 24752, 16818, 33078, 33083, 17229, 26704, 20306, 15955, 16600, 14040, 33114, 26074, 35676, 26336, 10336, 20451, 25958, 23931, 20478]
2018-04-15 20:12:01,136 [DEBUG|PoliceForce/254002348|TestSearchForFire] best path is:[35954, 35958, 2472, 8484, 3903, 1569, 33111, 13866, 13850]
2018-04-15 20:12:01,136 [DEBUG|PoliceForce/254002348|TestSearchForFire] choosed:33111
2018-04-15 20:12:05,718 [DEBUG|PoliceForce/254002348|TestSearchForFire] Time:54
2018-04-15 20:12:05,718 [DEBUG|PoliceForce/254002348|TestRoadDetector] Time:54
2018-04-15 20:12:05,719 [DEBUG|PoliceForce/254002348|TestRoadDetector] Targets: []
2018-04-15 20:12:05,719 [DEBUG|PoliceForce/254002348|TestSearchForFire] unsearchedBuildingIDs:[28839, 24752, 16818, 33078, 17229, 26704, 20306, 15955, 16600, 14040, 26074, 35676, 26336, 10336, 20451, 25958, 23931, 20478]
2018-04-15 20:12:05,719 [DEBUG|PoliceForce/254002348|TestSearchForFire] best path is:[3903, 1569, 6234, 4938, 1311, 8529, 25974, 25958]
2018-04-15 20:12:05,719 [DEBUG|PoliceForce/254002348|TestSearchForFire] choosed:8529
2018-04-15 20:12:10,152 [DEBUG|PoliceForce/254002348|TestSearchForFire] Time:55
2018-04-15 20:12:10,152 [DEBUG|PoliceForce/254002348|TestRoadDetector] Time:55
2018-04-15 20:12:10,153 [DEBUG|PoliceForce/254002348|TestRoadDetector] Targets: []
2018-04-15 20:12:10,153 [DEBUG|PoliceForce/254002348|TestSearchForFire] unsearchedBuildingIDs:[28839, 24752, 17229, 26704, 20306, 15955, 16600, 14040, 26074, 35676, 26336, 10336, 20451, 23931, 20478]
2018-04-15 20:12:10,154 [DEBUG|PoliceForce/254002348|TestSearchForFire] best path is:[8529, 1311, 4938, 6234, 1569, 7980, 8601, 33133, 8997, 1609, 7287, 4479, 33449, 35989, 35990, 14475, 14459, 34710, 10336]
2018-04-15 20:12:10,154 [DEBUG|PoliceForce/254002348|TestSearchForFire] choosed:14459
2018-04-15 20:12:14,736 [DEBUG|PoliceForce/254002348|TestSearchForFire] Time:56
2018-04-15 20:12:14,736 [DEBUG|PoliceForce/254002348|TestRoadDetector] Time:56
2018-04-15 20:12:14,736 [DEBUG|PoliceForce/254002348|TestRoadDetector] Targets: []
2018-04-15 20:12:14,737 [DEBUG|PoliceForce/254002348|TestSearchForFire] unsearchedBuildingIDs:[28839, 24752, 17229, 26704, 20306, 15955, 16600, 14040, 26074, 35676, 26336, 10336, 20451, 23931, 20478]
2018-04-15 20:12:14,737 [DEBUG|PoliceForce/254002348|TestSearchForFire] best path is:[8601, 33133, 8997, 1609, 7287, 4479, 33449, 35989, 35990, 14475, 14459, 34710, 10336]
2018-04-15 20:12:14,737 [DEBUG|PoliceForce/254002348|TestSearchForFire] choosed:14459
2018-04-15 20:12:19,256 [DEBUG|PoliceForce/254002348|TestSearchForFire] Time:57
2018-04-15 20:12:19,256 [DEBUG|PoliceForce/254002348|TestRoadDetector] Time:57
2018-04-15 20:12:19,257 [DEBUG|PoliceForce/254002348|TestRoadDetector] Targets: []
2018-04-15 20:12:19,257 [DEBUG|PoliceForce/254002348|TestSearchForFire] unsearchedBuildingIDs:[28839, 24752, 17229, 26704, 20306, 15955, 16600, 14040, 26074, 35676, 26336, 10336, 20451, 23931, 20478]
2018-04-15 20:12:19,257 [DEBUG|PoliceForce/254002348|TestSearchForFire] best path is:[33449, 35989, 35990, 14475, 14459, 34710, 10336]
2018-04-15 20:12:19,257 [DEBUG|PoliceForce/254002348|TestSearchForFire] choosed:14459
2018-04-15 20:12:25,267 [DEBUG|PoliceForce/254002348|TestSearchForFire] Time:58
2018-04-15 20:12:25,267 [DEBUG|PoliceForce/254002348|TestRoadDetector] Time:58
2018-04-15 20:12:25,267 [DEBUG|PoliceForce/254002348|TestRoadDetector] Targets: []
2018-04-15 20:12:25,267 [DEBUG|PoliceForce/254002348|TestSearchForFire] unsearchedBuildingIDs:[28839, 24752, 17229, 26704, 20306, 15955, 16600, 14040, 26074, 35676, 26336, 10336, 20451, 23931, 20478]
2018-04-15 20:12:25,267 [DEBUG|PoliceForce/254002348|TestSearchForFire] best path is:[33449, 35989, 35990, 14475, 14459, 34710, 10336]
2018-04-15 20:12:25,267 [DEBUG|PoliceForce/254002348|TestSearchForFire] choosed:14459
2018-04-15 20:12:29,800 [DEBUG|PoliceForce/254002348|TestSearchForFire] Time:59
2018-04-15 20:12:29,800 [DEBUG|PoliceForce/254002348|TestRoadDetector] Time:59
2018-04-15 20:12:29,800 [DEBUG|PoliceForce/254002348|TestRoadDetector] Targets: []
2018-04-15 20:12:29,801 [DEBUG|PoliceForce/254002348|TestSearchForFire] unsearchedBuildingIDs:[28839, 24752, 17229, 26704, 20306, 15955, 16600, 14040, 26074, 35676, 26336, 20451, 23931, 20478]
2018-04-15 20:12:29,801 [DEBUG|PoliceForce/254002348|TestSearchForFire] best path is:[14459, 34700, 23931]
2018-04-15 20:12:29,801 [DEBUG|PoliceForce/254002348|TestSearchForFire] choosed:14459
2018-04-15 20:12:34,117 [DEBUG|PoliceForce/254002348|TestSearchForFire] Time:60
2018-04-15 20:12:34,117 [DEBUG|PoliceForce/254002348|TestRoadDetector] Time:60
2018-04-15 20:12:34,117 [DEBUG|PoliceForce/254002348|TestRoadDetector] Targets: []
2018-04-15 20:12:34,117 [DEBUG|PoliceForce/254002348|TestSearchForFire] unsearchedBuildingIDs:[28839, 24752, 17229, 26704, 20306, 15955, 16600, 14040, 26074, 35676, 26336, 20451, 23931, 20478]
2018-04-15 20:12:34,117 [DEBUG|PoliceForce/254002348|TestSearchForFire] best path is:[14459, 34700, 23931]
2018-04-15 20:12:34,117 [DEBUG|PoliceForce/254002348|TestSearchForFire] choosed:14459
2018-04-15 20:12:38,320 [DEBUG|PoliceForce/254002348|TestSearchForFire] Time:61
2018-04-15 20:12:38,321 [DEBUG|PoliceForce/254002348|TestRoadDetector] Time:61
2018-04-15 20:12:38,321 [DEBUG|PoliceForce/254002348|TestRoadDetector] Targets: []
2018-04-15 20:12:38,321 [DEBUG|PoliceForce/254002348|TestSearchForFire] unsearchedBuildingIDs:[28839, 24752, 17229, 26704, 20306, 15955, 16600, 14040, 26074, 35676, 26336, 20451, 23931, 20478]
2018-04-15 20:12:38,321 [DEBUG|PoliceForce/254002348|TestSearchForFire] best path is:[14459, 34700, 23931]
2018-04-15 20:12:38,321 [DEBUG|PoliceForce/254002348|TestSearchForFire] choosed:14459
2018-04-15 20:12:42,165 [DEBUG|PoliceForce/254002348|TestSearchForFire] Time:62
2018-04-15 20:12:42,165 [DEBUG|PoliceForce/254002348|TestRoadDetector] Time:62
2018-04-15 20:12:42,165 [DEBUG|PoliceForce/254002348|TestRoadDetector] Targets: []
2018-04-15 20:12:42,165 [DEBUG|PoliceForce/254002348|TestSearchForFire] unsearchedBuildingIDs:[28839, 24752, 17229, 26704, 20306, 15955, 16600, 14040, 26074, 35676, 26336, 20451, 23931, 20478]
2018-04-15 20:12:42,165 [DEBUG|PoliceForce/254002348|TestSearchForFire] best path is:[14459, 34700, 23931]
2018-04-15 20:12:42,165 [DEBUG|PoliceForce/254002348|TestSearchForFire] choosed:14459
2018-04-15 20:12:46,184 [DEBUG|PoliceForce/254002348|TestSearchForFire] Time:63
2018-04-15 20:12:46,184 [DEBUG|PoliceForce/254002348|TestRoadDetector] Time:63
2018-04-15 20:12:46,184 [DEBUG|PoliceForce/254002348|TestRoadDetector] Targets: []
2018-04-15 20:12:46,185 [DEBUG|PoliceForce/254002348|TestSearchForFire] unsearchedBuildingIDs:[28839, 24752, 17229, 26704, 20306, 15955, 16600, 14040, 26074, 35676, 26336, 20451, 23931, 20478]
2018-04-15 20:12:46,185 [DEBUG|PoliceForce/254002348|TestSearchForFire] best path is:[14459, 34700, 23931]
2018-04-15 20:12:46,185 [DEBUG|PoliceForce/254002348|TestSearchForFire] choosed:14459
2018-04-15 20:12:50,204 [DEBUG|PoliceForce/254002348|TestSearchForFire] Time:64
2018-04-15 20:12:50,204 [DEBUG|PoliceForce/254002348|TestRoadDetector] Time:64
2018-04-15 20:12:50,205 [DEBUG|PoliceForce/254002348|TestRoadDetector] Targets: []
2018-04-15 20:12:50,205 [DEBUG|PoliceForce/254002348|TestSearchForFire] unsearchedBuildingIDs:[28839, 24752, 17229, 26704, 20306, 15955, 16600, 14040, 26074, 35676, 26336, 20451, 23931, 20478]
2018-04-15 20:12:50,205 [DEBUG|PoliceForce/254002348|TestSearchForFire] best path is:[14459, 34700, 23931]
2018-04-15 20:12:50,205 [DEBUG|PoliceForce/254002348|TestSearchForFire] choosed:14459
2018-04-15 20:12:54,316 [DEBUG|PoliceForce/254002348|TestSearchForFire] Time:65
2018-04-15 20:12:54,316 [DEBUG|PoliceForce/254002348|TestRoadDetector] Time:65
2018-04-15 20:12:54,316 [DEBUG|PoliceForce/254002348|TestRoadDetector] Targets: []
2018-04-15 20:12:54,316 [DEBUG|PoliceForce/254002348|TestSearchForFire] unsearchedBuildingIDs:[28839, 24752, 17229, 26704, 20306, 15955, 16600, 14040, 26074, 35676, 26336, 20451, 23931, 20478]
2018-04-15 20:12:54,316 [DEBUG|PoliceForce/254002348|TestSearchForFire] best path is:[14459, 34700, 23931]
2018-04-15 20:12:54,316 [DEBUG|PoliceForce/254002348|TestSearchForFire] choosed:14459
2018-04-15 20:12:58,576 [DEBUG|PoliceForce/254002348|TestSearchForFire] Time:66
2018-04-15 20:12:58,576 [DEBUG|PoliceForce/254002348|TestRoadDetector] Time:66
2018-04-15 20:12:58,577 [DEBUG|PoliceForce/254002348|TestRoadDetector] Targets: []
2018-04-15 20:12:58,577 [DEBUG|PoliceForce/254002348|TestSearchForFire] unsearchedBuildingIDs:[28839, 24752, 17229, 26704, 20306, 15955, 16600, 14040, 26074, 35676, 26336, 20451, 23931, 20478]
2018-04-15 20:12:58,577 [DEBUG|PoliceForce/254002348|TestSearchForFire] best path is:[14459, 34700, 23931]
2018-04-15 20:12:58,577 [DEBUG|PoliceForce/254002348|TestSearchForFire] choosed:14459
2018-04-15 20:13:02,664 [DEBUG|PoliceForce/254002348|TestSearchForFire] Time:67
2018-04-15 20:13:02,664 [DEBUG|PoliceForce/254002348|TestRoadDetector] Time:67
2018-04-15 20:13:02,664 [DEBUG|PoliceForce/254002348|TestRoadDetector] Targets: []
2018-04-15 20:13:02,664 [DEBUG|PoliceForce/254002348|TestSearchForFire] unsearchedBuildingIDs:[28839, 24752, 17229, 26704, 20306, 15955, 16600, 14040, 26074, 35676, 26336, 20451, 23931, 20478]
2018-04-15 20:13:02,665 [DEBUG|PoliceForce/254002348|TestSearchForFire] best path is:[14459, 34700, 23931]
2018-04-15 20:13:02,665 [DEBUG|PoliceForce/254002348|TestSearchForFire] choosed:14459
2018-04-15 20:13:06,812 [DEBUG|PoliceForce/254002348|TestSearchForFire] Time:68
2018-04-15 20:13:06,812 [DEBUG|PoliceForce/254002348|TestRoadDetector] Time:68
2018-04-15 20:13:06,813 [DEBUG|PoliceForce/254002348|TestRoadDetector] Targets: []
2018-04-15 20:13:06,813 [DEBUG|PoliceForce/254002348|TestSearchForFire] unsearchedBuildingIDs:[28839, 24752, 17229, 26704, 20306, 15955, 16600, 14040, 26074, 35676, 26336, 20451, 23931, 20478]
2018-04-15 20:13:06,813 [DEBUG|PoliceForce/254002348|TestSearchForFire] best path is:[14459, 34700, 23931]
2018-04-15 20:13:06,813 [DEBUG|PoliceForce/254002348|TestSearchForFire] choosed:14459
2018-04-15 20:13:10,705 [DEBUG|PoliceForce/254002348|TestSearchForFire] Time:69
2018-04-15 20:13:10,705 [DEBUG|PoliceForce/254002348|TestRoadDetector] Time:69
2018-04-15 20:13:10,705 [DEBUG|PoliceForce/254002348|TestRoadDetector] Targets: []
2018-04-15 20:13:10,705 [DEBUG|PoliceForce/254002348|TestSearchForFire] unsearchedBuildingIDs:[28839, 24752, 17229, 26704, 20306, 15955, 16600, 14040, 26074, 35676, 26336, 20451, 23931, 20478]
2018-04-15 20:13:10,705 [DEBUG|PoliceForce/254002348|TestSearchForFire] best path is:[14459, 34700, 23931]
2018-04-15 20:13:10,706 [DEBUG|PoliceForce/254002348|TestSearchForFire] choosed:14459
2018-04-15 20:13:14,624 [DEBUG|PoliceForce/254002348|TestSearchForFire] Time:70
2018-04-15 20:13:14,624 [DEBUG|PoliceForce/254002348|TestRoadDetector] Time:70
2018-04-15 20:13:14,624 [DEBUG|PoliceForce/254002348|TestRoadDetector] Targets: []
2018-04-15 20:13:14,624 [DEBUG|PoliceForce/254002348|TestSearchForFire] unsearchedBuildingIDs:[28839, 24752, 17229, 26704, 20306, 15955, 16600, 14040, 26074, 35676, 26336, 20451, 23931, 20478]
2018-04-15 20:13:14,624 [DEBUG|PoliceForce/254002348|TestSearchForFire] best path is:[14459, 34700, 23931]
2018-04-15 20:13:14,624 [DEBUG|PoliceForce/254002348|TestSearchForFire] choosed:14459
2018-04-15 20:13:18,388 [DEBUG|PoliceForce/254002348|TestSearchForFire] Time:71
2018-04-15 20:13:18,388 [DEBUG|PoliceForce/254002348|TestRoadDetector] Time:71
2018-04-15 20:13:18,389 [DEBUG|PoliceForce/254002348|TestRoadDetector] Targets: []
2018-04-15 20:13:18,389 [DEBUG|PoliceForce/254002348|TestSearchForFire] unsearchedBuildingIDs:[28839, 24752, 17229, 26704, 20306, 15955, 16600, 14040, 26074, 35676, 26336, 20451, 23931, 20478]
2018-04-15 20:13:18,389 [DEBUG|PoliceForce/254002348|TestSearchForFire] best path is:[14459, 34700, 23931]
2018-04-15 20:13:18,389 [DEBUG|PoliceForce/254002348|TestSearchForFire] choosed:14459
2018-04-15 20:13:22,296 [DEBUG|PoliceForce/254002348|TestSearchForFire] Time:72
2018-04-15 20:13:22,296 [DEBUG|PoliceForce/254002348|TestRoadDetector] Time:72
2018-04-15 20:13:22,297 [DEBUG|PoliceForce/254002348|TestRoadDetector] Targets: []
2018-04-15 20:13:22,297 [DEBUG|PoliceForce/254002348|TestSearchForFire] unsearchedBuildingIDs:[28839, 24752, 17229, 26704, 20306, 15955, 16600, 14040, 26074, 35676, 26336, 20451, 23931, 20478]
2018-04-15 20:13:22,297 [DEBUG|PoliceForce/254002348|TestSearchForFire] best path is:[14459, 34700, 23931]
2018-04-15 20:13:22,297 [DEBUG|PoliceForce/254002348|TestSearchForFire] choosed:14459
2018-04-15 20:13:26,044 [DEBUG|PoliceForce/254002348|TestSearchForFire] Time:73
2018-04-15 20:13:26,044 [DEBUG|PoliceForce/254002348|TestRoadDetector] Time:73
2018-04-15 20:13:26,044 [DEBUG|PoliceForce/254002348|TestRoadDetector] Targets: []
2018-04-15 20:13:26,044 [DEBUG|PoliceForce/254002348|TestSearchForFire] unsearchedBuildingIDs:[28839, 24752, 17229, 26704, 20306, 15955, 16600, 14040, 26074, 35676, 26336, 20451, 23931, 20478]
2018-04-15 20:13:26,044 [DEBUG|PoliceForce/254002348|TestSearchForFire] best path is:[14459, 34700, 23931]
2018-04-15 20:13:26,044 [DEBUG|PoliceForce/254002348|TestSearchForFire] choosed:14459
2018-04-15 20:13:29,768 [DEBUG|PoliceForce/254002348|TestSearchForFire] Time:74
2018-04-15 20:13:29,768 [DEBUG|PoliceForce/254002348|TestRoadDetector] Time:74
2018-04-15 20:13:29,769 [DEBUG|PoliceForce/254002348|TestRoadDetector] Targets: []
2018-04-15 20:13:29,769 [DEBUG|PoliceForce/254002348|TestSearchForFire] unsearchedBuildingIDs:[28839, 24752, 17229, 26704, 20306, 15955, 16600, 14040, 26074, 35676, 26336, 20451, 23931, 20478]
2018-04-15 20:13:29,769 [DEBUG|PoliceForce/254002348|TestSearchForFire] best path is:[14459, 34700, 23931]
2018-04-15 20:13:29,769 [DEBUG|PoliceForce/254002348|TestSearchForFire] choosed:14459
2018-04-15 20:13:33,580 [DEBUG|PoliceForce/254002348|TestSearchForFire] Time:75
2018-04-15 20:13:33,580 [DEBUG|PoliceForce/254002348|TestRoadDetector] Time:75
2018-04-15 20:13:33,580 [DEBUG|PoliceForce/254002348|TestRoadDetector] Targets: []
2018-04-15 20:13:33,581 [DEBUG|PoliceForce/254002348|TestSearchForFire] unsearchedBuildingIDs:[28839, 24752, 17229, 26704, 20306, 15955, 16600, 14040, 26074, 35676, 26336, 20451, 23931, 20478]
2018-04-15 20:13:33,581 [DEBUG|PoliceForce/254002348|TestSearchForFire] best path is:[14459, 34700, 23931]
2018-04-15 20:13:33,581 [DEBUG|PoliceForce/254002348|TestSearchForFire] choosed:14459
2018-04-15 20:13:37,524 [DEBUG|PoliceForce/254002348|TestSearchForFire] Time:76
2018-04-15 20:13:37,524 [DEBUG|PoliceForce/254002348|TestRoadDetector] Time:76
2018-04-15 20:13:37,525 [DEBUG|PoliceForce/254002348|TestRoadDetector] Targets: []
2018-04-15 20:13:37,525 [DEBUG|PoliceForce/254002348|TestSearchForFire] unsearchedBuildingIDs:[28839, 24752, 17229, 26704, 20306, 15955, 16600, 14040, 26074, 35676, 26336, 20451, 23931, 20478]
2018-04-15 20:13:37,525 [DEBUG|PoliceForce/254002348|TestSearchForFire] best path is:[14459, 34700, 23931]
2018-04-15 20:13:37,525 [DEBUG|PoliceForce/254002348|TestSearchForFire] choosed:14459
2018-04-15 20:13:41,228 [DEBUG|PoliceForce/254002348|TestSearchForFire] Time:77
2018-04-15 20:13:41,228 [DEBUG|PoliceForce/254002348|TestRoadDetector] Time:77
2018-04-15 20:13:41,229 [DEBUG|PoliceForce/254002348|TestRoadDetector] Targets: []
2018-04-15 20:13:41,229 [DEBUG|PoliceForce/254002348|TestSearchForFire] unsearchedBuildingIDs:[28839, 24752, 17229, 26704, 20306, 15955, 16600, 14040, 26074, 35676, 26336, 20451, 23931, 20478]
2018-04-15 20:13:41,229 [DEBUG|PoliceForce/254002348|TestSearchForFire] best path is:[14459, 34700, 23931]
2018-04-15 20:13:41,229 [DEBUG|PoliceForce/254002348|TestSearchForFire] choosed:14459
2018-04-15 20:13:44,720 [DEBUG|PoliceForce/254002348|TestSearchForFire] Time:78
2018-04-15 20:13:44,720 [DEBUG|PoliceForce/254002348|TestRoadDetector] Time:78
2018-04-15 20:13:44,720 [DEBUG|PoliceForce/254002348|TestRoadDetector] Targets: []
2018-04-15 20:13:44,720 [DEBUG|PoliceForce/254002348|TestSearchForFire] unsearchedBuildingIDs:[28839, 24752, 17229, 26704, 20306, 15955, 16600, 14040, 26074, 35676, 26336, 20451, 23931, 20478]
2018-04-15 20:13:44,720 [DEBUG|PoliceForce/254002348|TestSearchForFire] best path is:[14459, 34700, 23931]
2018-04-15 20:13:44,720 [DEBUG|PoliceForce/254002348|TestSearchForFire] choosed:14459
2018-04-15 20:13:48,396 [DEBUG|PoliceForce/254002348|TestSearchForFire] Time:79
2018-04-15 20:13:48,396 [DEBUG|PoliceForce/254002348|TestRoadDetector] Time:79
2018-04-15 20:13:48,396 [DEBUG|PoliceForce/254002348|TestRoadDetector] Targets: []
2018-04-15 20:13:48,396 [DEBUG|PoliceForce/254002348|TestSearchForFire] unsearchedBuildingIDs:[28839, 24752, 17229, 26704, 20306, 15955, 16600, 14040, 26074, 35676, 26336, 20451, 23931, 20478]
2018-04-15 20:13:48,396 [DEBUG|PoliceForce/254002348|TestSearchForFire] best path is:[14459, 34700, 23931]
2018-04-15 20:13:48,396 [DEBUG|PoliceForce/254002348|TestSearchForFire] choosed:14459
2018-04-15 20:13:52,140 [DEBUG|PoliceForce/254002348|TestSearchForFire] Time:80
2018-04-15 20:13:52,140 [DEBUG|PoliceForce/254002348|TestRoadDetector] Time:80
2018-04-15 20:13:52,140 [DEBUG|PoliceForce/254002348|TestRoadDetector] Targets: []
2018-04-15 20:13:52,141 [DEBUG|PoliceForce/254002348|TestSearchForFire] unsearchedBuildingIDs:[28839, 24752, 17229, 26704, 20306, 15955, 16600, 14040, 26074, 35676, 26336, 20451, 23931, 20478]
2018-04-15 20:13:52,141 [DEBUG|PoliceForce/254002348|TestSearchForFire] best path is:[14459, 34700, 23931]
2018-04-15 20:13:52,141 [DEBUG|PoliceForce/254002348|TestSearchForFire] choosed:14459
2018-04-15 20:13:55,636 [DEBUG|PoliceForce/254002348|TestSearchForFire] Time:81
2018-04-15 20:13:55,636 [DEBUG|PoliceForce/254002348|TestRoadDetector] Time:81
2018-04-15 20:13:55,637 [DEBUG|PoliceForce/254002348|TestRoadDetector] Targets: []
2018-04-15 20:13:55,637 [DEBUG|PoliceForce/254002348|TestSearchForFire] unsearchedBuildingIDs:[28839, 24752, 17229, 26704, 20306, 15955, 16600, 14040, 26074, 35676, 26336, 20451, 23931, 20478]
2018-04-15 20:13:55,637 [DEBUG|PoliceForce/254002348|TestSearchForFire] best path is:[14459, 34700, 23931]
2018-04-15 20:13:55,637 [DEBUG|PoliceForce/254002348|TestSearchForFire] choosed:14459
2018-04-15 20:13:59,220 [DEBUG|PoliceForce/254002348|TestSearchForFire] Time:82
2018-04-15 20:13:59,220 [DEBUG|PoliceForce/254002348|TestRoadDetector] Time:82
2018-04-15 20:13:59,220 [DEBUG|PoliceForce/254002348|TestRoadDetector] Targets: []
2018-04-15 20:13:59,221 [DEBUG|PoliceForce/254002348|TestSearchForFire] unsearchedBuildingIDs:[28839, 24752, 17229, 26704, 20306, 15955, 16600, 14040, 26074, 35676, 26336, 20451, 23931, 20478]
2018-04-15 20:13:59,221 [DEBUG|PoliceForce/254002348|TestSearchForFire] best path is:[14459, 34700, 23931]
2018-04-15 20:13:59,221 [DEBUG|PoliceForce/254002348|TestSearchForFire] choosed:14459
2018-04-15 20:14:02,940 [DEBUG|PoliceForce/254002348|TestSearchForFire] Time:83
2018-04-15 20:14:02,940 [DEBUG|PoliceForce/254002348|TestRoadDetector] Time:83
2018-04-15 20:14:02,940 [DEBUG|PoliceForce/254002348|TestRoadDetector] Targets: []
2018-04-15 20:14:02,941 [DEBUG|PoliceForce/254002348|TestSearchForFire] unsearchedBuildingIDs:[28839, 24752, 17229, 26704, 20306, 15955, 16600, 14040, 26074, 35676, 26336, 20451, 23931, 20478]
2018-04-15 20:14:02,941 [DEBUG|PoliceForce/254002348|TestSearchForFire] best path is:[14459, 34700, 23931]
2018-04-15 20:14:02,941 [DEBUG|PoliceForce/254002348|TestSearchForFire] choosed:14459
2018-04-15 20:14:06,600 [DEBUG|PoliceForce/254002348|TestSearchForFire] Time:84
2018-04-15 20:14:06,600 [DEBUG|PoliceForce/254002348|TestRoadDetector] Time:84
2018-04-15 20:14:06,601 [DEBUG|PoliceForce/254002348|TestRoadDetector] Targets: []
2018-04-15 20:14:06,601 [DEBUG|PoliceForce/254002348|TestSearchForFire] unsearchedBuildingIDs:[28839, 24752, 17229, 26704, 20306, 15955, 16600, 14040, 26074, 35676, 26336, 20451, 23931, 20478]
2018-04-15 20:14:06,601 [DEBUG|PoliceForce/254002348|TestSearchForFire] best path is:[14459, 34700, 23931]
2018-04-15 20:14:06,601 [DEBUG|PoliceForce/254002348|TestSearchForFire] choosed:14459
2018-04-15 20:14:10,381 [DEBUG|PoliceForce/254002348|TestSearchForFire] Time:85
2018-04-15 20:14:10,381 [DEBUG|PoliceForce/254002348|TestRoadDetector] Time:85
2018-04-15 20:14:10,381 [DEBUG|PoliceForce/254002348|TestRoadDetector] Targets: []
2018-04-15 20:14:10,381 [DEBUG|PoliceForce/254002348|TestSearchForFire] unsearchedBuildingIDs:[28839, 24752, 17229, 26704, 20306, 15955, 16600, 14040, 26074, 35676, 26336, 20451, 23931, 20478]
2018-04-15 20:14:10,381 [DEBUG|PoliceForce/254002348|TestSearchForFire] best path is:[14459, 34700, 23931]
2018-04-15 20:14:10,381 [DEBUG|PoliceForce/254002348|TestSearchForFire] choosed:14459
2018-04-15 20:14:13,932 [DEBUG|PoliceForce/254002348|TestSearchForFire] Time:86
2018-04-15 20:14:13,932 [DEBUG|PoliceForce/254002348|TestRoadDetector] Time:86
2018-04-15 20:14:13,933 [DEBUG|PoliceForce/254002348|TestRoadDetector] Targets: []
2018-04-15 20:14:13,933 [DEBUG|PoliceForce/254002348|TestSearchForFire] unsearchedBuildingIDs:[28839, 24752, 17229, 26704, 20306, 15955, 16600, 14040, 26074, 35676, 26336, 20451, 23931, 20478]
2018-04-15 20:14:13,933 [DEBUG|PoliceForce/254002348|TestSearchForFire] best path is:[14459, 34700, 23931]
2018-04-15 20:14:13,933 [DEBUG|PoliceForce/254002348|TestSearchForFire] choosed:14459
2018-04-15 20:14:17,356 [DEBUG|PoliceForce/254002348|TestSearchForFire] Time:87
2018-04-15 20:14:17,356 [DEBUG|PoliceForce/254002348|TestRoadDetector] Time:87
2018-04-15 20:14:17,356 [DEBUG|PoliceForce/254002348|TestRoadDetector] Targets: []
2018-04-15 20:14:17,357 [DEBUG|PoliceForce/254002348|TestSearchForFire] unsearchedBuildingIDs:[28839, 24752, 17229, 26704, 20306, 15955, 16600, 14040, 26074, 35676, 26336, 20451, 23931, 20478]
2018-04-15 20:14:17,357 [DEBUG|PoliceForce/254002348|TestSearchForFire] best path is:[14459, 34700, 23931]
2018-04-15 20:14:17,357 [DEBUG|PoliceForce/254002348|TestSearchForFire] choosed:14459
2018-04-15 20:14:20,728 [DEBUG|PoliceForce/254002348|TestSearchForFire] Time:88
2018-04-15 20:14:20,728 [DEBUG|PoliceForce/254002348|TestRoadDetector] Time:88
2018-04-15 20:14:20,728 [DEBUG|PoliceForce/254002348|TestRoadDetector] Targets: []
2018-04-15 20:14:20,729 [DEBUG|PoliceForce/254002348|TestSearchForFire] unsearchedBuildingIDs:[28839, 24752, 17229, 26704, 20306, 15955, 16600, 14040, 26074, 35676, 26336, 20451, 23931, 20478]
2018-04-15 20:14:20,729 [DEBUG|PoliceForce/254002348|TestSearchForFire] best path is:[14459, 34700, 23931]
2018-04-15 20:14:20,729 [DEBUG|PoliceForce/254002348|TestSearchForFire] choosed:14459
2018-04-15 20:14:24,344 [DEBUG|PoliceForce/254002348|TestSearchForFire] Time:89
2018-04-15 20:14:24,344 [DEBUG|PoliceForce/254002348|TestRoadDetector] Time:89
2018-04-15 20:14:24,345 [DEBUG|PoliceForce/254002348|TestRoadDetector] Targets: []
2018-04-15 20:14:24,345 [DEBUG|PoliceForce/254002348|TestSearchForFire] unsearchedBuildingIDs:[28839, 24752, 17229, 26704, 20306, 15955, 16600, 14040, 26074, 35676, 26336, 20451, 23931, 20478]
2018-04-15 20:14:24,345 [DEBUG|PoliceForce/254002348|TestSearchForFire] best path is:[14459, 34700, 23931]
2018-04-15 20:14:24,345 [DEBUG|PoliceForce/254002348|TestSearchForFire] choosed:14459
2018-04-15 20:14:27,988 [DEBUG|PoliceForce/254002348|TestSearchForFire] Time:90
2018-04-15 20:14:27,988 [DEBUG|PoliceForce/254002348|TestRoadDetector] Time:90
2018-04-15 20:14:27,988 [DEBUG|PoliceForce/254002348|TestRoadDetector] Targets: []
2018-04-15 20:14:27,988 [DEBUG|PoliceForce/254002348|TestSearchForFire] unsearchedBuildingIDs:[28839, 24752, 17229, 26704, 20306, 15955, 16600, 14040, 26074, 35676, 26336, 20451, 23931, 20478]
2018-04-15 20:14:27,988 [DEBUG|PoliceForce/254002348|TestSearchForFire] best path is:[14459, 34700, 23931]
2018-04-15 20:14:27,989 [DEBUG|PoliceForce/254002348|TestSearchForFire] choosed:14459
2018-04-15 20:14:31,592 [DEBUG|PoliceForce/254002348|TestSearchForFire] Time:91
2018-04-15 20:14:31,592 [DEBUG|PoliceForce/254002348|TestRoadDetector] Time:91
2018-04-15 20:14:31,593 [DEBUG|PoliceForce/254002348|TestRoadDetector] Targets: []
2018-04-15 20:14:31,593 [DEBUG|PoliceForce/254002348|TestSearchForFire] unsearchedBuildingIDs:[28839, 24752, 17229, 26704, 20306, 15955, 16600, 14040, 26074, 35676, 26336, 20451, 23931, 20478]
2018-04-15 20:14:31,593 [DEBUG|PoliceForce/254002348|TestSearchForFire] best path is:[14459, 34700, 23931]
2018-04-15 20:14:31,593 [DEBUG|PoliceForce/254002348|TestSearchForFire] choosed:14459
2018-04-15 20:14:35,220 [DEBUG|PoliceForce/254002348|TestSearchForFire] Time:92
2018-04-15 20:14:35,220 [DEBUG|PoliceForce/254002348|TestRoadDetector] Time:92
2018-04-15 20:14:35,221 [DEBUG|PoliceForce/254002348|TestRoadDetector] Targets: []
2018-04-15 20:14:35,221 [DEBUG|PoliceForce/254002348|TestSearchForFire] unsearchedBuildingIDs:[28839, 24752, 17229, 26704, 20306, 15955, 16600, 14040, 26074, 35676, 26336, 20451, 23931, 20478]
2018-04-15 20:14:35,221 [DEBUG|PoliceForce/254002348|TestSearchForFire] best path is:[14459, 34700, 23931]
2018-04-15 20:14:35,221 [DEBUG|PoliceForce/254002348|TestSearchForFire] choosed:14459
2018-04-15 20:14:38,952 [DEBUG|PoliceForce/254002348|TestSearchForFire] Time:93
2018-04-15 20:14:38,952 [DEBUG|PoliceForce/254002348|TestRoadDetector] Time:93
2018-04-15 20:14:38,953 [DEBUG|PoliceForce/254002348|TestRoadDetector] Targets: []
2018-04-15 20:14:38,953 [DEBUG|PoliceForce/254002348|TestSearchForFire] unsearchedBuildingIDs:[28839, 24752, 17229, 26704, 20306, 15955, 16600, 14040, 26074, 35676, 26336, 20451, 23931, 20478]
2018-04-15 20:14:38,953 [DEBUG|PoliceForce/254002348|TestSearchForFire] best path is:[14459, 34700, 23931]
2018-04-15 20:14:38,953 [DEBUG|PoliceForce/254002348|TestSearchForFire] choosed:14459
2018-04-15 20:14:42,457 [DEBUG|PoliceForce/254002348|TestSearchForFire] Time:94
2018-04-15 20:14:42,457 [DEBUG|PoliceForce/254002348|TestRoadDetector] Time:94
2018-04-15 20:14:42,457 [DEBUG|PoliceForce/254002348|TestRoadDetector] Targets: []
2018-04-15 20:14:42,457 [DEBUG|PoliceForce/254002348|TestSearchForFire] unsearchedBuildingIDs:[28839, 24752, 17229, 26704, 20306, 15955, 16600, 14040, 26074, 35676, 26336, 20451, 23931, 20478]
2018-04-15 20:14:42,457 [DEBUG|PoliceForce/254002348|TestSearchForFire] best path is:[14459, 34700, 23931]
2018-04-15 20:14:42,457 [DEBUG|PoliceForce/254002348|TestSearchForFire] choosed:14459
2018-04-15 20:14:45,949 [DEBUG|PoliceForce/254002348|TestSearchForFire] Time:95
2018-04-15 20:14:45,949 [DEBUG|PoliceForce/254002348|TestRoadDetector] Time:95
2018-04-15 20:14:45,950 [DEBUG|PoliceForce/254002348|TestRoadDetector] Targets: []
2018-04-15 20:14:45,950 [DEBUG|PoliceForce/254002348|TestSearchForFire] unsearchedBuildingIDs:[28839, 24752, 17229, 26704, 20306, 15955, 16600, 14040, 26074, 35676, 26336, 20451, 23931, 20478]
2018-04-15 20:14:45,950 [DEBUG|PoliceForce/254002348|TestSearchForFire] best path is:[14459, 34700, 23931]
2018-04-15 20:14:45,950 [DEBUG|PoliceForce/254002348|TestSearchForFire] choosed:14459
2018-04-15 20:14:49,776 [DEBUG|PoliceForce/254002348|TestSearchForFire] Time:96
2018-04-15 20:14:49,776 [DEBUG|PoliceForce/254002348|TestRoadDetector] Time:96
2018-04-15 20:14:49,776 [DEBUG|PoliceForce/254002348|TestRoadDetector] Targets: []
2018-04-15 20:14:49,777 [DEBUG|PoliceForce/254002348|TestSearchForFire] unsearchedBuildingIDs:[28839, 24752, 17229, 26704, 20306, 15955, 16600, 14040, 26074, 35676, 26336, 20451, 23931, 20478]
2018-04-15 20:14:49,777 [DEBUG|PoliceForce/254002348|TestSearchForFire] best path is:[14459, 34700, 23931]
2018-04-15 20:14:49,777 [DEBUG|PoliceForce/254002348|TestSearchForFire] choosed:14459
2018-04-15 20:14:53,288 [DEBUG|PoliceForce/254002348|TestSearchForFire] Time:97
2018-04-15 20:14:53,289 [DEBUG|PoliceForce/254002348|TestRoadDetector] Time:97
2018-04-15 20:14:53,289 [DEBUG|PoliceForce/254002348|TestRoadDetector] Targets: []
2018-04-15 20:14:53,289 [DEBUG|PoliceForce/254002348|TestSearchForFire] unsearchedBuildingIDs:[28839, 24752, 17229, 26704, 20306, 15955, 16600, 14040, 26074, 35676, 26336, 20451, 23931, 20478]
2018-04-15 20:14:53,289 [DEBUG|PoliceForce/254002348|TestSearchForFire] best path is:[14459, 34700, 23931]
2018-04-15 20:14:53,289 [DEBUG|PoliceForce/254002348|TestSearchForFire] choosed:14459
2018-04-15 20:14:56,952 [DEBUG|PoliceForce/254002348|TestSearchForFire] Time:98
2018-04-15 20:14:56,952 [DEBUG|PoliceForce/254002348|TestRoadDetector] Time:98
2018-04-15 20:14:56,952 [DEBUG|PoliceForce/254002348|TestRoadDetector] Targets: []
2018-04-15 20:14:56,953 [DEBUG|PoliceForce/254002348|TestSearchForFire] unsearchedBuildingIDs:[28839, 24752, 17229, 26704, 20306, 15955, 16600, 14040, 26074, 35676, 26336, 20451, 23931, 20478]
2018-04-15 20:14:56,953 [DEBUG|PoliceForce/254002348|TestSearchForFire] best path is:[14459, 34700, 23931]
2018-04-15 20:14:56,953 [DEBUG|PoliceForce/254002348|TestSearchForFire] choosed:14459
2018-04-15 20:15:00,360 [DEBUG|PoliceForce/254002348|TestSearchForFire] Time:99
2018-04-15 20:15:00,360 [DEBUG|PoliceForce/254002348|TestRoadDetector] Time:99
2018-04-15 20:15:00,361 [DEBUG|PoliceForce/254002348|TestRoadDetector] Targets: []
2018-04-15 20:15:00,361 [DEBUG|PoliceForce/254002348|TestSearchForFire] unsearchedBuildingIDs:[28839, 24752, 17229, 26704, 20306, 15955, 16600, 14040, 26074, 35676, 26336, 20451, 23931, 20478]
2018-04-15 20:15:00,361 [DEBUG|PoliceForce/254002348|TestSearchForFire] best path is:[14459, 34700, 23931]
2018-04-15 20:15:00,361 [DEBUG|PoliceForce/254002348|TestSearchForFire] choosed:14459
2018-04-15 20:15:03,856 [DEBUG|PoliceForce/254002348|TestSearchForFire] Time:100
2018-04-15 20:15:03,856 [DEBUG|PoliceForce/254002348|TestRoadDetector] Time:100
2018-04-15 20:15:03,857 [DEBUG|PoliceForce/254002348|TestRoadDetector] Targets: []
2018-04-15 20:15:03,857 [DEBUG|PoliceForce/254002348|TestSearchForFire] unsearchedBuildingIDs:[28839, 24752, 17229, 26704, 20306, 15955, 16600, 14040, 26074, 35676, 26336, 20451, 23931, 20478]
2018-04-15 20:15:03,857 [DEBUG|PoliceForce/254002348|TestSearchForFire] best path is:[14459, 34700, 23931]
2018-04-15 20:15:03,857 [DEBUG|PoliceForce/254002348|TestSearchForFire] choosed:14459
2018-04-15 20:15:07,417 [DEBUG|PoliceForce/254002348|TestSearchForFire] Time:101
2018-04-15 20:15:07,417 [DEBUG|PoliceForce/254002348|TestRoadDetector] Time:101
2018-04-15 20:15:07,417 [DEBUG|PoliceForce/254002348|TestRoadDetector] Targets: []
2018-04-15 20:15:07,417 [DEBUG|PoliceForce/254002348|TestSearchForFire] unsearchedBuildingIDs:[28839, 24752, 17229, 26704, 20306, 15955, 16600, 14040, 26074, 35676, 26336, 20451, 23931, 20478]
2018-04-15 20:15:07,417 [DEBUG|PoliceForce/254002348|TestSearchForFire] best path is:[14459, 34700, 23931]
2018-04-15 20:15:07,417 [DEBUG|PoliceForce/254002348|TestSearchForFire] choosed:14459
2018-04-15 20:15:10,780 [DEBUG|PoliceForce/254002348|TestSearchForFire] Time:102
2018-04-15 20:15:10,780 [DEBUG|PoliceForce/254002348|TestRoadDetector] Time:102
2018-04-15 20:15:10,781 [DEBUG|PoliceForce/254002348|TestRoadDetector] Targets: []
2018-04-15 20:15:10,781 [DEBUG|PoliceForce/254002348|TestSearchForFire] unsearchedBuildingIDs:[28839, 24752, 17229, 26704, 20306, 15955, 16600, 14040, 26074, 35676, 26336, 20451, 23931, 20478]
2018-04-15 20:15:10,781 [DEBUG|PoliceForce/254002348|TestSearchForFire] best path is:[14459, 34700, 23931]
2018-04-15 20:15:10,781 [DEBUG|PoliceForce/254002348|TestSearchForFire] choosed:14459
2018-04-15 20:15:14,365 [DEBUG|PoliceForce/254002348|TestSearchForFire] Time:103
2018-04-15 20:15:14,365 [DEBUG|PoliceForce/254002348|TestRoadDetector] Time:103
2018-04-15 20:15:14,366 [DEBUG|PoliceForce/254002348|TestRoadDetector] Targets: []
2018-04-15 20:15:14,366 [DEBUG|PoliceForce/254002348|TestSearchForFire] unsearchedBuildingIDs:[28839, 24752, 17229, 26704, 20306, 15955, 16600, 14040, 26074, 35676, 26336, 20451, 23931, 20478]
2018-04-15 20:15:14,366 [DEBUG|PoliceForce/254002348|TestSearchForFire] best path is:[14459, 34700, 23931]
2018-04-15 20:15:14,366 [DEBUG|PoliceForce/254002348|TestSearchForFire] choosed:14459
2018-04-15 20:15:17,944 [DEBUG|PoliceForce/254002348|TestSearchForFire] Time:104
2018-04-15 20:15:17,944 [DEBUG|PoliceForce/254002348|TestRoadDetector] Time:104
2018-04-15 20:15:17,945 [DEBUG|PoliceForce/254002348|TestRoadDetector] Targets: []
2018-04-15 20:15:17,945 [DEBUG|PoliceForce/254002348|TestSearchForFire] unsearchedBuildingIDs:[28839, 24752, 17229, 26704, 20306, 15955, 16600, 14040, 26074, 35676, 26336, 20451, 23931, 20478]
2018-04-15 20:15:17,945 [DEBUG|PoliceForce/254002348|TestSearchForFire] best path is:[14459, 34700, 23931]
2018-04-15 20:15:17,945 [DEBUG|PoliceForce/254002348|TestSearchForFire] choosed:14459
2018-04-15 20:15:21,168 [DEBUG|PoliceForce/254002348|TestSearchForFire] Time:105
2018-04-15 20:15:21,168 [DEBUG|PoliceForce/254002348|TestRoadDetector] Time:105
2018-04-15 20:15:21,169 [DEBUG|PoliceForce/254002348|TestRoadDetector] Targets: []
2018-04-15 20:15:21,169 [DEBUG|PoliceForce/254002348|TestSearchForFire] unsearchedBuildingIDs:[28839, 24752, 17229, 26704, 20306, 15955, 16600, 14040, 26074, 35676, 26336, 20451, 23931, 20478]
2018-04-15 20:15:21,169 [DEBUG|PoliceForce/254002348|TestSearchForFire] best path is:[14459, 34700, 23931]
2018-04-15 20:15:21,169 [DEBUG|PoliceForce/254002348|TestSearchForFire] choosed:14459
2018-04-15 20:15:24,528 [DEBUG|PoliceForce/254002348|TestSearchForFire] Time:106
2018-04-15 20:15:24,528 [DEBUG|PoliceForce/254002348|TestRoadDetector] Time:106
2018-04-15 20:15:24,528 [DEBUG|PoliceForce/254002348|TestRoadDetector] Targets: []
2018-04-15 20:15:24,529 [DEBUG|PoliceForce/254002348|TestSearchForFire] unsearchedBuildingIDs:[28839, 24752, 17229, 26704, 20306, 15955, 16600, 14040, 26074, 35676, 26336, 20451, 23931, 20478]
2018-04-15 20:15:24,529 [DEBUG|PoliceForce/254002348|TestSearchForFire] best path is:[14459, 34700, 23931]
2018-04-15 20:15:24,529 [DEBUG|PoliceForce/254002348|TestSearchForFire] choosed:14459
2018-04-15 20:15:27,872 [DEBUG|PoliceForce/254002348|TestSearchForFire] Time:107
2018-04-15 20:15:27,872 [DEBUG|PoliceForce/254002348|TestRoadDetector] Time:107
2018-04-15 20:15:27,872 [DEBUG|PoliceForce/254002348|TestRoadDetector] Targets: []
2018-04-15 20:15:27,872 [DEBUG|PoliceForce/254002348|TestSearchForFire] unsearchedBuildingIDs:[28839, 24752, 17229, 26704, 20306, 15955, 16600, 14040, 26074, 35676, 26336, 20451, 23931, 20478]
2018-04-15 20:15:27,873 [DEBUG|PoliceForce/254002348|TestSearchForFire] best path is:[14459, 34700, 23931]
2018-04-15 20:15:27,873 [DEBUG|PoliceForce/254002348|TestSearchForFire] choosed:14459
2018-04-15 20:15:31,320 [DEBUG|PoliceForce/254002348|TestSearchForFire] Time:108
2018-04-15 20:15:31,320 [DEBUG|PoliceForce/254002348|TestRoadDetector] Time:108
2018-04-15 20:15:31,321 [DEBUG|PoliceForce/254002348|TestRoadDetector] Targets: []
2018-04-15 20:15:31,321 [DEBUG|PoliceForce/254002348|TestSearchForFire] unsearchedBuildingIDs:[28839, 24752, 17229, 26704, 20306, 15955, 16600, 14040, 26074, 35676, 26336, 20451, 23931, 20478]
2018-04-15 20:15:31,321 [DEBUG|PoliceForce/254002348|TestSearchForFire] best path is:[14459, 34700, 23931]
2018-04-15 20:15:31,321 [DEBUG|PoliceForce/254002348|TestSearchForFire] choosed:14459
2018-04-15 20:15:34,833 [DEBUG|PoliceForce/254002348|TestSearchForFire] Time:109
2018-04-15 20:15:34,833 [DEBUG|PoliceForce/254002348|TestRoadDetector] Time:109
2018-04-15 20:15:34,833 [DEBUG|PoliceForce/254002348|TestRoadDetector] Targets: []
2018-04-15 20:15:34,833 [DEBUG|PoliceForce/254002348|TestSearchForFire] unsearchedBuildingIDs:[28839, 24752, 17229, 26704, 20306, 15955, 16600, 14040, 26074, 35676, 26336, 20451, 23931, 20478]
2018-04-15 20:15:34,833 [DEBUG|PoliceForce/254002348|TestSearchForFire] best path is:[14459, 34700, 23931]
2018-04-15 20:15:34,833 [DEBUG|PoliceForce/254002348|TestSearchForFire] choosed:14459
2018-04-15 20:15:38,368 [DEBUG|PoliceForce/254002348|TestSearchForFire] Time:110
2018-04-15 20:15:38,368 [DEBUG|PoliceForce/254002348|TestRoadDetector] Time:110
2018-04-15 20:15:38,368 [DEBUG|PoliceForce/254002348|TestRoadDetector] Targets: []
2018-04-15 20:15:38,368 [DEBUG|PoliceForce/254002348|TestSearchForFire] unsearchedBuildingIDs:[28839, 24752, 17229, 26704, 20306, 15955, 16600, 14040, 26074, 35676, 26336, 20451, 23931, 20478]
2018-04-15 20:15:38,369 [DEBUG|PoliceForce/254002348|TestSearchForFire] best path is:[14459, 34700, 23931]
2018-04-15 20:15:38,369 [DEBUG|PoliceForce/254002348|TestSearchForFire] choosed:14459
2018-04-15 20:15:41,832 [DEBUG|PoliceForce/254002348|TestSearchForFire] Time:111
2018-04-15 20:15:41,832 [DEBUG|PoliceForce/254002348|TestRoadDetector] Time:111
2018-04-15 20:15:41,833 [DEBUG|PoliceForce/254002348|TestRoadDetector] Targets: []
2018-04-15 20:15:41,833 [DEBUG|PoliceForce/254002348|TestSearchForFire] unsearchedBuildingIDs:[28839, 24752, 17229, 26704, 20306, 15955, 16600, 14040, 26074, 35676, 26336, 20451, 23931, 20478]
2018-04-15 20:15:41,833 [DEBUG|PoliceForce/254002348|TestSearchForFire] best path is:[14459, 34700, 23931]
2018-04-15 20:15:41,833 [DEBUG|PoliceForce/254002348|TestSearchForFire] choosed:14459
2018-04-15 20:15:45,076 [DEBUG|PoliceForce/254002348|TestSearchForFire] Time:112
2018-04-15 20:15:45,076 [DEBUG|PoliceForce/254002348|TestRoadDetector] Time:112
2018-04-15 20:15:45,076 [DEBUG|PoliceForce/254002348|TestRoadDetector] Targets: []
2018-04-15 20:15:45,077 [DEBUG|PoliceForce/254002348|TestSearchForFire] unsearchedBuildingIDs:[28839, 24752, 17229, 26704, 20306, 15955, 16600, 14040, 26074, 35676, 26336, 20451, 23931, 20478]
2018-04-15 20:15:45,077 [DEBUG|PoliceForce/254002348|TestSearchForFire] best path is:[14459, 34700, 23931]
2018-04-15 20:15:45,077 [DEBUG|PoliceForce/254002348|TestSearchForFire] choosed:14459
2018-04-15 20:15:48,396 [DEBUG|PoliceForce/254002348|TestSearchForFire] Time:113
2018-04-15 20:15:48,396 [DEBUG|PoliceForce/254002348|TestRoadDetector] Time:113
2018-04-15 20:15:48,396 [DEBUG|PoliceForce/254002348|TestRoadDetector] Targets: []
2018-04-15 20:15:48,397 [DEBUG|PoliceForce/254002348|TestSearchForFire] unsearchedBuildingIDs:[28839, 24752, 17229, 26704, 20306, 15955, 16600, 14040, 26074, 35676, 26336, 20451, 23931, 20478]
2018-04-15 20:15:48,397 [DEBUG|PoliceForce/254002348|TestSearchForFire] best path is:[14459, 34700, 23931]
2018-04-15 20:15:48,397 [DEBUG|PoliceForce/254002348|TestSearchForFire] choosed:14459
2018-04-15 20:15:51,984 [DEBUG|PoliceForce/254002348|TestSearchForFire] Time:114
2018-04-15 20:15:51,984 [DEBUG|PoliceForce/254002348|TestRoadDetector] Time:114
2018-04-15 20:15:51,984 [DEBUG|PoliceForce/254002348|TestRoadDetector] Targets: []
2018-04-15 20:15:51,985 [DEBUG|PoliceForce/254002348|TestSearchForFire] unsearchedBuildingIDs:[28839, 24752, 17229, 26704, 20306, 15955, 16600, 14040, 26074, 35676, 26336, 20451, 23931, 20478]
2018-04-15 20:15:51,985 [DEBUG|PoliceForce/254002348|TestSearchForFire] best path is:[14459, 34700, 23931]
2018-04-15 20:15:51,985 [DEBUG|PoliceForce/254002348|TestSearchForFire] choosed:14459
2018-04-15 20:15:55,368 [DEBUG|PoliceForce/254002348|TestSearchForFire] Time:115
2018-04-15 20:15:55,368 [DEBUG|PoliceForce/254002348|TestRoadDetector] Time:115
2018-04-15 20:15:55,368 [DEBUG|PoliceForce/254002348|TestRoadDetector] Targets: []
2018-04-15 20:15:55,369 [DEBUG|PoliceForce/254002348|TestSearchForFire] unsearchedBuildingIDs:[28839, 24752, 17229, 26704, 20306, 15955, 16600, 14040, 26074, 35676, 26336, 20451, 23931, 20478]
2018-04-15 20:15:55,369 [DEBUG|PoliceForce/254002348|TestSearchForFire] best path is:[14459, 34700, 23931]
2018-04-15 20:15:55,369 [DEBUG|PoliceForce/254002348|TestSearchForFire] choosed:14459
2018-04-15 20:15:58,736 [DEBUG|PoliceForce/254002348|TestSearchForFire] Time:116
2018-04-15 20:15:58,736 [DEBUG|PoliceForce/254002348|TestRoadDetector] Time:116
2018-04-15 20:15:58,736 [DEBUG|PoliceForce/254002348|TestRoadDetector] Targets: []
2018-04-15 20:15:58,736 [DEBUG|PoliceForce/254002348|TestSearchForFire] unsearchedBuildingIDs:[28839, 24752, 17229, 26704, 20306, 15955, 16600, 14040, 26074, 35676, 26336, 20451, 23931, 20478]
2018-04-15 20:15:58,736 [DEBUG|PoliceForce/254002348|TestSearchForFire] best path is:[14459, 34700, 23931]
2018-04-15 20:15:58,736 [DEBUG|PoliceForce/254002348|TestSearchForFire] choosed:14459
2018-04-15 20:16:02,008 [DEBUG|PoliceForce/254002348|TestSearchForFire] Time:117
2018-04-15 20:16:02,008 [DEBUG|PoliceForce/254002348|TestRoadDetector] Time:117
2018-04-15 20:16:02,008 [DEBUG|PoliceForce/254002348|TestRoadDetector] Targets: []
2018-04-15 20:16:02,009 [DEBUG|PoliceForce/254002348|TestSearchForFire] unsearchedBuildingIDs:[28839, 24752, 17229, 26704, 20306, 15955, 16600, 14040, 26074, 35676, 26336, 20451, 23931, 20478]
2018-04-15 20:16:02,009 [DEBUG|PoliceForce/254002348|TestSearchForFire] best path is:[14459, 34700, 23931]
2018-04-15 20:16:02,009 [DEBUG|PoliceForce/254002348|TestSearchForFire] choosed:14459
2018-04-15 20:16:05,304 [DEBUG|PoliceForce/254002348|TestSearchForFire] Time:118
2018-04-15 20:16:05,304 [DEBUG|PoliceForce/254002348|TestRoadDetector] Time:118
2018-04-15 20:16:05,304 [DEBUG|PoliceForce/254002348|TestRoadDetector] Targets: []
2018-04-15 20:16:05,305 [DEBUG|PoliceForce/254002348|TestSearchForFire] unsearchedBuildingIDs:[28839, 24752, 17229, 26704, 20306, 15955, 16600, 14040, 26074, 35676, 26336, 20451, 23931, 20478]
2018-04-15 20:16:05,305 [DEBUG|PoliceForce/254002348|TestSearchForFire] best path is:[14459, 34700, 23931]
2018-04-15 20:16:05,305 [DEBUG|PoliceForce/254002348|TestSearchForFire] choosed:14459
2018-04-15 20:16:08,642 [DEBUG|PoliceForce/254002348|TestSearchForFire] Time:119
2018-04-15 20:16:08,642 [DEBUG|PoliceForce/254002348|TestRoadDetector] Time:119
2018-04-15 20:16:08,642 [DEBUG|PoliceForce/254002348|TestRoadDetector] Targets: []
2018-04-15 20:16:08,642 [DEBUG|PoliceForce/254002348|TestSearchForFire] unsearchedBuildingIDs:[28839, 24752, 17229, 26704, 20306, 15955, 16600, 14040, 26074, 35676, 26336, 20451, 23931, 20478]
2018-04-15 20:16:08,642 [DEBUG|PoliceForce/254002348|TestSearchForFire] best path is:[14459, 34700, 23931]
2018-04-15 20:16:08,642 [DEBUG|PoliceForce/254002348|TestSearchForFire] choosed:14459
2018-04-15 20:16:12,236 [DEBUG|PoliceForce/254002348|TestSearchForFire] Time:120
2018-04-15 20:16:12,237 [DEBUG|PoliceForce/254002348|TestRoadDetector] Time:120
2018-04-15 20:16:12,237 [DEBUG|PoliceForce/254002348|TestRoadDetector] Targets: []
2018-04-15 20:16:12,237 [DEBUG|PoliceForce/254002348|TestSearchForFire] unsearchedBuildingIDs:[28839, 24752, 17229, 26704, 20306, 15955, 16600, 14040, 26074, 35676, 26336, 20451, 23931, 20478]
2018-04-15 20:16:12,237 [DEBUG|PoliceForce/254002348|TestSearchForFire] best path is:[14459, 34700, 23931]
2018-04-15 20:16:12,237 [DEBUG|PoliceForce/254002348|TestSearchForFire] choosed:14459
2018-04-15 20:16:15,818 [DEBUG|PoliceForce/254002348|TestSearchForFire] Time:121
2018-04-15 20:16:15,818 [DEBUG|PoliceForce/254002348|TestRoadDetector] Time:121
2018-04-15 20:16:15,819 [DEBUG|PoliceForce/254002348|TestRoadDetector] Targets: []
2018-04-15 20:16:15,819 [DEBUG|PoliceForce/254002348|TestSearchForFire] unsearchedBuildingIDs:[28839, 24752, 17229, 26704, 20306, 15955, 16600, 14040, 26074, 35676, 26336, 20451, 23931, 20478]
2018-04-15 20:16:15,819 [DEBUG|PoliceForce/254002348|TestSearchForFire] best path is:[14459, 34700, 23931]
2018-04-15 20:16:15,819 [DEBUG|PoliceForce/254002348|TestSearchForFire] choosed:14459
2018-04-15 20:16:19,009 [DEBUG|PoliceForce/254002348|TestSearchForFire] Time:122
2018-04-15 20:16:19,009 [DEBUG|PoliceForce/254002348|TestRoadDetector] Time:122
2018-04-15 20:16:19,009 [DEBUG|PoliceForce/254002348|TestRoadDetector] Targets: []
2018-04-15 20:16:19,009 [DEBUG|PoliceForce/254002348|TestSearchForFire] unsearchedBuildingIDs:[28839, 24752, 17229, 26704, 20306, 15955, 16600, 14040, 26074, 35676, 26336, 20451, 23931, 20478]
2018-04-15 20:16:19,009 [DEBUG|PoliceForce/254002348|TestSearchForFire] best path is:[14459, 34700, 23931]
2018-04-15 20:16:19,009 [DEBUG|PoliceForce/254002348|TestSearchForFire] choosed:14459
2018-04-15 20:16:22,268 [DEBUG|PoliceForce/254002348|TestSearchForFire] Time:123
2018-04-15 20:16:22,268 [DEBUG|PoliceForce/254002348|TestRoadDetector] Time:123
2018-04-15 20:16:22,269 [DEBUG|PoliceForce/254002348|TestRoadDetector] Targets: []
2018-04-15 20:16:22,269 [DEBUG|PoliceForce/254002348|TestSearchForFire] unsearchedBuildingIDs:[28839, 24752, 17229, 26704, 20306, 15955, 16600, 14040, 26074, 35676, 26336, 20451, 23931, 20478]
2018-04-15 20:16:22,269 [DEBUG|PoliceForce/254002348|TestSearchForFire] best path is:[14459, 34700, 23931]
2018-04-15 20:16:22,269 [DEBUG|PoliceForce/254002348|TestSearchForFire] choosed:14459
2018-04-15 20:16:25,655 [DEBUG|PoliceForce/254002348|TestSearchForFire] Time:124
2018-04-15 20:16:25,656 [DEBUG|PoliceForce/254002348|TestRoadDetector] Time:124
2018-04-15 20:16:25,656 [DEBUG|PoliceForce/254002348|TestRoadDetector] Targets: []
2018-04-15 20:16:25,656 [DEBUG|PoliceForce/254002348|TestSearchForFire] unsearchedBuildingIDs:[28839, 24752, 17229, 26704, 20306, 15955, 16600, 14040, 26074, 35676, 26336, 20451, 23931, 20478]
2018-04-15 20:16:25,657 [DEBUG|PoliceForce/254002348|TestSearchForFire] best path is:[14459, 34700, 23931]
2018-04-15 20:16:25,657 [DEBUG|PoliceForce/254002348|TestSearchForFire] choosed:14459
2018-04-15 20:16:29,084 [DEBUG|PoliceForce/254002348|TestSearchForFire] Time:125
2018-04-15 20:16:29,085 [DEBUG|PoliceForce/254002348|TestRoadDetector] Time:125
2018-04-15 20:16:29,085 [DEBUG|PoliceForce/254002348|TestRoadDetector] Targets: []
2018-04-15 20:16:29,085 [DEBUG|PoliceForce/254002348|TestSearchForFire] unsearchedBuildingIDs:[28839, 24752, 17229, 26704, 20306, 15955, 16600, 14040, 26074, 35676, 26336, 20451, 23931, 20478]
2018-04-15 20:16:29,085 [DEBUG|PoliceForce/254002348|TestSearchForFire] best path is:[14459, 34700, 23931]
2018-04-15 20:16:29,085 [DEBUG|PoliceForce/254002348|TestSearchForFire] choosed:14459
2018-04-15 20:16:32,488 [DEBUG|PoliceForce/254002348|TestSearchForFire] Time:126
2018-04-15 20:16:32,488 [DEBUG|PoliceForce/254002348|TestRoadDetector] Time:126
2018-04-15 20:16:32,489 [DEBUG|PoliceForce/254002348|TestRoadDetector] Targets: []
2018-04-15 20:16:32,489 [DEBUG|PoliceForce/254002348|TestSearchForFire] unsearchedBuildingIDs:[28839, 24752, 17229, 26704, 20306, 15955, 16600, 14040, 26074, 35676, 26336, 20451, 23931, 20478]
2018-04-15 20:16:32,489 [DEBUG|PoliceForce/254002348|TestSearchForFire] best path is:[14459, 34700, 23931]
2018-04-15 20:16:32,489 [DEBUG|PoliceForce/254002348|TestSearchForFire] choosed:14459
2018-04-15 20:16:35,812 [DEBUG|PoliceForce/254002348|TestSearchForFire] Time:127
2018-04-15 20:16:35,812 [DEBUG|PoliceForce/254002348|TestRoadDetector] Time:127
2018-04-15 20:16:35,812 [DEBUG|PoliceForce/254002348|TestRoadDetector] Targets: []
2018-04-15 20:16:35,813 [DEBUG|PoliceForce/254002348|TestSearchForFire] unsearchedBuildingIDs:[28839, 24752, 17229, 26704, 20306, 15955, 16600, 14040, 26074, 35676, 26336, 20451, 23931, 20478]
2018-04-15 20:16:35,813 [DEBUG|PoliceForce/254002348|TestSearchForFire] best path is:[14459, 34700, 23931]
2018-04-15 20:16:35,813 [DEBUG|PoliceForce/254002348|TestSearchForFire] choosed:14459
2018-04-15 20:16:39,344 [DEBUG|PoliceForce/254002348|TestSearchForFire] Time:128
2018-04-15 20:16:39,344 [DEBUG|PoliceForce/254002348|TestRoadDetector] Time:128
2018-04-15 20:16:39,344 [DEBUG|PoliceForce/254002348|TestRoadDetector] Targets: []
2018-04-15 20:16:39,345 [DEBUG|PoliceForce/254002348|TestSearchForFire] unsearchedBuildingIDs:[28839, 24752, 17229, 26704, 20306, 15955, 16600, 14040, 26074, 35676, 26336, 20451, 23931, 20478]
2018-04-15 20:16:39,345 [DEBUG|PoliceForce/254002348|TestSearchForFire] best path is:[14459, 34700, 23931]
2018-04-15 20:16:39,345 [DEBUG|PoliceForce/254002348|TestSearchForFire] choosed:14459
2018-04-15 20:16:42,584 [DEBUG|PoliceForce/254002348|TestSearchForFire] Time:129
2018-04-15 20:16:42,584 [DEBUG|PoliceForce/254002348|TestRoadDetector] Time:129
2018-04-15 20:16:42,584 [DEBUG|PoliceForce/254002348|TestRoadDetector] Targets: []
2018-04-15 20:16:42,584 [DEBUG|PoliceForce/254002348|TestSearchForFire] unsearchedBuildingIDs:[28839, 24752, 17229, 26704, 20306, 15955, 16600, 14040, 26074, 35676, 26336, 20451, 23931, 20478]
2018-04-15 20:16:42,584 [DEBUG|PoliceForce/254002348|TestSearchForFire] best path is:[14459, 34700, 23931]
2018-04-15 20:16:42,584 [DEBUG|PoliceForce/254002348|TestSearchForFire] choosed:14459
2018-04-15 20:16:45,800 [DEBUG|PoliceForce/254002348|TestSearchForFire] Time:130
2018-04-15 20:16:45,800 [DEBUG|PoliceForce/254002348|TestRoadDetector] Time:130
2018-04-15 20:16:45,800 [DEBUG|PoliceForce/254002348|TestRoadDetector] Targets: []
2018-04-15 20:16:45,801 [DEBUG|PoliceForce/254002348|TestSearchForFire] unsearchedBuildingIDs:[28839, 24752, 17229, 26704, 20306, 15955, 16600, 14040, 26074, 35676, 26336, 20451, 23931, 20478]
2018-04-15 20:16:45,801 [DEBUG|PoliceForce/254002348|TestSearchForFire] best path is:[14459, 34700, 23931]
2018-04-15 20:16:45,801 [DEBUG|PoliceForce/254002348|TestSearchForFire] choosed:14459
2018-04-15 20:16:49,080 [DEBUG|PoliceForce/254002348|TestSearchForFire] Time:131
2018-04-15 20:16:49,080 [DEBUG|PoliceForce/254002348|TestRoadDetector] Time:131
2018-04-15 20:16:49,080 [DEBUG|PoliceForce/254002348|TestRoadDetector] Targets: []
2018-04-15 20:16:49,080 [DEBUG|PoliceForce/254002348|TestSearchForFire] unsearchedBuildingIDs:[28839, 24752, 17229, 26704, 20306, 15955, 16600, 14040, 26074, 35676, 26336, 20451, 23931, 20478]
2018-04-15 20:16:49,083 [DEBUG|PoliceForce/254002348|TestSearchForFire] best path is:[14459, 34700, 23931]
2018-04-15 20:16:49,083 [DEBUG|PoliceForce/254002348|TestSearchForFire] choosed:14459
2018-04-15 20:16:52,336 [DEBUG|PoliceForce/254002348|TestSearchForFire] Time:132
2018-04-15 20:16:52,337 [DEBUG|PoliceForce/254002348|TestRoadDetector] Time:132
2018-04-15 20:16:52,337 [DEBUG|PoliceForce/254002348|TestRoadDetector] Targets: []
2018-04-15 20:16:52,337 [DEBUG|PoliceForce/254002348|TestSearchForFire] unsearchedBuildingIDs:[28839, 24752, 17229, 26704, 20306, 15955, 16600, 14040, 26074, 35676, 26336, 20451, 23931, 20478]
2018-04-15 20:16:52,337 [DEBUG|PoliceForce/254002348|TestSearchForFire] best path is:[14459, 34700, 23931]
2018-04-15 20:16:52,337 [DEBUG|PoliceForce/254002348|TestSearchForFire] choosed:14459
2018-04-15 20:16:55,597 [DEBUG|PoliceForce/254002348|TestSearchForFire] Time:133
2018-04-15 20:16:55,597 [DEBUG|PoliceForce/254002348|TestRoadDetector] Time:133
2018-04-15 20:16:55,597 [DEBUG|PoliceForce/254002348|TestRoadDetector] Targets: []
2018-04-15 20:16:55,597 [DEBUG|PoliceForce/254002348|TestSearchForFire] unsearchedBuildingIDs:[28839, 24752, 17229, 26704, 20306, 15955, 16600, 14040, 26074, 35676, 26336, 20451, 23931, 20478]
2018-04-15 20:16:55,597 [DEBUG|PoliceForce/254002348|TestSearchForFire] best path is:[14459, 34700, 23931]
2018-04-15 20:16:55,597 [DEBUG|PoliceForce/254002348|TestSearchForFire] choosed:14459
2018-04-15 20:16:58,996 [DEBUG|PoliceForce/254002348|TestSearchForFire] Time:134
2018-04-15 20:16:58,996 [DEBUG|PoliceForce/254002348|TestRoadDetector] Time:134
2018-04-15 20:16:58,996 [DEBUG|PoliceForce/254002348|TestRoadDetector] Targets: []
2018-04-15 20:16:58,996 [DEBUG|PoliceForce/254002348|TestSearchForFire] unsearchedBuildingIDs:[28839, 24752, 17229, 26704, 20306, 15955, 16600, 14040, 26074, 35676, 26336, 20451, 23931, 20478]
2018-04-15 20:16:58,996 [DEBUG|PoliceForce/254002348|TestSearchForFire] best path is:[14459, 34700, 23931]
2018-04-15 20:16:58,996 [DEBUG|PoliceForce/254002348|TestSearchForFire] choosed:14459
2018-04-15 20:17:02,380 [DEBUG|PoliceForce/254002348|TestSearchForFire] Time:135
2018-04-15 20:17:02,380 [DEBUG|PoliceForce/254002348|TestRoadDetector] Time:135
2018-04-15 20:17:02,381 [DEBUG|PoliceForce/254002348|TestRoadDetector] Targets: []
2018-04-15 20:17:02,381 [DEBUG|PoliceForce/254002348|TestSearchForFire] unsearchedBuildingIDs:[28839, 24752, 17229, 26704, 20306, 15955, 16600, 14040, 26074, 35676, 26336, 20451, 23931, 20478]
2018-04-15 20:17:02,381 [DEBUG|PoliceForce/254002348|TestSearchForFire] best path is:[14459, 34700, 23931]
2018-04-15 20:17:02,381 [DEBUG|PoliceForce/254002348|TestSearchForFire] choosed:14459
2018-04-15 20:17:05,752 [DEBUG|PoliceForce/254002348|TestSearchForFire] Time:136
2018-04-15 20:17:05,752 [DEBUG|PoliceForce/254002348|TestRoadDetector] Time:136
2018-04-15 20:17:05,752 [DEBUG|PoliceForce/254002348|TestRoadDetector] Targets: []
2018-04-15 20:17:05,752 [DEBUG|PoliceForce/254002348|TestSearchForFire] unsearchedBuildingIDs:[28839, 24752, 17229, 26704, 20306, 15955, 16600, 14040, 26074, 35676, 26336, 20451, 23931, 20478]
2018-04-15 20:17:05,752 [DEBUG|PoliceForce/254002348|TestSearchForFire] best path is:[14459, 34700, 23931]
2018-04-15 20:17:05,752 [DEBUG|PoliceForce/254002348|TestSearchForFire] choosed:14459
2018-04-15 20:17:09,161 [DEBUG|PoliceForce/254002348|TestSearchForFire] Time:137
2018-04-15 20:17:09,162 [DEBUG|PoliceForce/254002348|TestRoadDetector] Time:137
2018-04-15 20:17:09,162 [DEBUG|PoliceForce/254002348|TestRoadDetector] Targets: []
2018-04-15 20:17:09,163 [DEBUG|PoliceForce/254002348|TestSearchForFire] unsearchedBuildingIDs:[28839, 24752, 17229, 26704, 20306, 15955, 16600, 14040, 26074, 35676, 26336, 20451, 23931, 20478]
2018-04-15 20:17:09,163 [DEBUG|PoliceForce/254002348|TestSearchForFire] best path is:[14459, 34700, 23931]
2018-04-15 20:17:09,163 [DEBUG|PoliceForce/254002348|TestSearchForFire] choosed:14459
2018-04-15 20:17:12,649 [DEBUG|PoliceForce/254002348|TestSearchForFire] Time:138
2018-04-15 20:17:12,649 [DEBUG|PoliceForce/254002348|TestRoadDetector] Time:138
2018-04-15 20:17:12,649 [DEBUG|PoliceForce/254002348|TestRoadDetector] Targets: []
2018-04-15 20:17:12,649 [DEBUG|PoliceForce/254002348|TestSearchForFire] unsearchedBuildingIDs:[28839, 24752, 17229, 26704, 20306, 15955, 16600, 14040, 26074, 35676, 26336, 20451, 23931, 20478]
2018-04-15 20:17:12,649 [DEBUG|PoliceForce/254002348|TestSearchForFire] best path is:[14459, 34700, 23931]
2018-04-15 20:17:12,649 [DEBUG|PoliceForce/254002348|TestSearchForFire] choosed:14459
2018-04-15 20:17:16,076 [DEBUG|PoliceForce/254002348|TestSearchForFire] Time:139
2018-04-15 20:17:16,076 [DEBUG|PoliceForce/254002348|TestRoadDetector] Time:139
2018-04-15 20:17:16,077 [DEBUG|PoliceForce/254002348|TestRoadDetector] Targets: []
2018-04-15 20:17:16,077 [DEBUG|PoliceForce/254002348|TestSearchForFire] unsearchedBuildingIDs:[28839, 24752, 17229, 26704, 20306, 15955, 16600, 14040, 26074, 35676, 26336, 20451, 23931, 20478]
2018-04-15 20:17:16,077 [DEBUG|PoliceForce/254002348|TestSearchForFire] best path is:[14459, 34700, 23931]
2018-04-15 20:17:16,077 [DEBUG|PoliceForce/254002348|TestSearchForFire] choosed:14459
2018-04-15 20:17:19,524 [DEBUG|PoliceForce/254002348|TestSearchForFire] Time:140
2018-04-15 20:17:19,524 [DEBUG|PoliceForce/254002348|TestRoadDetector] Time:140
2018-04-15 20:17:19,524 [DEBUG|PoliceForce/254002348|TestRoadDetector] Targets: []
2018-04-15 20:17:19,525 [DEBUG|PoliceForce/254002348|TestSearchForFire] unsearchedBuildingIDs:[28839, 24752, 17229, 26704, 20306, 15955, 16600, 14040, 26074, 35676, 26336, 20451, 23931, 20478]
2018-04-15 20:17:19,525 [DEBUG|PoliceForce/254002348|TestSearchForFire] best path is:[14459, 34700, 23931]
2018-04-15 20:17:19,525 [DEBUG|PoliceForce/254002348|TestSearchForFire] choosed:14459
2018-04-15 20:17:22,896 [DEBUG|PoliceForce/254002348|TestSearchForFire] Time:141
2018-04-15 20:17:22,896 [DEBUG|PoliceForce/254002348|TestRoadDetector] Time:141
2018-04-15 20:17:22,897 [DEBUG|PoliceForce/254002348|TestRoadDetector] Targets: []
2018-04-15 20:17:22,897 [DEBUG|PoliceForce/254002348|TestSearchForFire] unsearchedBuildingIDs:[28839, 24752, 17229, 26704, 20306, 15955, 16600, 14040, 26074, 35676, 26336, 20451, 23931, 20478]
2018-04-15 20:17:22,897 [DEBUG|PoliceForce/254002348|TestSearchForFire] best path is:[14459, 34700, 23931]
2018-04-15 20:17:22,897 [DEBUG|PoliceForce/254002348|TestSearchForFire] choosed:14459
2018-04-15 20:17:26,272 [DEBUG|PoliceForce/254002348|TestSearchForFire] Time:142
2018-04-15 20:17:26,272 [DEBUG|PoliceForce/254002348|TestRoadDetector] Time:142
2018-04-15 20:17:26,272 [DEBUG|PoliceForce/254002348|TestRoadDetector] Targets: []
2018-04-15 20:17:26,273 [DEBUG|PoliceForce/254002348|TestSearchForFire] unsearchedBuildingIDs:[28839, 24752, 17229, 26704, 20306, 15955, 16600, 14040, 26074, 35676, 26336, 20451, 23931, 20478]
2018-04-15 20:17:26,273 [DEBUG|PoliceForce/254002348|TestSearchForFire] best path is:[14459, 34700, 23931]
2018-04-15 20:17:26,273 [DEBUG|PoliceForce/254002348|TestSearchForFire] choosed:14459
2018-04-15 20:17:29,639 [DEBUG|PoliceForce/254002348|TestSearchForFire] Time:143
2018-04-15 20:17:29,640 [DEBUG|PoliceForce/254002348|TestRoadDetector] Time:143
2018-04-15 20:17:29,640 [DEBUG|PoliceForce/254002348|TestRoadDetector] Targets: []
2018-04-15 20:17:29,640 [DEBUG|PoliceForce/254002348|TestSearchForFire] unsearchedBuildingIDs:[28839, 24752, 17229, 26704, 20306, 15955, 16600, 14040, 26074, 35676, 26336, 20451, 23931, 20478]
2018-04-15 20:17:29,640 [DEBUG|PoliceForce/254002348|TestSearchForFire] best path is:[14459, 34700, 23931]
2018-04-15 20:17:29,640 [DEBUG|PoliceForce/254002348|TestSearchForFire] choosed:14459
2018-04-15 20:17:32,968 [DEBUG|PoliceForce/254002348|TestSearchForFire] Time:144
2018-04-15 20:17:32,968 [DEBUG|PoliceForce/254002348|TestRoadDetector] Time:144
2018-04-15 20:17:32,969 [DEBUG|PoliceForce/254002348|TestRoadDetector] Targets: []
2018-04-15 20:17:32,969 [DEBUG|PoliceForce/254002348|TestSearchForFire] unsearchedBuildingIDs:[28839, 24752, 17229, 26704, 20306, 15955, 16600, 14040, 26074, 35676, 26336, 20451, 23931, 20478]
2018-04-15 20:17:32,969 [DEBUG|PoliceForce/254002348|TestSearchForFire] best path is:[14459, 34700, 23931]
2018-04-15 20:17:32,969 [DEBUG|PoliceForce/254002348|TestSearchForFire] choosed:14459
2018-04-15 20:17:36,317 [DEBUG|PoliceForce/254002348|TestSearchForFire] Time:145
2018-04-15 20:17:36,317 [DEBUG|PoliceForce/254002348|TestRoadDetector] Time:145
2018-04-15 20:17:36,317 [DEBUG|PoliceForce/254002348|TestRoadDetector] Targets: []
2018-04-15 20:17:36,317 [DEBUG|PoliceForce/254002348|TestSearchForFire] unsearchedBuildingIDs:[28839, 24752, 17229, 26704, 20306, 15955, 16600, 14040, 26074, 35676, 26336, 20451, 23931, 20478]
2018-04-15 20:17:36,318 [DEBUG|PoliceForce/254002348|TestSearchForFire] best path is:[14459, 34700, 23931]
2018-04-15 20:17:36,318 [DEBUG|PoliceForce/254002348|TestSearchForFire] choosed:14459
2018-04-15 20:17:39,752 [DEBUG|PoliceForce/254002348|TestSearchForFire] Time:146
2018-04-15 20:17:39,752 [DEBUG|PoliceForce/254002348|TestRoadDetector] Time:146
2018-04-15 20:17:39,752 [DEBUG|PoliceForce/254002348|TestRoadDetector] Targets: []
2018-04-15 20:17:39,753 [DEBUG|PoliceForce/254002348|TestSearchForFire] unsearchedBuildingIDs:[28839, 24752, 17229, 26704, 20306, 15955, 16600, 14040, 26074, 35676, 26336, 20451, 23931, 20478]
2018-04-15 20:17:39,753 [DEBUG|PoliceForce/254002348|TestSearchForFire] best path is:[14459, 34700, 23931]
2018-04-15 20:17:39,753 [DEBUG|PoliceForce/254002348|TestSearchForFire] choosed:14459
2018-04-15 20:17:43,236 [DEBUG|PoliceForce/254002348|TestSearchForFire] Time:147
2018-04-15 20:17:43,236 [DEBUG|PoliceForce/254002348|TestRoadDetector] Time:147
2018-04-15 20:17:43,237 [DEBUG|PoliceForce/254002348|TestRoadDetector] Targets: []
2018-04-15 20:17:43,237 [DEBUG|PoliceForce/254002348|TestSearchForFire] unsearchedBuildingIDs:[28839, 24752, 17229, 26704, 20306, 15955, 16600, 14040, 26074, 35676, 26336, 20451, 23931, 20478]
2018-04-15 20:17:43,237 [DEBUG|PoliceForce/254002348|TestSearchForFire] best path is:[14459, 34700, 23931]
2018-04-15 20:17:43,237 [DEBUG|PoliceForce/254002348|TestSearchForFire] choosed:14459
2018-04-15 20:17:46,481 [DEBUG|PoliceForce/254002348|TestSearchForFire] Time:148
2018-04-15 20:17:46,481 [DEBUG|PoliceForce/254002348|TestRoadDetector] Time:148
2018-04-15 20:17:46,481 [DEBUG|PoliceForce/254002348|TestRoadDetector] Targets: []
2018-04-15 20:17:46,481 [DEBUG|PoliceForce/254002348|TestSearchForFire] unsearchedBuildingIDs:[28839, 24752, 17229, 26704, 20306, 15955, 16600, 14040, 26074, 35676, 26336, 20451, 23931, 20478]
2018-04-15 20:17:46,481 [DEBUG|PoliceForce/254002348|TestSearchForFire] best path is:[14459, 34700, 23931]
2018-04-15 20:17:46,481 [DEBUG|PoliceForce/254002348|TestSearchForFire] choosed:14459
2018-04-15 20:17:49,904 [DEBUG|PoliceForce/254002348|TestSearchForFire] Time:149
2018-04-15 20:17:49,904 [DEBUG|PoliceForce/254002348|TestRoadDetector] Time:149
2018-04-15 20:17:49,905 [DEBUG|PoliceForce/254002348|TestRoadDetector] Targets: []
2018-04-15 20:17:49,905 [DEBUG|PoliceForce/254002348|TestSearchForFire] unsearchedBuildingIDs:[28839, 24752, 17229, 26704, 20306, 15955, 16600, 14040, 26074, 35676, 26336, 20451, 23931, 20478]
2018-04-15 20:17:49,905 [DEBUG|PoliceForce/254002348|TestSearchForFire] best path is:[14459, 34700, 23931]
2018-04-15 20:17:49,905 [DEBUG|PoliceForce/254002348|TestSearchForFire] choosed:14459
2018-04-15 20:17:53,536 [DEBUG|PoliceForce/254002348|TestSearchForFire] Time:150
2018-04-15 20:17:53,536 [DEBUG|PoliceForce/254002348|TestRoadDetector] Time:150
2018-04-15 20:17:53,536 [DEBUG|PoliceForce/254002348|TestRoadDetector] Targets: []
2018-04-15 20:17:53,536 [DEBUG|PoliceForce/254002348|TestSearchForFire] unsearchedBuildingIDs:[28839, 24752, 17229, 26704, 20306, 15955, 16600, 14040, 26074, 35676, 26336, 20451, 23931, 20478]
2018-04-15 20:17:53,536 [DEBUG|PoliceForce/254002348|TestSearchForFire] best path is:[14459, 34700, 23931]
2018-04-15 20:17:53,536 [DEBUG|PoliceForce/254002348|TestSearchForFire] choosed:14459
2018-04-15 20:17:56,944 [DEBUG|PoliceForce/254002348|TestSearchForFire] Time:151
2018-04-15 20:17:56,944 [DEBUG|PoliceForce/254002348|TestRoadDetector] Time:151
2018-04-15 20:17:56,945 [DEBUG|PoliceForce/254002348|TestRoadDetector] Targets: []
2018-04-15 20:17:56,945 [DEBUG|PoliceForce/254002348|TestSearchForFire] unsearchedBuildingIDs:[28839, 24752, 17229, 26704, 20306, 15955, 16600, 14040, 26074, 35676, 26336, 20451, 23931, 20478]
2018-04-15 20:17:56,945 [DEBUG|PoliceForce/254002348|TestSearchForFire] best path is:[14459, 34700, 23931]
2018-04-15 20:17:56,945 [DEBUG|PoliceForce/254002348|TestSearchForFire] choosed:14459
2018-04-15 20:18:00,457 [DEBUG|PoliceForce/254002348|TestSearchForFire] Time:152
2018-04-15 20:18:00,457 [DEBUG|PoliceForce/254002348|TestRoadDetector] Time:152
2018-04-15 20:18:00,457 [DEBUG|PoliceForce/254002348|TestRoadDetector] Targets: []
2018-04-15 20:18:00,457 [DEBUG|PoliceForce/254002348|TestSearchForFire] unsearchedBuildingIDs:[28839, 24752, 17229, 26704, 20306, 15955, 16600, 14040, 26074, 35676, 26336, 20451, 23931, 20478]
2018-04-15 20:18:00,457 [DEBUG|PoliceForce/254002348|TestSearchForFire] best path is:[14459, 34700, 23931]
2018-04-15 20:18:00,457 [DEBUG|PoliceForce/254002348|TestSearchForFire] choosed:14459
2018-04-15 20:18:03,984 [DEBUG|PoliceForce/254002348|TestSearchForFire] Time:153
2018-04-15 20:18:03,984 [DEBUG|PoliceForce/254002348|TestRoadDetector] Time:153
2018-04-15 20:18:03,985 [DEBUG|PoliceForce/254002348|TestRoadDetector] Targets: []
2018-04-15 20:18:03,985 [DEBUG|PoliceForce/254002348|TestSearchForFire] unsearchedBuildingIDs:[28839, 24752, 17229, 26704, 20306, 15955, 16600, 14040, 26074, 35676, 26336, 20451, 23931, 20478]
2018-04-15 20:18:03,985 [DEBUG|PoliceForce/254002348|TestSearchForFire] best path is:[14459, 34700, 23931]
2018-04-15 20:18:03,985 [DEBUG|PoliceForce/254002348|TestSearchForFire] choosed:14459
2018-04-15 20:18:07,848 [DEBUG|PoliceForce/254002348|TestSearchForFire] Time:154
2018-04-15 20:18:07,848 [DEBUG|PoliceForce/254002348|TestRoadDetector] Time:154
2018-04-15 20:18:07,848 [DEBUG|PoliceForce/254002348|TestRoadDetector] Targets: []
2018-04-15 20:18:07,848 [DEBUG|PoliceForce/254002348|TestSearchForFire] unsearchedBuildingIDs:[28839, 24752, 17229, 26704, 20306, 15955, 16600, 14040, 26074, 35676, 26336, 20451, 23931, 20478]
2018-04-15 20:18:07,848 [DEBUG|PoliceForce/254002348|TestSearchForFire] best path is:[14459, 34700, 23931]
2018-04-15 20:18:07,848 [DEBUG|PoliceForce/254002348|TestSearchForFire] choosed:14459
2018-04-15 20:18:11,409 [DEBUG|PoliceForce/254002348|TestSearchForFire] Time:155
2018-04-15 20:18:11,409 [DEBUG|PoliceForce/254002348|TestRoadDetector] Time:155
2018-04-15 20:18:11,409 [DEBUG|PoliceForce/254002348|TestRoadDetector] Targets: []
2018-04-15 20:18:11,409 [DEBUG|PoliceForce/254002348|TestSearchForFire] unsearchedBuildingIDs:[28839, 24752, 17229, 26704, 20306, 15955, 16600, 14040, 26074, 35676, 26336, 20451, 23931, 20478]
2018-04-15 20:18:11,409 [DEBUG|PoliceForce/254002348|TestSearchForFire] best path is:[14459, 34700, 23931]
2018-04-15 20:18:11,409 [DEBUG|PoliceForce/254002348|TestSearchForFire] choosed:14459
2018-04-15 20:18:15,236 [DEBUG|PoliceForce/254002348|TestSearchForFire] Time:156
2018-04-15 20:18:15,236 [DEBUG|PoliceForce/254002348|TestRoadDetector] Time:156
2018-04-15 20:18:15,236 [DEBUG|PoliceForce/254002348|TestRoadDetector] Targets: []
2018-04-15 20:18:15,237 [DEBUG|PoliceForce/254002348|TestSearchForFire] unsearchedBuildingIDs:[28839, 24752, 17229, 26704, 20306, 15955, 16600, 14040, 26074, 35676, 26336, 20451, 23931, 20478]
2018-04-15 20:18:15,237 [DEBUG|PoliceForce/254002348|TestSearchForFire] best path is:[14459, 34700, 23931]
2018-04-15 20:18:15,237 [DEBUG|PoliceForce/254002348|TestSearchForFire] choosed:14459
2018-04-15 20:18:18,728 [DEBUG|PoliceForce/254002348|TestSearchForFire] Time:157
2018-04-15 20:18:18,728 [DEBUG|PoliceForce/254002348|TestRoadDetector] Time:157
2018-04-15 20:18:18,729 [DEBUG|PoliceForce/254002348|TestRoadDetector] Targets: []
2018-04-15 20:18:18,729 [DEBUG|PoliceForce/254002348|TestSearchForFire] unsearchedBuildingIDs:[28839, 24752, 17229, 26704, 20306, 15955, 16600, 14040, 26074, 35676, 26336, 20451, 23931, 20478]
2018-04-15 20:18:18,729 [DEBUG|PoliceForce/254002348|TestSearchForFire] best path is:[14459, 34700, 23931]
2018-04-15 20:18:18,729 [DEBUG|PoliceForce/254002348|TestSearchForFire] choosed:14459
2018-04-15 20:18:22,287 [DEBUG|PoliceForce/254002348|TestSearchForFire] Time:158
2018-04-15 20:18:22,287 [DEBUG|PoliceForce/254002348|TestRoadDetector] Time:158
2018-04-15 20:18:22,288 [DEBUG|PoliceForce/254002348|TestRoadDetector] Targets: []
2018-04-15 20:18:22,288 [DEBUG|PoliceForce/254002348|TestSearchForFire] unsearchedBuildingIDs:[28839, 24752, 17229, 26704, 20306, 15955, 16600, 14040, 26074, 35676, 26336, 20451, 23931, 20478]
2018-04-15 20:18:22,288 [DEBUG|PoliceForce/254002348|TestSearchForFire] best path is:[14459, 34700, 23931]
2018-04-15 20:18:22,288 [DEBUG|PoliceForce/254002348|TestSearchForFire] choosed:14459
2018-04-15 20:18:25,884 [DEBUG|PoliceForce/254002348|TestSearchForFire] Time:159
2018-04-15 20:18:25,884 [DEBUG|PoliceForce/254002348|TestRoadDetector] Time:159
2018-04-15 20:18:25,885 [DEBUG|PoliceForce/254002348|TestRoadDetector] Targets: []
2018-04-15 20:18:25,885 [DEBUG|PoliceForce/254002348|TestSearchForFire] unsearchedBuildingIDs:[28839, 24752, 17229, 26704, 20306, 15955, 16600, 14040, 26074, 35676, 26336, 20451, 23931, 20478]
2018-04-15 20:18:25,885 [DEBUG|PoliceForce/254002348|TestSearchForFire] best path is:[14459, 34700, 23931]
2018-04-15 20:18:25,885 [DEBUG|PoliceForce/254002348|TestSearchForFire] choosed:14459
