2018-04-15 20:06:41,929 [DEBUG|PoliceForce/60979243|TestSearchForFire] Time:1
2018-04-15 20:06:41,930 [DEBUG|PoliceForce/60979243|TestRoadDetector] Time:1
2018-04-15 20:06:41,930 [DEBUG|PoliceForce/60979243|TestRoadDetector] Targets: [Refuge (18733)]
2018-04-15 20:06:41,934 [DEBUG|PoliceForce/60979243|TestRoadDetector] Selected Target: 18733
2018-04-15 20:06:50,824 [DEBUG|PoliceForce/60979243|TestSearchForFire] Time:2
2018-04-15 20:06:50,825 [DEBUG|PoliceForce/60979243|TestRoadDetector] Time:2
2018-04-15 20:06:54,784 [DEBUG|PoliceForce/60979243|TestSearchForFire] Time:3
2018-04-15 20:06:54,785 [DEBUG|PoliceForce/60979243|TestRoadDetector] Time:3
2018-04-15 20:07:05,954 [DEBUG|PoliceForce/60979243|TestSearchForFire] Time:4
2018-04-15 20:07:05,954 [DEBUG|PoliceForce/60979243|TestRoadDetector] Time:4
2018-04-15 20:07:14,801 [DEBUG|PoliceForce/60979243|TestSearchForFire] Time:5
2018-04-15 20:07:14,801 [DEBUG|PoliceForce/60979243|TestRoadDetector] Time:5
2018-04-15 20:07:23,285 [DEBUG|PoliceForce/60979243|TestSearchForFire] Time:6
2018-04-15 20:07:23,285 [DEBUG|PoliceForce/60979243|TestRoadDetector] Time:6
2018-04-15 20:07:30,929 [DEBUG|PoliceForce/60979243|TestSearchForFire] Time:7
2018-04-15 20:07:30,929 [DEBUG|PoliceForce/60979243|TestRoadDetector] Time:7
2018-04-15 20:07:38,362 [DEBUG|PoliceForce/60979243|TestSearchForFire] Time:8
2018-04-15 20:07:38,362 [DEBUG|PoliceForce/60979243|TestRoadDetector] Time:8
2018-04-15 20:07:45,729 [DEBUG|PoliceForce/60979243|TestSearchForFire] Time:9
2018-04-15 20:07:45,730 [DEBUG|PoliceForce/60979243|TestRoadDetector] Time:9
2018-04-15 20:07:53,053 [DEBUG|PoliceForce/60979243|TestSearchForFire] Time:10
2018-04-15 20:07:53,053 [DEBUG|PoliceForce/60979243|TestRoadDetector] Time:10
2018-04-15 20:07:59,969 [DEBUG|PoliceForce/60979243|TestSearchForFire] Time:11
2018-04-15 20:07:59,969 [DEBUG|PoliceForce/60979243|TestRoadDetector] Time:11
2018-04-15 20:08:07,052 [DEBUG|PoliceForce/60979243|TestSearchForFire] Time:12
2018-04-15 20:08:07,052 [DEBUG|PoliceForce/60979243|TestRoadDetector] Time:12
2018-04-15 20:08:13,712 [DEBUG|PoliceForce/60979243|TestSearchForFire] Time:13
2018-04-15 20:08:13,712 [DEBUG|PoliceForce/60979243|TestRoadDetector] Time:13
2018-04-15 20:08:20,236 [DEBUG|PoliceForce/60979243|TestSearchForFire] Time:14
2018-04-15 20:08:20,236 [DEBUG|PoliceForce/60979243|TestRoadDetector] Time:14
2018-04-15 20:08:27,360 [DEBUG|PoliceForce/60979243|TestSearchForFire] Time:15
2018-04-15 20:08:27,360 [DEBUG|PoliceForce/60979243|TestRoadDetector] Time:15
2018-04-15 20:08:34,318 [DEBUG|PoliceForce/60979243|TestSearchForFire] Time:16
2018-04-15 20:08:34,318 [DEBUG|PoliceForce/60979243|TestRoadDetector] Time:16
2018-04-15 20:08:41,305 [DEBUG|PoliceForce/60979243|TestSearchForFire] Time:17
2018-04-15 20:08:41,305 [DEBUG|PoliceForce/60979243|TestRoadDetector] Time:17
2018-04-15 20:08:49,233 [DEBUG|PoliceForce/60979243|TestSearchForFire] Time:18
2018-04-15 20:08:49,233 [DEBUG|PoliceForce/60979243|TestRoadDetector] Time:18
2018-04-15 20:08:55,813 [DEBUG|PoliceForce/60979243|TestSearchForFire] Time:19
2018-04-15 20:08:55,813 [DEBUG|PoliceForce/60979243|TestRoadDetector] Time:19
2018-04-15 20:09:02,479 [DEBUG|PoliceForce/60979243|TestSearchForFire] Time:20
2018-04-15 20:09:02,479 [DEBUG|PoliceForce/60979243|TestRoadDetector] Time:20
2018-04-15 20:09:09,836 [DEBUG|PoliceForce/60979243|TestSearchForFire] Time:21
2018-04-15 20:09:09,836 [DEBUG|PoliceForce/60979243|TestRoadDetector] Time:21
2018-04-15 20:09:16,449 [DEBUG|PoliceForce/60979243|TestSearchForFire] Time:22
2018-04-15 20:09:16,449 [DEBUG|PoliceForce/60979243|TestRoadDetector] Time:22
2018-04-15 20:09:22,580 [DEBUG|PoliceForce/60979243|TestSearchForFire] Time:23
2018-04-15 20:09:22,581 [DEBUG|PoliceForce/60979243|TestRoadDetector] Time:23
2018-04-15 20:09:28,538 [DEBUG|PoliceForce/60979243|TestSearchForFire] Time:24
2018-04-15 20:09:28,538 [DEBUG|PoliceForce/60979243|TestRoadDetector] Time:24
2018-04-15 20:09:28,538 [DEBUG|PoliceForce/60979243|TestRoadDetector] reach to Refuge (18733) reseting target
2018-04-15 20:09:28,538 [DEBUG|PoliceForce/60979243|TestRoadDetector] Targets: []
2018-04-15 20:09:28,538 [DEBUG|PoliceForce/60979243|TestSearchForFire] unsearchedBuildingIDs:[16901, 20363, 11661, 33425, 26132, 24725, 20245, 23958, 24864, 26016, 28839, 33319, 22697, 25515, 28206, 24752, 33200, 10416, 26677, 33338, 26171, 11329, 23877, 34634, 33228, 17229, 13904, 26704, 20306, 16600, 14040, 26074, 35676, 33376, 10336, 22752, 20451, 11876, 33266, 14067, 20597, 20858, 33146, 34042, 22779, 23931, 20478]
2018-04-15 20:09:28,538 [DEBUG|PoliceForce/60979243|TestSearchForFire] best path is:[18733, 18749, 35789, 35924, 35921, 35920, 22795, 22779]
2018-04-15 20:09:28,538 [DEBUG|PoliceForce/60979243|TestSearchForFire] choosed:35920
2018-04-15 20:09:34,376 [DEBUG|PoliceForce/60979243|TestSearchForFire] Time:25
2018-04-15 20:09:34,377 [DEBUG|PoliceForce/60979243|TestRoadDetector] Time:25
2018-04-15 20:09:34,377 [DEBUG|PoliceForce/60979243|TestRoadDetector] Targets: []
2018-04-15 20:09:34,377 [DEBUG|PoliceForce/60979243|TestSearchForFire] unsearchedBuildingIDs:[16901, 20363, 11661, 33425, 26132, 24725, 20245, 23958, 24864, 26016, 28839, 33319, 22697, 25515, 28206, 24752, 33200, 10416, 26677, 33338, 26171, 11329, 23877, 34634, 33228, 17229, 13904, 26704, 20306, 16600, 14040, 26074, 35676, 33376, 10336, 22752, 20451, 11876, 33266, 14067, 20597, 20858, 33146, 34042, 22779, 23931, 20478]
2018-04-15 20:09:34,377 [DEBUG|PoliceForce/60979243|TestSearchForFire] best path is:[35801, 35927, 35926, 35930, 4731, 16917, 16901]
2018-04-15 20:09:34,377 [DEBUG|PoliceForce/60979243|TestSearchForFire] choosed:4731
2018-04-15 20:09:40,440 [DEBUG|PoliceForce/60979243|TestSearchForFire] Time:26
2018-04-15 20:09:40,440 [DEBUG|PoliceForce/60979243|TestRoadDetector] Time:26
2018-04-15 20:09:40,441 [DEBUG|PoliceForce/60979243|TestRoadDetector] Targets: []
2018-04-15 20:09:40,441 [DEBUG|PoliceForce/60979243|TestSearchForFire] unsearchedBuildingIDs:[20363, 11661, 33425, 26132, 24725, 20245, 23958, 24864, 26016, 28839, 33319, 22697, 25515, 28206, 24752, 33200, 10416, 26677, 33338, 11329, 23877, 34634, 33228, 17229, 13904, 26704, 20306, 16600, 14040, 26074, 35676, 33376, 10336, 22752, 20451, 11876, 33266, 14067, 20597, 20858, 33146, 34042, 23931, 20478]
2018-04-15 20:09:40,441 [DEBUG|PoliceForce/60979243|TestSearchForFire] best path is:[35930, 4731, 2382, 7359, 4524, 34584, 6450, 14083, 14067]
2018-04-15 20:09:40,441 [DEBUG|PoliceForce/60979243|TestSearchForFire] choosed:6450
2018-04-15 20:09:46,288 [DEBUG|PoliceForce/60979243|TestSearchForFire] Time:27
2018-04-15 20:09:46,288 [DEBUG|PoliceForce/60979243|TestRoadDetector] Time:27
2018-04-15 20:09:46,289 [DEBUG|PoliceForce/60979243|TestRoadDetector] Targets: []
2018-04-15 20:09:46,289 [DEBUG|PoliceForce/60979243|TestSearchForFire] unsearchedBuildingIDs:[20363, 11661, 33425, 26132, 24725, 20245, 23958, 24864, 26016, 28839, 33319, 22697, 25515, 28206, 24752, 33200, 10416, 26677, 33338, 11329, 34634, 33228, 13904, 16600, 14040, 26074, 33376, 10336, 22752, 11876, 33266, 14067, 20597, 20858, 33146, 34042, 23931]
2018-04-15 20:09:46,289 [DEBUG|PoliceForce/60979243|TestSearchForFire] best path is:[4524, 34584, 6450, 14083, 14067]
2018-04-15 20:09:46,289 [DEBUG|PoliceForce/60979243|TestSearchForFire] choosed:6450
2018-04-15 20:09:52,380 [DEBUG|PoliceForce/60979243|TestSearchForFire] Time:28
2018-04-15 20:09:52,380 [DEBUG|PoliceForce/60979243|TestRoadDetector] Time:28
2018-04-15 20:09:52,381 [DEBUG|PoliceForce/60979243|TestRoadDetector] Targets: []
2018-04-15 20:09:52,381 [DEBUG|PoliceForce/60979243|TestSearchForFire] unsearchedBuildingIDs:[20363, 11661, 33425, 26132, 20245, 23958, 24864, 26016, 28839, 33319, 22697, 25515, 28206, 24752, 33200, 10416, 26677, 33338, 11329, 34634, 33228, 13904, 16600, 14040, 26074, 33376, 10336, 22752, 11876, 33266, 20597, 20858, 33146, 34042, 23931]
2018-04-15 20:09:52,381 [DEBUG|PoliceForce/60979243|TestSearchForFire] best path is:[6450, 33986, 33987, 34623, 20379, 20363]
2018-04-15 20:09:52,381 [DEBUG|PoliceForce/60979243|TestSearchForFire] choosed:34623
2018-04-15 20:09:58,277 [DEBUG|PoliceForce/60979243|TestSearchForFire] Time:29
2018-04-15 20:09:58,277 [DEBUG|PoliceForce/60979243|TestRoadDetector] Time:29
2018-04-15 20:09:58,277 [DEBUG|PoliceForce/60979243|TestRoadDetector] Targets: []
2018-04-15 20:09:58,277 [DEBUG|PoliceForce/60979243|TestSearchForFire] unsearchedBuildingIDs:[11661, 33425, 26132, 20245, 23958, 24864, 28839, 33319, 28206, 24752, 33200, 10416, 33338, 33228, 13904, 16600, 14040, 26074, 33376, 10336, 22752, 11876, 33266, 20597, 33146, 34042, 23931]
2018-04-15 20:09:58,278 [DEBUG|PoliceForce/60979243|TestSearchForFire] best path is:[33987, 2508, 7215, 22768, 22752]
2018-04-15 20:09:58,278 [DEBUG|PoliceForce/60979243|TestSearchForFire] choosed:7215
2018-04-15 20:10:04,104 [DEBUG|PoliceForce/60979243|TestSearchForFire] Time:30
2018-04-15 20:10:04,104 [DEBUG|PoliceForce/60979243|TestRoadDetector] Time:30
2018-04-15 20:10:04,104 [DEBUG|PoliceForce/60979243|TestRoadDetector] Targets: []
2018-04-15 20:10:04,104 [DEBUG|PoliceForce/60979243|TestSearchForFire] unsearchedBuildingIDs:[11661, 33425, 26132, 20245, 23958, 24864, 28839, 33319, 28206, 24752, 33200, 10416, 33338, 33228, 13904, 16600, 14040, 26074, 33376, 10336, 22752, 11876, 33266, 20597, 33146, 34042, 23931]
2018-04-15 20:10:04,105 [DEBUG|PoliceForce/60979243|TestSearchForFire] best path is:[33987, 2508, 7215, 22768, 22752]
2018-04-15 20:10:04,105 [DEBUG|PoliceForce/60979243|TestSearchForFire] choosed:7215
2018-04-15 20:10:09,900 [DEBUG|PoliceForce/60979243|TestSearchForFire] Time:31
2018-04-15 20:10:09,901 [DEBUG|PoliceForce/60979243|TestRoadDetector] Time:31
2018-04-15 20:10:09,901 [DEBUG|PoliceForce/60979243|TestRoadDetector] Targets: []
2018-04-15 20:10:09,901 [DEBUG|PoliceForce/60979243|TestSearchForFire] unsearchedBuildingIDs:[11661, 33425, 26132, 23958, 24864, 28839, 33319, 28206, 24752, 33200, 10416, 33338, 33228, 13904, 16600, 14040, 26074, 33376, 10336, 11876, 33266, 20597, 33146, 34042, 23931]
2018-04-15 20:10:09,901 [DEBUG|PoliceForce/60979243|TestSearchForFire] best path is:[7215, 33969, 34654, 33968, 10432, 10416]
2018-04-15 20:10:09,901 [DEBUG|PoliceForce/60979243|TestSearchForFire] choosed:33968
2018-04-15 20:10:15,491 [DEBUG|PoliceForce/60979243|TestSearchForFire] Time:32
2018-04-15 20:10:15,491 [DEBUG|PoliceForce/60979243|TestRoadDetector] Time:32
2018-04-15 20:10:15,492 [DEBUG|PoliceForce/60979243|TestRoadDetector] Targets: []
2018-04-15 20:10:15,492 [DEBUG|PoliceForce/60979243|TestSearchForFire] unsearchedBuildingIDs:[11661, 33425, 26132, 23958, 24864, 28839, 33319, 28206, 24752, 33200, 10416, 33338, 33228, 13904, 16600, 14040, 26074, 33376, 10336, 11876, 33266, 20597, 33146, 34042, 23931]
2018-04-15 20:10:15,492 [DEBUG|PoliceForce/60979243|TestSearchForFire] best path is:[7215, 33969, 34654, 33968, 10432, 10416]
2018-04-15 20:10:15,492 [DEBUG|PoliceForce/60979243|TestSearchForFire] choosed:33968
2018-04-15 20:10:20,953 [DEBUG|PoliceForce/60979243|TestSearchForFire] Time:33
2018-04-15 20:10:20,954 [DEBUG|PoliceForce/60979243|TestRoadDetector] Time:33
2018-04-15 20:10:20,954 [DEBUG|PoliceForce/60979243|TestRoadDetector] Targets: []
2018-04-15 20:10:20,954 [DEBUG|PoliceForce/60979243|TestSearchForFire] unsearchedBuildingIDs:[11661, 33425, 26132, 23958, 24864, 28839, 33319, 24752, 33200, 10416, 33338, 33228, 13904, 16600, 14040, 26074, 33376, 10336, 11876, 33266, 20597, 33146, 34042, 23931]
2018-04-15 20:10:20,954 [DEBUG|PoliceForce/60979243|TestSearchForFire] best path is:[33968, 10432, 10416]
2018-04-15 20:10:20,954 [DEBUG|PoliceForce/60979243|TestSearchForFire] choosed:33968
2018-04-15 20:10:26,453 [DEBUG|PoliceForce/60979243|TestSearchForFire] Time:34
2018-04-15 20:10:26,453 [DEBUG|PoliceForce/60979243|TestRoadDetector] Time:34
2018-04-15 20:10:26,453 [DEBUG|PoliceForce/60979243|TestRoadDetector] Targets: []
2018-04-15 20:10:26,453 [DEBUG|PoliceForce/60979243|TestSearchForFire] unsearchedBuildingIDs:[11661, 33425, 26132, 23958, 24864, 28839, 33319, 24752, 33200, 10416, 33338, 33228, 13904, 16600, 14040, 26074, 33376, 10336, 11876, 33266, 20597, 33146, 34042, 23931]
2018-04-15 20:10:26,453 [DEBUG|PoliceForce/60979243|TestSearchForFire] best path is:[33968, 10432, 10416]
2018-04-15 20:10:26,453 [DEBUG|PoliceForce/60979243|TestSearchForFire] choosed:33968
2018-04-15 20:10:31,833 [DEBUG|PoliceForce/60979243|TestSearchForFire] Time:35
2018-04-15 20:10:31,833 [DEBUG|PoliceForce/60979243|TestRoadDetector] Time:35
2018-04-15 20:10:31,833 [DEBUG|PoliceForce/60979243|TestRoadDetector] Targets: []
2018-04-15 20:10:31,833 [DEBUG|PoliceForce/60979243|TestSearchForFire] unsearchedBuildingIDs:[11661, 33425, 26132, 23958, 24864, 28839, 33319, 24752, 33200, 10416, 33338, 33228, 13904, 16600, 14040, 26074, 33376, 10336, 11876, 33266, 20597, 33146, 34042, 23931]
2018-04-15 20:10:31,833 [DEBUG|PoliceForce/60979243|TestSearchForFire] best path is:[33968, 10432, 10416]
2018-04-15 20:10:31,833 [DEBUG|PoliceForce/60979243|TestSearchForFire] choosed:33968
2018-04-15 20:10:37,576 [DEBUG|PoliceForce/60979243|TestSearchForFire] Time:36
2018-04-15 20:10:37,577 [DEBUG|PoliceForce/60979243|TestRoadDetector] Time:36
2018-04-15 20:10:37,577 [DEBUG|PoliceForce/60979243|TestRoadDetector] Targets: []
2018-04-15 20:10:37,577 [DEBUG|PoliceForce/60979243|TestSearchForFire] unsearchedBuildingIDs:[11661, 33425, 26132, 23958, 24864, 28839, 33319, 24752, 33200, 10416, 33338, 33228, 13904, 16600, 14040, 26074, 33376, 10336, 11876, 33266, 20597, 33146, 34042, 23931]
2018-04-15 20:10:37,577 [DEBUG|PoliceForce/60979243|TestSearchForFire] best path is:[33968, 10432, 10416]
2018-04-15 20:10:37,577 [DEBUG|PoliceForce/60979243|TestSearchForFire] choosed:33968
2018-04-15 20:10:42,735 [DEBUG|PoliceForce/60979243|TestSearchForFire] Time:37
2018-04-15 20:10:42,735 [DEBUG|PoliceForce/60979243|TestRoadDetector] Time:37
2018-04-15 20:10:42,735 [DEBUG|PoliceForce/60979243|TestRoadDetector] Targets: []
2018-04-15 20:10:42,735 [DEBUG|PoliceForce/60979243|TestSearchForFire] unsearchedBuildingIDs:[11661, 33425, 26132, 23958, 24864, 28839, 33319, 24752, 33200, 33338, 33228, 13904, 16600, 14040, 26074, 33376, 10336, 11876, 33266, 20597, 33146, 34042, 23931]
2018-04-15 20:10:42,736 [DEBUG|PoliceForce/60979243|TestSearchForFire] best path is:[33968, 7746, 16616, 16600]
2018-04-15 20:10:42,736 [DEBUG|PoliceForce/60979243|TestSearchForFire] choosed:7746
2018-04-15 20:10:47,956 [DEBUG|PoliceForce/60979243|TestSearchForFire] Time:38
2018-04-15 20:10:47,956 [DEBUG|PoliceForce/60979243|TestRoadDetector] Time:38
2018-04-15 20:10:47,957 [DEBUG|PoliceForce/60979243|TestRoadDetector] Targets: []
2018-04-15 20:10:47,957 [DEBUG|PoliceForce/60979243|TestSearchForFire] unsearchedBuildingIDs:[11661, 33425, 26132, 23958, 24864, 28839, 33319, 24752, 33200, 33338, 33228, 13904, 16600, 14040, 26074, 33376, 10336, 11876, 33266, 20597, 33146, 34042, 23931]
2018-04-15 20:10:47,957 [DEBUG|PoliceForce/60979243|TestSearchForFire] best path is:[33968, 7746, 16616, 16600]
2018-04-15 20:10:47,957 [DEBUG|PoliceForce/60979243|TestSearchForFire] choosed:7746
2018-04-15 20:10:53,124 [DEBUG|PoliceForce/60979243|TestSearchForFire] Time:39
2018-04-15 20:10:53,124 [DEBUG|PoliceForce/60979243|TestRoadDetector] Time:39
2018-04-15 20:10:53,124 [DEBUG|PoliceForce/60979243|TestRoadDetector] Targets: []
2018-04-15 20:10:53,124 [DEBUG|PoliceForce/60979243|TestSearchForFire] unsearchedBuildingIDs:[11661, 33425, 26132, 23958, 24864, 28839, 33319, 24752, 33200, 33338, 33228, 13904, 16600, 14040, 26074, 33376, 10336, 11876, 33266, 20597, 33146, 34042, 23931]
2018-04-15 20:10:53,124 [DEBUG|PoliceForce/60979243|TestSearchForFire] best path is:[33968, 7746, 16616, 16600]
2018-04-15 20:10:53,124 [DEBUG|PoliceForce/60979243|TestSearchForFire] choosed:7746
2018-04-15 20:10:58,240 [DEBUG|PoliceForce/60979243|TestSearchForFire] Time:40
2018-04-15 20:10:58,240 [DEBUG|PoliceForce/60979243|TestRoadDetector] Time:40
2018-04-15 20:10:58,241 [DEBUG|PoliceForce/60979243|TestRoadDetector] Targets: []
2018-04-15 20:10:58,241 [DEBUG|PoliceForce/60979243|TestSearchForFire] unsearchedBuildingIDs:[11661, 33425, 26132, 23958, 24864, 28839, 33319, 33200, 33338, 33228, 13904, 14040, 26074, 33376, 10336, 11876, 33266, 20597, 33146, 34042, 23931]
2018-04-15 20:10:58,241 [DEBUG|PoliceForce/60979243|TestSearchForFire] best path is:[33968, 8925, 5766, 4128, 4173, 352, 4155, 33357, 4956, 11677, 11661]
2018-04-15 20:10:58,241 [DEBUG|PoliceForce/60979243|TestSearchForFire] choosed:4956
2018-04-15 20:11:03,294 [DEBUG|PoliceForce/60979243|TestSearchForFire] Time:41
2018-04-15 20:11:03,294 [DEBUG|PoliceForce/60979243|TestRoadDetector] Time:41
2018-04-15 20:11:03,295 [DEBUG|PoliceForce/60979243|TestRoadDetector] Targets: []
2018-04-15 20:11:03,295 [DEBUG|PoliceForce/60979243|TestSearchForFire] unsearchedBuildingIDs:[11661, 33425, 26132, 23958, 24864, 28839, 33319, 33200, 33338, 33228, 13904, 14040, 26074, 33376, 10336, 11876, 33266, 20597, 33146, 34042, 23931]
2018-04-15 20:11:03,296 [DEBUG|PoliceForce/60979243|TestSearchForFire] best path is:[33968, 8925, 5766, 4128, 4173, 352, 4155, 33357, 4956, 11677, 11661]
2018-04-15 20:11:03,296 [DEBUG|PoliceForce/60979243|TestSearchForFire] choosed:4956
2018-04-15 20:11:08,147 [DEBUG|PoliceForce/60979243|TestSearchForFire] Time:42
2018-04-15 20:11:08,147 [DEBUG|PoliceForce/60979243|TestRoadDetector] Time:42
2018-04-15 20:11:08,147 [DEBUG|PoliceForce/60979243|TestRoadDetector] Targets: []
2018-04-15 20:11:08,147 [DEBUG|PoliceForce/60979243|TestSearchForFire] unsearchedBuildingIDs:[11661, 33425, 26132, 23958, 24864, 28839, 33319, 33200, 33338, 33228, 13904, 14040, 26074, 33376, 10336, 11876, 33266, 20597, 33146, 34042, 23931]
2018-04-15 20:11:08,147 [DEBUG|PoliceForce/60979243|TestSearchForFire] best path is:[33968, 8925, 5766, 4128, 4173, 352, 4155, 33357, 4956, 11677, 11661]
2018-04-15 20:11:08,147 [DEBUG|PoliceForce/60979243|TestSearchForFire] choosed:4956
2018-04-15 20:11:13,284 [DEBUG|PoliceForce/60979243|TestSearchForFire] Time:43
2018-04-15 20:11:13,284 [DEBUG|PoliceForce/60979243|TestRoadDetector] Time:43
2018-04-15 20:11:13,284 [DEBUG|PoliceForce/60979243|TestRoadDetector] Targets: []
2018-04-15 20:11:13,284 [DEBUG|PoliceForce/60979243|TestSearchForFire] unsearchedBuildingIDs:[11661, 33425, 26132, 23958, 24864, 28839, 33319, 33200, 33338, 33228, 13904, 14040, 26074, 33376, 10336, 11876, 33266, 20597, 33146, 34042, 23931]
2018-04-15 20:11:13,285 [DEBUG|PoliceForce/60979243|TestSearchForFire] best path is:[33968, 8925, 5766, 4128, 4173, 352, 4155, 33357, 4956, 11677, 11661]
2018-04-15 20:11:13,285 [DEBUG|PoliceForce/60979243|TestSearchForFire] choosed:4956
2018-04-15 20:11:18,169 [DEBUG|PoliceForce/60979243|TestSearchForFire] Time:44
2018-04-15 20:11:18,170 [DEBUG|PoliceForce/60979243|TestRoadDetector] Time:44
2018-04-15 20:11:18,171 [DEBUG|PoliceForce/60979243|TestRoadDetector] Targets: []
2018-04-15 20:11:18,171 [DEBUG|PoliceForce/60979243|TestSearchForFire] unsearchedBuildingIDs:[11661, 33425, 26132, 23958, 24864, 28839, 33319, 33200, 33338, 33228, 13904, 14040, 26074, 33376, 10336, 11876, 33266, 20597, 33146, 34042, 23931]
2018-04-15 20:11:18,172 [DEBUG|PoliceForce/60979243|TestSearchForFire] best path is:[8925, 5766, 4128, 4173, 352, 4155, 33357, 4956, 11677, 11661]
2018-04-15 20:11:18,172 [DEBUG|PoliceForce/60979243|TestSearchForFire] choosed:4956
2018-04-15 20:11:23,572 [DEBUG|PoliceForce/60979243|TestSearchForFire] Time:45
2018-04-15 20:11:23,572 [DEBUG|PoliceForce/60979243|TestRoadDetector] Time:45
2018-04-15 20:11:23,573 [DEBUG|PoliceForce/60979243|TestRoadDetector] Targets: []
2018-04-15 20:11:23,573 [DEBUG|PoliceForce/60979243|TestSearchForFire] unsearchedBuildingIDs:[33425, 26132, 23958, 24864, 28839, 33319, 33200, 33338, 33228, 13904, 14040, 26074, 10336, 11876, 33266, 20597, 33146, 34042, 23931]
2018-04-15 20:11:23,573 [DEBUG|PoliceForce/60979243|TestSearchForFire] best path is:[4155, 33357, 4956, 33156, 33146]
2018-04-15 20:11:23,573 [DEBUG|PoliceForce/60979243|TestSearchForFire] choosed:4956
2018-04-15 20:11:28,516 [DEBUG|PoliceForce/60979243|TestSearchForFire] Time:46
2018-04-15 20:11:28,516 [DEBUG|PoliceForce/60979243|TestRoadDetector] Time:46
2018-04-15 20:11:28,517 [DEBUG|PoliceForce/60979243|TestRoadDetector] Targets: []
2018-04-15 20:11:28,517 [DEBUG|PoliceForce/60979243|TestSearchForFire] unsearchedBuildingIDs:[33425, 26132, 24864, 33319, 33338, 33228, 13904, 14040, 26074, 10336, 33266, 34042, 23931]
2018-04-15 20:11:28,517 [DEBUG|PoliceForce/60979243|TestSearchForFire] best path is:[4956, 33169, 33179, 33190, 33191, 33276, 33266]
2018-04-15 20:11:28,517 [DEBUG|PoliceForce/60979243|TestSearchForFire] choosed:33191
2018-04-15 20:11:33,294 [DEBUG|PoliceForce/60979243|TestSearchForFire] Time:47
2018-04-15 20:11:33,294 [DEBUG|PoliceForce/60979243|TestRoadDetector] Time:47
2018-04-15 20:11:33,294 [DEBUG|PoliceForce/60979243|TestRoadDetector] Targets: []
2018-04-15 20:11:33,294 [DEBUG|PoliceForce/60979243|TestSearchForFire] unsearchedBuildingIDs:[33425, 26132, 24864, 33319, 13904, 14040, 26074, 10336, 34042, 23931]
2018-04-15 20:11:33,295 [DEBUG|PoliceForce/60979243|TestSearchForFire] best path is:[33179, 33190, 33191, 33234, 33282, 33431, 33447, 33425]
2018-04-15 20:11:33,295 [DEBUG|PoliceForce/60979243|TestSearchForFire] choosed:33431
2018-04-15 20:11:38,192 [DEBUG|PoliceForce/60979243|TestSearchForFire] Time:48
2018-04-15 20:11:38,192 [DEBUG|PoliceForce/60979243|TestRoadDetector] Time:48
2018-04-15 20:11:38,193 [DEBUG|PoliceForce/60979243|TestRoadDetector] Targets: []
2018-04-15 20:11:38,193 [DEBUG|PoliceForce/60979243|TestSearchForFire] unsearchedBuildingIDs:[26132, 24864, 13904, 14040, 26074, 10336, 23931]
2018-04-15 20:11:38,194 [DEBUG|PoliceForce/60979243|TestSearchForFire] best path is:[33282, 33234, 33191, 33190, 33179, 33169, 4956, 33357, 4155, 352, 4173, 4128, 5766, 8925, 33968, 34654, 33969, 7215, 2508, 33987, 34623, 34635, 34002, 34001, 34008, 34022, 35366, 6369, 8736, 26148, 26132]
2018-04-15 20:11:38,194 [DEBUG|PoliceForce/60979243|TestSearchForFire] choosed:8736
2018-04-15 20:11:42,836 [DEBUG|PoliceForce/60979243|TestSearchForFire] Time:49
2018-04-15 20:11:42,837 [DEBUG|PoliceForce/60979243|TestRoadDetector] Time:49
2018-04-15 20:11:42,837 [DEBUG|PoliceForce/60979243|TestRoadDetector] Targets: []
2018-04-15 20:11:42,837 [DEBUG|PoliceForce/60979243|TestSearchForFire] unsearchedBuildingIDs:[26132, 24864, 13904, 14040, 26074, 10336, 23931]
2018-04-15 20:11:42,838 [DEBUG|PoliceForce/60979243|TestSearchForFire] best path is:[33190, 33179, 33169, 4956, 33357, 4155, 352, 4173, 4128, 5766, 8925, 33968, 34654, 33969, 7215, 2508, 33987, 34623, 34635, 34002, 34001, 34008, 34022, 35366, 6369, 8736, 26148, 26132]
2018-04-15 20:11:42,838 [DEBUG|PoliceForce/60979243|TestSearchForFire] choosed:8736
2018-04-15 20:11:47,704 [DEBUG|PoliceForce/60979243|TestSearchForFire] Time:50
2018-04-15 20:11:47,704 [DEBUG|PoliceForce/60979243|TestRoadDetector] Time:50
2018-04-15 20:11:47,704 [DEBUG|PoliceForce/60979243|TestRoadDetector] Targets: []
2018-04-15 20:11:47,705 [DEBUG|PoliceForce/60979243|TestSearchForFire] unsearchedBuildingIDs:[26132, 24864, 13904, 14040, 26074, 10336, 23931]
2018-04-15 20:11:47,705 [DEBUG|PoliceForce/60979243|TestSearchForFire] best path is:[4956, 33357, 4155, 352, 4173, 4128, 5766, 8925, 33968, 34654, 33969, 7215, 2508, 33987, 34623, 34635, 34002, 34001, 34008, 34022, 35366, 6369, 8736, 26148, 26132]
2018-04-15 20:11:47,705 [DEBUG|PoliceForce/60979243|TestSearchForFire] choosed:8736
2018-04-15 20:11:52,312 [DEBUG|PoliceForce/60979243|TestSearchForFire] Time:51
2018-04-15 20:11:52,312 [DEBUG|PoliceForce/60979243|TestRoadDetector] Time:51
2018-04-15 20:11:52,313 [DEBUG|PoliceForce/60979243|TestRoadDetector] Targets: []
2018-04-15 20:11:52,314 [DEBUG|PoliceForce/60979243|TestSearchForFire] unsearchedBuildingIDs:[26132, 24864, 13904, 14040, 26074, 10336, 23931]
2018-04-15 20:11:52,315 [DEBUG|PoliceForce/60979243|TestSearchForFire] best path is:[4956, 33357, 4155, 352, 4173, 4128, 5766, 8925, 33968, 34654, 33969, 7215, 2508, 33987, 34623, 34635, 34002, 34001, 34008, 34022, 35366, 6369, 8736, 26148, 26132]
2018-04-15 20:11:52,315 [DEBUG|PoliceForce/60979243|TestSearchForFire] choosed:8736
2018-04-15 20:11:56,767 [DEBUG|PoliceForce/60979243|TestSearchForFire] Time:52
2018-04-15 20:11:56,767 [DEBUG|PoliceForce/60979243|TestRoadDetector] Time:52
2018-04-15 20:11:56,768 [DEBUG|PoliceForce/60979243|TestRoadDetector] Targets: []
2018-04-15 20:11:56,768 [DEBUG|PoliceForce/60979243|TestSearchForFire] unsearchedBuildingIDs:[26132, 24864, 13904, 14040, 26074, 10336, 23931]
2018-04-15 20:11:56,768 [DEBUG|PoliceForce/60979243|TestSearchForFire] best path is:[4155, 352, 4173, 4128, 5766, 8925, 33968, 34654, 33969, 7215, 2508, 33987, 34623, 34635, 34002, 34001, 34008, 34022, 35366, 6369, 8736, 26148, 26132]
2018-04-15 20:11:56,768 [DEBUG|PoliceForce/60979243|TestSearchForFire] choosed:8736
2018-04-15 20:12:01,221 [DEBUG|PoliceForce/60979243|TestSearchForFire] Time:53
2018-04-15 20:12:01,221 [DEBUG|PoliceForce/60979243|TestRoadDetector] Time:53
2018-04-15 20:12:01,221 [DEBUG|PoliceForce/60979243|TestRoadDetector] Targets: []
2018-04-15 20:12:01,221 [DEBUG|PoliceForce/60979243|TestSearchForFire] unsearchedBuildingIDs:[26132, 24864, 13904, 14040, 26074, 10336, 23931]
2018-04-15 20:12:01,221 [DEBUG|PoliceForce/60979243|TestSearchForFire] best path is:[34654, 33969, 7215, 2508, 33987, 34623, 34635, 34002, 34001, 34008, 34022, 35366, 6369, 8736, 26148, 26132]
2018-04-15 20:12:01,221 [DEBUG|PoliceForce/60979243|TestSearchForFire] choosed:8736
2018-04-15 20:12:05,788 [DEBUG|PoliceForce/60979243|TestSearchForFire] Time:54
2018-04-15 20:12:05,789 [DEBUG|PoliceForce/60979243|TestRoadDetector] Time:54
2018-04-15 20:12:05,789 [DEBUG|PoliceForce/60979243|TestRoadDetector] Targets: []
2018-04-15 20:12:05,789 [DEBUG|PoliceForce/60979243|TestSearchForFire] unsearchedBuildingIDs:[14040, 26074, 10336, 23931]
2018-04-15 20:12:05,790 [DEBUG|PoliceForce/60979243|TestSearchForFire] best path is:[34001, 34002, 34635, 34623, 33987, 2508, 7215, 33969, 34654, 33968, 7746, 5028, 8376, 2544, 14056, 14040]
2018-04-15 20:12:05,790 [DEBUG|PoliceForce/60979243|TestSearchForFire] choosed:2544
2018-04-15 20:12:10,237 [DEBUG|PoliceForce/60979243|TestSearchForFire] Time:55
2018-04-15 20:12:10,237 [DEBUG|PoliceForce/60979243|TestRoadDetector] Time:55
2018-04-15 20:12:10,238 [DEBUG|PoliceForce/60979243|TestRoadDetector] Targets: []
2018-04-15 20:12:10,238 [DEBUG|PoliceForce/60979243|TestSearchForFire] unsearchedBuildingIDs:[14040, 26074, 10336, 23931]
2018-04-15 20:12:10,238 [DEBUG|PoliceForce/60979243|TestSearchForFire] best path is:[7215, 33969, 34654, 33968, 7746, 5028, 8376, 2544, 14056, 14040]
2018-04-15 20:12:10,238 [DEBUG|PoliceForce/60979243|TestSearchForFire] choosed:2544
2018-04-15 20:12:14,822 [DEBUG|PoliceForce/60979243|TestSearchForFire] Time:56
2018-04-15 20:12:14,822 [DEBUG|PoliceForce/60979243|TestRoadDetector] Time:56
2018-04-15 20:12:14,823 [DEBUG|PoliceForce/60979243|TestRoadDetector] Targets: []
2018-04-15 20:12:14,823 [DEBUG|PoliceForce/60979243|TestSearchForFire] unsearchedBuildingIDs:[14040, 26074, 10336, 23931]
2018-04-15 20:12:14,824 [DEBUG|PoliceForce/60979243|TestSearchForFire] best path is:[8925, 33968, 7746, 5028, 8376, 2544, 14056, 14040]
2018-04-15 20:12:14,824 [DEBUG|PoliceForce/60979243|TestSearchForFire] choosed:2544
2018-04-15 20:12:25,192 [DEBUG|PoliceForce/60979243|TestSearchForFire] Time:57
2018-04-15 20:12:25,192 [DEBUG|PoliceForce/60979243|TestRoadDetector] Time:57
2018-04-15 20:12:25,192 [DEBUG|PoliceForce/60979243|TestRoadDetector] Targets: []
2018-04-15 20:12:25,192 [DEBUG|PoliceForce/60979243|TestSearchForFire] unsearchedBuildingIDs:[14040, 26074, 10336, 23931]
2018-04-15 20:12:25,193 [DEBUG|PoliceForce/60979243|TestSearchForFire] best path is:[8925, 33968, 7746, 5028, 8376, 2544, 14056, 14040]
2018-04-15 20:12:25,193 [DEBUG|PoliceForce/60979243|TestSearchForFire] choosed:2544
2018-04-15 20:12:25,376 [DEBUG|PoliceForce/60979243|TestSearchForFire] Time:58
2018-04-15 20:12:25,376 [DEBUG|PoliceForce/60979243|TestRoadDetector] Time:58
2018-04-15 20:12:25,377 [DEBUG|PoliceForce/60979243|TestRoadDetector] Targets: []
2018-04-15 20:12:25,377 [DEBUG|PoliceForce/60979243|TestSearchForFire] unsearchedBuildingIDs:[14040, 26074, 10336, 23931]
2018-04-15 20:12:25,377 [DEBUG|PoliceForce/60979243|TestSearchForFire] best path is:[8925, 33968, 7746, 5028, 8376, 2544, 14056, 14040]
2018-04-15 20:12:25,377 [DEBUG|PoliceForce/60979243|TestSearchForFire] choosed:2544
2018-04-15 20:12:29,877 [DEBUG|PoliceForce/60979243|TestSearchForFire] Time:59
2018-04-15 20:12:29,877 [DEBUG|PoliceForce/60979243|TestRoadDetector] Time:59
2018-04-15 20:12:29,877 [DEBUG|PoliceForce/60979243|TestRoadDetector] Targets: []
2018-04-15 20:12:29,877 [DEBUG|PoliceForce/60979243|TestSearchForFire] unsearchedBuildingIDs:[14040, 26074, 10336, 23931]
2018-04-15 20:12:29,877 [DEBUG|PoliceForce/60979243|TestSearchForFire] best path is:[33968, 7746, 5028, 8376, 2544, 14056, 14040]
2018-04-15 20:12:29,878 [DEBUG|PoliceForce/60979243|TestSearchForFire] choosed:2544
2018-04-15 20:12:34,197 [DEBUG|PoliceForce/60979243|TestSearchForFire] Time:60
2018-04-15 20:12:34,198 [DEBUG|PoliceForce/60979243|TestRoadDetector] Time:60
2018-04-15 20:12:34,198 [DEBUG|PoliceForce/60979243|TestRoadDetector] Targets: []
2018-04-15 20:12:34,198 [DEBUG|PoliceForce/60979243|TestSearchForFire] unsearchedBuildingIDs:[14040, 26074, 10336, 23931]
2018-04-15 20:12:34,198 [DEBUG|PoliceForce/60979243|TestSearchForFire] best path is:[33968, 7746, 5028, 8376, 2544, 14056, 14040]
2018-04-15 20:12:34,198 [DEBUG|PoliceForce/60979243|TestSearchForFire] choosed:2544
2018-04-15 20:12:38,392 [DEBUG|PoliceForce/60979243|TestSearchForFire] Time:61
2018-04-15 20:12:38,392 [DEBUG|PoliceForce/60979243|TestRoadDetector] Time:61
2018-04-15 20:12:38,393 [DEBUG|PoliceForce/60979243|TestRoadDetector] Targets: []
2018-04-15 20:12:38,393 [DEBUG|PoliceForce/60979243|TestSearchForFire] unsearchedBuildingIDs:[14040, 26074, 10336, 23931]
2018-04-15 20:12:38,393 [DEBUG|PoliceForce/60979243|TestSearchForFire] best path is:[33968, 7746, 5028, 8376, 2544, 14056, 14040]
2018-04-15 20:12:38,393 [DEBUG|PoliceForce/60979243|TestSearchForFire] choosed:2544
2018-04-15 20:12:42,228 [DEBUG|PoliceForce/60979243|TestSearchForFire] Time:62
2018-04-15 20:12:42,228 [DEBUG|PoliceForce/60979243|TestRoadDetector] Time:62
2018-04-15 20:12:42,228 [DEBUG|PoliceForce/60979243|TestRoadDetector] Targets: []
2018-04-15 20:12:42,229 [DEBUG|PoliceForce/60979243|TestSearchForFire] unsearchedBuildingIDs:[14040, 26074, 10336, 23931]
2018-04-15 20:12:42,229 [DEBUG|PoliceForce/60979243|TestSearchForFire] best path is:[33968, 7746, 5028, 8376, 2544, 14056, 14040]
2018-04-15 20:12:42,229 [DEBUG|PoliceForce/60979243|TestSearchForFire] choosed:2544
2018-04-15 20:12:46,252 [DEBUG|PoliceForce/60979243|TestSearchForFire] Time:63
2018-04-15 20:12:46,252 [DEBUG|PoliceForce/60979243|TestRoadDetector] Time:63
2018-04-15 20:12:46,253 [DEBUG|PoliceForce/60979243|TestRoadDetector] Targets: []
2018-04-15 20:12:46,253 [DEBUG|PoliceForce/60979243|TestSearchForFire] unsearchedBuildingIDs:[14040, 26074, 10336, 23931]
2018-04-15 20:12:46,253 [DEBUG|PoliceForce/60979243|TestSearchForFire] best path is:[7746, 5028, 8376, 2544, 14056, 14040]
2018-04-15 20:12:46,253 [DEBUG|PoliceForce/60979243|TestSearchForFire] choosed:2544
2018-04-15 20:12:50,272 [DEBUG|PoliceForce/60979243|TestSearchForFire] Time:64
2018-04-15 20:12:50,272 [DEBUG|PoliceForce/60979243|TestRoadDetector] Time:64
2018-04-15 20:12:50,272 [DEBUG|PoliceForce/60979243|TestRoadDetector] Targets: []
2018-04-15 20:12:50,272 [DEBUG|PoliceForce/60979243|TestSearchForFire] unsearchedBuildingIDs:[14040, 26074, 10336, 23931]
2018-04-15 20:12:50,272 [DEBUG|PoliceForce/60979243|TestSearchForFire] best path is:[7746, 5028, 8376, 2544, 14056, 14040]
2018-04-15 20:12:50,272 [DEBUG|PoliceForce/60979243|TestSearchForFire] choosed:2544
2018-04-15 20:12:54,416 [DEBUG|PoliceForce/60979243|TestSearchForFire] Time:65
2018-04-15 20:12:54,416 [DEBUG|PoliceForce/60979243|TestRoadDetector] Time:65
2018-04-15 20:12:54,416 [DEBUG|PoliceForce/60979243|TestRoadDetector] Targets: []
2018-04-15 20:12:54,416 [DEBUG|PoliceForce/60979243|TestSearchForFire] unsearchedBuildingIDs:[14040, 26074, 10336, 23931]
2018-04-15 20:12:54,416 [DEBUG|PoliceForce/60979243|TestSearchForFire] best path is:[7746, 5028, 8376, 2544, 14056, 14040]
2018-04-15 20:12:54,416 [DEBUG|PoliceForce/60979243|TestSearchForFire] choosed:2544
2018-04-15 20:12:58,716 [DEBUG|PoliceForce/60979243|TestSearchForFire] Time:66
2018-04-15 20:12:58,716 [DEBUG|PoliceForce/60979243|TestRoadDetector] Time:66
2018-04-15 20:12:58,717 [DEBUG|PoliceForce/60979243|TestRoadDetector] Targets: []
2018-04-15 20:12:58,717 [DEBUG|PoliceForce/60979243|TestSearchForFire] unsearchedBuildingIDs:[14040, 10336, 23931]
2018-04-15 20:12:58,717 [DEBUG|PoliceForce/60979243|TestSearchForFire] best path is:[5028, 8376, 2544, 14056, 14040]
2018-04-15 20:12:58,717 [DEBUG|PoliceForce/60979243|TestSearchForFire] choosed:2544
2018-04-15 20:13:02,776 [DEBUG|PoliceForce/60979243|TestSearchForFire] Time:67
2018-04-15 20:13:02,777 [DEBUG|PoliceForce/60979243|TestRoadDetector] Time:67
2018-04-15 20:13:02,777 [DEBUG|PoliceForce/60979243|TestRoadDetector] Targets: []
2018-04-15 20:13:02,778 [DEBUG|PoliceForce/60979243|TestSearchForFire] unsearchedBuildingIDs:[10336, 23931]
2018-04-15 20:13:02,780 [DEBUG|PoliceForce/60979243|TestSearchForFire] best path is:[8376, 2544, 6945, 35918, 35920, 35923, 35926, 35930, 35932, 33064, 34588, 35983, 35982, 35979, 4209, 1609, 7287, 4479, 33449, 35989, 35990, 14475, 14459, 34710, 10336]
2018-04-15 20:13:02,780 [DEBUG|PoliceForce/60979243|TestSearchForFire] choosed:14459
2018-04-15 20:13:06,885 [DEBUG|PoliceForce/60979243|TestSearchForFire] Time:68
2018-04-15 20:13:06,885 [DEBUG|PoliceForce/60979243|TestRoadDetector] Time:68
2018-04-15 20:13:06,885 [DEBUG|PoliceForce/60979243|TestRoadDetector] Targets: []
2018-04-15 20:13:06,886 [DEBUG|PoliceForce/60979243|TestSearchForFire] unsearchedBuildingIDs:[10336, 23931]
2018-04-15 20:13:06,889 [DEBUG|PoliceForce/60979243|TestSearchForFire] best path is:[8376, 2544, 6945, 35918, 35920, 35923, 35926, 35930, 35932, 33064, 34588, 35983, 35982, 35979, 4209, 1609, 7287, 4479, 33449, 35989, 35990, 14475, 14459, 34710, 10336]
2018-04-15 20:13:06,889 [DEBUG|PoliceForce/60979243|TestSearchForFire] choosed:14459
2018-04-15 20:13:10,816 [DEBUG|PoliceForce/60979243|TestSearchForFire] Time:69
2018-04-15 20:13:10,816 [DEBUG|PoliceForce/60979243|TestRoadDetector] Time:69
2018-04-15 20:13:10,817 [DEBUG|PoliceForce/60979243|TestRoadDetector] Targets: []
2018-04-15 20:13:10,817 [DEBUG|PoliceForce/60979243|TestSearchForFire] unsearchedBuildingIDs:[10336, 23931]
2018-04-15 20:13:10,818 [DEBUG|PoliceForce/60979243|TestSearchForFire] best path is:[35918, 35920, 35923, 35926, 35930, 35932, 33064, 34588, 35983, 35982, 35979, 4209, 1609, 7287, 4479, 33449, 35989, 35990, 14475, 14459, 34710, 10336]
2018-04-15 20:13:10,818 [DEBUG|PoliceForce/60979243|TestSearchForFire] choosed:14459
2018-04-15 20:13:14,702 [DEBUG|PoliceForce/60979243|TestSearchForFire] Time:70
2018-04-15 20:13:14,702 [DEBUG|PoliceForce/60979243|TestRoadDetector] Time:70
2018-04-15 20:13:14,703 [DEBUG|PoliceForce/60979243|TestRoadDetector] Targets: []
2018-04-15 20:13:14,703 [DEBUG|PoliceForce/60979243|TestSearchForFire] unsearchedBuildingIDs:[10336, 23931]
2018-04-15 20:13:14,704 [DEBUG|PoliceForce/60979243|TestSearchForFire] best path is:[35926, 35930, 35932, 33064, 34588, 35983, 35982, 35979, 4209, 1609, 7287, 4479, 33449, 35989, 35990, 14475, 14459, 34710, 10336]
2018-04-15 20:13:14,704 [DEBUG|PoliceForce/60979243|TestSearchForFire] choosed:14459
2018-04-15 20:13:18,468 [DEBUG|PoliceForce/60979243|TestSearchForFire] Time:71
2018-04-15 20:13:18,468 [DEBUG|PoliceForce/60979243|TestRoadDetector] Time:71
2018-04-15 20:13:18,468 [DEBUG|PoliceForce/60979243|TestRoadDetector] Targets: []
2018-04-15 20:13:18,468 [DEBUG|PoliceForce/60979243|TestSearchForFire] unsearchedBuildingIDs:[10336, 23931]
2018-04-15 20:13:18,469 [DEBUG|PoliceForce/60979243|TestSearchForFire] best path is:[33064, 34588, 35983, 35982, 35979, 4209, 1609, 7287, 4479, 33449, 35989, 35990, 14475, 14459, 34710, 10336]
2018-04-15 20:13:18,469 [DEBUG|PoliceForce/60979243|TestSearchForFire] choosed:14459
2018-04-15 20:13:22,396 [DEBUG|PoliceForce/60979243|TestSearchForFire] Time:72
2018-04-15 20:13:22,396 [DEBUG|PoliceForce/60979243|TestRoadDetector] Time:72
2018-04-15 20:13:22,396 [DEBUG|PoliceForce/60979243|TestRoadDetector] Targets: []
2018-04-15 20:13:22,397 [DEBUG|PoliceForce/60979243|TestSearchForFire] unsearchedBuildingIDs:[10336, 23931]
2018-04-15 20:13:22,397 [DEBUG|PoliceForce/60979243|TestSearchForFire] best path is:[35983, 35982, 35979, 4209, 1609, 7287, 4479, 33449, 35989, 35990, 14475, 14459, 34710, 10336]
2018-04-15 20:13:22,397 [DEBUG|PoliceForce/60979243|TestSearchForFire] choosed:14459
2018-04-15 20:13:26,144 [DEBUG|PoliceForce/60979243|TestSearchForFire] Time:73
2018-04-15 20:13:26,144 [DEBUG|PoliceForce/60979243|TestRoadDetector] Time:73
2018-04-15 20:13:26,145 [DEBUG|PoliceForce/60979243|TestRoadDetector] Targets: []
2018-04-15 20:13:26,145 [DEBUG|PoliceForce/60979243|TestSearchForFire] unsearchedBuildingIDs:[10336, 23931]
2018-04-15 20:13:26,145 [DEBUG|PoliceForce/60979243|TestSearchForFire] best path is:[4479, 33449, 35989, 35990, 14475, 14459, 34710, 10336]
2018-04-15 20:13:26,145 [DEBUG|PoliceForce/60979243|TestSearchForFire] choosed:14459
2018-04-15 20:13:29,844 [DEBUG|PoliceForce/60979243|TestSearchForFire] Time:74
2018-04-15 20:13:29,845 [DEBUG|PoliceForce/60979243|TestRoadDetector] Time:74
2018-04-15 20:13:29,845 [DEBUG|PoliceForce/60979243|TestRoadDetector] Targets: []
2018-04-15 20:13:29,845 [DEBUG|PoliceForce/60979243|TestSearchForFire] unsearchedBuildingIDs:[23931]
2018-04-15 20:13:29,845 [DEBUG|PoliceForce/60979243|TestSearchForFire] best path is:[14459, 34700, 23931]
2018-04-15 20:13:29,845 [DEBUG|PoliceForce/60979243|TestSearchForFire] choosed:14459
2018-04-15 20:13:33,736 [DEBUG|PoliceForce/60979243|TestSearchForFire] Time:75
2018-04-15 20:13:33,737 [DEBUG|PoliceForce/60979243|TestRoadDetector] Time:75
2018-04-15 20:13:33,737 [DEBUG|PoliceForce/60979243|TestRoadDetector] Targets: []
2018-04-15 20:13:33,737 [DEBUG|PoliceForce/60979243|TestSearchForFire] unsearchedBuildingIDs:[23931]
2018-04-15 20:13:33,737 [DEBUG|PoliceForce/60979243|TestSearchForFire] best path is:[14459, 34700, 23931]
2018-04-15 20:13:33,737 [DEBUG|PoliceForce/60979243|TestSearchForFire] choosed:14459
2018-04-15 20:13:37,620 [DEBUG|PoliceForce/60979243|TestSearchForFire] Time:76
2018-04-15 20:13:37,620 [DEBUG|PoliceForce/60979243|TestRoadDetector] Time:76
2018-04-15 20:13:37,621 [DEBUG|PoliceForce/60979243|TestRoadDetector] Targets: []
2018-04-15 20:13:37,621 [DEBUG|PoliceForce/60979243|TestSearchForFire] unsearchedBuildingIDs:[23931]
2018-04-15 20:13:37,621 [DEBUG|PoliceForce/60979243|TestSearchForFire] best path is:[14459, 34700, 23931]
2018-04-15 20:13:37,621 [DEBUG|PoliceForce/60979243|TestSearchForFire] choosed:14459
2018-04-15 20:13:41,301 [DEBUG|PoliceForce/60979243|TestSearchForFire] Time:77
2018-04-15 20:13:41,301 [DEBUG|PoliceForce/60979243|TestRoadDetector] Time:77
2018-04-15 20:13:41,301 [DEBUG|PoliceForce/60979243|TestRoadDetector] Targets: []
2018-04-15 20:13:41,301 [DEBUG|PoliceForce/60979243|TestSearchForFire] unsearchedBuildingIDs:[23931]
2018-04-15 20:13:41,301 [DEBUG|PoliceForce/60979243|TestSearchForFire] best path is:[14459, 34700, 23931]
2018-04-15 20:13:41,301 [DEBUG|PoliceForce/60979243|TestSearchForFire] choosed:14459
2018-04-15 20:13:44,788 [DEBUG|PoliceForce/60979243|TestSearchForFire] Time:78
2018-04-15 20:13:44,788 [DEBUG|PoliceForce/60979243|TestRoadDetector] Time:78
2018-04-15 20:13:44,789 [DEBUG|PoliceForce/60979243|TestRoadDetector] Targets: []
2018-04-15 20:13:44,789 [DEBUG|PoliceForce/60979243|TestSearchForFire] unsearchedBuildingIDs:[23931]
2018-04-15 20:13:44,789 [DEBUG|PoliceForce/60979243|TestSearchForFire] best path is:[14459, 34700, 23931]
2018-04-15 20:13:44,789 [DEBUG|PoliceForce/60979243|TestSearchForFire] choosed:14459
2018-04-15 20:13:48,485 [DEBUG|PoliceForce/60979243|TestSearchForFire] Time:79
2018-04-15 20:13:48,485 [DEBUG|PoliceForce/60979243|TestRoadDetector] Time:79
2018-04-15 20:13:48,485 [DEBUG|PoliceForce/60979243|TestRoadDetector] Targets: []
2018-04-15 20:13:48,485 [DEBUG|PoliceForce/60979243|TestSearchForFire] unsearchedBuildingIDs:[23931]
2018-04-15 20:13:48,485 [DEBUG|PoliceForce/60979243|TestSearchForFire] best path is:[14459, 34700, 23931]
2018-04-15 20:13:48,485 [DEBUG|PoliceForce/60979243|TestSearchForFire] choosed:14459
2018-04-15 20:13:52,220 [DEBUG|PoliceForce/60979243|TestSearchForFire] Time:80
2018-04-15 20:13:52,220 [DEBUG|PoliceForce/60979243|TestRoadDetector] Time:80
2018-04-15 20:13:52,220 [DEBUG|PoliceForce/60979243|TestRoadDetector] Targets: []
2018-04-15 20:13:52,220 [DEBUG|PoliceForce/60979243|TestSearchForFire] unsearchedBuildingIDs:[23931]
2018-04-15 20:13:52,221 [DEBUG|PoliceForce/60979243|TestSearchForFire] best path is:[14459, 34700, 23931]
2018-04-15 20:13:52,221 [DEBUG|PoliceForce/60979243|TestSearchForFire] choosed:14459
2018-04-15 20:13:55,732 [DEBUG|PoliceForce/60979243|TestSearchForFire] Time:81
2018-04-15 20:13:55,733 [DEBUG|PoliceForce/60979243|TestRoadDetector] Time:81
2018-04-15 20:13:55,733 [DEBUG|PoliceForce/60979243|TestRoadDetector] Targets: []
2018-04-15 20:13:55,733 [DEBUG|PoliceForce/60979243|TestSearchForFire] unsearchedBuildingIDs:[23931]
2018-04-15 20:13:55,733 [DEBUG|PoliceForce/60979243|TestSearchForFire] best path is:[14459, 34700, 23931]
2018-04-15 20:13:55,733 [DEBUG|PoliceForce/60979243|TestSearchForFire] choosed:14459
2018-04-15 20:13:59,296 [DEBUG|PoliceForce/60979243|TestSearchForFire] Time:82
2018-04-15 20:13:59,296 [DEBUG|PoliceForce/60979243|TestRoadDetector] Time:82
2018-04-15 20:13:59,297 [DEBUG|PoliceForce/60979243|TestRoadDetector] Targets: []
2018-04-15 20:13:59,297 [DEBUG|PoliceForce/60979243|TestSearchForFire] unsearchedBuildingIDs:[23931]
2018-04-15 20:13:59,297 [DEBUG|PoliceForce/60979243|TestSearchForFire] best path is:[14459, 34700, 23931]
2018-04-15 20:13:59,297 [DEBUG|PoliceForce/60979243|TestSearchForFire] choosed:14459
2018-04-15 20:14:03,012 [DEBUG|PoliceForce/60979243|TestSearchForFire] Time:83
2018-04-15 20:14:03,012 [DEBUG|PoliceForce/60979243|TestRoadDetector] Time:83
2018-04-15 20:14:03,013 [DEBUG|PoliceForce/60979243|TestRoadDetector] Targets: []
2018-04-15 20:14:03,013 [DEBUG|PoliceForce/60979243|TestSearchForFire] unsearchedBuildingIDs:[23931]
2018-04-15 20:14:03,013 [DEBUG|PoliceForce/60979243|TestSearchForFire] best path is:[14459, 34700, 23931]
2018-04-15 20:14:03,013 [DEBUG|PoliceForce/60979243|TestSearchForFire] choosed:14459
2018-04-15 20:14:06,672 [DEBUG|PoliceForce/60979243|TestSearchForFire] Time:84
2018-04-15 20:14:06,672 [DEBUG|PoliceForce/60979243|TestRoadDetector] Time:84
2018-04-15 20:14:06,672 [DEBUG|PoliceForce/60979243|TestRoadDetector] Targets: []
2018-04-15 20:14:06,672 [DEBUG|PoliceForce/60979243|TestSearchForFire] unsearchedBuildingIDs:[23931]
2018-04-15 20:14:06,673 [DEBUG|PoliceForce/60979243|TestSearchForFire] best path is:[14459, 34700, 23931]
2018-04-15 20:14:06,673 [DEBUG|PoliceForce/60979243|TestSearchForFire] choosed:14459
2018-04-15 20:14:10,454 [DEBUG|PoliceForce/60979243|TestSearchForFire] Time:85
2018-04-15 20:14:10,455 [DEBUG|PoliceForce/60979243|TestRoadDetector] Time:85
2018-04-15 20:14:10,455 [DEBUG|PoliceForce/60979243|TestRoadDetector] Targets: []
2018-04-15 20:14:10,455 [DEBUG|PoliceForce/60979243|TestSearchForFire] unsearchedBuildingIDs:[23931]
2018-04-15 20:14:10,455 [DEBUG|PoliceForce/60979243|TestSearchForFire] best path is:[14459, 34700, 23931]
2018-04-15 20:14:10,455 [DEBUG|PoliceForce/60979243|TestSearchForFire] choosed:14459
2018-04-15 20:14:14,004 [DEBUG|PoliceForce/60979243|TestSearchForFire] Time:86
2018-04-15 20:14:14,005 [DEBUG|PoliceForce/60979243|TestRoadDetector] Time:86
2018-04-15 20:14:14,005 [DEBUG|PoliceForce/60979243|TestRoadDetector] Targets: []
2018-04-15 20:14:14,005 [DEBUG|PoliceForce/60979243|TestSearchForFire] unsearchedBuildingIDs:[23931]
2018-04-15 20:14:14,005 [DEBUG|PoliceForce/60979243|TestSearchForFire] best path is:[14459, 34700, 23931]
2018-04-15 20:14:14,006 [DEBUG|PoliceForce/60979243|TestSearchForFire] choosed:14459
2018-04-15 20:14:17,437 [DEBUG|PoliceForce/60979243|TestSearchForFire] Time:87
2018-04-15 20:14:17,438 [DEBUG|PoliceForce/60979243|TestRoadDetector] Time:87
2018-04-15 20:14:17,438 [DEBUG|PoliceForce/60979243|TestRoadDetector] Targets: []
2018-04-15 20:14:17,438 [DEBUG|PoliceForce/60979243|TestSearchForFire] unsearchedBuildingIDs:[23931]
2018-04-15 20:14:17,438 [DEBUG|PoliceForce/60979243|TestSearchForFire] best path is:[14459, 34700, 23931]
2018-04-15 20:14:17,438 [DEBUG|PoliceForce/60979243|TestSearchForFire] choosed:14459
2018-04-15 20:14:20,809 [DEBUG|PoliceForce/60979243|TestSearchForFire] Time:88
2018-04-15 20:14:20,809 [DEBUG|PoliceForce/60979243|TestRoadDetector] Time:88
2018-04-15 20:14:20,809 [DEBUG|PoliceForce/60979243|TestRoadDetector] Targets: []
2018-04-15 20:14:20,809 [DEBUG|PoliceForce/60979243|TestSearchForFire] unsearchedBuildingIDs:[23931]
2018-04-15 20:14:20,809 [DEBUG|PoliceForce/60979243|TestSearchForFire] best path is:[14459, 34700, 23931]
2018-04-15 20:14:20,809 [DEBUG|PoliceForce/60979243|TestSearchForFire] choosed:14459
2018-04-15 20:14:24,427 [DEBUG|PoliceForce/60979243|TestSearchForFire] Time:89
2018-04-15 20:14:24,427 [DEBUG|PoliceForce/60979243|TestRoadDetector] Time:89
2018-04-15 20:14:24,427 [DEBUG|PoliceForce/60979243|TestRoadDetector] Targets: []
2018-04-15 20:14:24,427 [DEBUG|PoliceForce/60979243|TestSearchForFire] unsearchedBuildingIDs:[23931]
2018-04-15 20:14:24,427 [DEBUG|PoliceForce/60979243|TestSearchForFire] best path is:[14459, 34700, 23931]
2018-04-15 20:14:24,427 [DEBUG|PoliceForce/60979243|TestSearchForFire] choosed:14459
2018-04-15 20:14:28,069 [DEBUG|PoliceForce/60979243|TestSearchForFire] Time:90
2018-04-15 20:14:28,070 [DEBUG|PoliceForce/60979243|TestRoadDetector] Time:90
2018-04-15 20:14:28,070 [DEBUG|PoliceForce/60979243|TestRoadDetector] Targets: []
2018-04-15 20:14:28,070 [DEBUG|PoliceForce/60979243|TestSearchForFire] unsearchedBuildingIDs:[23931]
2018-04-15 20:14:28,070 [DEBUG|PoliceForce/60979243|TestSearchForFire] best path is:[14459, 34700, 23931]
2018-04-15 20:14:28,070 [DEBUG|PoliceForce/60979243|TestSearchForFire] choosed:14459
2018-04-15 20:14:31,684 [DEBUG|PoliceForce/60979243|TestSearchForFire] Time:91
2018-04-15 20:14:31,685 [DEBUG|PoliceForce/60979243|TestRoadDetector] Time:91
2018-04-15 20:14:31,686 [DEBUG|PoliceForce/60979243|TestRoadDetector] Targets: []
2018-04-15 20:14:31,686 [DEBUG|PoliceForce/60979243|TestSearchForFire] unsearchedBuildingIDs:[23931]
2018-04-15 20:14:31,686 [DEBUG|PoliceForce/60979243|TestSearchForFire] best path is:[14459, 34700, 23931]
2018-04-15 20:14:31,686 [DEBUG|PoliceForce/60979243|TestSearchForFire] choosed:14459
2018-04-15 20:14:35,340 [DEBUG|PoliceForce/60979243|TestSearchForFire] Time:92
2018-04-15 20:14:35,341 [DEBUG|PoliceForce/60979243|TestRoadDetector] Time:92
2018-04-15 20:14:35,341 [DEBUG|PoliceForce/60979243|TestRoadDetector] Targets: []
2018-04-15 20:14:35,341 [DEBUG|PoliceForce/60979243|TestSearchForFire] unsearchedBuildingIDs:[23931]
2018-04-15 20:14:35,341 [DEBUG|PoliceForce/60979243|TestSearchForFire] best path is:[14459, 34700, 23931]
2018-04-15 20:14:35,341 [DEBUG|PoliceForce/60979243|TestSearchForFire] choosed:14459
2018-04-15 20:14:39,025 [DEBUG|PoliceForce/60979243|TestSearchForFire] Time:93
2018-04-15 20:14:39,025 [DEBUG|PoliceForce/60979243|TestRoadDetector] Time:93
2018-04-15 20:14:39,025 [DEBUG|PoliceForce/60979243|TestRoadDetector] Targets: []
2018-04-15 20:14:39,025 [DEBUG|PoliceForce/60979243|TestSearchForFire] unsearchedBuildingIDs:[23931]
2018-04-15 20:14:39,025 [DEBUG|PoliceForce/60979243|TestSearchForFire] best path is:[14459, 34700, 23931]
2018-04-15 20:14:39,025 [DEBUG|PoliceForce/60979243|TestSearchForFire] choosed:14459
2018-04-15 20:14:42,512 [DEBUG|PoliceForce/60979243|TestSearchForFire] Time:94
2018-04-15 20:14:42,512 [DEBUG|PoliceForce/60979243|TestRoadDetector] Time:94
2018-04-15 20:14:42,512 [DEBUG|PoliceForce/60979243|TestRoadDetector] Targets: []
2018-04-15 20:14:42,512 [DEBUG|PoliceForce/60979243|TestSearchForFire] unsearchedBuildingIDs:[23931]
2018-04-15 20:14:42,512 [DEBUG|PoliceForce/60979243|TestSearchForFire] best path is:[14459, 34700, 23931]
2018-04-15 20:14:42,512 [DEBUG|PoliceForce/60979243|TestSearchForFire] choosed:14459
2018-04-15 20:14:46,088 [DEBUG|PoliceForce/60979243|TestSearchForFire] Time:95
2018-04-15 20:14:46,089 [DEBUG|PoliceForce/60979243|TestRoadDetector] Time:95
2018-04-15 20:14:46,089 [DEBUG|PoliceForce/60979243|TestRoadDetector] Targets: []
2018-04-15 20:14:46,089 [DEBUG|PoliceForce/60979243|TestSearchForFire] unsearchedBuildingIDs:[23931]
2018-04-15 20:14:46,089 [DEBUG|PoliceForce/60979243|TestSearchForFire] best path is:[14459, 34700, 23931]
2018-04-15 20:14:46,089 [DEBUG|PoliceForce/60979243|TestSearchForFire] choosed:14459
2018-04-15 20:14:49,868 [DEBUG|PoliceForce/60979243|TestSearchForFire] Time:96
2018-04-15 20:14:49,868 [DEBUG|PoliceForce/60979243|TestRoadDetector] Time:96
2018-04-15 20:14:49,868 [DEBUG|PoliceForce/60979243|TestRoadDetector] Targets: []
2018-04-15 20:14:49,868 [DEBUG|PoliceForce/60979243|TestSearchForFire] unsearchedBuildingIDs:[23931]
2018-04-15 20:14:49,868 [DEBUG|PoliceForce/60979243|TestSearchForFire] best path is:[14459, 34700, 23931]
2018-04-15 20:14:49,868 [DEBUG|PoliceForce/60979243|TestSearchForFire] choosed:14459
2018-04-15 20:14:53,404 [DEBUG|PoliceForce/60979243|TestSearchForFire] Time:97
2018-04-15 20:14:53,404 [DEBUG|PoliceForce/60979243|TestRoadDetector] Time:97
2018-04-15 20:14:53,405 [DEBUG|PoliceForce/60979243|TestRoadDetector] Targets: []
2018-04-15 20:14:53,405 [DEBUG|PoliceForce/60979243|TestSearchForFire] unsearchedBuildingIDs:[23931]
2018-04-15 20:14:53,405 [DEBUG|PoliceForce/60979243|TestSearchForFire] best path is:[14459, 34700, 23931]
2018-04-15 20:14:53,405 [DEBUG|PoliceForce/60979243|TestSearchForFire] choosed:14459
2018-04-15 20:14:57,029 [DEBUG|PoliceForce/60979243|TestSearchForFire] Time:98
2018-04-15 20:14:57,029 [DEBUG|PoliceForce/60979243|TestRoadDetector] Time:98
2018-04-15 20:14:57,029 [DEBUG|PoliceForce/60979243|TestRoadDetector] Targets: []
2018-04-15 20:14:57,029 [DEBUG|PoliceForce/60979243|TestSearchForFire] unsearchedBuildingIDs:[23931]
2018-04-15 20:14:57,029 [DEBUG|PoliceForce/60979243|TestSearchForFire] best path is:[14459, 34700, 23931]
2018-04-15 20:14:57,029 [DEBUG|PoliceForce/60979243|TestSearchForFire] choosed:14459
2018-04-15 20:15:00,436 [DEBUG|PoliceForce/60979243|TestSearchForFire] Time:99
2018-04-15 20:15:00,436 [DEBUG|PoliceForce/60979243|TestRoadDetector] Time:99
2018-04-15 20:15:00,436 [DEBUG|PoliceForce/60979243|TestRoadDetector] Targets: []
2018-04-15 20:15:00,437 [DEBUG|PoliceForce/60979243|TestSearchForFire] unsearchedBuildingIDs:[23931]
2018-04-15 20:15:00,437 [DEBUG|PoliceForce/60979243|TestSearchForFire] best path is:[14459, 34700, 23931]
2018-04-15 20:15:00,437 [DEBUG|PoliceForce/60979243|TestSearchForFire] choosed:14459
2018-04-15 20:15:03,956 [DEBUG|PoliceForce/60979243|TestSearchForFire] Time:100
2018-04-15 20:15:03,956 [DEBUG|PoliceForce/60979243|TestRoadDetector] Time:100
2018-04-15 20:15:03,957 [DEBUG|PoliceForce/60979243|TestRoadDetector] Targets: []
2018-04-15 20:15:03,957 [DEBUG|PoliceForce/60979243|TestSearchForFire] unsearchedBuildingIDs:[23931]
2018-04-15 20:15:03,957 [DEBUG|PoliceForce/60979243|TestSearchForFire] best path is:[14459, 34700, 23931]
2018-04-15 20:15:03,957 [DEBUG|PoliceForce/60979243|TestSearchForFire] choosed:14459
2018-04-15 20:15:07,528 [DEBUG|PoliceForce/60979243|TestSearchForFire] Time:101
2018-04-15 20:15:07,528 [DEBUG|PoliceForce/60979243|TestRoadDetector] Time:101
2018-04-15 20:15:07,528 [DEBUG|PoliceForce/60979243|TestRoadDetector] Targets: []
2018-04-15 20:15:07,528 [DEBUG|PoliceForce/60979243|TestSearchForFire] unsearchedBuildingIDs:[23931]
2018-04-15 20:15:07,529 [DEBUG|PoliceForce/60979243|TestSearchForFire] best path is:[14459, 34700, 23931]
2018-04-15 20:15:07,529 [DEBUG|PoliceForce/60979243|TestSearchForFire] choosed:14459
2018-04-15 20:15:10,901 [DEBUG|PoliceForce/60979243|TestSearchForFire] Time:102
2018-04-15 20:15:10,901 [DEBUG|PoliceForce/60979243|TestRoadDetector] Time:102
2018-04-15 20:15:10,901 [DEBUG|PoliceForce/60979243|TestRoadDetector] Targets: []
2018-04-15 20:15:10,901 [DEBUG|PoliceForce/60979243|TestSearchForFire] unsearchedBuildingIDs:[23931]
2018-04-15 20:15:10,901 [DEBUG|PoliceForce/60979243|TestSearchForFire] best path is:[14459, 34700, 23931]
2018-04-15 20:15:10,901 [DEBUG|PoliceForce/60979243|TestSearchForFire] choosed:14459
2018-04-15 20:15:14,448 [DEBUG|PoliceForce/60979243|TestSearchForFire] Time:103
2018-04-15 20:15:14,448 [DEBUG|PoliceForce/60979243|TestRoadDetector] Time:103
2018-04-15 20:15:14,448 [DEBUG|PoliceForce/60979243|TestRoadDetector] Targets: []
2018-04-15 20:15:14,449 [DEBUG|PoliceForce/60979243|TestSearchForFire] unsearchedBuildingIDs:[23931]
2018-04-15 20:15:14,449 [DEBUG|PoliceForce/60979243|TestSearchForFire] best path is:[14459, 34700, 23931]
2018-04-15 20:15:14,449 [DEBUG|PoliceForce/60979243|TestSearchForFire] choosed:14459
2018-04-15 20:15:18,030 [DEBUG|PoliceForce/60979243|TestSearchForFire] Time:104
2018-04-15 20:15:18,030 [DEBUG|PoliceForce/60979243|TestRoadDetector] Time:104
2018-04-15 20:15:18,030 [DEBUG|PoliceForce/60979243|TestRoadDetector] Targets: []
2018-04-15 20:15:18,030 [DEBUG|PoliceForce/60979243|TestSearchForFire] unsearchedBuildingIDs:[23931]
2018-04-15 20:15:18,030 [DEBUG|PoliceForce/60979243|TestSearchForFire] best path is:[14459, 34700, 23931]
2018-04-15 20:15:18,030 [DEBUG|PoliceForce/60979243|TestSearchForFire] choosed:14459
2018-04-15 20:15:21,252 [DEBUG|PoliceForce/60979243|TestSearchForFire] Time:105
2018-04-15 20:15:21,252 [DEBUG|PoliceForce/60979243|TestRoadDetector] Time:105
2018-04-15 20:15:21,252 [DEBUG|PoliceForce/60979243|TestRoadDetector] Targets: []
2018-04-15 20:15:21,252 [DEBUG|PoliceForce/60979243|TestSearchForFire] unsearchedBuildingIDs:[23931]
2018-04-15 20:15:21,252 [DEBUG|PoliceForce/60979243|TestSearchForFire] best path is:[14459, 34700, 23931]
2018-04-15 20:15:21,252 [DEBUG|PoliceForce/60979243|TestSearchForFire] choosed:14459
2018-04-15 20:15:24,624 [DEBUG|PoliceForce/60979243|TestSearchForFire] Time:106
2018-04-15 20:15:24,624 [DEBUG|PoliceForce/60979243|TestRoadDetector] Time:106
2018-04-15 20:15:24,624 [DEBUG|PoliceForce/60979243|TestRoadDetector] Targets: []
2018-04-15 20:15:24,624 [DEBUG|PoliceForce/60979243|TestSearchForFire] unsearchedBuildingIDs:[23931]
2018-04-15 20:15:24,624 [DEBUG|PoliceForce/60979243|TestSearchForFire] best path is:[14459, 34700, 23931]
2018-04-15 20:15:24,624 [DEBUG|PoliceForce/60979243|TestSearchForFire] choosed:14459
2018-04-15 20:15:27,956 [DEBUG|PoliceForce/60979243|TestSearchForFire] Time:107
2018-04-15 20:15:27,956 [DEBUG|PoliceForce/60979243|TestRoadDetector] Time:107
2018-04-15 20:15:27,957 [DEBUG|PoliceForce/60979243|TestRoadDetector] Targets: []
2018-04-15 20:15:27,957 [DEBUG|PoliceForce/60979243|TestSearchForFire] unsearchedBuildingIDs:[23931]
2018-04-15 20:15:27,957 [DEBUG|PoliceForce/60979243|TestSearchForFire] best path is:[14459, 34700, 23931]
2018-04-15 20:15:27,957 [DEBUG|PoliceForce/60979243|TestSearchForFire] choosed:14459
2018-04-15 20:15:31,400 [DEBUG|PoliceForce/60979243|TestSearchForFire] Time:108
2018-04-15 20:15:31,400 [DEBUG|PoliceForce/60979243|TestRoadDetector] Time:108
2018-04-15 20:15:31,401 [DEBUG|PoliceForce/60979243|TestRoadDetector] Targets: []
2018-04-15 20:15:31,401 [DEBUG|PoliceForce/60979243|TestSearchForFire] unsearchedBuildingIDs:[23931]
2018-04-15 20:15:31,401 [DEBUG|PoliceForce/60979243|TestSearchForFire] best path is:[14459, 34700, 23931]
2018-04-15 20:15:31,401 [DEBUG|PoliceForce/60979243|TestSearchForFire] choosed:14459
2018-04-15 20:15:34,924 [DEBUG|PoliceForce/60979243|TestSearchForFire] Time:109
2018-04-15 20:15:34,924 [DEBUG|PoliceForce/60979243|TestRoadDetector] Time:109
2018-04-15 20:15:34,924 [DEBUG|PoliceForce/60979243|TestRoadDetector] Targets: []
2018-04-15 20:15:34,925 [DEBUG|PoliceForce/60979243|TestSearchForFire] unsearchedBuildingIDs:[23931]
2018-04-15 20:15:34,925 [DEBUG|PoliceForce/60979243|TestSearchForFire] best path is:[14459, 34700, 23931]
2018-04-15 20:15:34,925 [DEBUG|PoliceForce/60979243|TestSearchForFire] choosed:14459
2018-04-15 20:15:38,476 [DEBUG|PoliceForce/60979243|TestSearchForFire] Time:110
2018-04-15 20:15:38,477 [DEBUG|PoliceForce/60979243|TestRoadDetector] Time:110
2018-04-15 20:15:38,477 [DEBUG|PoliceForce/60979243|TestRoadDetector] Targets: []
2018-04-15 20:15:38,477 [DEBUG|PoliceForce/60979243|TestSearchForFire] unsearchedBuildingIDs:[23931]
2018-04-15 20:15:38,477 [DEBUG|PoliceForce/60979243|TestSearchForFire] best path is:[14459, 34700, 23931]
2018-04-15 20:15:38,477 [DEBUG|PoliceForce/60979243|TestSearchForFire] choosed:14459
2018-04-15 20:15:41,913 [DEBUG|PoliceForce/60979243|TestSearchForFire] Time:111
2018-04-15 20:15:41,914 [DEBUG|PoliceForce/60979243|TestRoadDetector] Time:111
2018-04-15 20:15:41,914 [DEBUG|PoliceForce/60979243|TestRoadDetector] Targets: []
2018-04-15 20:15:41,914 [DEBUG|PoliceForce/60979243|TestSearchForFire] unsearchedBuildingIDs:[23931]
2018-04-15 20:15:41,914 [DEBUG|PoliceForce/60979243|TestSearchForFire] best path is:[14459, 34700, 23931]
2018-04-15 20:15:41,914 [DEBUG|PoliceForce/60979243|TestSearchForFire] choosed:14459
2018-04-15 20:15:45,172 [DEBUG|PoliceForce/60979243|TestSearchForFire] Time:112
2018-04-15 20:15:45,172 [DEBUG|PoliceForce/60979243|TestRoadDetector] Time:112
2018-04-15 20:15:45,172 [DEBUG|PoliceForce/60979243|TestRoadDetector] Targets: []
2018-04-15 20:15:45,172 [DEBUG|PoliceForce/60979243|TestSearchForFire] unsearchedBuildingIDs:[23931]
2018-04-15 20:15:45,172 [DEBUG|PoliceForce/60979243|TestSearchForFire] best path is:[14459, 34700, 23931]
2018-04-15 20:15:45,172 [DEBUG|PoliceForce/60979243|TestSearchForFire] choosed:14459
2018-04-15 20:15:48,504 [DEBUG|PoliceForce/60979243|TestSearchForFire] Time:113
2018-04-15 20:15:48,504 [DEBUG|PoliceForce/60979243|TestRoadDetector] Time:113
2018-04-15 20:15:48,505 [DEBUG|PoliceForce/60979243|TestRoadDetector] Targets: []
2018-04-15 20:15:48,505 [DEBUG|PoliceForce/60979243|TestSearchForFire] unsearchedBuildingIDs:[23931]
2018-04-15 20:15:48,505 [DEBUG|PoliceForce/60979243|TestSearchForFire] best path is:[14459, 34700, 23931]
2018-04-15 20:15:48,505 [DEBUG|PoliceForce/60979243|TestSearchForFire] choosed:14459
2018-04-15 20:15:52,096 [DEBUG|PoliceForce/60979243|TestSearchForFire] Time:114
2018-04-15 20:15:52,096 [DEBUG|PoliceForce/60979243|TestRoadDetector] Time:114
2018-04-15 20:15:52,097 [DEBUG|PoliceForce/60979243|TestRoadDetector] Targets: []
2018-04-15 20:15:52,097 [DEBUG|PoliceForce/60979243|TestSearchForFire] unsearchedBuildingIDs:[23931]
2018-04-15 20:15:52,097 [DEBUG|PoliceForce/60979243|TestSearchForFire] best path is:[14459, 34700, 23931]
2018-04-15 20:15:52,097 [DEBUG|PoliceForce/60979243|TestSearchForFire] choosed:14459
2018-04-15 20:15:55,452 [DEBUG|PoliceForce/60979243|TestSearchForFire] Time:115
2018-04-15 20:15:55,452 [DEBUG|PoliceForce/60979243|TestRoadDetector] Time:115
2018-04-15 20:15:55,452 [DEBUG|PoliceForce/60979243|TestRoadDetector] Targets: []
2018-04-15 20:15:55,453 [DEBUG|PoliceForce/60979243|TestSearchForFire] unsearchedBuildingIDs:[23931]
2018-04-15 20:15:55,453 [DEBUG|PoliceForce/60979243|TestSearchForFire] best path is:[14459, 34700, 23931]
2018-04-15 20:15:55,453 [DEBUG|PoliceForce/60979243|TestSearchForFire] choosed:14459
2018-04-15 20:15:58,816 [DEBUG|PoliceForce/60979243|TestSearchForFire] Time:116
2018-04-15 20:15:58,816 [DEBUG|PoliceForce/60979243|TestRoadDetector] Time:116
2018-04-15 20:15:58,816 [DEBUG|PoliceForce/60979243|TestRoadDetector] Targets: []
2018-04-15 20:15:58,816 [DEBUG|PoliceForce/60979243|TestSearchForFire] unsearchedBuildingIDs:[23931]
2018-04-15 20:15:58,817 [DEBUG|PoliceForce/60979243|TestSearchForFire] best path is:[14459, 34700, 23931]
2018-04-15 20:15:58,817 [DEBUG|PoliceForce/60979243|TestSearchForFire] choosed:14459
2018-04-15 20:16:02,108 [DEBUG|PoliceForce/60979243|TestSearchForFire] Time:117
2018-04-15 20:16:02,108 [DEBUG|PoliceForce/60979243|TestRoadDetector] Time:117
2018-04-15 20:16:02,108 [DEBUG|PoliceForce/60979243|TestRoadDetector] Targets: []
2018-04-15 20:16:02,108 [DEBUG|PoliceForce/60979243|TestSearchForFire] unsearchedBuildingIDs:[23931]
2018-04-15 20:16:02,109 [DEBUG|PoliceForce/60979243|TestSearchForFire] best path is:[14459, 34700, 23931]
2018-04-15 20:16:02,109 [DEBUG|PoliceForce/60979243|TestSearchForFire] choosed:14459
2018-04-15 20:16:05,383 [DEBUG|PoliceForce/60979243|TestSearchForFire] Time:118
2018-04-15 20:16:05,383 [DEBUG|PoliceForce/60979243|TestRoadDetector] Time:118
2018-04-15 20:16:05,383 [DEBUG|PoliceForce/60979243|TestRoadDetector] Targets: []
2018-04-15 20:16:05,383 [DEBUG|PoliceForce/60979243|TestSearchForFire] unsearchedBuildingIDs:[23931]
2018-04-15 20:16:05,383 [DEBUG|PoliceForce/60979243|TestSearchForFire] best path is:[14459, 34700, 23931]
2018-04-15 20:16:05,383 [DEBUG|PoliceForce/60979243|TestSearchForFire] choosed:14459
2018-04-15 20:16:08,748 [DEBUG|PoliceForce/60979243|TestSearchForFire] Time:119
2018-04-15 20:16:08,748 [DEBUG|PoliceForce/60979243|TestRoadDetector] Time:119
2018-04-15 20:16:08,748 [DEBUG|PoliceForce/60979243|TestRoadDetector] Targets: []
2018-04-15 20:16:08,749 [DEBUG|PoliceForce/60979243|TestSearchForFire] unsearchedBuildingIDs:[23931]
2018-04-15 20:16:08,749 [DEBUG|PoliceForce/60979243|TestSearchForFire] best path is:[14459, 34700, 23931]
2018-04-15 20:16:08,749 [DEBUG|PoliceForce/60979243|TestSearchForFire] choosed:14459
2018-04-15 20:16:12,350 [DEBUG|PoliceForce/60979243|TestSearchForFire] Time:120
2018-04-15 20:16:12,350 [DEBUG|PoliceForce/60979243|TestRoadDetector] Time:120
2018-04-15 20:16:12,350 [DEBUG|PoliceForce/60979243|TestRoadDetector] Targets: []
2018-04-15 20:16:12,350 [DEBUG|PoliceForce/60979243|TestSearchForFire] unsearchedBuildingIDs:[23931]
2018-04-15 20:16:12,350 [DEBUG|PoliceForce/60979243|TestSearchForFire] best path is:[14459, 34700, 23931]
2018-04-15 20:16:12,350 [DEBUG|PoliceForce/60979243|TestSearchForFire] choosed:14459
2018-04-15 20:16:15,896 [DEBUG|PoliceForce/60979243|TestSearchForFire] Time:121
2018-04-15 20:16:15,897 [DEBUG|PoliceForce/60979243|TestRoadDetector] Time:121
2018-04-15 20:16:15,897 [DEBUG|PoliceForce/60979243|TestRoadDetector] Targets: []
2018-04-15 20:16:15,897 [DEBUG|PoliceForce/60979243|TestSearchForFire] unsearchedBuildingIDs:[23931]
2018-04-15 20:16:15,897 [DEBUG|PoliceForce/60979243|TestSearchForFire] best path is:[14459, 34700, 23931]
2018-04-15 20:16:15,897 [DEBUG|PoliceForce/60979243|TestSearchForFire] choosed:14459
2018-04-15 20:16:19,080 [DEBUG|PoliceForce/60979243|TestSearchForFire] Time:122
2018-04-15 20:16:19,080 [DEBUG|PoliceForce/60979243|TestRoadDetector] Time:122
2018-04-15 20:16:19,081 [DEBUG|PoliceForce/60979243|TestRoadDetector] Targets: []
2018-04-15 20:16:19,081 [DEBUG|PoliceForce/60979243|TestSearchForFire] unsearchedBuildingIDs:[23931]
2018-04-15 20:16:19,081 [DEBUG|PoliceForce/60979243|TestSearchForFire] best path is:[14459, 34700, 23931]
2018-04-15 20:16:19,081 [DEBUG|PoliceForce/60979243|TestSearchForFire] choosed:14459
2018-04-15 20:16:22,368 [DEBUG|PoliceForce/60979243|TestSearchForFire] Time:123
2018-04-15 20:16:22,368 [DEBUG|PoliceForce/60979243|TestRoadDetector] Time:123
2018-04-15 20:16:22,368 [DEBUG|PoliceForce/60979243|TestRoadDetector] Targets: []
2018-04-15 20:16:22,369 [DEBUG|PoliceForce/60979243|TestSearchForFire] unsearchedBuildingIDs:[23931]
2018-04-15 20:16:22,369 [DEBUG|PoliceForce/60979243|TestSearchForFire] best path is:[14459, 34700, 23931]
2018-04-15 20:16:22,369 [DEBUG|PoliceForce/60979243|TestSearchForFire] choosed:14459
2018-04-15 20:16:25,739 [DEBUG|PoliceForce/60979243|TestSearchForFire] Time:124
2018-04-15 20:16:25,739 [DEBUG|PoliceForce/60979243|TestRoadDetector] Time:124
2018-04-15 20:16:25,739 [DEBUG|PoliceForce/60979243|TestRoadDetector] Targets: []
2018-04-15 20:16:25,739 [DEBUG|PoliceForce/60979243|TestSearchForFire] unsearchedBuildingIDs:[23931]
2018-04-15 20:16:25,739 [DEBUG|PoliceForce/60979243|TestSearchForFire] best path is:[14459, 34700, 23931]
2018-04-15 20:16:25,739 [DEBUG|PoliceForce/60979243|TestSearchForFire] choosed:14459
2018-04-15 20:16:29,196 [DEBUG|PoliceForce/60979243|TestSearchForFire] Time:125
2018-04-15 20:16:29,196 [DEBUG|PoliceForce/60979243|TestRoadDetector] Time:125
2018-04-15 20:16:29,196 [DEBUG|PoliceForce/60979243|TestRoadDetector] Targets: []
2018-04-15 20:16:29,196 [DEBUG|PoliceForce/60979243|TestSearchForFire] unsearchedBuildingIDs:[23931]
2018-04-15 20:16:29,196 [DEBUG|PoliceForce/60979243|TestSearchForFire] best path is:[14459, 34700, 23931]
2018-04-15 20:16:29,196 [DEBUG|PoliceForce/60979243|TestSearchForFire] choosed:14459
2018-04-15 20:16:32,584 [DEBUG|PoliceForce/60979243|TestSearchForFire] Time:126
2018-04-15 20:16:32,584 [DEBUG|PoliceForce/60979243|TestRoadDetector] Time:126
2018-04-15 20:16:32,585 [DEBUG|PoliceForce/60979243|TestRoadDetector] Targets: []
2018-04-15 20:16:32,585 [DEBUG|PoliceForce/60979243|TestSearchForFire] unsearchedBuildingIDs:[23931]
2018-04-15 20:16:32,585 [DEBUG|PoliceForce/60979243|TestSearchForFire] best path is:[14459, 34700, 23931]
2018-04-15 20:16:32,585 [DEBUG|PoliceForce/60979243|TestSearchForFire] choosed:14459
2018-04-15 20:16:35,916 [DEBUG|PoliceForce/60979243|TestSearchForFire] Time:127
2018-04-15 20:16:35,916 [DEBUG|PoliceForce/60979243|TestRoadDetector] Time:127
2018-04-15 20:16:35,917 [DEBUG|PoliceForce/60979243|TestRoadDetector] Targets: []
2018-04-15 20:16:35,917 [DEBUG|PoliceForce/60979243|TestSearchForFire] unsearchedBuildingIDs:[23931]
2018-04-15 20:16:35,917 [DEBUG|PoliceForce/60979243|TestSearchForFire] best path is:[14459, 34700, 23931]
2018-04-15 20:16:35,917 [DEBUG|PoliceForce/60979243|TestSearchForFire] choosed:14459
2018-04-15 20:16:39,425 [DEBUG|PoliceForce/60979243|TestSearchForFire] Time:128
2018-04-15 20:16:39,425 [DEBUG|PoliceForce/60979243|TestRoadDetector] Time:128
2018-04-15 20:16:39,426 [DEBUG|PoliceForce/60979243|TestRoadDetector] Targets: []
2018-04-15 20:16:39,426 [DEBUG|PoliceForce/60979243|TestSearchForFire] unsearchedBuildingIDs:[23931]
2018-04-15 20:16:39,426 [DEBUG|PoliceForce/60979243|TestSearchForFire] best path is:[14459, 34700, 23931]
2018-04-15 20:16:39,426 [DEBUG|PoliceForce/60979243|TestSearchForFire] choosed:14459
2018-04-15 20:16:42,656 [DEBUG|PoliceForce/60979243|TestSearchForFire] Time:129
2018-04-15 20:16:42,656 [DEBUG|PoliceForce/60979243|TestRoadDetector] Time:129
2018-04-15 20:16:42,657 [DEBUG|PoliceForce/60979243|TestRoadDetector] Targets: []
2018-04-15 20:16:42,657 [DEBUG|PoliceForce/60979243|TestSearchForFire] unsearchedBuildingIDs:[23931]
2018-04-15 20:16:42,657 [DEBUG|PoliceForce/60979243|TestSearchForFire] best path is:[14459, 34700, 23931]
2018-04-15 20:16:42,657 [DEBUG|PoliceForce/60979243|TestSearchForFire] choosed:14459
2018-04-15 20:16:45,905 [DEBUG|PoliceForce/60979243|TestSearchForFire] Time:130
2018-04-15 20:16:45,906 [DEBUG|PoliceForce/60979243|TestRoadDetector] Time:130
2018-04-15 20:16:45,907 [DEBUG|PoliceForce/60979243|TestRoadDetector] Targets: []
2018-04-15 20:16:45,907 [DEBUG|PoliceForce/60979243|TestSearchForFire] unsearchedBuildingIDs:[23931]
2018-04-15 20:16:45,907 [DEBUG|PoliceForce/60979243|TestSearchForFire] best path is:[14459, 34700, 23931]
2018-04-15 20:16:45,907 [DEBUG|PoliceForce/60979243|TestSearchForFire] choosed:14459
2018-04-15 20:16:49,176 [DEBUG|PoliceForce/60979243|TestSearchForFire] Time:131
2018-04-15 20:16:49,176 [DEBUG|PoliceForce/60979243|TestRoadDetector] Time:131
2018-04-15 20:16:49,176 [DEBUG|PoliceForce/60979243|TestRoadDetector] Targets: []
2018-04-15 20:16:49,176 [DEBUG|PoliceForce/60979243|TestSearchForFire] unsearchedBuildingIDs:[23931]
2018-04-15 20:16:49,177 [DEBUG|PoliceForce/60979243|TestSearchForFire] best path is:[14459, 34700, 23931]
2018-04-15 20:16:49,177 [DEBUG|PoliceForce/60979243|TestSearchForFire] choosed:14459
2018-04-15 20:16:52,416 [DEBUG|PoliceForce/60979243|TestSearchForFire] Time:132
2018-04-15 20:16:52,416 [DEBUG|PoliceForce/60979243|TestRoadDetector] Time:132
2018-04-15 20:16:52,416 [DEBUG|PoliceForce/60979243|TestRoadDetector] Targets: []
2018-04-15 20:16:52,416 [DEBUG|PoliceForce/60979243|TestSearchForFire] unsearchedBuildingIDs:[23931]
2018-04-15 20:16:52,416 [DEBUG|PoliceForce/60979243|TestSearchForFire] best path is:[14459, 34700, 23931]
2018-04-15 20:16:52,416 [DEBUG|PoliceForce/60979243|TestSearchForFire] choosed:14459
2018-04-15 20:16:55,680 [DEBUG|PoliceForce/60979243|TestSearchForFire] Time:133
2018-04-15 20:16:55,680 [DEBUG|PoliceForce/60979243|TestRoadDetector] Time:133
2018-04-15 20:16:55,680 [DEBUG|PoliceForce/60979243|TestRoadDetector] Targets: []
2018-04-15 20:16:55,680 [DEBUG|PoliceForce/60979243|TestSearchForFire] unsearchedBuildingIDs:[23931]
2018-04-15 20:16:55,681 [DEBUG|PoliceForce/60979243|TestSearchForFire] best path is:[14459, 34700, 23931]
2018-04-15 20:16:55,681 [DEBUG|PoliceForce/60979243|TestSearchForFire] choosed:14459
2018-04-15 20:16:59,086 [DEBUG|PoliceForce/60979243|TestSearchForFire] Time:134
2018-04-15 20:16:59,086 [DEBUG|PoliceForce/60979243|TestRoadDetector] Time:134
2018-04-15 20:16:59,086 [DEBUG|PoliceForce/60979243|TestRoadDetector] Targets: []
2018-04-15 20:16:59,086 [DEBUG|PoliceForce/60979243|TestSearchForFire] unsearchedBuildingIDs:[23931]
2018-04-15 20:16:59,086 [DEBUG|PoliceForce/60979243|TestSearchForFire] best path is:[14459, 34700, 23931]
2018-04-15 20:16:59,086 [DEBUG|PoliceForce/60979243|TestSearchForFire] choosed:14459
2018-04-15 20:17:02,480 [DEBUG|PoliceForce/60979243|TestSearchForFire] Time:135
2018-04-15 20:17:02,481 [DEBUG|PoliceForce/60979243|TestRoadDetector] Time:135
2018-04-15 20:17:02,481 [DEBUG|PoliceForce/60979243|TestRoadDetector] Targets: []
2018-04-15 20:17:02,481 [DEBUG|PoliceForce/60979243|TestSearchForFire] unsearchedBuildingIDs:[23931]
2018-04-15 20:17:02,481 [DEBUG|PoliceForce/60979243|TestSearchForFire] best path is:[14459, 34700, 23931]
2018-04-15 20:17:02,481 [DEBUG|PoliceForce/60979243|TestSearchForFire] choosed:14459
2018-04-15 20:17:05,856 [DEBUG|PoliceForce/60979243|TestSearchForFire] Time:136
2018-04-15 20:17:05,856 [DEBUG|PoliceForce/60979243|TestRoadDetector] Time:136
2018-04-15 20:17:05,857 [DEBUG|PoliceForce/60979243|TestRoadDetector] Targets: []
2018-04-15 20:17:05,857 [DEBUG|PoliceForce/60979243|TestSearchForFire] unsearchedBuildingIDs:[23931]
2018-04-15 20:17:05,857 [DEBUG|PoliceForce/60979243|TestSearchForFire] best path is:[14459, 34700, 23931]
2018-04-15 20:17:05,857 [DEBUG|PoliceForce/60979243|TestSearchForFire] choosed:14459
2018-04-15 20:17:09,237 [DEBUG|PoliceForce/60979243|TestSearchForFire] Time:137
2018-04-15 20:17:09,237 [DEBUG|PoliceForce/60979243|TestRoadDetector] Time:137
2018-04-15 20:17:09,238 [DEBUG|PoliceForce/60979243|TestRoadDetector] Targets: []
2018-04-15 20:17:09,239 [DEBUG|PoliceForce/60979243|TestSearchForFire] unsearchedBuildingIDs:[23931]
2018-04-15 20:17:09,239 [DEBUG|PoliceForce/60979243|TestSearchForFire] best path is:[14459, 34700, 23931]
2018-04-15 20:17:09,239 [DEBUG|PoliceForce/60979243|TestSearchForFire] choosed:14459
2018-04-15 20:17:12,725 [DEBUG|PoliceForce/60979243|TestSearchForFire] Time:138
2018-04-15 20:17:12,725 [DEBUG|PoliceForce/60979243|TestRoadDetector] Time:138
2018-04-15 20:17:12,725 [DEBUG|PoliceForce/60979243|TestRoadDetector] Targets: []
2018-04-15 20:17:12,725 [DEBUG|PoliceForce/60979243|TestSearchForFire] unsearchedBuildingIDs:[23931]
2018-04-15 20:17:12,725 [DEBUG|PoliceForce/60979243|TestSearchForFire] best path is:[14459, 34700, 23931]
2018-04-15 20:17:12,725 [DEBUG|PoliceForce/60979243|TestSearchForFire] choosed:14459
2018-04-15 20:17:16,172 [DEBUG|PoliceForce/60979243|TestSearchForFire] Time:139
2018-04-15 20:17:16,172 [DEBUG|PoliceForce/60979243|TestRoadDetector] Time:139
2018-04-15 20:17:16,173 [DEBUG|PoliceForce/60979243|TestRoadDetector] Targets: []
2018-04-15 20:17:16,173 [DEBUG|PoliceForce/60979243|TestSearchForFire] unsearchedBuildingIDs:[23931]
2018-04-15 20:17:16,173 [DEBUG|PoliceForce/60979243|TestSearchForFire] best path is:[14459, 34700, 23931]
2018-04-15 20:17:16,173 [DEBUG|PoliceForce/60979243|TestSearchForFire] choosed:14459
2018-04-15 20:17:19,624 [DEBUG|PoliceForce/60979243|TestSearchForFire] Time:140
2018-04-15 20:17:19,624 [DEBUG|PoliceForce/60979243|TestRoadDetector] Time:140
2018-04-15 20:17:19,624 [DEBUG|PoliceForce/60979243|TestRoadDetector] Targets: []
2018-04-15 20:17:19,625 [DEBUG|PoliceForce/60979243|TestSearchForFire] unsearchedBuildingIDs:[23931]
2018-04-15 20:17:19,625 [DEBUG|PoliceForce/60979243|TestSearchForFire] best path is:[14459, 34700, 23931]
2018-04-15 20:17:19,625 [DEBUG|PoliceForce/60979243|TestSearchForFire] choosed:14459
2018-04-15 20:17:22,976 [DEBUG|PoliceForce/60979243|TestSearchForFire] Time:141
2018-04-15 20:17:22,976 [DEBUG|PoliceForce/60979243|TestRoadDetector] Time:141
2018-04-15 20:17:22,976 [DEBUG|PoliceForce/60979243|TestRoadDetector] Targets: []
2018-04-15 20:17:22,976 [DEBUG|PoliceForce/60979243|TestSearchForFire] unsearchedBuildingIDs:[23931]
2018-04-15 20:17:22,977 [DEBUG|PoliceForce/60979243|TestSearchForFire] best path is:[14459, 34700, 23931]
2018-04-15 20:17:22,977 [DEBUG|PoliceForce/60979243|TestSearchForFire] choosed:14459
2018-04-15 20:17:26,372 [DEBUG|PoliceForce/60979243|TestSearchForFire] Time:142
2018-04-15 20:17:26,372 [DEBUG|PoliceForce/60979243|TestRoadDetector] Time:142
2018-04-15 20:17:26,372 [DEBUG|PoliceForce/60979243|TestRoadDetector] Targets: []
2018-04-15 20:17:26,372 [DEBUG|PoliceForce/60979243|TestSearchForFire] unsearchedBuildingIDs:[23931]
2018-04-15 20:17:26,373 [DEBUG|PoliceForce/60979243|TestSearchForFire] best path is:[14459, 34700, 23931]
2018-04-15 20:17:26,373 [DEBUG|PoliceForce/60979243|TestSearchForFire] choosed:14459
2018-04-15 20:17:29,712 [DEBUG|PoliceForce/60979243|TestSearchForFire] Time:143
2018-04-15 20:17:29,712 [DEBUG|PoliceForce/60979243|TestRoadDetector] Time:143
2018-04-15 20:17:29,712 [DEBUG|PoliceForce/60979243|TestRoadDetector] Targets: []
2018-04-15 20:17:29,713 [DEBUG|PoliceForce/60979243|TestSearchForFire] unsearchedBuildingIDs:[23931]
2018-04-15 20:17:29,713 [DEBUG|PoliceForce/60979243|TestSearchForFire] best path is:[14459, 34700, 23931]
2018-04-15 20:17:29,713 [DEBUG|PoliceForce/60979243|TestSearchForFire] choosed:14459
2018-04-15 20:17:33,052 [DEBUG|PoliceForce/60979243|TestSearchForFire] Time:144
2018-04-15 20:17:33,052 [DEBUG|PoliceForce/60979243|TestRoadDetector] Time:144
2018-04-15 20:17:33,052 [DEBUG|PoliceForce/60979243|TestRoadDetector] Targets: []
2018-04-15 20:17:33,053 [DEBUG|PoliceForce/60979243|TestSearchForFire] unsearchedBuildingIDs:[23931]
2018-04-15 20:17:33,053 [DEBUG|PoliceForce/60979243|TestSearchForFire] best path is:[14459, 34700, 23931]
2018-04-15 20:17:33,053 [DEBUG|PoliceForce/60979243|TestSearchForFire] choosed:14459
2018-04-15 20:17:36,425 [DEBUG|PoliceForce/60979243|TestSearchForFire] Time:145
2018-04-15 20:17:36,425 [DEBUG|PoliceForce/60979243|TestRoadDetector] Time:145
2018-04-15 20:17:36,425 [DEBUG|PoliceForce/60979243|TestRoadDetector] Targets: []
2018-04-15 20:17:36,425 [DEBUG|PoliceForce/60979243|TestSearchForFire] unsearchedBuildingIDs:[23931]
2018-04-15 20:17:36,425 [DEBUG|PoliceForce/60979243|TestSearchForFire] best path is:[14459, 34700, 23931]
2018-04-15 20:17:36,425 [DEBUG|PoliceForce/60979243|TestSearchForFire] choosed:14459
2018-04-15 20:17:39,836 [DEBUG|PoliceForce/60979243|TestSearchForFire] Time:146
2018-04-15 20:17:39,836 [DEBUG|PoliceForce/60979243|TestRoadDetector] Time:146
2018-04-15 20:17:39,836 [DEBUG|PoliceForce/60979243|TestRoadDetector] Targets: []
2018-04-15 20:17:39,837 [DEBUG|PoliceForce/60979243|TestSearchForFire] unsearchedBuildingIDs:[23931]
2018-04-15 20:17:39,837 [DEBUG|PoliceForce/60979243|TestSearchForFire] best path is:[14459, 34700, 23931]
2018-04-15 20:17:39,837 [DEBUG|PoliceForce/60979243|TestSearchForFire] choosed:14459
2018-04-15 20:17:43,308 [DEBUG|PoliceForce/60979243|TestSearchForFire] Time:147
2018-04-15 20:17:43,308 [DEBUG|PoliceForce/60979243|TestRoadDetector] Time:147
2018-04-15 20:17:43,308 [DEBUG|PoliceForce/60979243|TestRoadDetector] Targets: []
2018-04-15 20:17:43,308 [DEBUG|PoliceForce/60979243|TestSearchForFire] unsearchedBuildingIDs:[23931]
2018-04-15 20:17:43,309 [DEBUG|PoliceForce/60979243|TestSearchForFire] best path is:[14459, 34700, 23931]
2018-04-15 20:17:43,309 [DEBUG|PoliceForce/60979243|TestSearchForFire] choosed:14459
2018-04-15 20:17:46,572 [DEBUG|PoliceForce/60979243|TestSearchForFire] Time:148
2018-04-15 20:17:46,572 [DEBUG|PoliceForce/60979243|TestRoadDetector] Time:148
2018-04-15 20:17:46,573 [DEBUG|PoliceForce/60979243|TestRoadDetector] Targets: []
2018-04-15 20:17:46,573 [DEBUG|PoliceForce/60979243|TestSearchForFire] unsearchedBuildingIDs:[23931]
2018-04-15 20:17:46,573 [DEBUG|PoliceForce/60979243|TestSearchForFire] best path is:[14459, 34700, 23931]
2018-04-15 20:17:46,573 [DEBUG|PoliceForce/60979243|TestSearchForFire] choosed:14459
2018-04-15 20:17:49,980 [DEBUG|PoliceForce/60979243|TestSearchForFire] Time:149
2018-04-15 20:17:49,980 [DEBUG|PoliceForce/60979243|TestRoadDetector] Time:149
2018-04-15 20:17:49,980 [DEBUG|PoliceForce/60979243|TestRoadDetector] Targets: []
2018-04-15 20:17:49,980 [DEBUG|PoliceForce/60979243|TestSearchForFire] unsearchedBuildingIDs:[23931]
2018-04-15 20:17:49,980 [DEBUG|PoliceForce/60979243|TestSearchForFire] best path is:[14459, 34700, 23931]
2018-04-15 20:17:49,981 [DEBUG|PoliceForce/60979243|TestSearchForFire] choosed:14459
2018-04-15 20:17:53,612 [DEBUG|PoliceForce/60979243|TestSearchForFire] Time:150
2018-04-15 20:17:53,612 [DEBUG|PoliceForce/60979243|TestRoadDetector] Time:150
2018-04-15 20:17:53,612 [DEBUG|PoliceForce/60979243|TestRoadDetector] Targets: []
2018-04-15 20:17:53,612 [DEBUG|PoliceForce/60979243|TestSearchForFire] unsearchedBuildingIDs:[23931]
2018-04-15 20:17:53,613 [DEBUG|PoliceForce/60979243|TestSearchForFire] best path is:[14459, 34700, 23931]
2018-04-15 20:17:53,613 [DEBUG|PoliceForce/60979243|TestSearchForFire] choosed:14459
2018-04-15 20:17:57,040 [DEBUG|PoliceForce/60979243|TestSearchForFire] Time:151
2018-04-15 20:17:57,040 [DEBUG|PoliceForce/60979243|TestRoadDetector] Time:151
2018-04-15 20:17:57,041 [DEBUG|PoliceForce/60979243|TestRoadDetector] Targets: []
2018-04-15 20:17:57,041 [DEBUG|PoliceForce/60979243|TestSearchForFire] unsearchedBuildingIDs:[23931]
2018-04-15 20:17:57,041 [DEBUG|PoliceForce/60979243|TestSearchForFire] best path is:[14459, 34700, 23931]
2018-04-15 20:17:57,041 [DEBUG|PoliceForce/60979243|TestSearchForFire] choosed:14459
2018-04-15 20:18:00,562 [DEBUG|PoliceForce/60979243|TestSearchForFire] Time:152
2018-04-15 20:18:00,562 [DEBUG|PoliceForce/60979243|TestRoadDetector] Time:152
2018-04-15 20:18:00,562 [DEBUG|PoliceForce/60979243|TestRoadDetector] Targets: []
2018-04-15 20:18:00,562 [DEBUG|PoliceForce/60979243|TestSearchForFire] unsearchedBuildingIDs:[23931]
2018-04-15 20:18:00,562 [DEBUG|PoliceForce/60979243|TestSearchForFire] best path is:[14459, 34700, 23931]
2018-04-15 20:18:00,562 [DEBUG|PoliceForce/60979243|TestSearchForFire] choosed:14459
2018-04-15 20:18:04,056 [DEBUG|PoliceForce/60979243|TestSearchForFire] Time:153
2018-04-15 20:18:04,056 [DEBUG|PoliceForce/60979243|TestRoadDetector] Time:153
2018-04-15 20:18:04,056 [DEBUG|PoliceForce/60979243|TestRoadDetector] Targets: []
2018-04-15 20:18:04,056 [DEBUG|PoliceForce/60979243|TestSearchForFire] unsearchedBuildingIDs:[23931]
2018-04-15 20:18:04,057 [DEBUG|PoliceForce/60979243|TestSearchForFire] best path is:[14459, 34700, 23931]
2018-04-15 20:18:04,057 [DEBUG|PoliceForce/60979243|TestSearchForFire] choosed:14459
2018-04-15 20:18:07,948 [DEBUG|PoliceForce/60979243|TestSearchForFire] Time:154
2018-04-15 20:18:07,949 [DEBUG|PoliceForce/60979243|TestRoadDetector] Time:154
2018-04-15 20:18:07,949 [DEBUG|PoliceForce/60979243|TestRoadDetector] Targets: []
2018-04-15 20:18:07,949 [DEBUG|PoliceForce/60979243|TestSearchForFire] unsearchedBuildingIDs:[23931]
2018-04-15 20:18:07,949 [DEBUG|PoliceForce/60979243|TestSearchForFire] best path is:[14459, 34700, 23931]
2018-04-15 20:18:07,949 [DEBUG|PoliceForce/60979243|TestSearchForFire] choosed:14459
2018-04-15 20:18:11,524 [DEBUG|PoliceForce/60979243|TestSearchForFire] Time:155
2018-04-15 20:18:11,524 [DEBUG|PoliceForce/60979243|TestRoadDetector] Time:155
2018-04-15 20:18:11,524 [DEBUG|PoliceForce/60979243|TestRoadDetector] Targets: []
2018-04-15 20:18:11,524 [DEBUG|PoliceForce/60979243|TestSearchForFire] unsearchedBuildingIDs:[23931]
2018-04-15 20:18:11,524 [DEBUG|PoliceForce/60979243|TestSearchForFire] best path is:[14459, 34700, 23931]
2018-04-15 20:18:11,524 [DEBUG|PoliceForce/60979243|TestSearchForFire] choosed:14459
2018-04-15 20:18:15,328 [DEBUG|PoliceForce/60979243|TestSearchForFire] Time:156
2018-04-15 20:18:15,328 [DEBUG|PoliceForce/60979243|TestRoadDetector] Time:156
2018-04-15 20:18:15,328 [DEBUG|PoliceForce/60979243|TestRoadDetector] Targets: []
2018-04-15 20:18:15,328 [DEBUG|PoliceForce/60979243|TestSearchForFire] unsearchedBuildingIDs:[23931]
2018-04-15 20:18:15,329 [DEBUG|PoliceForce/60979243|TestSearchForFire] best path is:[14459, 34700, 23931]
2018-04-15 20:18:15,329 [DEBUG|PoliceForce/60979243|TestSearchForFire] choosed:14459
2018-04-15 20:18:18,840 [DEBUG|PoliceForce/60979243|TestSearchForFire] Time:157
2018-04-15 20:18:18,840 [DEBUG|PoliceForce/60979243|TestRoadDetector] Time:157
2018-04-15 20:18:18,841 [DEBUG|PoliceForce/60979243|TestRoadDetector] Targets: []
2018-04-15 20:18:18,841 [DEBUG|PoliceForce/60979243|TestSearchForFire] unsearchedBuildingIDs:[23931]
2018-04-15 20:18:18,841 [DEBUG|PoliceForce/60979243|TestSearchForFire] best path is:[14459, 34700, 23931]
2018-04-15 20:18:18,841 [DEBUG|PoliceForce/60979243|TestSearchForFire] choosed:14459
2018-04-15 20:18:22,408 [DEBUG|PoliceForce/60979243|TestSearchForFire] Time:158
2018-04-15 20:18:22,408 [DEBUG|PoliceForce/60979243|TestRoadDetector] Time:158
2018-04-15 20:18:22,408 [DEBUG|PoliceForce/60979243|TestRoadDetector] Targets: []
2018-04-15 20:18:22,408 [DEBUG|PoliceForce/60979243|TestSearchForFire] unsearchedBuildingIDs:[23931]
2018-04-15 20:18:22,408 [DEBUG|PoliceForce/60979243|TestSearchForFire] best path is:[14459, 34700, 23931]
2018-04-15 20:18:22,408 [DEBUG|PoliceForce/60979243|TestSearchForFire] choosed:14459
2018-04-15 20:18:25,960 [DEBUG|PoliceForce/60979243|TestSearchForFire] Time:159
2018-04-15 20:18:25,960 [DEBUG|PoliceForce/60979243|TestRoadDetector] Time:159
2018-04-15 20:18:25,960 [DEBUG|PoliceForce/60979243|TestRoadDetector] Targets: []
2018-04-15 20:18:25,961 [DEBUG|PoliceForce/60979243|TestSearchForFire] unsearchedBuildingIDs:[23931]
2018-04-15 20:18:25,961 [DEBUG|PoliceForce/60979243|TestSearchForFire] best path is:[14459, 34700, 23931]
2018-04-15 20:18:25,961 [DEBUG|PoliceForce/60979243|TestSearchForFire] choosed:14459
