2018-04-15 20:06:42,557 [DEBUG|PoliceForce/995596944|TestSearchForFire] Time:1
2018-04-15 20:06:42,558 [DEBUG|PoliceForce/995596944|TestRoadDetector] Time:1
2018-04-15 20:06:42,558 [DEBUG|PoliceForce/995596944|TestRoadDetector] Targets: [Refuge (18733)]
2018-04-15 20:06:42,655 [DEBUG|PoliceForce/995596944|TestRoadDetector] Selected Target: 18733
2018-04-15 20:06:51,921 [DEBUG|PoliceForce/995596944|TestSearchForFire] Time:2
2018-04-15 20:06:51,921 [DEBUG|PoliceForce/995596944|TestRoadDetector] Time:2
2018-04-15 20:06:55,389 [DEBUG|PoliceForce/995596944|TestSearchForFire] Time:3
2018-04-15 20:06:55,391 [DEBUG|PoliceForce/995596944|TestRoadDetector] Time:3
2018-04-15 20:07:06,770 [DEBUG|PoliceForce/995596944|TestSearchForFire] Time:4
2018-04-15 20:07:06,770 [DEBUG|PoliceForce/995596944|TestRoadDetector] Time:4
2018-04-15 20:07:15,325 [DEBUG|PoliceForce/995596944|TestSearchForFire] Time:5
2018-04-15 20:07:15,325 [DEBUG|PoliceForce/995596944|TestRoadDetector] Time:5
2018-04-15 20:07:23,651 [DEBUG|PoliceForce/995596944|TestSearchForFire] Time:6
2018-04-15 20:07:23,651 [DEBUG|PoliceForce/995596944|TestRoadDetector] Time:6
2018-04-15 20:07:31,280 [DEBUG|PoliceForce/995596944|TestSearchForFire] Time:7
2018-04-15 20:07:31,281 [DEBUG|PoliceForce/995596944|TestRoadDetector] Time:7
2018-04-15 20:07:38,750 [DEBUG|PoliceForce/995596944|TestSearchForFire] Time:8
2018-04-15 20:07:38,751 [DEBUG|PoliceForce/995596944|TestRoadDetector] Time:8
2018-04-15 20:07:46,033 [DEBUG|PoliceForce/995596944|TestSearchForFire] Time:9
2018-04-15 20:07:46,033 [DEBUG|PoliceForce/995596944|TestRoadDetector] Time:9
2018-04-15 20:07:53,377 [DEBUG|PoliceForce/995596944|TestSearchForFire] Time:10
2018-04-15 20:07:53,377 [DEBUG|PoliceForce/995596944|TestRoadDetector] Time:10
2018-04-15 20:08:00,284 [DEBUG|PoliceForce/995596944|TestSearchForFire] Time:11
2018-04-15 20:08:00,284 [DEBUG|PoliceForce/995596944|TestRoadDetector] Time:11
2018-04-15 20:08:07,371 [DEBUG|PoliceForce/995596944|TestSearchForFire] Time:12
2018-04-15 20:08:07,371 [DEBUG|PoliceForce/995596944|TestRoadDetector] Time:12
2018-04-15 20:08:14,086 [DEBUG|PoliceForce/995596944|TestSearchForFire] Time:13
2018-04-15 20:08:14,087 [DEBUG|PoliceForce/995596944|TestRoadDetector] Time:13
2018-04-15 20:08:20,648 [DEBUG|PoliceForce/995596944|TestSearchForFire] Time:14
2018-04-15 20:08:20,649 [DEBUG|PoliceForce/995596944|TestRoadDetector] Time:14
2018-04-15 20:08:27,755 [DEBUG|PoliceForce/995596944|TestSearchForFire] Time:15
2018-04-15 20:08:27,755 [DEBUG|PoliceForce/995596944|TestRoadDetector] Time:15
2018-04-15 20:08:35,009 [DEBUG|PoliceForce/995596944|TestSearchForFire] Time:16
2018-04-15 20:08:35,009 [DEBUG|PoliceForce/995596944|TestRoadDetector] Time:16
2018-04-15 20:08:41,628 [DEBUG|PoliceForce/995596944|TestSearchForFire] Time:17
2018-04-15 20:08:41,629 [DEBUG|PoliceForce/995596944|TestRoadDetector] Time:17
2018-04-15 20:08:49,520 [DEBUG|PoliceForce/995596944|TestSearchForFire] Time:18
2018-04-15 20:08:49,521 [DEBUG|PoliceForce/995596944|TestRoadDetector] Time:18
2018-04-15 20:08:56,108 [DEBUG|PoliceForce/995596944|TestSearchForFire] Time:19
2018-04-15 20:08:56,108 [DEBUG|PoliceForce/995596944|TestRoadDetector] Time:19
2018-04-15 20:09:02,879 [DEBUG|PoliceForce/995596944|TestSearchForFire] Time:20
2018-04-15 20:09:02,879 [DEBUG|PoliceForce/995596944|TestRoadDetector] Time:20
2018-04-15 20:09:10,161 [DEBUG|PoliceForce/995596944|TestSearchForFire] Time:21
2018-04-15 20:09:10,161 [DEBUG|PoliceForce/995596944|TestRoadDetector] Time:21
2018-04-15 20:09:16,847 [DEBUG|PoliceForce/995596944|TestSearchForFire] Time:22
2018-04-15 20:09:16,847 [DEBUG|PoliceForce/995596944|TestRoadDetector] Time:22
2018-04-15 20:09:22,899 [DEBUG|PoliceForce/995596944|TestSearchForFire] Time:23
2018-04-15 20:09:22,901 [DEBUG|PoliceForce/995596944|TestRoadDetector] Time:23
2018-04-15 20:09:28,852 [DEBUG|PoliceForce/995596944|TestSearchForFire] Time:24
2018-04-15 20:09:28,852 [DEBUG|PoliceForce/995596944|TestRoadDetector] Time:24
2018-04-15 20:09:34,725 [DEBUG|PoliceForce/995596944|TestSearchForFire] Time:25
2018-04-15 20:09:34,725 [DEBUG|PoliceForce/995596944|TestRoadDetector] Time:25
2018-04-15 20:09:40,722 [DEBUG|PoliceForce/995596944|TestSearchForFire] Time:26
2018-04-15 20:09:40,723 [DEBUG|PoliceForce/995596944|TestRoadDetector] Time:26
2018-04-15 20:09:46,701 [DEBUG|PoliceForce/995596944|TestSearchForFire] Time:27
2018-04-15 20:09:46,701 [DEBUG|PoliceForce/995596944|TestRoadDetector] Time:27
2018-04-15 20:09:52,821 [DEBUG|PoliceForce/995596944|TestSearchForFire] Time:28
2018-04-15 20:09:52,821 [DEBUG|PoliceForce/995596944|TestRoadDetector] Time:28
2018-04-15 20:09:58,632 [DEBUG|PoliceForce/995596944|TestSearchForFire] Time:29
2018-04-15 20:09:58,632 [DEBUG|PoliceForce/995596944|TestRoadDetector] Time:29
2018-04-15 20:10:04,520 [DEBUG|PoliceForce/995596944|TestSearchForFire] Time:30
2018-04-15 20:10:04,520 [DEBUG|PoliceForce/995596944|TestRoadDetector] Time:30
2018-04-15 20:10:10,276 [DEBUG|PoliceForce/995596944|TestSearchForFire] Time:31
2018-04-15 20:10:10,277 [DEBUG|PoliceForce/995596944|TestRoadDetector] Time:31
2018-04-15 20:10:15,852 [DEBUG|PoliceForce/995596944|TestSearchForFire] Time:32
2018-04-15 20:10:15,852 [DEBUG|PoliceForce/995596944|TestRoadDetector] Time:32
2018-04-15 20:10:21,281 [DEBUG|PoliceForce/995596944|TestSearchForFire] Time:33
2018-04-15 20:10:21,281 [DEBUG|PoliceForce/995596944|TestRoadDetector] Time:33
2018-04-15 20:10:26,805 [DEBUG|PoliceForce/995596944|TestSearchForFire] Time:34
2018-04-15 20:10:26,805 [DEBUG|PoliceForce/995596944|TestRoadDetector] Time:34
2018-04-15 20:10:32,152 [DEBUG|PoliceForce/995596944|TestSearchForFire] Time:35
2018-04-15 20:10:32,152 [DEBUG|PoliceForce/995596944|TestRoadDetector] Time:35
2018-04-15 20:10:37,933 [DEBUG|PoliceForce/995596944|TestSearchForFire] Time:36
2018-04-15 20:10:37,933 [DEBUG|PoliceForce/995596944|TestRoadDetector] Time:36
2018-04-15 20:10:43,076 [DEBUG|PoliceForce/995596944|TestSearchForFire] Time:37
2018-04-15 20:10:43,077 [DEBUG|PoliceForce/995596944|TestRoadDetector] Time:37
2018-04-15 20:10:48,316 [DEBUG|PoliceForce/995596944|TestSearchForFire] Time:38
2018-04-15 20:10:48,317 [DEBUG|PoliceForce/995596944|TestRoadDetector] Time:38
2018-04-15 20:10:53,461 [DEBUG|PoliceForce/995596944|TestSearchForFire] Time:39
2018-04-15 20:10:53,461 [DEBUG|PoliceForce/995596944|TestRoadDetector] Time:39
2018-04-15 20:10:58,616 [DEBUG|PoliceForce/995596944|TestSearchForFire] Time:40
2018-04-15 20:10:58,617 [DEBUG|PoliceForce/995596944|TestRoadDetector] Time:40
2018-04-15 20:10:58,617 [DEBUG|PoliceForce/995596944|TestRoadDetector] reach to Refuge (18733) reseting target
2018-04-15 20:10:58,617 [DEBUG|PoliceForce/995596944|TestRoadDetector] Targets: []
2018-04-15 20:10:58,617 [DEBUG|PoliceForce/995596944|TestSearchForFire] unsearchedBuildingIDs:[16901, 23877, 13512, 17229, 26704, 33425, 20306, 33043, 35667, 15955, 33048, 14040, 26074, 35676, 26336, 28839, 33266, 21304, 33338, 26171, 20478]
2018-04-15 20:10:58,617 [DEBUG|PoliceForce/995596944|TestSearchForFire] best path is:[18733, 18749, 35789, 35924, 35923, 35926, 35930, 4731, 16917, 16901]
2018-04-15 20:10:58,617 [DEBUG|PoliceForce/995596944|TestSearchForFire] choosed:4731
2018-04-15 20:11:03,680 [DEBUG|PoliceForce/995596944|TestSearchForFire] Time:41
2018-04-15 20:11:03,680 [DEBUG|PoliceForce/995596944|TestRoadDetector] Time:41
2018-04-15 20:11:03,681 [DEBUG|PoliceForce/995596944|TestRoadDetector] Targets: []
2018-04-15 20:11:03,681 [DEBUG|PoliceForce/995596944|TestSearchForFire] unsearchedBuildingIDs:[16901, 23877, 13512, 17229, 26704, 33425, 20306, 33043, 35667, 15955, 33048, 14040, 26074, 35676, 26336, 28839, 33266, 21304, 33338, 26171, 20478]
2018-04-15 20:11:03,681 [DEBUG|PoliceForce/995596944|TestSearchForFire] best path is:[35924, 35923, 35926, 35930, 4731, 16917, 16901]
2018-04-15 20:11:03,681 [DEBUG|PoliceForce/995596944|TestSearchForFire] choosed:4731
2018-04-15 20:11:08,488 [DEBUG|PoliceForce/995596944|TestSearchForFire] Time:42
2018-04-15 20:11:08,488 [DEBUG|PoliceForce/995596944|TestRoadDetector] Time:42
2018-04-15 20:11:08,488 [DEBUG|PoliceForce/995596944|TestRoadDetector] Targets: []
2018-04-15 20:11:08,488 [DEBUG|PoliceForce/995596944|TestSearchForFire] unsearchedBuildingIDs:[13512, 17229, 26704, 33425, 20306, 33043, 35667, 15955, 33048, 14040, 26074, 35676, 26336, 28839, 33266, 21304, 33338, 26171, 20478]
2018-04-15 20:11:08,488 [DEBUG|PoliceForce/995596944|TestSearchForFire] best path is:[35930, 35929, 35803, 35807, 35810, 33049, 33048]
2018-04-15 20:11:08,488 [DEBUG|PoliceForce/995596944|TestSearchForFire] choosed:35810
2018-04-15 20:11:13,645 [DEBUG|PoliceForce/995596944|TestSearchForFire] Time:43
2018-04-15 20:11:13,645 [DEBUG|PoliceForce/995596944|TestRoadDetector] Time:43
2018-04-15 20:11:13,645 [DEBUG|PoliceForce/995596944|TestRoadDetector] Targets: []
2018-04-15 20:11:13,645 [DEBUG|PoliceForce/995596944|TestSearchForFire] unsearchedBuildingIDs:[13512, 17229, 26704, 33425, 20306, 35667, 15955, 14040, 26074, 35676, 26336, 28839, 33266, 21304, 33338, 26171, 20478]
2018-04-15 20:11:13,645 [DEBUG|PoliceForce/995596944|TestSearchForFire] best path is:[35803, 35807, 35810, 35813, 35816, 35818, 13527, 13512]
2018-04-15 20:11:13,645 [DEBUG|PoliceForce/995596944|TestSearchForFire] choosed:35818
2018-04-15 20:11:18,512 [DEBUG|PoliceForce/995596944|TestSearchForFire] Time:44
2018-04-15 20:11:18,513 [DEBUG|PoliceForce/995596944|TestRoadDetector] Time:44
2018-04-15 20:11:18,513 [DEBUG|PoliceForce/995596944|TestRoadDetector] Targets: []
2018-04-15 20:11:18,513 [DEBUG|PoliceForce/995596944|TestSearchForFire] unsearchedBuildingIDs:[17229, 26704, 33425, 20306, 35667, 14040, 26074, 35676, 26336, 28839, 33266, 33338, 26171, 20478]
2018-04-15 20:11:18,513 [DEBUG|PoliceForce/995596944|TestSearchForFire] best path is:[35818, 35816, 35813, 35810, 35937, 35936, 35932, 35638, 35639, 35634, 35536, 35601, 35667]
2018-04-15 20:11:18,514 [DEBUG|PoliceForce/995596944|TestSearchForFire] choosed:35536
2018-04-15 20:11:23,953 [DEBUG|PoliceForce/995596944|TestSearchForFire] Time:45
2018-04-15 20:11:23,953 [DEBUG|PoliceForce/995596944|TestRoadDetector] Time:45
2018-04-15 20:11:23,953 [DEBUG|PoliceForce/995596944|TestRoadDetector] Targets: []
2018-04-15 20:11:23,953 [DEBUG|PoliceForce/995596944|TestSearchForFire] unsearchedBuildingIDs:[17229, 26704, 33425, 20306, 35667, 14040, 26074, 35676, 26336, 28839, 33266, 33338, 26171, 20478]
2018-04-15 20:11:23,953 [DEBUG|PoliceForce/995596944|TestSearchForFire] best path is:[35937, 35936, 35932, 35638, 35639, 35634, 35536, 35601, 35667]
2018-04-15 20:11:23,953 [DEBUG|PoliceForce/995596944|TestSearchForFire] choosed:35536
2018-04-15 20:11:28,816 [DEBUG|PoliceForce/995596944|TestSearchForFire] Time:46
2018-04-15 20:11:28,817 [DEBUG|PoliceForce/995596944|TestRoadDetector] Time:46
2018-04-15 20:11:28,817 [DEBUG|PoliceForce/995596944|TestRoadDetector] Targets: []
2018-04-15 20:11:28,817 [DEBUG|PoliceForce/995596944|TestSearchForFire] unsearchedBuildingIDs:[17229, 26704, 33425, 20306, 35667, 14040, 26074, 35676, 26336, 28839, 33266, 33338, 26171, 20478]
2018-04-15 20:11:28,817 [DEBUG|PoliceForce/995596944|TestSearchForFire] best path is:[35932, 35638, 35639, 35634, 35536, 35601, 35667]
2018-04-15 20:11:28,817 [DEBUG|PoliceForce/995596944|TestSearchForFire] choosed:35536
2018-04-15 20:11:33,624 [DEBUG|PoliceForce/995596944|TestSearchForFire] Time:47
2018-04-15 20:11:33,624 [DEBUG|PoliceForce/995596944|TestRoadDetector] Time:47
2018-04-15 20:11:33,625 [DEBUG|PoliceForce/995596944|TestRoadDetector] Targets: [Building (35536)]
2018-04-15 20:11:33,625 [DEBUG|PoliceForce/995596944|TestRoadDetector] Selected Target: 35536
2018-04-15 20:11:38,528 [DEBUG|PoliceForce/995596944|TestSearchForFire] Time:48
2018-04-15 20:11:38,528 [DEBUG|PoliceForce/995596944|TestRoadDetector] Time:48
2018-04-15 20:11:43,144 [DEBUG|PoliceForce/995596944|TestSearchForFire] Time:49
2018-04-15 20:11:43,144 [DEBUG|PoliceForce/995596944|TestRoadDetector] Time:49
2018-04-15 20:11:43,144 [DEBUG|PoliceForce/995596944|TestRoadDetector] reach to Building (35536) reseting target
2018-04-15 20:11:43,144 [DEBUG|PoliceForce/995596944|TestRoadDetector] Targets: []
2018-04-15 20:11:43,144 [DEBUG|PoliceForce/995596944|TestSearchForFire] unsearchedBuildingIDs:[17229, 26704, 33425, 20306, 14040, 26074, 26336, 28839, 33266, 33338, 26171, 20478]
2018-04-15 20:11:43,145 [DEBUG|PoliceForce/995596944|TestSearchForFire] best path is:[35536, 35634, 35639, 35638, 35932, 35930, 4731, 2382, 7359, 4524, 17245, 17229]
2018-04-15 20:11:43,145 [DEBUG|PoliceForce/995596944|TestSearchForFire] choosed:4524
2018-04-15 20:11:48,148 [DEBUG|PoliceForce/995596944|TestSearchForFire] Time:50
2018-04-15 20:11:48,148 [DEBUG|PoliceForce/995596944|TestRoadDetector] Time:50
2018-04-15 20:11:48,149 [DEBUG|PoliceForce/995596944|TestRoadDetector] Targets: []
2018-04-15 20:11:48,149 [DEBUG|PoliceForce/995596944|TestSearchForFire] unsearchedBuildingIDs:[17229, 26704, 33425, 20306, 14040, 26074, 26336, 28839, 33266, 33338, 26171, 20478]
2018-04-15 20:11:48,149 [DEBUG|PoliceForce/995596944|TestSearchForFire] best path is:[35930, 4731, 2382, 7359, 4524, 17245, 17229]
2018-04-15 20:11:48,149 [DEBUG|PoliceForce/995596944|TestSearchForFire] choosed:4524
2018-04-15 20:11:52,697 [DEBUG|PoliceForce/995596944|TestSearchForFire] Time:51
2018-04-15 20:11:52,697 [DEBUG|PoliceForce/995596944|TestRoadDetector] Time:51
2018-04-15 20:11:52,698 [DEBUG|PoliceForce/995596944|TestRoadDetector] Targets: []
2018-04-15 20:11:52,698 [DEBUG|PoliceForce/995596944|TestSearchForFire] unsearchedBuildingIDs:[33425, 20306, 14040, 26074, 26336, 28839, 33266, 33338, 26171]
2018-04-15 20:11:52,699 [DEBUG|PoliceForce/995596944|TestSearchForFire] best path is:[4524, 7359, 2382, 4731, 35930, 35926, 35923, 35920, 35918, 35914, 26186, 26171]
2018-04-15 20:11:52,700 [DEBUG|PoliceForce/995596944|TestSearchForFire] choosed:35914
2018-04-15 20:11:57,069 [DEBUG|PoliceForce/995596944|TestSearchForFire] Time:52
2018-04-15 20:11:57,069 [DEBUG|PoliceForce/995596944|TestRoadDetector] Time:52
2018-04-15 20:11:57,069 [DEBUG|PoliceForce/995596944|TestRoadDetector] Targets: []
2018-04-15 20:11:57,069 [DEBUG|PoliceForce/995596944|TestSearchForFire] unsearchedBuildingIDs:[33425, 20306, 14040, 26074, 26336, 28839, 33266, 33338]
2018-04-15 20:11:57,070 [DEBUG|PoliceForce/995596944|TestSearchForFire] best path is:[35930, 35926, 35923, 35920, 35918, 6945, 14056, 14040]
2018-04-15 20:11:57,070 [DEBUG|PoliceForce/995596944|TestSearchForFire] choosed:6945
2018-04-15 20:12:01,517 [DEBUG|PoliceForce/995596944|TestSearchForFire] Time:53
2018-04-15 20:12:01,517 [DEBUG|PoliceForce/995596944|TestRoadDetector] Time:53
2018-04-15 20:12:01,517 [DEBUG|PoliceForce/995596944|TestRoadDetector] Targets: []
2018-04-15 20:12:01,517 [DEBUG|PoliceForce/995596944|TestSearchForFire] unsearchedBuildingIDs:[33425, 20306, 26074, 26336, 28839, 33266, 33338]
2018-04-15 20:12:01,517 [DEBUG|PoliceForce/995596944|TestSearchForFire] best path is:[35918, 6945, 2544, 8376, 26090, 26074]
2018-04-15 20:12:01,517 [DEBUG|PoliceForce/995596944|TestSearchForFire] choosed:8376
2018-04-15 20:12:06,080 [DEBUG|PoliceForce/995596944|TestSearchForFire] Time:54
2018-04-15 20:12:06,080 [DEBUG|PoliceForce/995596944|TestRoadDetector] Time:54
2018-04-15 20:12:06,081 [DEBUG|PoliceForce/995596944|TestRoadDetector] Targets: []
2018-04-15 20:12:06,081 [DEBUG|PoliceForce/995596944|TestSearchForFire] unsearchedBuildingIDs:[33425, 26336, 33266, 33338]
2018-04-15 20:12:06,082 [DEBUG|PoliceForce/995596944|TestSearchForFire] best path is:[2544, 6945, 35918, 35914, 35911, 3462, 2526, 7080, 4956, 33169, 33179, 33190, 33191, 33276, 33266]
2018-04-15 20:12:06,082 [DEBUG|PoliceForce/995596944|TestSearchForFire] choosed:33191
2018-04-15 20:12:10,608 [DEBUG|PoliceForce/995596944|TestSearchForFire] Time:55
2018-04-15 20:12:10,608 [DEBUG|PoliceForce/995596944|TestRoadDetector] Time:55
2018-04-15 20:12:10,609 [DEBUG|PoliceForce/995596944|TestRoadDetector] Targets: []
2018-04-15 20:12:10,609 [DEBUG|PoliceForce/995596944|TestSearchForFire] unsearchedBuildingIDs:[33425, 26336, 33266, 33338]
2018-04-15 20:12:10,610 [DEBUG|PoliceForce/995596944|TestSearchForFire] best path is:[2544, 6945, 35918, 35914, 35911, 3462, 2526, 7080, 4956, 33169, 33179, 33190, 33191, 33276, 33266]
2018-04-15 20:12:10,610 [DEBUG|PoliceForce/995596944|TestSearchForFire] choosed:33191
2018-04-15 20:12:15,212 [DEBUG|PoliceForce/995596944|TestSearchForFire] Time:56
2018-04-15 20:12:15,212 [DEBUG|PoliceForce/995596944|TestRoadDetector] Time:56
2018-04-15 20:12:15,213 [DEBUG|PoliceForce/995596944|TestRoadDetector] Targets: []
2018-04-15 20:12:15,213 [DEBUG|PoliceForce/995596944|TestSearchForFire] unsearchedBuildingIDs:[33425, 26336, 33266, 33338]
2018-04-15 20:12:15,214 [DEBUG|PoliceForce/995596944|TestSearchForFire] best path is:[2544, 6945, 35918, 35914, 35911, 3462, 2526, 7080, 4956, 33169, 33179, 33190, 33191, 33276, 33266]
2018-04-15 20:12:15,214 [DEBUG|PoliceForce/995596944|TestSearchForFire] choosed:33191
2018-04-15 20:12:25,261 [DEBUG|PoliceForce/995596944|TestSearchForFire] Time:57
2018-04-15 20:12:25,261 [DEBUG|PoliceForce/995596944|TestRoadDetector] Time:57
2018-04-15 20:12:25,262 [DEBUG|PoliceForce/995596944|TestRoadDetector] Targets: []
2018-04-15 20:12:25,262 [DEBUG|PoliceForce/995596944|TestSearchForFire] unsearchedBuildingIDs:[33425, 26336, 33266, 33338]
2018-04-15 20:12:25,262 [DEBUG|PoliceForce/995596944|TestSearchForFire] best path is:[35918, 35914, 35911, 3462, 2526, 7080, 4956, 33169, 33179, 33190, 33191, 33276, 33266]
2018-04-15 20:12:25,262 [DEBUG|PoliceForce/995596944|TestSearchForFire] choosed:33191
2018-04-15 20:12:25,817 [DEBUG|PoliceForce/995596944|TestSearchForFire] Time:58
2018-04-15 20:12:25,817 [DEBUG|PoliceForce/995596944|TestRoadDetector] Time:58
2018-04-15 20:12:25,817 [DEBUG|PoliceForce/995596944|TestRoadDetector] Targets: []
2018-04-15 20:12:25,817 [DEBUG|PoliceForce/995596944|TestSearchForFire] unsearchedBuildingIDs:[33425, 26336, 33266, 33338]
2018-04-15 20:12:25,818 [DEBUG|PoliceForce/995596944|TestSearchForFire] best path is:[35917, 35918, 35914, 35911, 3462, 2526, 7080, 4956, 33169, 33179, 33190, 33191, 33276, 33266]
2018-04-15 20:12:25,818 [DEBUG|PoliceForce/995596944|TestSearchForFire] choosed:33191
2018-04-15 20:12:30,196 [DEBUG|PoliceForce/995596944|TestSearchForFire] Time:59
2018-04-15 20:12:30,196 [DEBUG|PoliceForce/995596944|TestRoadDetector] Time:59
2018-04-15 20:12:30,196 [DEBUG|PoliceForce/995596944|TestRoadDetector] Targets: []
2018-04-15 20:12:30,197 [DEBUG|PoliceForce/995596944|TestSearchForFire] unsearchedBuildingIDs:[33425, 26336, 33338]
2018-04-15 20:12:30,197 [DEBUG|PoliceForce/995596944|TestSearchForFire] best path is:[35911, 3462, 2526, 7080, 4956, 33169, 33179, 33190, 33191, 33234, 33282, 33431, 33447, 33425]
2018-04-15 20:12:30,197 [DEBUG|PoliceForce/995596944|TestSearchForFire] choosed:33431
2018-04-15 20:12:34,629 [DEBUG|PoliceForce/995596944|TestSearchForFire] Time:60
2018-04-15 20:12:34,629 [DEBUG|PoliceForce/995596944|TestRoadDetector] Time:60
2018-04-15 20:12:34,629 [DEBUG|PoliceForce/995596944|TestRoadDetector] Targets: []
2018-04-15 20:12:34,629 [DEBUG|PoliceForce/995596944|TestSearchForFire] unsearchedBuildingIDs:[33425, 26336, 33338]
2018-04-15 20:12:34,630 [DEBUG|PoliceForce/995596944|TestSearchForFire] best path is:[3462, 2526, 7080, 4956, 33169, 33179, 33190, 33191, 33234, 33282, 33431, 33447, 33425]
2018-04-15 20:12:34,630 [DEBUG|PoliceForce/995596944|TestSearchForFire] choosed:33431
2018-04-15 20:12:38,689 [DEBUG|PoliceForce/995596944|TestSearchForFire] Time:61
2018-04-15 20:12:38,689 [DEBUG|PoliceForce/995596944|TestRoadDetector] Time:61
2018-04-15 20:12:38,690 [DEBUG|PoliceForce/995596944|TestRoadDetector] Targets: []
2018-04-15 20:12:38,690 [DEBUG|PoliceForce/995596944|TestSearchForFire] unsearchedBuildingIDs:[33425, 26336, 33338]
2018-04-15 20:12:38,690 [DEBUG|PoliceForce/995596944|TestSearchForFire] best path is:[33169, 33179, 33190, 33191, 33234, 33282, 33431, 33447, 33425]
2018-04-15 20:12:38,690 [DEBUG|PoliceForce/995596944|TestSearchForFire] choosed:33431
2018-04-15 20:12:42,524 [DEBUG|PoliceForce/995596944|TestSearchForFire] Time:62
2018-04-15 20:12:42,524 [DEBUG|PoliceForce/995596944|TestRoadDetector] Time:62
2018-04-15 20:12:42,525 [DEBUG|PoliceForce/995596944|TestRoadDetector] Targets: []
2018-04-15 20:12:42,525 [DEBUG|PoliceForce/995596944|TestSearchForFire] unsearchedBuildingIDs:[33425, 26336]
2018-04-15 20:12:42,525 [DEBUG|PoliceForce/995596944|TestSearchForFire] best path is:[33191, 33234, 33282, 33431, 33447, 33425]
2018-04-15 20:12:42,525 [DEBUG|PoliceForce/995596944|TestSearchForFire] choosed:33431
2018-04-15 20:12:46,712 [DEBUG|PoliceForce/995596944|TestSearchForFire] Time:63
2018-04-15 20:12:46,712 [DEBUG|PoliceForce/995596944|TestRoadDetector] Time:63
2018-04-15 20:12:46,712 [DEBUG|PoliceForce/995596944|TestRoadDetector] Targets: []
2018-04-15 20:12:46,713 [DEBUG|PoliceForce/995596944|TestSearchForFire] unsearchedBuildingIDs:[26336]
2018-04-15 20:12:46,713 [DEBUG|PoliceForce/995596944|TestSearchForFire] best path is:[33431, 33282, 33234, 33191, 33190, 33179, 33169, 4956, 7080, 2526, 3462, 35911, 35914, 35915, 35720, 35782, 35786, 35789, 35801, 35803, 35807, 35810, 35813, 35816, 35818, 35822, 31060, 31059, 26352, 26336]
2018-04-15 20:12:46,714 [DEBUG|PoliceForce/995596944|TestSearchForFire] choosed:31059
2018-04-15 20:12:50,579 [DEBUG|PoliceForce/995596944|TestSearchForFire] Time:64
2018-04-15 20:12:50,579 [DEBUG|PoliceForce/995596944|TestRoadDetector] Time:64
2018-04-15 20:12:50,579 [DEBUG|PoliceForce/995596944|TestRoadDetector] Targets: []
2018-04-15 20:12:50,579 [DEBUG|PoliceForce/995596944|TestSearchForFire] unsearchedBuildingIDs:[26336]
2018-04-15 20:12:50,580 [DEBUG|PoliceForce/995596944|TestSearchForFire] best path is:[33191, 33190, 33179, 33169, 4956, 7080, 2526, 3462, 35911, 35914, 35915, 35720, 35782, 35786, 35789, 35801, 35803, 35807, 35810, 35813, 35816, 35818, 35822, 31060, 31059, 26352, 26336]
2018-04-15 20:12:50,581 [DEBUG|PoliceForce/995596944|TestSearchForFire] choosed:31059
2018-04-15 20:12:54,824 [DEBUG|PoliceForce/995596944|TestSearchForFire] Time:65
2018-04-15 20:12:54,825 [DEBUG|PoliceForce/995596944|TestRoadDetector] Time:65
2018-04-15 20:12:54,825 [DEBUG|PoliceForce/995596944|TestRoadDetector] Targets: []
2018-04-15 20:12:54,825 [DEBUG|PoliceForce/995596944|TestSearchForFire] unsearchedBuildingIDs:[26336]
2018-04-15 20:12:54,826 [DEBUG|PoliceForce/995596944|TestSearchForFire] best path is:[33169, 4956, 7080, 2526, 3462, 35911, 35914, 35915, 35720, 35782, 35786, 35789, 35801, 35803, 35807, 35810, 35813, 35816, 35818, 35822, 31060, 31059, 26352, 26336]
2018-04-15 20:12:54,826 [DEBUG|PoliceForce/995596944|TestSearchForFire] choosed:31059
2018-04-15 20:12:59,092 [DEBUG|PoliceForce/995596944|TestSearchForFire] Time:66
2018-04-15 20:12:59,093 [DEBUG|PoliceForce/995596944|TestRoadDetector] Time:66
2018-04-15 20:12:59,093 [DEBUG|PoliceForce/995596944|TestRoadDetector] Targets: []
2018-04-15 20:12:59,093 [DEBUG|PoliceForce/995596944|TestSearchForFire] unsearchedBuildingIDs:[26336]
2018-04-15 20:12:59,094 [DEBUG|PoliceForce/995596944|TestSearchForFire] best path is:[3462, 35911, 35914, 35915, 35720, 35782, 35786, 35789, 35801, 35803, 35807, 35810, 35813, 35816, 35818, 35822, 31060, 31059, 26352, 26336]
2018-04-15 20:12:59,094 [DEBUG|PoliceForce/995596944|TestSearchForFire] choosed:31059
2018-04-15 20:13:03,192 [DEBUG|PoliceForce/995596944|TestSearchForFire] Time:67
2018-04-15 20:13:03,192 [DEBUG|PoliceForce/995596944|TestRoadDetector] Time:67
2018-04-15 20:13:03,193 [DEBUG|PoliceForce/995596944|TestRoadDetector] Targets: []
2018-04-15 20:13:03,193 [DEBUG|PoliceForce/995596944|TestSearchForFire] unsearchedBuildingIDs:[26336]
2018-04-15 20:13:03,193 [DEBUG|PoliceForce/995596944|TestSearchForFire] best path is:[35911, 35914, 35915, 35720, 35782, 35786, 35789, 35801, 35803, 35807, 35810, 35813, 35816, 35818, 35822, 31060, 31059, 26352, 26336]
2018-04-15 20:13:03,193 [DEBUG|PoliceForce/995596944|TestSearchForFire] choosed:31059
2018-04-15 20:13:07,268 [DEBUG|PoliceForce/995596944|TestSearchForFire] Time:68
2018-04-15 20:13:07,276 [DEBUG|PoliceForce/995596944|TestRoadDetector] Time:68
2018-04-15 20:13:07,276 [DEBUG|PoliceForce/995596944|TestRoadDetector] Targets: []
2018-04-15 20:13:07,276 [DEBUG|PoliceForce/995596944|TestSearchForFire] unsearchedBuildingIDs:[26336]
2018-04-15 20:13:07,276 [DEBUG|PoliceForce/995596944|TestSearchForFire] best path is:[35720, 35782, 35786, 35789, 35801, 35803, 35807, 35810, 35813, 35816, 35818, 35822, 31060, 31059, 26352, 26336]
2018-04-15 20:13:07,276 [DEBUG|PoliceForce/995596944|TestSearchForFire] choosed:31059
2018-04-15 20:13:11,185 [DEBUG|PoliceForce/995596944|TestSearchForFire] Time:69
2018-04-15 20:13:11,185 [DEBUG|PoliceForce/995596944|TestRoadDetector] Time:69
2018-04-15 20:13:11,185 [DEBUG|PoliceForce/995596944|TestRoadDetector] Targets: []
2018-04-15 20:13:11,185 [DEBUG|PoliceForce/995596944|TestSearchForFire] unsearchedBuildingIDs:[26336]
2018-04-15 20:13:11,185 [DEBUG|PoliceForce/995596944|TestSearchForFire] best path is:[35789, 35801, 35803, 35807, 35810, 35813, 35816, 35818, 35822, 31060, 31059, 26352, 26336]
2018-04-15 20:13:11,185 [DEBUG|PoliceForce/995596944|TestSearchForFire] choosed:31059
2018-04-15 20:13:15,008 [DEBUG|PoliceForce/995596944|TestSearchForFire] Time:70
2018-04-15 20:13:15,008 [DEBUG|PoliceForce/995596944|TestRoadDetector] Time:70
2018-04-15 20:13:15,009 [DEBUG|PoliceForce/995596944|TestRoadDetector] Targets: []
2018-04-15 20:13:15,009 [DEBUG|PoliceForce/995596944|TestSearchForFire] unsearchedBuildingIDs:[26336]
2018-04-15 20:13:15,009 [DEBUG|PoliceForce/995596944|TestSearchForFire] best path is:[35940, 35813, 35816, 35818, 35822, 31060, 31059, 26352, 26336]
2018-04-15 20:13:15,009 [DEBUG|PoliceForce/995596944|TestSearchForFire] choosed:31059
2018-04-15 20:13:18,777 [DEBUG|PoliceForce/995596944|TestSearchForFire] Time:71
2018-04-15 20:13:18,777 [DEBUG|PoliceForce/995596944|TestRoadDetector] Time:71
2018-04-15 20:13:18,777 [DEBUG|PoliceForce/995596944|TestRoadDetector] Targets: []
2018-04-15 20:13:18,777 [DEBUG|PoliceForce/995596944|TestSearchForFire] unsearchedBuildingIDs:[26336]
2018-04-15 20:13:18,777 [DEBUG|PoliceForce/995596944|TestSearchForFire] best path is:[35822, 31060, 31059, 26352, 26336]
2018-04-15 20:13:18,778 [DEBUG|PoliceForce/995596944|TestSearchForFire] choosed:31059
2018-04-15 20:13:22,788 [DEBUG|PoliceForce/995596944|TestSearchForFire] Time:72
2018-04-15 20:13:22,789 [DEBUG|PoliceForce/995596944|TestRoadDetector] Time:72
2018-04-15 20:13:22,789 [DEBUG|PoliceForce/995596944|TestRoadDetector] Targets: []
2018-04-15 20:13:22,789 [DEBUG|PoliceForce/995596944|TestSearchForFire] unsearchedBuildingIDs:[16901, 23877, 21130, 17229, 25421, 26704, 35536, 33425, 35601, 20306, 33043, 35667, 33048, 14040, 26074, 35676, 19236, 19046, 35686, 28839, 35687, 20337, 33266, 25394, 20276, 15349, 33338, 26171, 22779, 20478]
2018-04-15 20:13:22,789 [DEBUG|PoliceForce/995596944|TestSearchForFire] best path is:[31059, 31060, 35822, 35818, 35816, 35813, 35810, 35937, 35936, 35932, 35638, 35639, 35634, 35536]
2018-04-15 20:13:22,789 [DEBUG|PoliceForce/995596944|TestSearchForFire] choosed:35639
2018-04-15 20:13:26,462 [DEBUG|PoliceForce/995596944|TestSearchForFire] Time:73
2018-04-15 20:13:26,462 [DEBUG|PoliceForce/995596944|TestRoadDetector] Time:73
2018-04-15 20:13:26,462 [DEBUG|PoliceForce/995596944|TestRoadDetector] Targets: []
2018-04-15 20:13:26,462 [DEBUG|PoliceForce/995596944|TestSearchForFire] unsearchedBuildingIDs:[16901, 23877, 21130, 17229, 25421, 26704, 35536, 33425, 35601, 20306, 33043, 35667, 14040, 26074, 35676, 19236, 19046, 35686, 28839, 35687, 20337, 33266, 25394, 20276, 15349, 33338, 26171, 22779, 20478]
2018-04-15 20:13:26,463 [DEBUG|PoliceForce/995596944|TestSearchForFire] best path is:[35945, 35943, 35940, 35937, 35936, 35932, 35638, 35639, 35634, 35536]
2018-04-15 20:13:26,463 [DEBUG|PoliceForce/995596944|TestSearchForFire] choosed:35639
2018-04-15 20:13:30,161 [DEBUG|PoliceForce/995596944|TestSearchForFire] Time:74
2018-04-15 20:13:30,161 [DEBUG|PoliceForce/995596944|TestRoadDetector] Time:74
2018-04-15 20:13:30,161 [DEBUG|PoliceForce/995596944|TestRoadDetector] Targets: []
2018-04-15 20:13:30,161 [DEBUG|PoliceForce/995596944|TestSearchForFire] unsearchedBuildingIDs:[16901, 23877, 21130, 17229, 25421, 26704, 33425, 20306, 35667, 14040, 26074, 35676, 19236, 19046, 35686, 28839, 35687, 33266, 25394, 20276, 15349, 33338, 26171, 22779, 20478]
2018-04-15 20:13:30,161 [DEBUG|PoliceForce/995596944|TestSearchForFire] best path is:[35937, 35933, 35929, 35930, 4731, 16917, 16901]
2018-04-15 20:13:30,161 [DEBUG|PoliceForce/995596944|TestSearchForFire] choosed:4731
2018-04-15 20:13:34,178 [DEBUG|PoliceForce/995596944|TestSearchForFire] Time:75
2018-04-15 20:13:34,178 [DEBUG|PoliceForce/995596944|TestRoadDetector] Time:75
2018-04-15 20:13:34,179 [DEBUG|PoliceForce/995596944|TestRoadDetector] Targets: []
2018-04-15 20:13:34,179 [DEBUG|PoliceForce/995596944|TestSearchForFire] unsearchedBuildingIDs:[23877, 21130, 17229, 25421, 26704, 33425, 20306, 35667, 14040, 26074, 35676, 19236, 35686, 28839, 35687, 33266, 25394, 20276, 15349, 33338, 26171, 20478]
2018-04-15 20:13:34,179 [DEBUG|PoliceForce/995596944|TestSearchForFire] best path is:[35930, 4731, 2382, 23893, 23877]
2018-04-15 20:13:34,179 [DEBUG|PoliceForce/995596944|TestSearchForFire] choosed:2382
2018-04-15 20:13:37,964 [DEBUG|PoliceForce/995596944|TestSearchForFire] Time:76
2018-04-15 20:13:37,965 [DEBUG|PoliceForce/995596944|TestRoadDetector] Time:76
2018-04-15 20:13:37,965 [DEBUG|PoliceForce/995596944|TestRoadDetector] Targets: []
2018-04-15 20:13:37,965 [DEBUG|PoliceForce/995596944|TestSearchForFire] unsearchedBuildingIDs:[21130, 25421, 26704, 33425, 20306, 14040, 26074, 19236, 35686, 28839, 35687, 33266, 25394, 20276, 15349, 33338, 26171]
2018-04-15 20:13:37,965 [DEBUG|PoliceForce/995596944|TestSearchForFire] best path is:[2382, 4731, 35930, 35929, 35803, 35807, 21145, 21130]
2018-04-15 20:13:37,965 [DEBUG|PoliceForce/995596944|TestSearchForFire] choosed:35807
2018-04-15 20:13:41,604 [DEBUG|PoliceForce/995596944|TestSearchForFire] Time:77
2018-04-15 20:13:41,604 [DEBUG|PoliceForce/995596944|TestRoadDetector] Time:77
2018-04-15 20:13:41,605 [DEBUG|PoliceForce/995596944|TestRoadDetector] Targets: []
2018-04-15 20:13:41,605 [DEBUG|PoliceForce/995596944|TestSearchForFire] unsearchedBuildingIDs:[25421, 26704, 33425, 20306, 14040, 26074, 19236, 35686, 28839, 35687, 33266, 25394, 20276, 15349, 33338, 26171]
2018-04-15 20:13:41,605 [DEBUG|PoliceForce/995596944|TestSearchForFire] best path is:[35929, 35933, 35932, 33064, 34588, 25437, 25421]
2018-04-15 20:13:41,605 [DEBUG|PoliceForce/995596944|TestSearchForFire] choosed:34588
2018-04-15 20:13:45,188 [DEBUG|PoliceForce/995596944|TestSearchForFire] Time:78
2018-04-15 20:13:45,188 [DEBUG|PoliceForce/995596944|TestRoadDetector] Time:78
2018-04-15 20:13:45,188 [DEBUG|PoliceForce/995596944|TestRoadDetector] Targets: []
2018-04-15 20:13:45,188 [DEBUG|PoliceForce/995596944|TestSearchForFire] unsearchedBuildingIDs:[25421, 26704, 33425, 20306, 14040, 26074, 19236, 28839, 35687, 33266, 25394, 20276, 15349, 33338, 26171]
2018-04-15 20:13:45,188 [DEBUG|PoliceForce/995596944|TestSearchForFire] best path is:[35932, 33064, 34588, 25437, 25421]
2018-04-15 20:13:45,189 [DEBUG|PoliceForce/995596944|TestSearchForFire] choosed:34588
2018-04-15 20:13:48,864 [DEBUG|PoliceForce/995596944|TestSearchForFire] Time:79
2018-04-15 20:13:48,865 [DEBUG|PoliceForce/995596944|TestRoadDetector] Time:79
2018-04-15 20:13:48,865 [DEBUG|PoliceForce/995596944|TestRoadDetector] Targets: []
2018-04-15 20:13:48,865 [DEBUG|PoliceForce/995596944|TestSearchForFire] unsearchedBuildingIDs:[26704, 33425, 20306, 14040, 26074, 19236, 28839, 33266, 20276, 15349, 33338, 26171]
2018-04-15 20:13:48,865 [DEBUG|PoliceForce/995596944|TestSearchForFire] best path is:[34588, 33064, 35932, 35930, 35926, 35923, 35920, 35918, 6945, 2544, 8376, 26720, 26704]
2018-04-15 20:13:48,866 [DEBUG|PoliceForce/995596944|TestSearchForFire] choosed:8376
2018-04-15 20:13:52,532 [DEBUG|PoliceForce/995596944|TestSearchForFire] Time:80
2018-04-15 20:13:52,532 [DEBUG|PoliceForce/995596944|TestRoadDetector] Time:80
2018-04-15 20:13:52,533 [DEBUG|PoliceForce/995596944|TestRoadDetector] Targets: []
2018-04-15 20:13:52,533 [DEBUG|PoliceForce/995596944|TestSearchForFire] unsearchedBuildingIDs:[26704, 33425, 20306, 14040, 26074, 19236, 28839, 33266, 20276, 15349, 33338, 26171]
2018-04-15 20:13:52,533 [DEBUG|PoliceForce/995596944|TestSearchForFire] best path is:[35932, 35930, 35926, 35923, 35920, 35918, 6945, 2544, 8376, 26720, 26704]
2018-04-15 20:13:52,533 [DEBUG|PoliceForce/995596944|TestSearchForFire] choosed:8376
2018-04-15 20:13:56,120 [DEBUG|PoliceForce/995596944|TestSearchForFire] Time:81
2018-04-15 20:13:56,120 [DEBUG|PoliceForce/995596944|TestRoadDetector] Time:81
2018-04-15 20:13:56,120 [DEBUG|PoliceForce/995596944|TestRoadDetector] Targets: []
2018-04-15 20:13:56,120 [DEBUG|PoliceForce/995596944|TestSearchForFire] unsearchedBuildingIDs:[26704, 33425, 20306, 14040, 26074, 19236, 28839, 33266, 20276, 15349, 33338]
2018-04-15 20:13:56,121 [DEBUG|PoliceForce/995596944|TestSearchForFire] best path is:[35921, 35920, 35918, 6945, 2544, 8376, 26720, 26704]
2018-04-15 20:13:56,121 [DEBUG|PoliceForce/995596944|TestSearchForFire] choosed:8376
2018-04-15 20:13:59,708 [DEBUG|PoliceForce/995596944|TestSearchForFire] Time:82
2018-04-15 20:13:59,708 [DEBUG|PoliceForce/995596944|TestRoadDetector] Time:82
2018-04-15 20:13:59,708 [DEBUG|PoliceForce/995596944|TestRoadDetector] Targets: []
2018-04-15 20:13:59,708 [DEBUG|PoliceForce/995596944|TestSearchForFire] unsearchedBuildingIDs:[26704, 33425, 19236, 28839, 33266, 20276, 15349, 33338]
2018-04-15 20:13:59,708 [DEBUG|PoliceForce/995596944|TestSearchForFire] best path is:[35918, 6945, 2544, 8376, 26720, 26704]
2018-04-15 20:13:59,708 [DEBUG|PoliceForce/995596944|TestSearchForFire] choosed:8376
2018-04-15 20:14:03,392 [DEBUG|PoliceForce/995596944|TestSearchForFire] Time:83
2018-04-15 20:14:03,392 [DEBUG|PoliceForce/995596944|TestRoadDetector] Time:83
2018-04-15 20:14:03,393 [DEBUG|PoliceForce/995596944|TestRoadDetector] Targets: []
2018-04-15 20:14:03,393 [DEBUG|PoliceForce/995596944|TestSearchForFire] unsearchedBuildingIDs:[26704, 33425, 19236, 28839, 33266, 20276, 15349, 33338]
2018-04-15 20:14:03,393 [DEBUG|PoliceForce/995596944|TestSearchForFire] best path is:[35918, 6945, 2544, 8376, 26720, 26704]
2018-04-15 20:14:03,393 [DEBUG|PoliceForce/995596944|TestSearchForFire] choosed:8376
2018-04-15 20:14:07,204 [DEBUG|PoliceForce/995596944|TestSearchForFire] Time:84
2018-04-15 20:14:07,204 [DEBUG|PoliceForce/995596944|TestRoadDetector] Time:84
2018-04-15 20:14:07,204 [DEBUG|PoliceForce/995596944|TestRoadDetector] Targets: []
2018-04-15 20:14:07,204 [DEBUG|PoliceForce/995596944|TestSearchForFire] unsearchedBuildingIDs:[33425, 19236, 28839, 33266, 20276, 15349, 33338]
2018-04-15 20:14:07,205 [DEBUG|PoliceForce/995596944|TestSearchForFire] best path is:[8376, 2544, 6945, 35918, 35914, 35911, 3462, 28855, 28839]
2018-04-15 20:14:07,205 [DEBUG|PoliceForce/995596944|TestSearchForFire] choosed:3462
2018-04-15 20:14:10,848 [DEBUG|PoliceForce/995596944|TestSearchForFire] Time:85
2018-04-15 20:14:10,848 [DEBUG|PoliceForce/995596944|TestRoadDetector] Time:85
2018-04-15 20:14:10,849 [DEBUG|PoliceForce/995596944|TestRoadDetector] Targets: []
2018-04-15 20:14:10,849 [DEBUG|PoliceForce/995596944|TestSearchForFire] unsearchedBuildingIDs:[33425, 19236, 28839, 33266, 20276, 15349, 33338]
2018-04-15 20:14:10,849 [DEBUG|PoliceForce/995596944|TestSearchForFire] best path is:[35918, 35914, 35911, 3462, 28855, 28839]
2018-04-15 20:14:10,849 [DEBUG|PoliceForce/995596944|TestSearchForFire] choosed:3462
2018-04-15 20:14:14,312 [DEBUG|PoliceForce/995596944|TestSearchForFire] Time:86
2018-04-15 20:14:14,312 [DEBUG|PoliceForce/995596944|TestRoadDetector] Time:86
2018-04-15 20:14:14,312 [DEBUG|PoliceForce/995596944|TestRoadDetector] Targets: []
2018-04-15 20:14:14,312 [DEBUG|PoliceForce/995596944|TestSearchForFire] unsearchedBuildingIDs:[33425, 19236, 28839, 20276, 15349, 33338]
2018-04-15 20:14:14,313 [DEBUG|PoliceForce/995596944|TestSearchForFire] best path is:[35911, 3462, 28855, 28839]
2018-04-15 20:14:14,313 [DEBUG|PoliceForce/995596944|TestSearchForFire] choosed:3462
2018-04-15 20:14:17,728 [DEBUG|PoliceForce/995596944|TestSearchForFire] Time:87
2018-04-15 20:14:17,728 [DEBUG|PoliceForce/995596944|TestRoadDetector] Time:87
2018-04-15 20:14:17,729 [DEBUG|PoliceForce/995596944|TestRoadDetector] Targets: []
2018-04-15 20:14:17,729 [DEBUG|PoliceForce/995596944|TestSearchForFire] unsearchedBuildingIDs:[33425, 19236, 20276, 15349, 33338]
2018-04-15 20:14:17,729 [DEBUG|PoliceForce/995596944|TestSearchForFire] best path is:[3462, 2526, 7080, 4956, 33169, 33179, 33190, 33191, 33234, 33282, 33431, 33447, 33425]
2018-04-15 20:14:17,729 [DEBUG|PoliceForce/995596944|TestSearchForFire] choosed:33431
2018-04-15 20:14:21,172 [DEBUG|PoliceForce/995596944|TestSearchForFire] Time:88
2018-04-15 20:14:21,172 [DEBUG|PoliceForce/995596944|TestRoadDetector] Time:88
2018-04-15 20:14:21,173 [DEBUG|PoliceForce/995596944|TestRoadDetector] Targets: []
2018-04-15 20:14:21,173 [DEBUG|PoliceForce/995596944|TestSearchForFire] unsearchedBuildingIDs:[33425, 19236, 20276, 15349, 33338]
2018-04-15 20:14:21,173 [DEBUG|PoliceForce/995596944|TestSearchForFire] best path is:[4956, 33169, 33179, 33190, 33191, 33234, 33282, 33431, 33447, 33425]
2018-04-15 20:14:21,173 [DEBUG|PoliceForce/995596944|TestSearchForFire] choosed:33431
2018-04-15 20:14:24,800 [DEBUG|PoliceForce/995596944|TestSearchForFire] Time:89
2018-04-15 20:14:24,800 [DEBUG|PoliceForce/995596944|TestRoadDetector] Time:89
2018-04-15 20:14:24,801 [DEBUG|PoliceForce/995596944|TestRoadDetector] Targets: []
2018-04-15 20:14:24,801 [DEBUG|PoliceForce/995596944|TestSearchForFire] unsearchedBuildingIDs:[33425, 19236, 20276, 15349]
2018-04-15 20:14:24,801 [DEBUG|PoliceForce/995596944|TestSearchForFire] best path is:[33190, 33191, 33234, 33282, 33431, 33447, 33425]
2018-04-15 20:14:24,801 [DEBUG|PoliceForce/995596944|TestSearchForFire] choosed:33431
2018-04-15 20:14:28,444 [DEBUG|PoliceForce/995596944|TestSearchForFire] Time:90
2018-04-15 20:14:28,445 [DEBUG|PoliceForce/995596944|TestRoadDetector] Time:90
2018-04-15 20:14:28,445 [DEBUG|PoliceForce/995596944|TestRoadDetector] Targets: []
2018-04-15 20:14:28,445 [DEBUG|PoliceForce/995596944|TestSearchForFire] unsearchedBuildingIDs:[19236, 20276, 15349]
2018-04-15 20:14:28,446 [DEBUG|PoliceForce/995596944|TestSearchForFire] best path is:[33282, 33234, 33191, 33190, 33179, 33169, 4956, 7080, 2526, 3462, 35911, 35914, 35918, 35920, 35923, 35926, 35930, 35932, 35936, 35939, 35942, 35946, 35948, 35951, 19251, 19236]
2018-04-15 20:14:28,446 [DEBUG|PoliceForce/995596944|TestSearchForFire] choosed:35951
2018-04-15 20:14:31,996 [DEBUG|PoliceForce/995596944|TestSearchForFire] Time:91
2018-04-15 20:14:31,997 [DEBUG|PoliceForce/995596944|TestRoadDetector] Time:91
2018-04-15 20:14:31,997 [DEBUG|PoliceForce/995596944|TestRoadDetector] Targets: []
2018-04-15 20:14:31,997 [DEBUG|PoliceForce/995596944|TestSearchForFire] unsearchedBuildingIDs:[19236, 20276, 15349]
2018-04-15 20:14:31,998 [DEBUG|PoliceForce/995596944|TestSearchForFire] best path is:[33191, 33190, 33179, 33169, 4956, 7080, 2526, 3462, 35911, 35914, 35918, 35920, 35923, 35926, 35930, 35932, 35936, 35939, 35942, 35946, 35948, 35951, 19251, 19236]
2018-04-15 20:14:31,998 [DEBUG|PoliceForce/995596944|TestSearchForFire] choosed:35951
2018-04-15 20:14:35,769 [DEBUG|PoliceForce/995596944|TestSearchForFire] Time:92
2018-04-15 20:14:35,769 [DEBUG|PoliceForce/995596944|TestRoadDetector] Time:92
2018-04-15 20:14:35,769 [DEBUG|PoliceForce/995596944|TestRoadDetector] Targets: []
2018-04-15 20:14:35,769 [DEBUG|PoliceForce/995596944|TestSearchForFire] unsearchedBuildingIDs:[19236, 20276, 15349]
2018-04-15 20:14:35,770 [DEBUG|PoliceForce/995596944|TestSearchForFire] best path is:[4956, 7080, 2526, 3462, 35911, 35914, 35918, 35920, 35923, 35926, 35930, 35932, 35936, 35939, 35942, 35946, 35948, 35951, 19251, 19236]
2018-04-15 20:14:35,770 [DEBUG|PoliceForce/995596944|TestSearchForFire] choosed:35951
2018-04-15 20:14:39,393 [DEBUG|PoliceForce/995596944|TestSearchForFire] Time:93
2018-04-15 20:14:39,393 [DEBUG|PoliceForce/995596944|TestRoadDetector] Time:93
2018-04-15 20:14:39,393 [DEBUG|PoliceForce/995596944|TestRoadDetector] Targets: []
2018-04-15 20:14:39,393 [DEBUG|PoliceForce/995596944|TestSearchForFire] unsearchedBuildingIDs:[19236, 20276, 15349]
2018-04-15 20:14:39,394 [DEBUG|PoliceForce/995596944|TestSearchForFire] best path is:[4956, 7080, 2526, 3462, 35911, 35914, 35918, 35920, 35923, 35926, 35930, 35932, 35936, 35939, 35942, 35946, 35948, 35951, 19251, 19236]
2018-04-15 20:14:39,394 [DEBUG|PoliceForce/995596944|TestSearchForFire] choosed:35951
2018-04-15 20:14:42,817 [DEBUG|PoliceForce/995596944|TestSearchForFire] Time:94
2018-04-15 20:14:42,817 [DEBUG|PoliceForce/995596944|TestRoadDetector] Time:94
2018-04-15 20:14:42,817 [DEBUG|PoliceForce/995596944|TestRoadDetector] Targets: []
2018-04-15 20:14:42,817 [DEBUG|PoliceForce/995596944|TestSearchForFire] unsearchedBuildingIDs:[19236, 20276, 15349]
2018-04-15 20:14:42,818 [DEBUG|PoliceForce/995596944|TestSearchForFire] best path is:[3462, 35911, 35914, 35918, 35920, 35923, 35926, 35930, 35932, 35936, 35939, 35942, 35946, 35948, 35951, 19251, 19236]
2018-04-15 20:14:42,818 [DEBUG|PoliceForce/995596944|TestSearchForFire] choosed:35951
2018-04-15 20:14:46,444 [DEBUG|PoliceForce/995596944|TestSearchForFire] Time:95
2018-04-15 20:14:46,444 [DEBUG|PoliceForce/995596944|TestRoadDetector] Time:95
2018-04-15 20:14:46,444 [DEBUG|PoliceForce/995596944|TestRoadDetector] Targets: []
2018-04-15 20:14:46,444 [DEBUG|PoliceForce/995596944|TestSearchForFire] unsearchedBuildingIDs:[19236, 20276, 15349]
2018-04-15 20:14:46,444 [DEBUG|PoliceForce/995596944|TestSearchForFire] best path is:[35911, 35914, 35918, 35920, 35923, 35926, 35930, 35932, 35936, 35939, 35942, 35946, 35948, 35951, 19251, 19236]
2018-04-15 20:14:46,444 [DEBUG|PoliceForce/995596944|TestSearchForFire] choosed:35951
2018-04-15 20:14:50,157 [DEBUG|PoliceForce/995596944|TestSearchForFire] Time:96
2018-04-15 20:14:50,157 [DEBUG|PoliceForce/995596944|TestRoadDetector] Time:96
2018-04-15 20:14:50,157 [DEBUG|PoliceForce/995596944|TestRoadDetector] Targets: []
2018-04-15 20:14:50,157 [DEBUG|PoliceForce/995596944|TestSearchForFire] unsearchedBuildingIDs:[19236, 20276, 15349]
2018-04-15 20:14:50,157 [DEBUG|PoliceForce/995596944|TestSearchForFire] best path is:[35924, 35927, 35929, 35933, 35937, 35940, 35943, 35945, 35949, 35952, 35951, 19251, 19236]
2018-04-15 20:14:50,157 [DEBUG|PoliceForce/995596944|TestSearchForFire] choosed:35951
2018-04-15 20:14:53,816 [DEBUG|PoliceForce/995596944|TestSearchForFire] Time:97
2018-04-15 20:14:53,816 [DEBUG|PoliceForce/995596944|TestRoadDetector] Time:97
2018-04-15 20:14:53,816 [DEBUG|PoliceForce/995596944|TestRoadDetector] Targets: []
2018-04-15 20:14:53,816 [DEBUG|PoliceForce/995596944|TestSearchForFire] unsearchedBuildingIDs:[19236, 20276, 15349]
2018-04-15 20:14:53,816 [DEBUG|PoliceForce/995596944|TestSearchForFire] best path is:[35937, 35940, 35943, 35945, 35949, 35952, 35951, 19251, 19236]
2018-04-15 20:14:53,816 [DEBUG|PoliceForce/995596944|TestSearchForFire] choosed:35951
2018-04-15 20:14:57,408 [DEBUG|PoliceForce/995596944|TestSearchForFire] Time:98
2018-04-15 20:14:57,408 [DEBUG|PoliceForce/995596944|TestRoadDetector] Time:98
2018-04-15 20:14:57,409 [DEBUG|PoliceForce/995596944|TestRoadDetector] Targets: []
2018-04-15 20:14:57,409 [DEBUG|PoliceForce/995596944|TestSearchForFire] unsearchedBuildingIDs:[20276, 15349]
2018-04-15 20:14:57,409 [DEBUG|PoliceForce/995596944|TestSearchForFire] best path is:[35949, 35948, 33132, 33133, 8997, 1609, 7287, 4479, 33449, 20291, 20276]
2018-04-15 20:14:57,409 [DEBUG|PoliceForce/995596944|TestSearchForFire] choosed:33449
2018-04-15 20:15:00,792 [DEBUG|PoliceForce/995596944|TestSearchForFire] Time:99
2018-04-15 20:15:00,792 [DEBUG|PoliceForce/995596944|TestRoadDetector] Time:99
2018-04-15 20:15:00,792 [DEBUG|PoliceForce/995596944|TestRoadDetector] Targets: []
2018-04-15 20:15:00,793 [DEBUG|PoliceForce/995596944|TestSearchForFire] unsearchedBuildingIDs:[20276]
2018-04-15 20:15:00,793 [DEBUG|PoliceForce/995596944|TestSearchForFire] best path is:[33132, 33133, 8997, 1609, 7287, 4479, 33449, 20291, 20276]
2018-04-15 20:15:00,793 [DEBUG|PoliceForce/995596944|TestSearchForFire] choosed:33449
2018-04-15 20:15:04,392 [DEBUG|PoliceForce/995596944|TestSearchForFire] Time:100
2018-04-15 20:15:04,392 [DEBUG|PoliceForce/995596944|TestRoadDetector] Time:100
2018-04-15 20:15:04,392 [DEBUG|PoliceForce/995596944|TestRoadDetector] Targets: []
2018-04-15 20:15:04,392 [DEBUG|PoliceForce/995596944|TestSearchForFire] unsearchedBuildingIDs:[16901, 23877, 13512, 21130, 17229, 25421, 26704, 35536, 33425, 35601, 20306, 33043, 35667, 15955, 33048, 14040, 26074, 35676, 26336, 19236, 19046, 35686, 28839, 35687, 33266, 25394, 21304, 33338, 26171, 22779, 20478]
2018-04-15 20:15:04,392 [DEBUG|PoliceForce/995596944|TestSearchForFire] best path is:[33449, 4479, 7287, 1609, 4209, 35979, 35982, 35983, 34588, 25437, 25421]
2018-04-15 20:15:04,392 [DEBUG|PoliceForce/995596944|TestSearchForFire] choosed:34588
2018-04-15 20:15:07,797 [DEBUG|PoliceForce/995596944|TestSearchForFire] Time:101
2018-04-15 20:15:07,797 [DEBUG|PoliceForce/995596944|TestRoadDetector] Time:101
2018-04-15 20:15:07,798 [DEBUG|PoliceForce/995596944|TestRoadDetector] Targets: []
2018-04-15 20:15:07,798 [DEBUG|PoliceForce/995596944|TestSearchForFire] unsearchedBuildingIDs:[16901, 23877, 13512, 21130, 17229, 26704, 35536, 33425, 35601, 20306, 33043, 35667, 15955, 33048, 14040, 26074, 35676, 26336, 19046, 35686, 28839, 33266, 21304, 33338, 26171, 22779, 20478]
2018-04-15 20:15:07,798 [DEBUG|PoliceForce/995596944|TestSearchForFire] best path is:[35979, 35982, 35983, 34588, 33064, 35932, 35638, 35639, 35634, 35536]
2018-04-15 20:15:07,798 [DEBUG|PoliceForce/995596944|TestSearchForFire] choosed:35639
2018-04-15 20:15:11,228 [DEBUG|PoliceForce/995596944|TestSearchForFire] Time:102
2018-04-15 20:15:11,229 [DEBUG|PoliceForce/995596944|TestRoadDetector] Time:102
2018-04-15 20:15:11,229 [DEBUG|PoliceForce/995596944|TestRoadDetector] Targets: []
2018-04-15 20:15:11,229 [DEBUG|PoliceForce/995596944|TestSearchForFire] unsearchedBuildingIDs:[16901, 23877, 13512, 21130, 17229, 26704, 35536, 33425, 20306, 33043, 15955, 33048, 14040, 26074, 35676, 26336, 19046, 28839, 33266, 21304, 33338, 26171, 22779, 20478]
2018-04-15 20:15:11,229 [DEBUG|PoliceForce/995596944|TestSearchForFire] best path is:[33064, 35932, 35638, 35639, 35634, 35536]
2018-04-15 20:15:11,229 [DEBUG|PoliceForce/995596944|TestSearchForFire] choosed:35639
2018-04-15 20:15:14,833 [DEBUG|PoliceForce/995596944|TestSearchForFire] Time:103
2018-04-15 20:15:14,833 [DEBUG|PoliceForce/995596944|TestRoadDetector] Time:103
2018-04-15 20:15:14,833 [DEBUG|PoliceForce/995596944|TestRoadDetector] Targets: []
2018-04-15 20:15:14,834 [DEBUG|PoliceForce/995596944|TestSearchForFire] unsearchedBuildingIDs:[16901, 23877, 13512, 21130, 17229, 26704, 33425, 20306, 33043, 15955, 33048, 14040, 26074, 35676, 26336, 19046, 28839, 33266, 21304, 33338, 26171, 22779, 20478]
2018-04-15 20:15:14,834 [DEBUG|PoliceForce/995596944|TestSearchForFire] best path is:[35639, 35638, 35932, 35930, 4731, 16917, 16901]
2018-04-15 20:15:14,834 [DEBUG|PoliceForce/995596944|TestSearchForFire] choosed:4731
2018-04-15 20:15:18,324 [DEBUG|PoliceForce/995596944|TestSearchForFire] Time:104
2018-04-15 20:15:18,324 [DEBUG|PoliceForce/995596944|TestRoadDetector] Time:104
2018-04-15 20:15:18,325 [DEBUG|PoliceForce/995596944|TestRoadDetector] Targets: []
2018-04-15 20:15:18,325 [DEBUG|PoliceForce/995596944|TestSearchForFire] unsearchedBuildingIDs:[13512, 21130, 17229, 26704, 33425, 20306, 33043, 15955, 33048, 14040, 26074, 35676, 26336, 28839, 33266, 21304, 33338, 26171, 20478]
2018-04-15 20:15:18,325 [DEBUG|PoliceForce/995596944|TestSearchForFire] best path is:[35930, 35929, 35803, 35807, 35810, 33049, 33048]
2018-04-15 20:15:18,325 [DEBUG|PoliceForce/995596944|TestSearchForFire] choosed:35810
2018-04-15 20:15:21,664 [DEBUG|PoliceForce/995596944|TestSearchForFire] Time:105
2018-04-15 20:15:21,664 [DEBUG|PoliceForce/995596944|TestRoadDetector] Time:105
2018-04-15 20:15:21,664 [DEBUG|PoliceForce/995596944|TestRoadDetector] Targets: []
2018-04-15 20:15:21,664 [DEBUG|PoliceForce/995596944|TestSearchForFire] unsearchedBuildingIDs:[13512, 17229, 26704, 33425, 20306, 15955, 14040, 26074, 35676, 26336, 28839, 33266, 21304, 33338, 26171, 20478]
2018-04-15 20:15:21,664 [DEBUG|PoliceForce/995596944|TestSearchForFire] best path is:[35803, 35807, 35810, 35813, 35816, 35818, 13527, 13512]
2018-04-15 20:15:21,664 [DEBUG|PoliceForce/995596944|TestSearchForFire] choosed:35818
2018-04-15 20:15:24,944 [DEBUG|PoliceForce/995596944|TestSearchForFire] Time:106
2018-04-15 20:15:24,945 [DEBUG|PoliceForce/995596944|TestRoadDetector] Time:106
2018-04-15 20:15:24,945 [DEBUG|PoliceForce/995596944|TestRoadDetector] Targets: []
2018-04-15 20:15:24,945 [DEBUG|PoliceForce/995596944|TestSearchForFire] unsearchedBuildingIDs:[17229, 26704, 33425, 20306, 14040, 26074, 35676, 26336, 28839, 33266, 33338, 26171, 20478]
2018-04-15 20:15:24,946 [DEBUG|PoliceForce/995596944|TestSearchForFire] best path is:[35818, 35816, 35813, 35810, 35807, 35803, 35929, 35930, 4731, 2382, 7359, 4524, 17245, 17229]
2018-04-15 20:15:24,946 [DEBUG|PoliceForce/995596944|TestSearchForFire] choosed:4524
2018-04-15 20:15:28,404 [DEBUG|PoliceForce/995596944|TestSearchForFire] Time:107
2018-04-15 20:15:28,405 [DEBUG|PoliceForce/995596944|TestRoadDetector] Time:107
2018-04-15 20:15:28,405 [DEBUG|PoliceForce/995596944|TestRoadDetector] Targets: []
2018-04-15 20:15:28,405 [DEBUG|PoliceForce/995596944|TestSearchForFire] unsearchedBuildingIDs:[17229, 26704, 33425, 20306, 14040, 26074, 35676, 26336, 28839, 33266, 33338, 26171, 20478]
2018-04-15 20:15:28,405 [DEBUG|PoliceForce/995596944|TestSearchForFire] best path is:[35933, 35929, 35930, 4731, 2382, 7359, 4524, 17245, 17229]
2018-04-15 20:15:28,405 [DEBUG|PoliceForce/995596944|TestSearchForFire] choosed:4524
2018-04-15 20:15:31,696 [DEBUG|PoliceForce/995596944|TestSearchForFire] Time:108
2018-04-15 20:15:31,696 [DEBUG|PoliceForce/995596944|TestRoadDetector] Time:108
2018-04-15 20:15:31,696 [DEBUG|PoliceForce/995596944|TestRoadDetector] Targets: []
2018-04-15 20:15:31,696 [DEBUG|PoliceForce/995596944|TestSearchForFire] unsearchedBuildingIDs:[17229, 26704, 33425, 20306, 14040, 26074, 35676, 26336, 28839, 33266, 33338, 26171, 20478]
2018-04-15 20:15:31,696 [DEBUG|PoliceForce/995596944|TestSearchForFire] best path is:[35930, 4731, 2382, 7359, 4524, 17245, 17229]
2018-04-15 20:15:31,697 [DEBUG|PoliceForce/995596944|TestSearchForFire] choosed:4524
2018-04-15 20:15:35,256 [DEBUG|PoliceForce/995596944|TestSearchForFire] Time:109
2018-04-15 20:15:35,257 [DEBUG|PoliceForce/995596944|TestRoadDetector] Time:109
2018-04-15 20:15:35,257 [DEBUG|PoliceForce/995596944|TestRoadDetector] Targets: [Building (35676)]
2018-04-15 20:15:35,257 [DEBUG|PoliceForce/995596944|TestRoadDetector] Selected Target: 35676
2018-04-15 20:15:38,824 [DEBUG|PoliceForce/995596944|TestSearchForFire] Time:110
2018-04-15 20:15:38,824 [DEBUG|PoliceForce/995596944|TestRoadDetector] Time:110
2018-04-15 20:15:38,825 [DEBUG|PoliceForce/995596944|TestRoadDetector] reach to Building (35676) reseting target
2018-04-15 20:15:38,825 [DEBUG|PoliceForce/995596944|TestRoadDetector] Targets: []
2018-04-15 20:15:38,825 [DEBUG|PoliceForce/995596944|TestSearchForFire] unsearchedBuildingIDs:[33425, 14040, 26074, 26336, 28839, 33266, 33338, 26171]
2018-04-15 20:15:38,825 [DEBUG|PoliceForce/995596944|TestSearchForFire] best path is:[35676, 35526, 4524, 7359, 2382, 4731, 35930, 35926, 35923, 35920, 35918, 35914, 26186, 26171]
2018-04-15 20:15:38,825 [DEBUG|PoliceForce/995596944|TestSearchForFire] choosed:35914
2018-04-15 20:15:42,208 [DEBUG|PoliceForce/995596944|TestSearchForFire] Time:111
2018-04-15 20:15:42,208 [DEBUG|PoliceForce/995596944|TestRoadDetector] Time:111
2018-04-15 20:15:42,209 [DEBUG|PoliceForce/995596944|TestRoadDetector] Targets: []
2018-04-15 20:15:42,209 [DEBUG|PoliceForce/995596944|TestSearchForFire] unsearchedBuildingIDs:[33425, 14040, 26074, 26336, 28839, 33266, 33338, 26171]
2018-04-15 20:15:42,209 [DEBUG|PoliceForce/995596944|TestSearchForFire] best path is:[35930, 35926, 35923, 35920, 35918, 35914, 26186, 26171]
2018-04-15 20:15:42,209 [DEBUG|PoliceForce/995596944|TestSearchForFire] choosed:35914
2018-04-15 20:15:45,540 [DEBUG|PoliceForce/995596944|TestSearchForFire] Time:112
2018-04-15 20:15:45,540 [DEBUG|PoliceForce/995596944|TestRoadDetector] Time:112
2018-04-15 20:15:45,541 [DEBUG|PoliceForce/995596944|TestRoadDetector] Targets: []
2018-04-15 20:15:45,541 [DEBUG|PoliceForce/995596944|TestSearchForFire] unsearchedBuildingIDs:[33425, 14040, 26074, 26336, 28839, 33266, 33338]
2018-04-15 20:15:45,541 [DEBUG|PoliceForce/995596944|TestSearchForFire] best path is:[35921, 35920, 35918, 6945, 14056, 14040]
2018-04-15 20:15:45,541 [DEBUG|PoliceForce/995596944|TestSearchForFire] choosed:6945
2018-04-15 20:15:48,797 [DEBUG|PoliceForce/995596944|TestSearchForFire] Time:113
2018-04-15 20:15:48,797 [DEBUG|PoliceForce/995596944|TestRoadDetector] Time:113
2018-04-15 20:15:48,797 [DEBUG|PoliceForce/995596944|TestRoadDetector] Targets: []
2018-04-15 20:15:48,798 [DEBUG|PoliceForce/995596944|TestSearchForFire] unsearchedBuildingIDs:[33425, 26336, 28839, 33266, 33338]
2018-04-15 20:15:48,798 [DEBUG|PoliceForce/995596944|TestSearchForFire] best path is:[35918, 35914, 35911, 3462, 28855, 28839]
2018-04-15 20:15:48,798 [DEBUG|PoliceForce/995596944|TestSearchForFire] choosed:3462
2018-04-15 20:15:52,524 [DEBUG|PoliceForce/995596944|TestSearchForFire] Time:114
2018-04-15 20:15:52,524 [DEBUG|PoliceForce/995596944|TestRoadDetector] Time:114
2018-04-15 20:15:52,525 [DEBUG|PoliceForce/995596944|TestRoadDetector] Targets: []
2018-04-15 20:15:52,525 [DEBUG|PoliceForce/995596944|TestSearchForFire] unsearchedBuildingIDs:[33425, 26336, 28839, 33266, 33338]
2018-04-15 20:15:52,525 [DEBUG|PoliceForce/995596944|TestSearchForFire] best path is:[35915, 35914, 35911, 3462, 28855, 28839]
2018-04-15 20:15:52,525 [DEBUG|PoliceForce/995596944|TestSearchForFire] choosed:3462
2018-04-15 20:15:55,760 [DEBUG|PoliceForce/995596944|TestSearchForFire] Time:115
2018-04-15 20:15:55,760 [DEBUG|PoliceForce/995596944|TestRoadDetector] Time:115
2018-04-15 20:15:55,761 [DEBUG|PoliceForce/995596944|TestRoadDetector] Targets: []
2018-04-15 20:15:55,761 [DEBUG|PoliceForce/995596944|TestSearchForFire] unsearchedBuildingIDs:[33425, 26336, 33338]
2018-04-15 20:15:55,761 [DEBUG|PoliceForce/995596944|TestSearchForFire] best path is:[35911, 3462, 2526, 7080, 4956, 33169, 33179, 33190, 33191, 33234, 33282, 33431, 33447, 33425]
2018-04-15 20:15:55,761 [DEBUG|PoliceForce/995596944|TestSearchForFire] choosed:33431
2018-04-15 20:15:59,125 [DEBUG|PoliceForce/995596944|TestSearchForFire] Time:116
2018-04-15 20:15:59,126 [DEBUG|PoliceForce/995596944|TestRoadDetector] Time:116
2018-04-15 20:15:59,126 [DEBUG|PoliceForce/995596944|TestRoadDetector] Targets: []
2018-04-15 20:15:59,126 [DEBUG|PoliceForce/995596944|TestSearchForFire] unsearchedBuildingIDs:[33425, 26336, 33338]
2018-04-15 20:15:59,127 [DEBUG|PoliceForce/995596944|TestSearchForFire] best path is:[2526, 7080, 4956, 33169, 33179, 33190, 33191, 33234, 33282, 33431, 33447, 33425]
2018-04-15 20:15:59,127 [DEBUG|PoliceForce/995596944|TestSearchForFire] choosed:33431
2018-04-15 20:16:02,424 [DEBUG|PoliceForce/995596944|TestSearchForFire] Time:117
2018-04-15 20:16:02,424 [DEBUG|PoliceForce/995596944|TestRoadDetector] Time:117
2018-04-15 20:16:02,424 [DEBUG|PoliceForce/995596944|TestRoadDetector] Targets: []
2018-04-15 20:16:02,425 [DEBUG|PoliceForce/995596944|TestSearchForFire] unsearchedBuildingIDs:[33425, 26336, 33338]
2018-04-15 20:16:02,425 [DEBUG|PoliceForce/995596944|TestSearchForFire] best path is:[33169, 33179, 33190, 33191, 33234, 33282, 33431, 33447, 33425]
2018-04-15 20:16:02,425 [DEBUG|PoliceForce/995596944|TestSearchForFire] choosed:33431
2018-04-15 20:16:05,722 [DEBUG|PoliceForce/995596944|TestSearchForFire] Time:118
2018-04-15 20:16:05,722 [DEBUG|PoliceForce/995596944|TestRoadDetector] Time:118
2018-04-15 20:16:05,723 [DEBUG|PoliceForce/995596944|TestRoadDetector] Targets: []
2018-04-15 20:16:05,723 [DEBUG|PoliceForce/995596944|TestSearchForFire] unsearchedBuildingIDs:[26336]
2018-04-15 20:16:05,724 [DEBUG|PoliceForce/995596944|TestSearchForFire] best path is:[33234, 33191, 33190, 33179, 33169, 4956, 7080, 2526, 3462, 35911, 35914, 35915, 35720, 35782, 35786, 35789, 35801, 35803, 35807, 35810, 35813, 35816, 35818, 35822, 31060, 31059, 26352, 26336]
2018-04-15 20:16:05,724 [DEBUG|PoliceForce/995596944|TestSearchForFire] choosed:31059
2018-04-15 20:16:09,051 [DEBUG|PoliceForce/995596944|TestSearchForFire] Time:119
2018-04-15 20:16:09,051 [DEBUG|PoliceForce/995596944|TestRoadDetector] Time:119
2018-04-15 20:16:09,051 [DEBUG|PoliceForce/995596944|TestRoadDetector] Targets: []
2018-04-15 20:16:09,051 [DEBUG|PoliceForce/995596944|TestSearchForFire] unsearchedBuildingIDs:[26336]
2018-04-15 20:16:09,052 [DEBUG|PoliceForce/995596944|TestSearchForFire] best path is:[33169, 4956, 7080, 2526, 3462, 35911, 35914, 35915, 35720, 35782, 35786, 35789, 35801, 35803, 35807, 35810, 35813, 35816, 35818, 35822, 31060, 31059, 26352, 26336]
2018-04-15 20:16:09,052 [DEBUG|PoliceForce/995596944|TestSearchForFire] choosed:31059
2018-04-15 20:16:12,697 [DEBUG|PoliceForce/995596944|TestSearchForFire] Time:120
2018-04-15 20:16:12,697 [DEBUG|PoliceForce/995596944|TestRoadDetector] Time:120
2018-04-15 20:16:12,697 [DEBUG|PoliceForce/995596944|TestRoadDetector] Targets: []
2018-04-15 20:16:12,697 [DEBUG|PoliceForce/995596944|TestSearchForFire] unsearchedBuildingIDs:[26336]
2018-04-15 20:16:12,698 [DEBUG|PoliceForce/995596944|TestSearchForFire] best path is:[2526, 3462, 35911, 35914, 35915, 35720, 35782, 35786, 35789, 35801, 35803, 35807, 35810, 35813, 35816, 35818, 35822, 31060, 31059, 26352, 26336]
2018-04-15 20:16:12,698 [DEBUG|PoliceForce/995596944|TestSearchForFire] choosed:31059
2018-04-15 20:16:16,241 [DEBUG|PoliceForce/995596944|TestSearchForFire] Time:121
2018-04-15 20:16:16,241 [DEBUG|PoliceForce/995596944|TestRoadDetector] Time:121
2018-04-15 20:16:16,241 [DEBUG|PoliceForce/995596944|TestRoadDetector] Targets: []
2018-04-15 20:16:16,241 [DEBUG|PoliceForce/995596944|TestSearchForFire] unsearchedBuildingIDs:[26336]
2018-04-15 20:16:16,243 [DEBUG|PoliceForce/995596944|TestSearchForFire] best path is:[35911, 35914, 35915, 35720, 35782, 35786, 35789, 35801, 35803, 35807, 35810, 35813, 35816, 35818, 35822, 31060, 31059, 26352, 26336]
2018-04-15 20:16:16,244 [DEBUG|PoliceForce/995596944|TestSearchForFire] choosed:31059
2018-04-15 20:16:19,380 [DEBUG|PoliceForce/995596944|TestSearchForFire] Time:122
2018-04-15 20:16:19,381 [DEBUG|PoliceForce/995596944|TestRoadDetector] Time:122
2018-04-15 20:16:19,381 [DEBUG|PoliceForce/995596944|TestRoadDetector] Targets: [Building (26171)]
2018-04-15 20:16:19,381 [DEBUG|PoliceForce/995596944|TestRoadDetector] Selected Target: 26171
2018-04-15 20:16:22,676 [DEBUG|PoliceForce/995596944|TestSearchForFire] Time:123
2018-04-15 20:16:22,676 [DEBUG|PoliceForce/995596944|TestRoadDetector] Time:123
2018-04-15 20:16:26,125 [DEBUG|PoliceForce/995596944|TestSearchForFire] Time:124
2018-04-15 20:16:26,125 [DEBUG|PoliceForce/995596944|TestRoadDetector] Time:124
2018-04-15 20:16:29,564 [DEBUG|PoliceForce/995596944|TestSearchForFire] Time:125
2018-04-15 20:16:29,564 [DEBUG|PoliceForce/995596944|TestRoadDetector] Time:125
2018-04-15 20:16:29,564 [DEBUG|PoliceForce/995596944|TestRoadDetector] reach to Building (26171) reseting target
2018-04-15 20:16:29,565 [DEBUG|PoliceForce/995596944|TestRoadDetector] Targets: []
2018-04-15 20:16:29,565 [DEBUG|PoliceForce/995596944|TestSearchForFire] unsearchedBuildingIDs:[26336]
2018-04-15 20:16:29,566 [DEBUG|PoliceForce/995596944|TestSearchForFire] best path is:[26171, 26186, 35914, 35915, 35720, 35782, 35786, 35789, 35801, 35803, 35807, 35810, 35813, 35816, 35818, 35822, 31060, 31059, 26352, 26336]
2018-04-15 20:16:29,566 [DEBUG|PoliceForce/995596944|TestSearchForFire] choosed:31059
2018-04-15 20:16:32,904 [DEBUG|PoliceForce/995596944|TestSearchForFire] Time:126
2018-04-15 20:16:32,904 [DEBUG|PoliceForce/995596944|TestRoadDetector] Time:126
2018-04-15 20:16:32,905 [DEBUG|PoliceForce/995596944|TestRoadDetector] Targets: []
2018-04-15 20:16:32,905 [DEBUG|PoliceForce/995596944|TestSearchForFire] unsearchedBuildingIDs:[26336]
2018-04-15 20:16:32,905 [DEBUG|PoliceForce/995596944|TestSearchForFire] best path is:[35915, 35720, 35782, 35786, 35789, 35801, 35803, 35807, 35810, 35813, 35816, 35818, 35822, 31060, 31059, 26352, 26336]
2018-04-15 20:16:32,905 [DEBUG|PoliceForce/995596944|TestSearchForFire] choosed:31059
2018-04-15 20:16:36,297 [DEBUG|PoliceForce/995596944|TestSearchForFire] Time:127
2018-04-15 20:16:36,297 [DEBUG|PoliceForce/995596944|TestRoadDetector] Time:127
2018-04-15 20:16:36,297 [DEBUG|PoliceForce/995596944|TestRoadDetector] Targets: []
2018-04-15 20:16:36,297 [DEBUG|PoliceForce/995596944|TestSearchForFire] unsearchedBuildingIDs:[26336]
2018-04-15 20:16:36,298 [DEBUG|PoliceForce/995596944|TestSearchForFire] best path is:[35921, 35924, 35927, 35801, 35803, 35807, 35810, 35813, 35816, 35818, 35822, 31060, 31059, 26352, 26336]
2018-04-15 20:16:36,298 [DEBUG|PoliceForce/995596944|TestSearchForFire] choosed:31059
2018-04-15 20:16:39,742 [DEBUG|PoliceForce/995596944|TestSearchForFire] Time:128
2018-04-15 20:16:39,742 [DEBUG|PoliceForce/995596944|TestRoadDetector] Time:128
2018-04-15 20:16:39,742 [DEBUG|PoliceForce/995596944|TestRoadDetector] Targets: []
2018-04-15 20:16:39,742 [DEBUG|PoliceForce/995596944|TestSearchForFire] unsearchedBuildingIDs:[26336]
2018-04-15 20:16:39,742 [DEBUG|PoliceForce/995596944|TestSearchForFire] best path is:[35801, 35803, 35807, 35810, 35813, 35816, 35818, 35822, 31060, 31059, 26352, 26336]
2018-04-15 20:16:39,742 [DEBUG|PoliceForce/995596944|TestSearchForFire] choosed:31059
2018-04-15 20:16:42,952 [DEBUG|PoliceForce/995596944|TestSearchForFire] Time:129
2018-04-15 20:16:42,953 [DEBUG|PoliceForce/995596944|TestRoadDetector] Time:129
2018-04-15 20:16:42,953 [DEBUG|PoliceForce/995596944|TestRoadDetector] Targets: []
2018-04-15 20:16:42,953 [DEBUG|PoliceForce/995596944|TestSearchForFire] unsearchedBuildingIDs:[26336]
2018-04-15 20:16:42,953 [DEBUG|PoliceForce/995596944|TestSearchForFire] best path is:[35816, 35818, 35822, 31060, 31059, 26352, 26336]
2018-04-15 20:16:42,953 [DEBUG|PoliceForce/995596944|TestSearchForFire] choosed:31059
2018-04-15 20:16:46,272 [DEBUG|PoliceForce/995596944|TestSearchForFire] Time:130
2018-04-15 20:16:46,273 [DEBUG|PoliceForce/995596944|TestRoadDetector] Time:130
2018-04-15 20:16:46,273 [DEBUG|PoliceForce/995596944|TestRoadDetector] Targets: []
2018-04-15 20:16:46,273 [DEBUG|PoliceForce/995596944|TestSearchForFire] unsearchedBuildingIDs:[16901, 23877, 21130, 17229, 25421, 26704, 35536, 33425, 35601, 20306, 33043, 35667, 33048, 14040, 26074, 35676, 19236, 19046, 35686, 28839, 35687, 20337, 33266, 25394, 20276, 15349, 33338, 26171, 22779, 20478]
2018-04-15 20:16:46,273 [DEBUG|PoliceForce/995596944|TestSearchForFire] best path is:[31059, 31060, 35822, 35818, 35816, 35813, 35810, 35937, 35936, 35932, 35638, 35639, 35634, 35536]
2018-04-15 20:16:46,273 [DEBUG|PoliceForce/995596944|TestSearchForFire] choosed:35639
2018-04-15 20:16:49,488 [DEBUG|PoliceForce/995596944|TestSearchForFire] Time:131
2018-04-15 20:16:49,488 [DEBUG|PoliceForce/995596944|TestRoadDetector] Time:131
2018-04-15 20:16:49,488 [DEBUG|PoliceForce/995596944|TestRoadDetector] Targets: []
2018-04-15 20:16:49,488 [DEBUG|PoliceForce/995596944|TestSearchForFire] unsearchedBuildingIDs:[16901, 23877, 21130, 17229, 25421, 26704, 35536, 33425, 35601, 20306, 33043, 35667, 14040, 26074, 35676, 19236, 19046, 35686, 28839, 35687, 20337, 33266, 25394, 20276, 15349, 33338, 26171, 22779, 20478]
2018-04-15 20:16:49,489 [DEBUG|PoliceForce/995596944|TestSearchForFire] best path is:[35818, 35816, 35813, 35810, 35937, 35936, 35932, 35638, 35639, 35634, 35536]
2018-04-15 20:16:49,489 [DEBUG|PoliceForce/995596944|TestSearchForFire] choosed:35639
2018-04-15 20:16:52,792 [DEBUG|PoliceForce/995596944|TestSearchForFire] Time:132
2018-04-15 20:16:52,792 [DEBUG|PoliceForce/995596944|TestRoadDetector] Time:132
2018-04-15 20:16:52,792 [DEBUG|PoliceForce/995596944|TestRoadDetector] Targets: []
2018-04-15 20:16:52,793 [DEBUG|PoliceForce/995596944|TestSearchForFire] unsearchedBuildingIDs:[16901, 23877, 21130, 17229, 25421, 26704, 33425, 20306, 35667, 14040, 26074, 35676, 19236, 19046, 35686, 28839, 35687, 33266, 25394, 20276, 15349, 33338, 26171, 22779, 20478]
2018-04-15 20:16:52,793 [DEBUG|PoliceForce/995596944|TestSearchForFire] best path is:[35937, 35933, 35929, 35930, 4731, 16917, 16901]
2018-04-15 20:16:52,793 [DEBUG|PoliceForce/995596944|TestSearchForFire] choosed:4731
2018-04-15 20:16:56,064 [DEBUG|PoliceForce/995596944|TestSearchForFire] Time:133
2018-04-15 20:16:56,065 [DEBUG|PoliceForce/995596944|TestRoadDetector] Time:133
2018-04-15 20:16:56,065 [DEBUG|PoliceForce/995596944|TestRoadDetector] Targets: []
2018-04-15 20:16:56,065 [DEBUG|PoliceForce/995596944|TestSearchForFire] unsearchedBuildingIDs:[23877, 21130, 17229, 25421, 26704, 33425, 20306, 35667, 14040, 26074, 35676, 19236, 35686, 28839, 35687, 33266, 25394, 20276, 15349, 33338, 26171, 20478]
2018-04-15 20:16:56,065 [DEBUG|PoliceForce/995596944|TestSearchForFire] best path is:[35930, 4731, 2382, 23893, 23877]
2018-04-15 20:16:56,065 [DEBUG|PoliceForce/995596944|TestSearchForFire] choosed:2382
2018-04-15 20:16:59,404 [DEBUG|PoliceForce/995596944|TestSearchForFire] Time:134
2018-04-15 20:16:59,405 [DEBUG|PoliceForce/995596944|TestRoadDetector] Time:134
2018-04-15 20:16:59,405 [DEBUG|PoliceForce/995596944|TestRoadDetector] Targets: []
2018-04-15 20:16:59,405 [DEBUG|PoliceForce/995596944|TestSearchForFire] unsearchedBuildingIDs:[21130, 25421, 26704, 33425, 20306, 14040, 26074, 19236, 35686, 28839, 35687, 33266, 25394, 20276, 15349, 33338, 26171]
2018-04-15 20:16:59,405 [DEBUG|PoliceForce/995596944|TestSearchForFire] best path is:[2382, 4731, 35930, 35929, 35803, 35807, 21145, 21130]
2018-04-15 20:16:59,405 [DEBUG|PoliceForce/995596944|TestSearchForFire] choosed:35807
2018-04-15 20:17:02,857 [DEBUG|PoliceForce/995596944|TestSearchForFire] Time:135
2018-04-15 20:17:02,857 [DEBUG|PoliceForce/995596944|TestRoadDetector] Time:135
2018-04-15 20:17:02,857 [DEBUG|PoliceForce/995596944|TestRoadDetector] Targets: []
2018-04-15 20:17:02,857 [DEBUG|PoliceForce/995596944|TestSearchForFire] unsearchedBuildingIDs:[25421, 26704, 33425, 20306, 14040, 26074, 19236, 35686, 28839, 35687, 33266, 25394, 20276, 15349, 33338, 26171]
2018-04-15 20:17:02,857 [DEBUG|PoliceForce/995596944|TestSearchForFire] best path is:[35929, 35933, 35932, 33064, 34588, 25437, 25421]
2018-04-15 20:17:02,857 [DEBUG|PoliceForce/995596944|TestSearchForFire] choosed:34588
2018-04-15 20:17:06,208 [DEBUG|PoliceForce/995596944|TestSearchForFire] Time:136
2018-04-15 20:17:06,208 [DEBUG|PoliceForce/995596944|TestRoadDetector] Time:136
2018-04-15 20:17:06,209 [DEBUG|PoliceForce/995596944|TestRoadDetector] Targets: []
2018-04-15 20:17:06,209 [DEBUG|PoliceForce/995596944|TestSearchForFire] unsearchedBuildingIDs:[25421, 26704, 33425, 20306, 14040, 26074, 19236, 28839, 35687, 33266, 25394, 20276, 15349, 33338, 26171]
2018-04-15 20:17:06,209 [DEBUG|PoliceForce/995596944|TestSearchForFire] best path is:[35932, 33064, 34588, 25437, 25421]
2018-04-15 20:17:06,209 [DEBUG|PoliceForce/995596944|TestSearchForFire] choosed:34588
2018-04-15 20:17:09,596 [DEBUG|PoliceForce/995596944|TestSearchForFire] Time:137
2018-04-15 20:17:09,597 [DEBUG|PoliceForce/995596944|TestRoadDetector] Time:137
2018-04-15 20:17:09,597 [DEBUG|PoliceForce/995596944|TestRoadDetector] Targets: []
2018-04-15 20:17:09,597 [DEBUG|PoliceForce/995596944|TestSearchForFire] unsearchedBuildingIDs:[26704, 33425, 20306, 14040, 26074, 19236, 28839, 33266, 20276, 15349, 33338, 26171]
2018-04-15 20:17:09,597 [DEBUG|PoliceForce/995596944|TestSearchForFire] best path is:[34588, 33064, 35932, 35930, 35926, 35923, 35920, 35918, 6945, 2544, 8376, 26720, 26704]
2018-04-15 20:17:09,597 [DEBUG|PoliceForce/995596944|TestSearchForFire] choosed:8376
2018-04-15 20:17:13,050 [DEBUG|PoliceForce/995596944|TestSearchForFire] Time:138
2018-04-15 20:17:13,050 [DEBUG|PoliceForce/995596944|TestRoadDetector] Time:138
2018-04-15 20:17:13,050 [DEBUG|PoliceForce/995596944|TestRoadDetector] Targets: []
2018-04-15 20:17:13,050 [DEBUG|PoliceForce/995596944|TestSearchForFire] unsearchedBuildingIDs:[26704, 33425, 20306, 14040, 26074, 19236, 28839, 33266, 20276, 15349, 33338, 26171]
2018-04-15 20:17:13,051 [DEBUG|PoliceForce/995596944|TestSearchForFire] best path is:[35932, 35930, 35926, 35923, 35920, 35918, 6945, 2544, 8376, 26720, 26704]
2018-04-15 20:17:13,051 [DEBUG|PoliceForce/995596944|TestSearchForFire] choosed:8376
2018-04-15 20:17:16,481 [DEBUG|PoliceForce/995596944|TestSearchForFire] Time:139
2018-04-15 20:17:16,481 [DEBUG|PoliceForce/995596944|TestRoadDetector] Time:139
2018-04-15 20:17:16,481 [DEBUG|PoliceForce/995596944|TestRoadDetector] Targets: []
2018-04-15 20:17:16,481 [DEBUG|PoliceForce/995596944|TestSearchForFire] unsearchedBuildingIDs:[26704, 33425, 20306, 14040, 26074, 19236, 28839, 33266, 20276, 15349, 33338]
2018-04-15 20:17:16,482 [DEBUG|PoliceForce/995596944|TestSearchForFire] best path is:[35921, 35920, 35918, 6945, 2544, 8376, 26720, 26704]
2018-04-15 20:17:16,482 [DEBUG|PoliceForce/995596944|TestSearchForFire] choosed:8376
2018-04-15 20:17:19,993 [DEBUG|PoliceForce/995596944|TestSearchForFire] Time:140
2018-04-15 20:17:19,993 [DEBUG|PoliceForce/995596944|TestRoadDetector] Time:140
2018-04-15 20:17:19,993 [DEBUG|PoliceForce/995596944|TestRoadDetector] Targets: []
2018-04-15 20:17:19,993 [DEBUG|PoliceForce/995596944|TestSearchForFire] unsearchedBuildingIDs:[26704, 33425, 26074, 19236, 28839, 33266, 20276, 15349, 33338]
2018-04-15 20:17:19,993 [DEBUG|PoliceForce/995596944|TestSearchForFire] best path is:[35918, 6945, 2544, 8376, 26720, 26704]
2018-04-15 20:17:19,993 [DEBUG|PoliceForce/995596944|TestSearchForFire] choosed:8376
2018-04-15 20:17:23,357 [DEBUG|PoliceForce/995596944|TestSearchForFire] Time:141
2018-04-15 20:17:23,357 [DEBUG|PoliceForce/995596944|TestRoadDetector] Time:141
2018-04-15 20:17:23,357 [DEBUG|PoliceForce/995596944|TestRoadDetector] Targets: []
2018-04-15 20:17:23,357 [DEBUG|PoliceForce/995596944|TestSearchForFire] unsearchedBuildingIDs:[33425, 19236, 28839, 33266, 20276, 15349, 33338]
2018-04-15 20:17:23,358 [DEBUG|PoliceForce/995596944|TestSearchForFire] best path is:[8376, 2544, 6945, 35918, 35914, 35911, 3462, 28855, 28839]
2018-04-15 20:17:23,358 [DEBUG|PoliceForce/995596944|TestSearchForFire] choosed:3462
2018-04-15 20:17:26,668 [DEBUG|PoliceForce/995596944|TestSearchForFire] Time:142
2018-04-15 20:17:26,669 [DEBUG|PoliceForce/995596944|TestRoadDetector] Time:142
2018-04-15 20:17:26,669 [DEBUG|PoliceForce/995596944|TestRoadDetector] Targets: []
2018-04-15 20:17:26,669 [DEBUG|PoliceForce/995596944|TestSearchForFire] unsearchedBuildingIDs:[33425, 19236, 28839, 33266, 20276, 15349, 33338]
2018-04-15 20:17:26,669 [DEBUG|PoliceForce/995596944|TestSearchForFire] best path is:[35918, 35914, 35911, 3462, 28855, 28839]
2018-04-15 20:17:26,669 [DEBUG|PoliceForce/995596944|TestSearchForFire] choosed:3462
2018-04-15 20:17:29,997 [DEBUG|PoliceForce/995596944|TestSearchForFire] Time:143
2018-04-15 20:17:29,997 [DEBUG|PoliceForce/995596944|TestRoadDetector] Time:143
2018-04-15 20:17:29,997 [DEBUG|PoliceForce/995596944|TestRoadDetector] Targets: []
2018-04-15 20:17:29,997 [DEBUG|PoliceForce/995596944|TestSearchForFire] unsearchedBuildingIDs:[33425, 19236, 28839, 20276, 15349, 33338]
2018-04-15 20:17:29,997 [DEBUG|PoliceForce/995596944|TestSearchForFire] best path is:[35911, 3462, 28855, 28839]
2018-04-15 20:17:29,997 [DEBUG|PoliceForce/995596944|TestSearchForFire] choosed:3462
2018-04-15 20:17:33,388 [DEBUG|PoliceForce/995596944|TestSearchForFire] Time:144
2018-04-15 20:17:33,389 [DEBUG|PoliceForce/995596944|TestRoadDetector] Time:144
2018-04-15 20:17:33,389 [DEBUG|PoliceForce/995596944|TestRoadDetector] Targets: []
2018-04-15 20:17:33,389 [DEBUG|PoliceForce/995596944|TestSearchForFire] unsearchedBuildingIDs:[33425, 19236, 20276, 15349, 33338]
2018-04-15 20:17:33,389 [DEBUG|PoliceForce/995596944|TestSearchForFire] best path is:[3462, 2526, 7080, 4956, 33169, 33179, 33190, 33191, 33234, 33282, 33431, 33447, 33425]
2018-04-15 20:17:33,389 [DEBUG|PoliceForce/995596944|TestSearchForFire] choosed:33431
2018-04-15 20:17:36,801 [DEBUG|PoliceForce/995596944|TestSearchForFire] Time:145
2018-04-15 20:17:36,801 [DEBUG|PoliceForce/995596944|TestRoadDetector] Time:145
2018-04-15 20:17:36,801 [DEBUG|PoliceForce/995596944|TestRoadDetector] Targets: []
2018-04-15 20:17:36,801 [DEBUG|PoliceForce/995596944|TestSearchForFire] unsearchedBuildingIDs:[33425, 19236, 20276, 15349, 33338]
2018-04-15 20:17:36,801 [DEBUG|PoliceForce/995596944|TestSearchForFire] best path is:[4956, 33169, 33179, 33190, 33191, 33234, 33282, 33431, 33447, 33425]
2018-04-15 20:17:36,801 [DEBUG|PoliceForce/995596944|TestSearchForFire] choosed:33431
2018-04-15 20:17:40,152 [DEBUG|PoliceForce/995596944|TestSearchForFire] Time:146
2018-04-15 20:17:40,152 [DEBUG|PoliceForce/995596944|TestRoadDetector] Time:146
2018-04-15 20:17:40,153 [DEBUG|PoliceForce/995596944|TestRoadDetector] Targets: []
2018-04-15 20:17:40,153 [DEBUG|PoliceForce/995596944|TestSearchForFire] unsearchedBuildingIDs:[33425, 19236, 20276, 15349]
2018-04-15 20:17:40,153 [DEBUG|PoliceForce/995596944|TestSearchForFire] best path is:[33190, 33191, 33234, 33282, 33431, 33447, 33425]
2018-04-15 20:17:40,153 [DEBUG|PoliceForce/995596944|TestSearchForFire] choosed:33431
2018-04-15 20:17:43,645 [DEBUG|PoliceForce/995596944|TestSearchForFire] Time:147
2018-04-15 20:17:43,645 [DEBUG|PoliceForce/995596944|TestRoadDetector] Time:147
2018-04-15 20:17:43,645 [DEBUG|PoliceForce/995596944|TestRoadDetector] Targets: []
2018-04-15 20:17:43,645 [DEBUG|PoliceForce/995596944|TestSearchForFire] unsearchedBuildingIDs:[19236, 20276, 15349]
2018-04-15 20:17:43,646 [DEBUG|PoliceForce/995596944|TestSearchForFire] best path is:[33282, 33234, 33191, 33190, 33179, 33169, 4956, 7080, 2526, 3462, 35911, 35914, 35918, 35920, 35923, 35926, 35930, 35932, 35936, 35939, 35942, 35946, 35948, 35951, 19251, 19236]
2018-04-15 20:17:43,646 [DEBUG|PoliceForce/995596944|TestSearchForFire] choosed:35951
2018-04-15 20:17:47,008 [DEBUG|PoliceForce/995596944|TestSearchForFire] Time:148
2018-04-15 20:17:47,009 [DEBUG|PoliceForce/995596944|TestRoadDetector] Time:148
2018-04-15 20:17:47,009 [DEBUG|PoliceForce/995596944|TestRoadDetector] Targets: []
2018-04-15 20:17:47,009 [DEBUG|PoliceForce/995596944|TestSearchForFire] unsearchedBuildingIDs:[19236, 20276, 15349]
2018-04-15 20:17:47,010 [DEBUG|PoliceForce/995596944|TestSearchForFire] best path is:[33191, 33190, 33179, 33169, 4956, 7080, 2526, 3462, 35911, 35914, 35918, 35920, 35923, 35926, 35930, 35932, 35936, 35939, 35942, 35946, 35948, 35951, 19251, 19236]
2018-04-15 20:17:47,010 [DEBUG|PoliceForce/995596944|TestSearchForFire] choosed:35951
2018-04-15 20:17:50,372 [DEBUG|PoliceForce/995596944|TestSearchForFire] Time:149
2018-04-15 20:17:50,372 [DEBUG|PoliceForce/995596944|TestRoadDetector] Time:149
2018-04-15 20:17:50,372 [DEBUG|PoliceForce/995596944|TestRoadDetector] Targets: []
2018-04-15 20:17:50,372 [DEBUG|PoliceForce/995596944|TestSearchForFire] unsearchedBuildingIDs:[19236, 20276, 15349]
2018-04-15 20:17:50,373 [DEBUG|PoliceForce/995596944|TestSearchForFire] best path is:[4956, 7080, 2526, 3462, 35911, 35914, 35918, 35920, 35923, 35926, 35930, 35932, 35936, 35939, 35942, 35946, 35948, 35951, 19251, 19236]
2018-04-15 20:17:50,373 [DEBUG|PoliceForce/995596944|TestSearchForFire] choosed:35951
2018-04-15 20:17:53,921 [DEBUG|PoliceForce/995596944|TestSearchForFire] Time:150
2018-04-15 20:17:53,921 [DEBUG|PoliceForce/995596944|TestRoadDetector] Time:150
2018-04-15 20:17:53,921 [DEBUG|PoliceForce/995596944|TestRoadDetector] Targets: []
2018-04-15 20:17:53,921 [DEBUG|PoliceForce/995596944|TestSearchForFire] unsearchedBuildingIDs:[19236, 20276, 15349]
2018-04-15 20:17:53,922 [DEBUG|PoliceForce/995596944|TestSearchForFire] best path is:[4956, 7080, 2526, 3462, 35911, 35914, 35918, 35920, 35923, 35926, 35930, 35932, 35936, 35939, 35942, 35946, 35948, 35951, 19251, 19236]
2018-04-15 20:17:53,922 [DEBUG|PoliceForce/995596944|TestSearchForFire] choosed:35951
2018-04-15 20:17:57,420 [DEBUG|PoliceForce/995596944|TestSearchForFire] Time:151
2018-04-15 20:17:57,420 [DEBUG|PoliceForce/995596944|TestRoadDetector] Time:151
2018-04-15 20:17:57,421 [DEBUG|PoliceForce/995596944|TestRoadDetector] Targets: []
2018-04-15 20:17:57,421 [DEBUG|PoliceForce/995596944|TestSearchForFire] unsearchedBuildingIDs:[19236, 20276, 15349]
2018-04-15 20:17:57,421 [DEBUG|PoliceForce/995596944|TestSearchForFire] best path is:[7080, 2526, 3462, 35911, 35914, 35918, 35920, 35923, 35926, 35930, 35932, 35936, 35939, 35942, 35946, 35948, 35951, 19251, 19236]
2018-04-15 20:17:57,421 [DEBUG|PoliceForce/995596944|TestSearchForFire] choosed:35951
2018-04-15 20:18:00,877 [DEBUG|PoliceForce/995596944|TestSearchForFire] Time:152
2018-04-15 20:18:00,877 [DEBUG|PoliceForce/995596944|TestRoadDetector] Time:152
2018-04-15 20:18:00,877 [DEBUG|PoliceForce/995596944|TestRoadDetector] Targets: []
2018-04-15 20:18:00,878 [DEBUG|PoliceForce/995596944|TestSearchForFire] unsearchedBuildingIDs:[19236, 20276, 15349]
2018-04-15 20:18:00,878 [DEBUG|PoliceForce/995596944|TestSearchForFire] best path is:[7080, 2526, 3462, 35911, 35914, 35918, 35920, 35923, 35926, 35930, 35932, 35936, 35939, 35942, 35946, 35948, 35951, 19251, 19236]
2018-04-15 20:18:00,878 [DEBUG|PoliceForce/995596944|TestSearchForFire] choosed:35951
2018-04-15 20:18:04,440 [DEBUG|PoliceForce/995596944|TestSearchForFire] Time:153
2018-04-15 20:18:04,441 [DEBUG|PoliceForce/995596944|TestRoadDetector] Time:153
2018-04-15 20:18:04,441 [DEBUG|PoliceForce/995596944|TestRoadDetector] Targets: []
2018-04-15 20:18:04,441 [DEBUG|PoliceForce/995596944|TestSearchForFire] unsearchedBuildingIDs:[19236, 20276, 15349]
2018-04-15 20:18:04,441 [DEBUG|PoliceForce/995596944|TestSearchForFire] best path is:[7080, 2526, 3462, 35911, 35914, 35918, 35920, 35923, 35926, 35930, 35932, 35936, 35939, 35942, 35946, 35948, 35951, 19251, 19236]
2018-04-15 20:18:04,441 [DEBUG|PoliceForce/995596944|TestSearchForFire] choosed:35951
2018-04-15 20:18:08,288 [DEBUG|PoliceForce/995596944|TestSearchForFire] Time:154
2018-04-15 20:18:08,288 [DEBUG|PoliceForce/995596944|TestRoadDetector] Time:154
2018-04-15 20:18:08,288 [DEBUG|PoliceForce/995596944|TestRoadDetector] Targets: []
2018-04-15 20:18:08,289 [DEBUG|PoliceForce/995596944|TestSearchForFire] unsearchedBuildingIDs:[19236, 20276, 15349]
2018-04-15 20:18:08,289 [DEBUG|PoliceForce/995596944|TestSearchForFire] best path is:[3462, 35911, 35914, 35918, 35920, 35923, 35926, 35930, 35932, 35936, 35939, 35942, 35946, 35948, 35951, 19251, 19236]
2018-04-15 20:18:08,289 [DEBUG|PoliceForce/995596944|TestSearchForFire] choosed:35951
2018-04-15 20:18:11,908 [DEBUG|PoliceForce/995596944|TestSearchForFire] Time:155
2018-04-15 20:18:11,908 [DEBUG|PoliceForce/995596944|TestRoadDetector] Time:155
2018-04-15 20:18:11,909 [DEBUG|PoliceForce/995596944|TestRoadDetector] Targets: []
2018-04-15 20:18:11,909 [DEBUG|PoliceForce/995596944|TestSearchForFire] unsearchedBuildingIDs:[19236, 20276, 15349]
2018-04-15 20:18:11,909 [DEBUG|PoliceForce/995596944|TestSearchForFire] best path is:[35915, 35917, 35921, 35920, 35923, 35926, 35930, 35932, 35936, 35939, 35942, 35946, 35948, 35951, 19251, 19236]
2018-04-15 20:18:11,909 [DEBUG|PoliceForce/995596944|TestSearchForFire] choosed:35951
2018-04-15 20:18:15,716 [DEBUG|PoliceForce/995596944|TestSearchForFire] Time:156
2018-04-15 20:18:15,717 [DEBUG|PoliceForce/995596944|TestRoadDetector] Time:156
2018-04-15 20:18:15,717 [DEBUG|PoliceForce/995596944|TestRoadDetector] Targets: []
2018-04-15 20:18:15,717 [DEBUG|PoliceForce/995596944|TestSearchForFire] unsearchedBuildingIDs:[19236, 20276, 15349]
2018-04-15 20:18:15,717 [DEBUG|PoliceForce/995596944|TestSearchForFire] best path is:[35921, 35920, 35923, 35926, 35930, 35932, 35936, 35939, 35942, 35946, 35948, 35951, 19251, 19236]
2018-04-15 20:18:15,717 [DEBUG|PoliceForce/995596944|TestSearchForFire] choosed:35951
2018-04-15 20:18:19,234 [DEBUG|PoliceForce/995596944|TestSearchForFire] Time:157
2018-04-15 20:18:19,234 [DEBUG|PoliceForce/995596944|TestRoadDetector] Time:157
2018-04-15 20:18:19,234 [DEBUG|PoliceForce/995596944|TestRoadDetector] Targets: []
2018-04-15 20:18:19,235 [DEBUG|PoliceForce/995596944|TestSearchForFire] unsearchedBuildingIDs:[19236, 20276, 15349]
2018-04-15 20:18:19,235 [DEBUG|PoliceForce/995596944|TestSearchForFire] best path is:[35937, 35940, 35943, 35945, 35949, 35952, 35951, 19251, 19236]
2018-04-15 20:18:19,235 [DEBUG|PoliceForce/995596944|TestSearchForFire] choosed:35951
2018-04-15 20:18:22,824 [DEBUG|PoliceForce/995596944|TestSearchForFire] Time:158
2018-04-15 20:18:22,825 [DEBUG|PoliceForce/995596944|TestRoadDetector] Time:158
2018-04-15 20:18:22,825 [DEBUG|PoliceForce/995596944|TestRoadDetector] Targets: []
2018-04-15 20:18:22,825 [DEBUG|PoliceForce/995596944|TestSearchForFire] unsearchedBuildingIDs:[20276, 15349]
2018-04-15 20:18:22,825 [DEBUG|PoliceForce/995596944|TestSearchForFire] best path is:[35949, 35948, 33132, 33133, 8997, 1609, 7287, 4479, 33449, 20291, 20276]
2018-04-15 20:18:22,825 [DEBUG|PoliceForce/995596944|TestSearchForFire] choosed:33449
2018-04-15 20:18:26,256 [DEBUG|PoliceForce/995596944|TestSearchForFire] Time:159
2018-04-15 20:18:26,256 [DEBUG|PoliceForce/995596944|TestRoadDetector] Time:159
2018-04-15 20:18:26,257 [DEBUG|PoliceForce/995596944|TestRoadDetector] Targets: []
2018-04-15 20:18:26,257 [DEBUG|PoliceForce/995596944|TestSearchForFire] unsearchedBuildingIDs:[20276]
2018-04-15 20:18:26,257 [DEBUG|PoliceForce/995596944|TestSearchForFire] best path is:[33132, 33133, 8997, 1609, 7287, 4479, 33449, 20291, 20276]
2018-04-15 20:18:26,257 [DEBUG|PoliceForce/995596944|TestSearchForFire] choosed:33449
