2018-04-15 20:06:41,585 [DEBUG|AmbulanceTeam/1072980770|TestHumanDetector] Time:1
2018-04-15 20:06:41,586 [DEBUG|AmbulanceTeam/1072980770|TestSearchForFire] Time:1
2018-04-15 20:06:41,586 [DEBUG|AmbulanceTeam/1072980770|TestHumanDetector] Targets:[]
2018-04-15 20:06:41,586 [DEBUG|AmbulanceTeam/1072980770|TestSearchForFire] unsearchedBuildingIDs:[11137, 24449, 24585, 16654, 31252, 25877, 22043, 17821, 12194, 10278, 16681, 29227, 29867, 28590, 25264, 22835, 22070, 33848, 19897, 12221, 17474, 14914, 35268, 20679, 27209, 27978, 11220, 33623, 12247, 32986, 20187, 14303, 31073, 19427, 13796, 14949, 24422, 15463, 33000, 12650, 16491, 13931, 14571, 15084, 21869, 27120, 29297, 19571, 28532, 33013, 23545, 33787, 19454, 14975, 23679]
2018-04-15 20:06:41,587 [DEBUG|AmbulanceTeam/1072980770|TestSearchForFire] best path is:[9330, 34391, 2184, 3525, 452, 2202, 7386, 4632, 1767, 2940, 34363, 34364, 3930, 27209]
2018-04-15 20:06:41,587 [DEBUG|AmbulanceTeam/1072980770|TestSearchForFire] choosed:34364
2018-04-15 20:06:50,573 [DEBUG|AmbulanceTeam/1072980770|TestHumanDetector] Time:2
2018-04-15 20:06:50,573 [DEBUG|AmbulanceTeam/1072980770|TestSearchForFire] Time:2
2018-04-15 20:06:50,573 [DEBUG|AmbulanceTeam/1072980770|TestHumanDetector] Targets:[]
2018-04-15 20:06:50,573 [DEBUG|AmbulanceTeam/1072980770|TestSearchForFire] unsearchedBuildingIDs:[11137, 24449, 24585, 16654, 31252, 25877, 22043, 17821, 12194, 10278, 16681, 29227, 29867, 28590, 25264, 22835, 22070, 33848, 19897, 12221, 17474, 14914, 35268, 20679, 27209, 27978, 11220, 33623, 12247, 32986, 20187, 14303, 31073, 19427, 13796, 14949, 24422, 15463, 33000, 12650, 16491, 13931, 14571, 15084, 21869, 27120, 29297, 19571, 28532, 33013, 23545, 33787, 19454, 14975, 23679]
2018-04-15 20:06:50,574 [DEBUG|AmbulanceTeam/1072980770|TestSearchForFire] best path is:[9330, 34391, 2184, 3525, 452, 2202, 7386, 4632, 1767, 2940, 34363, 34364, 3930, 27209]
2018-04-15 20:06:50,574 [DEBUG|AmbulanceTeam/1072980770|TestSearchForFire] choosed:34364
2018-04-15 20:06:54,592 [DEBUG|AmbulanceTeam/1072980770|TestHumanDetector] Time:3
2018-04-15 20:06:54,593 [DEBUG|AmbulanceTeam/1072980770|TestSearchForFire] Time:3
2018-04-15 20:06:54,593 [DEBUG|AmbulanceTeam/1072980770|TestHumanDetector] Targets:[]
2018-04-15 20:06:54,593 [DEBUG|AmbulanceTeam/1072980770|TestSearchForFire] unsearchedBuildingIDs:[11137, 24449, 24585, 16654, 31252, 25877, 22043, 17821, 12194, 10278, 16681, 29227, 29867, 28590, 25264, 22835, 22070, 33848, 19897, 12221, 17474, 14914, 35268, 20679, 27209, 27978, 11220, 33623, 12247, 32986, 20187, 14303, 31073, 19427, 13796, 14949, 24422, 15463, 33000, 12650, 16491, 13931, 14571, 15084, 21869, 27120, 29297, 19571, 28532, 33013, 23545, 33787, 19454, 14975, 23679]
2018-04-15 20:06:54,594 [DEBUG|AmbulanceTeam/1072980770|TestSearchForFire] best path is:[9330, 34391, 2184, 3525, 452, 2202, 7386, 4632, 1767, 2940, 34363, 34364, 3930, 27209]
2018-04-15 20:06:54,594 [DEBUG|AmbulanceTeam/1072980770|TestSearchForFire] choosed:34364
2018-04-15 20:07:05,662 [DEBUG|AmbulanceTeam/1072980770|TestHumanDetector] Time:4
2018-04-15 20:07:05,662 [DEBUG|AmbulanceTeam/1072980770|TestSearchForFire] Time:4
2018-04-15 20:07:05,662 [DEBUG|AmbulanceTeam/1072980770|TestHumanDetector] Targets:[]
2018-04-15 20:07:05,662 [DEBUG|AmbulanceTeam/1072980770|TestSearchForFire] unsearchedBuildingIDs:[11137, 24449, 24585, 16654, 31252, 25877, 22043, 17821, 12194, 10278, 16681, 29227, 29867, 28590, 25264, 22835, 22070, 33848, 19897, 12221, 17474, 14914, 35268, 20679, 27209, 27978, 11220, 33623, 12247, 32986, 20187, 14303, 31073, 19427, 13796, 14949, 24422, 15463, 33000, 12650, 16491, 13931, 14571, 15084, 21869, 27120, 29297, 19571, 28532, 33013, 23545, 33787, 19454, 14975, 23679]
2018-04-15 20:07:05,663 [DEBUG|AmbulanceTeam/1072980770|TestSearchForFire] best path is:[9330, 34391, 2184, 3525, 452, 2202, 7386, 4632, 1767, 2940, 34363, 34364, 3930, 27209]
2018-04-15 20:07:05,663 [DEBUG|AmbulanceTeam/1072980770|TestSearchForFire] choosed:34364
2018-04-15 20:07:14,600 [DEBUG|AmbulanceTeam/1072980770|TestHumanDetector] Time:5
2018-04-15 20:07:14,600 [DEBUG|AmbulanceTeam/1072980770|TestSearchForFire] Time:5
2018-04-15 20:07:14,600 [DEBUG|AmbulanceTeam/1072980770|TestHumanDetector] Targets:[]
2018-04-15 20:07:14,600 [DEBUG|AmbulanceTeam/1072980770|TestSearchForFire] unsearchedBuildingIDs:[11137, 24449, 24585, 16654, 31252, 25877, 22043, 17821, 12194, 10278, 16681, 29227, 29867, 28590, 25264, 22835, 22070, 33848, 19897, 12221, 17474, 14914, 35268, 20679, 27209, 27978, 11220, 33623, 12247, 32986, 20187, 14303, 31073, 19427, 13796, 14949, 24422, 15463, 33000, 12650, 16491, 13931, 14571, 15084, 21869, 27120, 29297, 19571, 28532, 33013, 23545, 33787, 19454, 14975, 23679]
2018-04-15 20:07:14,601 [DEBUG|AmbulanceTeam/1072980770|TestSearchForFire] best path is:[9330, 34391, 2184, 3525, 452, 2202, 7386, 4632, 1767, 2940, 34363, 34364, 3930, 27209]
2018-04-15 20:07:14,601 [DEBUG|AmbulanceTeam/1072980770|TestSearchForFire] choosed:34364
2018-04-15 20:07:23,125 [DEBUG|AmbulanceTeam/1072980770|TestHumanDetector] Time:6
2018-04-15 20:07:23,125 [DEBUG|AmbulanceTeam/1072980770|TestSearchForFire] Time:6
2018-04-15 20:07:23,126 [DEBUG|AmbulanceTeam/1072980770|TestHumanDetector] Targets:[]
2018-04-15 20:07:23,126 [DEBUG|AmbulanceTeam/1072980770|TestSearchForFire] unsearchedBuildingIDs:[11137, 24449, 24585, 16654, 31252, 25877, 22043, 17821, 12194, 10278, 16681, 29227, 29867, 28590, 25264, 22835, 22070, 33848, 19897, 12221, 17474, 14914, 35268, 20679, 27209, 27978, 11220, 33623, 12247, 32986, 20187, 14303, 31073, 19427, 13796, 14949, 24422, 15463, 33000, 12650, 16491, 13931, 14571, 15084, 21869, 27120, 29297, 19571, 28532, 33013, 23545, 33787, 19454, 14975, 23679]
2018-04-15 20:07:23,126 [DEBUG|AmbulanceTeam/1072980770|TestSearchForFire] best path is:[9330, 34391, 2184, 3525, 452, 2202, 7386, 4632, 1767, 2940, 34363, 34364, 3930, 27209]
2018-04-15 20:07:23,126 [DEBUG|AmbulanceTeam/1072980770|TestSearchForFire] choosed:34364
2018-04-15 20:07:30,785 [DEBUG|AmbulanceTeam/1072980770|TestHumanDetector] Time:7
2018-04-15 20:07:30,785 [DEBUG|AmbulanceTeam/1072980770|TestSearchForFire] Time:7
2018-04-15 20:07:30,785 [DEBUG|AmbulanceTeam/1072980770|TestHumanDetector] Targets:[]
2018-04-15 20:07:30,785 [DEBUG|AmbulanceTeam/1072980770|TestSearchForFire] unsearchedBuildingIDs:[11137, 24449, 24585, 16654, 31252, 25877, 22043, 17821, 12194, 10278, 16681, 29227, 29867, 28590, 25264, 22835, 22070, 33848, 19897, 12221, 17474, 14914, 35268, 20679, 27209, 27978, 11220, 33623, 12247, 32986, 20187, 14303, 31073, 19427, 13796, 14949, 24422, 15463, 33000, 12650, 16491, 13931, 14571, 15084, 21869, 27120, 29297, 19571, 28532, 33013, 23545, 33787, 19454, 14975, 23679]
2018-04-15 20:07:30,785 [DEBUG|AmbulanceTeam/1072980770|TestSearchForFire] best path is:[9330, 34391, 2184, 3525, 452, 2202, 7386, 4632, 1767, 2940, 34363, 34364, 3930, 27209]
2018-04-15 20:07:30,785 [DEBUG|AmbulanceTeam/1072980770|TestSearchForFire] choosed:34364
2018-04-15 20:07:38,185 [DEBUG|AmbulanceTeam/1072980770|TestHumanDetector] Time:8
2018-04-15 20:07:38,185 [DEBUG|AmbulanceTeam/1072980770|TestSearchForFire] Time:8
2018-04-15 20:07:38,185 [DEBUG|AmbulanceTeam/1072980770|TestHumanDetector] Targets:[]
2018-04-15 20:07:38,185 [DEBUG|AmbulanceTeam/1072980770|TestSearchForFire] unsearchedBuildingIDs:[11137, 24449, 24585, 16654, 31252, 25877, 22043, 17821, 12194, 10278, 16681, 29227, 29867, 28590, 25264, 22835, 22070, 33848, 19897, 12221, 17474, 14914, 35268, 20679, 27209, 27978, 11220, 33623, 12247, 32986, 20187, 14303, 31073, 19427, 13796, 14949, 24422, 15463, 33000, 12650, 16491, 13931, 14571, 15084, 21869, 27120, 29297, 19571, 28532, 33013, 23545, 33787, 19454, 14975, 23679]
2018-04-15 20:07:38,186 [DEBUG|AmbulanceTeam/1072980770|TestSearchForFire] best path is:[9330, 34391, 2184, 3525, 452, 2202, 7386, 4632, 1767, 2940, 34363, 34364, 3930, 27209]
2018-04-15 20:07:38,186 [DEBUG|AmbulanceTeam/1072980770|TestSearchForFire] choosed:34364
2018-04-15 20:07:45,573 [DEBUG|AmbulanceTeam/1072980770|TestHumanDetector] Time:9
2018-04-15 20:07:45,573 [DEBUG|AmbulanceTeam/1072980770|TestSearchForFire] Time:9
2018-04-15 20:07:45,573 [DEBUG|AmbulanceTeam/1072980770|TestHumanDetector] Targets:[]
2018-04-15 20:07:45,573 [DEBUG|AmbulanceTeam/1072980770|TestSearchForFire] unsearchedBuildingIDs:[11137, 24449, 24585, 16654, 31252, 25877, 22043, 17821, 12194, 10278, 16681, 29227, 29867, 28590, 25264, 22835, 22070, 33848, 19897, 12221, 17474, 14914, 35268, 20679, 27209, 27978, 11220, 33623, 12247, 32986, 20187, 14303, 31073, 19427, 13796, 14949, 24422, 15463, 33000, 12650, 16491, 13931, 14571, 15084, 21869, 27120, 29297, 19571, 28532, 33013, 23545, 33787, 19454, 14975, 23679]
2018-04-15 20:07:45,573 [DEBUG|AmbulanceTeam/1072980770|TestSearchForFire] best path is:[9330, 34391, 2184, 3525, 452, 2202, 7386, 4632, 1767, 2940, 34363, 34364, 3930, 27209]
2018-04-15 20:07:45,574 [DEBUG|AmbulanceTeam/1072980770|TestSearchForFire] choosed:34364
2018-04-15 20:07:52,900 [DEBUG|AmbulanceTeam/1072980770|TestHumanDetector] Time:10
2018-04-15 20:07:52,901 [DEBUG|AmbulanceTeam/1072980770|TestSearchForFire] Time:10
2018-04-15 20:07:52,901 [DEBUG|AmbulanceTeam/1072980770|TestHumanDetector] Targets:[]
2018-04-15 20:07:52,901 [DEBUG|AmbulanceTeam/1072980770|TestSearchForFire] unsearchedBuildingIDs:[11137, 24449, 24585, 16654, 31252, 25877, 22043, 17821, 12194, 10278, 16681, 29227, 29867, 28590, 25264, 22835, 22070, 33848, 19897, 12221, 17474, 14914, 35268, 20679, 27209, 27978, 11220, 33623, 12247, 32986, 20187, 14303, 31073, 19427, 13796, 14949, 24422, 15463, 33000, 12650, 16491, 13931, 14571, 15084, 21869, 27120, 29297, 19571, 28532, 33013, 23545, 33787, 19454, 14975, 23679]
2018-04-15 20:07:52,901 [DEBUG|AmbulanceTeam/1072980770|TestSearchForFire] best path is:[9330, 34391, 2184, 3525, 452, 2202, 7386, 4632, 1767, 2940, 34363, 34364, 3930, 27209]
2018-04-15 20:07:52,901 [DEBUG|AmbulanceTeam/1072980770|TestSearchForFire] choosed:34364
2018-04-15 20:07:59,836 [DEBUG|AmbulanceTeam/1072980770|TestHumanDetector] Time:11
2018-04-15 20:07:59,836 [DEBUG|AmbulanceTeam/1072980770|TestSearchForFire] Time:11
2018-04-15 20:07:59,837 [DEBUG|AmbulanceTeam/1072980770|TestHumanDetector] Targets:[]
2018-04-15 20:07:59,837 [DEBUG|AmbulanceTeam/1072980770|TestSearchForFire] unsearchedBuildingIDs:[11137, 24449, 24585, 16654, 31252, 25877, 22043, 17821, 12194, 10278, 16681, 29227, 29867, 28590, 25264, 22835, 22070, 33848, 19897, 12221, 17474, 14914, 35268, 20679, 27209, 27978, 11220, 33623, 12247, 32986, 20187, 14303, 31073, 19427, 13796, 14949, 24422, 15463, 33000, 12650, 16491, 13931, 14571, 15084, 21869, 27120, 29297, 19571, 28532, 33013, 23545, 33787, 19454, 14975, 23679]
2018-04-15 20:07:59,837 [DEBUG|AmbulanceTeam/1072980770|TestSearchForFire] best path is:[9330, 34391, 2184, 3525, 452, 2202, 7386, 4632, 1767, 2940, 34363, 34364, 3930, 27209]
2018-04-15 20:07:59,837 [DEBUG|AmbulanceTeam/1072980770|TestSearchForFire] choosed:34364
2018-04-15 20:08:06,916 [DEBUG|AmbulanceTeam/1072980770|TestHumanDetector] Time:12
2018-04-15 20:08:06,916 [DEBUG|AmbulanceTeam/1072980770|TestSearchForFire] Time:12
2018-04-15 20:08:06,917 [DEBUG|AmbulanceTeam/1072980770|TestHumanDetector] Targets:[]
2018-04-15 20:08:06,917 [DEBUG|AmbulanceTeam/1072980770|TestSearchForFire] unsearchedBuildingIDs:[11137, 24449, 24585, 16654, 31252, 25877, 22043, 17821, 12194, 10278, 16681, 29227, 29867, 28590, 25264, 22835, 22070, 33848, 19897, 12221, 17474, 14914, 35268, 20679, 27209, 27978, 11220, 33623, 12247, 32986, 20187, 14303, 31073, 19427, 13796, 14949, 24422, 15463, 33000, 12650, 16491, 13931, 14571, 15084, 21869, 27120, 29297, 19571, 28532, 33013, 23545, 33787, 19454, 14975, 23679]
2018-04-15 20:08:06,917 [DEBUG|AmbulanceTeam/1072980770|TestSearchForFire] best path is:[9330, 34391, 2184, 3525, 452, 2202, 7386, 4632, 1767, 2940, 34363, 34364, 3930, 27209]
2018-04-15 20:08:06,917 [DEBUG|AmbulanceTeam/1072980770|TestSearchForFire] choosed:34364
2018-04-15 20:08:13,565 [DEBUG|AmbulanceTeam/1072980770|TestHumanDetector] Time:13
2018-04-15 20:08:13,565 [DEBUG|AmbulanceTeam/1072980770|TestSearchForFire] Time:13
2018-04-15 20:08:13,565 [DEBUG|AmbulanceTeam/1072980770|TestHumanDetector] Targets:[]
2018-04-15 20:08:13,565 [DEBUG|AmbulanceTeam/1072980770|TestSearchForFire] unsearchedBuildingIDs:[11137, 24449, 24585, 16654, 31252, 25877, 22043, 17821, 12194, 10278, 16681, 29227, 29867, 28590, 25264, 22835, 22070, 33848, 19897, 12221, 17474, 14914, 35268, 20679, 27978, 11220, 33623, 12247, 32986, 20187, 14303, 31073, 19427, 13796, 14949, 24422, 15463, 33000, 12650, 16491, 13931, 14571, 15084, 21869, 27120, 29297, 19571, 28532, 33013, 23545, 33787, 19454, 14975, 23679]
2018-04-15 20:08:13,566 [DEBUG|AmbulanceTeam/1072980770|TestSearchForFire] best path is:[7386, 4632, 1767, 2940, 34363, 34364, 3930, 1682, 8439, 2661, 1587, 6504, 12210, 12194]
2018-04-15 20:08:13,566 [DEBUG|AmbulanceTeam/1072980770|TestSearchForFire] choosed:6504
2018-04-15 20:08:20,072 [DEBUG|AmbulanceTeam/1072980770|TestHumanDetector] Time:14
2018-04-15 20:08:20,072 [DEBUG|AmbulanceTeam/1072980770|TestSearchForFire] Time:14
2018-04-15 20:08:20,072 [DEBUG|AmbulanceTeam/1072980770|TestHumanDetector] Targets:[]
2018-04-15 20:08:20,072 [DEBUG|AmbulanceTeam/1072980770|TestSearchForFire] unsearchedBuildingIDs:[11137, 24449, 24585, 16654, 31252, 25877, 22043, 17821, 12194, 10278, 16681, 29227, 29867, 28590, 25264, 22835, 22070, 33848, 19897, 12221, 17474, 14914, 35268, 20679, 27978, 11220, 33623, 12247, 32986, 20187, 14303, 31073, 19427, 13796, 14949, 24422, 15463, 33000, 12650, 16491, 13931, 14571, 15084, 21869, 27120, 29297, 19571, 28532, 33013, 23545, 33787, 19454, 14975, 23679]
2018-04-15 20:08:20,073 [DEBUG|AmbulanceTeam/1072980770|TestSearchForFire] best path is:[7386, 4632, 1767, 2940, 34363, 34364, 3930, 1682, 8439, 2661, 1587, 6504, 12210, 12194]
2018-04-15 20:08:20,073 [DEBUG|AmbulanceTeam/1072980770|TestSearchForFire] choosed:6504
2018-04-15 20:08:27,229 [DEBUG|AmbulanceTeam/1072980770|TestHumanDetector] Time:15
2018-04-15 20:08:27,229 [DEBUG|AmbulanceTeam/1072980770|TestSearchForFire] Time:15
2018-04-15 20:08:27,229 [DEBUG|AmbulanceTeam/1072980770|TestHumanDetector] Targets:[]
2018-04-15 20:08:27,229 [DEBUG|AmbulanceTeam/1072980770|TestSearchForFire] unsearchedBuildingIDs:[11137, 24449, 24585, 16654, 31252, 25877, 22043, 17821, 12194, 10278, 16681, 29227, 29867, 28590, 25264, 22835, 22070, 33848, 19897, 12221, 17474, 14914, 35268, 20679, 11220, 33623, 12247, 32986, 20187, 14303, 31073, 19427, 13796, 14949, 24422, 15463, 33000, 12650, 16491, 13931, 14571, 15084, 21869, 27120, 29297, 28532, 33013, 23545, 33787, 19454, 14975, 23679]
2018-04-15 20:08:27,229 [DEBUG|AmbulanceTeam/1072980770|TestSearchForFire] best path is:[3930, 1682, 8439, 2661, 1587, 6504, 12210, 12194]
2018-04-15 20:08:27,229 [DEBUG|AmbulanceTeam/1072980770|TestSearchForFire] choosed:6504
2018-04-15 20:08:34,170 [DEBUG|AmbulanceTeam/1072980770|TestHumanDetector] Time:16
2018-04-15 20:08:34,171 [DEBUG|AmbulanceTeam/1072980770|TestSearchForFire] Time:16
2018-04-15 20:08:34,172 [DEBUG|AmbulanceTeam/1072980770|TestHumanDetector] Targets:[]
2018-04-15 20:08:34,172 [DEBUG|AmbulanceTeam/1072980770|TestSearchForFire] unsearchedBuildingIDs:[11137, 24449, 24585, 16654, 31252, 25877, 22043, 17821, 10278, 16681, 29227, 29867, 28590, 25264, 22070, 33848, 19897, 12221, 17474, 14914, 35268, 20679, 11220, 33623, 12247, 32986, 20187, 14303, 31073, 19427, 13796, 14949, 24422, 15463, 33000, 12650, 16491, 13931, 14571, 15084, 21869, 27120, 29297, 28532, 33013, 23545, 33787, 19454, 23679]
2018-04-15 20:08:34,172 [DEBUG|AmbulanceTeam/1072980770|TestSearchForFire] best path is:[8439, 2661, 1587, 6504, 4515, 12263, 12247]
2018-04-15 20:08:34,172 [DEBUG|AmbulanceTeam/1072980770|TestSearchForFire] choosed:4515
2018-04-15 20:08:41,109 [DEBUG|AmbulanceTeam/1072980770|TestHumanDetector] Time:17
2018-04-15 20:08:41,109 [DEBUG|AmbulanceTeam/1072980770|TestSearchForFire] Time:17
2018-04-15 20:08:41,110 [DEBUG|AmbulanceTeam/1072980770|TestHumanDetector] Targets:[]
2018-04-15 20:08:41,110 [DEBUG|AmbulanceTeam/1072980770|TestSearchForFire] unsearchedBuildingIDs:[11137, 24449, 24585, 16654, 31252, 25877, 22043, 17821, 10278, 16681, 29227, 29867, 28590, 25264, 22070, 33848, 19897, 12221, 17474, 14914, 35268, 20679, 11220, 33623, 12247, 32986, 20187, 14303, 31073, 19427, 13796, 14949, 24422, 15463, 33000, 12650, 16491, 13931, 14571, 15084, 21869, 27120, 29297, 28532, 33013, 23545, 33787, 19454, 23679]
2018-04-15 20:08:41,110 [DEBUG|AmbulanceTeam/1072980770|TestSearchForFire] best path is:[8439, 2661, 1587, 6504, 4515, 12263, 12247]
2018-04-15 20:08:41,110 [DEBUG|AmbulanceTeam/1072980770|TestSearchForFire] choosed:4515
2018-04-15 20:08:49,077 [DEBUG|AmbulanceTeam/1072980770|TestHumanDetector] Time:18
2018-04-15 20:08:49,077 [DEBUG|AmbulanceTeam/1072980770|TestSearchForFire] Time:18
2018-04-15 20:08:49,077 [DEBUG|AmbulanceTeam/1072980770|TestHumanDetector] Targets:[]
2018-04-15 20:08:49,077 [DEBUG|AmbulanceTeam/1072980770|TestSearchForFire] unsearchedBuildingIDs:[11137, 24449, 24585, 16654, 31252, 25877, 22043, 17821, 10278, 16681, 29227, 29867, 28590, 25264, 22070, 33848, 19897, 12221, 17474, 14914, 35268, 20679, 11220, 33623, 12247, 32986, 20187, 14303, 31073, 19427, 13796, 14949, 24422, 15463, 33000, 12650, 16491, 13931, 14571, 15084, 21869, 27120, 29297, 28532, 33013, 23545, 33787, 19454, 23679]
2018-04-15 20:08:49,077 [DEBUG|AmbulanceTeam/1072980770|TestSearchForFire] best path is:[8439, 2661, 1587, 6504, 4515, 12263, 12247]
2018-04-15 20:08:49,077 [DEBUG|AmbulanceTeam/1072980770|TestSearchForFire] choosed:4515
2018-04-15 20:08:55,629 [DEBUG|AmbulanceTeam/1072980770|TestHumanDetector] Time:19
2018-04-15 20:08:55,629 [DEBUG|AmbulanceTeam/1072980770|TestSearchForFire] Time:19
2018-04-15 20:08:55,629 [DEBUG|AmbulanceTeam/1072980770|TestHumanDetector] Targets:[]
2018-04-15 20:08:55,629 [DEBUG|AmbulanceTeam/1072980770|TestSearchForFire] unsearchedBuildingIDs:[11137, 24449, 24585, 16654, 31252, 25877, 22043, 17821, 10278, 16681, 29227, 29867, 28590, 25264, 22070, 33848, 19897, 12221, 17474, 14914, 35268, 20679, 11220, 33623, 12247, 32986, 20187, 14303, 31073, 19427, 13796, 14949, 24422, 15463, 33000, 12650, 16491, 13931, 14571, 15084, 21869, 27120, 29297, 28532, 33013, 23545, 33787, 19454, 23679]
2018-04-15 20:08:55,630 [DEBUG|AmbulanceTeam/1072980770|TestSearchForFire] best path is:[8439, 2661, 1587, 6504, 4515, 12263, 12247]
2018-04-15 20:08:55,630 [DEBUG|AmbulanceTeam/1072980770|TestSearchForFire] choosed:4515
2018-04-15 20:09:02,293 [DEBUG|AmbulanceTeam/1072980770|TestHumanDetector] Time:20
2018-04-15 20:09:02,293 [DEBUG|AmbulanceTeam/1072980770|TestSearchForFire] Time:20
2018-04-15 20:09:02,293 [DEBUG|AmbulanceTeam/1072980770|TestHumanDetector] Targets:[]
2018-04-15 20:09:02,293 [DEBUG|AmbulanceTeam/1072980770|TestSearchForFire] unsearchedBuildingIDs:[11137, 24449, 24585, 16654, 31252, 25877, 22043, 17821, 10278, 16681, 29227, 29867, 28590, 25264, 22070, 33848, 19897, 12221, 17474, 14914, 35268, 20679, 11220, 33623, 12247, 32986, 20187, 14303, 31073, 19427, 13796, 14949, 24422, 15463, 33000, 12650, 16491, 13931, 14571, 15084, 21869, 27120, 29297, 28532, 33013, 23545, 33787, 19454, 23679]
2018-04-15 20:09:02,293 [DEBUG|AmbulanceTeam/1072980770|TestSearchForFire] best path is:[8439, 2661, 1587, 6504, 4515, 12263, 12247]
2018-04-15 20:09:02,293 [DEBUG|AmbulanceTeam/1072980770|TestSearchForFire] choosed:4515
2018-04-15 20:09:09,665 [DEBUG|AmbulanceTeam/1072980770|TestHumanDetector] Time:21
2018-04-15 20:09:09,665 [DEBUG|AmbulanceTeam/1072980770|TestSearchForFire] Time:21
2018-04-15 20:09:09,665 [DEBUG|AmbulanceTeam/1072980770|TestHumanDetector] Targets:[]
2018-04-15 20:09:09,665 [DEBUG|AmbulanceTeam/1072980770|TestSearchForFire] unsearchedBuildingIDs:[11137, 24449, 24585, 16654, 31252, 25877, 22043, 17821, 10278, 16681, 29227, 29867, 28590, 25264, 22070, 33848, 19897, 12221, 17474, 14914, 35268, 20679, 11220, 33623, 12247, 32986, 20187, 14303, 31073, 19427, 13796, 14949, 24422, 15463, 33000, 12650, 16491, 13931, 14571, 15084, 21869, 27120, 29297, 28532, 33013, 23545, 33787, 19454, 23679]
2018-04-15 20:09:09,665 [DEBUG|AmbulanceTeam/1072980770|TestSearchForFire] best path is:[8439, 2661, 1587, 6504, 4515, 12263, 12247]
2018-04-15 20:09:09,665 [DEBUG|AmbulanceTeam/1072980770|TestSearchForFire] choosed:4515
2018-04-15 20:09:16,281 [DEBUG|AmbulanceTeam/1072980770|TestHumanDetector] Time:22
2018-04-15 20:09:16,281 [DEBUG|AmbulanceTeam/1072980770|TestSearchForFire] Time:22
2018-04-15 20:09:16,281 [DEBUG|AmbulanceTeam/1072980770|TestHumanDetector] Targets:[]
2018-04-15 20:09:16,281 [DEBUG|AmbulanceTeam/1072980770|TestSearchForFire] unsearchedBuildingIDs:[11137, 24449, 24585, 16654, 31252, 25877, 22043, 17821, 10278, 16681, 29227, 29867, 28590, 25264, 22070, 33848, 19897, 12221, 17474, 14914, 35268, 20679, 11220, 33623, 12247, 32986, 20187, 14303, 31073, 19427, 13796, 14949, 24422, 15463, 33000, 12650, 16491, 13931, 14571, 15084, 21869, 27120, 29297, 28532, 33013, 23545, 33787, 19454, 23679]
2018-04-15 20:09:16,281 [DEBUG|AmbulanceTeam/1072980770|TestSearchForFire] best path is:[8439, 2661, 1587, 6504, 4515, 12263, 12247]
2018-04-15 20:09:16,281 [DEBUG|AmbulanceTeam/1072980770|TestSearchForFire] choosed:4515
2018-04-15 20:09:22,441 [DEBUG|AmbulanceTeam/1072980770|TestHumanDetector] Time:23
2018-04-15 20:09:22,441 [DEBUG|AmbulanceTeam/1072980770|TestSearchForFire] Time:23
2018-04-15 20:09:22,441 [DEBUG|AmbulanceTeam/1072980770|TestHumanDetector] Targets:[]
2018-04-15 20:09:22,441 [DEBUG|AmbulanceTeam/1072980770|TestSearchForFire] unsearchedBuildingIDs:[11137, 24449, 24585, 16654, 31252, 25877, 22043, 17821, 10278, 16681, 29227, 29867, 28590, 25264, 22070, 33848, 19897, 12221, 17474, 14914, 35268, 20679, 11220, 33623, 12247, 32986, 20187, 14303, 31073, 19427, 13796, 14949, 24422, 15463, 33000, 12650, 16491, 13931, 14571, 15084, 21869, 27120, 29297, 28532, 33013, 23545, 33787, 19454, 23679]
2018-04-15 20:09:22,441 [DEBUG|AmbulanceTeam/1072980770|TestSearchForFire] best path is:[8439, 2661, 1587, 6504, 4515, 12263, 12247]
2018-04-15 20:09:22,441 [DEBUG|AmbulanceTeam/1072980770|TestSearchForFire] choosed:4515
2018-04-15 20:09:28,400 [DEBUG|AmbulanceTeam/1072980770|TestHumanDetector] Time:24
2018-04-15 20:09:28,401 [DEBUG|AmbulanceTeam/1072980770|TestSearchForFire] Time:24
2018-04-15 20:09:28,401 [DEBUG|AmbulanceTeam/1072980770|TestHumanDetector] Targets:[]
2018-04-15 20:09:28,401 [DEBUG|AmbulanceTeam/1072980770|TestSearchForFire] unsearchedBuildingIDs:[11137, 24449, 24585, 16654, 31252, 25877, 22043, 17821, 10278, 16681, 29227, 29867, 28590, 25264, 22070, 33848, 19897, 12221, 17474, 14914, 35268, 20679, 11220, 33623, 12247, 32986, 20187, 14303, 31073, 19427, 13796, 14949, 24422, 15463, 33000, 12650, 16491, 13931, 14571, 15084, 21869, 27120, 29297, 28532, 33013, 23545, 33787, 19454, 23679]
2018-04-15 20:09:28,401 [DEBUG|AmbulanceTeam/1072980770|TestSearchForFire] best path is:[8439, 2661, 1587, 6504, 4515, 12263, 12247]
2018-04-15 20:09:28,401 [DEBUG|AmbulanceTeam/1072980770|TestSearchForFire] choosed:4515
2018-04-15 20:09:34,246 [DEBUG|AmbulanceTeam/1072980770|TestHumanDetector] Time:25
2018-04-15 20:09:34,246 [DEBUG|AmbulanceTeam/1072980770|TestSearchForFire] Time:25
2018-04-15 20:09:34,246 [DEBUG|AmbulanceTeam/1072980770|TestHumanDetector] Targets:[]
2018-04-15 20:09:34,246 [DEBUG|AmbulanceTeam/1072980770|TestSearchForFire] unsearchedBuildingIDs:[11137, 24449, 24585, 16654, 31252, 25877, 22043, 17821, 10278, 16681, 29227, 29867, 28590, 25264, 22070, 33848, 19897, 12221, 17474, 14914, 35268, 20679, 11220, 33623, 12247, 32986, 20187, 14303, 31073, 19427, 13796, 14949, 24422, 15463, 33000, 12650, 16491, 13931, 14571, 15084, 21869, 27120, 29297, 28532, 33013, 23545, 33787, 19454, 23679]
2018-04-15 20:09:34,246 [DEBUG|AmbulanceTeam/1072980770|TestSearchForFire] best path is:[8439, 2661, 1587, 6504, 4515, 12263, 12247]
2018-04-15 20:09:34,246 [DEBUG|AmbulanceTeam/1072980770|TestSearchForFire] choosed:4515
2018-04-15 20:09:40,325 [DEBUG|AmbulanceTeam/1072980770|TestHumanDetector] Time:26
2018-04-15 20:09:40,325 [DEBUG|AmbulanceTeam/1072980770|TestSearchForFire] Time:26
2018-04-15 20:09:40,325 [DEBUG|AmbulanceTeam/1072980770|TestHumanDetector] Targets:[]
2018-04-15 20:09:40,325 [DEBUG|AmbulanceTeam/1072980770|TestSearchForFire] unsearchedBuildingIDs:[11137, 24449, 24585, 16654, 31252, 25877, 22043, 17821, 10278, 16681, 29227, 29867, 28590, 25264, 22070, 33848, 19897, 12221, 17474, 14914, 35268, 20679, 11220, 33623, 12247, 32986, 20187, 14303, 31073, 19427, 13796, 14949, 24422, 15463, 33000, 12650, 16491, 13931, 14571, 15084, 21869, 27120, 29297, 28532, 33013, 23545, 33787, 19454, 23679]
2018-04-15 20:09:40,325 [DEBUG|AmbulanceTeam/1072980770|TestSearchForFire] best path is:[8439, 2661, 1587, 6504, 4515, 12263, 12247]
2018-04-15 20:09:40,325 [DEBUG|AmbulanceTeam/1072980770|TestSearchForFire] choosed:4515
2018-04-15 20:09:46,136 [DEBUG|AmbulanceTeam/1072980770|TestHumanDetector] Time:27
2018-04-15 20:09:46,137 [DEBUG|AmbulanceTeam/1072980770|TestSearchForFire] Time:27
2018-04-15 20:09:46,137 [DEBUG|AmbulanceTeam/1072980770|TestHumanDetector] Targets:[]
2018-04-15 20:09:46,137 [DEBUG|AmbulanceTeam/1072980770|TestSearchForFire] unsearchedBuildingIDs:[11137, 24449, 24585, 16654, 31252, 25877, 22043, 17821, 10278, 16681, 29227, 29867, 28590, 25264, 22070, 33848, 19897, 12221, 17474, 14914, 35268, 20679, 11220, 33623, 12247, 32986, 20187, 14303, 31073, 19427, 13796, 14949, 24422, 15463, 33000, 12650, 16491, 13931, 14571, 15084, 21869, 27120, 29297, 28532, 33013, 23545, 33787, 19454, 23679]
2018-04-15 20:09:46,137 [DEBUG|AmbulanceTeam/1072980770|TestSearchForFire] best path is:[8439, 2661, 1587, 6504, 4515, 12263, 12247]
2018-04-15 20:09:46,137 [DEBUG|AmbulanceTeam/1072980770|TestSearchForFire] choosed:4515
2018-04-15 20:09:52,217 [DEBUG|AmbulanceTeam/1072980770|TestHumanDetector] Time:28
2018-04-15 20:09:52,217 [DEBUG|AmbulanceTeam/1072980770|TestSearchForFire] Time:28
2018-04-15 20:09:52,217 [DEBUG|AmbulanceTeam/1072980770|TestHumanDetector] Targets:[]
2018-04-15 20:09:52,217 [DEBUG|AmbulanceTeam/1072980770|TestSearchForFire] unsearchedBuildingIDs:[11137, 24449, 24585, 16654, 31252, 25877, 22043, 17821, 10278, 16681, 29227, 29867, 28590, 25264, 22070, 33848, 19897, 12221, 17474, 14914, 35268, 20679, 11220, 33623, 12247, 32986, 20187, 14303, 31073, 19427, 13796, 14949, 24422, 15463, 33000, 12650, 16491, 13931, 14571, 15084, 21869, 27120, 29297, 28532, 33013, 23545, 33787, 19454, 23679]
2018-04-15 20:09:52,217 [DEBUG|AmbulanceTeam/1072980770|TestSearchForFire] best path is:[8439, 2661, 1587, 6504, 4515, 12263, 12247]
2018-04-15 20:09:52,217 [DEBUG|AmbulanceTeam/1072980770|TestSearchForFire] choosed:4515
2018-04-15 20:09:58,068 [DEBUG|AmbulanceTeam/1072980770|TestHumanDetector] Time:29
2018-04-15 20:09:58,068 [DEBUG|AmbulanceTeam/1072980770|TestSearchForFire] Time:29
2018-04-15 20:09:58,068 [DEBUG|AmbulanceTeam/1072980770|TestHumanDetector] Targets:[]
2018-04-15 20:09:58,069 [DEBUG|AmbulanceTeam/1072980770|TestSearchForFire] unsearchedBuildingIDs:[11137, 24449, 24585, 16654, 31252, 25877, 22043, 17821, 10278, 16681, 29227, 29867, 28590, 25264, 22070, 33848, 19897, 12221, 17474, 14914, 35268, 20679, 11220, 33623, 12247, 32986, 20187, 14303, 31073, 19427, 13796, 14949, 24422, 15463, 33000, 12650, 16491, 13931, 14571, 15084, 21869, 27120, 29297, 28532, 33013, 23545, 33787, 19454, 23679]
2018-04-15 20:09:58,069 [DEBUG|AmbulanceTeam/1072980770|TestSearchForFire] best path is:[8439, 2661, 1587, 6504, 4515, 12263, 12247]
2018-04-15 20:09:58,069 [DEBUG|AmbulanceTeam/1072980770|TestSearchForFire] choosed:4515
2018-04-15 20:10:04,005 [DEBUG|AmbulanceTeam/1072980770|TestHumanDetector] Time:30
2018-04-15 20:10:04,005 [DEBUG|AmbulanceTeam/1072980770|TestSearchForFire] Time:30
2018-04-15 20:10:04,005 [DEBUG|AmbulanceTeam/1072980770|TestHumanDetector] Targets:[]
2018-04-15 20:10:04,005 [DEBUG|AmbulanceTeam/1072980770|TestSearchForFire] unsearchedBuildingIDs:[11137, 24449, 24585, 16654, 31252, 25877, 22043, 17821, 10278, 16681, 29227, 29867, 28590, 25264, 22070, 33848, 19897, 12221, 17474, 14914, 35268, 20679, 11220, 33623, 12247, 32986, 20187, 14303, 31073, 19427, 13796, 14949, 24422, 15463, 33000, 12650, 16491, 13931, 14571, 15084, 21869, 27120, 29297, 28532, 33013, 23545, 33787, 19454, 23679]
2018-04-15 20:10:04,005 [DEBUG|AmbulanceTeam/1072980770|TestSearchForFire] best path is:[8439, 2661, 1587, 6504, 4515, 12263, 12247]
2018-04-15 20:10:04,005 [DEBUG|AmbulanceTeam/1072980770|TestSearchForFire] choosed:4515
2018-04-15 20:10:09,769 [DEBUG|AmbulanceTeam/1072980770|TestHumanDetector] Time:31
2018-04-15 20:10:09,769 [DEBUG|AmbulanceTeam/1072980770|TestSearchForFire] Time:31
2018-04-15 20:10:09,770 [DEBUG|AmbulanceTeam/1072980770|TestHumanDetector] Targets:[]
2018-04-15 20:10:09,771 [DEBUG|AmbulanceTeam/1072980770|TestSearchForFire] unsearchedBuildingIDs:[11137, 24449, 24585, 16654, 31252, 25877, 22043, 17821, 10278, 16681, 29227, 29867, 28590, 25264, 22070, 33848, 19897, 12221, 17474, 14914, 35268, 20679, 11220, 33623, 12247, 32986, 20187, 14303, 31073, 19427, 13796, 14949, 24422, 15463, 33000, 12650, 16491, 13931, 14571, 15084, 21869, 27120, 29297, 28532, 33013, 23545, 33787, 19454, 23679]
2018-04-15 20:10:09,771 [DEBUG|AmbulanceTeam/1072980770|TestSearchForFire] best path is:[8439, 2661, 1587, 6504, 4515, 12263, 12247]
2018-04-15 20:10:09,771 [DEBUG|AmbulanceTeam/1072980770|TestSearchForFire] choosed:4515
2018-04-15 20:10:15,364 [DEBUG|AmbulanceTeam/1072980770|TestHumanDetector] Time:32
2018-04-15 20:10:15,365 [DEBUG|AmbulanceTeam/1072980770|TestSearchForFire] Time:32
2018-04-15 20:10:15,365 [DEBUG|AmbulanceTeam/1072980770|TestHumanDetector] Targets:[]
2018-04-15 20:10:15,365 [DEBUG|AmbulanceTeam/1072980770|TestSearchForFire] unsearchedBuildingIDs:[11137, 24449, 24585, 16654, 31252, 25877, 22043, 17821, 10278, 16681, 29227, 29867, 28590, 25264, 22070, 33848, 19897, 12221, 17474, 14914, 35268, 20679, 11220, 33623, 12247, 32986, 20187, 14303, 31073, 19427, 13796, 14949, 24422, 15463, 33000, 12650, 16491, 13931, 14571, 15084, 21869, 27120, 29297, 28532, 33013, 23545, 33787, 19454, 23679]
2018-04-15 20:10:15,365 [DEBUG|AmbulanceTeam/1072980770|TestSearchForFire] best path is:[8439, 2661, 1587, 6504, 4515, 12263, 12247]
2018-04-15 20:10:15,365 [DEBUG|AmbulanceTeam/1072980770|TestSearchForFire] choosed:4515
2018-04-15 20:10:20,833 [DEBUG|AmbulanceTeam/1072980770|TestHumanDetector] Time:33
2018-04-15 20:10:20,833 [DEBUG|AmbulanceTeam/1072980770|TestSearchForFire] Time:33
2018-04-15 20:10:20,833 [DEBUG|AmbulanceTeam/1072980770|TestHumanDetector] Targets:[]
2018-04-15 20:10:20,833 [DEBUG|AmbulanceTeam/1072980770|TestSearchForFire] unsearchedBuildingIDs:[11137, 24449, 24585, 16654, 31252, 25877, 22043, 17821, 10278, 16681, 29227, 29867, 28590, 25264, 22070, 33848, 19897, 12221, 17474, 14914, 35268, 20679, 11220, 33623, 12247, 32986, 20187, 14303, 31073, 19427, 13796, 14949, 24422, 15463, 33000, 12650, 16491, 13931, 14571, 15084, 21869, 27120, 29297, 28532, 33013, 23545, 33787, 19454, 23679]
2018-04-15 20:10:20,833 [DEBUG|AmbulanceTeam/1072980770|TestSearchForFire] best path is:[8439, 2661, 1587, 6504, 4515, 12263, 12247]
2018-04-15 20:10:20,833 [DEBUG|AmbulanceTeam/1072980770|TestSearchForFire] choosed:4515
2018-04-15 20:10:26,337 [DEBUG|AmbulanceTeam/1072980770|TestHumanDetector] Time:34
2018-04-15 20:10:26,337 [DEBUG|AmbulanceTeam/1072980770|TestSearchForFire] Time:34
2018-04-15 20:10:26,337 [DEBUG|AmbulanceTeam/1072980770|TestHumanDetector] Targets:[]
2018-04-15 20:10:26,337 [DEBUG|AmbulanceTeam/1072980770|TestSearchForFire] unsearchedBuildingIDs:[11137, 24449, 24585, 16654, 31252, 25877, 22043, 17821, 10278, 16681, 29227, 29867, 28590, 25264, 22070, 33848, 19897, 12221, 17474, 14914, 35268, 20679, 11220, 33623, 12247, 32986, 20187, 14303, 31073, 19427, 13796, 14949, 24422, 15463, 33000, 12650, 16491, 13931, 14571, 15084, 21869, 27120, 29297, 28532, 33013, 23545, 33787, 19454, 23679]
2018-04-15 20:10:26,337 [DEBUG|AmbulanceTeam/1072980770|TestSearchForFire] best path is:[8439, 2661, 1587, 6504, 4515, 12263, 12247]
2018-04-15 20:10:26,337 [DEBUG|AmbulanceTeam/1072980770|TestSearchForFire] choosed:4515
2018-04-15 20:10:31,706 [DEBUG|AmbulanceTeam/1072980770|TestHumanDetector] Time:35
2018-04-15 20:10:31,707 [DEBUG|AmbulanceTeam/1072980770|TestSearchForFire] Time:35
2018-04-15 20:10:31,707 [DEBUG|AmbulanceTeam/1072980770|TestHumanDetector] Targets:[]
2018-04-15 20:10:31,707 [DEBUG|AmbulanceTeam/1072980770|TestSearchForFire] unsearchedBuildingIDs:[11137, 24449, 24585, 16654, 31252, 25877, 22043, 17821, 10278, 16681, 29227, 29867, 28590, 25264, 22070, 33848, 19897, 12221, 17474, 14914, 35268, 20679, 11220, 33623, 12247, 32986, 20187, 14303, 31073, 19427, 13796, 14949, 24422, 15463, 33000, 12650, 16491, 13931, 14571, 15084, 21869, 27120, 29297, 28532, 33013, 23545, 33787, 19454, 23679]
2018-04-15 20:10:31,707 [DEBUG|AmbulanceTeam/1072980770|TestSearchForFire] best path is:[8439, 2661, 1587, 6504, 4515, 12263, 12247]
2018-04-15 20:10:31,707 [DEBUG|AmbulanceTeam/1072980770|TestSearchForFire] choosed:4515
2018-04-15 20:10:37,433 [DEBUG|AmbulanceTeam/1072980770|TestHumanDetector] Time:36
2018-04-15 20:10:37,433 [DEBUG|AmbulanceTeam/1072980770|TestSearchForFire] Time:36
2018-04-15 20:10:37,433 [DEBUG|AmbulanceTeam/1072980770|TestHumanDetector] Targets:[]
2018-04-15 20:10:37,433 [DEBUG|AmbulanceTeam/1072980770|TestSearchForFire] unsearchedBuildingIDs:[11137, 24449, 24585, 16654, 31252, 25877, 22043, 17821, 10278, 16681, 29227, 29867, 28590, 25264, 22070, 33848, 19897, 12221, 17474, 14914, 35268, 20679, 11220, 33623, 12247, 32986, 20187, 14303, 31073, 19427, 13796, 14949, 24422, 15463, 33000, 12650, 16491, 13931, 14571, 15084, 21869, 27120, 29297, 28532, 33013, 23545, 33787, 19454, 23679]
2018-04-15 20:10:37,433 [DEBUG|AmbulanceTeam/1072980770|TestSearchForFire] best path is:[8439, 2661, 1587, 6504, 4515, 12263, 12247]
2018-04-15 20:10:37,433 [DEBUG|AmbulanceTeam/1072980770|TestSearchForFire] choosed:4515
2018-04-15 20:10:42,593 [DEBUG|AmbulanceTeam/1072980770|TestHumanDetector] Time:37
2018-04-15 20:10:42,593 [DEBUG|AmbulanceTeam/1072980770|TestSearchForFire] Time:37
2018-04-15 20:10:42,593 [DEBUG|AmbulanceTeam/1072980770|TestHumanDetector] Targets:[]
2018-04-15 20:10:42,593 [DEBUG|AmbulanceTeam/1072980770|TestSearchForFire] unsearchedBuildingIDs:[11137, 24449, 24585, 16654, 31252, 25877, 22043, 17821, 10278, 16681, 29227, 29867, 28590, 25264, 22070, 33848, 19897, 12221, 17474, 14914, 35268, 20679, 11220, 33623, 12247, 32986, 20187, 14303, 31073, 19427, 13796, 14949, 24422, 15463, 33000, 12650, 16491, 13931, 14571, 15084, 21869, 27120, 29297, 28532, 33013, 23545, 33787, 19454, 23679]
2018-04-15 20:10:42,593 [DEBUG|AmbulanceTeam/1072980770|TestSearchForFire] best path is:[8439, 2661, 1587, 6504, 4515, 12263, 12247]
2018-04-15 20:10:42,593 [DEBUG|AmbulanceTeam/1072980770|TestSearchForFire] choosed:4515
2018-04-15 20:10:47,834 [DEBUG|AmbulanceTeam/1072980770|TestHumanDetector] Time:38
2018-04-15 20:10:47,835 [DEBUG|AmbulanceTeam/1072980770|TestSearchForFire] Time:38
2018-04-15 20:10:47,835 [DEBUG|AmbulanceTeam/1072980770|TestHumanDetector] Targets:[]
2018-04-15 20:10:47,835 [DEBUG|AmbulanceTeam/1072980770|TestSearchForFire] unsearchedBuildingIDs:[11137, 24449, 24585, 16654, 31252, 25877, 22043, 17821, 10278, 16681, 29227, 29867, 28590, 25264, 22070, 33848, 19897, 12221, 17474, 14914, 35268, 20679, 11220, 33623, 12247, 32986, 20187, 14303, 31073, 19427, 13796, 14949, 24422, 15463, 33000, 12650, 16491, 13931, 14571, 15084, 21869, 27120, 29297, 28532, 33013, 23545, 33787, 19454, 23679]
2018-04-15 20:10:47,835 [DEBUG|AmbulanceTeam/1072980770|TestSearchForFire] best path is:[8439, 2661, 1587, 6504, 4515, 12263, 12247]
2018-04-15 20:10:47,835 [DEBUG|AmbulanceTeam/1072980770|TestSearchForFire] choosed:4515
2018-04-15 20:10:53,004 [DEBUG|AmbulanceTeam/1072980770|TestHumanDetector] Time:39
2018-04-15 20:10:53,004 [DEBUG|AmbulanceTeam/1072980770|TestSearchForFire] Time:39
2018-04-15 20:10:53,004 [DEBUG|AmbulanceTeam/1072980770|TestHumanDetector] Targets:[]
2018-04-15 20:10:53,004 [DEBUG|AmbulanceTeam/1072980770|TestSearchForFire] unsearchedBuildingIDs:[11137, 24449, 24585, 16654, 31252, 25877, 22043, 17821, 10278, 16681, 29227, 29867, 28590, 25264, 22070, 33848, 19897, 12221, 17474, 14914, 35268, 20679, 11220, 33623, 12247, 32986, 20187, 14303, 31073, 19427, 13796, 14949, 24422, 15463, 33000, 12650, 16491, 13931, 14571, 15084, 21869, 27120, 29297, 28532, 33013, 23545, 33787, 19454, 23679]
2018-04-15 20:10:53,005 [DEBUG|AmbulanceTeam/1072980770|TestSearchForFire] best path is:[8439, 2661, 1587, 6504, 4515, 12263, 12247]
2018-04-15 20:10:53,005 [DEBUG|AmbulanceTeam/1072980770|TestSearchForFire] choosed:4515
2018-04-15 20:10:58,073 [DEBUG|AmbulanceTeam/1072980770|TestHumanDetector] Time:40
2018-04-15 20:10:58,073 [DEBUG|AmbulanceTeam/1072980770|TestSearchForFire] Time:40
2018-04-15 20:10:58,073 [DEBUG|AmbulanceTeam/1072980770|TestHumanDetector] Targets:[]
2018-04-15 20:10:58,073 [DEBUG|AmbulanceTeam/1072980770|TestSearchForFire] unsearchedBuildingIDs:[11137, 24449, 24585, 16654, 31252, 25877, 22043, 17821, 10278, 16681, 29227, 29867, 28590, 25264, 22070, 33848, 19897, 12221, 17474, 14914, 35268, 20679, 11220, 33623, 12247, 32986, 20187, 14303, 31073, 19427, 13796, 14949, 24422, 15463, 33000, 12650, 16491, 13931, 14571, 15084, 21869, 27120, 29297, 28532, 33013, 23545, 33787, 19454, 23679]
2018-04-15 20:10:58,073 [DEBUG|AmbulanceTeam/1072980770|TestSearchForFire] best path is:[8439, 2661, 1587, 6504, 4515, 12263, 12247]
2018-04-15 20:10:58,073 [DEBUG|AmbulanceTeam/1072980770|TestSearchForFire] choosed:4515
2018-04-15 20:11:03,170 [DEBUG|AmbulanceTeam/1072980770|TestHumanDetector] Time:41
2018-04-15 20:11:03,170 [DEBUG|AmbulanceTeam/1072980770|TestSearchForFire] Time:41
2018-04-15 20:11:03,171 [DEBUG|AmbulanceTeam/1072980770|TestHumanDetector] Targets:[]
2018-04-15 20:11:03,171 [DEBUG|AmbulanceTeam/1072980770|TestSearchForFire] unsearchedBuildingIDs:[11137, 24449, 24585, 16654, 31252, 25877, 22043, 17821, 10278, 16681, 29227, 29867, 28590, 25264, 22070, 33848, 19897, 12221, 17474, 14914, 35268, 20679, 11220, 33623, 12247, 32986, 20187, 14303, 31073, 19427, 13796, 14949, 24422, 15463, 33000, 12650, 16491, 13931, 14571, 15084, 21869, 27120, 29297, 28532, 33013, 23545, 33787, 19454, 23679]
2018-04-15 20:11:03,171 [DEBUG|AmbulanceTeam/1072980770|TestSearchForFire] best path is:[8439, 2661, 1587, 6504, 4515, 12263, 12247]
2018-04-15 20:11:03,171 [DEBUG|AmbulanceTeam/1072980770|TestSearchForFire] choosed:4515
2018-04-15 20:11:08,025 [DEBUG|AmbulanceTeam/1072980770|TestHumanDetector] Time:42
2018-04-15 20:11:08,025 [DEBUG|AmbulanceTeam/1072980770|TestSearchForFire] Time:42
2018-04-15 20:11:08,025 [DEBUG|AmbulanceTeam/1072980770|TestHumanDetector] Targets:[]
2018-04-15 20:11:08,025 [DEBUG|AmbulanceTeam/1072980770|TestSearchForFire] unsearchedBuildingIDs:[11137, 24449, 24585, 16654, 31252, 25877, 22043, 17821, 10278, 16681, 29227, 29867, 28590, 25264, 22070, 33848, 19897, 12221, 17474, 14914, 35268, 20679, 11220, 33623, 12247, 32986, 20187, 14303, 31073, 19427, 13796, 14949, 24422, 15463, 33000, 12650, 16491, 13931, 14571, 15084, 21869, 27120, 29297, 28532, 33013, 23545, 33787, 19454, 23679]
2018-04-15 20:11:08,025 [DEBUG|AmbulanceTeam/1072980770|TestSearchForFire] best path is:[8439, 2661, 1587, 6504, 4515, 12263, 12247]
2018-04-15 20:11:08,025 [DEBUG|AmbulanceTeam/1072980770|TestSearchForFire] choosed:4515
2018-04-15 20:11:13,105 [DEBUG|AmbulanceTeam/1072980770|TestHumanDetector] Time:43
2018-04-15 20:11:13,105 [DEBUG|AmbulanceTeam/1072980770|TestSearchForFire] Time:43
2018-04-15 20:11:13,105 [DEBUG|AmbulanceTeam/1072980770|TestHumanDetector] Targets:[]
2018-04-15 20:11:13,105 [DEBUG|AmbulanceTeam/1072980770|TestSearchForFire] unsearchedBuildingIDs:[11137, 24449, 24585, 16654, 31252, 25877, 22043, 17821, 10278, 16681, 29227, 29867, 28590, 25264, 22070, 33848, 19897, 12221, 17474, 14914, 35268, 20679, 11220, 33623, 12247, 32986, 20187, 14303, 31073, 19427, 13796, 14949, 24422, 15463, 33000, 12650, 16491, 13931, 14571, 15084, 21869, 27120, 29297, 28532, 33013, 23545, 33787, 19454, 23679]
2018-04-15 20:11:13,105 [DEBUG|AmbulanceTeam/1072980770|TestSearchForFire] best path is:[8439, 2661, 1587, 6504, 4515, 12263, 12247]
2018-04-15 20:11:13,105 [DEBUG|AmbulanceTeam/1072980770|TestSearchForFire] choosed:4515
2018-04-15 20:11:18,025 [DEBUG|AmbulanceTeam/1072980770|TestHumanDetector] Time:44
2018-04-15 20:11:18,025 [DEBUG|AmbulanceTeam/1072980770|TestSearchForFire] Time:44
2018-04-15 20:11:18,025 [DEBUG|AmbulanceTeam/1072980770|TestHumanDetector] Targets:[]
2018-04-15 20:11:18,025 [DEBUG|AmbulanceTeam/1072980770|TestSearchForFire] unsearchedBuildingIDs:[11137, 24449, 24585, 16654, 31252, 25877, 22043, 17821, 10278, 16681, 29227, 29867, 28590, 25264, 22070, 33848, 19897, 12221, 17474, 14914, 35268, 20679, 11220, 33623, 12247, 32986, 20187, 14303, 31073, 19427, 13796, 14949, 24422, 15463, 33000, 12650, 16491, 13931, 14571, 15084, 21869, 27120, 29297, 28532, 33013, 23545, 33787, 19454, 23679]
2018-04-15 20:11:18,025 [DEBUG|AmbulanceTeam/1072980770|TestSearchForFire] best path is:[8439, 2661, 1587, 6504, 4515, 12263, 12247]
2018-04-15 20:11:18,026 [DEBUG|AmbulanceTeam/1072980770|TestSearchForFire] choosed:4515
2018-04-15 20:11:23,393 [DEBUG|AmbulanceTeam/1072980770|TestHumanDetector] Time:45
2018-04-15 20:11:23,393 [DEBUG|AmbulanceTeam/1072980770|TestSearchForFire] Time:45
2018-04-15 20:11:23,393 [DEBUG|AmbulanceTeam/1072980770|TestHumanDetector] Targets:[]
2018-04-15 20:11:23,393 [DEBUG|AmbulanceTeam/1072980770|TestSearchForFire] unsearchedBuildingIDs:[11137, 24449, 24585, 16654, 31252, 25877, 22043, 17821, 10278, 16681, 29227, 29867, 28590, 25264, 22070, 33848, 19897, 12221, 17474, 14914, 35268, 20679, 11220, 33623, 12247, 32986, 20187, 14303, 31073, 19427, 13796, 14949, 24422, 15463, 33000, 12650, 16491, 13931, 14571, 15084, 21869, 27120, 29297, 28532, 33013, 23545, 33787, 19454, 23679]
2018-04-15 20:11:23,393 [DEBUG|AmbulanceTeam/1072980770|TestSearchForFire] best path is:[8439, 2661, 1587, 6504, 4515, 12263, 12247]
2018-04-15 20:11:23,393 [DEBUG|AmbulanceTeam/1072980770|TestSearchForFire] choosed:4515
2018-04-15 20:11:28,388 [DEBUG|AmbulanceTeam/1072980770|TestHumanDetector] Time:46
2018-04-15 20:11:28,388 [DEBUG|AmbulanceTeam/1072980770|TestSearchForFire] Time:46
2018-04-15 20:11:28,388 [DEBUG|AmbulanceTeam/1072980770|TestHumanDetector] Targets:[Civilian (1839119617)]
2018-04-15 20:11:28,389 [DEBUG|AmbulanceTeam/1072980770|TestHumanDetector] Selected:Civilian (1839119617)
2018-04-15 20:11:33,176 [DEBUG|AmbulanceTeam/1072980770|TestHumanDetector] Time:47
2018-04-15 20:11:33,176 [DEBUG|AmbulanceTeam/1072980770|TestSearchForFire] Time:47
2018-04-15 20:11:38,065 [DEBUG|AmbulanceTeam/1072980770|TestHumanDetector] Time:48
2018-04-15 20:11:38,065 [DEBUG|AmbulanceTeam/1072980770|TestSearchForFire] Time:48
2018-04-15 20:11:42,729 [DEBUG|AmbulanceTeam/1072980770|TestHumanDetector] Time:49
2018-04-15 20:11:42,729 [DEBUG|AmbulanceTeam/1072980770|TestSearchForFire] Time:49
2018-04-15 20:11:47,564 [DEBUG|AmbulanceTeam/1072980770|TestHumanDetector] Time:50
2018-04-15 20:11:47,564 [DEBUG|AmbulanceTeam/1072980770|TestSearchForFire] Time:50
2018-04-15 20:11:52,196 [DEBUG|AmbulanceTeam/1072980770|TestHumanDetector] Time:51
2018-04-15 20:11:52,196 [DEBUG|AmbulanceTeam/1072980770|TestSearchForFire] Time:51
2018-04-15 20:11:56,649 [DEBUG|AmbulanceTeam/1072980770|TestHumanDetector] Time:52
2018-04-15 20:11:56,649 [DEBUG|AmbulanceTeam/1072980770|TestSearchForFire] Time:52
2018-04-15 20:12:01,092 [DEBUG|AmbulanceTeam/1072980770|TestHumanDetector] Time:53
2018-04-15 20:12:01,092 [DEBUG|AmbulanceTeam/1072980770|TestSearchForFire] Time:53
2018-04-15 20:12:05,676 [DEBUG|AmbulanceTeam/1072980770|TestHumanDetector] Time:54
2018-04-15 20:12:05,676 [DEBUG|AmbulanceTeam/1072980770|TestSearchForFire] Time:54
2018-04-15 20:12:10,117 [DEBUG|AmbulanceTeam/1072980770|TestHumanDetector] Time:55
2018-04-15 20:12:10,117 [DEBUG|AmbulanceTeam/1072980770|TestSearchForFire] Time:55
2018-04-15 20:12:14,688 [DEBUG|AmbulanceTeam/1072980770|TestHumanDetector] Time:56
2018-04-15 20:12:14,688 [DEBUG|AmbulanceTeam/1072980770|TestSearchForFire] Time:56
2018-04-15 20:12:19,208 [DEBUG|AmbulanceTeam/1072980770|TestHumanDetector] Time:57
2018-04-15 20:12:19,209 [DEBUG|AmbulanceTeam/1072980770|TestSearchForFire] Time:57
2018-04-15 20:12:25,202 [DEBUG|AmbulanceTeam/1072980770|TestHumanDetector] Time:58
2018-04-15 20:12:25,202 [DEBUG|AmbulanceTeam/1072980770|TestSearchForFire] Time:58
2018-04-15 20:12:29,679 [DEBUG|AmbulanceTeam/1072980770|TestHumanDetector] Time:59
2018-04-15 20:12:29,679 [DEBUG|AmbulanceTeam/1072980770|TestSearchForFire] Time:59
2018-04-15 20:12:34,064 [DEBUG|AmbulanceTeam/1072980770|TestHumanDetector] Time:60
2018-04-15 20:12:34,064 [DEBUG|AmbulanceTeam/1072980770|TestSearchForFire] Time:60
2018-04-15 20:12:38,285 [DEBUG|AmbulanceTeam/1072980770|TestHumanDetector] Time:61
2018-04-15 20:12:38,285 [DEBUG|AmbulanceTeam/1072980770|TestSearchForFire] Time:61
2018-04-15 20:12:42,128 [DEBUG|AmbulanceTeam/1072980770|TestHumanDetector] Time:62
2018-04-15 20:12:42,128 [DEBUG|AmbulanceTeam/1072980770|TestSearchForFire] Time:62
2018-04-15 20:12:46,148 [DEBUG|AmbulanceTeam/1072980770|TestHumanDetector] Time:63
2018-04-15 20:12:46,148 [DEBUG|AmbulanceTeam/1072980770|TestSearchForFire] Time:63
2018-04-15 20:12:50,164 [DEBUG|AmbulanceTeam/1072980770|TestHumanDetector] Time:64
2018-04-15 20:12:50,164 [DEBUG|AmbulanceTeam/1072980770|TestSearchForFire] Time:64
2018-04-15 20:12:54,268 [DEBUG|AmbulanceTeam/1072980770|TestHumanDetector] Time:65
2018-04-15 20:12:54,268 [DEBUG|AmbulanceTeam/1072980770|TestSearchForFire] Time:65
2018-04-15 20:12:58,508 [DEBUG|AmbulanceTeam/1072980770|TestHumanDetector] Time:66
2018-04-15 20:12:58,508 [DEBUG|AmbulanceTeam/1072980770|TestSearchForFire] Time:66
2018-04-15 20:13:02,628 [DEBUG|AmbulanceTeam/1072980770|TestHumanDetector] Time:67
2018-04-15 20:13:02,628 [DEBUG|AmbulanceTeam/1072980770|TestSearchForFire] Time:67
2018-04-15 20:13:06,776 [DEBUG|AmbulanceTeam/1072980770|TestHumanDetector] Time:68
2018-04-15 20:13:06,776 [DEBUG|AmbulanceTeam/1072980770|TestSearchForFire] Time:68
2018-04-15 20:13:10,668 [DEBUG|AmbulanceTeam/1072980770|TestHumanDetector] Time:69
2018-04-15 20:13:10,668 [DEBUG|AmbulanceTeam/1072980770|TestSearchForFire] Time:69
2018-04-15 20:13:14,584 [DEBUG|AmbulanceTeam/1072980770|TestHumanDetector] Time:70
2018-04-15 20:13:14,584 [DEBUG|AmbulanceTeam/1072980770|TestSearchForFire] Time:70
2018-04-15 20:13:18,348 [DEBUG|AmbulanceTeam/1072980770|TestHumanDetector] Time:71
2018-04-15 20:13:18,348 [DEBUG|AmbulanceTeam/1072980770|TestSearchForFire] Time:71
2018-04-15 20:13:22,264 [DEBUG|AmbulanceTeam/1072980770|TestHumanDetector] Time:72
2018-04-15 20:13:22,264 [DEBUG|AmbulanceTeam/1072980770|TestSearchForFire] Time:72
2018-04-15 20:13:26,004 [DEBUG|AmbulanceTeam/1072980770|TestHumanDetector] Time:73
2018-04-15 20:13:26,004 [DEBUG|AmbulanceTeam/1072980770|TestSearchForFire] Time:73
2018-04-15 20:13:29,720 [DEBUG|AmbulanceTeam/1072980770|TestHumanDetector] Time:74
2018-04-15 20:13:29,720 [DEBUG|AmbulanceTeam/1072980770|TestSearchForFire] Time:74
2018-04-15 20:13:33,532 [DEBUG|AmbulanceTeam/1072980770|TestHumanDetector] Time:75
2018-04-15 20:13:33,532 [DEBUG|AmbulanceTeam/1072980770|TestSearchForFire] Time:75
2018-04-15 20:13:37,468 [DEBUG|AmbulanceTeam/1072980770|TestHumanDetector] Time:76
2018-04-15 20:13:37,468 [DEBUG|AmbulanceTeam/1072980770|TestSearchForFire] Time:76
2018-04-15 20:13:41,196 [DEBUG|AmbulanceTeam/1072980770|TestHumanDetector] Time:77
2018-04-15 20:13:41,196 [DEBUG|AmbulanceTeam/1072980770|TestSearchForFire] Time:77
2018-04-15 20:13:41,196 [DEBUG|AmbulanceTeam/1072980770|TestHumanDetector] someoneOnBoard:Civilian (1839119617)
2018-04-15 20:13:44,680 [DEBUG|AmbulanceTeam/1072980770|TestHumanDetector] Time:78
2018-04-15 20:13:44,680 [DEBUG|AmbulanceTeam/1072980770|TestSearchForFire] Time:78
2018-04-15 20:13:44,681 [DEBUG|AmbulanceTeam/1072980770|TestHumanDetector] someoneOnBoard:Civilian (1839119617)
2018-04-15 20:13:48,356 [DEBUG|AmbulanceTeam/1072980770|TestHumanDetector] Time:79
2018-04-15 20:13:48,356 [DEBUG|AmbulanceTeam/1072980770|TestSearchForFire] Time:79
2018-04-15 20:13:48,356 [DEBUG|AmbulanceTeam/1072980770|TestHumanDetector] someoneOnBoard:Civilian (1839119617)
2018-04-15 20:13:52,105 [DEBUG|AmbulanceTeam/1072980770|TestHumanDetector] Time:80
2018-04-15 20:13:52,105 [DEBUG|AmbulanceTeam/1072980770|TestSearchForFire] Time:80
2018-04-15 20:13:52,105 [DEBUG|AmbulanceTeam/1072980770|TestHumanDetector] someoneOnBoard:Civilian (1839119617)
2018-04-15 20:13:55,581 [DEBUG|AmbulanceTeam/1072980770|TestHumanDetector] Time:81
2018-04-15 20:13:55,581 [DEBUG|AmbulanceTeam/1072980770|TestSearchForFire] Time:81
2018-04-15 20:13:55,582 [DEBUG|AmbulanceTeam/1072980770|TestHumanDetector] someoneOnBoard:Civilian (1839119617)
2018-04-15 20:13:59,181 [DEBUG|AmbulanceTeam/1072980770|TestHumanDetector] Time:82
2018-04-15 20:13:59,181 [DEBUG|AmbulanceTeam/1072980770|TestSearchForFire] Time:82
2018-04-15 20:13:59,181 [DEBUG|AmbulanceTeam/1072980770|TestHumanDetector] Invalid Human:Civilian (1839119617) ==>reset target
2018-04-15 20:13:59,181 [DEBUG|AmbulanceTeam/1072980770|TestHumanDetector] Targets:[Civilian (2053705336)]
2018-04-15 20:13:59,181 [DEBUG|AmbulanceTeam/1072980770|TestHumanDetector] Selected:Civilian (2053705336)
2018-04-15 20:14:02,893 [DEBUG|AmbulanceTeam/1072980770|TestHumanDetector] Time:83
2018-04-15 20:14:02,893 [DEBUG|AmbulanceTeam/1072980770|TestSearchForFire] Time:83
2018-04-15 20:14:06,564 [DEBUG|AmbulanceTeam/1072980770|TestHumanDetector] Time:84
2018-04-15 20:14:06,565 [DEBUG|AmbulanceTeam/1072980770|TestSearchForFire] Time:84
2018-04-15 20:14:10,344 [DEBUG|AmbulanceTeam/1072980770|TestHumanDetector] Time:85
2018-04-15 20:14:10,344 [DEBUG|AmbulanceTeam/1072980770|TestSearchForFire] Time:85
2018-04-15 20:14:13,888 [DEBUG|AmbulanceTeam/1072980770|TestHumanDetector] Time:86
2018-04-15 20:14:13,888 [DEBUG|AmbulanceTeam/1072980770|TestSearchForFire] Time:86
2018-04-15 20:14:17,316 [DEBUG|AmbulanceTeam/1072980770|TestHumanDetector] Time:87
2018-04-15 20:14:17,317 [DEBUG|AmbulanceTeam/1072980770|TestSearchForFire] Time:87
2018-04-15 20:14:20,676 [DEBUG|AmbulanceTeam/1072980770|TestHumanDetector] Time:88
2018-04-15 20:14:20,677 [DEBUG|AmbulanceTeam/1072980770|TestSearchForFire] Time:88
2018-04-15 20:14:24,302 [DEBUG|AmbulanceTeam/1072980770|TestHumanDetector] Time:89
2018-04-15 20:14:24,303 [DEBUG|AmbulanceTeam/1072980770|TestSearchForFire] Time:89
2018-04-15 20:14:27,948 [DEBUG|AmbulanceTeam/1072980770|TestHumanDetector] Time:90
2018-04-15 20:14:27,948 [DEBUG|AmbulanceTeam/1072980770|TestSearchForFire] Time:90
2018-04-15 20:14:31,524 [DEBUG|AmbulanceTeam/1072980770|TestHumanDetector] Time:91
2018-04-15 20:14:31,525 [DEBUG|AmbulanceTeam/1072980770|TestSearchForFire] Time:91
2018-04-15 20:14:35,165 [DEBUG|AmbulanceTeam/1072980770|TestHumanDetector] Time:92
2018-04-15 20:14:35,165 [DEBUG|AmbulanceTeam/1072980770|TestSearchForFire] Time:92
2018-04-15 20:14:38,904 [DEBUG|AmbulanceTeam/1072980770|TestHumanDetector] Time:93
2018-04-15 20:14:38,904 [DEBUG|AmbulanceTeam/1072980770|TestSearchForFire] Time:93
2018-04-15 20:14:42,353 [DEBUG|AmbulanceTeam/1072980770|TestHumanDetector] Time:94
2018-04-15 20:14:42,353 [DEBUG|AmbulanceTeam/1072980770|TestSearchForFire] Time:94
2018-04-15 20:14:45,921 [DEBUG|AmbulanceTeam/1072980770|TestHumanDetector] Time:95
2018-04-15 20:14:45,921 [DEBUG|AmbulanceTeam/1072980770|TestSearchForFire] Time:95
2018-04-15 20:14:49,641 [DEBUG|AmbulanceTeam/1072980770|TestHumanDetector] Time:96
2018-04-15 20:14:49,641 [DEBUG|AmbulanceTeam/1072980770|TestSearchForFire] Time:96
2018-04-15 20:14:53,221 [DEBUG|AmbulanceTeam/1072980770|TestHumanDetector] Time:97
2018-04-15 20:14:53,221 [DEBUG|AmbulanceTeam/1072980770|TestSearchForFire] Time:97
2018-04-15 20:14:56,909 [DEBUG|AmbulanceTeam/1072980770|TestHumanDetector] Time:98
2018-04-15 20:14:56,909 [DEBUG|AmbulanceTeam/1072980770|TestSearchForFire] Time:98
2018-04-15 20:15:00,313 [DEBUG|AmbulanceTeam/1072980770|TestHumanDetector] Time:99
2018-04-15 20:15:00,313 [DEBUG|AmbulanceTeam/1072980770|TestSearchForFire] Time:99
2018-04-15 20:15:03,813 [DEBUG|AmbulanceTeam/1072980770|TestHumanDetector] Time:100
2018-04-15 20:15:03,813 [DEBUG|AmbulanceTeam/1072980770|TestSearchForFire] Time:100
2018-04-15 20:15:07,376 [DEBUG|AmbulanceTeam/1072980770|TestHumanDetector] Time:101
2018-04-15 20:15:07,377 [DEBUG|AmbulanceTeam/1072980770|TestSearchForFire] Time:101
2018-04-15 20:15:10,725 [DEBUG|AmbulanceTeam/1072980770|TestHumanDetector] Time:102
2018-04-15 20:15:10,725 [DEBUG|AmbulanceTeam/1072980770|TestSearchForFire] Time:102
2018-04-15 20:15:14,317 [DEBUG|AmbulanceTeam/1072980770|TestHumanDetector] Time:103
2018-04-15 20:15:14,317 [DEBUG|AmbulanceTeam/1072980770|TestSearchForFire] Time:103
2018-04-15 20:15:17,902 [DEBUG|AmbulanceTeam/1072980770|TestHumanDetector] Time:104
2018-04-15 20:15:17,902 [DEBUG|AmbulanceTeam/1072980770|TestSearchForFire] Time:104
2018-04-15 20:15:21,129 [DEBUG|AmbulanceTeam/1072980770|TestHumanDetector] Time:105
2018-04-15 20:15:21,129 [DEBUG|AmbulanceTeam/1072980770|TestSearchForFire] Time:105
2018-04-15 20:15:24,488 [DEBUG|AmbulanceTeam/1072980770|TestHumanDetector] Time:106
2018-04-15 20:15:24,488 [DEBUG|AmbulanceTeam/1072980770|TestSearchForFire] Time:106
2018-04-15 20:15:27,824 [DEBUG|AmbulanceTeam/1072980770|TestHumanDetector] Time:107
2018-04-15 20:15:27,825 [DEBUG|AmbulanceTeam/1072980770|TestSearchForFire] Time:107
2018-04-15 20:15:31,280 [DEBUG|AmbulanceTeam/1072980770|TestHumanDetector] Time:108
2018-04-15 20:15:31,281 [DEBUG|AmbulanceTeam/1072980770|TestSearchForFire] Time:108
2018-04-15 20:15:34,729 [DEBUG|AmbulanceTeam/1072980770|TestHumanDetector] Time:109
2018-04-15 20:15:34,729 [DEBUG|AmbulanceTeam/1072980770|TestSearchForFire] Time:109
2018-04-15 20:15:38,317 [DEBUG|AmbulanceTeam/1072980770|TestHumanDetector] Time:110
2018-04-15 20:15:38,317 [DEBUG|AmbulanceTeam/1072980770|TestSearchForFire] Time:110
2018-04-15 20:15:41,784 [DEBUG|AmbulanceTeam/1072980770|TestHumanDetector] Time:111
2018-04-15 20:15:41,785 [DEBUG|AmbulanceTeam/1072980770|TestSearchForFire] Time:111
2018-04-15 20:15:45,042 [DEBUG|AmbulanceTeam/1072980770|TestHumanDetector] Time:112
2018-04-15 20:15:45,043 [DEBUG|AmbulanceTeam/1072980770|TestSearchForFire] Time:112
2018-04-15 20:15:48,324 [DEBUG|AmbulanceTeam/1072980770|TestHumanDetector] Time:113
2018-04-15 20:15:48,325 [DEBUG|AmbulanceTeam/1072980770|TestSearchForFire] Time:113
2018-04-15 20:15:51,936 [DEBUG|AmbulanceTeam/1072980770|TestHumanDetector] Time:114
2018-04-15 20:15:51,937 [DEBUG|AmbulanceTeam/1072980770|TestSearchForFire] Time:114
2018-04-15 20:15:55,320 [DEBUG|AmbulanceTeam/1072980770|TestHumanDetector] Time:115
2018-04-15 20:15:55,320 [DEBUG|AmbulanceTeam/1072980770|TestSearchForFire] Time:115
2018-04-15 20:15:58,684 [DEBUG|AmbulanceTeam/1072980770|TestHumanDetector] Time:116
2018-04-15 20:15:58,684 [DEBUG|AmbulanceTeam/1072980770|TestSearchForFire] Time:116
2018-04-15 20:16:01,953 [DEBUG|AmbulanceTeam/1072980770|TestHumanDetector] Time:117
2018-04-15 20:16:01,953 [DEBUG|AmbulanceTeam/1072980770|TestSearchForFire] Time:117
2018-04-15 20:16:05,264 [DEBUG|AmbulanceTeam/1072980770|TestHumanDetector] Time:118
2018-04-15 20:16:05,265 [DEBUG|AmbulanceTeam/1072980770|TestSearchForFire] Time:118
2018-04-15 20:16:08,596 [DEBUG|AmbulanceTeam/1072980770|TestHumanDetector] Time:119
2018-04-15 20:16:08,597 [DEBUG|AmbulanceTeam/1072980770|TestSearchForFire] Time:119
2018-04-15 20:16:12,184 [DEBUG|AmbulanceTeam/1072980770|TestHumanDetector] Time:120
2018-04-15 20:16:12,184 [DEBUG|AmbulanceTeam/1072980770|TestSearchForFire] Time:120
2018-04-15 20:16:15,776 [DEBUG|AmbulanceTeam/1072980770|TestHumanDetector] Time:121
2018-04-15 20:16:15,776 [DEBUG|AmbulanceTeam/1072980770|TestSearchForFire] Time:121
2018-04-15 20:16:18,965 [DEBUG|AmbulanceTeam/1072980770|TestHumanDetector] Time:122
2018-04-15 20:16:18,966 [DEBUG|AmbulanceTeam/1072980770|TestSearchForFire] Time:122
2018-04-15 20:16:22,145 [DEBUG|AmbulanceTeam/1072980770|TestHumanDetector] Time:123
2018-04-15 20:16:22,145 [DEBUG|AmbulanceTeam/1072980770|TestSearchForFire] Time:123
2018-04-15 20:16:25,601 [DEBUG|AmbulanceTeam/1072980770|TestHumanDetector] Time:124
2018-04-15 20:16:25,601 [DEBUG|AmbulanceTeam/1072980770|TestSearchForFire] Time:124
2018-04-15 20:16:29,032 [DEBUG|AmbulanceTeam/1072980770|TestHumanDetector] Time:125
2018-04-15 20:16:29,033 [DEBUG|AmbulanceTeam/1072980770|TestSearchForFire] Time:125
2018-04-15 20:16:32,440 [DEBUG|AmbulanceTeam/1072980770|TestHumanDetector] Time:126
2018-04-15 20:16:32,441 [DEBUG|AmbulanceTeam/1072980770|TestSearchForFire] Time:126
2018-04-15 20:16:35,761 [DEBUG|AmbulanceTeam/1072980770|TestHumanDetector] Time:127
2018-04-15 20:16:35,761 [DEBUG|AmbulanceTeam/1072980770|TestSearchForFire] Time:127
2018-04-15 20:16:39,288 [DEBUG|AmbulanceTeam/1072980770|TestHumanDetector] Time:128
2018-04-15 20:16:39,288 [DEBUG|AmbulanceTeam/1072980770|TestSearchForFire] Time:128
2018-04-15 20:16:42,533 [DEBUG|AmbulanceTeam/1072980770|TestHumanDetector] Time:129
2018-04-15 20:16:42,533 [DEBUG|AmbulanceTeam/1072980770|TestSearchForFire] Time:129
2018-04-15 20:16:45,721 [DEBUG|AmbulanceTeam/1072980770|TestHumanDetector] Time:130
2018-04-15 20:16:45,721 [DEBUG|AmbulanceTeam/1072980770|TestSearchForFire] Time:130
2018-04-15 20:16:49,016 [DEBUG|AmbulanceTeam/1072980770|TestHumanDetector] Time:131
2018-04-15 20:16:49,016 [DEBUG|AmbulanceTeam/1072980770|TestSearchForFire] Time:131
2018-04-15 20:16:52,296 [DEBUG|AmbulanceTeam/1072980770|TestHumanDetector] Time:132
2018-04-15 20:16:52,297 [DEBUG|AmbulanceTeam/1072980770|TestSearchForFire] Time:132
2018-04-15 20:16:55,552 [DEBUG|AmbulanceTeam/1072980770|TestHumanDetector] Time:133
2018-04-15 20:16:55,553 [DEBUG|AmbulanceTeam/1072980770|TestSearchForFire] Time:133
2018-04-15 20:16:58,932 [DEBUG|AmbulanceTeam/1072980770|TestHumanDetector] Time:134
2018-04-15 20:16:58,933 [DEBUG|AmbulanceTeam/1072980770|TestSearchForFire] Time:134
2018-04-15 20:17:02,346 [DEBUG|AmbulanceTeam/1072980770|TestHumanDetector] Time:135
2018-04-15 20:17:02,346 [DEBUG|AmbulanceTeam/1072980770|TestSearchForFire] Time:135
2018-04-15 20:17:05,681 [DEBUG|AmbulanceTeam/1072980770|TestHumanDetector] Time:136
2018-04-15 20:17:05,681 [DEBUG|AmbulanceTeam/1072980770|TestSearchForFire] Time:136
2018-04-15 20:17:09,121 [DEBUG|AmbulanceTeam/1072980770|TestHumanDetector] Time:137
2018-04-15 20:17:09,121 [DEBUG|AmbulanceTeam/1072980770|TestSearchForFire] Time:137
2018-04-15 20:17:12,605 [DEBUG|AmbulanceTeam/1072980770|TestHumanDetector] Time:138
2018-04-15 20:17:12,605 [DEBUG|AmbulanceTeam/1072980770|TestSearchForFire] Time:138
2018-04-15 20:17:15,969 [DEBUG|AmbulanceTeam/1072980770|TestHumanDetector] Time:139
2018-04-15 20:17:15,969 [DEBUG|AmbulanceTeam/1072980770|TestSearchForFire] Time:139
2018-04-15 20:17:19,473 [DEBUG|AmbulanceTeam/1072980770|TestHumanDetector] Time:140
2018-04-15 20:17:19,473 [DEBUG|AmbulanceTeam/1072980770|TestSearchForFire] Time:140
2018-04-15 20:17:22,856 [DEBUG|AmbulanceTeam/1072980770|TestHumanDetector] Time:141
2018-04-15 20:17:22,857 [DEBUG|AmbulanceTeam/1072980770|TestSearchForFire] Time:141
2018-04-15 20:17:26,217 [DEBUG|AmbulanceTeam/1072980770|TestHumanDetector] Time:142
2018-04-15 20:17:26,217 [DEBUG|AmbulanceTeam/1072980770|TestSearchForFire] Time:142
2018-04-15 20:17:29,585 [DEBUG|AmbulanceTeam/1072980770|TestHumanDetector] Time:143
2018-04-15 20:17:29,585 [DEBUG|AmbulanceTeam/1072980770|TestSearchForFire] Time:143
2018-04-15 20:17:32,929 [DEBUG|AmbulanceTeam/1072980770|TestHumanDetector] Time:144
2018-04-15 20:17:32,929 [DEBUG|AmbulanceTeam/1072980770|TestSearchForFire] Time:144
2018-04-15 20:17:36,248 [DEBUG|AmbulanceTeam/1072980770|TestHumanDetector] Time:145
2018-04-15 20:17:36,249 [DEBUG|AmbulanceTeam/1072980770|TestSearchForFire] Time:145
2018-04-15 20:17:39,709 [DEBUG|AmbulanceTeam/1072980770|TestHumanDetector] Time:146
2018-04-15 20:17:39,709 [DEBUG|AmbulanceTeam/1072980770|TestSearchForFire] Time:146
2018-04-15 20:17:39,709 [DEBUG|AmbulanceTeam/1072980770|TestHumanDetector] someoneOnBoard:Civilian (2053705336)
2018-04-15 20:17:43,192 [DEBUG|AmbulanceTeam/1072980770|TestHumanDetector] Time:147
2018-04-15 20:17:43,192 [DEBUG|AmbulanceTeam/1072980770|TestSearchForFire] Time:147
2018-04-15 20:17:43,193 [DEBUG|AmbulanceTeam/1072980770|TestHumanDetector] someoneOnBoard:Civilian (2053705336)
2018-04-15 20:17:46,429 [DEBUG|AmbulanceTeam/1072980770|TestHumanDetector] Time:148
2018-04-15 20:17:46,430 [DEBUG|AmbulanceTeam/1072980770|TestSearchForFire] Time:148
2018-04-15 20:17:46,430 [DEBUG|AmbulanceTeam/1072980770|TestHumanDetector] someoneOnBoard:Civilian (2053705336)
2018-04-15 20:17:49,853 [DEBUG|AmbulanceTeam/1072980770|TestHumanDetector] Time:149
2018-04-15 20:17:49,854 [DEBUG|AmbulanceTeam/1072980770|TestSearchForFire] Time:149
2018-04-15 20:17:49,854 [DEBUG|AmbulanceTeam/1072980770|TestHumanDetector] Invalid Human:Civilian (2053705336) ==>reset target
2018-04-15 20:17:49,854 [DEBUG|AmbulanceTeam/1072980770|TestHumanDetector] Targets:[]
2018-04-15 20:17:49,854 [DEBUG|AmbulanceTeam/1072980770|TestSearchForFire] unsearchedBuildingIDs:[11137, 24449, 31252, 22043, 17821, 10278, 29867, 28590, 25264, 33848, 19897, 12221, 17474, 14914, 35268, 20679, 11220, 33623, 20187, 14303, 31073, 19427, 13796, 15463, 12650, 13931, 15084, 21869, 27120, 29297, 23545, 33787, 19454, 23679]
2018-04-15 20:17:49,854 [DEBUG|AmbulanceTeam/1072980770|TestSearchForFire] best path is:[19490, 19506, 33002, 33003, 3264, 11153, 11137]
2018-04-15 20:17:49,854 [DEBUG|AmbulanceTeam/1072980770|TestSearchForFire] choosed:3264
2018-04-15 20:17:53,453 [DEBUG|AmbulanceTeam/1072980770|TestHumanDetector] Time:150
2018-04-15 20:17:53,453 [DEBUG|AmbulanceTeam/1072980770|TestSearchForFire] Time:150
2018-04-15 20:17:53,453 [DEBUG|AmbulanceTeam/1072980770|TestHumanDetector] Targets:[]
2018-04-15 20:17:53,453 [DEBUG|AmbulanceTeam/1072980770|TestSearchForFire] unsearchedBuildingIDs:[24449, 31252, 17821, 10278, 29867, 28590, 25264, 33848, 19897, 12221, 17474, 14914, 35268, 20679, 11220, 20187, 14303, 31073, 19427, 13796, 15463, 12650, 13931, 15084, 21869, 27120, 23545, 33787, 19454, 23679]
2018-04-15 20:17:53,453 [DEBUG|AmbulanceTeam/1072980770|TestSearchForFire] best path is:[3264, 33003, 33002, 4497, 33815, 33814, 5451, 3003, 721, 4416, 7278, 1460, 33536, 33537, 24449]
2018-04-15 20:17:53,453 [DEBUG|AmbulanceTeam/1072980770|TestSearchForFire] choosed:33536
2018-04-15 20:17:56,897 [DEBUG|AmbulanceTeam/1072980770|TestHumanDetector] Time:151
2018-04-15 20:17:56,897 [DEBUG|AmbulanceTeam/1072980770|TestSearchForFire] Time:151
2018-04-15 20:17:56,897 [DEBUG|AmbulanceTeam/1072980770|TestHumanDetector] Targets:[]
2018-04-15 20:17:56,898 [DEBUG|AmbulanceTeam/1072980770|TestSearchForFire] unsearchedBuildingIDs:[24449, 31252, 17821, 10278, 29867, 28590, 25264, 33848, 19897, 12221, 17474, 14914, 35268, 20679, 11220, 20187, 14303, 31073, 19427, 13796, 15463, 12650, 13931, 15084, 21869, 27120, 23545, 33787, 19454, 23679]
2018-04-15 20:17:56,898 [DEBUG|AmbulanceTeam/1072980770|TestSearchForFire] best path is:[4497, 33815, 33814, 5451, 3003, 721, 4416, 7278, 1460, 33536, 33537, 24449]
2018-04-15 20:17:56,898 [DEBUG|AmbulanceTeam/1072980770|TestSearchForFire] choosed:33536
2018-04-15 20:18:00,405 [DEBUG|AmbulanceTeam/1072980770|TestHumanDetector] Time:152
2018-04-15 20:18:00,405 [DEBUG|AmbulanceTeam/1072980770|TestSearchForFire] Time:152
2018-04-15 20:18:00,405 [DEBUG|AmbulanceTeam/1072980770|TestHumanDetector] Targets:[]
2018-04-15 20:18:00,405 [DEBUG|AmbulanceTeam/1072980770|TestSearchForFire] unsearchedBuildingIDs:[31252, 17821, 10278, 29867, 28590, 25264, 33848, 19897, 12221, 17474, 14914, 35268, 20679, 11220, 20187, 14303, 31073, 13796, 15463, 12650, 13931, 15084, 21869, 27120, 23545, 33787, 19454, 23679]
2018-04-15 20:18:00,406 [DEBUG|AmbulanceTeam/1072980770|TestSearchForFire] best path is:[3003, 5451, 33814, 33815, 5379, 32990, 32989, 32987, 5496, 1197, 7683, 32980, 2463, 15534, 33787]
2018-04-15 20:18:00,406 [DEBUG|AmbulanceTeam/1072980770|TestSearchForFire] choosed:2463
2018-04-15 20:18:03,945 [DEBUG|AmbulanceTeam/1072980770|TestHumanDetector] Time:153
2018-04-15 20:18:03,945 [DEBUG|AmbulanceTeam/1072980770|TestSearchForFire] Time:153
2018-04-15 20:18:03,945 [DEBUG|AmbulanceTeam/1072980770|TestHumanDetector] Targets:[]
2018-04-15 20:18:03,945 [DEBUG|AmbulanceTeam/1072980770|TestSearchForFire] unsearchedBuildingIDs:[31252, 17821, 10278, 29867, 25264, 33848, 19897, 12221, 17474, 14914, 35268, 20679, 11220, 20187, 14303, 31073, 13796, 15463, 12650, 13931, 15084, 21869, 27120, 23545, 33787, 19454, 23679]
2018-04-15 20:18:03,945 [DEBUG|AmbulanceTeam/1072980770|TestSearchForFire] best path is:[32990, 32989, 32987, 5496, 1197, 7683, 32980, 2463, 15534, 33787]
2018-04-15 20:18:03,946 [DEBUG|AmbulanceTeam/1072980770|TestSearchForFire] choosed:2463
2018-04-15 20:18:07,781 [DEBUG|AmbulanceTeam/1072980770|TestHumanDetector] Time:154
2018-04-15 20:18:07,781 [DEBUG|AmbulanceTeam/1072980770|TestSearchForFire] Time:154
2018-04-15 20:18:07,781 [DEBUG|AmbulanceTeam/1072980770|TestHumanDetector] Targets:[]
2018-04-15 20:18:07,781 [DEBUG|AmbulanceTeam/1072980770|TestSearchForFire] unsearchedBuildingIDs:[31252, 17821, 10278, 25264, 33848, 19897, 12221, 17474, 14914, 35268, 20679, 11220, 20187, 14303, 31073, 13796, 15463, 12650, 13931, 15084, 21869, 27120, 23545, 19454, 23679]
2018-04-15 20:18:07,781 [DEBUG|AmbulanceTeam/1072980770|TestSearchForFire] best path is:[2463, 5271, 3489, 1378, 5577, 14930, 14914]
2018-04-15 20:18:07,781 [DEBUG|AmbulanceTeam/1072980770|TestSearchForFire] choosed:5577
2018-04-15 20:18:11,369 [DEBUG|AmbulanceTeam/1072980770|TestHumanDetector] Time:155
2018-04-15 20:18:11,369 [DEBUG|AmbulanceTeam/1072980770|TestSearchForFire] Time:155
2018-04-15 20:18:11,369 [DEBUG|AmbulanceTeam/1072980770|TestHumanDetector] Targets:[]
2018-04-15 20:18:11,369 [DEBUG|AmbulanceTeam/1072980770|TestSearchForFire] unsearchedBuildingIDs:[17821, 10278, 25264, 33848, 19897, 12221, 35268, 20679, 11220, 20187, 14303, 31073, 13796, 12650, 13931, 15084, 21869, 27120, 23679]
2018-04-15 20:18:11,369 [DEBUG|AmbulanceTeam/1072980770|TestSearchForFire] best path is:[5577, 31257, 31258, 31259, 31261, 19897]
2018-04-15 20:18:11,369 [DEBUG|AmbulanceTeam/1072980770|TestSearchForFire] choosed:31259
2018-04-15 20:18:15,177 [DEBUG|AmbulanceTeam/1072980770|TestHumanDetector] Time:156
2018-04-15 20:18:15,177 [DEBUG|AmbulanceTeam/1072980770|TestSearchForFire] Time:156
2018-04-15 20:18:15,177 [DEBUG|AmbulanceTeam/1072980770|TestHumanDetector] Targets:[]
2018-04-15 20:18:15,177 [DEBUG|AmbulanceTeam/1072980770|TestSearchForFire] unsearchedBuildingIDs:[17821, 10278, 25264, 33848, 19897, 12221, 35268, 20679, 11220, 20187, 14303, 31073, 13796, 13931, 15084, 21869, 27120, 23679]
2018-04-15 20:18:15,177 [DEBUG|AmbulanceTeam/1072980770|TestSearchForFire] best path is:[31258, 31259, 31261, 19897]
2018-04-15 20:18:15,177 [DEBUG|AmbulanceTeam/1072980770|TestSearchForFire] choosed:31259
2018-04-15 20:18:18,677 [DEBUG|AmbulanceTeam/1072980770|TestHumanDetector] Time:157
2018-04-15 20:18:18,677 [DEBUG|AmbulanceTeam/1072980770|TestSearchForFire] Time:157
2018-04-15 20:18:18,677 [DEBUG|AmbulanceTeam/1072980770|TestHumanDetector] Targets:[]
2018-04-15 20:18:18,677 [DEBUG|AmbulanceTeam/1072980770|TestSearchForFire] unsearchedBuildingIDs:[17821, 10278, 25264, 33848, 19897, 12221, 35268, 20679, 11220, 20187, 14303, 31073, 13796, 13931, 15084, 21869, 27120, 23679]
2018-04-15 20:18:18,677 [DEBUG|AmbulanceTeam/1072980770|TestSearchForFire] best path is:[31258, 31259, 31261, 19897]
2018-04-15 20:18:18,677 [DEBUG|AmbulanceTeam/1072980770|TestSearchForFire] choosed:31259
2018-04-15 20:18:22,209 [DEBUG|AmbulanceTeam/1072980770|TestHumanDetector] Time:158
2018-04-15 20:18:22,209 [DEBUG|AmbulanceTeam/1072980770|TestSearchForFire] Time:158
2018-04-15 20:18:22,209 [DEBUG|AmbulanceTeam/1072980770|TestHumanDetector] Targets:[]
2018-04-15 20:18:22,209 [DEBUG|AmbulanceTeam/1072980770|TestSearchForFire] unsearchedBuildingIDs:[17821, 10278, 25264, 33848, 19897, 12221, 35268, 20679, 11220, 20187, 14303, 31073, 13796, 13931, 15084, 21869, 27120, 23679]
2018-04-15 20:18:22,210 [DEBUG|AmbulanceTeam/1072980770|TestSearchForFire] best path is:[31258, 31259, 31261, 19897]
2018-04-15 20:18:22,210 [DEBUG|AmbulanceTeam/1072980770|TestSearchForFire] choosed:31259
2018-04-15 20:18:25,838 [DEBUG|AmbulanceTeam/1072980770|TestHumanDetector] Time:159
2018-04-15 20:18:25,838 [DEBUG|AmbulanceTeam/1072980770|TestSearchForFire] Time:159
2018-04-15 20:18:25,838 [DEBUG|AmbulanceTeam/1072980770|TestHumanDetector] Targets:[]
2018-04-15 20:18:25,838 [DEBUG|AmbulanceTeam/1072980770|TestSearchForFire] unsearchedBuildingIDs:[17821, 10278, 25264, 33848, 19897, 12221, 35268, 20679, 11220, 20187, 14303, 31073, 13796, 13931, 15084, 21869, 27120, 23679]
2018-04-15 20:18:25,838 [DEBUG|AmbulanceTeam/1072980770|TestSearchForFire] best path is:[31258, 31259, 31261, 19897]
2018-04-15 20:18:25,839 [DEBUG|AmbulanceTeam/1072980770|TestSearchForFire] choosed:31259
