2018-04-15 20:06:41,537 [DEBUG|AmbulanceTeam/121970313|TestHumanDetector] Time:1
2018-04-15 20:06:41,577 [DEBUG|AmbulanceTeam/121970313|TestSearchForFire] Time:1
2018-04-15 20:06:41,578 [DEBUG|AmbulanceTeam/121970313|TestHumanDetector] Targets:[]
2018-04-15 20:06:41,578 [DEBUG|AmbulanceTeam/121970313|TestSearchForFire] unsearchedBuildingIDs:[33664, 11137, 33667, 15491, 32643, 16708, 32644, 33670, 28617, 12682, 29898, 27146, 24395, 23501, 33742, 17935, 30033, 22097, 10066, 12563, 12502, 17366, 33623, 15128, 24985, 19929, 15002, 28699, 24923, 33691, 22043, 17502, 22239, 19871, 36066, 32674, 33767, 14887, 32683, 17902, 32624, 29297, 23474, 33717, 12535, 24952, 27067, 22270]
2018-04-15 20:06:41,581 [DEBUG|AmbulanceTeam/121970313|TestSearchForFire] best path is:[4668, 7458, 3183, 445, 3840, 7809, 2922, 4695, 7098, 32572, 32571, 2051, 8250, 31201, 34241, 34240, 4461, 6567, 1596, 5163, 6603, 7854, 32929, 801, 4848, 5154, 3426, 990, 3102, 4506, 680, 6522, 8961, 3273, 15507, 15491]
2018-04-15 20:06:41,581 [DEBUG|AmbulanceTeam/121970313|TestSearchForFire] choosed:3273
2018-04-15 20:06:50,525 [DEBUG|AmbulanceTeam/121970313|TestHumanDetector] Time:2
2018-04-15 20:06:50,525 [DEBUG|AmbulanceTeam/121970313|TestSearchForFire] Time:2
2018-04-15 20:06:50,526 [DEBUG|AmbulanceTeam/121970313|TestHumanDetector] Targets:[]
2018-04-15 20:06:50,526 [DEBUG|AmbulanceTeam/121970313|TestSearchForFire] unsearchedBuildingIDs:[33664, 11137, 33667, 15491, 32643, 16708, 32644, 33670, 28617, 12682, 29898, 27146, 24395, 23501, 33742, 17935, 30033, 22097, 10066, 12563, 12502, 17366, 33623, 15128, 24985, 19929, 15002, 28699, 24923, 33691, 22043, 17502, 22239, 19871, 36066, 32674, 33767, 14887, 32683, 17902, 32624, 29297, 23474, 33717, 12535, 24952, 27067, 22270]
2018-04-15 20:06:50,528 [DEBUG|AmbulanceTeam/121970313|TestSearchForFire] best path is:[4668, 7458, 3183, 445, 3840, 7809, 2922, 4695, 7098, 32572, 32571, 2051, 8250, 31201, 34241, 34240, 4461, 6567, 1596, 5163, 6603, 7854, 32929, 801, 4848, 5154, 3426, 990, 3102, 4506, 680, 6522, 8961, 3273, 15507, 15491]
2018-04-15 20:06:50,528 [DEBUG|AmbulanceTeam/121970313|TestSearchForFire] choosed:3273
2018-04-15 20:06:54,556 [DEBUG|AmbulanceTeam/121970313|TestHumanDetector] Time:3
2018-04-15 20:06:54,556 [DEBUG|AmbulanceTeam/121970313|TestSearchForFire] Time:3
2018-04-15 20:06:54,556 [DEBUG|AmbulanceTeam/121970313|TestHumanDetector] Targets:[]
2018-04-15 20:06:54,557 [DEBUG|AmbulanceTeam/121970313|TestSearchForFire] unsearchedBuildingIDs:[33664, 11137, 33667, 15491, 32643, 16708, 32644, 33670, 28617, 12682, 29898, 27146, 24395, 23501, 33742, 17935, 30033, 22097, 10066, 12563, 12502, 17366, 33623, 15128, 24985, 19929, 15002, 28699, 24923, 33691, 22043, 17502, 22239, 19871, 36066, 32674, 33767, 14887, 32683, 17902, 32624, 29297, 23474, 33717, 12535, 24952, 27067, 22270]
2018-04-15 20:06:54,559 [DEBUG|AmbulanceTeam/121970313|TestSearchForFire] best path is:[4668, 7458, 3183, 445, 3840, 7809, 2922, 4695, 7098, 32572, 32571, 2051, 8250, 31201, 34241, 34240, 4461, 6567, 1596, 5163, 6603, 7854, 32929, 801, 4848, 5154, 3426, 990, 3102, 4506, 680, 6522, 8961, 3273, 15507, 15491]
2018-04-15 20:06:54,560 [DEBUG|AmbulanceTeam/121970313|TestSearchForFire] choosed:3273
2018-04-15 20:07:05,621 [DEBUG|AmbulanceTeam/121970313|TestHumanDetector] Time:4
2018-04-15 20:07:05,621 [DEBUG|AmbulanceTeam/121970313|TestSearchForFire] Time:4
2018-04-15 20:07:05,621 [DEBUG|AmbulanceTeam/121970313|TestHumanDetector] Targets:[]
2018-04-15 20:07:05,622 [DEBUG|AmbulanceTeam/121970313|TestSearchForFire] unsearchedBuildingIDs:[33664, 11137, 33667, 15491, 32643, 16708, 32644, 33670, 28617, 12682, 29898, 27146, 24395, 23501, 33742, 17935, 30033, 22097, 10066, 12563, 12502, 17366, 33623, 15128, 24985, 19929, 15002, 28699, 24923, 33691, 22043, 17502, 22239, 19871, 36066, 32674, 33767, 14887, 32683, 17902, 32624, 29297, 23474, 33717, 12535, 24952, 27067, 22270]
2018-04-15 20:07:05,624 [DEBUG|AmbulanceTeam/121970313|TestSearchForFire] best path is:[2922, 4695, 7098, 32572, 32571, 2051, 8250, 31201, 34241, 34240, 4461, 6567, 1596, 5163, 6603, 7854, 32929, 801, 4848, 5154, 3426, 990, 3102, 4506, 680, 6522, 8961, 3273, 15507, 15491]
2018-04-15 20:07:05,624 [DEBUG|AmbulanceTeam/121970313|TestSearchForFire] choosed:3273
2018-04-15 20:07:14,587 [DEBUG|AmbulanceTeam/121970313|TestHumanDetector] Time:5
2018-04-15 20:07:14,587 [DEBUG|AmbulanceTeam/121970313|TestSearchForFire] Time:5
2018-04-15 20:07:14,587 [DEBUG|AmbulanceTeam/121970313|TestHumanDetector] Targets:[]
2018-04-15 20:07:14,588 [DEBUG|AmbulanceTeam/121970313|TestSearchForFire] unsearchedBuildingIDs:[33664, 11137, 33667, 15491, 32643, 16708, 32644, 33670, 28617, 12682, 29898, 27146, 24395, 23501, 33742, 17935, 30033, 22097, 10066, 12563, 12502, 17366, 33623, 15128, 24985, 19929, 15002, 28699, 24923, 33691, 22043, 17502, 22239, 19871, 36066, 32674, 33767, 14887, 32683, 17902, 32624, 29297, 23474, 33717, 12535, 24952, 27067, 22270]
2018-04-15 20:07:14,592 [DEBUG|AmbulanceTeam/121970313|TestSearchForFire] best path is:[4695, 7098, 32572, 32571, 2051, 8250, 31201, 34241, 34240, 4461, 6567, 1596, 5163, 6603, 7854, 32929, 801, 4848, 5154, 3426, 990, 3102, 4506, 680, 6522, 8961, 3273, 15507, 15491]
2018-04-15 20:07:14,592 [DEBUG|AmbulanceTeam/121970313|TestSearchForFire] choosed:3273
2018-04-15 20:07:23,090 [DEBUG|AmbulanceTeam/121970313|TestHumanDetector] Time:6
2018-04-15 20:07:23,091 [DEBUG|AmbulanceTeam/121970313|TestSearchForFire] Time:6
2018-04-15 20:07:23,091 [DEBUG|AmbulanceTeam/121970313|TestHumanDetector] Targets:[]
2018-04-15 20:07:23,091 [DEBUG|AmbulanceTeam/121970313|TestSearchForFire] unsearchedBuildingIDs:[33664, 11137, 33667, 15491, 32643, 16708, 32644, 33670, 28617, 12682, 29898, 27146, 24395, 23501, 33742, 17935, 30033, 22097, 10066, 12563, 12502, 17366, 33623, 15128, 24985, 19929, 15002, 28699, 24923, 33691, 22043, 17502, 22239, 19871, 36066, 32674, 33767, 14887, 32683, 17902, 32624, 29297, 23474, 33717, 12535, 24952, 27067, 22270]
2018-04-15 20:07:23,093 [DEBUG|AmbulanceTeam/121970313|TestSearchForFire] best path is:[4695, 7098, 32572, 32571, 2051, 8250, 31201, 34241, 34240, 4461, 6567, 1596, 5163, 6603, 7854, 32929, 801, 4848, 5154, 3426, 990, 3102, 4506, 680, 6522, 8961, 3273, 15507, 15491]
2018-04-15 20:07:23,093 [DEBUG|AmbulanceTeam/121970313|TestSearchForFire] choosed:3273
2018-04-15 20:07:30,764 [DEBUG|AmbulanceTeam/121970313|TestHumanDetector] Time:7
2018-04-15 20:07:30,764 [DEBUG|AmbulanceTeam/121970313|TestSearchForFire] Time:7
2018-04-15 20:07:30,765 [DEBUG|AmbulanceTeam/121970313|TestHumanDetector] Targets:[]
2018-04-15 20:07:30,765 [DEBUG|AmbulanceTeam/121970313|TestSearchForFire] unsearchedBuildingIDs:[33664, 11137, 33667, 15491, 32643, 16708, 32644, 33670, 28617, 12682, 29898, 27146, 24395, 23501, 33742, 17935, 30033, 22097, 10066, 12563, 12502, 17366, 33623, 15128, 24985, 19929, 15002, 28699, 24923, 33691, 22043, 17502, 22239, 19871, 36066, 32674, 33767, 14887, 32683, 17902, 32624, 29297, 23474, 33717, 12535, 24952, 27067, 22270]
2018-04-15 20:07:30,768 [DEBUG|AmbulanceTeam/121970313|TestSearchForFire] best path is:[4695, 7098, 32572, 32571, 2051, 8250, 31201, 34241, 34240, 4461, 6567, 1596, 5163, 6603, 7854, 32929, 801, 4848, 5154, 3426, 990, 3102, 4506, 680, 6522, 8961, 3273, 15507, 15491]
2018-04-15 20:07:30,768 [DEBUG|AmbulanceTeam/121970313|TestSearchForFire] choosed:3273
2018-04-15 20:07:38,156 [DEBUG|AmbulanceTeam/121970313|TestHumanDetector] Time:8
2018-04-15 20:07:38,157 [DEBUG|AmbulanceTeam/121970313|TestSearchForFire] Time:8
2018-04-15 20:07:38,157 [DEBUG|AmbulanceTeam/121970313|TestHumanDetector] Targets:[]
2018-04-15 20:07:38,157 [DEBUG|AmbulanceTeam/121970313|TestSearchForFire] unsearchedBuildingIDs:[33664, 11137, 33667, 15491, 32643, 16708, 32644, 33670, 28617, 12682, 29898, 27146, 24395, 23501, 33742, 17935, 30033, 22097, 10066, 12563, 12502, 17366, 33623, 15128, 24985, 19929, 15002, 28699, 24923, 33691, 22043, 17502, 22239, 19871, 36066, 32674, 33767, 14887, 32683, 17902, 32624, 29297, 23474, 33717, 12535, 24952, 27067, 22270]
2018-04-15 20:07:38,159 [DEBUG|AmbulanceTeam/121970313|TestSearchForFire] best path is:[4695, 7098, 32572, 32571, 2051, 8250, 31201, 34241, 34240, 4461, 6567, 1596, 5163, 6603, 7854, 32929, 801, 4848, 5154, 3426, 990, 3102, 4506, 680, 6522, 8961, 3273, 15507, 15491]
2018-04-15 20:07:38,159 [DEBUG|AmbulanceTeam/121970313|TestSearchForFire] choosed:3273
2018-04-15 20:07:45,545 [DEBUG|AmbulanceTeam/121970313|TestHumanDetector] Time:9
2018-04-15 20:07:45,546 [DEBUG|AmbulanceTeam/121970313|TestSearchForFire] Time:9
2018-04-15 20:07:45,546 [DEBUG|AmbulanceTeam/121970313|TestHumanDetector] Targets:[]
2018-04-15 20:07:45,546 [DEBUG|AmbulanceTeam/121970313|TestSearchForFire] unsearchedBuildingIDs:[33664, 11137, 33667, 15491, 32643, 16708, 32644, 33670, 28617, 12682, 29898, 27146, 24395, 23501, 33742, 17935, 30033, 22097, 10066, 12563, 12502, 17366, 33623, 15128, 24985, 19929, 15002, 28699, 24923, 33691, 22043, 17502, 22239, 19871, 36066, 32674, 33767, 14887, 32683, 17902, 32624, 29297, 23474, 33717, 12535, 24952, 27067, 22270]
2018-04-15 20:07:45,548 [DEBUG|AmbulanceTeam/121970313|TestSearchForFire] best path is:[4695, 7098, 32572, 32571, 2051, 8250, 31201, 34241, 34240, 4461, 6567, 1596, 5163, 6603, 7854, 32929, 801, 4848, 5154, 3426, 990, 3102, 4506, 680, 6522, 8961, 3273, 15507, 15491]
2018-04-15 20:07:45,548 [DEBUG|AmbulanceTeam/121970313|TestSearchForFire] choosed:3273
2018-04-15 20:07:52,876 [DEBUG|AmbulanceTeam/121970313|TestHumanDetector] Time:10
2018-04-15 20:07:52,876 [DEBUG|AmbulanceTeam/121970313|TestSearchForFire] Time:10
2018-04-15 20:07:52,877 [DEBUG|AmbulanceTeam/121970313|TestHumanDetector] Targets:[]
2018-04-15 20:07:52,877 [DEBUG|AmbulanceTeam/121970313|TestSearchForFire] unsearchedBuildingIDs:[33664, 11137, 33667, 15491, 32643, 16708, 32644, 33670, 28617, 12682, 29898, 27146, 24395, 23501, 33742, 17935, 30033, 22097, 10066, 12563, 12502, 17366, 33623, 15128, 24985, 19929, 15002, 28699, 24923, 33691, 22043, 17502, 22239, 19871, 36066, 32674, 33767, 14887, 32683, 17902, 32624, 29297, 23474, 33717, 12535, 24952, 27067, 22270]
2018-04-15 20:07:52,879 [DEBUG|AmbulanceTeam/121970313|TestSearchForFire] best path is:[4695, 7098, 32572, 32571, 2051, 8250, 31201, 34241, 34240, 4461, 6567, 1596, 5163, 6603, 7854, 32929, 801, 4848, 5154, 3426, 990, 3102, 4506, 680, 6522, 8961, 3273, 15507, 15491]
2018-04-15 20:07:52,879 [DEBUG|AmbulanceTeam/121970313|TestSearchForFire] choosed:3273
2018-04-15 20:07:59,793 [DEBUG|AmbulanceTeam/121970313|TestHumanDetector] Time:11
2018-04-15 20:07:59,793 [DEBUG|AmbulanceTeam/121970313|TestSearchForFire] Time:11
2018-04-15 20:07:59,793 [DEBUG|AmbulanceTeam/121970313|TestHumanDetector] Targets:[]
2018-04-15 20:07:59,793 [DEBUG|AmbulanceTeam/121970313|TestSearchForFire] unsearchedBuildingIDs:[33664, 11137, 33667, 15491, 32643, 16708, 32644, 33670, 28617, 12682, 29898, 27146, 24395, 23501, 33742, 17935, 30033, 22097, 10066, 12563, 12502, 17366, 33623, 15128, 24985, 19929, 15002, 28699, 24923, 33691, 22043, 17502, 22239, 19871, 36066, 32674, 33767, 14887, 32683, 17902, 32624, 29297, 23474, 33717, 12535, 24952, 27067, 22270]
2018-04-15 20:07:59,796 [DEBUG|AmbulanceTeam/121970313|TestSearchForFire] best path is:[4695, 7098, 32572, 32571, 2051, 8250, 31201, 34241, 34240, 4461, 6567, 1596, 5163, 6603, 7854, 32929, 801, 4848, 5154, 3426, 990, 3102, 4506, 680, 6522, 8961, 3273, 15507, 15491]
2018-04-15 20:07:59,796 [DEBUG|AmbulanceTeam/121970313|TestSearchForFire] choosed:3273
2018-04-15 20:08:06,889 [DEBUG|AmbulanceTeam/121970313|TestHumanDetector] Time:12
2018-04-15 20:08:06,889 [DEBUG|AmbulanceTeam/121970313|TestSearchForFire] Time:12
2018-04-15 20:08:06,889 [DEBUG|AmbulanceTeam/121970313|TestHumanDetector] Targets:[]
2018-04-15 20:08:06,889 [DEBUG|AmbulanceTeam/121970313|TestSearchForFire] unsearchedBuildingIDs:[33664, 11137, 33667, 15491, 32643, 16708, 32644, 33670, 28617, 12682, 29898, 27146, 24395, 23501, 33742, 17935, 30033, 22097, 10066, 12563, 12502, 17366, 33623, 15128, 24985, 19929, 15002, 28699, 24923, 33691, 22043, 17502, 22239, 19871, 36066, 32674, 33767, 14887, 32683, 17902, 32624, 29297, 23474, 33717, 12535, 24952, 27067, 22270]
2018-04-15 20:08:06,892 [DEBUG|AmbulanceTeam/121970313|TestSearchForFire] best path is:[4695, 7098, 32572, 32571, 2051, 8250, 31201, 34241, 34240, 4461, 6567, 1596, 5163, 6603, 7854, 32929, 801, 4848, 5154, 3426, 990, 3102, 4506, 680, 6522, 8961, 3273, 15507, 15491]
2018-04-15 20:08:06,892 [DEBUG|AmbulanceTeam/121970313|TestSearchForFire] choosed:3273
2018-04-15 20:08:13,537 [DEBUG|AmbulanceTeam/121970313|TestHumanDetector] Time:13
2018-04-15 20:08:13,537 [DEBUG|AmbulanceTeam/121970313|TestSearchForFire] Time:13
2018-04-15 20:08:13,537 [DEBUG|AmbulanceTeam/121970313|TestHumanDetector] Targets:[]
2018-04-15 20:08:13,537 [DEBUG|AmbulanceTeam/121970313|TestSearchForFire] unsearchedBuildingIDs:[33664, 11137, 33667, 15491, 32643, 16708, 32644, 33670, 28617, 12682, 29898, 27146, 24395, 23501, 33742, 17935, 30033, 22097, 10066, 12563, 12502, 17366, 33623, 15128, 24985, 19929, 15002, 28699, 24923, 33691, 22043, 17502, 22239, 19871, 36066, 32674, 33767, 14887, 32683, 17902, 32624, 29297, 23474, 33717, 12535, 24952, 27067, 22270]
2018-04-15 20:08:13,539 [DEBUG|AmbulanceTeam/121970313|TestSearchForFire] best path is:[4695, 7098, 32572, 32571, 2051, 8250, 31201, 34241, 34240, 4461, 6567, 1596, 5163, 6603, 7854, 32929, 801, 4848, 5154, 3426, 990, 3102, 4506, 680, 6522, 8961, 3273, 15507, 15491]
2018-04-15 20:08:13,540 [DEBUG|AmbulanceTeam/121970313|TestSearchForFire] choosed:3273
2018-04-15 20:08:20,046 [DEBUG|AmbulanceTeam/121970313|TestHumanDetector] Time:14
2018-04-15 20:08:20,046 [DEBUG|AmbulanceTeam/121970313|TestSearchForFire] Time:14
2018-04-15 20:08:20,046 [DEBUG|AmbulanceTeam/121970313|TestHumanDetector] Targets:[]
2018-04-15 20:08:20,046 [DEBUG|AmbulanceTeam/121970313|TestSearchForFire] unsearchedBuildingIDs:[33664, 11137, 33667, 15491, 32643, 16708, 32644, 33670, 28617, 12682, 29898, 27146, 24395, 23501, 33742, 17935, 30033, 22097, 10066, 12563, 12502, 17366, 33623, 15128, 24985, 19929, 15002, 28699, 24923, 33691, 22043, 17502, 22239, 19871, 36066, 32674, 33767, 14887, 32683, 17902, 32624, 29297, 23474, 33717, 12535, 24952, 27067, 22270]
2018-04-15 20:08:20,048 [DEBUG|AmbulanceTeam/121970313|TestSearchForFire] best path is:[31201, 34241, 34240, 4461, 6567, 1596, 5163, 6603, 7854, 32929, 801, 4848, 5154, 3426, 990, 3102, 4506, 680, 6522, 8961, 3273, 15507, 15491]
2018-04-15 20:08:20,048 [DEBUG|AmbulanceTeam/121970313|TestSearchForFire] choosed:3273
2018-04-15 20:08:27,201 [DEBUG|AmbulanceTeam/121970313|TestHumanDetector] Time:15
2018-04-15 20:08:27,201 [DEBUG|AmbulanceTeam/121970313|TestSearchForFire] Time:15
2018-04-15 20:08:27,201 [DEBUG|AmbulanceTeam/121970313|TestHumanDetector] Targets:[]
2018-04-15 20:08:27,201 [DEBUG|AmbulanceTeam/121970313|TestSearchForFire] unsearchedBuildingIDs:[33664, 11137, 33667, 15491, 32643, 16708, 32644, 33670, 28617, 12682, 29898, 27146, 24395, 23501, 33742, 17935, 30033, 22097, 10066, 12563, 12502, 17366, 33623, 15128, 24985, 19929, 15002, 28699, 24923, 33691, 22043, 17502, 22239, 19871, 36066, 32674, 33767, 14887, 32683, 17902, 32624, 29297, 23474, 33717, 12535, 24952, 27067, 22270]
2018-04-15 20:08:27,202 [DEBUG|AmbulanceTeam/121970313|TestSearchForFire] best path is:[1596, 5163, 6603, 7854, 32929, 801, 4848, 5154, 3426, 990, 3102, 4506, 680, 6522, 8961, 3273, 15507, 15491]
2018-04-15 20:08:27,202 [DEBUG|AmbulanceTeam/121970313|TestSearchForFire] choosed:3273
2018-04-15 20:08:34,133 [DEBUG|AmbulanceTeam/121970313|TestHumanDetector] Time:16
2018-04-15 20:08:34,133 [DEBUG|AmbulanceTeam/121970313|TestSearchForFire] Time:16
2018-04-15 20:08:34,133 [DEBUG|AmbulanceTeam/121970313|TestHumanDetector] Targets:[]
2018-04-15 20:08:34,133 [DEBUG|AmbulanceTeam/121970313|TestSearchForFire] unsearchedBuildingIDs:[33664, 11137, 33667, 15491, 32643, 16708, 32644, 33670, 28617, 12682, 29898, 27146, 24395, 23501, 33742, 17935, 30033, 22097, 10066, 12563, 12502, 17366, 33623, 15128, 24985, 19929, 15002, 28699, 24923, 33691, 22043, 17502, 22239, 19871, 36066, 32674, 33767, 14887, 32683, 17902, 32624, 29297, 23474, 33717, 12535, 24952, 27067, 22270]
2018-04-15 20:08:34,134 [DEBUG|AmbulanceTeam/121970313|TestSearchForFire] best path is:[1596, 5163, 6603, 7854, 32929, 801, 4848, 5154, 3426, 990, 3102, 4506, 680, 6522, 8961, 3273, 15507, 15491]
2018-04-15 20:08:34,134 [DEBUG|AmbulanceTeam/121970313|TestSearchForFire] choosed:3273
2018-04-15 20:08:41,085 [DEBUG|AmbulanceTeam/121970313|TestHumanDetector] Time:17
2018-04-15 20:08:41,085 [DEBUG|AmbulanceTeam/121970313|TestSearchForFire] Time:17
2018-04-15 20:08:41,085 [DEBUG|AmbulanceTeam/121970313|TestHumanDetector] Targets:[]
2018-04-15 20:08:41,085 [DEBUG|AmbulanceTeam/121970313|TestSearchForFire] unsearchedBuildingIDs:[33664, 11137, 33667, 15491, 32643, 16708, 32644, 33670, 28617, 12682, 29898, 27146, 24395, 23501, 33742, 17935, 30033, 22097, 10066, 12563, 12502, 17366, 33623, 15128, 24985, 19929, 15002, 28699, 24923, 33691, 22043, 17502, 22239, 19871, 36066, 32674, 33767, 14887, 32683, 17902, 32624, 29297, 23474, 33717, 12535, 24952, 27067, 22270]
2018-04-15 20:08:41,086 [DEBUG|AmbulanceTeam/121970313|TestSearchForFire] best path is:[1596, 5163, 6603, 7854, 32929, 801, 4848, 5154, 3426, 990, 3102, 4506, 680, 6522, 8961, 3273, 15507, 15491]
2018-04-15 20:08:41,086 [DEBUG|AmbulanceTeam/121970313|TestSearchForFire] choosed:3273
2018-04-15 20:08:49,054 [DEBUG|AmbulanceTeam/121970313|TestHumanDetector] Time:18
2018-04-15 20:08:49,054 [DEBUG|AmbulanceTeam/121970313|TestSearchForFire] Time:18
2018-04-15 20:08:49,054 [DEBUG|AmbulanceTeam/121970313|TestHumanDetector] Targets:[]
2018-04-15 20:08:49,054 [DEBUG|AmbulanceTeam/121970313|TestSearchForFire] unsearchedBuildingIDs:[33664, 11137, 33667, 15491, 32643, 16708, 32644, 33670, 28617, 12682, 29898, 27146, 24395, 23501, 33742, 17935, 30033, 22097, 10066, 12563, 12502, 17366, 33623, 15128, 24985, 19929, 15002, 28699, 24923, 33691, 22043, 17502, 22239, 19871, 36066, 32674, 33767, 14887, 32683, 17902, 32624, 29297, 23474, 33717, 12535, 24952, 27067, 22270]
2018-04-15 20:08:49,055 [DEBUG|AmbulanceTeam/121970313|TestSearchForFire] best path is:[7854, 32929, 801, 4848, 5154, 3426, 990, 3102, 4506, 680, 6522, 8961, 3273, 15507, 15491]
2018-04-15 20:08:49,055 [DEBUG|AmbulanceTeam/121970313|TestSearchForFire] choosed:3273
2018-04-15 20:08:55,597 [DEBUG|AmbulanceTeam/121970313|TestHumanDetector] Time:19
2018-04-15 20:08:55,597 [DEBUG|AmbulanceTeam/121970313|TestSearchForFire] Time:19
2018-04-15 20:08:55,597 [DEBUG|AmbulanceTeam/121970313|TestHumanDetector] Targets:[]
2018-04-15 20:08:55,597 [DEBUG|AmbulanceTeam/121970313|TestSearchForFire] unsearchedBuildingIDs:[33664, 11137, 33667, 15491, 32643, 16708, 32644, 33670, 28617, 12682, 29898, 27146, 24395, 23501, 33742, 17935, 30033, 22097, 10066, 12563, 12502, 17366, 33623, 15128, 24985, 19929, 15002, 28699, 24923, 33691, 22043, 17502, 22239, 19871, 36066, 32674, 33767, 14887, 32683, 17902, 32624, 29297, 23474, 33717, 12535, 24952, 27067, 22270]
2018-04-15 20:08:55,597 [DEBUG|AmbulanceTeam/121970313|TestSearchForFire] best path is:[990, 3102, 4506, 680, 6522, 8961, 3273, 15507, 15491]
2018-04-15 20:08:55,597 [DEBUG|AmbulanceTeam/121970313|TestSearchForFire] choosed:3273
2018-04-15 20:09:02,272 [DEBUG|AmbulanceTeam/121970313|TestHumanDetector] Time:20
2018-04-15 20:09:02,272 [DEBUG|AmbulanceTeam/121970313|TestSearchForFire] Time:20
2018-04-15 20:09:02,272 [DEBUG|AmbulanceTeam/121970313|TestHumanDetector] Targets:[]
2018-04-15 20:09:02,273 [DEBUG|AmbulanceTeam/121970313|TestSearchForFire] unsearchedBuildingIDs:[33664, 11137, 33667, 16708, 32644, 33670, 28617, 12682, 29898, 27146, 24395, 23501, 33742, 17935, 22097, 10066, 12563, 12502, 17366, 33623, 15128, 24985, 19929, 15002, 28699, 24923, 33691, 22043, 17502, 22239, 19871, 36066, 32674, 33767, 14887, 32683, 17902, 32624, 29297, 23474, 33717, 12535, 24952, 27067, 22270]
2018-04-15 20:09:02,273 [DEBUG|AmbulanceTeam/121970313|TestSearchForFire] best path is:[3273, 6135, 1873, 32646, 32645, 8160, 32627, 33644, 33665, 33664]
2018-04-15 20:09:02,273 [DEBUG|AmbulanceTeam/121970313|TestSearchForFire] choosed:33644
2018-04-15 20:09:09,624 [DEBUG|AmbulanceTeam/121970313|TestHumanDetector] Time:21
2018-04-15 20:09:09,625 [DEBUG|AmbulanceTeam/121970313|TestSearchForFire] Time:21
2018-04-15 20:09:09,625 [DEBUG|AmbulanceTeam/121970313|TestHumanDetector] Targets:[]
2018-04-15 20:09:09,625 [DEBUG|AmbulanceTeam/121970313|TestSearchForFire] unsearchedBuildingIDs:[33664, 11137, 33667, 16708, 33670, 28617, 12682, 29898, 27146, 24395, 23501, 33742, 17935, 22097, 10066, 12563, 17366, 33623, 15128, 24985, 19929, 15002, 28699, 24923, 33691, 22043, 17502, 22239, 19871, 36066, 32674, 33767, 14887, 17902, 32624, 29297, 23474, 33717, 12535, 24952, 27067, 22270]
2018-04-15 20:09:09,625 [DEBUG|AmbulanceTeam/121970313|TestSearchForFire] best path is:[32646, 32645, 8160, 32627, 33644, 33665, 33664]
2018-04-15 20:09:09,625 [DEBUG|AmbulanceTeam/121970313|TestSearchForFire] choosed:33644
2018-04-15 20:09:16,261 [DEBUG|AmbulanceTeam/121970313|TestHumanDetector] Time:22
2018-04-15 20:09:16,261 [DEBUG|AmbulanceTeam/121970313|TestSearchForFire] Time:22
2018-04-15 20:09:16,261 [DEBUG|AmbulanceTeam/121970313|TestHumanDetector] Targets:[]
2018-04-15 20:09:16,261 [DEBUG|AmbulanceTeam/121970313|TestSearchForFire] unsearchedBuildingIDs:[33664, 11137, 33667, 16708, 33670, 28617, 12682, 29898, 24395, 23501, 33742, 22097, 10066, 12563, 17366, 33623, 15128, 24985, 19929, 15002, 28699, 24923, 33691, 22043, 17502, 19871, 32674, 33767, 14887, 17902, 29297, 23474, 33717, 12535, 24952, 27067, 22270]
2018-04-15 20:09:16,261 [DEBUG|AmbulanceTeam/121970313|TestSearchForFire] best path is:[32627, 33644, 33665, 33664]
2018-04-15 20:09:16,261 [DEBUG|AmbulanceTeam/121970313|TestSearchForFire] choosed:33644
2018-04-15 20:09:22,416 [DEBUG|AmbulanceTeam/121970313|TestHumanDetector] Time:23
2018-04-15 20:09:22,416 [DEBUG|AmbulanceTeam/121970313|TestSearchForFire] Time:23
2018-04-15 20:09:22,417 [DEBUG|AmbulanceTeam/121970313|TestHumanDetector] Targets:[]
2018-04-15 20:09:22,417 [DEBUG|AmbulanceTeam/121970313|TestSearchForFire] unsearchedBuildingIDs:[11137, 16708, 33670, 28617, 12682, 29898, 24395, 23501, 33742, 22097, 10066, 12563, 17366, 33623, 15128, 19929, 15002, 28699, 24923, 33691, 22043, 17502, 19871, 32674, 33767, 14887, 17902, 29297, 23474, 33717, 12535, 24952, 27067, 22270]
2018-04-15 20:09:22,417 [DEBUG|AmbulanceTeam/121970313|TestSearchForFire] best path is:[33644, 32623, 6252, 15144, 15128]
2018-04-15 20:09:22,417 [DEBUG|AmbulanceTeam/121970313|TestSearchForFire] choosed:6252
2018-04-15 20:09:28,380 [DEBUG|AmbulanceTeam/121970313|TestHumanDetector] Time:24
2018-04-15 20:09:28,380 [DEBUG|AmbulanceTeam/121970313|TestSearchForFire] Time:24
2018-04-15 20:09:28,381 [DEBUG|AmbulanceTeam/121970313|TestHumanDetector] Targets:[]
2018-04-15 20:09:28,381 [DEBUG|AmbulanceTeam/121970313|TestSearchForFire] unsearchedBuildingIDs:[11137, 16708, 33670, 28617, 12682, 29898, 24395, 23501, 33742, 22097, 10066, 12563, 17366, 33623, 19929, 15002, 28699, 24923, 33691, 22043, 17502, 19871, 32674, 33767, 14887, 17902, 29297, 23474, 33717, 12535, 24952, 27067, 22270]
2018-04-15 20:09:28,381 [DEBUG|AmbulanceTeam/121970313|TestSearchForFire] best path is:[32623, 6252, 5343, 24411, 24395]
2018-04-15 20:09:28,381 [DEBUG|AmbulanceTeam/121970313|TestSearchForFire] choosed:5343
2018-04-15 20:09:34,228 [DEBUG|AmbulanceTeam/121970313|TestHumanDetector] Time:25
2018-04-15 20:09:34,228 [DEBUG|AmbulanceTeam/121970313|TestSearchForFire] Time:25
2018-04-15 20:09:34,228 [DEBUG|AmbulanceTeam/121970313|TestHumanDetector] Targets:[]
2018-04-15 20:09:34,228 [DEBUG|AmbulanceTeam/121970313|TestSearchForFire] unsearchedBuildingIDs:[11137, 16708, 33670, 28617, 12682, 29898, 23501, 33742, 22097, 10066, 12563, 17366, 33623, 19929, 15002, 24923, 33691, 22043, 17502, 19871, 32674, 33767, 14887, 17902, 29297, 23474, 33717, 12535, 24952, 27067, 22270]
2018-04-15 20:09:34,228 [DEBUG|AmbulanceTeam/121970313|TestSearchForFire] best path is:[5343, 32653, 32652, 32650, 12535]
2018-04-15 20:09:34,228 [DEBUG|AmbulanceTeam/121970313|TestSearchForFire] choosed:32652
2018-04-15 20:09:40,301 [DEBUG|AmbulanceTeam/121970313|TestHumanDetector] Time:26
2018-04-15 20:09:40,301 [DEBUG|AmbulanceTeam/121970313|TestSearchForFire] Time:26
2018-04-15 20:09:40,301 [DEBUG|AmbulanceTeam/121970313|TestHumanDetector] Targets:[]
2018-04-15 20:09:40,301 [DEBUG|AmbulanceTeam/121970313|TestSearchForFire] unsearchedBuildingIDs:[11137, 16708, 33670, 28617, 12682, 29898, 23501, 33742, 22097, 10066, 12563, 17366, 33623, 19929, 15002, 24923, 33691, 22043, 17502, 19871, 32674, 33767, 14887, 17902, 29297, 23474, 33717, 24952, 27067, 22270]
2018-04-15 20:09:40,301 [DEBUG|AmbulanceTeam/121970313|TestSearchForFire] best path is:[32653, 5343, 6252, 32623, 33644, 32627, 8160, 32682, 32681, 32672, 32673, 32674]
2018-04-15 20:09:40,301 [DEBUG|AmbulanceTeam/121970313|TestSearchForFire] choosed:32672
2018-04-15 20:09:46,112 [DEBUG|AmbulanceTeam/121970313|TestHumanDetector] Time:27
2018-04-15 20:09:46,112 [DEBUG|AmbulanceTeam/121970313|TestSearchForFire] Time:27
2018-04-15 20:09:46,112 [DEBUG|AmbulanceTeam/121970313|TestHumanDetector] Targets:[]
2018-04-15 20:09:46,112 [DEBUG|AmbulanceTeam/121970313|TestSearchForFire] unsearchedBuildingIDs:[11137, 16708, 33670, 28617, 12682, 29898, 23501, 33742, 22097, 10066, 12563, 17366, 33623, 19929, 15002, 24923, 33691, 22043, 17502, 19871, 32674, 33767, 14887, 17902, 29297, 23474, 33717, 24952, 27067, 22270]
2018-04-15 20:09:46,112 [DEBUG|AmbulanceTeam/121970313|TestSearchForFire] best path is:[32623, 33644, 32627, 8160, 32682, 32681, 32672, 32673, 32674]
2018-04-15 20:09:46,112 [DEBUG|AmbulanceTeam/121970313|TestSearchForFire] choosed:32672
2018-04-15 20:09:52,196 [DEBUG|AmbulanceTeam/121970313|TestHumanDetector] Time:28
2018-04-15 20:09:52,196 [DEBUG|AmbulanceTeam/121970313|TestSearchForFire] Time:28
2018-04-15 20:09:52,196 [DEBUG|AmbulanceTeam/121970313|TestHumanDetector] Targets:[]
2018-04-15 20:09:52,196 [DEBUG|AmbulanceTeam/121970313|TestSearchForFire] unsearchedBuildingIDs:[11137, 16708, 33670, 28617, 12682, 29898, 23501, 33742, 22097, 10066, 12563, 17366, 33623, 19929, 15002, 24923, 33691, 22043, 17502, 19871, 33767, 14887, 17902, 29297, 23474, 33717, 24952, 27067, 22270]
2018-04-15 20:09:52,196 [DEBUG|AmbulanceTeam/121970313|TestSearchForFire] best path is:[32627, 8160, 32682, 32681, 34908, 29898]
2018-04-15 20:09:52,197 [DEBUG|AmbulanceTeam/121970313|TestSearchForFire] choosed:32681
2018-04-15 20:09:58,042 [DEBUG|AmbulanceTeam/121970313|TestHumanDetector] Time:29
2018-04-15 20:09:58,043 [DEBUG|AmbulanceTeam/121970313|TestSearchForFire] Time:29
2018-04-15 20:09:58,043 [DEBUG|AmbulanceTeam/121970313|TestHumanDetector] Targets:[]
2018-04-15 20:09:58,043 [DEBUG|AmbulanceTeam/121970313|TestSearchForFire] unsearchedBuildingIDs:[11137, 16708, 33670, 28617, 23501, 33742, 22097, 10066, 12563, 17366, 33623, 19929, 24923, 33691, 22043, 17502, 19871, 33767, 14887, 17902, 29297, 33717, 24952, 27067, 22270]
2018-04-15 20:09:58,043 [DEBUG|AmbulanceTeam/121970313|TestSearchForFire] best path is:[32681, 32672, 32665, 7251, 2328, 32658, 22286, 22270]
2018-04-15 20:09:58,043 [DEBUG|AmbulanceTeam/121970313|TestSearchForFire] choosed:32658
2018-04-15 20:10:03,986 [DEBUG|AmbulanceTeam/121970313|TestHumanDetector] Time:30
2018-04-15 20:10:03,986 [DEBUG|AmbulanceTeam/121970313|TestSearchForFire] Time:30
2018-04-15 20:10:03,987 [DEBUG|AmbulanceTeam/121970313|TestHumanDetector] Targets:[]
2018-04-15 20:10:03,987 [DEBUG|AmbulanceTeam/121970313|TestSearchForFire] unsearchedBuildingIDs:[11137, 16708, 33670, 28617, 23501, 33742, 22097, 10066, 12563, 33623, 19929, 33691, 22043, 17502, 19871, 33767, 14887, 29297, 33717]
2018-04-15 20:10:03,987 [DEBUG|AmbulanceTeam/121970313|TestSearchForFire] best path is:[32658, 2328, 7251, 32665, 32672, 32673, 32674, 34897, 22097]
2018-04-15 20:10:03,987 [DEBUG|AmbulanceTeam/121970313|TestSearchForFire] choosed:32674
2018-04-15 20:10:09,745 [DEBUG|AmbulanceTeam/121970313|TestHumanDetector] Time:31
2018-04-15 20:10:09,745 [DEBUG|AmbulanceTeam/121970313|TestSearchForFire] Time:31
2018-04-15 20:10:09,745 [DEBUG|AmbulanceTeam/121970313|TestHumanDetector] Targets:[]
2018-04-15 20:10:09,745 [DEBUG|AmbulanceTeam/121970313|TestSearchForFire] unsearchedBuildingIDs:[11137, 16708, 33670, 28617, 23501, 33742, 10066, 12563, 33623, 19929, 33691, 22043, 17502, 19871, 33767, 14887, 29297, 33717]
2018-04-15 20:10:09,746 [DEBUG|AmbulanceTeam/121970313|TestSearchForFire] best path is:[32672, 32681, 32682, 8160, 32645, 32646, 1873, 6135, 3273, 8961, 6522, 680, 7089, 3174, 4866, 1554, 5622, 9240, 33713, 16708]
2018-04-15 20:10:09,746 [DEBUG|AmbulanceTeam/121970313|TestSearchForFire] choosed:9240
2018-04-15 20:10:15,348 [DEBUG|AmbulanceTeam/121970313|TestHumanDetector] Time:32
2018-04-15 20:10:15,348 [DEBUG|AmbulanceTeam/121970313|TestSearchForFire] Time:32
2018-04-15 20:10:15,349 [DEBUG|AmbulanceTeam/121970313|TestHumanDetector] Targets:[]
2018-04-15 20:10:15,349 [DEBUG|AmbulanceTeam/121970313|TestSearchForFire] unsearchedBuildingIDs:[11137, 16708, 33670, 28617, 23501, 33742, 10066, 12563, 33623, 19929, 33691, 22043, 17502, 19871, 33767, 14887, 29297, 33717]
2018-04-15 20:10:15,349 [DEBUG|AmbulanceTeam/121970313|TestSearchForFire] best path is:[32645, 32646, 1873, 6135, 3273, 8961, 6522, 680, 7089, 3174, 4866, 1554, 5622, 9240, 33713, 16708]
2018-04-15 20:10:15,350 [DEBUG|AmbulanceTeam/121970313|TestSearchForFire] choosed:9240
2018-04-15 20:10:20,817 [DEBUG|AmbulanceTeam/121970313|TestHumanDetector] Time:33
2018-04-15 20:10:20,817 [DEBUG|AmbulanceTeam/121970313|TestSearchForFire] Time:33
2018-04-15 20:10:20,817 [DEBUG|AmbulanceTeam/121970313|TestHumanDetector] Targets:[]
2018-04-15 20:10:20,817 [DEBUG|AmbulanceTeam/121970313|TestSearchForFire] unsearchedBuildingIDs:[11137, 16708, 33670, 28617, 23501, 33742, 10066, 12563, 33623, 19929, 33691, 22043, 17502, 19871, 33767, 14887, 29297, 33717]
2018-04-15 20:10:20,818 [DEBUG|AmbulanceTeam/121970313|TestSearchForFire] best path is:[6135, 3273, 8961, 6522, 680, 7089, 3174, 4866, 1554, 5622, 9240, 33713, 16708]
2018-04-15 20:10:20,818 [DEBUG|AmbulanceTeam/121970313|TestSearchForFire] choosed:9240
2018-04-15 20:10:26,308 [DEBUG|AmbulanceTeam/121970313|TestHumanDetector] Time:34
2018-04-15 20:10:26,308 [DEBUG|AmbulanceTeam/121970313|TestSearchForFire] Time:34
2018-04-15 20:10:26,309 [DEBUG|AmbulanceTeam/121970313|TestHumanDetector] Targets:[]
2018-04-15 20:10:26,309 [DEBUG|AmbulanceTeam/121970313|TestSearchForFire] unsearchedBuildingIDs:[11137, 16708, 33670, 28617, 23501, 33742, 10066, 12563, 33623, 19929, 33691, 22043, 17502, 19871, 33767, 14887, 29297, 33717]
2018-04-15 20:10:26,309 [DEBUG|AmbulanceTeam/121970313|TestSearchForFire] best path is:[3174, 4866, 1554, 5622, 9240, 33713, 16708]
2018-04-15 20:10:26,309 [DEBUG|AmbulanceTeam/121970313|TestSearchForFire] choosed:9240
2018-04-15 20:10:31,676 [DEBUG|AmbulanceTeam/121970313|TestHumanDetector] Time:35
2018-04-15 20:10:31,676 [DEBUG|AmbulanceTeam/121970313|TestSearchForFire] Time:35
2018-04-15 20:10:31,677 [DEBUG|AmbulanceTeam/121970313|TestHumanDetector] Targets:[]
2018-04-15 20:10:31,677 [DEBUG|AmbulanceTeam/121970313|TestSearchForFire] unsearchedBuildingIDs:[11137, 33670, 28617, 23501, 33742, 10066, 12563, 33623, 19929, 22043, 17502, 19871, 33767, 14887, 29297, 33717]
2018-04-15 20:10:31,677 [DEBUG|AmbulanceTeam/121970313|TestSearchForFire] best path is:[5622, 9240, 33707, 5145, 17518, 17502]
2018-04-15 20:10:31,677 [DEBUG|AmbulanceTeam/121970313|TestSearchForFire] choosed:5145
2018-04-15 20:10:37,409 [DEBUG|AmbulanceTeam/121970313|TestHumanDetector] Time:36
2018-04-15 20:10:37,409 [DEBUG|AmbulanceTeam/121970313|TestSearchForFire] Time:36
2018-04-15 20:10:37,409 [DEBUG|AmbulanceTeam/121970313|TestHumanDetector] Targets:[]
2018-04-15 20:10:37,409 [DEBUG|AmbulanceTeam/121970313|TestSearchForFire] unsearchedBuildingIDs:[11137, 33670, 28617, 23501, 33742, 10066, 12563, 33623, 19929, 22043, 17502, 19871, 33767, 14887, 29297, 33717]
2018-04-15 20:10:37,410 [DEBUG|AmbulanceTeam/121970313|TestSearchForFire] best path is:[5622, 9240, 33707, 5145, 17518, 17502]
2018-04-15 20:10:37,410 [DEBUG|AmbulanceTeam/121970313|TestSearchForFire] choosed:5145
2018-04-15 20:10:42,568 [DEBUG|AmbulanceTeam/121970313|TestHumanDetector] Time:37
2018-04-15 20:10:42,569 [DEBUG|AmbulanceTeam/121970313|TestSearchForFire] Time:37
2018-04-15 20:10:42,569 [DEBUG|AmbulanceTeam/121970313|TestHumanDetector] Targets:[]
2018-04-15 20:10:42,569 [DEBUG|AmbulanceTeam/121970313|TestSearchForFire] unsearchedBuildingIDs:[11137, 33670, 28617, 23501, 33742, 10066, 12563, 33623, 19929, 22043, 17502, 19871, 33767, 14887, 29297, 33717]
2018-04-15 20:10:42,569 [DEBUG|AmbulanceTeam/121970313|TestSearchForFire] best path is:[5622, 9240, 33707, 5145, 17518, 17502]
2018-04-15 20:10:42,569 [DEBUG|AmbulanceTeam/121970313|TestSearchForFire] choosed:5145
2018-04-15 20:10:47,808 [DEBUG|AmbulanceTeam/121970313|TestHumanDetector] Time:38
2018-04-15 20:10:47,809 [DEBUG|AmbulanceTeam/121970313|TestSearchForFire] Time:38
2018-04-15 20:10:47,809 [DEBUG|AmbulanceTeam/121970313|TestHumanDetector] Targets:[]
2018-04-15 20:10:47,809 [DEBUG|AmbulanceTeam/121970313|TestSearchForFire] unsearchedBuildingIDs:[11137, 33670, 28617, 23501, 33742, 10066, 12563, 33623, 19929, 22043, 17502, 19871, 33767, 14887, 29297, 33717]
2018-04-15 20:10:47,809 [DEBUG|AmbulanceTeam/121970313|TestSearchForFire] best path is:[5622, 9240, 33707, 5145, 17518, 17502]
2018-04-15 20:10:47,809 [DEBUG|AmbulanceTeam/121970313|TestSearchForFire] choosed:5145
2018-04-15 20:10:52,968 [DEBUG|AmbulanceTeam/121970313|TestHumanDetector] Time:39
2018-04-15 20:10:52,969 [DEBUG|AmbulanceTeam/121970313|TestSearchForFire] Time:39
2018-04-15 20:10:52,969 [DEBUG|AmbulanceTeam/121970313|TestHumanDetector] Targets:[]
2018-04-15 20:10:52,969 [DEBUG|AmbulanceTeam/121970313|TestSearchForFire] unsearchedBuildingIDs:[11137, 33670, 28617, 23501, 33742, 10066, 12563, 33623, 19929, 22043, 17502, 19871, 33767, 14887, 29297, 33717]
2018-04-15 20:10:52,969 [DEBUG|AmbulanceTeam/121970313|TestSearchForFire] best path is:[5622, 9240, 33707, 5145, 17518, 17502]
2018-04-15 20:10:52,969 [DEBUG|AmbulanceTeam/121970313|TestSearchForFire] choosed:5145
2018-04-15 20:10:58,053 [DEBUG|AmbulanceTeam/121970313|TestHumanDetector] Time:40
2018-04-15 20:10:58,053 [DEBUG|AmbulanceTeam/121970313|TestSearchForFire] Time:40
2018-04-15 20:10:58,053 [DEBUG|AmbulanceTeam/121970313|TestHumanDetector] Targets:[]
2018-04-15 20:10:58,053 [DEBUG|AmbulanceTeam/121970313|TestSearchForFire] unsearchedBuildingIDs:[11137, 33670, 28617, 23501, 33742, 10066, 12563, 33623, 19929, 22043, 17502, 19871, 33767, 14887, 29297, 33717]
2018-04-15 20:10:58,053 [DEBUG|AmbulanceTeam/121970313|TestSearchForFire] best path is:[5622, 9240, 33707, 5145, 17518, 17502]
2018-04-15 20:10:58,053 [DEBUG|AmbulanceTeam/121970313|TestSearchForFire] choosed:5145
2018-04-15 20:11:03,141 [DEBUG|AmbulanceTeam/121970313|TestHumanDetector] Time:41
2018-04-15 20:11:03,141 [DEBUG|AmbulanceTeam/121970313|TestSearchForFire] Time:41
2018-04-15 20:11:03,141 [DEBUG|AmbulanceTeam/121970313|TestHumanDetector] Targets:[]
2018-04-15 20:11:03,141 [DEBUG|AmbulanceTeam/121970313|TestSearchForFire] unsearchedBuildingIDs:[11137, 33670, 28617, 23501, 33742, 10066, 12563, 33623, 19929, 22043, 17502, 19871, 33767, 14887, 29297, 33717]
2018-04-15 20:11:03,141 [DEBUG|AmbulanceTeam/121970313|TestSearchForFire] best path is:[5622, 9240, 33707, 5145, 17518, 17502]
2018-04-15 20:11:03,142 [DEBUG|AmbulanceTeam/121970313|TestSearchForFire] choosed:5145
2018-04-15 20:11:08,004 [DEBUG|AmbulanceTeam/121970313|TestHumanDetector] Time:42
2018-04-15 20:11:08,005 [DEBUG|AmbulanceTeam/121970313|TestSearchForFire] Time:42
2018-04-15 20:11:08,005 [DEBUG|AmbulanceTeam/121970313|TestHumanDetector] Targets:[]
2018-04-15 20:11:08,005 [DEBUG|AmbulanceTeam/121970313|TestSearchForFire] unsearchedBuildingIDs:[11137, 33670, 28617, 23501, 33742, 10066, 12563, 33623, 19929, 22043, 17502, 19871, 33767, 14887, 29297, 33717]
2018-04-15 20:11:08,005 [DEBUG|AmbulanceTeam/121970313|TestSearchForFire] best path is:[5622, 9240, 33707, 5145, 17518, 17502]
2018-04-15 20:11:08,005 [DEBUG|AmbulanceTeam/121970313|TestSearchForFire] choosed:5145
2018-04-15 20:11:13,089 [DEBUG|AmbulanceTeam/121970313|TestHumanDetector] Time:43
2018-04-15 20:11:13,089 [DEBUG|AmbulanceTeam/121970313|TestSearchForFire] Time:43
2018-04-15 20:11:13,089 [DEBUG|AmbulanceTeam/121970313|TestHumanDetector] Targets:[]
2018-04-15 20:11:13,089 [DEBUG|AmbulanceTeam/121970313|TestSearchForFire] unsearchedBuildingIDs:[11137, 33670, 28617, 23501, 33742, 10066, 12563, 33623, 19929, 22043, 17502, 19871, 33767, 14887, 29297, 33717]
2018-04-15 20:11:13,089 [DEBUG|AmbulanceTeam/121970313|TestSearchForFire] best path is:[5622, 9240, 33707, 5145, 17518, 17502]
2018-04-15 20:11:13,089 [DEBUG|AmbulanceTeam/121970313|TestSearchForFire] choosed:5145
2018-04-15 20:11:17,993 [DEBUG|AmbulanceTeam/121970313|TestHumanDetector] Time:44
2018-04-15 20:11:17,993 [DEBUG|AmbulanceTeam/121970313|TestSearchForFire] Time:44
2018-04-15 20:11:17,993 [DEBUG|AmbulanceTeam/121970313|TestHumanDetector] Targets:[]
2018-04-15 20:11:17,993 [DEBUG|AmbulanceTeam/121970313|TestSearchForFire] unsearchedBuildingIDs:[11137, 33670, 28617, 23501, 33742, 10066, 12563, 33623, 19929, 22043, 17502, 19871, 33767, 14887, 29297, 33717]
2018-04-15 20:11:17,993 [DEBUG|AmbulanceTeam/121970313|TestSearchForFire] best path is:[5622, 9240, 33707, 5145, 17518, 17502]
2018-04-15 20:11:17,993 [DEBUG|AmbulanceTeam/121970313|TestSearchForFire] choosed:5145
2018-04-15 20:11:23,345 [DEBUG|AmbulanceTeam/121970313|TestHumanDetector] Time:45
2018-04-15 20:11:23,345 [DEBUG|AmbulanceTeam/121970313|TestSearchForFire] Time:45
2018-04-15 20:11:23,345 [DEBUG|AmbulanceTeam/121970313|TestHumanDetector] Targets:[]
2018-04-15 20:11:23,345 [DEBUG|AmbulanceTeam/121970313|TestSearchForFire] unsearchedBuildingIDs:[11137, 33670, 28617, 23501, 33742, 10066, 12563, 33623, 19929, 22043, 17502, 19871, 33767, 14887, 29297, 33717]
2018-04-15 20:11:23,345 [DEBUG|AmbulanceTeam/121970313|TestSearchForFire] best path is:[5622, 9240, 33707, 5145, 17518, 17502]
2018-04-15 20:11:23,345 [DEBUG|AmbulanceTeam/121970313|TestSearchForFire] choosed:5145
2018-04-15 20:11:28,353 [DEBUG|AmbulanceTeam/121970313|TestHumanDetector] Time:46
2018-04-15 20:11:28,353 [DEBUG|AmbulanceTeam/121970313|TestSearchForFire] Time:46
2018-04-15 20:11:28,353 [DEBUG|AmbulanceTeam/121970313|TestHumanDetector] Targets:[]
2018-04-15 20:11:28,353 [DEBUG|AmbulanceTeam/121970313|TestSearchForFire] unsearchedBuildingIDs:[11137, 33670, 28617, 23501, 33742, 10066, 12563, 33623, 19929, 22043, 17502, 19871, 33767, 14887, 29297, 33717]
2018-04-15 20:11:28,353 [DEBUG|AmbulanceTeam/121970313|TestSearchForFire] best path is:[5622, 9240, 33707, 5145, 17518, 17502]
2018-04-15 20:11:28,353 [DEBUG|AmbulanceTeam/121970313|TestSearchForFire] choosed:5145
2018-04-15 20:11:33,156 [DEBUG|AmbulanceTeam/121970313|TestHumanDetector] Time:47
2018-04-15 20:11:33,156 [DEBUG|AmbulanceTeam/121970313|TestSearchForFire] Time:47
2018-04-15 20:11:33,157 [DEBUG|AmbulanceTeam/121970313|TestHumanDetector] Targets:[]
2018-04-15 20:11:33,157 [DEBUG|AmbulanceTeam/121970313|TestSearchForFire] unsearchedBuildingIDs:[11137, 33670, 28617, 23501, 33742, 10066, 12563, 33623, 19929, 22043, 17502, 19871, 33767, 14887, 29297, 33717]
2018-04-15 20:11:33,157 [DEBUG|AmbulanceTeam/121970313|TestSearchForFire] best path is:[5622, 9240, 33707, 5145, 17518, 17502]
2018-04-15 20:11:33,157 [DEBUG|AmbulanceTeam/121970313|TestSearchForFire] choosed:5145
2018-04-15 20:11:38,053 [DEBUG|AmbulanceTeam/121970313|TestHumanDetector] Time:48
2018-04-15 20:11:38,053 [DEBUG|AmbulanceTeam/121970313|TestSearchForFire] Time:48
2018-04-15 20:11:38,053 [DEBUG|AmbulanceTeam/121970313|TestHumanDetector] Targets:[]
2018-04-15 20:11:38,053 [DEBUG|AmbulanceTeam/121970313|TestSearchForFire] unsearchedBuildingIDs:[11137, 33670, 28617, 23501, 33742, 10066, 12563, 33623, 19929, 22043, 17502, 19871, 33767, 14887, 29297, 33717]
2018-04-15 20:11:38,053 [DEBUG|AmbulanceTeam/121970313|TestSearchForFire] best path is:[5622, 9240, 33707, 5145, 17518, 17502]
2018-04-15 20:11:38,053 [DEBUG|AmbulanceTeam/121970313|TestSearchForFire] choosed:5145
2018-04-15 20:11:42,708 [DEBUG|AmbulanceTeam/121970313|TestHumanDetector] Time:49
2018-04-15 20:11:42,708 [DEBUG|AmbulanceTeam/121970313|TestSearchForFire] Time:49
2018-04-15 20:11:42,708 [DEBUG|AmbulanceTeam/121970313|TestHumanDetector] Targets:[]
2018-04-15 20:11:42,708 [DEBUG|AmbulanceTeam/121970313|TestSearchForFire] unsearchedBuildingIDs:[11137, 33670, 28617, 23501, 33742, 10066, 12563, 33623, 19929, 22043, 17502, 19871, 33767, 14887, 29297, 33717]
2018-04-15 20:11:42,709 [DEBUG|AmbulanceTeam/121970313|TestSearchForFire] best path is:[5622, 9240, 33707, 5145, 17518, 17502]
2018-04-15 20:11:42,709 [DEBUG|AmbulanceTeam/121970313|TestSearchForFire] choosed:5145
2018-04-15 20:11:47,540 [DEBUG|AmbulanceTeam/121970313|TestHumanDetector] Time:50
2018-04-15 20:11:47,541 [DEBUG|AmbulanceTeam/121970313|TestSearchForFire] Time:50
2018-04-15 20:11:47,541 [DEBUG|AmbulanceTeam/121970313|TestHumanDetector] Targets:[]
2018-04-15 20:11:47,541 [DEBUG|AmbulanceTeam/121970313|TestSearchForFire] unsearchedBuildingIDs:[11137, 33670, 28617, 23501, 33742, 10066, 12563, 33623, 19929, 22043, 17502, 19871, 33767, 14887, 29297, 33717]
2018-04-15 20:11:47,541 [DEBUG|AmbulanceTeam/121970313|TestSearchForFire] best path is:[5622, 9240, 33707, 5145, 17518, 17502]
2018-04-15 20:11:47,541 [DEBUG|AmbulanceTeam/121970313|TestSearchForFire] choosed:5145
2018-04-15 20:11:52,176 [DEBUG|AmbulanceTeam/121970313|TestHumanDetector] Time:51
2018-04-15 20:11:52,176 [DEBUG|AmbulanceTeam/121970313|TestSearchForFire] Time:51
2018-04-15 20:11:52,177 [DEBUG|AmbulanceTeam/121970313|TestHumanDetector] Targets:[]
2018-04-15 20:11:52,177 [DEBUG|AmbulanceTeam/121970313|TestSearchForFire] unsearchedBuildingIDs:[11137, 33670, 28617, 23501, 33742, 10066, 12563, 33623, 19929, 22043, 17502, 19871, 33767, 14887, 29297, 33717]
2018-04-15 20:11:52,177 [DEBUG|AmbulanceTeam/121970313|TestSearchForFire] best path is:[5622, 9240, 33707, 5145, 17518, 17502]
2018-04-15 20:11:52,177 [DEBUG|AmbulanceTeam/121970313|TestSearchForFire] choosed:5145
2018-04-15 20:11:56,624 [DEBUG|AmbulanceTeam/121970313|TestHumanDetector] Time:52
2018-04-15 20:11:56,625 [DEBUG|AmbulanceTeam/121970313|TestSearchForFire] Time:52
2018-04-15 20:11:56,625 [DEBUG|AmbulanceTeam/121970313|TestHumanDetector] Targets:[]
2018-04-15 20:11:56,625 [DEBUG|AmbulanceTeam/121970313|TestSearchForFire] unsearchedBuildingIDs:[11137, 33670, 28617, 23501, 10066, 12563, 33623, 19929, 19871, 33767, 29297, 33717]
2018-04-15 20:11:56,625 [DEBUG|AmbulanceTeam/121970313|TestSearchForFire] best path is:[5145, 33039, 33037, 33733, 33726, 33765, 12563]
2018-04-15 20:11:56,625 [DEBUG|AmbulanceTeam/121970313|TestSearchForFire] choosed:33726
2018-04-15 20:12:01,070 [DEBUG|AmbulanceTeam/121970313|TestHumanDetector] Time:53
2018-04-15 20:12:01,071 [DEBUG|AmbulanceTeam/121970313|TestSearchForFire] Time:53
2018-04-15 20:12:01,071 [DEBUG|AmbulanceTeam/121970313|TestHumanDetector] Targets:[]
2018-04-15 20:12:01,071 [DEBUG|AmbulanceTeam/121970313|TestSearchForFire] unsearchedBuildingIDs:[11137, 33670, 28617, 23501, 10066, 33623, 33767, 29297]
2018-04-15 20:12:01,071 [DEBUG|AmbulanceTeam/121970313|TestSearchForFire] best path is:[33726, 33723, 871, 33613, 6126, 11153, 11137]
2018-04-15 20:12:01,071 [DEBUG|AmbulanceTeam/121970313|TestSearchForFire] choosed:6126
2018-04-15 20:12:05,636 [DEBUG|AmbulanceTeam/121970313|TestHumanDetector] Time:54
2018-04-15 20:12:05,636 [DEBUG|AmbulanceTeam/121970313|TestSearchForFire] Time:54
2018-04-15 20:12:05,637 [DEBUG|AmbulanceTeam/121970313|TestHumanDetector] Targets:[]
2018-04-15 20:12:05,637 [DEBUG|AmbulanceTeam/121970313|TestSearchForFire] unsearchedBuildingIDs:[11137, 33670, 28617, 23501, 33767]
2018-04-15 20:12:05,637 [DEBUG|AmbulanceTeam/121970313|TestSearchForFire] best path is:[33723, 871, 33613, 6126, 11153, 11137]
2018-04-15 20:12:05,637 [DEBUG|AmbulanceTeam/121970313|TestSearchForFire] choosed:6126
2018-04-15 20:12:10,093 [DEBUG|AmbulanceTeam/121970313|TestHumanDetector] Time:55
2018-04-15 20:12:10,093 [DEBUG|AmbulanceTeam/121970313|TestSearchForFire] Time:55
2018-04-15 20:12:10,093 [DEBUG|AmbulanceTeam/121970313|TestHumanDetector] Targets:[]
2018-04-15 20:12:10,093 [DEBUG|AmbulanceTeam/121970313|TestSearchForFire] unsearchedBuildingIDs:[33670, 28617, 23501, 33767]
2018-04-15 20:12:10,093 [DEBUG|AmbulanceTeam/121970313|TestSearchForFire] best path is:[6126, 33613, 871, 33723, 33726, 33035, 19929, 33687, 33670]
2018-04-15 20:12:10,093 [DEBUG|AmbulanceTeam/121970313|TestSearchForFire] choosed:19929
2018-04-15 20:12:14,656 [DEBUG|AmbulanceTeam/121970313|TestHumanDetector] Time:56
2018-04-15 20:12:14,656 [DEBUG|AmbulanceTeam/121970313|TestSearchForFire] Time:56
2018-04-15 20:12:14,657 [DEBUG|AmbulanceTeam/121970313|TestHumanDetector] Targets:[]
2018-04-15 20:12:14,657 [DEBUG|AmbulanceTeam/121970313|TestSearchForFire] unsearchedBuildingIDs:[33670, 28617, 23501, 33767]
2018-04-15 20:12:14,657 [DEBUG|AmbulanceTeam/121970313|TestSearchForFire] best path is:[33723, 33726, 33035, 19929, 33687, 33670]
2018-04-15 20:12:14,657 [DEBUG|AmbulanceTeam/121970313|TestSearchForFire] choosed:19929
2018-04-15 20:12:19,172 [DEBUG|AmbulanceTeam/121970313|TestHumanDetector] Time:57
2018-04-15 20:12:19,173 [DEBUG|AmbulanceTeam/121970313|TestSearchForFire] Time:57
2018-04-15 20:12:19,173 [DEBUG|AmbulanceTeam/121970313|TestHumanDetector] Targets:[]
2018-04-15 20:12:19,173 [DEBUG|AmbulanceTeam/121970313|TestSearchForFire] unsearchedBuildingIDs:[33670, 28617, 23501, 33767]
2018-04-15 20:12:19,173 [DEBUG|AmbulanceTeam/121970313|TestSearchForFire] best path is:[19929, 33687, 33670]
2018-04-15 20:12:19,173 [DEBUG|AmbulanceTeam/121970313|TestSearchForFire] choosed:19929
2018-04-15 20:12:25,207 [DEBUG|AmbulanceTeam/121970313|TestHumanDetector] Time:58
2018-04-15 20:12:25,207 [DEBUG|AmbulanceTeam/121970313|TestSearchForFire] Time:58
2018-04-15 20:12:25,207 [DEBUG|AmbulanceTeam/121970313|TestHumanDetector] Targets:[]
2018-04-15 20:12:25,207 [DEBUG|AmbulanceTeam/121970313|TestSearchForFire] unsearchedBuildingIDs:[28617, 23501, 33767]
2018-04-15 20:12:25,208 [DEBUG|AmbulanceTeam/121970313|TestSearchForFire] best path is:[19929, 33035, 33726, 33733, 33037, 33039, 5145, 33707, 9240, 5622, 1554, 4866, 23041, 23025, 34171, 28617]
2018-04-15 20:12:25,208 [DEBUG|AmbulanceTeam/121970313|TestSearchForFire] choosed:23025
2018-04-15 20:12:29,658 [DEBUG|AmbulanceTeam/121970313|TestHumanDetector] Time:59
2018-04-15 20:12:29,658 [DEBUG|AmbulanceTeam/121970313|TestSearchForFire] Time:59
2018-04-15 20:12:29,658 [DEBUG|AmbulanceTeam/121970313|TestHumanDetector] Targets:[]
2018-04-15 20:12:29,658 [DEBUG|AmbulanceTeam/121970313|TestSearchForFire] unsearchedBuildingIDs:[28617, 23501, 33767]
2018-04-15 20:12:29,659 [DEBUG|AmbulanceTeam/121970313|TestSearchForFire] best path is:[33039, 5145, 33707, 9240, 5622, 1554, 4866, 23041, 23025, 34171, 28617]
2018-04-15 20:12:29,659 [DEBUG|AmbulanceTeam/121970313|TestSearchForFire] choosed:23025
2018-04-15 20:12:34,032 [DEBUG|AmbulanceTeam/121970313|TestHumanDetector] Time:60
2018-04-15 20:12:34,032 [DEBUG|AmbulanceTeam/121970313|TestSearchForFire] Time:60
2018-04-15 20:12:34,032 [DEBUG|AmbulanceTeam/121970313|TestHumanDetector] Targets:[]
2018-04-15 20:12:34,033 [DEBUG|AmbulanceTeam/121970313|TestSearchForFire] unsearchedBuildingIDs:[28617, 23501, 33767]
2018-04-15 20:12:34,033 [DEBUG|AmbulanceTeam/121970313|TestSearchForFire] best path is:[4866, 23041, 23025, 34171, 28617]
2018-04-15 20:12:34,033 [DEBUG|AmbulanceTeam/121970313|TestSearchForFire] choosed:23025
2018-04-15 20:12:38,260 [DEBUG|AmbulanceTeam/121970313|TestHumanDetector] Time:61
2018-04-15 20:12:38,260 [DEBUG|AmbulanceTeam/121970313|TestSearchForFire] Time:61
2018-04-15 20:12:38,260 [DEBUG|AmbulanceTeam/121970313|TestHumanDetector] Targets:[]
2018-04-15 20:12:38,260 [DEBUG|AmbulanceTeam/121970313|TestSearchForFire] unsearchedBuildingIDs:[23501, 33767]
2018-04-15 20:12:38,261 [DEBUG|AmbulanceTeam/121970313|TestSearchForFire] best path is:[23025, 23041, 4866, 1554, 5622, 9240, 33707, 5145, 33039, 33037, 33733, 33726, 33723, 33783, 33767]
2018-04-15 20:12:38,261 [DEBUG|AmbulanceTeam/121970313|TestSearchForFire] choosed:33723
2018-04-15 20:12:42,104 [DEBUG|AmbulanceTeam/121970313|TestHumanDetector] Time:62
2018-04-15 20:12:42,104 [DEBUG|AmbulanceTeam/121970313|TestSearchForFire] Time:62
2018-04-15 20:12:42,104 [DEBUG|AmbulanceTeam/121970313|TestHumanDetector] Targets:[Civilian (407778095)]
2018-04-15 20:12:42,105 [DEBUG|AmbulanceTeam/121970313|TestHumanDetector] Selected:Civilian (407778095)
2018-04-15 20:12:46,124 [DEBUG|AmbulanceTeam/121970313|TestHumanDetector] Time:63
2018-04-15 20:12:46,124 [DEBUG|AmbulanceTeam/121970313|TestSearchForFire] Time:63
2018-04-15 20:12:50,140 [DEBUG|AmbulanceTeam/121970313|TestHumanDetector] Time:64
2018-04-15 20:12:50,140 [DEBUG|AmbulanceTeam/121970313|TestSearchForFire] Time:64
2018-04-15 20:12:54,232 [DEBUG|AmbulanceTeam/121970313|TestHumanDetector] Time:65
2018-04-15 20:12:54,232 [DEBUG|AmbulanceTeam/121970313|TestSearchForFire] Time:65
2018-04-15 20:12:58,472 [DEBUG|AmbulanceTeam/121970313|TestHumanDetector] Time:66
2018-04-15 20:12:58,472 [DEBUG|AmbulanceTeam/121970313|TestSearchForFire] Time:66
2018-04-15 20:13:02,604 [DEBUG|AmbulanceTeam/121970313|TestHumanDetector] Time:67
2018-04-15 20:13:02,604 [DEBUG|AmbulanceTeam/121970313|TestSearchForFire] Time:67
2018-04-15 20:13:06,753 [DEBUG|AmbulanceTeam/121970313|TestHumanDetector] Time:68
2018-04-15 20:13:06,753 [DEBUG|AmbulanceTeam/121970313|TestSearchForFire] Time:68
2018-04-15 20:13:10,644 [DEBUG|AmbulanceTeam/121970313|TestHumanDetector] Time:69
2018-04-15 20:13:10,644 [DEBUG|AmbulanceTeam/121970313|TestSearchForFire] Time:69
2018-04-15 20:13:14,564 [DEBUG|AmbulanceTeam/121970313|TestHumanDetector] Time:70
2018-04-15 20:13:14,564 [DEBUG|AmbulanceTeam/121970313|TestSearchForFire] Time:70
2018-04-15 20:13:18,328 [DEBUG|AmbulanceTeam/121970313|TestHumanDetector] Time:71
2018-04-15 20:13:18,328 [DEBUG|AmbulanceTeam/121970313|TestSearchForFire] Time:71
2018-04-15 20:13:22,255 [DEBUG|AmbulanceTeam/121970313|TestHumanDetector] Time:72
2018-04-15 20:13:22,255 [DEBUG|AmbulanceTeam/121970313|TestSearchForFire] Time:72
2018-04-15 20:13:25,982 [DEBUG|AmbulanceTeam/121970313|TestHumanDetector] Time:73
2018-04-15 20:13:25,982 [DEBUG|AmbulanceTeam/121970313|TestSearchForFire] Time:73
2018-04-15 20:13:29,701 [DEBUG|AmbulanceTeam/121970313|TestHumanDetector] Time:74
2018-04-15 20:13:29,701 [DEBUG|AmbulanceTeam/121970313|TestSearchForFire] Time:74
2018-04-15 20:13:33,496 [DEBUG|AmbulanceTeam/121970313|TestHumanDetector] Time:75
2018-04-15 20:13:33,496 [DEBUG|AmbulanceTeam/121970313|TestSearchForFire] Time:75
2018-04-15 20:13:37,445 [DEBUG|AmbulanceTeam/121970313|TestHumanDetector] Time:76
2018-04-15 20:13:37,446 [DEBUG|AmbulanceTeam/121970313|TestSearchForFire] Time:76
2018-04-15 20:13:41,172 [DEBUG|AmbulanceTeam/121970313|TestHumanDetector] Time:77
2018-04-15 20:13:41,172 [DEBUG|AmbulanceTeam/121970313|TestSearchForFire] Time:77
2018-04-15 20:13:44,656 [DEBUG|AmbulanceTeam/121970313|TestHumanDetector] Time:78
2018-04-15 20:13:44,656 [DEBUG|AmbulanceTeam/121970313|TestSearchForFire] Time:78
2018-04-15 20:13:48,336 [DEBUG|AmbulanceTeam/121970313|TestHumanDetector] Time:79
2018-04-15 20:13:48,336 [DEBUG|AmbulanceTeam/121970313|TestSearchForFire] Time:79
2018-04-15 20:13:52,080 [DEBUG|AmbulanceTeam/121970313|TestHumanDetector] Time:80
2018-04-15 20:13:52,080 [DEBUG|AmbulanceTeam/121970313|TestSearchForFire] Time:80
2018-04-15 20:13:55,552 [DEBUG|AmbulanceTeam/121970313|TestHumanDetector] Time:81
2018-04-15 20:13:55,552 [DEBUG|AmbulanceTeam/121970313|TestSearchForFire] Time:81
2018-04-15 20:13:59,164 [DEBUG|AmbulanceTeam/121970313|TestHumanDetector] Time:82
2018-04-15 20:13:59,164 [DEBUG|AmbulanceTeam/121970313|TestSearchForFire] Time:82
2018-04-15 20:14:02,876 [DEBUG|AmbulanceTeam/121970313|TestHumanDetector] Time:83
2018-04-15 20:14:02,876 [DEBUG|AmbulanceTeam/121970313|TestSearchForFire] Time:83
2018-04-15 20:14:06,545 [DEBUG|AmbulanceTeam/121970313|TestHumanDetector] Time:84
2018-04-15 20:14:06,546 [DEBUG|AmbulanceTeam/121970313|TestSearchForFire] Time:84
2018-04-15 20:14:10,324 [DEBUG|AmbulanceTeam/121970313|TestHumanDetector] Time:85
2018-04-15 20:14:10,324 [DEBUG|AmbulanceTeam/121970313|TestSearchForFire] Time:85
2018-04-15 20:14:13,868 [DEBUG|AmbulanceTeam/121970313|TestHumanDetector] Time:86
2018-04-15 20:14:13,868 [DEBUG|AmbulanceTeam/121970313|TestSearchForFire] Time:86
2018-04-15 20:14:17,296 [DEBUG|AmbulanceTeam/121970313|TestHumanDetector] Time:87
2018-04-15 20:14:17,296 [DEBUG|AmbulanceTeam/121970313|TestSearchForFire] Time:87
2018-04-15 20:14:20,664 [DEBUG|AmbulanceTeam/121970313|TestHumanDetector] Time:88
2018-04-15 20:14:20,664 [DEBUG|AmbulanceTeam/121970313|TestSearchForFire] Time:88
2018-04-15 20:14:24,284 [DEBUG|AmbulanceTeam/121970313|TestHumanDetector] Time:89
2018-04-15 20:14:24,284 [DEBUG|AmbulanceTeam/121970313|TestSearchForFire] Time:89
2018-04-15 20:14:27,928 [DEBUG|AmbulanceTeam/121970313|TestHumanDetector] Time:90
2018-04-15 20:14:27,928 [DEBUG|AmbulanceTeam/121970313|TestSearchForFire] Time:90
2018-04-15 20:14:31,500 [DEBUG|AmbulanceTeam/121970313|TestHumanDetector] Time:91
2018-04-15 20:14:31,500 [DEBUG|AmbulanceTeam/121970313|TestSearchForFire] Time:91
2018-04-15 20:14:35,144 [DEBUG|AmbulanceTeam/121970313|TestHumanDetector] Time:92
2018-04-15 20:14:35,144 [DEBUG|AmbulanceTeam/121970313|TestSearchForFire] Time:92
2018-04-15 20:14:38,880 [DEBUG|AmbulanceTeam/121970313|TestHumanDetector] Time:93
2018-04-15 20:14:38,880 [DEBUG|AmbulanceTeam/121970313|TestSearchForFire] Time:93
2018-04-15 20:14:42,332 [DEBUG|AmbulanceTeam/121970313|TestHumanDetector] Time:94
2018-04-15 20:14:42,332 [DEBUG|AmbulanceTeam/121970313|TestSearchForFire] Time:94
2018-04-15 20:14:42,332 [DEBUG|AmbulanceTeam/121970313|TestHumanDetector] someoneOnBoard:Civilian (407778095)
2018-04-15 20:14:45,892 [DEBUG|AmbulanceTeam/121970313|TestHumanDetector] Time:95
2018-04-15 20:14:45,892 [DEBUG|AmbulanceTeam/121970313|TestSearchForFire] Time:95
2018-04-15 20:14:45,892 [DEBUG|AmbulanceTeam/121970313|TestHumanDetector] someoneOnBoard:Civilian (407778095)
2018-04-15 20:14:49,616 [DEBUG|AmbulanceTeam/121970313|TestHumanDetector] Time:96
2018-04-15 20:14:49,617 [DEBUG|AmbulanceTeam/121970313|TestSearchForFire] Time:96
2018-04-15 20:14:49,617 [DEBUG|AmbulanceTeam/121970313|TestHumanDetector] someoneOnBoard:Civilian (407778095)
2018-04-15 20:14:53,193 [DEBUG|AmbulanceTeam/121970313|TestHumanDetector] Time:97
2018-04-15 20:14:53,193 [DEBUG|AmbulanceTeam/121970313|TestSearchForFire] Time:97
2018-04-15 20:14:53,193 [DEBUG|AmbulanceTeam/121970313|TestHumanDetector] someoneOnBoard:Civilian (407778095)
2018-04-15 20:14:56,889 [DEBUG|AmbulanceTeam/121970313|TestHumanDetector] Time:98
2018-04-15 20:14:56,889 [DEBUG|AmbulanceTeam/121970313|TestSearchForFire] Time:98
2018-04-15 20:14:56,889 [DEBUG|AmbulanceTeam/121970313|TestHumanDetector] someoneOnBoard:Civilian (407778095)
2018-04-15 20:15:00,297 [DEBUG|AmbulanceTeam/121970313|TestHumanDetector] Time:99
2018-04-15 20:15:00,297 [DEBUG|AmbulanceTeam/121970313|TestSearchForFire] Time:99
2018-04-15 20:15:00,297 [DEBUG|AmbulanceTeam/121970313|TestHumanDetector] someoneOnBoard:Civilian (407778095)
2018-04-15 20:15:03,796 [DEBUG|AmbulanceTeam/121970313|TestHumanDetector] Time:100
2018-04-15 20:15:03,796 [DEBUG|AmbulanceTeam/121970313|TestSearchForFire] Time:100
2018-04-15 20:15:03,797 [DEBUG|AmbulanceTeam/121970313|TestHumanDetector] Invalid Human:Civilian (407778095) ==>reset target
2018-04-15 20:15:03,797 [DEBUG|AmbulanceTeam/121970313|TestHumanDetector] Targets:[]
2018-04-15 20:15:03,797 [DEBUG|AmbulanceTeam/121970313|TestSearchForFire] unsearchedBuildingIDs:[33767]
2018-04-15 20:15:03,797 [DEBUG|AmbulanceTeam/121970313|TestSearchForFire] best path is:[19490, 19506, 33002, 33003, 3264, 6126, 33613, 871, 33723, 33783, 33767]
2018-04-15 20:15:03,797 [DEBUG|AmbulanceTeam/121970313|TestSearchForFire] choosed:33723
2018-04-15 20:15:07,361 [DEBUG|AmbulanceTeam/121970313|TestHumanDetector] Time:101
2018-04-15 20:15:07,361 [DEBUG|AmbulanceTeam/121970313|TestSearchForFire] Time:101
2018-04-15 20:15:07,361 [DEBUG|AmbulanceTeam/121970313|TestHumanDetector] Targets:[]
2018-04-15 20:15:07,361 [DEBUG|AmbulanceTeam/121970313|TestSearchForFire] unsearchedBuildingIDs:[33767]
2018-04-15 20:15:07,361 [DEBUG|AmbulanceTeam/121970313|TestSearchForFire] best path is:[33003, 3264, 6126, 33613, 871, 33723, 33783, 33767]
2018-04-15 20:15:07,361 [DEBUG|AmbulanceTeam/121970313|TestSearchForFire] choosed:33723
2018-04-15 20:15:10,704 [DEBUG|AmbulanceTeam/121970313|TestHumanDetector] Time:102
2018-04-15 20:15:10,705 [DEBUG|AmbulanceTeam/121970313|TestSearchForFire] Time:102
2018-04-15 20:15:10,705 [DEBUG|AmbulanceTeam/121970313|TestHumanDetector] Targets:[]
2018-04-15 20:15:10,705 [DEBUG|AmbulanceTeam/121970313|TestSearchForFire] unsearchedBuildingIDs:[33767]
2018-04-15 20:15:10,705 [DEBUG|AmbulanceTeam/121970313|TestSearchForFire] best path is:[33723, 33783, 33767]
2018-04-15 20:15:10,705 [DEBUG|AmbulanceTeam/121970313|TestSearchForFire] choosed:33723
2018-04-15 20:15:14,297 [DEBUG|AmbulanceTeam/121970313|TestHumanDetector] Time:103
2018-04-15 20:15:14,298 [DEBUG|AmbulanceTeam/121970313|TestSearchForFire] Time:103
2018-04-15 20:15:14,298 [DEBUG|AmbulanceTeam/121970313|TestHumanDetector] Targets:[]
2018-04-15 20:15:14,299 [DEBUG|AmbulanceTeam/121970313|TestSearchForFire] unsearchedBuildingIDs:[33767]
2018-04-15 20:15:14,299 [DEBUG|AmbulanceTeam/121970313|TestSearchForFire] best path is:[33723, 33783, 33767]
2018-04-15 20:15:14,299 [DEBUG|AmbulanceTeam/121970313|TestSearchForFire] choosed:33723
2018-04-15 20:15:17,884 [DEBUG|AmbulanceTeam/121970313|TestHumanDetector] Time:104
2018-04-15 20:15:17,884 [DEBUG|AmbulanceTeam/121970313|TestSearchForFire] Time:104
2018-04-15 20:15:17,884 [DEBUG|AmbulanceTeam/121970313|TestHumanDetector] Targets:[]
2018-04-15 20:15:17,884 [DEBUG|AmbulanceTeam/121970313|TestSearchForFire] unsearchedBuildingIDs:[33767]
2018-04-15 20:15:17,884 [DEBUG|AmbulanceTeam/121970313|TestSearchForFire] best path is:[33723, 33783, 33767]
2018-04-15 20:15:17,884 [DEBUG|AmbulanceTeam/121970313|TestSearchForFire] choosed:33723
2018-04-15 20:15:21,112 [DEBUG|AmbulanceTeam/121970313|TestHumanDetector] Time:105
2018-04-15 20:15:21,112 [DEBUG|AmbulanceTeam/121970313|TestSearchForFire] Time:105
2018-04-15 20:15:21,112 [DEBUG|AmbulanceTeam/121970313|TestHumanDetector] Targets:[]
2018-04-15 20:15:21,112 [DEBUG|AmbulanceTeam/121970313|TestSearchForFire] unsearchedBuildingIDs:[33767]
2018-04-15 20:15:21,112 [DEBUG|AmbulanceTeam/121970313|TestSearchForFire] best path is:[33723, 33783, 33767]
2018-04-15 20:15:21,112 [DEBUG|AmbulanceTeam/121970313|TestSearchForFire] choosed:33723
2018-04-15 20:15:24,472 [DEBUG|AmbulanceTeam/121970313|TestHumanDetector] Time:106
2018-04-15 20:15:24,472 [DEBUG|AmbulanceTeam/121970313|TestSearchForFire] Time:106
2018-04-15 20:15:24,472 [DEBUG|AmbulanceTeam/121970313|TestHumanDetector] Targets:[]
2018-04-15 20:15:24,472 [DEBUG|AmbulanceTeam/121970313|TestSearchForFire] unsearchedBuildingIDs:[33767]
2018-04-15 20:15:24,472 [DEBUG|AmbulanceTeam/121970313|TestSearchForFire] best path is:[33723, 33783, 33767]
2018-04-15 20:15:24,472 [DEBUG|AmbulanceTeam/121970313|TestSearchForFire] choosed:33723
2018-04-15 20:15:27,804 [DEBUG|AmbulanceTeam/121970313|TestHumanDetector] Time:107
2018-04-15 20:15:27,804 [DEBUG|AmbulanceTeam/121970313|TestSearchForFire] Time:107
2018-04-15 20:15:27,804 [DEBUG|AmbulanceTeam/121970313|TestHumanDetector] Targets:[]
2018-04-15 20:15:27,804 [DEBUG|AmbulanceTeam/121970313|TestSearchForFire] unsearchedBuildingIDs:[33767]
2018-04-15 20:15:27,804 [DEBUG|AmbulanceTeam/121970313|TestSearchForFire] best path is:[33723, 33783, 33767]
2018-04-15 20:15:27,804 [DEBUG|AmbulanceTeam/121970313|TestSearchForFire] choosed:33723
2018-04-15 20:15:31,264 [DEBUG|AmbulanceTeam/121970313|TestHumanDetector] Time:108
2018-04-15 20:15:31,264 [DEBUG|AmbulanceTeam/121970313|TestSearchForFire] Time:108
2018-04-15 20:15:31,264 [DEBUG|AmbulanceTeam/121970313|TestHumanDetector] Targets:[]
2018-04-15 20:15:31,264 [DEBUG|AmbulanceTeam/121970313|TestSearchForFire] unsearchedBuildingIDs:[33767]
2018-04-15 20:15:31,264 [DEBUG|AmbulanceTeam/121970313|TestSearchForFire] best path is:[33723, 33783, 33767]
2018-04-15 20:15:31,264 [DEBUG|AmbulanceTeam/121970313|TestSearchForFire] choosed:33723
2018-04-15 20:15:34,708 [DEBUG|AmbulanceTeam/121970313|TestHumanDetector] Time:109
2018-04-15 20:15:34,708 [DEBUG|AmbulanceTeam/121970313|TestSearchForFire] Time:109
2018-04-15 20:15:34,709 [DEBUG|AmbulanceTeam/121970313|TestHumanDetector] Targets:[]
2018-04-15 20:15:34,709 [DEBUG|AmbulanceTeam/121970313|TestSearchForFire] unsearchedBuildingIDs:[33767]
2018-04-15 20:15:34,709 [DEBUG|AmbulanceTeam/121970313|TestSearchForFire] best path is:[33723, 33783, 33767]
2018-04-15 20:15:34,709 [DEBUG|AmbulanceTeam/121970313|TestSearchForFire] choosed:33723
2018-04-15 20:15:38,295 [DEBUG|AmbulanceTeam/121970313|TestHumanDetector] Time:110
2018-04-15 20:15:38,295 [DEBUG|AmbulanceTeam/121970313|TestSearchForFire] Time:110
2018-04-15 20:15:38,295 [DEBUG|AmbulanceTeam/121970313|TestHumanDetector] Targets:[]
2018-04-15 20:15:38,295 [DEBUG|AmbulanceTeam/121970313|TestSearchForFire] unsearchedBuildingIDs:[33767]
2018-04-15 20:15:38,296 [DEBUG|AmbulanceTeam/121970313|TestSearchForFire] best path is:[33723, 33783, 33767]
2018-04-15 20:15:38,296 [DEBUG|AmbulanceTeam/121970313|TestSearchForFire] choosed:33723
2018-04-15 20:15:41,760 [DEBUG|AmbulanceTeam/121970313|TestHumanDetector] Time:111
2018-04-15 20:15:41,760 [DEBUG|AmbulanceTeam/121970313|TestSearchForFire] Time:111
2018-04-15 20:15:41,761 [DEBUG|AmbulanceTeam/121970313|TestHumanDetector] Targets:[]
2018-04-15 20:15:41,761 [DEBUG|AmbulanceTeam/121970313|TestSearchForFire] unsearchedBuildingIDs:[33767]
2018-04-15 20:15:41,761 [DEBUG|AmbulanceTeam/121970313|TestSearchForFire] best path is:[33723, 33783, 33767]
2018-04-15 20:15:41,761 [DEBUG|AmbulanceTeam/121970313|TestSearchForFire] choosed:33723
2018-04-15 20:15:45,020 [DEBUG|AmbulanceTeam/121970313|TestHumanDetector] Time:112
2018-04-15 20:15:45,020 [DEBUG|AmbulanceTeam/121970313|TestSearchForFire] Time:112
2018-04-15 20:15:45,021 [DEBUG|AmbulanceTeam/121970313|TestHumanDetector] Targets:[]
2018-04-15 20:15:45,021 [DEBUG|AmbulanceTeam/121970313|TestSearchForFire] unsearchedBuildingIDs:[33767]
2018-04-15 20:15:45,021 [DEBUG|AmbulanceTeam/121970313|TestSearchForFire] best path is:[33723, 33783, 33767]
2018-04-15 20:15:45,021 [DEBUG|AmbulanceTeam/121970313|TestSearchForFire] choosed:33723
2018-04-15 20:15:48,300 [DEBUG|AmbulanceTeam/121970313|TestHumanDetector] Time:113
2018-04-15 20:15:48,300 [DEBUG|AmbulanceTeam/121970313|TestSearchForFire] Time:113
2018-04-15 20:15:48,300 [DEBUG|AmbulanceTeam/121970313|TestHumanDetector] Targets:[]
2018-04-15 20:15:48,301 [DEBUG|AmbulanceTeam/121970313|TestSearchForFire] unsearchedBuildingIDs:[33767]
2018-04-15 20:15:48,301 [DEBUG|AmbulanceTeam/121970313|TestSearchForFire] best path is:[33723, 33783, 33767]
2018-04-15 20:15:48,301 [DEBUG|AmbulanceTeam/121970313|TestSearchForFire] choosed:33723
2018-04-15 20:15:51,916 [DEBUG|AmbulanceTeam/121970313|TestHumanDetector] Time:114
2018-04-15 20:15:51,916 [DEBUG|AmbulanceTeam/121970313|TestSearchForFire] Time:114
2018-04-15 20:15:51,917 [DEBUG|AmbulanceTeam/121970313|TestHumanDetector] Targets:[]
2018-04-15 20:15:51,917 [DEBUG|AmbulanceTeam/121970313|TestSearchForFire] unsearchedBuildingIDs:[33767]
2018-04-15 20:15:51,917 [DEBUG|AmbulanceTeam/121970313|TestSearchForFire] best path is:[33723, 33783, 33767]
2018-04-15 20:15:51,917 [DEBUG|AmbulanceTeam/121970313|TestSearchForFire] choosed:33723
2018-04-15 20:15:55,300 [DEBUG|AmbulanceTeam/121970313|TestHumanDetector] Time:115
2018-04-15 20:15:55,300 [DEBUG|AmbulanceTeam/121970313|TestSearchForFire] Time:115
2018-04-15 20:15:55,301 [DEBUG|AmbulanceTeam/121970313|TestHumanDetector] Targets:[]
2018-04-15 20:15:55,301 [DEBUG|AmbulanceTeam/121970313|TestSearchForFire] unsearchedBuildingIDs:[33767]
2018-04-15 20:15:55,301 [DEBUG|AmbulanceTeam/121970313|TestSearchForFire] best path is:[33723, 33783, 33767]
2018-04-15 20:15:55,301 [DEBUG|AmbulanceTeam/121970313|TestSearchForFire] choosed:33723
2018-04-15 20:15:58,660 [DEBUG|AmbulanceTeam/121970313|TestHumanDetector] Time:116
2018-04-15 20:15:58,660 [DEBUG|AmbulanceTeam/121970313|TestSearchForFire] Time:116
2018-04-15 20:15:58,661 [DEBUG|AmbulanceTeam/121970313|TestHumanDetector] Targets:[]
2018-04-15 20:15:58,661 [DEBUG|AmbulanceTeam/121970313|TestSearchForFire] unsearchedBuildingIDs:[33767]
2018-04-15 20:15:58,661 [DEBUG|AmbulanceTeam/121970313|TestSearchForFire] best path is:[33723, 33783, 33767]
2018-04-15 20:15:58,661 [DEBUG|AmbulanceTeam/121970313|TestSearchForFire] choosed:33723
2018-04-15 20:16:01,924 [DEBUG|AmbulanceTeam/121970313|TestHumanDetector] Time:117
2018-04-15 20:16:01,925 [DEBUG|AmbulanceTeam/121970313|TestSearchForFire] Time:117
2018-04-15 20:16:01,925 [DEBUG|AmbulanceTeam/121970313|TestHumanDetector] Targets:[]
2018-04-15 20:16:01,925 [DEBUG|AmbulanceTeam/121970313|TestSearchForFire] unsearchedBuildingIDs:[33767]
2018-04-15 20:16:01,925 [DEBUG|AmbulanceTeam/121970313|TestSearchForFire] best path is:[33723, 33783, 33767]
2018-04-15 20:16:01,925 [DEBUG|AmbulanceTeam/121970313|TestSearchForFire] choosed:33723
2018-04-15 20:16:05,248 [DEBUG|AmbulanceTeam/121970313|TestHumanDetector] Time:118
2018-04-15 20:16:05,248 [DEBUG|AmbulanceTeam/121970313|TestSearchForFire] Time:118
2018-04-15 20:16:05,248 [DEBUG|AmbulanceTeam/121970313|TestHumanDetector] Targets:[]
2018-04-15 20:16:05,249 [DEBUG|AmbulanceTeam/121970313|TestSearchForFire] unsearchedBuildingIDs:[33767]
2018-04-15 20:16:05,249 [DEBUG|AmbulanceTeam/121970313|TestSearchForFire] best path is:[33723, 33783, 33767]
2018-04-15 20:16:05,249 [DEBUG|AmbulanceTeam/121970313|TestSearchForFire] choosed:33723
2018-04-15 20:16:08,572 [DEBUG|AmbulanceTeam/121970313|TestHumanDetector] Time:119
2018-04-15 20:16:08,572 [DEBUG|AmbulanceTeam/121970313|TestSearchForFire] Time:119
2018-04-15 20:16:08,573 [DEBUG|AmbulanceTeam/121970313|TestHumanDetector] Targets:[]
2018-04-15 20:16:08,573 [DEBUG|AmbulanceTeam/121970313|TestSearchForFire] unsearchedBuildingIDs:[33767]
2018-04-15 20:16:08,573 [DEBUG|AmbulanceTeam/121970313|TestSearchForFire] best path is:[33723, 33783, 33767]
2018-04-15 20:16:08,573 [DEBUG|AmbulanceTeam/121970313|TestSearchForFire] choosed:33723
2018-04-15 20:16:12,164 [DEBUG|AmbulanceTeam/121970313|TestHumanDetector] Time:120
2018-04-15 20:16:12,164 [DEBUG|AmbulanceTeam/121970313|TestSearchForFire] Time:120
2018-04-15 20:16:12,165 [DEBUG|AmbulanceTeam/121970313|TestHumanDetector] Targets:[]
2018-04-15 20:16:12,165 [DEBUG|AmbulanceTeam/121970313|TestSearchForFire] unsearchedBuildingIDs:[33767]
2018-04-15 20:16:12,165 [DEBUG|AmbulanceTeam/121970313|TestSearchForFire] best path is:[33723, 33783, 33767]
2018-04-15 20:16:12,165 [DEBUG|AmbulanceTeam/121970313|TestSearchForFire] choosed:33723
2018-04-15 20:16:15,756 [DEBUG|AmbulanceTeam/121970313|TestHumanDetector] Time:121
2018-04-15 20:16:15,756 [DEBUG|AmbulanceTeam/121970313|TestSearchForFire] Time:121
2018-04-15 20:16:15,756 [DEBUG|AmbulanceTeam/121970313|TestHumanDetector] Targets:[]
2018-04-15 20:16:15,757 [DEBUG|AmbulanceTeam/121970313|TestSearchForFire] unsearchedBuildingIDs:[33767]
2018-04-15 20:16:15,757 [DEBUG|AmbulanceTeam/121970313|TestSearchForFire] best path is:[33723, 33783, 33767]
2018-04-15 20:16:15,757 [DEBUG|AmbulanceTeam/121970313|TestSearchForFire] choosed:33723
2018-04-15 20:16:18,944 [DEBUG|AmbulanceTeam/121970313|TestHumanDetector] Time:122
2018-04-15 20:16:18,944 [DEBUG|AmbulanceTeam/121970313|TestSearchForFire] Time:122
2018-04-15 20:16:18,944 [DEBUG|AmbulanceTeam/121970313|TestHumanDetector] Targets:[]
2018-04-15 20:16:18,944 [DEBUG|AmbulanceTeam/121970313|TestSearchForFire] unsearchedBuildingIDs:[33767]
2018-04-15 20:16:18,945 [DEBUG|AmbulanceTeam/121970313|TestSearchForFire] best path is:[33723, 33783, 33767]
2018-04-15 20:16:18,945 [DEBUG|AmbulanceTeam/121970313|TestSearchForFire] choosed:33723
2018-04-15 20:16:22,124 [DEBUG|AmbulanceTeam/121970313|TestHumanDetector] Time:123
2018-04-15 20:16:22,124 [DEBUG|AmbulanceTeam/121970313|TestSearchForFire] Time:123
2018-04-15 20:16:22,125 [DEBUG|AmbulanceTeam/121970313|TestHumanDetector] Targets:[]
2018-04-15 20:16:22,125 [DEBUG|AmbulanceTeam/121970313|TestSearchForFire] unsearchedBuildingIDs:[33767]
2018-04-15 20:16:22,125 [DEBUG|AmbulanceTeam/121970313|TestSearchForFire] best path is:[33723, 33783, 33767]
2018-04-15 20:16:22,125 [DEBUG|AmbulanceTeam/121970313|TestSearchForFire] choosed:33723
2018-04-15 20:16:25,579 [DEBUG|AmbulanceTeam/121970313|TestHumanDetector] Time:124
2018-04-15 20:16:25,579 [DEBUG|AmbulanceTeam/121970313|TestSearchForFire] Time:124
2018-04-15 20:16:25,579 [DEBUG|AmbulanceTeam/121970313|TestHumanDetector] Targets:[]
2018-04-15 20:16:25,579 [DEBUG|AmbulanceTeam/121970313|TestSearchForFire] unsearchedBuildingIDs:[33767]
2018-04-15 20:16:25,579 [DEBUG|AmbulanceTeam/121970313|TestSearchForFire] best path is:[33723, 33783, 33767]
2018-04-15 20:16:25,579 [DEBUG|AmbulanceTeam/121970313|TestSearchForFire] choosed:33723
2018-04-15 20:16:29,009 [DEBUG|AmbulanceTeam/121970313|TestHumanDetector] Time:125
2018-04-15 20:16:29,009 [DEBUG|AmbulanceTeam/121970313|TestSearchForFire] Time:125
2018-04-15 20:16:29,009 [DEBUG|AmbulanceTeam/121970313|TestHumanDetector] Targets:[]
2018-04-15 20:16:29,009 [DEBUG|AmbulanceTeam/121970313|TestSearchForFire] unsearchedBuildingIDs:[33767]
2018-04-15 20:16:29,009 [DEBUG|AmbulanceTeam/121970313|TestSearchForFire] best path is:[33723, 33783, 33767]
2018-04-15 20:16:29,009 [DEBUG|AmbulanceTeam/121970313|TestSearchForFire] choosed:33723
2018-04-15 20:16:32,424 [DEBUG|AmbulanceTeam/121970313|TestHumanDetector] Time:126
2018-04-15 20:16:32,425 [DEBUG|AmbulanceTeam/121970313|TestSearchForFire] Time:126
2018-04-15 20:16:32,425 [DEBUG|AmbulanceTeam/121970313|TestHumanDetector] Targets:[]
2018-04-15 20:16:32,425 [DEBUG|AmbulanceTeam/121970313|TestSearchForFire] unsearchedBuildingIDs:[33767]
2018-04-15 20:16:32,425 [DEBUG|AmbulanceTeam/121970313|TestSearchForFire] best path is:[33723, 33783, 33767]
2018-04-15 20:16:32,425 [DEBUG|AmbulanceTeam/121970313|TestSearchForFire] choosed:33723
2018-04-15 20:16:35,732 [DEBUG|AmbulanceTeam/121970313|TestHumanDetector] Time:127
2018-04-15 20:16:35,732 [DEBUG|AmbulanceTeam/121970313|TestSearchForFire] Time:127
2018-04-15 20:16:35,732 [DEBUG|AmbulanceTeam/121970313|TestHumanDetector] Targets:[]
2018-04-15 20:16:35,732 [DEBUG|AmbulanceTeam/121970313|TestSearchForFire] unsearchedBuildingIDs:[33767]
2018-04-15 20:16:35,733 [DEBUG|AmbulanceTeam/121970313|TestSearchForFire] best path is:[33723, 33783, 33767]
2018-04-15 20:16:35,733 [DEBUG|AmbulanceTeam/121970313|TestSearchForFire] choosed:33723
2018-04-15 20:16:39,264 [DEBUG|AmbulanceTeam/121970313|TestHumanDetector] Time:128
2018-04-15 20:16:39,264 [DEBUG|AmbulanceTeam/121970313|TestSearchForFire] Time:128
2018-04-15 20:16:39,265 [DEBUG|AmbulanceTeam/121970313|TestHumanDetector] Targets:[]
2018-04-15 20:16:39,265 [DEBUG|AmbulanceTeam/121970313|TestSearchForFire] unsearchedBuildingIDs:[33767]
2018-04-15 20:16:39,265 [DEBUG|AmbulanceTeam/121970313|TestSearchForFire] best path is:[33723, 33783, 33767]
2018-04-15 20:16:39,265 [DEBUG|AmbulanceTeam/121970313|TestSearchForFire] choosed:33723
2018-04-15 20:16:42,512 [DEBUG|AmbulanceTeam/121970313|TestHumanDetector] Time:129
2018-04-15 20:16:42,512 [DEBUG|AmbulanceTeam/121970313|TestSearchForFire] Time:129
2018-04-15 20:16:42,512 [DEBUG|AmbulanceTeam/121970313|TestHumanDetector] Targets:[]
2018-04-15 20:16:42,512 [DEBUG|AmbulanceTeam/121970313|TestSearchForFire] unsearchedBuildingIDs:[33767]
2018-04-15 20:16:42,513 [DEBUG|AmbulanceTeam/121970313|TestSearchForFire] best path is:[33723, 33783, 33767]
2018-04-15 20:16:42,513 [DEBUG|AmbulanceTeam/121970313|TestSearchForFire] choosed:33723
2018-04-15 20:16:45,702 [DEBUG|AmbulanceTeam/121970313|TestHumanDetector] Time:130
2018-04-15 20:16:45,702 [DEBUG|AmbulanceTeam/121970313|TestSearchForFire] Time:130
2018-04-15 20:16:45,702 [DEBUG|AmbulanceTeam/121970313|TestHumanDetector] Targets:[]
2018-04-15 20:16:45,702 [DEBUG|AmbulanceTeam/121970313|TestSearchForFire] unsearchedBuildingIDs:[33767]
2018-04-15 20:16:45,702 [DEBUG|AmbulanceTeam/121970313|TestSearchForFire] best path is:[33723, 33783, 33767]
2018-04-15 20:16:45,702 [DEBUG|AmbulanceTeam/121970313|TestSearchForFire] choosed:33723
2018-04-15 20:16:48,988 [DEBUG|AmbulanceTeam/121970313|TestHumanDetector] Time:131
2018-04-15 20:16:48,988 [DEBUG|AmbulanceTeam/121970313|TestSearchForFire] Time:131
2018-04-15 20:16:48,989 [DEBUG|AmbulanceTeam/121970313|TestHumanDetector] Targets:[]
2018-04-15 20:16:48,989 [DEBUG|AmbulanceTeam/121970313|TestSearchForFire] unsearchedBuildingIDs:[33767]
2018-04-15 20:16:48,989 [DEBUG|AmbulanceTeam/121970313|TestSearchForFire] best path is:[33723, 33783, 33767]
2018-04-15 20:16:48,989 [DEBUG|AmbulanceTeam/121970313|TestSearchForFire] choosed:33723
2018-04-15 20:16:52,280 [DEBUG|AmbulanceTeam/121970313|TestHumanDetector] Time:132
2018-04-15 20:16:52,280 [DEBUG|AmbulanceTeam/121970313|TestSearchForFire] Time:132
2018-04-15 20:16:52,280 [DEBUG|AmbulanceTeam/121970313|TestHumanDetector] Targets:[]
2018-04-15 20:16:52,281 [DEBUG|AmbulanceTeam/121970313|TestSearchForFire] unsearchedBuildingIDs:[33767]
2018-04-15 20:16:52,281 [DEBUG|AmbulanceTeam/121970313|TestSearchForFire] best path is:[33723, 33783, 33767]
2018-04-15 20:16:52,281 [DEBUG|AmbulanceTeam/121970313|TestSearchForFire] choosed:33723
2018-04-15 20:16:55,541 [DEBUG|AmbulanceTeam/121970313|TestHumanDetector] Time:133
2018-04-15 20:16:55,542 [DEBUG|AmbulanceTeam/121970313|TestSearchForFire] Time:133
2018-04-15 20:16:55,543 [DEBUG|AmbulanceTeam/121970313|TestHumanDetector] Targets:[]
2018-04-15 20:16:55,546 [DEBUG|AmbulanceTeam/121970313|TestSearchForFire] unsearchedBuildingIDs:[33767]
2018-04-15 20:16:55,546 [DEBUG|AmbulanceTeam/121970313|TestSearchForFire] best path is:[33723, 33783, 33767]
2018-04-15 20:16:55,546 [DEBUG|AmbulanceTeam/121970313|TestSearchForFire] choosed:33723
2018-04-15 20:16:58,908 [DEBUG|AmbulanceTeam/121970313|TestHumanDetector] Time:134
2018-04-15 20:16:58,908 [DEBUG|AmbulanceTeam/121970313|TestSearchForFire] Time:134
2018-04-15 20:16:58,908 [DEBUG|AmbulanceTeam/121970313|TestHumanDetector] Targets:[]
2018-04-15 20:16:58,909 [DEBUG|AmbulanceTeam/121970313|TestSearchForFire] unsearchedBuildingIDs:[33767]
2018-04-15 20:16:58,909 [DEBUG|AmbulanceTeam/121970313|TestSearchForFire] best path is:[33723, 33783, 33767]
2018-04-15 20:16:58,909 [DEBUG|AmbulanceTeam/121970313|TestSearchForFire] choosed:33723
2018-04-15 20:17:02,324 [DEBUG|AmbulanceTeam/121970313|TestHumanDetector] Time:135
2018-04-15 20:17:02,324 [DEBUG|AmbulanceTeam/121970313|TestSearchForFire] Time:135
2018-04-15 20:17:02,325 [DEBUG|AmbulanceTeam/121970313|TestHumanDetector] Targets:[]
2018-04-15 20:17:02,325 [DEBUG|AmbulanceTeam/121970313|TestSearchForFire] unsearchedBuildingIDs:[33767]
2018-04-15 20:17:02,325 [DEBUG|AmbulanceTeam/121970313|TestSearchForFire] best path is:[33723, 33783, 33767]
2018-04-15 20:17:02,325 [DEBUG|AmbulanceTeam/121970313|TestSearchForFire] choosed:33723
2018-04-15 20:17:05,660 [DEBUG|AmbulanceTeam/121970313|TestHumanDetector] Time:136
2018-04-15 20:17:05,660 [DEBUG|AmbulanceTeam/121970313|TestSearchForFire] Time:136
2018-04-15 20:17:05,661 [DEBUG|AmbulanceTeam/121970313|TestHumanDetector] Targets:[]
2018-04-15 20:17:05,661 [DEBUG|AmbulanceTeam/121970313|TestSearchForFire] unsearchedBuildingIDs:[33767]
2018-04-15 20:17:05,661 [DEBUG|AmbulanceTeam/121970313|TestSearchForFire] best path is:[33723, 33783, 33767]
2018-04-15 20:17:05,661 [DEBUG|AmbulanceTeam/121970313|TestSearchForFire] choosed:33723
2018-04-15 20:17:09,096 [DEBUG|AmbulanceTeam/121970313|TestHumanDetector] Time:137
2018-04-15 20:17:09,096 [DEBUG|AmbulanceTeam/121970313|TestSearchForFire] Time:137
2018-04-15 20:17:09,097 [DEBUG|AmbulanceTeam/121970313|TestHumanDetector] Targets:[]
2018-04-15 20:17:09,097 [DEBUG|AmbulanceTeam/121970313|TestSearchForFire] unsearchedBuildingIDs:[33767]
2018-04-15 20:17:09,097 [DEBUG|AmbulanceTeam/121970313|TestSearchForFire] best path is:[33723, 33783, 33767]
2018-04-15 20:17:09,097 [DEBUG|AmbulanceTeam/121970313|TestSearchForFire] choosed:33723
2018-04-15 20:17:12,588 [DEBUG|AmbulanceTeam/121970313|TestHumanDetector] Time:138
2018-04-15 20:17:12,589 [DEBUG|AmbulanceTeam/121970313|TestSearchForFire] Time:138
2018-04-15 20:17:12,589 [DEBUG|AmbulanceTeam/121970313|TestHumanDetector] Targets:[]
2018-04-15 20:17:12,589 [DEBUG|AmbulanceTeam/121970313|TestSearchForFire] unsearchedBuildingIDs:[33767]
2018-04-15 20:17:12,589 [DEBUG|AmbulanceTeam/121970313|TestSearchForFire] best path is:[33723, 33783, 33767]
2018-04-15 20:17:12,589 [DEBUG|AmbulanceTeam/121970313|TestSearchForFire] choosed:33723
2018-04-15 20:17:15,936 [DEBUG|AmbulanceTeam/121970313|TestHumanDetector] Time:139
2018-04-15 20:17:15,936 [DEBUG|AmbulanceTeam/121970313|TestSearchForFire] Time:139
2018-04-15 20:17:15,937 [DEBUG|AmbulanceTeam/121970313|TestHumanDetector] Targets:[]
2018-04-15 20:17:15,937 [DEBUG|AmbulanceTeam/121970313|TestSearchForFire] unsearchedBuildingIDs:[33767]
2018-04-15 20:17:15,938 [DEBUG|AmbulanceTeam/121970313|TestSearchForFire] best path is:[33723, 33783, 33767]
2018-04-15 20:17:15,938 [DEBUG|AmbulanceTeam/121970313|TestSearchForFire] choosed:33723
2018-04-15 20:17:19,451 [DEBUG|AmbulanceTeam/121970313|TestHumanDetector] Time:140
2018-04-15 20:17:19,451 [DEBUG|AmbulanceTeam/121970313|TestSearchForFire] Time:140
2018-04-15 20:17:19,451 [DEBUG|AmbulanceTeam/121970313|TestHumanDetector] Targets:[]
2018-04-15 20:17:19,451 [DEBUG|AmbulanceTeam/121970313|TestSearchForFire] unsearchedBuildingIDs:[33767]
2018-04-15 20:17:19,451 [DEBUG|AmbulanceTeam/121970313|TestSearchForFire] best path is:[33723, 33783, 33767]
2018-04-15 20:17:19,451 [DEBUG|AmbulanceTeam/121970313|TestSearchForFire] choosed:33723
2018-04-15 20:17:22,832 [DEBUG|AmbulanceTeam/121970313|TestHumanDetector] Time:141
2018-04-15 20:17:22,832 [DEBUG|AmbulanceTeam/121970313|TestSearchForFire] Time:141
2018-04-15 20:17:22,832 [DEBUG|AmbulanceTeam/121970313|TestHumanDetector] Targets:[]
2018-04-15 20:17:22,832 [DEBUG|AmbulanceTeam/121970313|TestSearchForFire] unsearchedBuildingIDs:[33767]
2018-04-15 20:17:22,832 [DEBUG|AmbulanceTeam/121970313|TestSearchForFire] best path is:[33723, 33783, 33767]
2018-04-15 20:17:22,832 [DEBUG|AmbulanceTeam/121970313|TestSearchForFire] choosed:33723
2018-04-15 20:17:26,200 [DEBUG|AmbulanceTeam/121970313|TestHumanDetector] Time:142
2018-04-15 20:17:26,201 [DEBUG|AmbulanceTeam/121970313|TestSearchForFire] Time:142
2018-04-15 20:17:26,201 [DEBUG|AmbulanceTeam/121970313|TestHumanDetector] Targets:[]
2018-04-15 20:17:26,201 [DEBUG|AmbulanceTeam/121970313|TestSearchForFire] unsearchedBuildingIDs:[33767]
2018-04-15 20:17:26,201 [DEBUG|AmbulanceTeam/121970313|TestSearchForFire] best path is:[33723, 33783, 33767]
2018-04-15 20:17:26,201 [DEBUG|AmbulanceTeam/121970313|TestSearchForFire] choosed:33723
2018-04-15 20:17:29,568 [DEBUG|AmbulanceTeam/121970313|TestHumanDetector] Time:143
2018-04-15 20:17:29,568 [DEBUG|AmbulanceTeam/121970313|TestSearchForFire] Time:143
2018-04-15 20:17:29,569 [DEBUG|AmbulanceTeam/121970313|TestHumanDetector] Targets:[]
2018-04-15 20:17:29,569 [DEBUG|AmbulanceTeam/121970313|TestSearchForFire] unsearchedBuildingIDs:[33767]
2018-04-15 20:17:29,569 [DEBUG|AmbulanceTeam/121970313|TestSearchForFire] best path is:[33723, 33783, 33767]
2018-04-15 20:17:29,569 [DEBUG|AmbulanceTeam/121970313|TestSearchForFire] choosed:33723
2018-04-15 20:17:32,908 [DEBUG|AmbulanceTeam/121970313|TestHumanDetector] Time:144
2018-04-15 20:17:32,908 [DEBUG|AmbulanceTeam/121970313|TestSearchForFire] Time:144
2018-04-15 20:17:32,909 [DEBUG|AmbulanceTeam/121970313|TestHumanDetector] Targets:[]
2018-04-15 20:17:32,909 [DEBUG|AmbulanceTeam/121970313|TestSearchForFire] unsearchedBuildingIDs:[33767]
2018-04-15 20:17:32,909 [DEBUG|AmbulanceTeam/121970313|TestSearchForFire] best path is:[33723, 33783, 33767]
2018-04-15 20:17:32,909 [DEBUG|AmbulanceTeam/121970313|TestSearchForFire] choosed:33723
2018-04-15 20:17:36,220 [DEBUG|AmbulanceTeam/121970313|TestHumanDetector] Time:145
2018-04-15 20:17:36,220 [DEBUG|AmbulanceTeam/121970313|TestSearchForFire] Time:145
2018-04-15 20:17:36,220 [DEBUG|AmbulanceTeam/121970313|TestHumanDetector] Targets:[]
2018-04-15 20:17:36,220 [DEBUG|AmbulanceTeam/121970313|TestSearchForFire] unsearchedBuildingIDs:[33767]
2018-04-15 20:17:36,220 [DEBUG|AmbulanceTeam/121970313|TestSearchForFire] best path is:[33723, 33783, 33767]
2018-04-15 20:17:36,221 [DEBUG|AmbulanceTeam/121970313|TestSearchForFire] choosed:33723
2018-04-15 20:17:39,692 [DEBUG|AmbulanceTeam/121970313|TestHumanDetector] Time:146
2018-04-15 20:17:39,692 [DEBUG|AmbulanceTeam/121970313|TestSearchForFire] Time:146
2018-04-15 20:17:39,692 [DEBUG|AmbulanceTeam/121970313|TestHumanDetector] Targets:[]
2018-04-15 20:17:39,692 [DEBUG|AmbulanceTeam/121970313|TestSearchForFire] unsearchedBuildingIDs:[33767]
2018-04-15 20:17:39,692 [DEBUG|AmbulanceTeam/121970313|TestSearchForFire] best path is:[33723, 33783, 33767]
2018-04-15 20:17:39,692 [DEBUG|AmbulanceTeam/121970313|TestSearchForFire] choosed:33723
2018-04-15 20:17:43,176 [DEBUG|AmbulanceTeam/121970313|TestHumanDetector] Time:147
2018-04-15 20:17:43,176 [DEBUG|AmbulanceTeam/121970313|TestSearchForFire] Time:147
2018-04-15 20:17:43,177 [DEBUG|AmbulanceTeam/121970313|TestHumanDetector] Targets:[]
2018-04-15 20:17:43,177 [DEBUG|AmbulanceTeam/121970313|TestSearchForFire] unsearchedBuildingIDs:[33767]
2018-04-15 20:17:43,177 [DEBUG|AmbulanceTeam/121970313|TestSearchForFire] best path is:[33723, 33783, 33767]
2018-04-15 20:17:43,177 [DEBUG|AmbulanceTeam/121970313|TestSearchForFire] choosed:33723
2018-04-15 20:17:46,393 [DEBUG|AmbulanceTeam/121970313|TestHumanDetector] Time:148
2018-04-15 20:17:46,393 [DEBUG|AmbulanceTeam/121970313|TestSearchForFire] Time:148
2018-04-15 20:17:46,393 [DEBUG|AmbulanceTeam/121970313|TestHumanDetector] Targets:[]
2018-04-15 20:17:46,393 [DEBUG|AmbulanceTeam/121970313|TestSearchForFire] unsearchedBuildingIDs:[33767]
2018-04-15 20:17:46,393 [DEBUG|AmbulanceTeam/121970313|TestSearchForFire] best path is:[33723, 33783, 33767]
2018-04-15 20:17:46,393 [DEBUG|AmbulanceTeam/121970313|TestSearchForFire] choosed:33723
2018-04-15 20:17:49,836 [DEBUG|AmbulanceTeam/121970313|TestHumanDetector] Time:149
2018-04-15 20:17:49,836 [DEBUG|AmbulanceTeam/121970313|TestSearchForFire] Time:149
2018-04-15 20:17:49,836 [DEBUG|AmbulanceTeam/121970313|TestHumanDetector] Targets:[]
2018-04-15 20:17:49,837 [DEBUG|AmbulanceTeam/121970313|TestSearchForFire] unsearchedBuildingIDs:[33767]
2018-04-15 20:17:49,837 [DEBUG|AmbulanceTeam/121970313|TestSearchForFire] best path is:[33723, 33783, 33767]
2018-04-15 20:17:49,837 [DEBUG|AmbulanceTeam/121970313|TestSearchForFire] choosed:33723
2018-04-15 20:17:53,416 [DEBUG|AmbulanceTeam/121970313|TestHumanDetector] Time:150
2018-04-15 20:17:53,417 [DEBUG|AmbulanceTeam/121970313|TestSearchForFire] Time:150
2018-04-15 20:17:53,417 [DEBUG|AmbulanceTeam/121970313|TestHumanDetector] Targets:[]
2018-04-15 20:17:53,417 [DEBUG|AmbulanceTeam/121970313|TestSearchForFire] unsearchedBuildingIDs:[33767]
2018-04-15 20:17:53,417 [DEBUG|AmbulanceTeam/121970313|TestSearchForFire] best path is:[33723, 33783, 33767]
2018-04-15 20:17:53,417 [DEBUG|AmbulanceTeam/121970313|TestSearchForFire] choosed:33723
2018-04-15 20:17:56,876 [DEBUG|AmbulanceTeam/121970313|TestHumanDetector] Time:151
2018-04-15 20:17:56,877 [DEBUG|AmbulanceTeam/121970313|TestSearchForFire] Time:151
2018-04-15 20:17:56,877 [DEBUG|AmbulanceTeam/121970313|TestHumanDetector] Targets:[]
2018-04-15 20:17:56,877 [DEBUG|AmbulanceTeam/121970313|TestSearchForFire] unsearchedBuildingIDs:[33767]
2018-04-15 20:17:56,877 [DEBUG|AmbulanceTeam/121970313|TestSearchForFire] best path is:[33723, 33783, 33767]
2018-04-15 20:17:56,877 [DEBUG|AmbulanceTeam/121970313|TestSearchForFire] choosed:33723
2018-04-15 20:18:00,380 [DEBUG|AmbulanceTeam/121970313|TestHumanDetector] Time:152
2018-04-15 20:18:00,381 [DEBUG|AmbulanceTeam/121970313|TestSearchForFire] Time:152
2018-04-15 20:18:00,381 [DEBUG|AmbulanceTeam/121970313|TestHumanDetector] Targets:[]
2018-04-15 20:18:00,381 [DEBUG|AmbulanceTeam/121970313|TestSearchForFire] unsearchedBuildingIDs:[33767]
2018-04-15 20:18:00,381 [DEBUG|AmbulanceTeam/121970313|TestSearchForFire] best path is:[33723, 33783, 33767]
2018-04-15 20:18:00,381 [DEBUG|AmbulanceTeam/121970313|TestSearchForFire] choosed:33723
2018-04-15 20:18:03,916 [DEBUG|AmbulanceTeam/121970313|TestHumanDetector] Time:153
2018-04-15 20:18:03,916 [DEBUG|AmbulanceTeam/121970313|TestSearchForFire] Time:153
2018-04-15 20:18:03,916 [DEBUG|AmbulanceTeam/121970313|TestHumanDetector] Targets:[]
2018-04-15 20:18:03,916 [DEBUG|AmbulanceTeam/121970313|TestSearchForFire] unsearchedBuildingIDs:[33767]
2018-04-15 20:18:03,916 [DEBUG|AmbulanceTeam/121970313|TestSearchForFire] best path is:[33723, 33783, 33767]
2018-04-15 20:18:03,916 [DEBUG|AmbulanceTeam/121970313|TestSearchForFire] choosed:33723
2018-04-15 20:18:07,752 [DEBUG|AmbulanceTeam/121970313|TestHumanDetector] Time:154
2018-04-15 20:18:07,752 [DEBUG|AmbulanceTeam/121970313|TestSearchForFire] Time:154
2018-04-15 20:18:07,753 [DEBUG|AmbulanceTeam/121970313|TestHumanDetector] Targets:[]
2018-04-15 20:18:07,753 [DEBUG|AmbulanceTeam/121970313|TestSearchForFire] unsearchedBuildingIDs:[33767]
2018-04-15 20:18:07,753 [DEBUG|AmbulanceTeam/121970313|TestSearchForFire] best path is:[33723, 33783, 33767]
2018-04-15 20:18:07,753 [DEBUG|AmbulanceTeam/121970313|TestSearchForFire] choosed:33723
2018-04-15 20:18:11,340 [DEBUG|AmbulanceTeam/121970313|TestHumanDetector] Time:155
2018-04-15 20:18:11,340 [DEBUG|AmbulanceTeam/121970313|TestSearchForFire] Time:155
2018-04-15 20:18:11,340 [DEBUG|AmbulanceTeam/121970313|TestHumanDetector] Targets:[]
2018-04-15 20:18:11,341 [DEBUG|AmbulanceTeam/121970313|TestSearchForFire] unsearchedBuildingIDs:[33767]
2018-04-15 20:18:11,341 [DEBUG|AmbulanceTeam/121970313|TestSearchForFire] best path is:[33723, 33783, 33767]
2018-04-15 20:18:11,341 [DEBUG|AmbulanceTeam/121970313|TestSearchForFire] choosed:33723
2018-04-15 20:18:15,175 [DEBUG|AmbulanceTeam/121970313|TestHumanDetector] Time:156
2018-04-15 20:18:15,175 [DEBUG|AmbulanceTeam/121970313|TestSearchForFire] Time:156
2018-04-15 20:18:15,176 [DEBUG|AmbulanceTeam/121970313|TestHumanDetector] Targets:[]
2018-04-15 20:18:15,176 [DEBUG|AmbulanceTeam/121970313|TestSearchForFire] unsearchedBuildingIDs:[33767]
2018-04-15 20:18:15,176 [DEBUG|AmbulanceTeam/121970313|TestSearchForFire] best path is:[33723, 33783, 33767]
2018-04-15 20:18:15,176 [DEBUG|AmbulanceTeam/121970313|TestSearchForFire] choosed:33723
2018-04-15 20:18:18,653 [DEBUG|AmbulanceTeam/121970313|TestHumanDetector] Time:157
2018-04-15 20:18:18,653 [DEBUG|AmbulanceTeam/121970313|TestSearchForFire] Time:157
2018-04-15 20:18:18,653 [DEBUG|AmbulanceTeam/121970313|TestHumanDetector] Targets:[]
2018-04-15 20:18:18,653 [DEBUG|AmbulanceTeam/121970313|TestSearchForFire] unsearchedBuildingIDs:[33767]
2018-04-15 20:18:18,653 [DEBUG|AmbulanceTeam/121970313|TestSearchForFire] best path is:[33723, 33783, 33767]
2018-04-15 20:18:18,653 [DEBUG|AmbulanceTeam/121970313|TestSearchForFire] choosed:33723
2018-04-15 20:18:22,180 [DEBUG|AmbulanceTeam/121970313|TestHumanDetector] Time:158
2018-04-15 20:18:22,181 [DEBUG|AmbulanceTeam/121970313|TestSearchForFire] Time:158
2018-04-15 20:18:22,181 [DEBUG|AmbulanceTeam/121970313|TestHumanDetector] Targets:[]
2018-04-15 20:18:22,181 [DEBUG|AmbulanceTeam/121970313|TestSearchForFire] unsearchedBuildingIDs:[33767]
2018-04-15 20:18:22,181 [DEBUG|AmbulanceTeam/121970313|TestSearchForFire] best path is:[33723, 33783, 33767]
2018-04-15 20:18:22,181 [DEBUG|AmbulanceTeam/121970313|TestSearchForFire] choosed:33723
2018-04-15 20:18:25,820 [DEBUG|AmbulanceTeam/121970313|TestHumanDetector] Time:159
2018-04-15 20:18:25,820 [DEBUG|AmbulanceTeam/121970313|TestSearchForFire] Time:159
2018-04-15 20:18:25,821 [DEBUG|AmbulanceTeam/121970313|TestHumanDetector] Targets:[]
2018-04-15 20:18:25,821 [DEBUG|AmbulanceTeam/121970313|TestSearchForFire] unsearchedBuildingIDs:[33767]
2018-04-15 20:18:25,821 [DEBUG|AmbulanceTeam/121970313|TestSearchForFire] best path is:[33723, 33783, 33767]
2018-04-15 20:18:25,821 [DEBUG|AmbulanceTeam/121970313|TestSearchForFire] choosed:33723
