2018-04-15 20:06:41,817 [DEBUG|AmbulanceTeam/1240460622|TestHumanDetector] Time:1
2018-04-15 20:06:41,818 [DEBUG|AmbulanceTeam/1240460622|TestSearchForFire] Time:1
2018-04-15 20:06:41,818 [DEBUG|AmbulanceTeam/1240460622|TestHumanDetector] Targets:[]
2018-04-15 20:06:41,818 [DEBUG|AmbulanceTeam/1240460622|TestSearchForFire] unsearchedBuildingIDs:[33664, 33667, 15491, 32643, 32644, 33670, 12167, 12682, 27146, 11275, 9742, 17935, 25237, 24341, 15128, 24985, 14745, 15002, 28699, 12443, 27036, 11164, 32674, 32931, 14887, 23079, 24233, 32683, 12590, 23474, 15029, 17339, 24895, 30913, 16708, 24260, 32965, 32966, 9929, 28617, 29898, 24395, 17741, 15182, 15056, 30033, 22097, 17875, 12502, 17366, 24923, 16091, 23390, 22239, 36066, 28644, 17902, 32624, 17393, 23025, 12535, 24952, 23418, 15101]
2018-04-15 20:06:41,822 [DEBUG|AmbulanceTeam/1240460622|TestSearchForFire] best path is:[33817, 3615, 7035, 2427, 1471, 8844, 7764, 5199, 3570, 34442, 34443, 6612, 4659, 620, 2949, 6621, 33793, 1197, 7683, 32980, 2463, 5271, 3489, 1378, 8628, 33789, 33038, 33037, 33039, 5145, 14903, 14887]
2018-04-15 20:06:41,822 [DEBUG|AmbulanceTeam/1240460622|TestSearchForFire] choosed:5145
2018-04-15 20:06:50,725 [DEBUG|AmbulanceTeam/1240460622|TestHumanDetector] Time:2
2018-04-15 20:06:50,725 [DEBUG|AmbulanceTeam/1240460622|TestSearchForFire] Time:2
2018-04-15 20:06:50,725 [DEBUG|AmbulanceTeam/1240460622|TestHumanDetector] Targets:[]
2018-04-15 20:06:50,725 [DEBUG|AmbulanceTeam/1240460622|TestSearchForFire] unsearchedBuildingIDs:[33664, 33667, 15491, 32643, 32644, 33670, 12167, 12682, 27146, 11275, 9742, 17935, 25237, 24341, 15128, 24985, 14745, 15002, 28699, 12443, 27036, 11164, 32674, 32931, 14887, 23079, 24233, 32683, 12590, 23474, 15029, 17339, 24895, 30913, 16708, 24260, 32965, 32966, 9929, 28617, 29898, 24395, 17741, 15182, 15056, 30033, 22097, 17875, 12502, 17366, 24923, 16091, 23390, 22239, 36066, 28644, 17902, 32624, 17393, 23025, 12535, 24952, 23418, 15101]
2018-04-15 20:06:50,730 [DEBUG|AmbulanceTeam/1240460622|TestSearchForFire] best path is:[33817, 3615, 7035, 2427, 1471, 8844, 7764, 5199, 3570, 34442, 34443, 6612, 4659, 620, 2949, 6621, 33793, 1197, 7683, 32980, 2463, 5271, 3489, 1378, 8628, 33789, 33038, 33037, 33039, 5145, 14903, 14887]
2018-04-15 20:06:50,731 [DEBUG|AmbulanceTeam/1240460622|TestSearchForFire] choosed:5145
2018-04-15 20:06:54,706 [DEBUG|AmbulanceTeam/1240460622|TestHumanDetector] Time:3
2018-04-15 20:06:54,706 [DEBUG|AmbulanceTeam/1240460622|TestSearchForFire] Time:3
2018-04-15 20:06:54,706 [DEBUG|AmbulanceTeam/1240460622|TestHumanDetector] Targets:[]
2018-04-15 20:06:54,706 [DEBUG|AmbulanceTeam/1240460622|TestSearchForFire] unsearchedBuildingIDs:[33664, 33667, 15491, 32643, 32644, 33670, 12167, 12682, 27146, 11275, 9742, 17935, 25237, 24341, 15128, 24985, 14745, 15002, 28699, 12443, 27036, 11164, 32674, 32931, 14887, 23079, 24233, 32683, 12590, 23474, 15029, 17339, 24895, 30913, 16708, 24260, 32965, 32966, 9929, 28617, 29898, 24395, 17741, 15182, 15056, 30033, 22097, 17875, 12502, 17366, 24923, 16091, 23390, 22239, 36066, 28644, 17902, 32624, 17393, 23025, 12535, 24952, 23418, 15101]
2018-04-15 20:06:54,710 [DEBUG|AmbulanceTeam/1240460622|TestSearchForFire] best path is:[33817, 3615, 7035, 2427, 1471, 8844, 7764, 5199, 3570, 34442, 34443, 6612, 4659, 620, 2949, 6621, 33793, 1197, 7683, 32980, 2463, 5271, 3489, 1378, 8628, 33789, 33038, 33037, 33039, 5145, 14903, 14887]
2018-04-15 20:06:54,710 [DEBUG|AmbulanceTeam/1240460622|TestSearchForFire] choosed:5145
2018-04-15 20:07:05,829 [DEBUG|AmbulanceTeam/1240460622|TestHumanDetector] Time:4
2018-04-15 20:07:05,829 [DEBUG|AmbulanceTeam/1240460622|TestSearchForFire] Time:4
2018-04-15 20:07:05,829 [DEBUG|AmbulanceTeam/1240460622|TestHumanDetector] Targets:[]
2018-04-15 20:07:05,829 [DEBUG|AmbulanceTeam/1240460622|TestSearchForFire] unsearchedBuildingIDs:[33664, 33667, 15491, 32643, 32644, 33670, 12167, 12682, 27146, 11275, 9742, 17935, 25237, 24341, 15128, 24985, 14745, 15002, 28699, 12443, 27036, 11164, 32674, 32931, 14887, 23079, 24233, 32683, 12590, 23474, 15029, 17339, 24895, 30913, 16708, 24260, 32965, 32966, 9929, 28617, 29898, 24395, 17741, 15182, 15056, 30033, 22097, 17875, 12502, 17366, 24923, 16091, 23390, 22239, 36066, 28644, 17902, 32624, 17393, 23025, 12535, 24952, 23418, 15101]
2018-04-15 20:07:05,836 [DEBUG|AmbulanceTeam/1240460622|TestSearchForFire] best path is:[33817, 3615, 7035, 2427, 1471, 8844, 7764, 5199, 3570, 34442, 34443, 6612, 4659, 620, 2949, 6621, 33793, 1197, 7683, 32980, 2463, 5271, 3489, 1378, 8628, 33789, 33038, 33037, 33039, 5145, 14903, 14887]
2018-04-15 20:07:05,836 [DEBUG|AmbulanceTeam/1240460622|TestSearchForFire] choosed:5145
2018-04-15 20:07:14,696 [DEBUG|AmbulanceTeam/1240460622|TestHumanDetector] Time:5
2018-04-15 20:07:14,697 [DEBUG|AmbulanceTeam/1240460622|TestSearchForFire] Time:5
2018-04-15 20:07:14,697 [DEBUG|AmbulanceTeam/1240460622|TestHumanDetector] Targets:[]
2018-04-15 20:07:14,697 [DEBUG|AmbulanceTeam/1240460622|TestSearchForFire] unsearchedBuildingIDs:[33664, 33667, 15491, 32643, 32644, 33670, 12167, 12682, 27146, 11275, 9742, 17935, 25237, 24341, 15128, 24985, 14745, 15002, 28699, 12443, 27036, 11164, 32674, 32931, 14887, 23079, 24233, 32683, 12590, 23474, 15029, 17339, 24895, 30913, 16708, 24260, 32965, 32966, 9929, 28617, 29898, 24395, 17741, 15182, 15056, 30033, 22097, 17875, 12502, 17366, 24923, 16091, 23390, 22239, 36066, 28644, 17902, 32624, 17393, 23025, 12535, 24952, 23418, 15101]
2018-04-15 20:07:14,704 [DEBUG|AmbulanceTeam/1240460622|TestSearchForFire] best path is:[33817, 3615, 7035, 2427, 1471, 8844, 7764, 5199, 3570, 34442, 34443, 6612, 4659, 620, 2949, 6621, 33793, 1197, 7683, 32980, 2463, 5271, 3489, 1378, 8628, 33789, 33038, 33037, 33039, 5145, 14903, 14887]
2018-04-15 20:07:14,704 [DEBUG|AmbulanceTeam/1240460622|TestSearchForFire] choosed:5145
2018-04-15 20:07:23,209 [DEBUG|AmbulanceTeam/1240460622|TestHumanDetector] Time:6
2018-04-15 20:07:23,209 [DEBUG|AmbulanceTeam/1240460622|TestSearchForFire] Time:6
2018-04-15 20:07:23,209 [DEBUG|AmbulanceTeam/1240460622|TestHumanDetector] Targets:[]
2018-04-15 20:07:23,209 [DEBUG|AmbulanceTeam/1240460622|TestSearchForFire] unsearchedBuildingIDs:[33664, 33667, 15491, 32643, 32644, 33670, 12167, 12682, 27146, 11275, 9742, 17935, 25237, 24341, 15128, 24985, 14745, 15002, 28699, 12443, 27036, 11164, 32674, 32931, 14887, 23079, 24233, 32683, 12590, 23474, 15029, 17339, 24895, 30913, 16708, 24260, 32965, 32966, 9929, 28617, 29898, 24395, 17741, 15182, 15056, 30033, 22097, 17875, 12502, 17366, 24923, 16091, 23390, 22239, 36066, 28644, 17902, 32624, 17393, 23025, 12535, 24952, 23418, 15101]
2018-04-15 20:07:23,212 [DEBUG|AmbulanceTeam/1240460622|TestSearchForFire] best path is:[33817, 3615, 7035, 2427, 1471, 8844, 7764, 5199, 3570, 34442, 34443, 6612, 4659, 620, 2949, 6621, 33793, 1197, 7683, 32980, 2463, 5271, 3489, 1378, 8628, 33789, 33038, 33037, 33039, 5145, 14903, 14887]
2018-04-15 20:07:23,213 [DEBUG|AmbulanceTeam/1240460622|TestSearchForFire] choosed:5145
2018-04-15 20:07:30,878 [DEBUG|AmbulanceTeam/1240460622|TestHumanDetector] Time:7
2018-04-15 20:07:30,878 [DEBUG|AmbulanceTeam/1240460622|TestSearchForFire] Time:7
2018-04-15 20:07:30,878 [DEBUG|AmbulanceTeam/1240460622|TestHumanDetector] Targets:[]
2018-04-15 20:07:30,879 [DEBUG|AmbulanceTeam/1240460622|TestSearchForFire] unsearchedBuildingIDs:[33664, 33667, 15491, 32643, 32644, 33670, 12167, 12682, 27146, 11275, 9742, 17935, 25237, 24341, 15128, 24985, 14745, 15002, 28699, 12443, 27036, 11164, 32674, 32931, 14887, 23079, 24233, 32683, 12590, 23474, 15029, 17339, 24895, 30913, 16708, 24260, 32965, 32966, 9929, 28617, 29898, 24395, 17741, 15182, 15056, 30033, 22097, 17875, 12502, 17366, 24923, 16091, 23390, 22239, 36066, 28644, 17902, 32624, 17393, 23025, 12535, 24952, 23418, 15101]
2018-04-15 20:07:30,882 [DEBUG|AmbulanceTeam/1240460622|TestSearchForFire] best path is:[33817, 3615, 7035, 2427, 1471, 8844, 7764, 5199, 3570, 34442, 34443, 6612, 4659, 620, 2949, 6621, 33793, 1197, 7683, 32980, 2463, 5271, 3489, 1378, 8628, 33789, 33038, 33037, 33039, 5145, 14903, 14887]
2018-04-15 20:07:30,882 [DEBUG|AmbulanceTeam/1240460622|TestSearchForFire] choosed:5145
2018-04-15 20:07:38,273 [DEBUG|AmbulanceTeam/1240460622|TestHumanDetector] Time:8
2018-04-15 20:07:38,273 [DEBUG|AmbulanceTeam/1240460622|TestSearchForFire] Time:8
2018-04-15 20:07:38,273 [DEBUG|AmbulanceTeam/1240460622|TestHumanDetector] Targets:[]
2018-04-15 20:07:38,273 [DEBUG|AmbulanceTeam/1240460622|TestSearchForFire] unsearchedBuildingIDs:[33664, 33667, 15491, 32643, 32644, 33670, 12167, 12682, 27146, 11275, 9742, 17935, 25237, 24341, 15128, 24985, 14745, 15002, 28699, 12443, 27036, 11164, 32674, 32931, 14887, 23079, 24233, 32683, 12590, 23474, 15029, 17339, 24895, 30913, 16708, 24260, 32965, 32966, 9929, 28617, 29898, 24395, 17741, 15182, 15056, 30033, 22097, 17875, 12502, 17366, 24923, 16091, 23390, 22239, 36066, 28644, 17902, 32624, 17393, 23025, 12535, 24952, 23418, 15101]
2018-04-15 20:07:38,278 [DEBUG|AmbulanceTeam/1240460622|TestSearchForFire] best path is:[33817, 3615, 7035, 2427, 1471, 8844, 7764, 5199, 3570, 34442, 34443, 6612, 4659, 620, 2949, 6621, 33793, 1197, 7683, 32980, 2463, 5271, 3489, 1378, 8628, 33789, 33038, 33037, 33039, 5145, 14903, 14887]
2018-04-15 20:07:38,278 [DEBUG|AmbulanceTeam/1240460622|TestSearchForFire] choosed:5145
2018-04-15 20:07:45,657 [DEBUG|AmbulanceTeam/1240460622|TestHumanDetector] Time:9
2018-04-15 20:07:45,657 [DEBUG|AmbulanceTeam/1240460622|TestSearchForFire] Time:9
2018-04-15 20:07:45,657 [DEBUG|AmbulanceTeam/1240460622|TestHumanDetector] Targets:[]
2018-04-15 20:07:45,657 [DEBUG|AmbulanceTeam/1240460622|TestSearchForFire] unsearchedBuildingIDs:[33664, 33667, 15491, 32643, 32644, 33670, 12167, 12682, 27146, 11275, 9742, 17935, 25237, 24341, 15128, 24985, 14745, 15002, 28699, 12443, 27036, 11164, 32674, 32931, 14887, 23079, 24233, 32683, 12590, 23474, 15029, 17339, 24895, 30913, 16708, 24260, 32965, 32966, 9929, 28617, 29898, 24395, 17741, 15182, 15056, 30033, 22097, 17875, 12502, 17366, 24923, 16091, 23390, 22239, 36066, 28644, 17902, 32624, 17393, 23025, 12535, 24952, 23418, 15101]
2018-04-15 20:07:45,661 [DEBUG|AmbulanceTeam/1240460622|TestSearchForFire] best path is:[33817, 3615, 7035, 2427, 1471, 8844, 7764, 5199, 3570, 34442, 34443, 6612, 4659, 620, 2949, 6621, 33793, 1197, 7683, 32980, 2463, 5271, 3489, 1378, 8628, 33789, 33038, 33037, 33039, 5145, 14903, 14887]
2018-04-15 20:07:45,666 [DEBUG|AmbulanceTeam/1240460622|TestSearchForFire] choosed:5145
2018-04-15 20:07:52,986 [DEBUG|AmbulanceTeam/1240460622|TestHumanDetector] Time:10
2018-04-15 20:07:52,986 [DEBUG|AmbulanceTeam/1240460622|TestSearchForFire] Time:10
2018-04-15 20:07:52,987 [DEBUG|AmbulanceTeam/1240460622|TestHumanDetector] Targets:[]
2018-04-15 20:07:52,987 [DEBUG|AmbulanceTeam/1240460622|TestSearchForFire] unsearchedBuildingIDs:[33664, 33667, 15491, 32643, 32644, 33670, 12167, 12682, 27146, 11275, 9742, 17935, 25237, 24341, 15128, 24985, 14745, 15002, 28699, 12443, 27036, 11164, 32674, 32931, 14887, 23079, 24233, 32683, 12590, 23474, 15029, 17339, 24895, 30913, 16708, 24260, 32965, 32966, 9929, 28617, 29898, 24395, 17741, 15182, 15056, 30033, 22097, 17875, 12502, 17366, 24923, 16091, 23390, 22239, 36066, 28644, 17902, 32624, 17393, 23025, 12535, 24952, 23418, 15101]
2018-04-15 20:07:52,990 [DEBUG|AmbulanceTeam/1240460622|TestSearchForFire] best path is:[33817, 3615, 7035, 2427, 1471, 8844, 7764, 5199, 3570, 34442, 34443, 6612, 4659, 620, 2949, 6621, 33793, 1197, 7683, 32980, 2463, 5271, 3489, 1378, 8628, 33789, 33038, 33037, 33039, 5145, 14903, 14887]
2018-04-15 20:07:52,990 [DEBUG|AmbulanceTeam/1240460622|TestSearchForFire] choosed:5145
2018-04-15 20:07:59,905 [DEBUG|AmbulanceTeam/1240460622|TestHumanDetector] Time:11
2018-04-15 20:07:59,906 [DEBUG|AmbulanceTeam/1240460622|TestSearchForFire] Time:11
2018-04-15 20:07:59,906 [DEBUG|AmbulanceTeam/1240460622|TestHumanDetector] Targets:[]
2018-04-15 20:07:59,906 [DEBUG|AmbulanceTeam/1240460622|TestSearchForFire] unsearchedBuildingIDs:[33664, 33667, 15491, 32643, 32644, 33670, 12167, 12682, 27146, 11275, 9742, 17935, 25237, 24341, 15128, 24985, 14745, 15002, 28699, 12443, 27036, 11164, 32674, 32931, 14887, 23079, 24233, 32683, 12590, 23474, 15029, 17339, 24895, 30913, 16708, 24260, 32965, 32966, 9929, 28617, 29898, 24395, 17741, 15182, 15056, 30033, 22097, 17875, 12502, 17366, 24923, 16091, 23390, 22239, 36066, 28644, 17902, 32624, 17393, 23025, 12535, 24952, 23418, 15101]
2018-04-15 20:07:59,909 [DEBUG|AmbulanceTeam/1240460622|TestSearchForFire] best path is:[33817, 3615, 7035, 2427, 1471, 8844, 7764, 5199, 3570, 34442, 34443, 6612, 4659, 620, 2949, 6621, 33793, 1197, 7683, 32980, 2463, 5271, 3489, 1378, 8628, 33789, 33038, 33037, 33039, 5145, 14903, 14887]
2018-04-15 20:07:59,909 [DEBUG|AmbulanceTeam/1240460622|TestSearchForFire] choosed:5145
2018-04-15 20:08:06,989 [DEBUG|AmbulanceTeam/1240460622|TestHumanDetector] Time:12
2018-04-15 20:08:06,989 [DEBUG|AmbulanceTeam/1240460622|TestSearchForFire] Time:12
2018-04-15 20:08:06,989 [DEBUG|AmbulanceTeam/1240460622|TestHumanDetector] Targets:[]
2018-04-15 20:08:06,989 [DEBUG|AmbulanceTeam/1240460622|TestSearchForFire] unsearchedBuildingIDs:[33664, 33667, 15491, 32643, 32644, 33670, 12167, 12682, 27146, 11275, 9742, 17935, 25237, 24341, 15128, 24985, 14745, 15002, 28699, 12443, 27036, 11164, 32674, 32931, 14887, 23079, 24233, 32683, 12590, 23474, 15029, 17339, 24895, 30913, 16708, 24260, 32965, 32966, 9929, 28617, 29898, 24395, 17741, 15182, 15056, 30033, 22097, 17875, 12502, 17366, 24923, 16091, 23390, 22239, 36066, 28644, 17902, 32624, 17393, 23025, 12535, 24952, 23418, 15101]
2018-04-15 20:08:06,994 [DEBUG|AmbulanceTeam/1240460622|TestSearchForFire] best path is:[33817, 3615, 7035, 2427, 1471, 8844, 7764, 5199, 3570, 34442, 34443, 6612, 4659, 620, 2949, 6621, 33793, 1197, 7683, 32980, 2463, 5271, 3489, 1378, 8628, 33789, 33038, 33037, 33039, 5145, 14903, 14887]
2018-04-15 20:08:06,994 [DEBUG|AmbulanceTeam/1240460622|TestSearchForFire] choosed:5145
2018-04-15 20:08:13,642 [DEBUG|AmbulanceTeam/1240460622|TestHumanDetector] Time:13
2018-04-15 20:08:13,643 [DEBUG|AmbulanceTeam/1240460622|TestSearchForFire] Time:13
2018-04-15 20:08:13,644 [DEBUG|AmbulanceTeam/1240460622|TestHumanDetector] Targets:[]
2018-04-15 20:08:13,644 [DEBUG|AmbulanceTeam/1240460622|TestSearchForFire] unsearchedBuildingIDs:[33664, 33667, 15491, 32643, 32644, 33670, 12167, 12682, 27146, 11275, 9742, 17935, 25237, 24341, 15128, 24985, 14745, 15002, 28699, 12443, 27036, 11164, 32674, 32931, 14887, 23079, 24233, 32683, 12590, 23474, 15029, 17339, 24895, 30913, 16708, 24260, 32965, 32966, 9929, 28617, 29898, 24395, 17741, 15182, 15056, 30033, 22097, 17875, 12502, 17366, 24923, 16091, 23390, 22239, 36066, 28644, 17902, 32624, 17393, 23025, 12535, 24952, 23418, 15101]
2018-04-15 20:08:13,647 [DEBUG|AmbulanceTeam/1240460622|TestSearchForFire] best path is:[33817, 3615, 7035, 2427, 1471, 8844, 7764, 5199, 3570, 34442, 34443, 6612, 4659, 620, 2949, 6621, 33793, 1197, 7683, 32980, 2463, 5271, 3489, 1378, 8628, 33789, 33038, 33037, 33039, 5145, 14903, 14887]
2018-04-15 20:08:13,647 [DEBUG|AmbulanceTeam/1240460622|TestSearchForFire] choosed:5145
2018-04-15 20:08:20,165 [DEBUG|AmbulanceTeam/1240460622|TestHumanDetector] Time:14
2018-04-15 20:08:20,165 [DEBUG|AmbulanceTeam/1240460622|TestSearchForFire] Time:14
2018-04-15 20:08:20,166 [DEBUG|AmbulanceTeam/1240460622|TestHumanDetector] Targets:[]
2018-04-15 20:08:20,166 [DEBUG|AmbulanceTeam/1240460622|TestSearchForFire] unsearchedBuildingIDs:[33664, 33667, 15491, 32643, 32644, 33670, 12167, 12682, 27146, 11275, 9742, 17935, 25237, 24341, 15128, 24985, 14745, 15002, 28699, 12443, 27036, 11164, 32674, 32931, 14887, 23079, 24233, 32683, 12590, 23474, 15029, 17339, 24895, 30913, 16708, 24260, 32965, 32966, 9929, 28617, 29898, 24395, 17741, 15182, 15056, 30033, 22097, 17875, 12502, 17366, 24923, 16091, 23390, 22239, 36066, 28644, 17902, 32624, 17393, 23025, 12535, 24952, 23418, 15101]
2018-04-15 20:08:20,170 [DEBUG|AmbulanceTeam/1240460622|TestSearchForFire] best path is:[33817, 3615, 7035, 2427, 1471, 8844, 7764, 5199, 3570, 34442, 34443, 6612, 4659, 620, 2949, 6621, 33793, 1197, 7683, 32980, 2463, 5271, 3489, 1378, 8628, 33789, 33038, 33037, 33039, 5145, 14903, 14887]
2018-04-15 20:08:20,170 [DEBUG|AmbulanceTeam/1240460622|TestSearchForFire] choosed:5145
2018-04-15 20:08:27,301 [DEBUG|AmbulanceTeam/1240460622|TestHumanDetector] Time:15
2018-04-15 20:08:27,301 [DEBUG|AmbulanceTeam/1240460622|TestSearchForFire] Time:15
2018-04-15 20:08:27,301 [DEBUG|AmbulanceTeam/1240460622|TestHumanDetector] Targets:[]
2018-04-15 20:08:27,301 [DEBUG|AmbulanceTeam/1240460622|TestSearchForFire] unsearchedBuildingIDs:[33664, 33667, 15491, 32643, 32644, 33670, 12167, 12682, 27146, 11275, 9742, 17935, 25237, 24341, 15128, 24985, 14745, 15002, 28699, 12443, 27036, 11164, 32674, 32931, 14887, 23079, 24233, 32683, 12590, 23474, 15029, 17339, 24895, 30913, 16708, 24260, 32965, 32966, 9929, 28617, 29898, 24395, 17741, 15182, 15056, 30033, 22097, 17875, 12502, 17366, 24923, 16091, 23390, 22239, 36066, 28644, 17902, 32624, 17393, 23025, 12535, 24952, 23418, 15101]
2018-04-15 20:08:27,305 [DEBUG|AmbulanceTeam/1240460622|TestSearchForFire] best path is:[33817, 3615, 7035, 2427, 1471, 8844, 7764, 5199, 3570, 34442, 34443, 6612, 4659, 620, 2949, 6621, 33793, 1197, 7683, 32980, 2463, 5271, 3489, 1378, 8628, 33789, 33038, 33037, 33039, 5145, 14903, 14887]
2018-04-15 20:08:27,306 [DEBUG|AmbulanceTeam/1240460622|TestSearchForFire] choosed:5145
2018-04-15 20:08:34,257 [DEBUG|AmbulanceTeam/1240460622|TestHumanDetector] Time:16
2018-04-15 20:08:34,257 [DEBUG|AmbulanceTeam/1240460622|TestSearchForFire] Time:16
2018-04-15 20:08:34,257 [DEBUG|AmbulanceTeam/1240460622|TestHumanDetector] Targets:[]
2018-04-15 20:08:34,257 [DEBUG|AmbulanceTeam/1240460622|TestSearchForFire] unsearchedBuildingIDs:[33664, 33667, 15491, 32643, 32644, 33670, 12167, 12682, 27146, 11275, 9742, 17935, 25237, 24341, 15128, 24985, 14745, 15002, 28699, 12443, 27036, 11164, 32674, 32931, 14887, 23079, 24233, 32683, 12590, 23474, 15029, 17339, 24895, 30913, 16708, 24260, 32965, 32966, 9929, 28617, 29898, 24395, 17741, 15182, 15056, 30033, 22097, 17875, 12502, 17366, 24923, 16091, 23390, 22239, 36066, 28644, 17902, 32624, 17393, 23025, 12535, 24952, 23418, 15101]
2018-04-15 20:08:34,260 [DEBUG|AmbulanceTeam/1240460622|TestSearchForFire] best path is:[33817, 3615, 7035, 2427, 1471, 8844, 7764, 5199, 3570, 34442, 34443, 6612, 4659, 620, 2949, 6621, 33793, 1197, 7683, 32980, 2463, 5271, 3489, 1378, 8628, 33789, 33038, 33037, 33039, 5145, 14903, 14887]
2018-04-15 20:08:34,261 [DEBUG|AmbulanceTeam/1240460622|TestSearchForFire] choosed:5145
2018-04-15 20:08:41,232 [DEBUG|AmbulanceTeam/1240460622|TestHumanDetector] Time:17
2018-04-15 20:08:41,232 [DEBUG|AmbulanceTeam/1240460622|TestSearchForFire] Time:17
2018-04-15 20:08:41,233 [DEBUG|AmbulanceTeam/1240460622|TestHumanDetector] Targets:[]
2018-04-15 20:08:41,233 [DEBUG|AmbulanceTeam/1240460622|TestSearchForFire] unsearchedBuildingIDs:[33664, 33667, 15491, 32643, 32644, 33670, 12167, 12682, 27146, 11275, 9742, 17935, 25237, 24341, 15128, 24985, 14745, 15002, 28699, 12443, 27036, 11164, 32674, 32931, 14887, 23079, 24233, 32683, 12590, 23474, 15029, 17339, 24895, 30913, 16708, 24260, 32965, 32966, 9929, 28617, 29898, 24395, 17741, 15182, 15056, 30033, 22097, 17875, 12502, 17366, 24923, 16091, 23390, 22239, 36066, 28644, 17902, 32624, 17393, 23025, 12535, 24952, 23418, 15101]
2018-04-15 20:08:41,235 [DEBUG|AmbulanceTeam/1240460622|TestSearchForFire] best path is:[33817, 3615, 7035, 2427, 1471, 8844, 7764, 5199, 3570, 34442, 34443, 6612, 4659, 620, 2949, 6621, 33793, 1197, 7683, 32980, 2463, 5271, 3489, 1378, 8628, 33789, 33038, 33037, 33039, 5145, 14903, 14887]
2018-04-15 20:08:41,235 [DEBUG|AmbulanceTeam/1240460622|TestSearchForFire] choosed:5145
2018-04-15 20:08:49,153 [DEBUG|AmbulanceTeam/1240460622|TestHumanDetector] Time:18
2018-04-15 20:08:49,153 [DEBUG|AmbulanceTeam/1240460622|TestSearchForFire] Time:18
2018-04-15 20:08:49,154 [DEBUG|AmbulanceTeam/1240460622|TestHumanDetector] Targets:[]
2018-04-15 20:08:49,154 [DEBUG|AmbulanceTeam/1240460622|TestSearchForFire] unsearchedBuildingIDs:[33664, 33667, 15491, 32643, 32644, 33670, 12167, 12682, 27146, 11275, 9742, 17935, 25237, 24341, 15128, 24985, 14745, 15002, 28699, 12443, 27036, 11164, 32674, 32931, 14887, 23079, 24233, 32683, 12590, 23474, 15029, 17339, 24895, 30913, 16708, 24260, 32965, 32966, 9929, 28617, 29898, 24395, 17741, 15182, 15056, 30033, 22097, 17875, 12502, 17366, 24923, 16091, 23390, 22239, 36066, 28644, 17902, 32624, 17393, 23025, 12535, 24952, 23418, 15101]
2018-04-15 20:08:49,158 [DEBUG|AmbulanceTeam/1240460622|TestSearchForFire] best path is:[33817, 3615, 7035, 2427, 1471, 8844, 7764, 5199, 3570, 34442, 34443, 6612, 4659, 620, 2949, 6621, 33793, 1197, 7683, 32980, 2463, 5271, 3489, 1378, 8628, 33789, 33038, 33037, 33039, 5145, 14903, 14887]
2018-04-15 20:08:49,158 [DEBUG|AmbulanceTeam/1240460622|TestSearchForFire] choosed:5145
2018-04-15 20:08:55,725 [DEBUG|AmbulanceTeam/1240460622|TestHumanDetector] Time:19
2018-04-15 20:08:55,725 [DEBUG|AmbulanceTeam/1240460622|TestSearchForFire] Time:19
2018-04-15 20:08:55,725 [DEBUG|AmbulanceTeam/1240460622|TestHumanDetector] Targets:[]
2018-04-15 20:08:55,725 [DEBUG|AmbulanceTeam/1240460622|TestSearchForFire] unsearchedBuildingIDs:[33664, 33667, 15491, 32643, 32644, 33670, 12167, 12682, 27146, 11275, 9742, 17935, 25237, 24341, 15128, 24985, 14745, 15002, 28699, 12443, 27036, 11164, 32674, 32931, 14887, 23079, 24233, 32683, 12590, 23474, 15029, 17339, 24895, 30913, 16708, 24260, 32965, 32966, 9929, 28617, 29898, 24395, 17741, 15182, 15056, 30033, 22097, 17875, 12502, 17366, 24923, 16091, 23390, 22239, 36066, 28644, 17902, 32624, 17393, 23025, 12535, 24952, 23418, 15101]
2018-04-15 20:08:55,730 [DEBUG|AmbulanceTeam/1240460622|TestSearchForFire] best path is:[33817, 3615, 7035, 2427, 1471, 8844, 7764, 5199, 3570, 34442, 34443, 6612, 4659, 620, 2949, 6621, 33793, 1197, 7683, 32980, 2463, 5271, 3489, 1378, 8628, 33789, 33038, 33037, 33039, 5145, 14903, 14887]
2018-04-15 20:08:55,730 [DEBUG|AmbulanceTeam/1240460622|TestSearchForFire] choosed:5145
2018-04-15 20:09:02,401 [DEBUG|AmbulanceTeam/1240460622|TestHumanDetector] Time:20
2018-04-15 20:09:02,401 [DEBUG|AmbulanceTeam/1240460622|TestSearchForFire] Time:20
2018-04-15 20:09:02,401 [DEBUG|AmbulanceTeam/1240460622|TestHumanDetector] Targets:[]
2018-04-15 20:09:02,401 [DEBUG|AmbulanceTeam/1240460622|TestSearchForFire] unsearchedBuildingIDs:[33664, 33667, 15491, 32643, 32644, 33670, 12167, 12682, 27146, 11275, 9742, 17935, 25237, 24341, 15128, 24985, 14745, 15002, 28699, 12443, 27036, 11164, 32674, 32931, 14887, 23079, 24233, 32683, 12590, 23474, 15029, 17339, 24895, 30913, 16708, 24260, 32965, 32966, 9929, 28617, 29898, 24395, 17741, 15182, 15056, 30033, 22097, 17875, 12502, 17366, 24923, 16091, 23390, 22239, 36066, 28644, 17902, 32624, 17393, 23025, 12535, 24952, 23418, 15101]
2018-04-15 20:09:02,404 [DEBUG|AmbulanceTeam/1240460622|TestSearchForFire] best path is:[33817, 3615, 7035, 2427, 1471, 8844, 7764, 5199, 3570, 34442, 34443, 6612, 4659, 620, 2949, 6621, 33793, 1197, 7683, 32980, 2463, 5271, 3489, 1378, 8628, 33789, 33038, 33037, 33039, 5145, 14903, 14887]
2018-04-15 20:09:02,404 [DEBUG|AmbulanceTeam/1240460622|TestSearchForFire] choosed:5145
2018-04-15 20:09:09,773 [DEBUG|AmbulanceTeam/1240460622|TestHumanDetector] Time:21
2018-04-15 20:09:09,773 [DEBUG|AmbulanceTeam/1240460622|TestSearchForFire] Time:21
2018-04-15 20:09:09,773 [DEBUG|AmbulanceTeam/1240460622|TestHumanDetector] Targets:[]
2018-04-15 20:09:09,773 [DEBUG|AmbulanceTeam/1240460622|TestSearchForFire] unsearchedBuildingIDs:[33664, 33667, 15491, 32643, 32644, 33670, 12167, 12682, 27146, 11275, 9742, 17935, 25237, 24341, 15128, 24985, 14745, 15002, 28699, 12443, 27036, 11164, 32674, 32931, 14887, 23079, 24233, 32683, 12590, 23474, 15029, 17339, 24895, 30913, 16708, 24260, 32965, 32966, 9929, 28617, 29898, 24395, 17741, 15182, 15056, 30033, 22097, 17875, 12502, 17366, 24923, 16091, 23390, 22239, 36066, 28644, 17902, 32624, 17393, 23025, 12535, 24952, 23418, 15101]
2018-04-15 20:09:09,776 [DEBUG|AmbulanceTeam/1240460622|TestSearchForFire] best path is:[33817, 3615, 7035, 2427, 1471, 8844, 7764, 5199, 3570, 34442, 34443, 6612, 4659, 620, 2949, 6621, 33793, 1197, 7683, 32980, 2463, 5271, 3489, 1378, 8628, 33789, 33038, 33037, 33039, 5145, 14903, 14887]
2018-04-15 20:09:09,777 [DEBUG|AmbulanceTeam/1240460622|TestSearchForFire] choosed:5145
2018-04-15 20:09:16,382 [DEBUG|AmbulanceTeam/1240460622|TestHumanDetector] Time:22
2018-04-15 20:09:16,382 [DEBUG|AmbulanceTeam/1240460622|TestSearchForFire] Time:22
2018-04-15 20:09:16,382 [DEBUG|AmbulanceTeam/1240460622|TestHumanDetector] Targets:[]
2018-04-15 20:09:16,382 [DEBUG|AmbulanceTeam/1240460622|TestSearchForFire] unsearchedBuildingIDs:[33664, 33667, 15491, 32643, 32644, 33670, 12167, 12682, 27146, 11275, 9742, 17935, 25237, 24341, 15128, 24985, 14745, 15002, 28699, 12443, 27036, 11164, 32674, 32931, 14887, 23079, 24233, 32683, 12590, 23474, 15029, 17339, 24895, 30913, 16708, 24260, 32965, 32966, 9929, 28617, 29898, 24395, 17741, 15182, 15056, 30033, 22097, 17875, 12502, 17366, 24923, 16091, 23390, 22239, 36066, 28644, 17902, 32624, 17393, 23025, 12535, 24952, 23418, 15101]
2018-04-15 20:09:16,385 [DEBUG|AmbulanceTeam/1240460622|TestSearchForFire] best path is:[33817, 3615, 7035, 2427, 1471, 8844, 7764, 5199, 3570, 34442, 34443, 6612, 4659, 620, 2949, 6621, 33793, 1197, 7683, 32980, 2463, 5271, 3489, 1378, 8628, 33789, 33038, 33037, 33039, 5145, 14903, 14887]
2018-04-15 20:09:16,385 [DEBUG|AmbulanceTeam/1240460622|TestSearchForFire] choosed:5145
2018-04-15 20:09:22,516 [DEBUG|AmbulanceTeam/1240460622|TestHumanDetector] Time:23
2018-04-15 20:09:22,516 [DEBUG|AmbulanceTeam/1240460622|TestSearchForFire] Time:23
2018-04-15 20:09:22,517 [DEBUG|AmbulanceTeam/1240460622|TestHumanDetector] Targets:[]
2018-04-15 20:09:22,517 [DEBUG|AmbulanceTeam/1240460622|TestSearchForFire] unsearchedBuildingIDs:[33664, 33667, 15491, 32643, 32644, 33670, 12167, 12682, 27146, 11275, 9742, 17935, 25237, 24341, 15128, 24985, 14745, 15002, 28699, 12443, 27036, 11164, 32674, 32931, 14887, 23079, 24233, 32683, 12590, 23474, 15029, 17339, 24895, 30913, 16708, 24260, 32965, 32966, 9929, 28617, 29898, 24395, 17741, 15182, 15056, 30033, 22097, 17875, 12502, 17366, 24923, 16091, 23390, 22239, 36066, 28644, 17902, 32624, 17393, 23025, 12535, 24952, 23418, 15101]
2018-04-15 20:09:22,521 [DEBUG|AmbulanceTeam/1240460622|TestSearchForFire] best path is:[33817, 3615, 7035, 2427, 1471, 8844, 7764, 5199, 3570, 34442, 34443, 6612, 4659, 620, 2949, 6621, 33793, 1197, 7683, 32980, 2463, 5271, 3489, 1378, 8628, 33789, 33038, 33037, 33039, 5145, 14903, 14887]
2018-04-15 20:09:22,521 [DEBUG|AmbulanceTeam/1240460622|TestSearchForFire] choosed:5145
2018-04-15 20:09:28,477 [DEBUG|AmbulanceTeam/1240460622|TestHumanDetector] Time:24
2018-04-15 20:09:28,477 [DEBUG|AmbulanceTeam/1240460622|TestSearchForFire] Time:24
2018-04-15 20:09:28,477 [DEBUG|AmbulanceTeam/1240460622|TestHumanDetector] Targets:[]
2018-04-15 20:09:28,477 [DEBUG|AmbulanceTeam/1240460622|TestSearchForFire] unsearchedBuildingIDs:[33664, 33667, 15491, 32643, 32644, 33670, 12167, 12682, 27146, 11275, 9742, 17935, 25237, 24341, 15128, 24985, 14745, 15002, 28699, 12443, 27036, 11164, 32674, 32931, 14887, 23079, 24233, 32683, 12590, 23474, 15029, 17339, 24895, 30913, 16708, 24260, 32965, 32966, 9929, 28617, 29898, 24395, 17741, 15182, 15056, 30033, 22097, 17875, 12502, 17366, 24923, 16091, 23390, 22239, 36066, 28644, 17902, 32624, 17393, 23025, 12535, 24952, 23418, 15101]
2018-04-15 20:09:28,482 [DEBUG|AmbulanceTeam/1240460622|TestSearchForFire] best path is:[33817, 3615, 7035, 2427, 1471, 8844, 7764, 5199, 3570, 34442, 34443, 6612, 4659, 620, 2949, 6621, 33793, 1197, 7683, 32980, 2463, 5271, 3489, 1378, 8628, 33789, 33038, 33037, 33039, 5145, 14903, 14887]
2018-04-15 20:09:28,482 [DEBUG|AmbulanceTeam/1240460622|TestSearchForFire] choosed:5145
2018-04-15 20:09:34,312 [DEBUG|AmbulanceTeam/1240460622|TestHumanDetector] Time:25
2018-04-15 20:09:34,313 [DEBUG|AmbulanceTeam/1240460622|TestSearchForFire] Time:25
2018-04-15 20:09:34,314 [DEBUG|AmbulanceTeam/1240460622|TestHumanDetector] Targets:[]
2018-04-15 20:09:34,314 [DEBUG|AmbulanceTeam/1240460622|TestSearchForFire] unsearchedBuildingIDs:[33664, 33667, 15491, 32643, 32644, 33670, 12167, 12682, 27146, 11275, 9742, 17935, 25237, 24341, 15128, 24985, 14745, 15002, 28699, 12443, 27036, 11164, 32674, 32931, 14887, 23079, 24233, 32683, 12590, 23474, 15029, 17339, 24895, 30913, 16708, 24260, 32965, 32966, 9929, 28617, 29898, 24395, 17741, 15182, 15056, 30033, 22097, 17875, 12502, 17366, 24923, 16091, 23390, 22239, 36066, 28644, 17902, 32624, 17393, 23025, 12535, 24952, 23418, 15101]
2018-04-15 20:09:34,318 [DEBUG|AmbulanceTeam/1240460622|TestSearchForFire] best path is:[33817, 3615, 7035, 2427, 1471, 8844, 7764, 5199, 3570, 34442, 34443, 6612, 4659, 620, 2949, 6621, 33793, 1197, 7683, 32980, 2463, 5271, 3489, 1378, 8628, 33789, 33038, 33037, 33039, 5145, 14903, 14887]
2018-04-15 20:09:34,318 [DEBUG|AmbulanceTeam/1240460622|TestSearchForFire] choosed:5145
2018-04-15 20:09:40,389 [DEBUG|AmbulanceTeam/1240460622|TestHumanDetector] Time:26
2018-04-15 20:09:40,389 [DEBUG|AmbulanceTeam/1240460622|TestSearchForFire] Time:26
2018-04-15 20:09:40,389 [DEBUG|AmbulanceTeam/1240460622|TestHumanDetector] Targets:[]
2018-04-15 20:09:40,389 [DEBUG|AmbulanceTeam/1240460622|TestSearchForFire] unsearchedBuildingIDs:[33664, 33667, 15491, 32643, 32644, 33670, 12167, 12682, 27146, 11275, 9742, 17935, 25237, 24341, 15128, 24985, 14745, 15002, 28699, 12443, 27036, 11164, 32674, 32931, 14887, 23079, 24233, 32683, 12590, 23474, 15029, 17339, 24895, 30913, 16708, 24260, 32965, 32966, 9929, 28617, 29898, 24395, 17741, 15182, 15056, 30033, 22097, 17875, 12502, 17366, 24923, 16091, 23390, 22239, 36066, 28644, 17902, 32624, 17393, 23025, 12535, 24952, 23418, 15101]
2018-04-15 20:09:40,393 [DEBUG|AmbulanceTeam/1240460622|TestSearchForFire] best path is:[33817, 3615, 7035, 2427, 1471, 8844, 7764, 5199, 3570, 34442, 34443, 6612, 4659, 620, 2949, 6621, 33793, 1197, 7683, 32980, 2463, 5271, 3489, 1378, 8628, 33789, 33038, 33037, 33039, 5145, 14903, 14887]
2018-04-15 20:09:40,393 [DEBUG|AmbulanceTeam/1240460622|TestSearchForFire] choosed:5145
2018-04-15 20:09:46,220 [DEBUG|AmbulanceTeam/1240460622|TestHumanDetector] Time:27
2018-04-15 20:09:46,221 [DEBUG|AmbulanceTeam/1240460622|TestSearchForFire] Time:27
2018-04-15 20:09:46,221 [DEBUG|AmbulanceTeam/1240460622|TestHumanDetector] Targets:[]
2018-04-15 20:09:46,221 [DEBUG|AmbulanceTeam/1240460622|TestSearchForFire] unsearchedBuildingIDs:[33664, 33667, 15491, 32643, 32644, 33670, 12167, 12682, 27146, 11275, 9742, 17935, 25237, 24341, 15128, 24985, 14745, 15002, 28699, 12443, 27036, 11164, 32674, 32931, 14887, 23079, 24233, 32683, 12590, 23474, 15029, 17339, 24895, 30913, 16708, 24260, 32965, 32966, 9929, 28617, 29898, 24395, 17741, 15182, 15056, 30033, 22097, 17875, 12502, 17366, 24923, 16091, 23390, 22239, 36066, 28644, 17902, 32624, 17393, 23025, 12535, 24952, 23418, 15101]
2018-04-15 20:09:46,224 [DEBUG|AmbulanceTeam/1240460622|TestSearchForFire] best path is:[33817, 3615, 7035, 2427, 1471, 8844, 7764, 5199, 3570, 34442, 34443, 6612, 4659, 620, 2949, 6621, 33793, 1197, 7683, 32980, 2463, 5271, 3489, 1378, 8628, 33789, 33038, 33037, 33039, 5145, 14903, 14887]
2018-04-15 20:09:46,224 [DEBUG|AmbulanceTeam/1240460622|TestSearchForFire] choosed:5145
2018-04-15 20:09:52,293 [DEBUG|AmbulanceTeam/1240460622|TestHumanDetector] Time:28
2018-04-15 20:09:52,293 [DEBUG|AmbulanceTeam/1240460622|TestSearchForFire] Time:28
2018-04-15 20:09:52,293 [DEBUG|AmbulanceTeam/1240460622|TestHumanDetector] Targets:[]
2018-04-15 20:09:52,294 [DEBUG|AmbulanceTeam/1240460622|TestSearchForFire] unsearchedBuildingIDs:[33664, 33667, 15491, 32643, 32644, 33670, 12167, 12682, 27146, 11275, 9742, 17935, 25237, 24341, 15128, 24985, 14745, 15002, 28699, 12443, 27036, 11164, 32674, 32931, 14887, 23079, 24233, 32683, 12590, 23474, 15029, 17339, 24895, 30913, 16708, 24260, 32965, 32966, 9929, 28617, 29898, 24395, 17741, 15182, 15056, 30033, 22097, 17875, 12502, 17366, 24923, 16091, 23390, 22239, 36066, 28644, 17902, 32624, 17393, 23025, 12535, 24952, 23418, 15101]
2018-04-15 20:09:52,295 [DEBUG|AmbulanceTeam/1240460622|TestSearchForFire] best path is:[7764, 5199, 3570, 34442, 34443, 6612, 4659, 620, 2949, 6621, 33793, 1197, 7683, 32980, 2463, 5271, 3489, 1378, 8628, 33789, 33038, 33037, 33039, 5145, 14903, 14887]
2018-04-15 20:09:52,295 [DEBUG|AmbulanceTeam/1240460622|TestSearchForFire] choosed:5145
2018-04-15 20:09:58,136 [DEBUG|AmbulanceTeam/1240460622|TestHumanDetector] Time:29
2018-04-15 20:09:58,136 [DEBUG|AmbulanceTeam/1240460622|TestSearchForFire] Time:29
2018-04-15 20:09:58,137 [DEBUG|AmbulanceTeam/1240460622|TestHumanDetector] Targets:[]
2018-04-15 20:09:58,137 [DEBUG|AmbulanceTeam/1240460622|TestSearchForFire] unsearchedBuildingIDs:[33664, 33667, 15491, 32643, 32644, 33670, 12167, 12682, 27146, 11275, 9742, 17935, 25237, 24341, 15128, 24985, 14745, 15002, 28699, 12443, 27036, 11164, 32674, 32931, 14887, 23079, 24233, 32683, 12590, 23474, 15029, 17339, 24895, 30913, 16708, 24260, 32965, 32966, 9929, 28617, 29898, 24395, 17741, 15182, 15056, 30033, 22097, 17875, 12502, 17366, 24923, 16091, 23390, 22239, 36066, 28644, 17902, 32624, 17393, 23025, 12535, 24952, 23418, 15101]
2018-04-15 20:09:58,138 [DEBUG|AmbulanceTeam/1240460622|TestSearchForFire] best path is:[7764, 5199, 3570, 34442, 34443, 6612, 4659, 620, 2949, 6621, 33793, 1197, 7683, 32980, 2463, 5271, 3489, 1378, 8628, 33789, 33038, 33037, 33039, 5145, 14903, 14887]
2018-04-15 20:09:58,138 [DEBUG|AmbulanceTeam/1240460622|TestSearchForFire] choosed:5145
2018-04-15 20:10:04,084 [DEBUG|AmbulanceTeam/1240460622|TestHumanDetector] Time:30
2018-04-15 20:10:04,084 [DEBUG|AmbulanceTeam/1240460622|TestSearchForFire] Time:30
2018-04-15 20:10:04,084 [DEBUG|AmbulanceTeam/1240460622|TestHumanDetector] Targets:[]
2018-04-15 20:10:04,085 [DEBUG|AmbulanceTeam/1240460622|TestSearchForFire] unsearchedBuildingIDs:[33664, 33667, 15491, 32643, 32644, 33670, 12167, 12682, 27146, 11275, 9742, 17935, 25237, 24341, 15128, 24985, 14745, 15002, 28699, 12443, 27036, 11164, 32674, 32931, 14887, 23079, 24233, 32683, 12590, 23474, 15029, 17339, 24895, 30913, 16708, 24260, 32965, 32966, 9929, 28617, 29898, 24395, 17741, 15182, 15056, 30033, 22097, 17875, 12502, 17366, 24923, 16091, 23390, 22239, 36066, 28644, 17902, 32624, 17393, 23025, 12535, 24952, 23418, 15101]
2018-04-15 20:10:04,085 [DEBUG|AmbulanceTeam/1240460622|TestSearchForFire] best path is:[4659, 620, 2949, 6621, 33793, 1197, 7683, 32980, 2463, 5271, 3489, 1378, 8628, 33789, 33038, 33037, 33039, 5145, 14903, 14887]
2018-04-15 20:10:04,085 [DEBUG|AmbulanceTeam/1240460622|TestSearchForFire] choosed:5145
2018-04-15 20:10:09,832 [DEBUG|AmbulanceTeam/1240460622|TestHumanDetector] Time:31
2018-04-15 20:10:09,832 [DEBUG|AmbulanceTeam/1240460622|TestSearchForFire] Time:31
2018-04-15 20:10:09,832 [DEBUG|AmbulanceTeam/1240460622|TestHumanDetector] Targets:[]
2018-04-15 20:10:09,833 [DEBUG|AmbulanceTeam/1240460622|TestSearchForFire] unsearchedBuildingIDs:[33664, 33667, 15491, 32643, 32644, 33670, 12167, 12682, 27146, 11275, 9742, 17935, 25237, 24341, 15128, 24985, 14745, 15002, 28699, 12443, 27036, 11164, 32674, 32931, 14887, 23079, 24233, 32683, 12590, 23474, 15029, 17339, 24895, 30913, 16708, 24260, 32965, 32966, 9929, 28617, 29898, 24395, 17741, 15182, 15056, 30033, 22097, 17875, 12502, 17366, 24923, 16091, 23390, 22239, 36066, 28644, 17902, 32624, 17393, 23025, 12535, 24952, 23418, 15101]
2018-04-15 20:10:09,833 [DEBUG|AmbulanceTeam/1240460622|TestSearchForFire] best path is:[33793, 1197, 7683, 32980, 2463, 5271, 3489, 1378, 8628, 33789, 33038, 33037, 33039, 5145, 14903, 14887]
2018-04-15 20:10:09,833 [DEBUG|AmbulanceTeam/1240460622|TestSearchForFire] choosed:5145
2018-04-15 20:10:15,432 [DEBUG|AmbulanceTeam/1240460622|TestHumanDetector] Time:32
2018-04-15 20:10:15,432 [DEBUG|AmbulanceTeam/1240460622|TestSearchForFire] Time:32
2018-04-15 20:10:15,433 [DEBUG|AmbulanceTeam/1240460622|TestHumanDetector] Targets:[]
2018-04-15 20:10:15,433 [DEBUG|AmbulanceTeam/1240460622|TestSearchForFire] unsearchedBuildingIDs:[33664, 33667, 15491, 32643, 32644, 33670, 12167, 12682, 27146, 11275, 9742, 17935, 25237, 24341, 15128, 24985, 14745, 15002, 28699, 12443, 27036, 11164, 32674, 32931, 14887, 23079, 24233, 32683, 12590, 23474, 15029, 17339, 24895, 30913, 16708, 24260, 32965, 32966, 9929, 28617, 29898, 24395, 17741, 15182, 15056, 30033, 22097, 17875, 12502, 17366, 24923, 16091, 23390, 22239, 36066, 28644, 17902, 32624, 17393, 23025, 12535, 24952, 23418, 15101]
2018-04-15 20:10:15,433 [DEBUG|AmbulanceTeam/1240460622|TestSearchForFire] best path is:[5271, 3489, 1378, 8628, 33789, 33038, 33037, 33039, 5145, 14903, 14887]
2018-04-15 20:10:15,433 [DEBUG|AmbulanceTeam/1240460622|TestSearchForFire] choosed:5145
2018-04-15 20:10:20,905 [DEBUG|AmbulanceTeam/1240460622|TestHumanDetector] Time:33
2018-04-15 20:10:20,905 [DEBUG|AmbulanceTeam/1240460622|TestSearchForFire] Time:33
2018-04-15 20:10:20,905 [DEBUG|AmbulanceTeam/1240460622|TestHumanDetector] Targets:[]
2018-04-15 20:10:20,905 [DEBUG|AmbulanceTeam/1240460622|TestSearchForFire] unsearchedBuildingIDs:[33664, 33667, 15491, 32643, 32644, 33670, 12167, 12682, 27146, 11275, 9742, 17935, 25237, 24341, 15128, 24985, 14745, 15002, 28699, 12443, 27036, 32674, 32931, 14887, 23079, 24233, 32683, 12590, 23474, 15029, 17339, 24895, 30913, 16708, 24260, 32965, 32966, 9929, 28617, 29898, 24395, 17741, 15182, 15056, 30033, 22097, 17875, 12502, 17366, 24923, 16091, 23390, 22239, 36066, 17902, 32624, 17393, 23025, 12535, 24952, 23418, 15101]
2018-04-15 20:10:20,905 [DEBUG|AmbulanceTeam/1240460622|TestSearchForFire] best path is:[5145, 14903, 14887]
2018-04-15 20:10:20,905 [DEBUG|AmbulanceTeam/1240460622|TestSearchForFire] choosed:5145
2018-04-15 20:10:26,400 [DEBUG|AmbulanceTeam/1240460622|TestHumanDetector] Time:34
2018-04-15 20:10:26,401 [DEBUG|AmbulanceTeam/1240460622|TestSearchForFire] Time:34
2018-04-15 20:10:26,401 [DEBUG|AmbulanceTeam/1240460622|TestHumanDetector] Targets:[]
2018-04-15 20:10:26,401 [DEBUG|AmbulanceTeam/1240460622|TestSearchForFire] unsearchedBuildingIDs:[33664, 33667, 15491, 32643, 32644, 33670, 12167, 12682, 27146, 11275, 9742, 17935, 25237, 24341, 15128, 24985, 14745, 15002, 28699, 12443, 27036, 32674, 32931, 23079, 24233, 32683, 12590, 23474, 15029, 17339, 24895, 30913, 16708, 24260, 32965, 32966, 9929, 28617, 29898, 24395, 17741, 15182, 15056, 30033, 22097, 17875, 12502, 17366, 24923, 16091, 23390, 22239, 36066, 17902, 32624, 17393, 23025, 12535, 24952, 23418, 15101]
2018-04-15 20:10:26,401 [DEBUG|AmbulanceTeam/1240460622|TestSearchForFire] best path is:[5145, 33707, 9240, 33713, 16708]
2018-04-15 20:10:26,401 [DEBUG|AmbulanceTeam/1240460622|TestSearchForFire] choosed:9240
2018-04-15 20:10:31,785 [DEBUG|AmbulanceTeam/1240460622|TestHumanDetector] Time:35
2018-04-15 20:10:31,785 [DEBUG|AmbulanceTeam/1240460622|TestSearchForFire] Time:35
2018-04-15 20:10:31,785 [DEBUG|AmbulanceTeam/1240460622|TestHumanDetector] Targets:[]
2018-04-15 20:10:31,786 [DEBUG|AmbulanceTeam/1240460622|TestSearchForFire] unsearchedBuildingIDs:[33664, 33667, 15491, 32643, 32644, 33670, 12167, 12682, 27146, 11275, 9742, 17935, 25237, 24341, 15128, 24985, 14745, 15002, 28699, 12443, 27036, 32674, 32931, 23079, 24233, 32683, 12590, 23474, 15029, 17339, 24895, 30913, 24260, 32965, 32966, 9929, 28617, 29898, 24395, 17741, 15182, 15056, 30033, 22097, 17875, 12502, 17366, 24923, 16091, 23390, 22239, 36066, 17902, 32624, 17393, 12535, 24952, 23418, 15101]
2018-04-15 20:10:31,786 [DEBUG|AmbulanceTeam/1240460622|TestSearchForFire] best path is:[33707, 9240, 5622, 1554, 4866, 23041, 23025, 34171, 28617]
2018-04-15 20:10:31,786 [DEBUG|AmbulanceTeam/1240460622|TestSearchForFire] choosed:23025
2018-04-15 20:10:37,516 [DEBUG|AmbulanceTeam/1240460622|TestHumanDetector] Time:36
2018-04-15 20:10:37,516 [DEBUG|AmbulanceTeam/1240460622|TestSearchForFire] Time:36
2018-04-15 20:10:37,517 [DEBUG|AmbulanceTeam/1240460622|TestHumanDetector] Targets:[]
2018-04-15 20:10:37,517 [DEBUG|AmbulanceTeam/1240460622|TestSearchForFire] unsearchedBuildingIDs:[33664, 33667, 15491, 32643, 32644, 33670, 12167, 12682, 27146, 11275, 9742, 17935, 25237, 24341, 15128, 24985, 14745, 15002, 28699, 12443, 27036, 32674, 32931, 23079, 24233, 32683, 12590, 23474, 15029, 17339, 24895, 30913, 24260, 32965, 32966, 9929, 28617, 29898, 24395, 17741, 15182, 15056, 30033, 22097, 17875, 12502, 17366, 24923, 16091, 23390, 22239, 36066, 17902, 32624, 17393, 12535, 24952, 23418, 15101]
2018-04-15 20:10:37,517 [DEBUG|AmbulanceTeam/1240460622|TestSearchForFire] best path is:[33707, 9240, 5622, 1554, 4866, 23041, 23025, 34171, 28617]
2018-04-15 20:10:37,517 [DEBUG|AmbulanceTeam/1240460622|TestSearchForFire] choosed:23025
2018-04-15 20:10:42,661 [DEBUG|AmbulanceTeam/1240460622|TestHumanDetector] Time:37
2018-04-15 20:10:42,661 [DEBUG|AmbulanceTeam/1240460622|TestSearchForFire] Time:37
2018-04-15 20:10:42,661 [DEBUG|AmbulanceTeam/1240460622|TestHumanDetector] Targets:[]
2018-04-15 20:10:42,661 [DEBUG|AmbulanceTeam/1240460622|TestSearchForFire] unsearchedBuildingIDs:[33664, 33667, 15491, 32643, 32644, 33670, 12167, 12682, 27146, 11275, 9742, 17935, 25237, 24341, 15128, 24985, 14745, 15002, 28699, 12443, 27036, 32674, 32931, 23079, 24233, 32683, 12590, 23474, 15029, 17339, 24895, 30913, 24260, 32965, 32966, 9929, 28617, 29898, 24395, 17741, 15182, 15056, 30033, 22097, 17875, 12502, 17366, 24923, 16091, 23390, 22239, 36066, 17902, 32624, 17393, 12535, 24952, 23418, 15101]
2018-04-15 20:10:42,662 [DEBUG|AmbulanceTeam/1240460622|TestSearchForFire] best path is:[33707, 9240, 5622, 1554, 4866, 23041, 23025, 34171, 28617]
2018-04-15 20:10:42,662 [DEBUG|AmbulanceTeam/1240460622|TestSearchForFire] choosed:23025
2018-04-15 20:10:47,901 [DEBUG|AmbulanceTeam/1240460622|TestHumanDetector] Time:38
2018-04-15 20:10:47,901 [DEBUG|AmbulanceTeam/1240460622|TestSearchForFire] Time:38
2018-04-15 20:10:47,901 [DEBUG|AmbulanceTeam/1240460622|TestHumanDetector] Targets:[]
2018-04-15 20:10:47,901 [DEBUG|AmbulanceTeam/1240460622|TestSearchForFire] unsearchedBuildingIDs:[33664, 33667, 15491, 32643, 32644, 33670, 12167, 12682, 27146, 11275, 9742, 17935, 25237, 24341, 15128, 24985, 14745, 15002, 28699, 12443, 27036, 32674, 32931, 23079, 24233, 32683, 12590, 23474, 15029, 17339, 24895, 30913, 24260, 32965, 32966, 9929, 28617, 29898, 24395, 17741, 15182, 15056, 30033, 22097, 17875, 12502, 17366, 24923, 16091, 23390, 22239, 36066, 17902, 32624, 17393, 12535, 24952, 23418, 15101]
2018-04-15 20:10:47,901 [DEBUG|AmbulanceTeam/1240460622|TestSearchForFire] best path is:[33707, 9240, 5622, 1554, 4866, 23041, 23025, 34171, 28617]
2018-04-15 20:10:47,901 [DEBUG|AmbulanceTeam/1240460622|TestSearchForFire] choosed:23025
2018-04-15 20:10:53,065 [DEBUG|AmbulanceTeam/1240460622|TestHumanDetector] Time:39
2018-04-15 20:10:53,065 [DEBUG|AmbulanceTeam/1240460622|TestSearchForFire] Time:39
2018-04-15 20:10:53,065 [DEBUG|AmbulanceTeam/1240460622|TestHumanDetector] Targets:[]
2018-04-15 20:10:53,066 [DEBUG|AmbulanceTeam/1240460622|TestSearchForFire] unsearchedBuildingIDs:[33664, 33667, 15491, 32643, 32644, 33670, 12167, 12682, 27146, 11275, 9742, 17935, 25237, 24341, 15128, 24985, 14745, 15002, 28699, 12443, 27036, 32674, 32931, 23079, 24233, 32683, 12590, 23474, 15029, 17339, 24895, 30913, 24260, 32965, 32966, 9929, 28617, 29898, 24395, 17741, 15182, 15056, 30033, 22097, 17875, 12502, 17366, 24923, 16091, 23390, 22239, 36066, 17902, 32624, 17393, 12535, 24952, 23418, 15101]
2018-04-15 20:10:53,066 [DEBUG|AmbulanceTeam/1240460622|TestSearchForFire] best path is:[33707, 9240, 5622, 1554, 4866, 23041, 23025, 34171, 28617]
2018-04-15 20:10:53,066 [DEBUG|AmbulanceTeam/1240460622|TestSearchForFire] choosed:23025
2018-04-15 20:10:58,208 [DEBUG|AmbulanceTeam/1240460622|TestHumanDetector] Time:40
2018-04-15 20:10:58,209 [DEBUG|AmbulanceTeam/1240460622|TestSearchForFire] Time:40
2018-04-15 20:10:58,212 [DEBUG|AmbulanceTeam/1240460622|TestHumanDetector] Targets:[]
2018-04-15 20:10:58,213 [DEBUG|AmbulanceTeam/1240460622|TestSearchForFire] unsearchedBuildingIDs:[33664, 33667, 15491, 32643, 32644, 33670, 12167, 12682, 27146, 11275, 9742, 17935, 25237, 24341, 15128, 24985, 14745, 15002, 28699, 12443, 27036, 32674, 32931, 23079, 24233, 32683, 12590, 23474, 15029, 17339, 24895, 30913, 24260, 32965, 32966, 9929, 28617, 29898, 24395, 17741, 15182, 15056, 30033, 22097, 17875, 12502, 17366, 24923, 16091, 23390, 22239, 36066, 17902, 32624, 17393, 12535, 24952, 23418, 15101]
2018-04-15 20:10:58,213 [DEBUG|AmbulanceTeam/1240460622|TestSearchForFire] best path is:[33707, 9240, 5622, 1554, 4866, 23041, 23025, 34171, 28617]
2018-04-15 20:10:58,213 [DEBUG|AmbulanceTeam/1240460622|TestSearchForFire] choosed:23025
2018-04-15 20:11:03,203 [DEBUG|AmbulanceTeam/1240460622|TestHumanDetector] Time:41
2018-04-15 20:11:03,203 [DEBUG|AmbulanceTeam/1240460622|TestSearchForFire] Time:41
2018-04-15 20:11:03,203 [DEBUG|AmbulanceTeam/1240460622|TestHumanDetector] Targets:[]
2018-04-15 20:11:03,203 [DEBUG|AmbulanceTeam/1240460622|TestSearchForFire] unsearchedBuildingIDs:[33664, 33667, 15491, 32643, 32644, 33670, 12167, 12682, 27146, 11275, 9742, 17935, 25237, 24341, 15128, 24985, 14745, 15002, 28699, 12443, 27036, 32674, 32931, 23079, 24233, 32683, 12590, 23474, 15029, 17339, 24895, 30913, 24260, 32965, 32966, 9929, 28617, 29898, 24395, 17741, 15182, 15056, 30033, 22097, 17875, 12502, 17366, 24923, 16091, 23390, 22239, 36066, 17902, 32624, 17393, 12535, 24952, 23418, 15101]
2018-04-15 20:11:03,203 [DEBUG|AmbulanceTeam/1240460622|TestSearchForFire] best path is:[33707, 9240, 5622, 1554, 4866, 23041, 23025, 34171, 28617]
2018-04-15 20:11:03,203 [DEBUG|AmbulanceTeam/1240460622|TestSearchForFire] choosed:23025
2018-04-15 20:11:08,089 [DEBUG|AmbulanceTeam/1240460622|TestHumanDetector] Time:42
2018-04-15 20:11:08,089 [DEBUG|AmbulanceTeam/1240460622|TestSearchForFire] Time:42
2018-04-15 20:11:08,089 [DEBUG|AmbulanceTeam/1240460622|TestHumanDetector] Targets:[]
2018-04-15 20:11:08,089 [DEBUG|AmbulanceTeam/1240460622|TestSearchForFire] unsearchedBuildingIDs:[33664, 33667, 15491, 32643, 32644, 33670, 12167, 12682, 27146, 11275, 9742, 17935, 25237, 24341, 15128, 24985, 14745, 15002, 28699, 12443, 27036, 32674, 32931, 23079, 24233, 32683, 12590, 23474, 15029, 17339, 24895, 30913, 24260, 32965, 32966, 9929, 28617, 29898, 24395, 17741, 15182, 15056, 30033, 22097, 17875, 12502, 17366, 24923, 16091, 23390, 22239, 36066, 17902, 32624, 17393, 12535, 24952, 23418, 15101]
2018-04-15 20:11:08,089 [DEBUG|AmbulanceTeam/1240460622|TestSearchForFire] best path is:[33707, 9240, 5622, 1554, 4866, 23041, 23025, 34171, 28617]
2018-04-15 20:11:08,089 [DEBUG|AmbulanceTeam/1240460622|TestSearchForFire] choosed:23025
2018-04-15 20:11:13,185 [DEBUG|AmbulanceTeam/1240460622|TestHumanDetector] Time:43
2018-04-15 20:11:13,185 [DEBUG|AmbulanceTeam/1240460622|TestSearchForFire] Time:43
2018-04-15 20:11:13,185 [DEBUG|AmbulanceTeam/1240460622|TestHumanDetector] Targets:[]
2018-04-15 20:11:13,185 [DEBUG|AmbulanceTeam/1240460622|TestSearchForFire] unsearchedBuildingIDs:[33664, 33667, 15491, 32643, 32644, 33670, 12167, 12682, 27146, 11275, 9742, 17935, 25237, 24341, 15128, 24985, 14745, 15002, 28699, 12443, 27036, 32674, 32931, 23079, 24233, 32683, 12590, 23474, 15029, 17339, 24895, 30913, 24260, 32965, 32966, 9929, 28617, 29898, 24395, 17741, 15182, 15056, 30033, 22097, 17875, 12502, 17366, 24923, 16091, 23390, 22239, 36066, 17902, 32624, 17393, 12535, 24952, 23418, 15101]
2018-04-15 20:11:13,185 [DEBUG|AmbulanceTeam/1240460622|TestSearchForFire] best path is:[33707, 9240, 5622, 1554, 4866, 23041, 23025, 34171, 28617]
2018-04-15 20:11:13,185 [DEBUG|AmbulanceTeam/1240460622|TestSearchForFire] choosed:23025
2018-04-15 20:11:18,108 [DEBUG|AmbulanceTeam/1240460622|TestHumanDetector] Time:44
2018-04-15 20:11:18,109 [DEBUG|AmbulanceTeam/1240460622|TestSearchForFire] Time:44
2018-04-15 20:11:18,109 [DEBUG|AmbulanceTeam/1240460622|TestHumanDetector] Targets:[]
2018-04-15 20:11:18,109 [DEBUG|AmbulanceTeam/1240460622|TestSearchForFire] unsearchedBuildingIDs:[33664, 33667, 15491, 32643, 32644, 33670, 12167, 12682, 27146, 11275, 9742, 17935, 25237, 24341, 15128, 24985, 14745, 15002, 28699, 12443, 27036, 32674, 32931, 23079, 24233, 32683, 12590, 23474, 15029, 17339, 24895, 30913, 24260, 32965, 32966, 9929, 28617, 29898, 24395, 17741, 15182, 15056, 30033, 22097, 17875, 12502, 17366, 24923, 16091, 23390, 22239, 36066, 17902, 32624, 17393, 12535, 24952, 23418, 15101]
2018-04-15 20:11:18,109 [DEBUG|AmbulanceTeam/1240460622|TestSearchForFire] best path is:[33707, 9240, 5622, 1554, 4866, 23041, 23025, 34171, 28617]
2018-04-15 20:11:18,109 [DEBUG|AmbulanceTeam/1240460622|TestSearchForFire] choosed:23025
2018-04-15 20:11:23,521 [DEBUG|AmbulanceTeam/1240460622|TestHumanDetector] Time:45
2018-04-15 20:11:23,521 [DEBUG|AmbulanceTeam/1240460622|TestSearchForFire] Time:45
2018-04-15 20:11:23,521 [DEBUG|AmbulanceTeam/1240460622|TestHumanDetector] Targets:[]
2018-04-15 20:11:23,521 [DEBUG|AmbulanceTeam/1240460622|TestSearchForFire] unsearchedBuildingIDs:[33664, 33667, 15491, 32643, 32644, 33670, 12167, 12682, 27146, 11275, 9742, 17935, 25237, 24341, 15128, 24985, 14745, 15002, 28699, 12443, 27036, 32674, 32931, 23079, 24233, 32683, 12590, 23474, 15029, 17339, 24895, 30913, 24260, 32965, 32966, 9929, 28617, 29898, 24395, 17741, 15182, 15056, 30033, 22097, 17875, 12502, 17366, 24923, 16091, 23390, 22239, 36066, 17902, 32624, 17393, 12535, 24952, 23418, 15101]
2018-04-15 20:11:23,521 [DEBUG|AmbulanceTeam/1240460622|TestSearchForFire] best path is:[33707, 9240, 5622, 1554, 4866, 23041, 23025, 34171, 28617]
2018-04-15 20:11:23,521 [DEBUG|AmbulanceTeam/1240460622|TestSearchForFire] choosed:23025
2018-04-15 20:11:28,465 [DEBUG|AmbulanceTeam/1240460622|TestHumanDetector] Time:46
2018-04-15 20:11:28,465 [DEBUG|AmbulanceTeam/1240460622|TestSearchForFire] Time:46
2018-04-15 20:11:28,465 [DEBUG|AmbulanceTeam/1240460622|TestHumanDetector] Targets:[]
2018-04-15 20:11:28,465 [DEBUG|AmbulanceTeam/1240460622|TestSearchForFire] unsearchedBuildingIDs:[33664, 33667, 15491, 32643, 32644, 33670, 12167, 12682, 27146, 11275, 9742, 17935, 25237, 24341, 15128, 24985, 14745, 15002, 28699, 12443, 27036, 32674, 32931, 23079, 24233, 32683, 12590, 23474, 15029, 17339, 24895, 30913, 24260, 32965, 32966, 9929, 28617, 29898, 24395, 17741, 15182, 15056, 30033, 22097, 17875, 12502, 17366, 24923, 16091, 23390, 22239, 36066, 17902, 32624, 17393, 12535, 24952, 23418, 15101]
2018-04-15 20:11:28,465 [DEBUG|AmbulanceTeam/1240460622|TestSearchForFire] best path is:[33707, 9240, 5622, 1554, 4866, 23041, 23025, 34171, 28617]
2018-04-15 20:11:28,465 [DEBUG|AmbulanceTeam/1240460622|TestSearchForFire] choosed:23025
2018-04-15 20:11:33,236 [DEBUG|AmbulanceTeam/1240460622|TestHumanDetector] Time:47
2018-04-15 20:11:33,236 [DEBUG|AmbulanceTeam/1240460622|TestSearchForFire] Time:47
2018-04-15 20:11:33,236 [DEBUG|AmbulanceTeam/1240460622|TestHumanDetector] Targets:[]
2018-04-15 20:11:33,236 [DEBUG|AmbulanceTeam/1240460622|TestSearchForFire] unsearchedBuildingIDs:[33664, 33667, 15491, 32643, 32644, 33670, 12167, 12682, 27146, 11275, 9742, 17935, 25237, 24341, 15128, 24985, 14745, 15002, 28699, 12443, 27036, 32674, 32931, 23079, 24233, 32683, 12590, 23474, 15029, 17339, 24895, 30913, 24260, 32965, 32966, 9929, 28617, 29898, 24395, 17741, 15182, 15056, 30033, 22097, 17875, 12502, 17366, 24923, 16091, 23390, 22239, 36066, 17902, 32624, 17393, 12535, 24952, 23418, 15101]
2018-04-15 20:11:33,237 [DEBUG|AmbulanceTeam/1240460622|TestSearchForFire] best path is:[33707, 9240, 5622, 1554, 4866, 23041, 23025, 34171, 28617]
2018-04-15 20:11:33,237 [DEBUG|AmbulanceTeam/1240460622|TestSearchForFire] choosed:23025
2018-04-15 20:11:38,125 [DEBUG|AmbulanceTeam/1240460622|TestHumanDetector] Time:48
2018-04-15 20:11:38,125 [DEBUG|AmbulanceTeam/1240460622|TestSearchForFire] Time:48
2018-04-15 20:11:38,125 [DEBUG|AmbulanceTeam/1240460622|TestHumanDetector] Targets:[]
2018-04-15 20:11:38,125 [DEBUG|AmbulanceTeam/1240460622|TestSearchForFire] unsearchedBuildingIDs:[33664, 33667, 15491, 32643, 32644, 33670, 12167, 12682, 27146, 11275, 9742, 17935, 25237, 24341, 15128, 24985, 14745, 15002, 28699, 12443, 27036, 32674, 32931, 23079, 24233, 32683, 12590, 23474, 15029, 17339, 24895, 30913, 24260, 32965, 32966, 9929, 28617, 29898, 24395, 17741, 15182, 15056, 30033, 22097, 17875, 12502, 17366, 24923, 16091, 23390, 22239, 36066, 17902, 32624, 17393, 12535, 24952, 23418, 15101]
2018-04-15 20:11:38,125 [DEBUG|AmbulanceTeam/1240460622|TestSearchForFire] best path is:[33707, 9240, 5622, 1554, 4866, 23041, 23025, 34171, 28617]
2018-04-15 20:11:38,125 [DEBUG|AmbulanceTeam/1240460622|TestSearchForFire] choosed:23025
2018-04-15 20:11:42,789 [DEBUG|AmbulanceTeam/1240460622|TestHumanDetector] Time:49
2018-04-15 20:11:42,789 [DEBUG|AmbulanceTeam/1240460622|TestSearchForFire] Time:49
2018-04-15 20:11:42,789 [DEBUG|AmbulanceTeam/1240460622|TestHumanDetector] Targets:[]
2018-04-15 20:11:42,789 [DEBUG|AmbulanceTeam/1240460622|TestSearchForFire] unsearchedBuildingIDs:[33664, 33667, 15491, 32643, 32644, 33670, 12167, 12682, 27146, 11275, 9742, 17935, 25237, 24341, 15128, 24985, 14745, 15002, 28699, 12443, 27036, 32674, 32931, 23079, 24233, 32683, 12590, 23474, 15029, 17339, 24895, 30913, 24260, 32965, 32966, 9929, 28617, 29898, 24395, 17741, 15182, 15056, 30033, 22097, 17875, 12502, 17366, 24923, 16091, 23390, 22239, 36066, 17902, 32624, 17393, 12535, 24952, 23418, 15101]
2018-04-15 20:11:42,789 [DEBUG|AmbulanceTeam/1240460622|TestSearchForFire] best path is:[33707, 9240, 5622, 1554, 4866, 23041, 23025, 34171, 28617]
2018-04-15 20:11:42,789 [DEBUG|AmbulanceTeam/1240460622|TestSearchForFire] choosed:23025
2018-04-15 20:11:47,641 [DEBUG|AmbulanceTeam/1240460622|TestHumanDetector] Time:50
2018-04-15 20:11:47,641 [DEBUG|AmbulanceTeam/1240460622|TestSearchForFire] Time:50
2018-04-15 20:11:47,641 [DEBUG|AmbulanceTeam/1240460622|TestHumanDetector] Targets:[]
2018-04-15 20:11:47,641 [DEBUG|AmbulanceTeam/1240460622|TestSearchForFire] unsearchedBuildingIDs:[33664, 33667, 15491, 32643, 32644, 33670, 12167, 12682, 27146, 11275, 9742, 17935, 24341, 15128, 24985, 14745, 15002, 28699, 12443, 27036, 32674, 32931, 23079, 24233, 32683, 12590, 23474, 15029, 17339, 24895, 30913, 24260, 32965, 32966, 9929, 28617, 29898, 24395, 17741, 15182, 15056, 30033, 22097, 17875, 12502, 17366, 24923, 16091, 23390, 22239, 36066, 17902, 32624, 17393, 12535, 24952, 23418, 15101]
2018-04-15 20:11:47,642 [DEBUG|AmbulanceTeam/1240460622|TestSearchForFire] best path is:[9240, 5622, 1554, 4866, 23041, 23025, 34171, 28617]
2018-04-15 20:11:47,642 [DEBUG|AmbulanceTeam/1240460622|TestSearchForFire] choosed:23025
2018-04-15 20:11:52,264 [DEBUG|AmbulanceTeam/1240460622|TestHumanDetector] Time:51
2018-04-15 20:11:52,265 [DEBUG|AmbulanceTeam/1240460622|TestSearchForFire] Time:51
2018-04-15 20:11:52,267 [DEBUG|AmbulanceTeam/1240460622|TestHumanDetector] Targets:[]
2018-04-15 20:11:52,267 [DEBUG|AmbulanceTeam/1240460622|TestSearchForFire] unsearchedBuildingIDs:[33664, 33667, 15491, 32643, 32644, 33670, 12167, 12682, 27146, 11275, 9742, 17935, 24341, 15128, 24985, 14745, 15002, 28699, 12443, 27036, 32674, 32931, 23079, 24233, 32683, 12590, 23474, 15029, 17339, 24895, 30913, 24260, 32965, 32966, 9929, 28617, 29898, 24395, 17741, 15182, 15056, 30033, 22097, 17875, 12502, 17366, 24923, 16091, 23390, 22239, 36066, 17902, 32624, 17393, 12535, 24952, 23418, 15101]
2018-04-15 20:11:52,268 [DEBUG|AmbulanceTeam/1240460622|TestSearchForFire] best path is:[9240, 5622, 1554, 4866, 23041, 23025, 34171, 28617]
2018-04-15 20:11:52,268 [DEBUG|AmbulanceTeam/1240460622|TestSearchForFire] choosed:23025
2018-04-15 20:11:56,714 [DEBUG|AmbulanceTeam/1240460622|TestHumanDetector] Time:52
2018-04-15 20:11:56,715 [DEBUG|AmbulanceTeam/1240460622|TestSearchForFire] Time:52
2018-04-15 20:11:56,715 [DEBUG|AmbulanceTeam/1240460622|TestHumanDetector] Targets:[]
2018-04-15 20:11:56,715 [DEBUG|AmbulanceTeam/1240460622|TestSearchForFire] unsearchedBuildingIDs:[33664, 33667, 15491, 32643, 32644, 33670, 12167, 12682, 27146, 11275, 9742, 17935, 15128, 24985, 14745, 15002, 28699, 12443, 27036, 32674, 32931, 24233, 32683, 12590, 23474, 15029, 17339, 24895, 30913, 24260, 32965, 32966, 9929, 29898, 24395, 15182, 15056, 30033, 22097, 17875, 12502, 17366, 24923, 16091, 23390, 22239, 36066, 17902, 32624, 12535, 24952, 23418, 15101]
2018-04-15 20:11:56,716 [DEBUG|AmbulanceTeam/1240460622|TestSearchForFire] best path is:[23041, 3174, 7089, 680, 6522, 8961, 3273, 15507, 15491]
2018-04-15 20:11:56,716 [DEBUG|AmbulanceTeam/1240460622|TestSearchForFire] choosed:3273
2018-04-15 20:12:01,164 [DEBUG|AmbulanceTeam/1240460622|TestHumanDetector] Time:53
2018-04-15 20:12:01,164 [DEBUG|AmbulanceTeam/1240460622|TestSearchForFire] Time:53
2018-04-15 20:12:01,164 [DEBUG|AmbulanceTeam/1240460622|TestHumanDetector] Targets:[]
2018-04-15 20:12:01,164 [DEBUG|AmbulanceTeam/1240460622|TestSearchForFire] unsearchedBuildingIDs:[33664, 33667, 32644, 33670, 12682, 27146, 9742, 17935, 15128, 24985, 14745, 15002, 28699, 12443, 27036, 32674, 32931, 24233, 32683, 12590, 23474, 17339, 24895, 30913, 24260, 32965, 32966, 9929, 29898, 24395, 15182, 22097, 17875, 12502, 17366, 24923, 16091, 23390, 22239, 36066, 17902, 32624, 12535, 24952, 23418, 15101]
2018-04-15 20:12:01,165 [DEBUG|AmbulanceTeam/1240460622|TestSearchForFire] best path is:[3273, 6135, 1873, 32646, 32645, 8160, 32627, 33644, 33665, 33664]
2018-04-15 20:12:01,165 [DEBUG|AmbulanceTeam/1240460622|TestSearchForFire] choosed:33644
2018-04-15 20:12:05,740 [DEBUG|AmbulanceTeam/1240460622|TestHumanDetector] Time:54
2018-04-15 20:12:05,740 [DEBUG|AmbulanceTeam/1240460622|TestSearchForFire] Time:54
2018-04-15 20:12:05,741 [DEBUG|AmbulanceTeam/1240460622|TestHumanDetector] Targets:[]
2018-04-15 20:12:05,741 [DEBUG|AmbulanceTeam/1240460622|TestSearchForFire] unsearchedBuildingIDs:[33664, 33667, 33670, 12682, 9742, 17935, 15128, 24985, 14745, 15002, 28699, 12443, 27036, 32931, 24233, 12590, 23474, 17339, 24895, 30913, 24260, 32965, 32966, 9929, 29898, 24395, 15182, 22097, 17875, 17366, 24923, 16091, 23390, 17902, 32624, 12535, 24952, 23418, 15101]
2018-04-15 20:12:05,741 [DEBUG|AmbulanceTeam/1240460622|TestSearchForFire] best path is:[32645, 8160, 32627, 33644, 33665, 33664]
2018-04-15 20:12:05,741 [DEBUG|AmbulanceTeam/1240460622|TestSearchForFire] choosed:33644
2018-04-15 20:12:10,176 [DEBUG|AmbulanceTeam/1240460622|TestHumanDetector] Time:55
2018-04-15 20:12:10,176 [DEBUG|AmbulanceTeam/1240460622|TestSearchForFire] Time:55
2018-04-15 20:12:10,177 [DEBUG|AmbulanceTeam/1240460622|TestHumanDetector] Targets:[]
2018-04-15 20:12:10,177 [DEBUG|AmbulanceTeam/1240460622|TestSearchForFire] unsearchedBuildingIDs:[33670, 12682, 9742, 15128, 14745, 15002, 28699, 12443, 27036, 32931, 24233, 12590, 23474, 17339, 24895, 30913, 24260, 32965, 32966, 9929, 29898, 24395, 15182, 22097, 17875, 17366, 24923, 16091, 23390, 17902, 12535, 24952, 23418, 15101]
2018-04-15 20:12:10,177 [DEBUG|AmbulanceTeam/1240460622|TestSearchForFire] best path is:[33644, 32627, 8160, 32682, 32681, 34908, 29898]
2018-04-15 20:12:10,177 [DEBUG|AmbulanceTeam/1240460622|TestSearchForFire] choosed:32681
2018-04-15 20:12:14,761 [DEBUG|AmbulanceTeam/1240460622|TestHumanDetector] Time:56
2018-04-15 20:12:14,761 [DEBUG|AmbulanceTeam/1240460622|TestSearchForFire] Time:56
2018-04-15 20:12:14,761 [DEBUG|AmbulanceTeam/1240460622|TestHumanDetector] Targets:[]
2018-04-15 20:12:14,761 [DEBUG|AmbulanceTeam/1240460622|TestSearchForFire] unsearchedBuildingIDs:[33670, 9742, 15128, 14745, 15002, 28699, 12443, 27036, 32931, 24233, 12590, 17339, 24895, 30913, 24260, 32965, 32966, 9929, 24395, 15182, 22097, 17875, 17366, 24923, 16091, 23390, 17902, 12535, 24952, 23418, 15101]
2018-04-15 20:12:14,761 [DEBUG|AmbulanceTeam/1240460622|TestSearchForFire] best path is:[32682, 32681, 32672, 32673, 32674, 34897, 22097]
2018-04-15 20:12:14,761 [DEBUG|AmbulanceTeam/1240460622|TestSearchForFire] choosed:32674
2018-04-15 20:12:19,323 [DEBUG|AmbulanceTeam/1240460622|TestHumanDetector] Time:57
2018-04-15 20:12:19,323 [DEBUG|AmbulanceTeam/1240460622|TestSearchForFire] Time:57
2018-04-15 20:12:19,323 [DEBUG|AmbulanceTeam/1240460622|TestHumanDetector] Targets:[]
2018-04-15 20:12:19,323 [DEBUG|AmbulanceTeam/1240460622|TestSearchForFire] unsearchedBuildingIDs:[33670, 9742, 15128, 14745, 28699, 12443, 27036, 32931, 24233, 12590, 17339, 24895, 30913, 24260, 32965, 32966, 9929, 24395, 15182, 17875, 17366, 16091, 23390, 17902, 12535, 23418, 15101]
2018-04-15 20:12:19,324 [DEBUG|AmbulanceTeam/1240460622|TestSearchForFire] best path is:[32672, 32665, 7251, 2328, 32658, 17918, 17902]
2018-04-15 20:12:19,324 [DEBUG|AmbulanceTeam/1240460622|TestSearchForFire] choosed:32658
2018-04-15 20:12:25,311 [DEBUG|AmbulanceTeam/1240460622|TestHumanDetector] Time:58
2018-04-15 20:12:25,345 [DEBUG|AmbulanceTeam/1240460622|TestSearchForFire] Time:58
2018-04-15 20:12:25,345 [DEBUG|AmbulanceTeam/1240460622|TestHumanDetector] Targets:[]
2018-04-15 20:12:25,346 [DEBUG|AmbulanceTeam/1240460622|TestSearchForFire] unsearchedBuildingIDs:[33670, 9742, 15128, 14745, 28699, 12443, 27036, 32931, 24233, 12590, 17339, 24895, 30913, 24260, 32965, 32966, 9929, 24395, 15182, 17875, 16091, 23390, 12535, 23418, 15101]
2018-04-15 20:12:25,346 [DEBUG|AmbulanceTeam/1240460622|TestSearchForFire] best path is:[32658, 2328, 7251, 32665, 32672, 32681, 32682, 8160, 32627, 33644, 32623, 6252, 15144, 15128]
2018-04-15 20:12:25,346 [DEBUG|AmbulanceTeam/1240460622|TestSearchForFire] choosed:6252
2018-04-15 20:12:29,789 [DEBUG|AmbulanceTeam/1240460622|TestHumanDetector] Time:59
2018-04-15 20:12:29,789 [DEBUG|AmbulanceTeam/1240460622|TestSearchForFire] Time:59
2018-04-15 20:12:29,789 [DEBUG|AmbulanceTeam/1240460622|TestHumanDetector] Targets:[Civilian (1324438811)]
2018-04-15 20:12:29,789 [DEBUG|AmbulanceTeam/1240460622|TestHumanDetector] Selected:Civilian (1324438811)
2018-04-15 20:12:34,137 [DEBUG|AmbulanceTeam/1240460622|TestHumanDetector] Time:60
2018-04-15 20:12:34,138 [DEBUG|AmbulanceTeam/1240460622|TestSearchForFire] Time:60
2018-04-15 20:12:38,344 [DEBUG|AmbulanceTeam/1240460622|TestHumanDetector] Time:61
2018-04-15 20:12:38,344 [DEBUG|AmbulanceTeam/1240460622|TestSearchForFire] Time:61
2018-04-15 20:12:42,184 [DEBUG|AmbulanceTeam/1240460622|TestHumanDetector] Time:62
2018-04-15 20:12:42,184 [DEBUG|AmbulanceTeam/1240460622|TestSearchForFire] Time:62
2018-04-15 20:12:46,204 [DEBUG|AmbulanceTeam/1240460622|TestHumanDetector] Time:63
2018-04-15 20:12:46,204 [DEBUG|AmbulanceTeam/1240460622|TestSearchForFire] Time:63
2018-04-15 20:12:50,224 [DEBUG|AmbulanceTeam/1240460622|TestHumanDetector] Time:64
2018-04-15 20:12:50,224 [DEBUG|AmbulanceTeam/1240460622|TestSearchForFire] Time:64
2018-04-15 20:12:54,349 [DEBUG|AmbulanceTeam/1240460622|TestHumanDetector] Time:65
2018-04-15 20:12:54,349 [DEBUG|AmbulanceTeam/1240460622|TestSearchForFire] Time:65
2018-04-15 20:12:58,630 [DEBUG|AmbulanceTeam/1240460622|TestHumanDetector] Time:66
2018-04-15 20:12:58,631 [DEBUG|AmbulanceTeam/1240460622|TestSearchForFire] Time:66
2018-04-15 20:13:02,696 [DEBUG|AmbulanceTeam/1240460622|TestHumanDetector] Time:67
2018-04-15 20:13:02,696 [DEBUG|AmbulanceTeam/1240460622|TestSearchForFire] Time:67
2018-04-15 20:13:06,832 [DEBUG|AmbulanceTeam/1240460622|TestHumanDetector] Time:68
2018-04-15 20:13:06,832 [DEBUG|AmbulanceTeam/1240460622|TestSearchForFire] Time:68
2018-04-15 20:13:10,745 [DEBUG|AmbulanceTeam/1240460622|TestHumanDetector] Time:69
2018-04-15 20:13:10,745 [DEBUG|AmbulanceTeam/1240460622|TestSearchForFire] Time:69
2018-04-15 20:13:14,644 [DEBUG|AmbulanceTeam/1240460622|TestHumanDetector] Time:70
2018-04-15 20:13:14,644 [DEBUG|AmbulanceTeam/1240460622|TestSearchForFire] Time:70
2018-04-15 20:13:18,412 [DEBUG|AmbulanceTeam/1240460622|TestHumanDetector] Time:71
2018-04-15 20:13:18,412 [DEBUG|AmbulanceTeam/1240460622|TestSearchForFire] Time:71
2018-04-15 20:13:22,320 [DEBUG|AmbulanceTeam/1240460622|TestHumanDetector] Time:72
2018-04-15 20:13:22,320 [DEBUG|AmbulanceTeam/1240460622|TestSearchForFire] Time:72
2018-04-15 20:13:26,080 [DEBUG|AmbulanceTeam/1240460622|TestHumanDetector] Time:73
2018-04-15 20:13:26,080 [DEBUG|AmbulanceTeam/1240460622|TestSearchForFire] Time:73
2018-04-15 20:13:29,796 [DEBUG|AmbulanceTeam/1240460622|TestHumanDetector] Time:74
2018-04-15 20:13:29,796 [DEBUG|AmbulanceTeam/1240460622|TestSearchForFire] Time:74
2018-04-15 20:13:33,684 [DEBUG|AmbulanceTeam/1240460622|TestHumanDetector] Time:75
2018-04-15 20:13:33,684 [DEBUG|AmbulanceTeam/1240460622|TestSearchForFire] Time:75
2018-04-15 20:13:37,552 [DEBUG|AmbulanceTeam/1240460622|TestHumanDetector] Time:76
2018-04-15 20:13:37,552 [DEBUG|AmbulanceTeam/1240460622|TestSearchForFire] Time:76
2018-04-15 20:13:41,253 [DEBUG|AmbulanceTeam/1240460622|TestHumanDetector] Time:77
2018-04-15 20:13:41,253 [DEBUG|AmbulanceTeam/1240460622|TestSearchForFire] Time:77
2018-04-15 20:13:44,744 [DEBUG|AmbulanceTeam/1240460622|TestHumanDetector] Time:78
2018-04-15 20:13:44,744 [DEBUG|AmbulanceTeam/1240460622|TestSearchForFire] Time:78
2018-04-15 20:13:48,424 [DEBUG|AmbulanceTeam/1240460622|TestHumanDetector] Time:79
2018-04-15 20:13:48,424 [DEBUG|AmbulanceTeam/1240460622|TestSearchForFire] Time:79
2018-04-15 20:13:52,164 [DEBUG|AmbulanceTeam/1240460622|TestHumanDetector] Time:80
2018-04-15 20:13:52,164 [DEBUG|AmbulanceTeam/1240460622|TestSearchForFire] Time:80
2018-04-15 20:13:55,674 [DEBUG|AmbulanceTeam/1240460622|TestHumanDetector] Time:81
2018-04-15 20:13:55,674 [DEBUG|AmbulanceTeam/1240460622|TestSearchForFire] Time:81
2018-04-15 20:13:59,252 [DEBUG|AmbulanceTeam/1240460622|TestHumanDetector] Time:82
2018-04-15 20:13:59,252 [DEBUG|AmbulanceTeam/1240460622|TestSearchForFire] Time:82
2018-04-15 20:14:02,960 [DEBUG|AmbulanceTeam/1240460622|TestHumanDetector] Time:83
2018-04-15 20:14:02,960 [DEBUG|AmbulanceTeam/1240460622|TestSearchForFire] Time:83
2018-04-15 20:14:06,624 [DEBUG|AmbulanceTeam/1240460622|TestHumanDetector] Time:84
2018-04-15 20:14:06,624 [DEBUG|AmbulanceTeam/1240460622|TestSearchForFire] Time:84
2018-04-15 20:14:10,400 [DEBUG|AmbulanceTeam/1240460622|TestHumanDetector] Time:85
2018-04-15 20:14:10,400 [DEBUG|AmbulanceTeam/1240460622|TestSearchForFire] Time:85
2018-04-15 20:14:13,952 [DEBUG|AmbulanceTeam/1240460622|TestHumanDetector] Time:86
2018-04-15 20:14:13,952 [DEBUG|AmbulanceTeam/1240460622|TestSearchForFire] Time:86
2018-04-15 20:14:17,376 [DEBUG|AmbulanceTeam/1240460622|TestHumanDetector] Time:87
2018-04-15 20:14:17,376 [DEBUG|AmbulanceTeam/1240460622|TestSearchForFire] Time:87
2018-04-15 20:14:20,752 [DEBUG|AmbulanceTeam/1240460622|TestHumanDetector] Time:88
2018-04-15 20:14:20,752 [DEBUG|AmbulanceTeam/1240460622|TestSearchForFire] Time:88
2018-04-15 20:14:24,364 [DEBUG|AmbulanceTeam/1240460622|TestHumanDetector] Time:89
2018-04-15 20:14:24,364 [DEBUG|AmbulanceTeam/1240460622|TestSearchForFire] Time:89
2018-04-15 20:14:28,012 [DEBUG|AmbulanceTeam/1240460622|TestHumanDetector] Time:90
2018-04-15 20:14:28,012 [DEBUG|AmbulanceTeam/1240460622|TestSearchForFire] Time:90
2018-04-15 20:14:31,620 [DEBUG|AmbulanceTeam/1240460622|TestHumanDetector] Time:91
2018-04-15 20:14:31,620 [DEBUG|AmbulanceTeam/1240460622|TestSearchForFire] Time:91
2018-04-15 20:14:35,252 [DEBUG|AmbulanceTeam/1240460622|TestHumanDetector] Time:92
2018-04-15 20:14:35,252 [DEBUG|AmbulanceTeam/1240460622|TestSearchForFire] Time:92
2018-04-15 20:14:38,976 [DEBUG|AmbulanceTeam/1240460622|TestHumanDetector] Time:93
2018-04-15 20:14:38,976 [DEBUG|AmbulanceTeam/1240460622|TestSearchForFire] Time:93
2018-04-15 20:14:42,454 [DEBUG|AmbulanceTeam/1240460622|TestHumanDetector] Time:94
2018-04-15 20:14:42,454 [DEBUG|AmbulanceTeam/1240460622|TestSearchForFire] Time:94
2018-04-15 20:14:46,021 [DEBUG|AmbulanceTeam/1240460622|TestHumanDetector] Time:95
2018-04-15 20:14:46,021 [DEBUG|AmbulanceTeam/1240460622|TestSearchForFire] Time:95
2018-04-15 20:14:49,805 [DEBUG|AmbulanceTeam/1240460622|TestHumanDetector] Time:96
2018-04-15 20:14:49,805 [DEBUG|AmbulanceTeam/1240460622|TestSearchForFire] Time:96
2018-04-15 20:14:53,324 [DEBUG|AmbulanceTeam/1240460622|TestHumanDetector] Time:97
2018-04-15 20:14:53,324 [DEBUG|AmbulanceTeam/1240460622|TestSearchForFire] Time:97
2018-04-15 20:14:56,976 [DEBUG|AmbulanceTeam/1240460622|TestHumanDetector] Time:98
2018-04-15 20:14:56,977 [DEBUG|AmbulanceTeam/1240460622|TestSearchForFire] Time:98
2018-04-15 20:15:00,376 [DEBUG|AmbulanceTeam/1240460622|TestHumanDetector] Time:99
2018-04-15 20:15:00,376 [DEBUG|AmbulanceTeam/1240460622|TestSearchForFire] Time:99
2018-04-15 20:15:03,888 [DEBUG|AmbulanceTeam/1240460622|TestHumanDetector] Time:100
2018-04-15 20:15:03,888 [DEBUG|AmbulanceTeam/1240460622|TestSearchForFire] Time:100
2018-04-15 20:15:07,440 [DEBUG|AmbulanceTeam/1240460622|TestHumanDetector] Time:101
2018-04-15 20:15:07,440 [DEBUG|AmbulanceTeam/1240460622|TestSearchForFire] Time:101
2018-04-15 20:15:10,816 [DEBUG|AmbulanceTeam/1240460622|TestHumanDetector] Time:102
2018-04-15 20:15:10,816 [DEBUG|AmbulanceTeam/1240460622|TestSearchForFire] Time:102
2018-04-15 20:15:14,396 [DEBUG|AmbulanceTeam/1240460622|TestHumanDetector] Time:103
2018-04-15 20:15:14,396 [DEBUG|AmbulanceTeam/1240460622|TestSearchForFire] Time:103
2018-04-15 20:15:17,968 [DEBUG|AmbulanceTeam/1240460622|TestHumanDetector] Time:104
2018-04-15 20:15:17,968 [DEBUG|AmbulanceTeam/1240460622|TestSearchForFire] Time:104
2018-04-15 20:15:21,192 [DEBUG|AmbulanceTeam/1240460622|TestHumanDetector] Time:105
2018-04-15 20:15:21,192 [DEBUG|AmbulanceTeam/1240460622|TestSearchForFire] Time:105
2018-04-15 20:15:24,552 [DEBUG|AmbulanceTeam/1240460622|TestHumanDetector] Time:106
2018-04-15 20:15:24,552 [DEBUG|AmbulanceTeam/1240460622|TestSearchForFire] Time:106
2018-04-15 20:15:27,896 [DEBUG|AmbulanceTeam/1240460622|TestHumanDetector] Time:107
2018-04-15 20:15:27,896 [DEBUG|AmbulanceTeam/1240460622|TestSearchForFire] Time:107
2018-04-15 20:15:31,348 [DEBUG|AmbulanceTeam/1240460622|TestHumanDetector] Time:108
2018-04-15 20:15:31,348 [DEBUG|AmbulanceTeam/1240460622|TestSearchForFire] Time:108
2018-04-15 20:15:34,864 [DEBUG|AmbulanceTeam/1240460622|TestHumanDetector] Time:109
2018-04-15 20:15:34,864 [DEBUG|AmbulanceTeam/1240460622|TestSearchForFire] Time:109
2018-04-15 20:15:38,404 [DEBUG|AmbulanceTeam/1240460622|TestHumanDetector] Time:110
2018-04-15 20:15:38,404 [DEBUG|AmbulanceTeam/1240460622|TestSearchForFire] Time:110
2018-04-15 20:15:41,860 [DEBUG|AmbulanceTeam/1240460622|TestHumanDetector] Time:111
2018-04-15 20:15:41,860 [DEBUG|AmbulanceTeam/1240460622|TestSearchForFire] Time:111
2018-04-15 20:15:45,109 [DEBUG|AmbulanceTeam/1240460622|TestHumanDetector] Time:112
2018-04-15 20:15:45,109 [DEBUG|AmbulanceTeam/1240460622|TestSearchForFire] Time:112
2018-04-15 20:15:48,434 [DEBUG|AmbulanceTeam/1240460622|TestHumanDetector] Time:113
2018-04-15 20:15:48,434 [DEBUG|AmbulanceTeam/1240460622|TestSearchForFire] Time:113
2018-04-15 20:15:52,020 [DEBUG|AmbulanceTeam/1240460622|TestHumanDetector] Time:114
2018-04-15 20:15:52,020 [DEBUG|AmbulanceTeam/1240460622|TestSearchForFire] Time:114
2018-04-15 20:15:55,401 [DEBUG|AmbulanceTeam/1240460622|TestHumanDetector] Time:115
2018-04-15 20:15:55,402 [DEBUG|AmbulanceTeam/1240460622|TestSearchForFire] Time:115
2018-04-15 20:15:58,756 [DEBUG|AmbulanceTeam/1240460622|TestHumanDetector] Time:116
2018-04-15 20:15:58,756 [DEBUG|AmbulanceTeam/1240460622|TestSearchForFire] Time:116
2018-04-15 20:16:02,046 [DEBUG|AmbulanceTeam/1240460622|TestHumanDetector] Time:117
2018-04-15 20:16:02,046 [DEBUG|AmbulanceTeam/1240460622|TestSearchForFire] Time:117
2018-04-15 20:16:05,324 [DEBUG|AmbulanceTeam/1240460622|TestHumanDetector] Time:118
2018-04-15 20:16:05,324 [DEBUG|AmbulanceTeam/1240460622|TestSearchForFire] Time:118
2018-04-15 20:16:08,672 [DEBUG|AmbulanceTeam/1240460622|TestHumanDetector] Time:119
2018-04-15 20:16:08,673 [DEBUG|AmbulanceTeam/1240460622|TestSearchForFire] Time:119
2018-04-15 20:16:12,272 [DEBUG|AmbulanceTeam/1240460622|TestHumanDetector] Time:120
2018-04-15 20:16:12,272 [DEBUG|AmbulanceTeam/1240460622|TestSearchForFire] Time:120
2018-04-15 20:16:15,840 [DEBUG|AmbulanceTeam/1240460622|TestHumanDetector] Time:121
2018-04-15 20:16:15,840 [DEBUG|AmbulanceTeam/1240460622|TestSearchForFire] Time:121
2018-04-15 20:16:15,840 [DEBUG|AmbulanceTeam/1240460622|TestHumanDetector] someoneOnBoard:Civilian (1324438811)
2018-04-15 20:16:19,028 [DEBUG|AmbulanceTeam/1240460622|TestHumanDetector] Time:122
2018-04-15 20:16:19,028 [DEBUG|AmbulanceTeam/1240460622|TestSearchForFire] Time:122
2018-04-15 20:16:19,028 [DEBUG|AmbulanceTeam/1240460622|TestHumanDetector] someoneOnBoard:Civilian (1324438811)
2018-04-15 20:16:22,296 [DEBUG|AmbulanceTeam/1240460622|TestHumanDetector] Time:123
2018-04-15 20:16:22,297 [DEBUG|AmbulanceTeam/1240460622|TestSearchForFire] Time:123
2018-04-15 20:16:22,297 [DEBUG|AmbulanceTeam/1240460622|TestHumanDetector] someoneOnBoard:Civilian (1324438811)
2018-04-15 20:16:25,676 [DEBUG|AmbulanceTeam/1240460622|TestHumanDetector] Time:124
2018-04-15 20:16:25,676 [DEBUG|AmbulanceTeam/1240460622|TestSearchForFire] Time:124
2018-04-15 20:16:25,676 [DEBUG|AmbulanceTeam/1240460622|TestHumanDetector] someoneOnBoard:Civilian (1324438811)
2018-04-15 20:16:29,113 [DEBUG|AmbulanceTeam/1240460622|TestHumanDetector] Time:125
2018-04-15 20:16:29,113 [DEBUG|AmbulanceTeam/1240460622|TestSearchForFire] Time:125
2018-04-15 20:16:29,113 [DEBUG|AmbulanceTeam/1240460622|TestHumanDetector] someoneOnBoard:Civilian (1324438811)
2018-04-15 20:16:32,522 [DEBUG|AmbulanceTeam/1240460622|TestHumanDetector] Time:126
2018-04-15 20:16:32,522 [DEBUG|AmbulanceTeam/1240460622|TestSearchForFire] Time:126
2018-04-15 20:16:32,523 [DEBUG|AmbulanceTeam/1240460622|TestHumanDetector] someoneOnBoard:Civilian (1324438811)
2018-04-15 20:16:35,851 [DEBUG|AmbulanceTeam/1240460622|TestHumanDetector] Time:127
2018-04-15 20:16:35,851 [DEBUG|AmbulanceTeam/1240460622|TestSearchForFire] Time:127
2018-04-15 20:16:35,851 [DEBUG|AmbulanceTeam/1240460622|TestHumanDetector] someoneOnBoard:Civilian (1324438811)
2018-04-15 20:16:39,372 [DEBUG|AmbulanceTeam/1240460622|TestHumanDetector] Time:128
2018-04-15 20:16:39,373 [DEBUG|AmbulanceTeam/1240460622|TestSearchForFire] Time:128
2018-04-15 20:16:39,373 [DEBUG|AmbulanceTeam/1240460622|TestHumanDetector] Invalid Human:Civilian (1324438811) ==>reset target
2018-04-15 20:16:39,373 [DEBUG|AmbulanceTeam/1240460622|TestHumanDetector] Targets:[]
2018-04-15 20:16:39,373 [DEBUG|AmbulanceTeam/1240460622|TestSearchForFire] unsearchedBuildingIDs:[33670, 9742, 15128, 14745, 28699, 12443, 27036, 32931, 12590, 17339, 24895, 30913, 24260, 32965, 32966, 9929, 24395, 15182, 16091, 23390, 12535, 23418, 15101]
2018-04-15 20:16:39,373 [DEBUG|AmbulanceTeam/1240460622|TestSearchForFire] best path is:[19490, 19506, 33002, 33003, 3264, 6126, 33613, 871, 33723, 33726, 33035, 19929, 33687, 33670]
2018-04-15 20:16:39,373 [DEBUG|AmbulanceTeam/1240460622|TestSearchForFire] choosed:19929
2018-04-15 20:16:42,604 [DEBUG|AmbulanceTeam/1240460622|TestHumanDetector] Time:129
2018-04-15 20:16:42,604 [DEBUG|AmbulanceTeam/1240460622|TestSearchForFire] Time:129
2018-04-15 20:16:42,604 [DEBUG|AmbulanceTeam/1240460622|TestHumanDetector] Targets:[]
2018-04-15 20:16:42,604 [DEBUG|AmbulanceTeam/1240460622|TestSearchForFire] unsearchedBuildingIDs:[33670, 9742, 15128, 14745, 28699, 12443, 27036, 32931, 12590, 17339, 24895, 30913, 24260, 32965, 32966, 9929, 24395, 15182, 16091, 23390, 12535, 23418, 15101]
2018-04-15 20:16:42,604 [DEBUG|AmbulanceTeam/1240460622|TestSearchForFire] best path is:[6126, 33613, 871, 33723, 33726, 33035, 19929, 33687, 33670]
2018-04-15 20:16:42,604 [DEBUG|AmbulanceTeam/1240460622|TestSearchForFire] choosed:19929
2018-04-15 20:16:45,824 [DEBUG|AmbulanceTeam/1240460622|TestHumanDetector] Time:130
2018-04-15 20:16:45,824 [DEBUG|AmbulanceTeam/1240460622|TestSearchForFire] Time:130
2018-04-15 20:16:45,825 [DEBUG|AmbulanceTeam/1240460622|TestHumanDetector] Targets:[]
2018-04-15 20:16:45,825 [DEBUG|AmbulanceTeam/1240460622|TestSearchForFire] unsearchedBuildingIDs:[33670, 9742, 15128, 14745, 28699, 12443, 27036, 32931, 12590, 17339, 24895, 30913, 24260, 32965, 32966, 9929, 24395, 15182, 16091, 23390, 12535, 23418, 15101]
2018-04-15 20:16:45,825 [DEBUG|AmbulanceTeam/1240460622|TestSearchForFire] best path is:[33726, 33035, 19929, 33687, 33670]
2018-04-15 20:16:45,826 [DEBUG|AmbulanceTeam/1240460622|TestSearchForFire] choosed:19929
2018-04-15 20:16:49,108 [DEBUG|AmbulanceTeam/1240460622|TestHumanDetector] Time:131
2018-04-15 20:16:49,108 [DEBUG|AmbulanceTeam/1240460622|TestSearchForFire] Time:131
2018-04-15 20:16:49,108 [DEBUG|AmbulanceTeam/1240460622|TestHumanDetector] Targets:[]
2018-04-15 20:16:49,108 [DEBUG|AmbulanceTeam/1240460622|TestSearchForFire] unsearchedBuildingIDs:[9742, 15128, 14745, 28699, 12443, 27036, 32931, 12590, 17339, 24895, 30913, 24260, 32965, 32966, 9929, 24395, 15182, 16091, 23390, 12535, 23418, 15101]
2018-04-15 20:16:49,109 [DEBUG|AmbulanceTeam/1240460622|TestSearchForFire] best path is:[19929, 33035, 33726, 33733, 33037, 33039, 5145, 33707, 9240, 5622, 1554, 4866, 3174, 7089, 680, 6522, 8961, 3273, 6135, 1873, 8142, 6090, 12432, 30913]
2018-04-15 20:16:49,109 [DEBUG|AmbulanceTeam/1240460622|TestSearchForFire] choosed:6090
2018-04-15 20:16:52,364 [DEBUG|AmbulanceTeam/1240460622|TestHumanDetector] Time:132
2018-04-15 20:16:52,364 [DEBUG|AmbulanceTeam/1240460622|TestSearchForFire] Time:132
2018-04-15 20:16:52,364 [DEBUG|AmbulanceTeam/1240460622|TestHumanDetector] Targets:[]
2018-04-15 20:16:52,365 [DEBUG|AmbulanceTeam/1240460622|TestSearchForFire] unsearchedBuildingIDs:[9742, 15128, 14745, 28699, 12443, 27036, 32931, 12590, 17339, 24895, 30913, 24260, 32965, 32966, 9929, 24395, 15182, 16091, 23390, 12535, 23418, 15101]
2018-04-15 20:16:52,365 [DEBUG|AmbulanceTeam/1240460622|TestSearchForFire] best path is:[5145, 33707, 9240, 5622, 1554, 4866, 3174, 7089, 680, 6522, 8961, 3273, 6135, 1873, 8142, 6090, 12432, 30913]
2018-04-15 20:16:52,365 [DEBUG|AmbulanceTeam/1240460622|TestSearchForFire] choosed:6090
2018-04-15 20:16:55,620 [DEBUG|AmbulanceTeam/1240460622|TestHumanDetector] Time:133
2018-04-15 20:16:55,620 [DEBUG|AmbulanceTeam/1240460622|TestSearchForFire] Time:133
2018-04-15 20:16:55,621 [DEBUG|AmbulanceTeam/1240460622|TestHumanDetector] Targets:[]
2018-04-15 20:16:55,621 [DEBUG|AmbulanceTeam/1240460622|TestSearchForFire] unsearchedBuildingIDs:[9742, 15128, 14745, 28699, 12443, 27036, 32931, 12590, 17339, 24895, 30913, 24260, 32965, 32966, 9929, 24395, 15182, 16091, 23390, 12535, 23418, 15101]
2018-04-15 20:16:55,621 [DEBUG|AmbulanceTeam/1240460622|TestSearchForFire] best path is:[3174, 7089, 680, 6522, 8961, 3273, 6135, 1873, 8142, 6090, 12432, 30913]
2018-04-15 20:16:55,621 [DEBUG|AmbulanceTeam/1240460622|TestSearchForFire] choosed:6090
2018-04-15 20:16:59,028 [DEBUG|AmbulanceTeam/1240460622|TestHumanDetector] Time:134
2018-04-15 20:16:59,028 [DEBUG|AmbulanceTeam/1240460622|TestSearchForFire] Time:134
2018-04-15 20:16:59,028 [DEBUG|AmbulanceTeam/1240460622|TestHumanDetector] Targets:[]
2018-04-15 20:16:59,029 [DEBUG|AmbulanceTeam/1240460622|TestSearchForFire] unsearchedBuildingIDs:[9742, 15128, 14745, 28699, 12443, 27036, 32931, 12590, 17339, 24895, 30913, 24260, 32965, 32966, 9929, 24395, 15182, 16091, 23390, 12535, 23418, 15101]
2018-04-15 20:16:59,029 [DEBUG|AmbulanceTeam/1240460622|TestSearchForFire] best path is:[1873, 8142, 6090, 12432, 30913]
2018-04-15 20:16:59,029 [DEBUG|AmbulanceTeam/1240460622|TestSearchForFire] choosed:6090
2018-04-15 20:17:02,412 [DEBUG|AmbulanceTeam/1240460622|TestHumanDetector] Time:135
2018-04-15 20:17:02,412 [DEBUG|AmbulanceTeam/1240460622|TestSearchForFire] Time:135
2018-04-15 20:17:02,413 [DEBUG|AmbulanceTeam/1240460622|TestHumanDetector] Targets:[]
2018-04-15 20:17:02,413 [DEBUG|AmbulanceTeam/1240460622|TestSearchForFire] unsearchedBuildingIDs:[15128, 14745, 28699, 12443, 27036, 32931, 12590, 17339, 24895, 24260, 32965, 32966, 9929, 24395, 15182, 16091, 23390, 12535, 23418]
2018-04-15 20:17:02,413 [DEBUG|AmbulanceTeam/1240460622|TestSearchForFire] best path is:[6090, 8142, 1873, 32646, 32645, 8160, 32627, 33644, 32623, 6252, 15144, 15128]
2018-04-15 20:17:02,413 [DEBUG|AmbulanceTeam/1240460622|TestSearchForFire] choosed:6252
2018-04-15 20:17:05,797 [DEBUG|AmbulanceTeam/1240460622|TestHumanDetector] Time:136
2018-04-15 20:17:05,797 [DEBUG|AmbulanceTeam/1240460622|TestSearchForFire] Time:136
2018-04-15 20:17:05,797 [DEBUG|AmbulanceTeam/1240460622|TestHumanDetector] Targets:[]
2018-04-15 20:17:05,797 [DEBUG|AmbulanceTeam/1240460622|TestSearchForFire] unsearchedBuildingIDs:[15128, 14745, 28699, 12443, 27036, 32931, 12590, 17339, 24895, 24260, 32965, 32966, 9929, 24395, 15182, 16091, 23390, 12535, 23418]
2018-04-15 20:17:05,797 [DEBUG|AmbulanceTeam/1240460622|TestSearchForFire] best path is:[8160, 32627, 33644, 32623, 6252, 15144, 15128]
2018-04-15 20:17:05,797 [DEBUG|AmbulanceTeam/1240460622|TestSearchForFire] choosed:6252
2018-04-15 20:17:09,184 [DEBUG|AmbulanceTeam/1240460622|TestHumanDetector] Time:137
2018-04-15 20:17:09,184 [DEBUG|AmbulanceTeam/1240460622|TestSearchForFire] Time:137
2018-04-15 20:17:09,184 [DEBUG|AmbulanceTeam/1240460622|TestHumanDetector] Targets:[]
2018-04-15 20:17:09,185 [DEBUG|AmbulanceTeam/1240460622|TestSearchForFire] unsearchedBuildingIDs:[14745, 28699, 12443, 27036, 32931, 12590, 17339, 24895, 24260, 32965, 32966, 9929, 24395, 15182, 16091, 23390, 12535, 23418]
2018-04-15 20:17:09,185 [DEBUG|AmbulanceTeam/1240460622|TestSearchForFire] best path is:[32623, 6252, 5343, 24411, 24395]
2018-04-15 20:17:09,185 [DEBUG|AmbulanceTeam/1240460622|TestSearchForFire] choosed:5343
2018-04-15 20:17:12,668 [DEBUG|AmbulanceTeam/1240460622|TestHumanDetector] Time:138
2018-04-15 20:17:12,668 [DEBUG|AmbulanceTeam/1240460622|TestSearchForFire] Time:138
2018-04-15 20:17:12,669 [DEBUG|AmbulanceTeam/1240460622|TestHumanDetector] Targets:[]
2018-04-15 20:17:12,669 [DEBUG|AmbulanceTeam/1240460622|TestSearchForFire] unsearchedBuildingIDs:[14745, 12443, 27036, 32931, 12590, 17339, 24895, 24260, 32965, 32966, 9929, 15182, 16091, 23390, 12535, 23418]
2018-04-15 20:17:12,669 [DEBUG|AmbulanceTeam/1240460622|TestSearchForFire] best path is:[5343, 32653, 32652, 32650, 12535]
2018-04-15 20:17:12,669 [DEBUG|AmbulanceTeam/1240460622|TestSearchForFire] choosed:32652
2018-04-15 20:17:16,116 [DEBUG|AmbulanceTeam/1240460622|TestHumanDetector] Time:139
2018-04-15 20:17:16,116 [DEBUG|AmbulanceTeam/1240460622|TestSearchForFire] Time:139
2018-04-15 20:17:16,116 [DEBUG|AmbulanceTeam/1240460622|TestHumanDetector] Targets:[]
2018-04-15 20:17:16,117 [DEBUG|AmbulanceTeam/1240460622|TestSearchForFire] unsearchedBuildingIDs:[14745, 12443, 27036, 32931, 12590, 17339, 24895, 24260, 32965, 32966, 9929, 15182, 16091, 23390, 23418]
2018-04-15 20:17:16,117 [DEBUG|AmbulanceTeam/1240460622|TestSearchForFire] best path is:[32653, 5343, 6252, 32623, 33644, 32627, 8160, 32645, 32646, 1873, 8142, 6090, 9204, 30919, 30920, 30911, 30912, 30903, 30893, 14745]
2018-04-15 20:17:16,117 [DEBUG|AmbulanceTeam/1240460622|TestSearchForFire] choosed:30903
2018-04-15 20:17:19,561 [DEBUG|AmbulanceTeam/1240460622|TestHumanDetector] Time:140
2018-04-15 20:17:19,561 [DEBUG|AmbulanceTeam/1240460622|TestSearchForFire] Time:140
2018-04-15 20:17:19,561 [DEBUG|AmbulanceTeam/1240460622|TestHumanDetector] Targets:[]
2018-04-15 20:17:19,561 [DEBUG|AmbulanceTeam/1240460622|TestSearchForFire] unsearchedBuildingIDs:[14745, 12443, 27036, 32931, 12590, 17339, 24895, 24260, 32965, 32966, 9929, 15182, 16091, 23390, 23418]
2018-04-15 20:17:19,562 [DEBUG|AmbulanceTeam/1240460622|TestSearchForFire] best path is:[32623, 33644, 32627, 8160, 32645, 32646, 1873, 8142, 6090, 9204, 30919, 30920, 30911, 30912, 30903, 30893, 14745]
2018-04-15 20:17:19,562 [DEBUG|AmbulanceTeam/1240460622|TestSearchForFire] choosed:30903
2018-04-15 20:17:22,924 [DEBUG|AmbulanceTeam/1240460622|TestHumanDetector] Time:141
2018-04-15 20:17:22,924 [DEBUG|AmbulanceTeam/1240460622|TestSearchForFire] Time:141
2018-04-15 20:17:22,925 [DEBUG|AmbulanceTeam/1240460622|TestHumanDetector] Targets:[]
2018-04-15 20:17:22,925 [DEBUG|AmbulanceTeam/1240460622|TestSearchForFire] unsearchedBuildingIDs:[14745, 12443, 27036, 32931, 12590, 17339, 24895, 24260, 32965, 32966, 9929, 15182, 16091, 23390, 23418]
2018-04-15 20:17:22,925 [DEBUG|AmbulanceTeam/1240460622|TestSearchForFire] best path is:[32645, 32646, 1873, 8142, 6090, 9204, 30919, 30920, 30911, 30912, 30903, 30893, 14745]
2018-04-15 20:17:22,925 [DEBUG|AmbulanceTeam/1240460622|TestSearchForFire] choosed:30903
2018-04-15 20:17:26,312 [DEBUG|AmbulanceTeam/1240460622|TestHumanDetector] Time:142
2018-04-15 20:17:26,313 [DEBUG|AmbulanceTeam/1240460622|TestSearchForFire] Time:142
2018-04-15 20:17:26,313 [DEBUG|AmbulanceTeam/1240460622|TestHumanDetector] Targets:[]
2018-04-15 20:17:26,314 [DEBUG|AmbulanceTeam/1240460622|TestSearchForFire] unsearchedBuildingIDs:[14745, 12443, 27036, 32931, 12590, 17339, 24895, 24260, 32965, 32966, 9929, 15182, 16091, 23390, 23418]
2018-04-15 20:17:26,314 [DEBUG|AmbulanceTeam/1240460622|TestSearchForFire] best path is:[6090, 9204, 30919, 30920, 30911, 30912, 30903, 30893, 14745]
2018-04-15 20:17:26,314 [DEBUG|AmbulanceTeam/1240460622|TestSearchForFire] choosed:30903
2018-04-15 20:17:29,665 [DEBUG|AmbulanceTeam/1240460622|TestHumanDetector] Time:143
2018-04-15 20:17:29,665 [DEBUG|AmbulanceTeam/1240460622|TestSearchForFire] Time:143
2018-04-15 20:17:29,665 [DEBUG|AmbulanceTeam/1240460622|TestHumanDetector] Targets:[]
2018-04-15 20:17:29,665 [DEBUG|AmbulanceTeam/1240460622|TestSearchForFire] unsearchedBuildingIDs:[14745, 12443, 27036, 32931, 12590, 17339, 24895, 24260, 32965, 32966, 9929, 15182, 16091, 23390, 23418]
2018-04-15 20:17:29,665 [DEBUG|AmbulanceTeam/1240460622|TestSearchForFire] best path is:[30919, 30920, 30911, 30912, 30903, 30893, 14745]
2018-04-15 20:17:29,665 [DEBUG|AmbulanceTeam/1240460622|TestSearchForFire] choosed:30903
2018-04-15 20:17:32,996 [DEBUG|AmbulanceTeam/1240460622|TestHumanDetector] Time:144
2018-04-15 20:17:32,996 [DEBUG|AmbulanceTeam/1240460622|TestSearchForFire] Time:144
2018-04-15 20:17:32,997 [DEBUG|AmbulanceTeam/1240460622|TestHumanDetector] Targets:[]
2018-04-15 20:17:32,997 [DEBUG|AmbulanceTeam/1240460622|TestSearchForFire] unsearchedBuildingIDs:[14745, 12443, 27036, 32931, 12590, 17339, 24895, 24260, 32965, 32966, 9929, 15182, 16091, 23390, 23418]
2018-04-15 20:17:32,997 [DEBUG|AmbulanceTeam/1240460622|TestSearchForFire] best path is:[30919, 30920, 30911, 30912, 30903, 30893, 14745]
2018-04-15 20:17:32,997 [DEBUG|AmbulanceTeam/1240460622|TestSearchForFire] choosed:30903
2018-04-15 20:17:36,362 [DEBUG|AmbulanceTeam/1240460622|TestHumanDetector] Time:145
2018-04-15 20:17:36,363 [DEBUG|AmbulanceTeam/1240460622|TestSearchForFire] Time:145
2018-04-15 20:17:36,363 [DEBUG|AmbulanceTeam/1240460622|TestHumanDetector] Targets:[]
2018-04-15 20:17:36,363 [DEBUG|AmbulanceTeam/1240460622|TestSearchForFire] unsearchedBuildingIDs:[14745, 12443, 27036, 32931, 12590, 17339, 24895, 24260, 32965, 32966, 9929, 15182, 16091, 23390, 23418]
2018-04-15 20:17:36,363 [DEBUG|AmbulanceTeam/1240460622|TestSearchForFire] best path is:[30919, 30920, 30911, 30912, 30903, 30893, 14745]
2018-04-15 20:17:36,363 [DEBUG|AmbulanceTeam/1240460622|TestSearchForFire] choosed:30903
2018-04-15 20:17:39,784 [DEBUG|AmbulanceTeam/1240460622|TestHumanDetector] Time:146
2018-04-15 20:17:39,785 [DEBUG|AmbulanceTeam/1240460622|TestSearchForFire] Time:146
2018-04-15 20:17:39,785 [DEBUG|AmbulanceTeam/1240460622|TestHumanDetector] Targets:[]
2018-04-15 20:17:39,785 [DEBUG|AmbulanceTeam/1240460622|TestSearchForFire] unsearchedBuildingIDs:[14745, 12443, 27036, 32931, 12590, 17339, 24895, 24260, 32965, 32966, 9929, 15182, 16091, 23390, 23418]
2018-04-15 20:17:39,785 [DEBUG|AmbulanceTeam/1240460622|TestSearchForFire] best path is:[30919, 30920, 30911, 30912, 30903, 30893, 14745]
2018-04-15 20:17:39,785 [DEBUG|AmbulanceTeam/1240460622|TestSearchForFire] choosed:30903
2018-04-15 20:17:43,256 [DEBUG|AmbulanceTeam/1240460622|TestHumanDetector] Time:147
2018-04-15 20:17:43,256 [DEBUG|AmbulanceTeam/1240460622|TestSearchForFire] Time:147
2018-04-15 20:17:43,257 [DEBUG|AmbulanceTeam/1240460622|TestHumanDetector] Targets:[]
2018-04-15 20:17:43,257 [DEBUG|AmbulanceTeam/1240460622|TestSearchForFire] unsearchedBuildingIDs:[14745, 12443, 27036, 32931, 12590, 17339, 24895, 24260, 32965, 32966, 9929, 15182, 16091, 23390, 23418]
2018-04-15 20:17:43,257 [DEBUG|AmbulanceTeam/1240460622|TestSearchForFire] best path is:[30919, 30920, 30911, 30912, 30903, 30893, 14745]
2018-04-15 20:17:43,257 [DEBUG|AmbulanceTeam/1240460622|TestSearchForFire] choosed:30903
2018-04-15 20:17:46,504 [DEBUG|AmbulanceTeam/1240460622|TestHumanDetector] Time:148
2018-04-15 20:17:46,505 [DEBUG|AmbulanceTeam/1240460622|TestSearchForFire] Time:148
2018-04-15 20:17:46,505 [DEBUG|AmbulanceTeam/1240460622|TestHumanDetector] Targets:[]
2018-04-15 20:17:46,505 [DEBUG|AmbulanceTeam/1240460622|TestSearchForFire] unsearchedBuildingIDs:[14745, 12443, 27036, 32931, 12590, 17339, 24895, 24260, 32965, 32966, 9929, 15182, 16091, 23390, 23418]
2018-04-15 20:17:46,505 [DEBUG|AmbulanceTeam/1240460622|TestSearchForFire] best path is:[30919, 30920, 30911, 30912, 30903, 30893, 14745]
2018-04-15 20:17:46,505 [DEBUG|AmbulanceTeam/1240460622|TestSearchForFire] choosed:30903
2018-04-15 20:17:49,936 [DEBUG|AmbulanceTeam/1240460622|TestHumanDetector] Time:149
2018-04-15 20:17:49,936 [DEBUG|AmbulanceTeam/1240460622|TestSearchForFire] Time:149
2018-04-15 20:17:49,937 [DEBUG|AmbulanceTeam/1240460622|TestHumanDetector] Targets:[]
2018-04-15 20:17:49,937 [DEBUG|AmbulanceTeam/1240460622|TestSearchForFire] unsearchedBuildingIDs:[14745, 12443, 27036, 32931, 12590, 17339, 24895, 24260, 32965, 32966, 9929, 15182, 16091, 23390, 23418]
2018-04-15 20:17:49,937 [DEBUG|AmbulanceTeam/1240460622|TestSearchForFire] best path is:[30919, 30920, 30911, 30912, 30903, 30893, 14745]
2018-04-15 20:17:49,937 [DEBUG|AmbulanceTeam/1240460622|TestSearchForFire] choosed:30903
2018-04-15 20:17:53,565 [DEBUG|AmbulanceTeam/1240460622|TestHumanDetector] Time:150
2018-04-15 20:17:53,565 [DEBUG|AmbulanceTeam/1240460622|TestSearchForFire] Time:150
2018-04-15 20:17:53,565 [DEBUG|AmbulanceTeam/1240460622|TestHumanDetector] Targets:[]
2018-04-15 20:17:53,565 [DEBUG|AmbulanceTeam/1240460622|TestSearchForFire] unsearchedBuildingIDs:[14745, 12443, 27036, 32931, 12590, 17339, 24895, 24260, 32965, 32966, 9929, 15182, 16091, 23390, 23418]
2018-04-15 20:17:53,565 [DEBUG|AmbulanceTeam/1240460622|TestSearchForFire] best path is:[30919, 30920, 30911, 30912, 30903, 30893, 14745]
2018-04-15 20:17:53,565 [DEBUG|AmbulanceTeam/1240460622|TestSearchForFire] choosed:30903
2018-04-15 20:17:56,982 [DEBUG|AmbulanceTeam/1240460622|TestHumanDetector] Time:151
2018-04-15 20:17:56,982 [DEBUG|AmbulanceTeam/1240460622|TestSearchForFire] Time:151
2018-04-15 20:17:56,982 [DEBUG|AmbulanceTeam/1240460622|TestHumanDetector] Targets:[]
2018-04-15 20:17:56,982 [DEBUG|AmbulanceTeam/1240460622|TestSearchForFire] unsearchedBuildingIDs:[14745, 12443, 27036, 32931, 12590, 17339, 24895, 24260, 32965, 32966, 9929, 15182, 16091, 23390, 23418]
2018-04-15 20:17:56,982 [DEBUG|AmbulanceTeam/1240460622|TestSearchForFire] best path is:[30919, 30920, 30911, 30912, 30903, 30893, 14745]
2018-04-15 20:17:56,982 [DEBUG|AmbulanceTeam/1240460622|TestSearchForFire] choosed:30903
2018-04-15 20:18:00,492 [DEBUG|AmbulanceTeam/1240460622|TestHumanDetector] Time:152
2018-04-15 20:18:00,492 [DEBUG|AmbulanceTeam/1240460622|TestSearchForFire] Time:152
2018-04-15 20:18:00,492 [DEBUG|AmbulanceTeam/1240460622|TestHumanDetector] Targets:[]
2018-04-15 20:18:00,493 [DEBUG|AmbulanceTeam/1240460622|TestSearchForFire] unsearchedBuildingIDs:[14745, 12443, 27036, 32931, 12590, 17339, 24895, 24260, 32965, 32966, 9929, 15182, 16091, 23390, 23418]
2018-04-15 20:18:00,493 [DEBUG|AmbulanceTeam/1240460622|TestSearchForFire] best path is:[30919, 30920, 30911, 30912, 30903, 30893, 14745]
2018-04-15 20:18:00,493 [DEBUG|AmbulanceTeam/1240460622|TestSearchForFire] choosed:30903
2018-04-15 20:18:04,009 [DEBUG|AmbulanceTeam/1240460622|TestHumanDetector] Time:153
2018-04-15 20:18:04,009 [DEBUG|AmbulanceTeam/1240460622|TestSearchForFire] Time:153
2018-04-15 20:18:04,009 [DEBUG|AmbulanceTeam/1240460622|TestHumanDetector] Targets:[]
2018-04-15 20:18:04,009 [DEBUG|AmbulanceTeam/1240460622|TestSearchForFire] unsearchedBuildingIDs:[14745, 12443, 27036, 32931, 12590, 17339, 24895, 24260, 32965, 32966, 9929, 15182, 16091, 23390, 23418]
2018-04-15 20:18:04,009 [DEBUG|AmbulanceTeam/1240460622|TestSearchForFire] best path is:[30919, 30920, 30911, 30912, 30903, 30893, 14745]
2018-04-15 20:18:04,009 [DEBUG|AmbulanceTeam/1240460622|TestSearchForFire] choosed:30903
2018-04-15 20:18:07,883 [DEBUG|AmbulanceTeam/1240460622|TestHumanDetector] Time:154
2018-04-15 20:18:07,883 [DEBUG|AmbulanceTeam/1240460622|TestSearchForFire] Time:154
2018-04-15 20:18:07,883 [DEBUG|AmbulanceTeam/1240460622|TestHumanDetector] Targets:[]
2018-04-15 20:18:07,883 [DEBUG|AmbulanceTeam/1240460622|TestSearchForFire] unsearchedBuildingIDs:[14745, 12443, 27036, 32931, 12590, 17339, 24895, 24260, 32965, 32966, 9929, 15182, 16091, 23390, 23418]
2018-04-15 20:18:07,884 [DEBUG|AmbulanceTeam/1240460622|TestSearchForFire] best path is:[30919, 30920, 30911, 30912, 30903, 30893, 14745]
2018-04-15 20:18:07,884 [DEBUG|AmbulanceTeam/1240460622|TestSearchForFire] choosed:30903
2018-04-15 20:18:11,452 [DEBUG|AmbulanceTeam/1240460622|TestHumanDetector] Time:155
2018-04-15 20:18:11,453 [DEBUG|AmbulanceTeam/1240460622|TestSearchForFire] Time:155
2018-04-15 20:18:11,453 [DEBUG|AmbulanceTeam/1240460622|TestHumanDetector] Targets:[]
2018-04-15 20:18:11,453 [DEBUG|AmbulanceTeam/1240460622|TestSearchForFire] unsearchedBuildingIDs:[14745, 12443, 27036, 32931, 12590, 17339, 24895, 24260, 32965, 32966, 9929, 15182, 16091, 23390, 23418]
2018-04-15 20:18:11,453 [DEBUG|AmbulanceTeam/1240460622|TestSearchForFire] best path is:[30919, 30920, 30911, 30912, 30903, 30893, 14745]
2018-04-15 20:18:11,453 [DEBUG|AmbulanceTeam/1240460622|TestSearchForFire] choosed:30903
2018-04-15 20:18:15,264 [DEBUG|AmbulanceTeam/1240460622|TestHumanDetector] Time:156
2018-04-15 20:18:15,264 [DEBUG|AmbulanceTeam/1240460622|TestSearchForFire] Time:156
2018-04-15 20:18:15,265 [DEBUG|AmbulanceTeam/1240460622|TestHumanDetector] Targets:[]
2018-04-15 20:18:15,265 [DEBUG|AmbulanceTeam/1240460622|TestSearchForFire] unsearchedBuildingIDs:[14745, 12443, 27036, 32931, 12590, 17339, 24895, 24260, 32965, 32966, 9929, 15182, 16091, 23390, 23418]
2018-04-15 20:18:15,265 [DEBUG|AmbulanceTeam/1240460622|TestSearchForFire] best path is:[30919, 30920, 30911, 30912, 30903, 30893, 14745]
2018-04-15 20:18:15,265 [DEBUG|AmbulanceTeam/1240460622|TestSearchForFire] choosed:30903
2018-04-15 20:18:18,772 [DEBUG|AmbulanceTeam/1240460622|TestHumanDetector] Time:157
2018-04-15 20:18:18,772 [DEBUG|AmbulanceTeam/1240460622|TestSearchForFire] Time:157
2018-04-15 20:18:18,773 [DEBUG|AmbulanceTeam/1240460622|TestHumanDetector] Targets:[]
2018-04-15 20:18:18,773 [DEBUG|AmbulanceTeam/1240460622|TestSearchForFire] unsearchedBuildingIDs:[14745, 12443, 27036, 32931, 12590, 17339, 24895, 24260, 32965, 32966, 9929, 15182, 16091, 23390, 23418]
2018-04-15 20:18:18,773 [DEBUG|AmbulanceTeam/1240460622|TestSearchForFire] best path is:[30919, 30920, 30911, 30912, 30903, 30893, 14745]
2018-04-15 20:18:18,773 [DEBUG|AmbulanceTeam/1240460622|TestSearchForFire] choosed:30903
2018-04-15 20:18:22,333 [DEBUG|AmbulanceTeam/1240460622|TestHumanDetector] Time:158
2018-04-15 20:18:22,333 [DEBUG|AmbulanceTeam/1240460622|TestSearchForFire] Time:158
2018-04-15 20:18:22,333 [DEBUG|AmbulanceTeam/1240460622|TestHumanDetector] Targets:[]
2018-04-15 20:18:22,333 [DEBUG|AmbulanceTeam/1240460622|TestSearchForFire] unsearchedBuildingIDs:[14745, 12443, 27036, 32931, 12590, 17339, 24895, 24260, 32965, 32966, 9929, 15182, 16091, 23390, 23418]
2018-04-15 20:18:22,333 [DEBUG|AmbulanceTeam/1240460622|TestSearchForFire] best path is:[30919, 30920, 30911, 30912, 30903, 30893, 14745]
2018-04-15 20:18:22,333 [DEBUG|AmbulanceTeam/1240460622|TestSearchForFire] choosed:30903
2018-04-15 20:18:25,906 [DEBUG|AmbulanceTeam/1240460622|TestHumanDetector] Time:159
2018-04-15 20:18:25,906 [DEBUG|AmbulanceTeam/1240460622|TestSearchForFire] Time:159
2018-04-15 20:18:25,906 [DEBUG|AmbulanceTeam/1240460622|TestHumanDetector] Targets:[]
2018-04-15 20:18:25,906 [DEBUG|AmbulanceTeam/1240460622|TestSearchForFire] unsearchedBuildingIDs:[14745, 12443, 27036, 32931, 12590, 17339, 24895, 24260, 32965, 32966, 9929, 15182, 16091, 23390, 23418]
2018-04-15 20:18:25,907 [DEBUG|AmbulanceTeam/1240460622|TestSearchForFire] best path is:[30919, 30920, 30911, 30912, 30903, 30893, 14745]
2018-04-15 20:18:25,907 [DEBUG|AmbulanceTeam/1240460622|TestSearchForFire] choosed:30903
