2018-04-15 20:06:42,502 [DEBUG|AmbulanceTeam/1894380411|TestHumanDetector] Time:1
2018-04-15 20:06:42,502 [DEBUG|AmbulanceTeam/1894380411|TestSearchForFire] Time:1
2018-04-15 20:06:42,502 [DEBUG|AmbulanceTeam/1894380411|TestHumanDetector] Targets:[]
2018-04-15 20:06:42,502 [DEBUG|AmbulanceTeam/1894380411|TestSearchForFire] unsearchedBuildingIDs:[16901, 23877, 13512, 21130, 17229, 25421, 26704, 20306, 33043, 35667, 15955, 33048, 14040, 26074, 35676, 26336, 10336, 20451, 19236, 35686, 28839, 35687, 25394, 20276, 18933, 15349, 21304, 10362, 26171, 22779, 23931, 20478]
2018-04-15 20:06:42,503 [DEBUG|AmbulanceTeam/1894380411|TestSearchForFire] best path is:[35936, 35932, 35930, 4731, 16917, 16901]
2018-04-15 20:06:42,503 [DEBUG|AmbulanceTeam/1894380411|TestSearchForFire] choosed:4731
2018-04-15 20:06:51,800 [DEBUG|AmbulanceTeam/1894380411|TestHumanDetector] Time:2
2018-04-15 20:06:51,801 [DEBUG|AmbulanceTeam/1894380411|TestSearchForFire] Time:2
2018-04-15 20:06:51,801 [DEBUG|AmbulanceTeam/1894380411|TestHumanDetector] Targets:[]
2018-04-15 20:06:51,801 [DEBUG|AmbulanceTeam/1894380411|TestSearchForFire] unsearchedBuildingIDs:[16901, 23877, 13512, 21130, 17229, 25421, 26704, 20306, 33043, 35667, 15955, 33048, 14040, 26074, 35676, 26336, 10336, 20451, 19236, 35686, 28839, 35687, 25394, 20276, 18933, 15349, 21304, 10362, 26171, 22779, 23931, 20478]
2018-04-15 20:06:51,801 [DEBUG|AmbulanceTeam/1894380411|TestSearchForFire] best path is:[35936, 35932, 35930, 4731, 16917, 16901]
2018-04-15 20:06:51,801 [DEBUG|AmbulanceTeam/1894380411|TestSearchForFire] choosed:4731
2018-04-15 20:06:55,260 [DEBUG|AmbulanceTeam/1894380411|TestHumanDetector] Time:3
2018-04-15 20:06:55,260 [DEBUG|AmbulanceTeam/1894380411|TestSearchForFire] Time:3
2018-04-15 20:06:55,261 [DEBUG|AmbulanceTeam/1894380411|TestHumanDetector] Targets:[]
2018-04-15 20:06:55,261 [DEBUG|AmbulanceTeam/1894380411|TestSearchForFire] unsearchedBuildingIDs:[16901, 23877, 13512, 21130, 17229, 25421, 26704, 20306, 33043, 35667, 15955, 33048, 14040, 26074, 35676, 26336, 10336, 20451, 19236, 35686, 28839, 35687, 25394, 20276, 18933, 15349, 21304, 10362, 26171, 22779, 23931, 20478]
2018-04-15 20:06:55,261 [DEBUG|AmbulanceTeam/1894380411|TestSearchForFire] best path is:[35936, 35932, 35930, 4731, 16917, 16901]
2018-04-15 20:06:55,261 [DEBUG|AmbulanceTeam/1894380411|TestSearchForFire] choosed:4731
2018-04-15 20:07:06,685 [DEBUG|AmbulanceTeam/1894380411|TestHumanDetector] Time:4
2018-04-15 20:07:06,685 [DEBUG|AmbulanceTeam/1894380411|TestSearchForFire] Time:4
2018-04-15 20:07:06,686 [DEBUG|AmbulanceTeam/1894380411|TestHumanDetector] Targets:[]
2018-04-15 20:07:06,686 [DEBUG|AmbulanceTeam/1894380411|TestSearchForFire] unsearchedBuildingIDs:[13512, 21130, 17229, 25421, 26704, 20306, 33043, 15955, 33048, 14040, 26074, 35676, 26336, 10336, 20451, 19236, 35686, 28839, 35687, 25394, 20276, 18933, 15349, 21304, 10362, 23931, 20478]
2018-04-15 20:07:06,686 [DEBUG|AmbulanceTeam/1894380411|TestSearchForFire] best path is:[35930, 35929, 35803, 35807, 35810, 33049, 33048]
2018-04-15 20:07:06,687 [DEBUG|AmbulanceTeam/1894380411|TestSearchForFire] choosed:35810
2018-04-15 20:07:15,309 [DEBUG|AmbulanceTeam/1894380411|TestHumanDetector] Time:5
2018-04-15 20:07:15,309 [DEBUG|AmbulanceTeam/1894380411|TestSearchForFire] Time:5
2018-04-15 20:07:15,309 [DEBUG|AmbulanceTeam/1894380411|TestHumanDetector] Targets:[]
2018-04-15 20:07:15,309 [DEBUG|AmbulanceTeam/1894380411|TestSearchForFire] unsearchedBuildingIDs:[13512, 17229, 25421, 26704, 20306, 15955, 14040, 26074, 35676, 26336, 10336, 20451, 19236, 35686, 28839, 35687, 25394, 20276, 18933, 15349, 21304, 10362, 23931, 20478]
2018-04-15 20:07:15,309 [DEBUG|AmbulanceTeam/1894380411|TestSearchForFire] best path is:[35803, 35807, 35810, 35813, 35816, 35818, 13527, 13512]
2018-04-15 20:07:15,309 [DEBUG|AmbulanceTeam/1894380411|TestSearchForFire] choosed:35818
2018-04-15 20:07:23,656 [DEBUG|AmbulanceTeam/1894380411|TestHumanDetector] Time:6
2018-04-15 20:07:23,657 [DEBUG|AmbulanceTeam/1894380411|TestSearchForFire] Time:6
2018-04-15 20:07:23,657 [DEBUG|AmbulanceTeam/1894380411|TestHumanDetector] Targets:[]
2018-04-15 20:07:23,657 [DEBUG|AmbulanceTeam/1894380411|TestSearchForFire] unsearchedBuildingIDs:[17229, 25421, 26704, 20306, 15955, 14040, 26074, 35676, 26336, 10336, 20451, 19236, 35686, 28839, 35687, 25394, 20276, 18933, 15349, 10362, 23931, 20478]
2018-04-15 20:07:23,657 [DEBUG|AmbulanceTeam/1894380411|TestSearchForFire] best path is:[35813, 35810, 35807, 35803, 35929, 35930, 4731, 2382, 7359, 4524, 17245, 17229]
2018-04-15 20:07:23,657 [DEBUG|AmbulanceTeam/1894380411|TestSearchForFire] choosed:4524
2018-04-15 20:07:31,266 [DEBUG|AmbulanceTeam/1894380411|TestHumanDetector] Time:7
2018-04-15 20:07:31,266 [DEBUG|AmbulanceTeam/1894380411|TestSearchForFire] Time:7
2018-04-15 20:07:31,267 [DEBUG|AmbulanceTeam/1894380411|TestHumanDetector] Targets:[]
2018-04-15 20:07:31,267 [DEBUG|AmbulanceTeam/1894380411|TestSearchForFire] unsearchedBuildingIDs:[17229, 25421, 26704, 20306, 15955, 14040, 26074, 35676, 26336, 10336, 20451, 19236, 35686, 28839, 35687, 25394, 20276, 18933, 15349, 10362, 23931, 20478]
2018-04-15 20:07:31,267 [DEBUG|AmbulanceTeam/1894380411|TestSearchForFire] best path is:[35807, 35803, 35929, 35930, 4731, 2382, 7359, 4524, 17245, 17229]
2018-04-15 20:07:31,267 [DEBUG|AmbulanceTeam/1894380411|TestSearchForFire] choosed:4524
2018-04-15 20:07:38,729 [DEBUG|AmbulanceTeam/1894380411|TestHumanDetector] Time:8
2018-04-15 20:07:38,729 [DEBUG|AmbulanceTeam/1894380411|TestSearchForFire] Time:8
2018-04-15 20:07:38,729 [DEBUG|AmbulanceTeam/1894380411|TestHumanDetector] Targets:[]
2018-04-15 20:07:38,729 [DEBUG|AmbulanceTeam/1894380411|TestSearchForFire] unsearchedBuildingIDs:[17229, 25421, 26704, 20306, 15955, 14040, 26074, 35676, 26336, 10336, 20451, 19236, 35686, 28839, 35687, 25394, 20276, 18933, 15349, 10362, 23931, 20478]
2018-04-15 20:07:38,729 [DEBUG|AmbulanceTeam/1894380411|TestSearchForFire] best path is:[35930, 4731, 2382, 7359, 4524, 17245, 17229]
2018-04-15 20:07:38,729 [DEBUG|AmbulanceTeam/1894380411|TestSearchForFire] choosed:4524
2018-04-15 20:07:46,032 [DEBUG|AmbulanceTeam/1894380411|TestHumanDetector] Time:9
2018-04-15 20:07:46,032 [DEBUG|AmbulanceTeam/1894380411|TestSearchForFire] Time:9
2018-04-15 20:07:46,033 [DEBUG|AmbulanceTeam/1894380411|TestHumanDetector] Targets:[]
2018-04-15 20:07:46,033 [DEBUG|AmbulanceTeam/1894380411|TestSearchForFire] unsearchedBuildingIDs:[25421, 26704, 20306, 15955, 14040, 26074, 26336, 10336, 19236, 35686, 28839, 25394, 20276, 15349, 10362, 23931]
2018-04-15 20:07:46,033 [DEBUG|AmbulanceTeam/1894380411|TestSearchForFire] best path is:[7359, 4524, 35526, 35676, 35687, 35686]
2018-04-15 20:07:46,033 [DEBUG|AmbulanceTeam/1894380411|TestSearchForFire] choosed:35676
2018-04-15 20:07:53,372 [DEBUG|AmbulanceTeam/1894380411|TestHumanDetector] Time:10
2018-04-15 20:07:53,372 [DEBUG|AmbulanceTeam/1894380411|TestSearchForFire] Time:10
2018-04-15 20:07:53,372 [DEBUG|AmbulanceTeam/1894380411|TestHumanDetector] Targets:[]
2018-04-15 20:07:53,372 [DEBUG|AmbulanceTeam/1894380411|TestSearchForFire] unsearchedBuildingIDs:[25421, 15955, 14040, 26074, 26336, 10336, 19236, 28839, 25394, 20276, 15349, 10362, 23931]
2018-04-15 20:07:53,373 [DEBUG|AmbulanceTeam/1894380411|TestSearchForFire] best path is:[35676, 35526, 4524, 7359, 2382, 4731, 35930, 35932, 33064, 34588, 25437, 25421]
2018-04-15 20:07:53,373 [DEBUG|AmbulanceTeam/1894380411|TestSearchForFire] choosed:34588
2018-04-15 20:08:00,280 [DEBUG|AmbulanceTeam/1894380411|TestHumanDetector] Time:11
2018-04-15 20:08:00,280 [DEBUG|AmbulanceTeam/1894380411|TestSearchForFire] Time:11
2018-04-15 20:08:00,280 [DEBUG|AmbulanceTeam/1894380411|TestHumanDetector] Targets:[]
2018-04-15 20:08:00,280 [DEBUG|AmbulanceTeam/1894380411|TestSearchForFire] unsearchedBuildingIDs:[25421, 15955, 14040, 26074, 26336, 10336, 19236, 28839, 25394, 20276, 15349, 10362, 23931]
2018-04-15 20:08:00,280 [DEBUG|AmbulanceTeam/1894380411|TestSearchForFire] best path is:[4731, 35930, 35932, 33064, 34588, 25437, 25421]
2018-04-15 20:08:00,280 [DEBUG|AmbulanceTeam/1894380411|TestSearchForFire] choosed:34588
2018-04-15 20:08:07,364 [DEBUG|AmbulanceTeam/1894380411|TestHumanDetector] Time:12
2018-04-15 20:08:07,364 [DEBUG|AmbulanceTeam/1894380411|TestSearchForFire] Time:12
2018-04-15 20:08:07,364 [DEBUG|AmbulanceTeam/1894380411|TestHumanDetector] Targets:[]
2018-04-15 20:08:07,364 [DEBUG|AmbulanceTeam/1894380411|TestSearchForFire] unsearchedBuildingIDs:[25421, 15955, 14040, 26074, 26336, 10336, 19236, 28839, 25394, 20276, 15349, 10362, 23931]
2018-04-15 20:08:07,364 [DEBUG|AmbulanceTeam/1894380411|TestSearchForFire] best path is:[35932, 33064, 34588, 25437, 25421]
2018-04-15 20:08:07,364 [DEBUG|AmbulanceTeam/1894380411|TestSearchForFire] choosed:34588
2018-04-15 20:08:14,090 [DEBUG|AmbulanceTeam/1894380411|TestHumanDetector] Time:13
2018-04-15 20:08:14,090 [DEBUG|AmbulanceTeam/1894380411|TestSearchForFire] Time:13
2018-04-15 20:08:14,091 [DEBUG|AmbulanceTeam/1894380411|TestHumanDetector] Targets:[]
2018-04-15 20:08:14,091 [DEBUG|AmbulanceTeam/1894380411|TestSearchForFire] unsearchedBuildingIDs:[15955, 14040, 26074, 26336, 10336, 19236, 28839, 25394, 20276, 15349, 23931]
2018-04-15 20:08:14,091 [DEBUG|AmbulanceTeam/1894380411|TestSearchForFire] best path is:[33064, 35932, 35936, 35937, 35810, 35813, 35816, 35818, 35822, 31060, 31059, 15971, 15955]
2018-04-15 20:08:14,091 [DEBUG|AmbulanceTeam/1894380411|TestSearchForFire] choosed:31059
2018-04-15 20:08:20,632 [DEBUG|AmbulanceTeam/1894380411|TestHumanDetector] Time:14
2018-04-15 20:08:20,632 [DEBUG|AmbulanceTeam/1894380411|TestSearchForFire] Time:14
2018-04-15 20:08:20,632 [DEBUG|AmbulanceTeam/1894380411|TestHumanDetector] Targets:[]
2018-04-15 20:08:20,633 [DEBUG|AmbulanceTeam/1894380411|TestSearchForFire] unsearchedBuildingIDs:[15955, 14040, 26074, 26336, 10336, 19236, 28839, 25394, 20276, 15349, 23931]
2018-04-15 20:08:20,633 [DEBUG|AmbulanceTeam/1894380411|TestSearchForFire] best path is:[35932, 35936, 35937, 35810, 35813, 35816, 35818, 35822, 31060, 31059, 15971, 15955]
2018-04-15 20:08:20,633 [DEBUG|AmbulanceTeam/1894380411|TestSearchForFire] choosed:31059
2018-04-15 20:08:27,748 [DEBUG|AmbulanceTeam/1894380411|TestHumanDetector] Time:15
2018-04-15 20:08:27,749 [DEBUG|AmbulanceTeam/1894380411|TestSearchForFire] Time:15
2018-04-15 20:08:27,749 [DEBUG|AmbulanceTeam/1894380411|TestHumanDetector] Targets:[]
2018-04-15 20:08:27,749 [DEBUG|AmbulanceTeam/1894380411|TestSearchForFire] unsearchedBuildingIDs:[15955, 14040, 26074, 26336, 10336, 19236, 28839, 25394, 20276, 15349, 23931]
2018-04-15 20:08:27,749 [DEBUG|AmbulanceTeam/1894380411|TestSearchForFire] best path is:[35937, 35810, 35813, 35816, 35818, 35822, 31060, 31059, 15971, 15955]
2018-04-15 20:08:27,749 [DEBUG|AmbulanceTeam/1894380411|TestSearchForFire] choosed:31059
2018-04-15 20:08:34,953 [DEBUG|AmbulanceTeam/1894380411|TestHumanDetector] Time:16
2018-04-15 20:08:34,953 [DEBUG|AmbulanceTeam/1894380411|TestSearchForFire] Time:16
2018-04-15 20:08:34,953 [DEBUG|AmbulanceTeam/1894380411|TestHumanDetector] Targets:[]
2018-04-15 20:08:34,953 [DEBUG|AmbulanceTeam/1894380411|TestSearchForFire] unsearchedBuildingIDs:[15955, 14040, 26074, 26336, 10336, 19236, 28839, 25394, 20276, 15349, 23931]
2018-04-15 20:08:34,953 [DEBUG|AmbulanceTeam/1894380411|TestSearchForFire] best path is:[35818, 35822, 31060, 31059, 15971, 15955]
2018-04-15 20:08:34,953 [DEBUG|AmbulanceTeam/1894380411|TestSearchForFire] choosed:31059
2018-04-15 20:08:41,616 [DEBUG|AmbulanceTeam/1894380411|TestHumanDetector] Time:17
2018-04-15 20:08:41,616 [DEBUG|AmbulanceTeam/1894380411|TestSearchForFire] Time:17
2018-04-15 20:08:41,617 [DEBUG|AmbulanceTeam/1894380411|TestHumanDetector] Targets:[]
2018-04-15 20:08:41,617 [DEBUG|AmbulanceTeam/1894380411|TestSearchForFire] unsearchedBuildingIDs:[14040, 26074, 10336, 19236, 28839, 25394, 20276, 15349, 23931]
2018-04-15 20:08:41,618 [DEBUG|AmbulanceTeam/1894380411|TestSearchForFire] best path is:[31059, 31060, 35822, 35818, 35816, 35813, 35810, 35807, 35803, 35801, 35789, 35786, 35782, 35917, 35918, 6945, 14056, 14040]
2018-04-15 20:08:41,619 [DEBUG|AmbulanceTeam/1894380411|TestSearchForFire] choosed:6945
2018-04-15 20:08:49,516 [DEBUG|AmbulanceTeam/1894380411|TestHumanDetector] Time:18
2018-04-15 20:08:49,516 [DEBUG|AmbulanceTeam/1894380411|TestSearchForFire] Time:18
2018-04-15 20:08:49,516 [DEBUG|AmbulanceTeam/1894380411|TestHumanDetector] Targets:[]
2018-04-15 20:08:49,516 [DEBUG|AmbulanceTeam/1894380411|TestSearchForFire] unsearchedBuildingIDs:[14040, 26074, 10336, 19236, 28839, 25394, 20276, 15349, 23931]
2018-04-15 20:08:49,517 [DEBUG|AmbulanceTeam/1894380411|TestSearchForFire] best path is:[35818, 35816, 35813, 35810, 35807, 35803, 35801, 35789, 35786, 35782, 35917, 35918, 6945, 14056, 14040]
2018-04-15 20:08:49,517 [DEBUG|AmbulanceTeam/1894380411|TestSearchForFire] choosed:6945
2018-04-15 20:08:56,104 [DEBUG|AmbulanceTeam/1894380411|TestHumanDetector] Time:19
2018-04-15 20:08:56,104 [DEBUG|AmbulanceTeam/1894380411|TestSearchForFire] Time:19
2018-04-15 20:08:56,105 [DEBUG|AmbulanceTeam/1894380411|TestHumanDetector] Targets:[]
2018-04-15 20:08:56,105 [DEBUG|AmbulanceTeam/1894380411|TestSearchForFire] unsearchedBuildingIDs:[14040, 26074, 10336, 19236, 28839, 25394, 20276, 15349, 23931]
2018-04-15 20:08:56,105 [DEBUG|AmbulanceTeam/1894380411|TestSearchForFire] best path is:[35810, 35807, 35803, 35801, 35789, 35786, 35782, 35917, 35918, 6945, 14056, 14040]
2018-04-15 20:08:56,105 [DEBUG|AmbulanceTeam/1894380411|TestSearchForFire] choosed:6945
2018-04-15 20:09:02,864 [DEBUG|AmbulanceTeam/1894380411|TestHumanDetector] Time:20
2018-04-15 20:09:02,864 [DEBUG|AmbulanceTeam/1894380411|TestSearchForFire] Time:20
2018-04-15 20:09:02,865 [DEBUG|AmbulanceTeam/1894380411|TestHumanDetector] Targets:[]
2018-04-15 20:09:02,865 [DEBUG|AmbulanceTeam/1894380411|TestSearchForFire] unsearchedBuildingIDs:[14040, 26074, 10336, 19236, 28839, 25394, 20276, 15349, 23931]
2018-04-15 20:09:02,865 [DEBUG|AmbulanceTeam/1894380411|TestSearchForFire] best path is:[35786, 35782, 35917, 35918, 6945, 14056, 14040]
2018-04-15 20:09:02,865 [DEBUG|AmbulanceTeam/1894380411|TestSearchForFire] choosed:6945
2018-04-15 20:09:10,160 [DEBUG|AmbulanceTeam/1894380411|TestHumanDetector] Time:21
2018-04-15 20:09:10,161 [DEBUG|AmbulanceTeam/1894380411|TestSearchForFire] Time:21
2018-04-15 20:09:10,161 [DEBUG|AmbulanceTeam/1894380411|TestHumanDetector] Targets:[]
2018-04-15 20:09:10,161 [DEBUG|AmbulanceTeam/1894380411|TestSearchForFire] unsearchedBuildingIDs:[26074, 10336, 19236, 28839, 25394, 20276, 15349, 23931]
2018-04-15 20:09:10,161 [DEBUG|AmbulanceTeam/1894380411|TestSearchForFire] best path is:[35918, 6945, 2544, 8376, 26090, 26074]
2018-04-15 20:09:10,161 [DEBUG|AmbulanceTeam/1894380411|TestSearchForFire] choosed:8376
2018-04-15 20:09:16,841 [DEBUG|AmbulanceTeam/1894380411|TestHumanDetector] Time:22
2018-04-15 20:09:16,841 [DEBUG|AmbulanceTeam/1894380411|TestSearchForFire] Time:22
2018-04-15 20:09:16,841 [DEBUG|AmbulanceTeam/1894380411|TestHumanDetector] Targets:[]
2018-04-15 20:09:16,841 [DEBUG|AmbulanceTeam/1894380411|TestSearchForFire] unsearchedBuildingIDs:[10336, 19236, 25394, 20276, 15349, 23931]
2018-04-15 20:09:16,842 [DEBUG|AmbulanceTeam/1894380411|TestSearchForFire] best path is:[2544, 6945, 35918, 35920, 35923, 35926, 35930, 35932, 33064, 34588, 35983, 35982, 34736, 25394]
2018-04-15 20:09:16,842 [DEBUG|AmbulanceTeam/1894380411|TestSearchForFire] choosed:35982
2018-04-15 20:09:22,900 [DEBUG|AmbulanceTeam/1894380411|TestHumanDetector] Time:23
2018-04-15 20:09:22,901 [DEBUG|AmbulanceTeam/1894380411|TestSearchForFire] Time:23
2018-04-15 20:09:22,901 [DEBUG|AmbulanceTeam/1894380411|TestHumanDetector] Targets:[]
2018-04-15 20:09:22,901 [DEBUG|AmbulanceTeam/1894380411|TestSearchForFire] unsearchedBuildingIDs:[10336, 19236, 25394, 20276, 15349, 23931]
2018-04-15 20:09:22,902 [DEBUG|AmbulanceTeam/1894380411|TestSearchForFire] best path is:[35918, 35920, 35923, 35926, 35930, 35932, 33064, 34588, 35983, 35982, 34736, 25394]
2018-04-15 20:09:22,902 [DEBUG|AmbulanceTeam/1894380411|TestSearchForFire] choosed:35982
2018-04-15 20:09:28,852 [DEBUG|AmbulanceTeam/1894380411|TestHumanDetector] Time:24
2018-04-15 20:09:28,852 [DEBUG|AmbulanceTeam/1894380411|TestSearchForFire] Time:24
2018-04-15 20:09:28,852 [DEBUG|AmbulanceTeam/1894380411|TestHumanDetector] Targets:[]
2018-04-15 20:09:28,852 [DEBUG|AmbulanceTeam/1894380411|TestSearchForFire] unsearchedBuildingIDs:[10336, 19236, 25394, 20276, 15349, 23931]
2018-04-15 20:09:28,853 [DEBUG|AmbulanceTeam/1894380411|TestSearchForFire] best path is:[35929, 35933, 35932, 33064, 34588, 35983, 35982, 34736, 25394]
2018-04-15 20:09:28,853 [DEBUG|AmbulanceTeam/1894380411|TestSearchForFire] choosed:35982
2018-04-15 20:09:34,724 [DEBUG|AmbulanceTeam/1894380411|TestHumanDetector] Time:25
2018-04-15 20:09:34,724 [DEBUG|AmbulanceTeam/1894380411|TestSearchForFire] Time:25
2018-04-15 20:09:34,725 [DEBUG|AmbulanceTeam/1894380411|TestHumanDetector] Targets:[]
2018-04-15 20:09:34,725 [DEBUG|AmbulanceTeam/1894380411|TestSearchForFire] unsearchedBuildingIDs:[10336, 19236, 25394, 20276, 15349, 23931]
2018-04-15 20:09:34,725 [DEBUG|AmbulanceTeam/1894380411|TestSearchForFire] best path is:[35936, 35932, 33064, 34588, 35983, 35982, 34736, 25394]
2018-04-15 20:09:34,725 [DEBUG|AmbulanceTeam/1894380411|TestSearchForFire] choosed:35982
2018-04-15 20:09:40,720 [DEBUG|AmbulanceTeam/1894380411|TestHumanDetector] Time:26
2018-04-15 20:09:40,720 [DEBUG|AmbulanceTeam/1894380411|TestSearchForFire] Time:26
2018-04-15 20:09:40,720 [DEBUG|AmbulanceTeam/1894380411|TestHumanDetector] Targets:[]
2018-04-15 20:09:40,721 [DEBUG|AmbulanceTeam/1894380411|TestSearchForFire] unsearchedBuildingIDs:[10336, 19236, 25394, 20276, 15349, 23931]
2018-04-15 20:09:40,721 [DEBUG|AmbulanceTeam/1894380411|TestSearchForFire] best path is:[33064, 34588, 35983, 35982, 34736, 25394]
2018-04-15 20:09:40,721 [DEBUG|AmbulanceTeam/1894380411|TestSearchForFire] choosed:35982
2018-04-15 20:09:46,644 [DEBUG|AmbulanceTeam/1894380411|TestHumanDetector] Time:27
2018-04-15 20:09:46,644 [DEBUG|AmbulanceTeam/1894380411|TestSearchForFire] Time:27
2018-04-15 20:09:46,645 [DEBUG|AmbulanceTeam/1894380411|TestHumanDetector] Targets:[]
2018-04-15 20:09:46,645 [DEBUG|AmbulanceTeam/1894380411|TestSearchForFire] unsearchedBuildingIDs:[10336, 19236, 15349, 23931]
2018-04-15 20:09:46,645 [DEBUG|AmbulanceTeam/1894380411|TestSearchForFire] best path is:[35983, 35982, 35979, 4209, 1609, 7287, 4479, 33449, 35989, 35990, 14475, 14459, 34710, 10336]
2018-04-15 20:09:46,645 [DEBUG|AmbulanceTeam/1894380411|TestSearchForFire] choosed:14459
2018-04-15 20:09:52,772 [DEBUG|AmbulanceTeam/1894380411|TestHumanDetector] Time:28
2018-04-15 20:09:52,773 [DEBUG|AmbulanceTeam/1894380411|TestSearchForFire] Time:28
2018-04-15 20:09:52,773 [DEBUG|AmbulanceTeam/1894380411|TestHumanDetector] Targets:[]
2018-04-15 20:09:52,773 [DEBUG|AmbulanceTeam/1894380411|TestSearchForFire] unsearchedBuildingIDs:[10336, 23931]
2018-04-15 20:09:52,773 [DEBUG|AmbulanceTeam/1894380411|TestSearchForFire] best path is:[1609, 7287, 4479, 33449, 35989, 35990, 14475, 14459, 34710, 10336]
2018-04-15 20:09:52,773 [DEBUG|AmbulanceTeam/1894380411|TestSearchForFire] choosed:14459
2018-04-15 20:09:58,581 [DEBUG|AmbulanceTeam/1894380411|TestHumanDetector] Time:29
2018-04-15 20:09:58,581 [DEBUG|AmbulanceTeam/1894380411|TestSearchForFire] Time:29
2018-04-15 20:09:58,582 [DEBUG|AmbulanceTeam/1894380411|TestHumanDetector] Targets:[]
2018-04-15 20:09:58,582 [DEBUG|AmbulanceTeam/1894380411|TestSearchForFire] unsearchedBuildingIDs:[10336, 23931]
2018-04-15 20:09:58,582 [DEBUG|AmbulanceTeam/1894380411|TestSearchForFire] best path is:[33449, 35989, 35990, 14475, 14459, 34710, 10336]
2018-04-15 20:09:58,582 [DEBUG|AmbulanceTeam/1894380411|TestSearchForFire] choosed:14459
2018-04-15 20:10:04,472 [DEBUG|AmbulanceTeam/1894380411|TestHumanDetector] Time:30
2018-04-15 20:10:04,472 [DEBUG|AmbulanceTeam/1894380411|TestSearchForFire] Time:30
2018-04-15 20:10:04,473 [DEBUG|AmbulanceTeam/1894380411|TestHumanDetector] Targets:[]
2018-04-15 20:10:04,473 [DEBUG|AmbulanceTeam/1894380411|TestSearchForFire] unsearchedBuildingIDs:[10336, 23931]
2018-04-15 20:10:04,473 [DEBUG|AmbulanceTeam/1894380411|TestSearchForFire] best path is:[33449, 35989, 35990, 14475, 14459, 34710, 10336]
2018-04-15 20:10:04,473 [DEBUG|AmbulanceTeam/1894380411|TestSearchForFire] choosed:14459
2018-04-15 20:10:10,244 [DEBUG|AmbulanceTeam/1894380411|TestHumanDetector] Time:31
2018-04-15 20:10:10,245 [DEBUG|AmbulanceTeam/1894380411|TestSearchForFire] Time:31
2018-04-15 20:10:10,245 [DEBUG|AmbulanceTeam/1894380411|TestHumanDetector] Targets:[]
2018-04-15 20:10:10,245 [DEBUG|AmbulanceTeam/1894380411|TestSearchForFire] unsearchedBuildingIDs:[10336, 23931]
2018-04-15 20:10:10,245 [DEBUG|AmbulanceTeam/1894380411|TestSearchForFire] best path is:[33449, 35989, 35990, 14475, 14459, 34710, 10336]
2018-04-15 20:10:10,245 [DEBUG|AmbulanceTeam/1894380411|TestSearchForFire] choosed:14459
2018-04-15 20:10:15,821 [DEBUG|AmbulanceTeam/1894380411|TestHumanDetector] Time:32
2018-04-15 20:10:15,822 [DEBUG|AmbulanceTeam/1894380411|TestSearchForFire] Time:32
2018-04-15 20:10:15,822 [DEBUG|AmbulanceTeam/1894380411|TestHumanDetector] Targets:[]
2018-04-15 20:10:15,822 [DEBUG|AmbulanceTeam/1894380411|TestSearchForFire] unsearchedBuildingIDs:[10336, 23931]
2018-04-15 20:10:15,822 [DEBUG|AmbulanceTeam/1894380411|TestSearchForFire] best path is:[33449, 35989, 35990, 14475, 14459, 34710, 10336]
2018-04-15 20:10:15,822 [DEBUG|AmbulanceTeam/1894380411|TestSearchForFire] choosed:14459
2018-04-15 20:10:21,230 [DEBUG|AmbulanceTeam/1894380411|TestHumanDetector] Time:33
2018-04-15 20:10:21,230 [DEBUG|AmbulanceTeam/1894380411|TestSearchForFire] Time:33
2018-04-15 20:10:21,231 [DEBUG|AmbulanceTeam/1894380411|TestHumanDetector] Targets:[]
2018-04-15 20:10:21,231 [DEBUG|AmbulanceTeam/1894380411|TestSearchForFire] unsearchedBuildingIDs:[10336, 23931]
2018-04-15 20:10:21,231 [DEBUG|AmbulanceTeam/1894380411|TestSearchForFire] best path is:[33449, 35989, 35990, 14475, 14459, 34710, 10336]
2018-04-15 20:10:21,231 [DEBUG|AmbulanceTeam/1894380411|TestSearchForFire] choosed:14459
2018-04-15 20:10:26,773 [DEBUG|AmbulanceTeam/1894380411|TestHumanDetector] Time:34
2018-04-15 20:10:26,773 [DEBUG|AmbulanceTeam/1894380411|TestSearchForFire] Time:34
2018-04-15 20:10:26,774 [DEBUG|AmbulanceTeam/1894380411|TestHumanDetector] Targets:[]
2018-04-15 20:10:26,774 [DEBUG|AmbulanceTeam/1894380411|TestSearchForFire] unsearchedBuildingIDs:[10336, 23931]
2018-04-15 20:10:26,775 [DEBUG|AmbulanceTeam/1894380411|TestSearchForFire] best path is:[33449, 35989, 35990, 14475, 14459, 34710, 10336]
2018-04-15 20:10:26,776 [DEBUG|AmbulanceTeam/1894380411|TestSearchForFire] choosed:14459
2018-04-15 20:10:32,120 [DEBUG|AmbulanceTeam/1894380411|TestHumanDetector] Time:35
2018-04-15 20:10:32,121 [DEBUG|AmbulanceTeam/1894380411|TestSearchForFire] Time:35
2018-04-15 20:10:32,121 [DEBUG|AmbulanceTeam/1894380411|TestHumanDetector] Targets:[]
2018-04-15 20:10:32,121 [DEBUG|AmbulanceTeam/1894380411|TestSearchForFire] unsearchedBuildingIDs:[10336, 23931]
2018-04-15 20:10:32,122 [DEBUG|AmbulanceTeam/1894380411|TestSearchForFire] best path is:[33449, 35989, 35990, 14475, 14459, 34710, 10336]
2018-04-15 20:10:32,122 [DEBUG|AmbulanceTeam/1894380411|TestSearchForFire] choosed:14459
2018-04-15 20:10:37,900 [DEBUG|AmbulanceTeam/1894380411|TestHumanDetector] Time:36
2018-04-15 20:10:37,900 [DEBUG|AmbulanceTeam/1894380411|TestSearchForFire] Time:36
2018-04-15 20:10:37,900 [DEBUG|AmbulanceTeam/1894380411|TestHumanDetector] Targets:[]
2018-04-15 20:10:37,900 [DEBUG|AmbulanceTeam/1894380411|TestSearchForFire] unsearchedBuildingIDs:[10336, 23931]
2018-04-15 20:10:37,900 [DEBUG|AmbulanceTeam/1894380411|TestSearchForFire] best path is:[33449, 35989, 35990, 14475, 14459, 34710, 10336]
2018-04-15 20:10:37,900 [DEBUG|AmbulanceTeam/1894380411|TestSearchForFire] choosed:14459
2018-04-15 20:10:43,044 [DEBUG|AmbulanceTeam/1894380411|TestHumanDetector] Time:37
2018-04-15 20:10:43,045 [DEBUG|AmbulanceTeam/1894380411|TestSearchForFire] Time:37
2018-04-15 20:10:43,045 [DEBUG|AmbulanceTeam/1894380411|TestHumanDetector] Targets:[]
2018-04-15 20:10:43,045 [DEBUG|AmbulanceTeam/1894380411|TestSearchForFire] unsearchedBuildingIDs:[10336, 23931]
2018-04-15 20:10:43,045 [DEBUG|AmbulanceTeam/1894380411|TestSearchForFire] best path is:[35989, 35990, 14475, 14459, 34710, 10336]
2018-04-15 20:10:43,045 [DEBUG|AmbulanceTeam/1894380411|TestSearchForFire] choosed:14459
2018-04-15 20:10:48,284 [DEBUG|AmbulanceTeam/1894380411|TestHumanDetector] Time:38
2018-04-15 20:10:48,285 [DEBUG|AmbulanceTeam/1894380411|TestSearchForFire] Time:38
2018-04-15 20:10:48,285 [DEBUG|AmbulanceTeam/1894380411|TestHumanDetector] Targets:[]
2018-04-15 20:10:48,285 [DEBUG|AmbulanceTeam/1894380411|TestSearchForFire] unsearchedBuildingIDs:[10336, 23931]
2018-04-15 20:10:48,285 [DEBUG|AmbulanceTeam/1894380411|TestSearchForFire] best path is:[35989, 35990, 14475, 14459, 34710, 10336]
2018-04-15 20:10:48,285 [DEBUG|AmbulanceTeam/1894380411|TestSearchForFire] choosed:14459
2018-04-15 20:10:53,429 [DEBUG|AmbulanceTeam/1894380411|TestHumanDetector] Time:39
2018-04-15 20:10:53,429 [DEBUG|AmbulanceTeam/1894380411|TestSearchForFire] Time:39
2018-04-15 20:10:53,429 [DEBUG|AmbulanceTeam/1894380411|TestHumanDetector] Targets:[]
2018-04-15 20:10:53,429 [DEBUG|AmbulanceTeam/1894380411|TestSearchForFire] unsearchedBuildingIDs:[10336, 23931]
2018-04-15 20:10:53,429 [DEBUG|AmbulanceTeam/1894380411|TestSearchForFire] best path is:[35989, 35990, 14475, 14459, 34710, 10336]
2018-04-15 20:10:53,429 [DEBUG|AmbulanceTeam/1894380411|TestSearchForFire] choosed:14459
2018-04-15 20:10:58,572 [DEBUG|AmbulanceTeam/1894380411|TestHumanDetector] Time:40
2018-04-15 20:10:58,572 [DEBUG|AmbulanceTeam/1894380411|TestSearchForFire] Time:40
2018-04-15 20:10:58,572 [DEBUG|AmbulanceTeam/1894380411|TestHumanDetector] Targets:[]
2018-04-15 20:10:58,572 [DEBUG|AmbulanceTeam/1894380411|TestSearchForFire] unsearchedBuildingIDs:[10336, 23931]
2018-04-15 20:10:58,573 [DEBUG|AmbulanceTeam/1894380411|TestSearchForFire] best path is:[35989, 35990, 14475, 14459, 34710, 10336]
2018-04-15 20:10:58,573 [DEBUG|AmbulanceTeam/1894380411|TestSearchForFire] choosed:14459
2018-04-15 20:11:03,648 [DEBUG|AmbulanceTeam/1894380411|TestHumanDetector] Time:41
2018-04-15 20:11:03,648 [DEBUG|AmbulanceTeam/1894380411|TestSearchForFire] Time:41
2018-04-15 20:11:03,648 [DEBUG|AmbulanceTeam/1894380411|TestHumanDetector] Targets:[]
2018-04-15 20:11:03,648 [DEBUG|AmbulanceTeam/1894380411|TestSearchForFire] unsearchedBuildingIDs:[10336, 23931]
2018-04-15 20:11:03,648 [DEBUG|AmbulanceTeam/1894380411|TestSearchForFire] best path is:[35989, 35990, 14475, 14459, 34710, 10336]
2018-04-15 20:11:03,648 [DEBUG|AmbulanceTeam/1894380411|TestSearchForFire] choosed:14459
2018-04-15 20:11:08,452 [DEBUG|AmbulanceTeam/1894380411|TestHumanDetector] Time:42
2018-04-15 20:11:08,452 [DEBUG|AmbulanceTeam/1894380411|TestSearchForFire] Time:42
2018-04-15 20:11:08,452 [DEBUG|AmbulanceTeam/1894380411|TestHumanDetector] Targets:[]
2018-04-15 20:11:08,452 [DEBUG|AmbulanceTeam/1894380411|TestSearchForFire] unsearchedBuildingIDs:[10336, 23931]
2018-04-15 20:11:08,452 [DEBUG|AmbulanceTeam/1894380411|TestSearchForFire] best path is:[35989, 35990, 14475, 14459, 34710, 10336]
2018-04-15 20:11:08,452 [DEBUG|AmbulanceTeam/1894380411|TestSearchForFire] choosed:14459
2018-04-15 20:11:13,612 [DEBUG|AmbulanceTeam/1894380411|TestHumanDetector] Time:43
2018-04-15 20:11:13,612 [DEBUG|AmbulanceTeam/1894380411|TestSearchForFire] Time:43
2018-04-15 20:11:13,613 [DEBUG|AmbulanceTeam/1894380411|TestHumanDetector] Targets:[]
2018-04-15 20:11:13,613 [DEBUG|AmbulanceTeam/1894380411|TestSearchForFire] unsearchedBuildingIDs:[10336, 23931]
2018-04-15 20:11:13,613 [DEBUG|AmbulanceTeam/1894380411|TestSearchForFire] best path is:[35989, 35990, 14475, 14459, 34710, 10336]
2018-04-15 20:11:13,613 [DEBUG|AmbulanceTeam/1894380411|TestSearchForFire] choosed:14459
2018-04-15 20:11:18,476 [DEBUG|AmbulanceTeam/1894380411|TestHumanDetector] Time:44
2018-04-15 20:11:18,477 [DEBUG|AmbulanceTeam/1894380411|TestSearchForFire] Time:44
2018-04-15 20:11:18,478 [DEBUG|AmbulanceTeam/1894380411|TestHumanDetector] Targets:[]
2018-04-15 20:11:18,479 [DEBUG|AmbulanceTeam/1894380411|TestSearchForFire] unsearchedBuildingIDs:[10336, 23931]
2018-04-15 20:11:18,479 [DEBUG|AmbulanceTeam/1894380411|TestSearchForFire] best path is:[35989, 35990, 14475, 14459, 34710, 10336]
2018-04-15 20:11:18,481 [DEBUG|AmbulanceTeam/1894380411|TestSearchForFire] choosed:14459
2018-04-15 20:11:23,913 [DEBUG|AmbulanceTeam/1894380411|TestHumanDetector] Time:45
2018-04-15 20:11:23,913 [DEBUG|AmbulanceTeam/1894380411|TestSearchForFire] Time:45
2018-04-15 20:11:23,914 [DEBUG|AmbulanceTeam/1894380411|TestHumanDetector] Targets:[]
2018-04-15 20:11:23,914 [DEBUG|AmbulanceTeam/1894380411|TestSearchForFire] unsearchedBuildingIDs:[10336, 23931]
2018-04-15 20:11:23,915 [DEBUG|AmbulanceTeam/1894380411|TestSearchForFire] best path is:[35990, 14475, 14459, 34710, 10336]
2018-04-15 20:11:23,915 [DEBUG|AmbulanceTeam/1894380411|TestSearchForFire] choosed:14459
2018-04-15 20:11:28,784 [DEBUG|AmbulanceTeam/1894380411|TestHumanDetector] Time:46
2018-04-15 20:11:28,784 [DEBUG|AmbulanceTeam/1894380411|TestSearchForFire] Time:46
2018-04-15 20:11:28,784 [DEBUG|AmbulanceTeam/1894380411|TestHumanDetector] Targets:[]
2018-04-15 20:11:28,784 [DEBUG|AmbulanceTeam/1894380411|TestSearchForFire] unsearchedBuildingIDs:[10336, 23931]
2018-04-15 20:11:28,784 [DEBUG|AmbulanceTeam/1894380411|TestSearchForFire] best path is:[35990, 14475, 14459, 34710, 10336]
2018-04-15 20:11:28,784 [DEBUG|AmbulanceTeam/1894380411|TestSearchForFire] choosed:14459
2018-04-15 20:11:33,597 [DEBUG|AmbulanceTeam/1894380411|TestHumanDetector] Time:47
2018-04-15 20:11:33,597 [DEBUG|AmbulanceTeam/1894380411|TestSearchForFire] Time:47
2018-04-15 20:11:33,597 [DEBUG|AmbulanceTeam/1894380411|TestHumanDetector] Targets:[]
2018-04-15 20:11:33,597 [DEBUG|AmbulanceTeam/1894380411|TestSearchForFire] unsearchedBuildingIDs:[10336, 23931]
2018-04-15 20:11:33,597 [DEBUG|AmbulanceTeam/1894380411|TestSearchForFire] best path is:[35990, 14475, 14459, 34710, 10336]
2018-04-15 20:11:33,597 [DEBUG|AmbulanceTeam/1894380411|TestSearchForFire] choosed:14459
2018-04-15 20:11:38,500 [DEBUG|AmbulanceTeam/1894380411|TestHumanDetector] Time:48
2018-04-15 20:11:38,500 [DEBUG|AmbulanceTeam/1894380411|TestSearchForFire] Time:48
2018-04-15 20:11:38,501 [DEBUG|AmbulanceTeam/1894380411|TestHumanDetector] Targets:[]
2018-04-15 20:11:38,501 [DEBUG|AmbulanceTeam/1894380411|TestSearchForFire] unsearchedBuildingIDs:[10336, 23931]
2018-04-15 20:11:38,501 [DEBUG|AmbulanceTeam/1894380411|TestSearchForFire] best path is:[35990, 14475, 14459, 34710, 10336]
2018-04-15 20:11:38,501 [DEBUG|AmbulanceTeam/1894380411|TestSearchForFire] choosed:14459
2018-04-15 20:11:43,108 [DEBUG|AmbulanceTeam/1894380411|TestHumanDetector] Time:49
2018-04-15 20:11:43,109 [DEBUG|AmbulanceTeam/1894380411|TestSearchForFire] Time:49
2018-04-15 20:11:43,109 [DEBUG|AmbulanceTeam/1894380411|TestHumanDetector] Targets:[]
2018-04-15 20:11:43,109 [DEBUG|AmbulanceTeam/1894380411|TestSearchForFire] unsearchedBuildingIDs:[10336, 23931]
2018-04-15 20:11:43,110 [DEBUG|AmbulanceTeam/1894380411|TestSearchForFire] best path is:[35990, 14475, 14459, 34710, 10336]
2018-04-15 20:11:43,110 [DEBUG|AmbulanceTeam/1894380411|TestSearchForFire] choosed:14459
2018-04-15 20:11:48,100 [DEBUG|AmbulanceTeam/1894380411|TestHumanDetector] Time:50
2018-04-15 20:11:48,101 [DEBUG|AmbulanceTeam/1894380411|TestSearchForFire] Time:50
2018-04-15 20:11:48,101 [DEBUG|AmbulanceTeam/1894380411|TestHumanDetector] Targets:[]
2018-04-15 20:11:48,101 [DEBUG|AmbulanceTeam/1894380411|TestSearchForFire] unsearchedBuildingIDs:[10336, 23931]
2018-04-15 20:11:48,101 [DEBUG|AmbulanceTeam/1894380411|TestSearchForFire] best path is:[35990, 14475, 14459, 34710, 10336]
2018-04-15 20:11:48,101 [DEBUG|AmbulanceTeam/1894380411|TestSearchForFire] choosed:14459
2018-04-15 20:11:52,665 [DEBUG|AmbulanceTeam/1894380411|TestHumanDetector] Time:51
2018-04-15 20:11:52,666 [DEBUG|AmbulanceTeam/1894380411|TestSearchForFire] Time:51
2018-04-15 20:11:52,667 [DEBUG|AmbulanceTeam/1894380411|TestHumanDetector] Targets:[]
2018-04-15 20:11:52,667 [DEBUG|AmbulanceTeam/1894380411|TestSearchForFire] unsearchedBuildingIDs:[10336, 23931]
2018-04-15 20:11:52,668 [DEBUG|AmbulanceTeam/1894380411|TestSearchForFire] best path is:[35990, 14475, 14459, 34710, 10336]
2018-04-15 20:11:52,668 [DEBUG|AmbulanceTeam/1894380411|TestSearchForFire] choosed:14459
2018-04-15 20:11:57,032 [DEBUG|AmbulanceTeam/1894380411|TestHumanDetector] Time:52
2018-04-15 20:11:57,032 [DEBUG|AmbulanceTeam/1894380411|TestSearchForFire] Time:52
2018-04-15 20:11:57,033 [DEBUG|AmbulanceTeam/1894380411|TestHumanDetector] Targets:[]
2018-04-15 20:11:57,033 [DEBUG|AmbulanceTeam/1894380411|TestSearchForFire] unsearchedBuildingIDs:[10336, 23931]
2018-04-15 20:11:57,033 [DEBUG|AmbulanceTeam/1894380411|TestSearchForFire] best path is:[35990, 14475, 14459, 34710, 10336]
2018-04-15 20:11:57,033 [DEBUG|AmbulanceTeam/1894380411|TestSearchForFire] choosed:14459
2018-04-15 20:12:01,488 [DEBUG|AmbulanceTeam/1894380411|TestHumanDetector] Time:53
2018-04-15 20:12:01,488 [DEBUG|AmbulanceTeam/1894380411|TestSearchForFire] Time:53
2018-04-15 20:12:01,489 [DEBUG|AmbulanceTeam/1894380411|TestHumanDetector] Targets:[]
2018-04-15 20:12:01,489 [DEBUG|AmbulanceTeam/1894380411|TestSearchForFire] unsearchedBuildingIDs:[10336, 23931]
2018-04-15 20:12:01,489 [DEBUG|AmbulanceTeam/1894380411|TestSearchForFire] best path is:[35990, 14475, 14459, 34710, 10336]
2018-04-15 20:12:01,489 [DEBUG|AmbulanceTeam/1894380411|TestSearchForFire] choosed:14459
2018-04-15 20:12:06,053 [DEBUG|AmbulanceTeam/1894380411|TestHumanDetector] Time:54
2018-04-15 20:12:06,053 [DEBUG|AmbulanceTeam/1894380411|TestSearchForFire] Time:54
2018-04-15 20:12:06,054 [DEBUG|AmbulanceTeam/1894380411|TestHumanDetector] Targets:[]
2018-04-15 20:12:06,054 [DEBUG|AmbulanceTeam/1894380411|TestSearchForFire] unsearchedBuildingIDs:[10336, 23931]
2018-04-15 20:12:06,054 [DEBUG|AmbulanceTeam/1894380411|TestSearchForFire] best path is:[35990, 14475, 14459, 34710, 10336]
2018-04-15 20:12:06,054 [DEBUG|AmbulanceTeam/1894380411|TestSearchForFire] choosed:14459
2018-04-15 20:12:10,572 [DEBUG|AmbulanceTeam/1894380411|TestHumanDetector] Time:55
2018-04-15 20:12:10,572 [DEBUG|AmbulanceTeam/1894380411|TestSearchForFire] Time:55
2018-04-15 20:12:10,573 [DEBUG|AmbulanceTeam/1894380411|TestHumanDetector] Targets:[Civilian (851238114)]
2018-04-15 20:12:10,573 [DEBUG|AmbulanceTeam/1894380411|TestHumanDetector] Selected:Civilian (851238114)
2018-04-15 20:12:15,184 [DEBUG|AmbulanceTeam/1894380411|TestHumanDetector] Time:56
2018-04-15 20:12:15,184 [DEBUG|AmbulanceTeam/1894380411|TestSearchForFire] Time:56
2018-04-15 20:12:25,315 [DEBUG|AmbulanceTeam/1894380411|TestHumanDetector] Time:57
2018-04-15 20:12:25,335 [DEBUG|AmbulanceTeam/1894380411|TestSearchForFire] Time:57
2018-04-15 20:12:25,773 [DEBUG|AmbulanceTeam/1894380411|TestHumanDetector] Time:58
2018-04-15 20:12:25,773 [DEBUG|AmbulanceTeam/1894380411|TestSearchForFire] Time:58
2018-04-15 20:12:30,168 [DEBUG|AmbulanceTeam/1894380411|TestHumanDetector] Time:59
2018-04-15 20:12:30,168 [DEBUG|AmbulanceTeam/1894380411|TestSearchForFire] Time:59
2018-04-15 20:12:34,600 [DEBUG|AmbulanceTeam/1894380411|TestHumanDetector] Time:60
2018-04-15 20:12:34,600 [DEBUG|AmbulanceTeam/1894380411|TestSearchForFire] Time:60
2018-04-15 20:12:38,662 [DEBUG|AmbulanceTeam/1894380411|TestHumanDetector] Time:61
2018-04-15 20:12:38,662 [DEBUG|AmbulanceTeam/1894380411|TestSearchForFire] Time:61
2018-04-15 20:12:42,488 [DEBUG|AmbulanceTeam/1894380411|TestHumanDetector] Time:62
2018-04-15 20:12:42,488 [DEBUG|AmbulanceTeam/1894380411|TestSearchForFire] Time:62
2018-04-15 20:12:46,722 [DEBUG|AmbulanceTeam/1894380411|TestHumanDetector] Time:63
2018-04-15 20:12:46,741 [DEBUG|AmbulanceTeam/1894380411|TestSearchForFire] Time:63
2018-04-15 20:12:50,544 [DEBUG|AmbulanceTeam/1894380411|TestHumanDetector] Time:64
2018-04-15 20:12:50,544 [DEBUG|AmbulanceTeam/1894380411|TestSearchForFire] Time:64
2018-04-15 20:12:54,780 [DEBUG|AmbulanceTeam/1894380411|TestHumanDetector] Time:65
2018-04-15 20:12:54,780 [DEBUG|AmbulanceTeam/1894380411|TestSearchForFire] Time:65
2018-04-15 20:12:59,044 [DEBUG|AmbulanceTeam/1894380411|TestHumanDetector] Time:66
2018-04-15 20:12:59,044 [DEBUG|AmbulanceTeam/1894380411|TestSearchForFire] Time:66
2018-04-15 20:13:03,156 [DEBUG|AmbulanceTeam/1894380411|TestHumanDetector] Time:67
2018-04-15 20:13:03,156 [DEBUG|AmbulanceTeam/1894380411|TestSearchForFire] Time:67
2018-04-15 20:13:07,232 [DEBUG|AmbulanceTeam/1894380411|TestHumanDetector] Time:68
2018-04-15 20:13:07,232 [DEBUG|AmbulanceTeam/1894380411|TestSearchForFire] Time:68
2018-04-15 20:13:11,144 [DEBUG|AmbulanceTeam/1894380411|TestHumanDetector] Time:69
2018-04-15 20:13:11,144 [DEBUG|AmbulanceTeam/1894380411|TestSearchForFire] Time:69
2018-04-15 20:13:14,972 [DEBUG|AmbulanceTeam/1894380411|TestHumanDetector] Time:70
2018-04-15 20:13:14,972 [DEBUG|AmbulanceTeam/1894380411|TestSearchForFire] Time:70
2018-04-15 20:13:18,744 [DEBUG|AmbulanceTeam/1894380411|TestHumanDetector] Time:71
2018-04-15 20:13:18,744 [DEBUG|AmbulanceTeam/1894380411|TestSearchForFire] Time:71
2018-04-15 20:13:22,756 [DEBUG|AmbulanceTeam/1894380411|TestHumanDetector] Time:72
2018-04-15 20:13:22,756 [DEBUG|AmbulanceTeam/1894380411|TestSearchForFire] Time:72
2018-04-15 20:13:26,432 [DEBUG|AmbulanceTeam/1894380411|TestHumanDetector] Time:73
2018-04-15 20:13:26,432 [DEBUG|AmbulanceTeam/1894380411|TestSearchForFire] Time:73
2018-04-15 20:13:30,132 [DEBUG|AmbulanceTeam/1894380411|TestHumanDetector] Time:74
2018-04-15 20:13:30,132 [DEBUG|AmbulanceTeam/1894380411|TestSearchForFire] Time:74
2018-04-15 20:13:34,142 [DEBUG|AmbulanceTeam/1894380411|TestHumanDetector] Time:75
2018-04-15 20:13:34,142 [DEBUG|AmbulanceTeam/1894380411|TestSearchForFire] Time:75
2018-04-15 20:13:37,936 [DEBUG|AmbulanceTeam/1894380411|TestHumanDetector] Time:76
2018-04-15 20:13:37,936 [DEBUG|AmbulanceTeam/1894380411|TestSearchForFire] Time:76
2018-04-15 20:13:41,568 [DEBUG|AmbulanceTeam/1894380411|TestHumanDetector] Time:77
2018-04-15 20:13:41,568 [DEBUG|AmbulanceTeam/1894380411|TestSearchForFire] Time:77
2018-04-15 20:13:45,072 [DEBUG|AmbulanceTeam/1894380411|TestHumanDetector] Time:78
2018-04-15 20:13:45,072 [DEBUG|AmbulanceTeam/1894380411|TestSearchForFire] Time:78
2018-04-15 20:13:48,836 [DEBUG|AmbulanceTeam/1894380411|TestHumanDetector] Time:79
2018-04-15 20:13:48,836 [DEBUG|AmbulanceTeam/1894380411|TestSearchForFire] Time:79
2018-04-15 20:13:52,500 [DEBUG|AmbulanceTeam/1894380411|TestHumanDetector] Time:80
2018-04-15 20:13:52,500 [DEBUG|AmbulanceTeam/1894380411|TestSearchForFire] Time:80
2018-04-15 20:13:56,097 [DEBUG|AmbulanceTeam/1894380411|TestHumanDetector] Time:81
2018-04-15 20:13:56,097 [DEBUG|AmbulanceTeam/1894380411|TestSearchForFire] Time:81
2018-04-15 20:13:59,681 [DEBUG|AmbulanceTeam/1894380411|TestHumanDetector] Time:82
2018-04-15 20:13:59,681 [DEBUG|AmbulanceTeam/1894380411|TestSearchForFire] Time:82
2018-04-15 20:14:03,344 [DEBUG|AmbulanceTeam/1894380411|TestHumanDetector] Time:83
2018-04-15 20:14:03,344 [DEBUG|AmbulanceTeam/1894380411|TestSearchForFire] Time:83
2018-04-15 20:14:07,176 [DEBUG|AmbulanceTeam/1894380411|TestHumanDetector] Time:84
2018-04-15 20:14:07,176 [DEBUG|AmbulanceTeam/1894380411|TestSearchForFire] Time:84
2018-04-15 20:14:10,792 [DEBUG|AmbulanceTeam/1894380411|TestHumanDetector] Time:85
2018-04-15 20:14:10,792 [DEBUG|AmbulanceTeam/1894380411|TestSearchForFire] Time:85
2018-04-15 20:14:14,288 [DEBUG|AmbulanceTeam/1894380411|TestHumanDetector] Time:86
2018-04-15 20:14:14,288 [DEBUG|AmbulanceTeam/1894380411|TestSearchForFire] Time:86
2018-04-15 20:14:17,696 [DEBUG|AmbulanceTeam/1894380411|TestHumanDetector] Time:87
2018-04-15 20:14:17,696 [DEBUG|AmbulanceTeam/1894380411|TestSearchForFire] Time:87
2018-04-15 20:14:21,128 [DEBUG|AmbulanceTeam/1894380411|TestHumanDetector] Time:88
2018-04-15 20:14:21,128 [DEBUG|AmbulanceTeam/1894380411|TestSearchForFire] Time:88
2018-04-15 20:14:24,744 [DEBUG|AmbulanceTeam/1894380411|TestHumanDetector] Time:89
2018-04-15 20:14:24,744 [DEBUG|AmbulanceTeam/1894380411|TestSearchForFire] Time:89
2018-04-15 20:14:28,408 [DEBUG|AmbulanceTeam/1894380411|TestHumanDetector] Time:90
2018-04-15 20:14:28,409 [DEBUG|AmbulanceTeam/1894380411|TestSearchForFire] Time:90
2018-04-15 20:14:31,968 [DEBUG|AmbulanceTeam/1894380411|TestHumanDetector] Time:91
2018-04-15 20:14:31,968 [DEBUG|AmbulanceTeam/1894380411|TestSearchForFire] Time:91
2018-04-15 20:14:35,712 [DEBUG|AmbulanceTeam/1894380411|TestHumanDetector] Time:92
2018-04-15 20:14:35,712 [DEBUG|AmbulanceTeam/1894380411|TestSearchForFire] Time:92
2018-04-15 20:14:39,360 [DEBUG|AmbulanceTeam/1894380411|TestHumanDetector] Time:93
2018-04-15 20:14:39,360 [DEBUG|AmbulanceTeam/1894380411|TestSearchForFire] Time:93
2018-04-15 20:14:39,360 [DEBUG|AmbulanceTeam/1894380411|TestHumanDetector] Invalid Human:Civilian (851238114) ==>reset target
2018-04-15 20:14:39,360 [DEBUG|AmbulanceTeam/1894380411|TestHumanDetector] Targets:[]
2018-04-15 20:14:39,360 [DEBUG|AmbulanceTeam/1894380411|TestSearchForFire] unsearchedBuildingIDs:[23931]
2018-04-15 20:14:39,360 [DEBUG|AmbulanceTeam/1894380411|TestSearchForFire] best path is:[14459, 34700, 23931]
2018-04-15 20:14:39,360 [DEBUG|AmbulanceTeam/1894380411|TestSearchForFire] choosed:14459
2018-04-15 20:14:42,784 [DEBUG|AmbulanceTeam/1894380411|TestHumanDetector] Time:94
2018-04-15 20:14:42,784 [DEBUG|AmbulanceTeam/1894380411|TestSearchForFire] Time:94
2018-04-15 20:14:42,784 [DEBUG|AmbulanceTeam/1894380411|TestHumanDetector] Targets:[]
2018-04-15 20:14:42,784 [DEBUG|AmbulanceTeam/1894380411|TestSearchForFire] unsearchedBuildingIDs:[23931]
2018-04-15 20:14:42,785 [DEBUG|AmbulanceTeam/1894380411|TestSearchForFire] best path is:[14459, 34700, 23931]
2018-04-15 20:14:42,785 [DEBUG|AmbulanceTeam/1894380411|TestSearchForFire] choosed:14459
2018-04-15 20:14:46,412 [DEBUG|AmbulanceTeam/1894380411|TestHumanDetector] Time:95
2018-04-15 20:14:46,412 [DEBUG|AmbulanceTeam/1894380411|TestSearchForFire] Time:95
2018-04-15 20:14:46,412 [DEBUG|AmbulanceTeam/1894380411|TestHumanDetector] Targets:[]
2018-04-15 20:14:46,412 [DEBUG|AmbulanceTeam/1894380411|TestSearchForFire] unsearchedBuildingIDs:[23931]
2018-04-15 20:14:46,412 [DEBUG|AmbulanceTeam/1894380411|TestSearchForFire] best path is:[14459, 34700, 23931]
2018-04-15 20:14:46,412 [DEBUG|AmbulanceTeam/1894380411|TestSearchForFire] choosed:14459
2018-04-15 20:14:50,124 [DEBUG|AmbulanceTeam/1894380411|TestHumanDetector] Time:96
2018-04-15 20:14:50,124 [DEBUG|AmbulanceTeam/1894380411|TestSearchForFire] Time:96
2018-04-15 20:14:50,125 [DEBUG|AmbulanceTeam/1894380411|TestHumanDetector] Targets:[]
2018-04-15 20:14:50,125 [DEBUG|AmbulanceTeam/1894380411|TestSearchForFire] unsearchedBuildingIDs:[23931]
2018-04-15 20:14:50,125 [DEBUG|AmbulanceTeam/1894380411|TestSearchForFire] best path is:[14459, 34700, 23931]
2018-04-15 20:14:50,125 [DEBUG|AmbulanceTeam/1894380411|TestSearchForFire] choosed:14459
2018-04-15 20:14:53,780 [DEBUG|AmbulanceTeam/1894380411|TestHumanDetector] Time:97
2018-04-15 20:14:53,780 [DEBUG|AmbulanceTeam/1894380411|TestSearchForFire] Time:97
2018-04-15 20:14:53,780 [DEBUG|AmbulanceTeam/1894380411|TestHumanDetector] Targets:[]
2018-04-15 20:14:53,781 [DEBUG|AmbulanceTeam/1894380411|TestSearchForFire] unsearchedBuildingIDs:[23931]
2018-04-15 20:14:53,781 [DEBUG|AmbulanceTeam/1894380411|TestSearchForFire] best path is:[14459, 34700, 23931]
2018-04-15 20:14:53,781 [DEBUG|AmbulanceTeam/1894380411|TestSearchForFire] choosed:14459
2018-04-15 20:14:57,368 [DEBUG|AmbulanceTeam/1894380411|TestHumanDetector] Time:98
2018-04-15 20:14:57,369 [DEBUG|AmbulanceTeam/1894380411|TestSearchForFire] Time:98
2018-04-15 20:14:57,369 [DEBUG|AmbulanceTeam/1894380411|TestHumanDetector] Targets:[]
2018-04-15 20:14:57,369 [DEBUG|AmbulanceTeam/1894380411|TestSearchForFire] unsearchedBuildingIDs:[23931]
2018-04-15 20:14:57,369 [DEBUG|AmbulanceTeam/1894380411|TestSearchForFire] best path is:[14459, 34700, 23931]
2018-04-15 20:14:57,369 [DEBUG|AmbulanceTeam/1894380411|TestSearchForFire] choosed:14459
2018-04-15 20:15:00,764 [DEBUG|AmbulanceTeam/1894380411|TestHumanDetector] Time:99
2018-04-15 20:15:00,764 [DEBUG|AmbulanceTeam/1894380411|TestSearchForFire] Time:99
2018-04-15 20:15:00,764 [DEBUG|AmbulanceTeam/1894380411|TestHumanDetector] Targets:[]
2018-04-15 20:15:00,765 [DEBUG|AmbulanceTeam/1894380411|TestSearchForFire] unsearchedBuildingIDs:[23931]
2018-04-15 20:15:00,765 [DEBUG|AmbulanceTeam/1894380411|TestSearchForFire] best path is:[14459, 34700, 23931]
2018-04-15 20:15:00,765 [DEBUG|AmbulanceTeam/1894380411|TestSearchForFire] choosed:14459
2018-04-15 20:15:04,357 [DEBUG|AmbulanceTeam/1894380411|TestHumanDetector] Time:100
2018-04-15 20:15:04,357 [DEBUG|AmbulanceTeam/1894380411|TestSearchForFire] Time:100
2018-04-15 20:15:04,358 [DEBUG|AmbulanceTeam/1894380411|TestHumanDetector] Targets:[]
2018-04-15 20:15:04,358 [DEBUG|AmbulanceTeam/1894380411|TestSearchForFire] unsearchedBuildingIDs:[23931]
2018-04-15 20:15:04,358 [DEBUG|AmbulanceTeam/1894380411|TestSearchForFire] best path is:[14459, 34700, 23931]
2018-04-15 20:15:04,358 [DEBUG|AmbulanceTeam/1894380411|TestSearchForFire] choosed:14459
2018-04-15 20:15:07,768 [DEBUG|AmbulanceTeam/1894380411|TestHumanDetector] Time:101
2018-04-15 20:15:07,768 [DEBUG|AmbulanceTeam/1894380411|TestSearchForFire] Time:101
2018-04-15 20:15:07,769 [DEBUG|AmbulanceTeam/1894380411|TestHumanDetector] Targets:[]
2018-04-15 20:15:07,769 [DEBUG|AmbulanceTeam/1894380411|TestSearchForFire] unsearchedBuildingIDs:[23931]
2018-04-15 20:15:07,769 [DEBUG|AmbulanceTeam/1894380411|TestSearchForFire] best path is:[14459, 34700, 23931]
2018-04-15 20:15:07,769 [DEBUG|AmbulanceTeam/1894380411|TestSearchForFire] choosed:14459
2018-04-15 20:15:11,184 [DEBUG|AmbulanceTeam/1894380411|TestHumanDetector] Time:102
2018-04-15 20:15:11,184 [DEBUG|AmbulanceTeam/1894380411|TestSearchForFire] Time:102
2018-04-15 20:15:11,184 [DEBUG|AmbulanceTeam/1894380411|TestHumanDetector] Targets:[]
2018-04-15 20:15:11,184 [DEBUG|AmbulanceTeam/1894380411|TestSearchForFire] unsearchedBuildingIDs:[23931]
2018-04-15 20:15:11,185 [DEBUG|AmbulanceTeam/1894380411|TestSearchForFire] best path is:[14459, 34700, 23931]
2018-04-15 20:15:11,185 [DEBUG|AmbulanceTeam/1894380411|TestSearchForFire] choosed:14459
2018-04-15 20:15:14,804 [DEBUG|AmbulanceTeam/1894380411|TestHumanDetector] Time:103
2018-04-15 20:15:14,804 [DEBUG|AmbulanceTeam/1894380411|TestSearchForFire] Time:103
2018-04-15 20:15:14,804 [DEBUG|AmbulanceTeam/1894380411|TestHumanDetector] Targets:[]
2018-04-15 20:15:14,805 [DEBUG|AmbulanceTeam/1894380411|TestSearchForFire] unsearchedBuildingIDs:[23931]
2018-04-15 20:15:14,805 [DEBUG|AmbulanceTeam/1894380411|TestSearchForFire] best path is:[14459, 34700, 23931]
2018-04-15 20:15:14,805 [DEBUG|AmbulanceTeam/1894380411|TestSearchForFire] choosed:14459
2018-04-15 20:15:18,292 [DEBUG|AmbulanceTeam/1894380411|TestHumanDetector] Time:104
2018-04-15 20:15:18,292 [DEBUG|AmbulanceTeam/1894380411|TestSearchForFire] Time:104
2018-04-15 20:15:18,292 [DEBUG|AmbulanceTeam/1894380411|TestHumanDetector] Targets:[]
2018-04-15 20:15:18,292 [DEBUG|AmbulanceTeam/1894380411|TestSearchForFire] unsearchedBuildingIDs:[23931]
2018-04-15 20:15:18,292 [DEBUG|AmbulanceTeam/1894380411|TestSearchForFire] best path is:[14459, 34700, 23931]
2018-04-15 20:15:18,292 [DEBUG|AmbulanceTeam/1894380411|TestSearchForFire] choosed:14459
2018-04-15 20:15:21,620 [DEBUG|AmbulanceTeam/1894380411|TestHumanDetector] Time:105
2018-04-15 20:15:21,621 [DEBUG|AmbulanceTeam/1894380411|TestSearchForFire] Time:105
2018-04-15 20:15:21,621 [DEBUG|AmbulanceTeam/1894380411|TestHumanDetector] Targets:[]
2018-04-15 20:15:21,621 [DEBUG|AmbulanceTeam/1894380411|TestSearchForFire] unsearchedBuildingIDs:[23931]
2018-04-15 20:15:21,621 [DEBUG|AmbulanceTeam/1894380411|TestSearchForFire] best path is:[14459, 34700, 23931]
2018-04-15 20:15:21,621 [DEBUG|AmbulanceTeam/1894380411|TestSearchForFire] choosed:14459
2018-04-15 20:15:24,920 [DEBUG|AmbulanceTeam/1894380411|TestHumanDetector] Time:106
2018-04-15 20:15:24,920 [DEBUG|AmbulanceTeam/1894380411|TestSearchForFire] Time:106
2018-04-15 20:15:24,920 [DEBUG|AmbulanceTeam/1894380411|TestHumanDetector] Targets:[]
2018-04-15 20:15:24,920 [DEBUG|AmbulanceTeam/1894380411|TestSearchForFire] unsearchedBuildingIDs:[23931]
2018-04-15 20:15:24,920 [DEBUG|AmbulanceTeam/1894380411|TestSearchForFire] best path is:[14459, 34700, 23931]
2018-04-15 20:15:24,920 [DEBUG|AmbulanceTeam/1894380411|TestSearchForFire] choosed:14459
2018-04-15 20:15:28,373 [DEBUG|AmbulanceTeam/1894380411|TestHumanDetector] Time:107
2018-04-15 20:15:28,373 [DEBUG|AmbulanceTeam/1894380411|TestSearchForFire] Time:107
2018-04-15 20:15:28,373 [DEBUG|AmbulanceTeam/1894380411|TestHumanDetector] Targets:[]
2018-04-15 20:15:28,374 [DEBUG|AmbulanceTeam/1894380411|TestSearchForFire] unsearchedBuildingIDs:[23931]
2018-04-15 20:15:28,374 [DEBUG|AmbulanceTeam/1894380411|TestSearchForFire] best path is:[14459, 34700, 23931]
2018-04-15 20:15:28,374 [DEBUG|AmbulanceTeam/1894380411|TestSearchForFire] choosed:14459
2018-04-15 20:15:31,664 [DEBUG|AmbulanceTeam/1894380411|TestHumanDetector] Time:108
2018-04-15 20:15:31,664 [DEBUG|AmbulanceTeam/1894380411|TestSearchForFire] Time:108
2018-04-15 20:15:31,664 [DEBUG|AmbulanceTeam/1894380411|TestHumanDetector] Targets:[]
2018-04-15 20:15:31,665 [DEBUG|AmbulanceTeam/1894380411|TestSearchForFire] unsearchedBuildingIDs:[23931]
2018-04-15 20:15:31,665 [DEBUG|AmbulanceTeam/1894380411|TestSearchForFire] best path is:[14459, 34700, 23931]
2018-04-15 20:15:31,665 [DEBUG|AmbulanceTeam/1894380411|TestSearchForFire] choosed:14459
2018-04-15 20:15:35,228 [DEBUG|AmbulanceTeam/1894380411|TestHumanDetector] Time:109
2018-04-15 20:15:35,228 [DEBUG|AmbulanceTeam/1894380411|TestSearchForFire] Time:109
2018-04-15 20:15:35,228 [DEBUG|AmbulanceTeam/1894380411|TestHumanDetector] Targets:[]
2018-04-15 20:15:35,228 [DEBUG|AmbulanceTeam/1894380411|TestSearchForFire] unsearchedBuildingIDs:[23931]
2018-04-15 20:15:35,228 [DEBUG|AmbulanceTeam/1894380411|TestSearchForFire] best path is:[14459, 34700, 23931]
2018-04-15 20:15:35,228 [DEBUG|AmbulanceTeam/1894380411|TestSearchForFire] choosed:14459
2018-04-15 20:15:38,796 [DEBUG|AmbulanceTeam/1894380411|TestHumanDetector] Time:110
2018-04-15 20:15:38,796 [DEBUG|AmbulanceTeam/1894380411|TestSearchForFire] Time:110
2018-04-15 20:15:38,796 [DEBUG|AmbulanceTeam/1894380411|TestHumanDetector] Targets:[]
2018-04-15 20:15:38,797 [DEBUG|AmbulanceTeam/1894380411|TestSearchForFire] unsearchedBuildingIDs:[23931]
2018-04-15 20:15:38,797 [DEBUG|AmbulanceTeam/1894380411|TestSearchForFire] best path is:[14459, 34700, 23931]
2018-04-15 20:15:38,797 [DEBUG|AmbulanceTeam/1894380411|TestSearchForFire] choosed:14459
2018-04-15 20:15:42,180 [DEBUG|AmbulanceTeam/1894380411|TestHumanDetector] Time:111
2018-04-15 20:15:42,180 [DEBUG|AmbulanceTeam/1894380411|TestSearchForFire] Time:111
2018-04-15 20:15:42,180 [DEBUG|AmbulanceTeam/1894380411|TestHumanDetector] Targets:[]
2018-04-15 20:15:42,180 [DEBUG|AmbulanceTeam/1894380411|TestSearchForFire] unsearchedBuildingIDs:[23931]
2018-04-15 20:15:42,180 [DEBUG|AmbulanceTeam/1894380411|TestSearchForFire] best path is:[14459, 34700, 23931]
2018-04-15 20:15:42,180 [DEBUG|AmbulanceTeam/1894380411|TestSearchForFire] choosed:14459
2018-04-15 20:15:45,504 [DEBUG|AmbulanceTeam/1894380411|TestHumanDetector] Time:112
2018-04-15 20:15:45,504 [DEBUG|AmbulanceTeam/1894380411|TestSearchForFire] Time:112
2018-04-15 20:15:45,504 [DEBUG|AmbulanceTeam/1894380411|TestHumanDetector] Targets:[]
2018-04-15 20:15:45,504 [DEBUG|AmbulanceTeam/1894380411|TestSearchForFire] unsearchedBuildingIDs:[23931]
2018-04-15 20:15:45,504 [DEBUG|AmbulanceTeam/1894380411|TestSearchForFire] best path is:[14459, 34700, 23931]
2018-04-15 20:15:45,505 [DEBUG|AmbulanceTeam/1894380411|TestSearchForFire] choosed:14459
2018-04-15 20:15:48,773 [DEBUG|AmbulanceTeam/1894380411|TestHumanDetector] Time:113
2018-04-15 20:15:48,774 [DEBUG|AmbulanceTeam/1894380411|TestSearchForFire] Time:113
2018-04-15 20:15:48,774 [DEBUG|AmbulanceTeam/1894380411|TestHumanDetector] Targets:[]
2018-04-15 20:15:48,774 [DEBUG|AmbulanceTeam/1894380411|TestSearchForFire] unsearchedBuildingIDs:[23931]
2018-04-15 20:15:48,774 [DEBUG|AmbulanceTeam/1894380411|TestSearchForFire] best path is:[14459, 34700, 23931]
2018-04-15 20:15:48,774 [DEBUG|AmbulanceTeam/1894380411|TestSearchForFire] choosed:14459
2018-04-15 20:15:52,476 [DEBUG|AmbulanceTeam/1894380411|TestHumanDetector] Time:114
2018-04-15 20:15:52,476 [DEBUG|AmbulanceTeam/1894380411|TestSearchForFire] Time:114
2018-04-15 20:15:52,477 [DEBUG|AmbulanceTeam/1894380411|TestHumanDetector] Targets:[]
2018-04-15 20:15:52,477 [DEBUG|AmbulanceTeam/1894380411|TestSearchForFire] unsearchedBuildingIDs:[23931]
2018-04-15 20:15:52,477 [DEBUG|AmbulanceTeam/1894380411|TestSearchForFire] best path is:[14459, 34700, 23931]
2018-04-15 20:15:52,477 [DEBUG|AmbulanceTeam/1894380411|TestSearchForFire] choosed:14459
2018-04-15 20:15:55,732 [DEBUG|AmbulanceTeam/1894380411|TestHumanDetector] Time:115
2018-04-15 20:15:55,732 [DEBUG|AmbulanceTeam/1894380411|TestSearchForFire] Time:115
2018-04-15 20:15:55,733 [DEBUG|AmbulanceTeam/1894380411|TestHumanDetector] Targets:[]
2018-04-15 20:15:55,733 [DEBUG|AmbulanceTeam/1894380411|TestSearchForFire] unsearchedBuildingIDs:[23931]
2018-04-15 20:15:55,733 [DEBUG|AmbulanceTeam/1894380411|TestSearchForFire] best path is:[14459, 34700, 23931]
2018-04-15 20:15:55,733 [DEBUG|AmbulanceTeam/1894380411|TestSearchForFire] choosed:14459
2018-04-15 20:15:59,096 [DEBUG|AmbulanceTeam/1894380411|TestHumanDetector] Time:116
2018-04-15 20:15:59,096 [DEBUG|AmbulanceTeam/1894380411|TestSearchForFire] Time:116
2018-04-15 20:15:59,097 [DEBUG|AmbulanceTeam/1894380411|TestHumanDetector] Targets:[]
2018-04-15 20:15:59,097 [DEBUG|AmbulanceTeam/1894380411|TestSearchForFire] unsearchedBuildingIDs:[23931]
2018-04-15 20:15:59,097 [DEBUG|AmbulanceTeam/1894380411|TestSearchForFire] best path is:[14459, 34700, 23931]
2018-04-15 20:15:59,097 [DEBUG|AmbulanceTeam/1894380411|TestSearchForFire] choosed:14459
2018-04-15 20:16:02,388 [DEBUG|AmbulanceTeam/1894380411|TestHumanDetector] Time:117
2018-04-15 20:16:02,388 [DEBUG|AmbulanceTeam/1894380411|TestSearchForFire] Time:117
2018-04-15 20:16:02,389 [DEBUG|AmbulanceTeam/1894380411|TestHumanDetector] Targets:[]
2018-04-15 20:16:02,389 [DEBUG|AmbulanceTeam/1894380411|TestSearchForFire] unsearchedBuildingIDs:[23931]
2018-04-15 20:16:02,389 [DEBUG|AmbulanceTeam/1894380411|TestSearchForFire] best path is:[14459, 34700, 23931]
2018-04-15 20:16:02,389 [DEBUG|AmbulanceTeam/1894380411|TestSearchForFire] choosed:14459
2018-04-15 20:16:05,656 [DEBUG|AmbulanceTeam/1894380411|TestHumanDetector] Time:118
2018-04-15 20:16:05,656 [DEBUG|AmbulanceTeam/1894380411|TestSearchForFire] Time:118
2018-04-15 20:16:05,657 [DEBUG|AmbulanceTeam/1894380411|TestHumanDetector] Targets:[]
2018-04-15 20:16:05,657 [DEBUG|AmbulanceTeam/1894380411|TestSearchForFire] unsearchedBuildingIDs:[23931]
2018-04-15 20:16:05,657 [DEBUG|AmbulanceTeam/1894380411|TestSearchForFire] best path is:[14459, 34700, 23931]
2018-04-15 20:16:05,658 [DEBUG|AmbulanceTeam/1894380411|TestSearchForFire] choosed:14459
2018-04-15 20:16:09,056 [DEBUG|AmbulanceTeam/1894380411|TestHumanDetector] Time:119
2018-04-15 20:16:09,056 [DEBUG|AmbulanceTeam/1894380411|TestSearchForFire] Time:119
2018-04-15 20:16:09,056 [DEBUG|AmbulanceTeam/1894380411|TestHumanDetector] Targets:[]
2018-04-15 20:16:09,056 [DEBUG|AmbulanceTeam/1894380411|TestSearchForFire] unsearchedBuildingIDs:[23931]
2018-04-15 20:16:09,056 [DEBUG|AmbulanceTeam/1894380411|TestSearchForFire] best path is:[14459, 34700, 23931]
2018-04-15 20:16:09,056 [DEBUG|AmbulanceTeam/1894380411|TestSearchForFire] choosed:14459
2018-04-15 20:16:12,669 [DEBUG|AmbulanceTeam/1894380411|TestHumanDetector] Time:120
2018-04-15 20:16:12,670 [DEBUG|AmbulanceTeam/1894380411|TestSearchForFire] Time:120
2018-04-15 20:16:12,671 [DEBUG|AmbulanceTeam/1894380411|TestHumanDetector] Targets:[]
2018-04-15 20:16:12,671 [DEBUG|AmbulanceTeam/1894380411|TestSearchForFire] unsearchedBuildingIDs:[23931]
2018-04-15 20:16:12,671 [DEBUG|AmbulanceTeam/1894380411|TestSearchForFire] best path is:[14459, 34700, 23931]
2018-04-15 20:16:12,671 [DEBUG|AmbulanceTeam/1894380411|TestSearchForFire] choosed:14459
2018-04-15 20:16:16,213 [DEBUG|AmbulanceTeam/1894380411|TestHumanDetector] Time:121
2018-04-15 20:16:16,213 [DEBUG|AmbulanceTeam/1894380411|TestSearchForFire] Time:121
2018-04-15 20:16:16,213 [DEBUG|AmbulanceTeam/1894380411|TestHumanDetector] Targets:[]
2018-04-15 20:16:16,213 [DEBUG|AmbulanceTeam/1894380411|TestSearchForFire] unsearchedBuildingIDs:[23931]
2018-04-15 20:16:16,213 [DEBUG|AmbulanceTeam/1894380411|TestSearchForFire] best path is:[14459, 34700, 23931]
2018-04-15 20:16:16,213 [DEBUG|AmbulanceTeam/1894380411|TestSearchForFire] choosed:14459
2018-04-15 20:16:19,352 [DEBUG|AmbulanceTeam/1894380411|TestHumanDetector] Time:122
2018-04-15 20:16:19,352 [DEBUG|AmbulanceTeam/1894380411|TestSearchForFire] Time:122
2018-04-15 20:16:19,353 [DEBUG|AmbulanceTeam/1894380411|TestHumanDetector] Targets:[]
2018-04-15 20:16:19,353 [DEBUG|AmbulanceTeam/1894380411|TestSearchForFire] unsearchedBuildingIDs:[23931]
2018-04-15 20:16:19,353 [DEBUG|AmbulanceTeam/1894380411|TestSearchForFire] best path is:[14459, 34700, 23931]
2018-04-15 20:16:19,353 [DEBUG|AmbulanceTeam/1894380411|TestSearchForFire] choosed:14459
2018-04-15 20:16:22,648 [DEBUG|AmbulanceTeam/1894380411|TestHumanDetector] Time:123
2018-04-15 20:16:22,648 [DEBUG|AmbulanceTeam/1894380411|TestSearchForFire] Time:123
2018-04-15 20:16:22,648 [DEBUG|AmbulanceTeam/1894380411|TestHumanDetector] Targets:[]
2018-04-15 20:16:22,649 [DEBUG|AmbulanceTeam/1894380411|TestSearchForFire] unsearchedBuildingIDs:[23931]
2018-04-15 20:16:22,649 [DEBUG|AmbulanceTeam/1894380411|TestSearchForFire] best path is:[14459, 34700, 23931]
2018-04-15 20:16:22,649 [DEBUG|AmbulanceTeam/1894380411|TestSearchForFire] choosed:14459
2018-04-15 20:16:26,096 [DEBUG|AmbulanceTeam/1894380411|TestHumanDetector] Time:124
2018-04-15 20:16:26,096 [DEBUG|AmbulanceTeam/1894380411|TestSearchForFire] Time:124
2018-04-15 20:16:26,097 [DEBUG|AmbulanceTeam/1894380411|TestHumanDetector] Targets:[]
2018-04-15 20:16:26,097 [DEBUG|AmbulanceTeam/1894380411|TestSearchForFire] unsearchedBuildingIDs:[23931]
2018-04-15 20:16:26,097 [DEBUG|AmbulanceTeam/1894380411|TestSearchForFire] best path is:[14459, 34700, 23931]
2018-04-15 20:16:26,097 [DEBUG|AmbulanceTeam/1894380411|TestSearchForFire] choosed:14459
2018-04-15 20:16:29,532 [DEBUG|AmbulanceTeam/1894380411|TestHumanDetector] Time:125
2018-04-15 20:16:29,532 [DEBUG|AmbulanceTeam/1894380411|TestSearchForFire] Time:125
2018-04-15 20:16:29,533 [DEBUG|AmbulanceTeam/1894380411|TestHumanDetector] Targets:[]
2018-04-15 20:16:29,533 [DEBUG|AmbulanceTeam/1894380411|TestSearchForFire] unsearchedBuildingIDs:[23931]
2018-04-15 20:16:29,533 [DEBUG|AmbulanceTeam/1894380411|TestSearchForFire] best path is:[14459, 34700, 23931]
2018-04-15 20:16:29,533 [DEBUG|AmbulanceTeam/1894380411|TestSearchForFire] choosed:14459
2018-04-15 20:16:32,876 [DEBUG|AmbulanceTeam/1894380411|TestHumanDetector] Time:126
2018-04-15 20:16:32,876 [DEBUG|AmbulanceTeam/1894380411|TestSearchForFire] Time:126
2018-04-15 20:16:32,877 [DEBUG|AmbulanceTeam/1894380411|TestHumanDetector] Targets:[]
2018-04-15 20:16:32,877 [DEBUG|AmbulanceTeam/1894380411|TestSearchForFire] unsearchedBuildingIDs:[23931]
2018-04-15 20:16:32,877 [DEBUG|AmbulanceTeam/1894380411|TestSearchForFire] best path is:[14459, 34700, 23931]
2018-04-15 20:16:32,877 [DEBUG|AmbulanceTeam/1894380411|TestSearchForFire] choosed:14459
2018-04-15 20:16:36,256 [DEBUG|AmbulanceTeam/1894380411|TestHumanDetector] Time:127
2018-04-15 20:16:36,256 [DEBUG|AmbulanceTeam/1894380411|TestSearchForFire] Time:127
2018-04-15 20:16:36,257 [DEBUG|AmbulanceTeam/1894380411|TestHumanDetector] Targets:[]
2018-04-15 20:16:36,257 [DEBUG|AmbulanceTeam/1894380411|TestSearchForFire] unsearchedBuildingIDs:[23931]
2018-04-15 20:16:36,257 [DEBUG|AmbulanceTeam/1894380411|TestSearchForFire] best path is:[14459, 34700, 23931]
2018-04-15 20:16:36,257 [DEBUG|AmbulanceTeam/1894380411|TestSearchForFire] choosed:14459
2018-04-15 20:16:39,712 [DEBUG|AmbulanceTeam/1894380411|TestHumanDetector] Time:128
2018-04-15 20:16:39,712 [DEBUG|AmbulanceTeam/1894380411|TestSearchForFire] Time:128
2018-04-15 20:16:39,713 [DEBUG|AmbulanceTeam/1894380411|TestHumanDetector] Targets:[]
2018-04-15 20:16:39,713 [DEBUG|AmbulanceTeam/1894380411|TestSearchForFire] unsearchedBuildingIDs:[23931]
2018-04-15 20:16:39,713 [DEBUG|AmbulanceTeam/1894380411|TestSearchForFire] best path is:[14459, 34700, 23931]
2018-04-15 20:16:39,713 [DEBUG|AmbulanceTeam/1894380411|TestSearchForFire] choosed:14459
2018-04-15 20:16:42,920 [DEBUG|AmbulanceTeam/1894380411|TestHumanDetector] Time:129
2018-04-15 20:16:42,920 [DEBUG|AmbulanceTeam/1894380411|TestSearchForFire] Time:129
2018-04-15 20:16:42,920 [DEBUG|AmbulanceTeam/1894380411|TestHumanDetector] Targets:[]
2018-04-15 20:16:42,920 [DEBUG|AmbulanceTeam/1894380411|TestSearchForFire] unsearchedBuildingIDs:[23931]
2018-04-15 20:16:42,920 [DEBUG|AmbulanceTeam/1894380411|TestSearchForFire] best path is:[14459, 34700, 23931]
2018-04-15 20:16:42,920 [DEBUG|AmbulanceTeam/1894380411|TestSearchForFire] choosed:14459
2018-04-15 20:16:46,237 [DEBUG|AmbulanceTeam/1894380411|TestHumanDetector] Time:130
2018-04-15 20:16:46,237 [DEBUG|AmbulanceTeam/1894380411|TestSearchForFire] Time:130
2018-04-15 20:16:46,237 [DEBUG|AmbulanceTeam/1894380411|TestHumanDetector] Targets:[]
2018-04-15 20:16:46,237 [DEBUG|AmbulanceTeam/1894380411|TestSearchForFire] unsearchedBuildingIDs:[23931]
2018-04-15 20:16:46,237 [DEBUG|AmbulanceTeam/1894380411|TestSearchForFire] best path is:[14459, 34700, 23931]
2018-04-15 20:16:46,237 [DEBUG|AmbulanceTeam/1894380411|TestSearchForFire] choosed:14459
2018-04-15 20:16:49,456 [DEBUG|AmbulanceTeam/1894380411|TestHumanDetector] Time:131
2018-04-15 20:16:49,456 [DEBUG|AmbulanceTeam/1894380411|TestSearchForFire] Time:131
2018-04-15 20:16:49,456 [DEBUG|AmbulanceTeam/1894380411|TestHumanDetector] Targets:[]
2018-04-15 20:16:49,456 [DEBUG|AmbulanceTeam/1894380411|TestSearchForFire] unsearchedBuildingIDs:[23931]
2018-04-15 20:16:49,456 [DEBUG|AmbulanceTeam/1894380411|TestSearchForFire] best path is:[14459, 34700, 23931]
2018-04-15 20:16:49,456 [DEBUG|AmbulanceTeam/1894380411|TestSearchForFire] choosed:14459
2018-04-15 20:16:52,756 [DEBUG|AmbulanceTeam/1894380411|TestHumanDetector] Time:132
2018-04-15 20:16:52,756 [DEBUG|AmbulanceTeam/1894380411|TestSearchForFire] Time:132
2018-04-15 20:16:52,756 [DEBUG|AmbulanceTeam/1894380411|TestHumanDetector] Targets:[]
2018-04-15 20:16:52,756 [DEBUG|AmbulanceTeam/1894380411|TestSearchForFire] unsearchedBuildingIDs:[23931]
2018-04-15 20:16:52,756 [DEBUG|AmbulanceTeam/1894380411|TestSearchForFire] best path is:[14459, 34700, 23931]
2018-04-15 20:16:52,756 [DEBUG|AmbulanceTeam/1894380411|TestSearchForFire] choosed:14459
2018-04-15 20:16:56,016 [DEBUG|AmbulanceTeam/1894380411|TestHumanDetector] Time:133
2018-04-15 20:16:56,016 [DEBUG|AmbulanceTeam/1894380411|TestSearchForFire] Time:133
2018-04-15 20:16:56,017 [DEBUG|AmbulanceTeam/1894380411|TestHumanDetector] Targets:[]
2018-04-15 20:16:56,017 [DEBUG|AmbulanceTeam/1894380411|TestSearchForFire] unsearchedBuildingIDs:[23931]
2018-04-15 20:16:56,017 [DEBUG|AmbulanceTeam/1894380411|TestSearchForFire] best path is:[14459, 34700, 23931]
2018-04-15 20:16:56,017 [DEBUG|AmbulanceTeam/1894380411|TestSearchForFire] choosed:14459
2018-04-15 20:16:59,356 [DEBUG|AmbulanceTeam/1894380411|TestHumanDetector] Time:134
2018-04-15 20:16:59,356 [DEBUG|AmbulanceTeam/1894380411|TestSearchForFire] Time:134
2018-04-15 20:16:59,356 [DEBUG|AmbulanceTeam/1894380411|TestHumanDetector] Targets:[]
2018-04-15 20:16:59,357 [DEBUG|AmbulanceTeam/1894380411|TestSearchForFire] unsearchedBuildingIDs:[23931]
2018-04-15 20:16:59,357 [DEBUG|AmbulanceTeam/1894380411|TestSearchForFire] best path is:[14459, 34700, 23931]
2018-04-15 20:16:59,357 [DEBUG|AmbulanceTeam/1894380411|TestSearchForFire] choosed:14459
2018-04-15 20:17:02,825 [DEBUG|AmbulanceTeam/1894380411|TestHumanDetector] Time:135
2018-04-15 20:17:02,826 [DEBUG|AmbulanceTeam/1894380411|TestSearchForFire] Time:135
2018-04-15 20:17:02,826 [DEBUG|AmbulanceTeam/1894380411|TestHumanDetector] Targets:[]
2018-04-15 20:17:02,827 [DEBUG|AmbulanceTeam/1894380411|TestSearchForFire] unsearchedBuildingIDs:[23931]
2018-04-15 20:17:02,827 [DEBUG|AmbulanceTeam/1894380411|TestSearchForFire] best path is:[14459, 34700, 23931]
2018-04-15 20:17:02,827 [DEBUG|AmbulanceTeam/1894380411|TestSearchForFire] choosed:14459
2018-04-15 20:17:06,180 [DEBUG|AmbulanceTeam/1894380411|TestHumanDetector] Time:136
2018-04-15 20:17:06,180 [DEBUG|AmbulanceTeam/1894380411|TestSearchForFire] Time:136
2018-04-15 20:17:06,180 [DEBUG|AmbulanceTeam/1894380411|TestHumanDetector] Targets:[]
2018-04-15 20:17:06,180 [DEBUG|AmbulanceTeam/1894380411|TestSearchForFire] unsearchedBuildingIDs:[23931]
2018-04-15 20:17:06,181 [DEBUG|AmbulanceTeam/1894380411|TestSearchForFire] best path is:[14459, 34700, 23931]
2018-04-15 20:17:06,181 [DEBUG|AmbulanceTeam/1894380411|TestSearchForFire] choosed:14459
2018-04-15 20:17:09,557 [DEBUG|AmbulanceTeam/1894380411|TestHumanDetector] Time:137
2018-04-15 20:17:09,557 [DEBUG|AmbulanceTeam/1894380411|TestSearchForFire] Time:137
2018-04-15 20:17:09,557 [DEBUG|AmbulanceTeam/1894380411|TestHumanDetector] Targets:[]
2018-04-15 20:17:09,557 [DEBUG|AmbulanceTeam/1894380411|TestSearchForFire] unsearchedBuildingIDs:[23931]
2018-04-15 20:17:09,557 [DEBUG|AmbulanceTeam/1894380411|TestSearchForFire] best path is:[14459, 34700, 23931]
2018-04-15 20:17:09,557 [DEBUG|AmbulanceTeam/1894380411|TestSearchForFire] choosed:14459
2018-04-15 20:17:13,016 [DEBUG|AmbulanceTeam/1894380411|TestHumanDetector] Time:138
2018-04-15 20:17:13,016 [DEBUG|AmbulanceTeam/1894380411|TestSearchForFire] Time:138
2018-04-15 20:17:13,017 [DEBUG|AmbulanceTeam/1894380411|TestHumanDetector] Targets:[]
2018-04-15 20:17:13,017 [DEBUG|AmbulanceTeam/1894380411|TestSearchForFire] unsearchedBuildingIDs:[23931]
2018-04-15 20:17:13,017 [DEBUG|AmbulanceTeam/1894380411|TestSearchForFire] best path is:[14459, 34700, 23931]
2018-04-15 20:17:13,017 [DEBUG|AmbulanceTeam/1894380411|TestSearchForFire] choosed:14459
2018-04-15 20:17:16,452 [DEBUG|AmbulanceTeam/1894380411|TestHumanDetector] Time:139
2018-04-15 20:17:16,452 [DEBUG|AmbulanceTeam/1894380411|TestSearchForFire] Time:139
2018-04-15 20:17:16,452 [DEBUG|AmbulanceTeam/1894380411|TestHumanDetector] Targets:[]
2018-04-15 20:17:16,453 [DEBUG|AmbulanceTeam/1894380411|TestSearchForFire] unsearchedBuildingIDs:[23931]
2018-04-15 20:17:16,453 [DEBUG|AmbulanceTeam/1894380411|TestSearchForFire] best path is:[14459, 34700, 23931]
2018-04-15 20:17:16,453 [DEBUG|AmbulanceTeam/1894380411|TestSearchForFire] choosed:14459
2018-04-15 20:17:19,948 [DEBUG|AmbulanceTeam/1894380411|TestHumanDetector] Time:140
2018-04-15 20:17:19,948 [DEBUG|AmbulanceTeam/1894380411|TestSearchForFire] Time:140
2018-04-15 20:17:19,948 [DEBUG|AmbulanceTeam/1894380411|TestHumanDetector] Targets:[]
2018-04-15 20:17:19,948 [DEBUG|AmbulanceTeam/1894380411|TestSearchForFire] unsearchedBuildingIDs:[23931]
2018-04-15 20:17:19,949 [DEBUG|AmbulanceTeam/1894380411|TestSearchForFire] best path is:[14459, 34700, 23931]
2018-04-15 20:17:19,949 [DEBUG|AmbulanceTeam/1894380411|TestSearchForFire] choosed:14459
2018-04-15 20:17:23,320 [DEBUG|AmbulanceTeam/1894380411|TestHumanDetector] Time:141
2018-04-15 20:17:23,320 [DEBUG|AmbulanceTeam/1894380411|TestSearchForFire] Time:141
2018-04-15 20:17:23,321 [DEBUG|AmbulanceTeam/1894380411|TestHumanDetector] Targets:[]
2018-04-15 20:17:23,321 [DEBUG|AmbulanceTeam/1894380411|TestSearchForFire] unsearchedBuildingIDs:[23931]
2018-04-15 20:17:23,321 [DEBUG|AmbulanceTeam/1894380411|TestSearchForFire] best path is:[14459, 34700, 23931]
2018-04-15 20:17:23,321 [DEBUG|AmbulanceTeam/1894380411|TestSearchForFire] choosed:14459
2018-04-15 20:17:26,633 [DEBUG|AmbulanceTeam/1894380411|TestHumanDetector] Time:142
2018-04-15 20:17:26,633 [DEBUG|AmbulanceTeam/1894380411|TestSearchForFire] Time:142
2018-04-15 20:17:26,633 [DEBUG|AmbulanceTeam/1894380411|TestHumanDetector] Targets:[]
2018-04-15 20:17:26,633 [DEBUG|AmbulanceTeam/1894380411|TestSearchForFire] unsearchedBuildingIDs:[23931]
2018-04-15 20:17:26,633 [DEBUG|AmbulanceTeam/1894380411|TestSearchForFire] best path is:[14459, 34700, 23931]
2018-04-15 20:17:26,633 [DEBUG|AmbulanceTeam/1894380411|TestSearchForFire] choosed:14459
2018-04-15 20:17:29,968 [DEBUG|AmbulanceTeam/1894380411|TestHumanDetector] Time:143
2018-04-15 20:17:29,968 [DEBUG|AmbulanceTeam/1894380411|TestSearchForFire] Time:143
2018-04-15 20:17:29,968 [DEBUG|AmbulanceTeam/1894380411|TestHumanDetector] Targets:[]
2018-04-15 20:17:29,968 [DEBUG|AmbulanceTeam/1894380411|TestSearchForFire] unsearchedBuildingIDs:[23931]
2018-04-15 20:17:29,968 [DEBUG|AmbulanceTeam/1894380411|TestSearchForFire] best path is:[14459, 34700, 23931]
2018-04-15 20:17:29,968 [DEBUG|AmbulanceTeam/1894380411|TestSearchForFire] choosed:14459
2018-04-15 20:17:33,356 [DEBUG|AmbulanceTeam/1894380411|TestHumanDetector] Time:144
2018-04-15 20:17:33,356 [DEBUG|AmbulanceTeam/1894380411|TestSearchForFire] Time:144
2018-04-15 20:17:33,357 [DEBUG|AmbulanceTeam/1894380411|TestHumanDetector] Targets:[]
2018-04-15 20:17:33,357 [DEBUG|AmbulanceTeam/1894380411|TestSearchForFire] unsearchedBuildingIDs:[23931]
2018-04-15 20:17:33,357 [DEBUG|AmbulanceTeam/1894380411|TestSearchForFire] best path is:[14459, 34700, 23931]
2018-04-15 20:17:33,357 [DEBUG|AmbulanceTeam/1894380411|TestSearchForFire] choosed:14459
2018-04-15 20:17:36,768 [DEBUG|AmbulanceTeam/1894380411|TestHumanDetector] Time:145
2018-04-15 20:17:36,768 [DEBUG|AmbulanceTeam/1894380411|TestSearchForFire] Time:145
2018-04-15 20:17:36,768 [DEBUG|AmbulanceTeam/1894380411|TestHumanDetector] Targets:[]
2018-04-15 20:17:36,769 [DEBUG|AmbulanceTeam/1894380411|TestSearchForFire] unsearchedBuildingIDs:[23931]
2018-04-15 20:17:36,769 [DEBUG|AmbulanceTeam/1894380411|TestSearchForFire] best path is:[14459, 34700, 23931]
2018-04-15 20:17:36,769 [DEBUG|AmbulanceTeam/1894380411|TestSearchForFire] choosed:14459
2018-04-15 20:17:40,124 [DEBUG|AmbulanceTeam/1894380411|TestHumanDetector] Time:146
2018-04-15 20:17:40,124 [DEBUG|AmbulanceTeam/1894380411|TestSearchForFire] Time:146
2018-04-15 20:17:40,124 [DEBUG|AmbulanceTeam/1894380411|TestHumanDetector] Targets:[]
2018-04-15 20:17:40,124 [DEBUG|AmbulanceTeam/1894380411|TestSearchForFire] unsearchedBuildingIDs:[23931]
2018-04-15 20:17:40,124 [DEBUG|AmbulanceTeam/1894380411|TestSearchForFire] best path is:[14459, 34700, 23931]
2018-04-15 20:17:40,124 [DEBUG|AmbulanceTeam/1894380411|TestSearchForFire] choosed:14459
2018-04-15 20:17:43,612 [DEBUG|AmbulanceTeam/1894380411|TestHumanDetector] Time:147
2018-04-15 20:17:43,613 [DEBUG|AmbulanceTeam/1894380411|TestSearchForFire] Time:147
2018-04-15 20:17:43,613 [DEBUG|AmbulanceTeam/1894380411|TestHumanDetector] Targets:[]
2018-04-15 20:17:43,613 [DEBUG|AmbulanceTeam/1894380411|TestSearchForFire] unsearchedBuildingIDs:[23931]
2018-04-15 20:17:43,613 [DEBUG|AmbulanceTeam/1894380411|TestSearchForFire] best path is:[14459, 34700, 23931]
2018-04-15 20:17:43,613 [DEBUG|AmbulanceTeam/1894380411|TestSearchForFire] choosed:14459
2018-04-15 20:17:46,968 [DEBUG|AmbulanceTeam/1894380411|TestHumanDetector] Time:148
2018-04-15 20:17:46,968 [DEBUG|AmbulanceTeam/1894380411|TestSearchForFire] Time:148
2018-04-15 20:17:46,968 [DEBUG|AmbulanceTeam/1894380411|TestHumanDetector] Targets:[]
2018-04-15 20:17:46,968 [DEBUG|AmbulanceTeam/1894380411|TestSearchForFire] unsearchedBuildingIDs:[23931]
2018-04-15 20:17:46,968 [DEBUG|AmbulanceTeam/1894380411|TestSearchForFire] best path is:[14459, 34700, 23931]
2018-04-15 20:17:46,968 [DEBUG|AmbulanceTeam/1894380411|TestSearchForFire] choosed:14459
2018-04-15 20:17:50,340 [DEBUG|AmbulanceTeam/1894380411|TestHumanDetector] Time:149
2018-04-15 20:17:50,340 [DEBUG|AmbulanceTeam/1894380411|TestSearchForFire] Time:149
2018-04-15 20:17:50,341 [DEBUG|AmbulanceTeam/1894380411|TestHumanDetector] Targets:[]
2018-04-15 20:17:50,341 [DEBUG|AmbulanceTeam/1894380411|TestSearchForFire] unsearchedBuildingIDs:[23931]
2018-04-15 20:17:50,341 [DEBUG|AmbulanceTeam/1894380411|TestSearchForFire] best path is:[14459, 34700, 23931]
2018-04-15 20:17:50,341 [DEBUG|AmbulanceTeam/1894380411|TestSearchForFire] choosed:14459
2018-04-15 20:17:53,892 [DEBUG|AmbulanceTeam/1894380411|TestHumanDetector] Time:150
2018-04-15 20:17:53,892 [DEBUG|AmbulanceTeam/1894380411|TestSearchForFire] Time:150
2018-04-15 20:17:53,892 [DEBUG|AmbulanceTeam/1894380411|TestHumanDetector] Targets:[]
2018-04-15 20:17:53,893 [DEBUG|AmbulanceTeam/1894380411|TestSearchForFire] unsearchedBuildingIDs:[23931]
2018-04-15 20:17:53,893 [DEBUG|AmbulanceTeam/1894380411|TestSearchForFire] best path is:[14459, 34700, 23931]
2018-04-15 20:17:53,893 [DEBUG|AmbulanceTeam/1894380411|TestSearchForFire] choosed:14459
2018-04-15 20:17:57,388 [DEBUG|AmbulanceTeam/1894380411|TestHumanDetector] Time:151
2018-04-15 20:17:57,388 [DEBUG|AmbulanceTeam/1894380411|TestSearchForFire] Time:151
2018-04-15 20:17:57,388 [DEBUG|AmbulanceTeam/1894380411|TestHumanDetector] Targets:[]
2018-04-15 20:17:57,388 [DEBUG|AmbulanceTeam/1894380411|TestSearchForFire] unsearchedBuildingIDs:[23931]
2018-04-15 20:17:57,388 [DEBUG|AmbulanceTeam/1894380411|TestSearchForFire] best path is:[14459, 34700, 23931]
2018-04-15 20:17:57,388 [DEBUG|AmbulanceTeam/1894380411|TestSearchForFire] choosed:14459
2018-04-15 20:18:00,848 [DEBUG|AmbulanceTeam/1894380411|TestHumanDetector] Time:152
2018-04-15 20:18:00,848 [DEBUG|AmbulanceTeam/1894380411|TestSearchForFire] Time:152
2018-04-15 20:18:00,848 [DEBUG|AmbulanceTeam/1894380411|TestHumanDetector] Targets:[]
2018-04-15 20:18:00,848 [DEBUG|AmbulanceTeam/1894380411|TestSearchForFire] unsearchedBuildingIDs:[23931]
2018-04-15 20:18:00,848 [DEBUG|AmbulanceTeam/1894380411|TestSearchForFire] best path is:[14459, 34700, 23931]
2018-04-15 20:18:00,848 [DEBUG|AmbulanceTeam/1894380411|TestSearchForFire] choosed:14459
2018-04-15 20:18:04,392 [DEBUG|AmbulanceTeam/1894380411|TestHumanDetector] Time:153
2018-04-15 20:18:04,393 [DEBUG|AmbulanceTeam/1894380411|TestSearchForFire] Time:153
2018-04-15 20:18:04,393 [DEBUG|AmbulanceTeam/1894380411|TestHumanDetector] Targets:[]
2018-04-15 20:18:04,393 [DEBUG|AmbulanceTeam/1894380411|TestSearchForFire] unsearchedBuildingIDs:[23931]
2018-04-15 20:18:04,393 [DEBUG|AmbulanceTeam/1894380411|TestSearchForFire] best path is:[14459, 34700, 23931]
2018-04-15 20:18:04,393 [DEBUG|AmbulanceTeam/1894380411|TestSearchForFire] choosed:14459
2018-04-15 20:18:08,260 [DEBUG|AmbulanceTeam/1894380411|TestHumanDetector] Time:154
2018-04-15 20:18:08,260 [DEBUG|AmbulanceTeam/1894380411|TestSearchForFire] Time:154
2018-04-15 20:18:08,260 [DEBUG|AmbulanceTeam/1894380411|TestHumanDetector] Targets:[]
2018-04-15 20:18:08,260 [DEBUG|AmbulanceTeam/1894380411|TestSearchForFire] unsearchedBuildingIDs:[23931]
2018-04-15 20:18:08,260 [DEBUG|AmbulanceTeam/1894380411|TestSearchForFire] best path is:[14459, 34700, 23931]
2018-04-15 20:18:08,261 [DEBUG|AmbulanceTeam/1894380411|TestSearchForFire] choosed:14459
2018-04-15 20:18:11,876 [DEBUG|AmbulanceTeam/1894380411|TestHumanDetector] Time:155
2018-04-15 20:18:11,876 [DEBUG|AmbulanceTeam/1894380411|TestSearchForFire] Time:155
2018-04-15 20:18:11,876 [DEBUG|AmbulanceTeam/1894380411|TestHumanDetector] Targets:[]
2018-04-15 20:18:11,876 [DEBUG|AmbulanceTeam/1894380411|TestSearchForFire] unsearchedBuildingIDs:[23931]
2018-04-15 20:18:11,877 [DEBUG|AmbulanceTeam/1894380411|TestSearchForFire] best path is:[14459, 34700, 23931]
2018-04-15 20:18:11,877 [DEBUG|AmbulanceTeam/1894380411|TestSearchForFire] choosed:14459
2018-04-15 20:18:15,680 [DEBUG|AmbulanceTeam/1894380411|TestHumanDetector] Time:156
2018-04-15 20:18:15,680 [DEBUG|AmbulanceTeam/1894380411|TestSearchForFire] Time:156
2018-04-15 20:18:15,680 [DEBUG|AmbulanceTeam/1894380411|TestHumanDetector] Targets:[]
2018-04-15 20:18:15,680 [DEBUG|AmbulanceTeam/1894380411|TestSearchForFire] unsearchedBuildingIDs:[23931]
2018-04-15 20:18:15,681 [DEBUG|AmbulanceTeam/1894380411|TestSearchForFire] best path is:[14459, 34700, 23931]
2018-04-15 20:18:15,681 [DEBUG|AmbulanceTeam/1894380411|TestSearchForFire] choosed:14459
2018-04-15 20:18:19,184 [DEBUG|AmbulanceTeam/1894380411|TestHumanDetector] Time:157
2018-04-15 20:18:19,184 [DEBUG|AmbulanceTeam/1894380411|TestSearchForFire] Time:157
2018-04-15 20:18:19,185 [DEBUG|AmbulanceTeam/1894380411|TestHumanDetector] Targets:[]
2018-04-15 20:18:19,185 [DEBUG|AmbulanceTeam/1894380411|TestSearchForFire] unsearchedBuildingIDs:[23931]
2018-04-15 20:18:19,185 [DEBUG|AmbulanceTeam/1894380411|TestSearchForFire] best path is:[14459, 34700, 23931]
2018-04-15 20:18:19,185 [DEBUG|AmbulanceTeam/1894380411|TestSearchForFire] choosed:14459
2018-04-15 20:18:22,796 [DEBUG|AmbulanceTeam/1894380411|TestHumanDetector] Time:158
2018-04-15 20:18:22,796 [DEBUG|AmbulanceTeam/1894380411|TestSearchForFire] Time:158
2018-04-15 20:18:22,796 [DEBUG|AmbulanceTeam/1894380411|TestHumanDetector] Targets:[]
2018-04-15 20:18:22,796 [DEBUG|AmbulanceTeam/1894380411|TestSearchForFire] unsearchedBuildingIDs:[23931]
2018-04-15 20:18:22,796 [DEBUG|AmbulanceTeam/1894380411|TestSearchForFire] best path is:[14459, 34700, 23931]
2018-04-15 20:18:22,796 [DEBUG|AmbulanceTeam/1894380411|TestSearchForFire] choosed:14459
2018-04-15 20:18:26,224 [DEBUG|AmbulanceTeam/1894380411|TestHumanDetector] Time:159
2018-04-15 20:18:26,224 [DEBUG|AmbulanceTeam/1894380411|TestSearchForFire] Time:159
2018-04-15 20:18:26,224 [DEBUG|AmbulanceTeam/1894380411|TestHumanDetector] Targets:[]
2018-04-15 20:18:26,224 [DEBUG|AmbulanceTeam/1894380411|TestSearchForFire] unsearchedBuildingIDs:[23931]
2018-04-15 20:18:26,224 [DEBUG|AmbulanceTeam/1894380411|TestSearchForFire] best path is:[14459, 34700, 23931]
2018-04-15 20:18:26,224 [DEBUG|AmbulanceTeam/1894380411|TestSearchForFire] choosed:14459
