2018-04-15 20:06:42,183 [DEBUG|AmbulanceTeam/20261138|TestHumanDetector] Time:1
2018-04-15 20:06:42,183 [DEBUG|AmbulanceTeam/20261138|TestSearchForFire] Time:1
2018-04-15 20:06:42,183 [DEBUG|AmbulanceTeam/20261138|TestHumanDetector] Targets:[]
2018-04-15 20:06:42,183 [DEBUG|AmbulanceTeam/20261138|TestSearchForFire] unsearchedBuildingIDs:[10497, 14598, 25738, 11661, 33425, 13333, 20245, 23958, 33944, 10524, 18848, 33319, 16297, 27437, 26926, 33200, 10416, 23985, 26421, 33338, 18875, 16573, 14013, 10557, 26816, 16324, 11849, 28233, 33228, 24783, 25680, 15578, 26844, 33885, 16351, 33376, 11876, 28260, 21733, 16231, 24810, 18795, 21103, 17009, 33266, 33906, 15609, 20858, 33146, 34042, 33403, 26363]
2018-04-15 20:06:42,214 [DEBUG|AmbulanceTeam/20261138|TestSearchForFire] best path is:[2598, 1158, 5118, 2634, 2148, 35349, 35348, 5109, 1151, 6657, 2157, 2090, 34609, 2097, 35352, 7755, 5019, 8358, 2607, 29622, 35211, 10982, 10998, 4587, 7350, 272, 5892, 3354, 32784, 32782, 32781, 2877, 4551, 23359, 35310, 29979, 29995, 6378, 34562, 34563, 1710, 7521, 7314, 4380, 9267, 37, 3831, 299, 9429, 6801, 1839, 8061, 2517, 1899, 7197, 24826, 24810]
2018-04-15 20:06:42,214 [DEBUG|AmbulanceTeam/20261138|TestSearchForFire] choosed:7197
2018-04-15 20:06:51,270 [DEBUG|AmbulanceTeam/20261138|TestHumanDetector] Time:2
2018-04-15 20:06:51,270 [DEBUG|AmbulanceTeam/20261138|TestSearchForFire] Time:2
2018-04-15 20:06:51,270 [DEBUG|AmbulanceTeam/20261138|TestHumanDetector] Targets:[]
2018-04-15 20:06:51,271 [DEBUG|AmbulanceTeam/20261138|TestSearchForFire] unsearchedBuildingIDs:[10497, 14598, 25738, 11661, 33425, 13333, 20245, 23958, 33944, 10524, 18848, 33319, 16297, 27437, 26926, 33200, 10416, 23985, 26421, 33338, 18875, 16573, 14013, 10557, 26816, 16324, 11849, 28233, 33228, 24783, 25680, 15578, 26844, 33885, 16351, 33376, 11876, 28260, 21733, 16231, 24810, 18795, 21103, 17009, 33266, 33906, 15609, 20858, 33146, 34042, 33403, 26363]
2018-04-15 20:06:51,294 [DEBUG|AmbulanceTeam/20261138|TestSearchForFire] best path is:[2598, 1158, 5118, 2634, 2148, 35349, 35348, 5109, 1151, 6657, 2157, 2090, 34609, 2097, 35352, 7755, 5019, 8358, 2607, 29622, 35211, 10982, 10998, 4587, 7350, 272, 5892, 3354, 32784, 32782, 32781, 2877, 4551, 23359, 35310, 29979, 29995, 6378, 34562, 34563, 1710, 7521, 7314, 4380, 9267, 37, 3831, 299, 9429, 6801, 1839, 8061, 2517, 1899, 7197, 24826, 24810]
2018-04-15 20:06:51,294 [DEBUG|AmbulanceTeam/20261138|TestSearchForFire] choosed:7197
2018-04-15 20:06:54,952 [DEBUG|AmbulanceTeam/20261138|TestHumanDetector] Time:3
2018-04-15 20:06:54,955 [DEBUG|AmbulanceTeam/20261138|TestSearchForFire] Time:3
2018-04-15 20:06:54,955 [DEBUG|AmbulanceTeam/20261138|TestHumanDetector] Targets:[]
2018-04-15 20:06:54,955 [DEBUG|AmbulanceTeam/20261138|TestSearchForFire] unsearchedBuildingIDs:[10497, 14598, 25738, 11661, 33425, 13333, 20245, 23958, 33944, 10524, 18848, 33319, 16297, 27437, 26926, 33200, 10416, 23985, 26421, 33338, 18875, 16573, 14013, 10557, 26816, 16324, 11849, 28233, 33228, 24783, 25680, 15578, 26844, 33885, 16351, 33376, 11876, 28260, 21733, 16231, 24810, 18795, 21103, 17009, 33266, 33906, 15609, 20858, 33146, 34042, 33403, 26363]
2018-04-15 20:06:54,995 [DEBUG|AmbulanceTeam/20261138|TestSearchForFire] best path is:[2598, 1158, 5118, 2634, 2148, 35349, 35348, 5109, 1151, 6657, 2157, 2090, 34609, 2097, 35352, 7755, 5019, 8358, 2607, 29622, 35211, 10982, 10998, 4587, 7350, 272, 5892, 3354, 32784, 32782, 32781, 2877, 4551, 23359, 35310, 29979, 29995, 6378, 34562, 34563, 1710, 7521, 7314, 4380, 9267, 37, 3831, 299, 9429, 6801, 1839, 8061, 2517, 1899, 7197, 24826, 24810]
2018-04-15 20:06:54,995 [DEBUG|AmbulanceTeam/20261138|TestSearchForFire] choosed:7197
2018-04-15 20:07:06,378 [DEBUG|AmbulanceTeam/20261138|TestHumanDetector] Time:4
2018-04-15 20:07:06,378 [DEBUG|AmbulanceTeam/20261138|TestSearchForFire] Time:4
2018-04-15 20:07:06,379 [DEBUG|AmbulanceTeam/20261138|TestHumanDetector] Targets:[]
2018-04-15 20:07:06,379 [DEBUG|AmbulanceTeam/20261138|TestSearchForFire] unsearchedBuildingIDs:[10497, 14598, 25738, 11661, 33425, 13333, 20245, 23958, 33944, 10524, 18848, 33319, 16297, 27437, 26926, 33200, 10416, 23985, 26421, 33338, 18875, 16573, 14013, 10557, 26816, 16324, 11849, 28233, 33228, 24783, 25680, 15578, 26844, 33885, 16351, 33376, 11876, 28260, 21733, 16231, 24810, 18795, 21103, 17009, 33266, 33906, 15609, 20858, 33146, 34042, 33403, 26363]
2018-04-15 20:07:06,397 [DEBUG|AmbulanceTeam/20261138|TestSearchForFire] best path is:[5109, 1151, 6657, 2157, 2090, 34609, 2097, 35352, 7755, 5019, 8358, 2607, 29622, 35211, 10982, 10998, 4587, 7350, 272, 5892, 3354, 32784, 32782, 32781, 2877, 4551, 23359, 35310, 29979, 29995, 6378, 34562, 34563, 1710, 7521, 7314, 4380, 9267, 37, 3831, 299, 9429, 6801, 1839, 8061, 2517, 1899, 7197, 24826, 24810]
2018-04-15 20:07:06,397 [DEBUG|AmbulanceTeam/20261138|TestSearchForFire] choosed:7197
2018-04-15 20:07:15,029 [DEBUG|AmbulanceTeam/20261138|TestHumanDetector] Time:5
2018-04-15 20:07:15,029 [DEBUG|AmbulanceTeam/20261138|TestSearchForFire] Time:5
2018-04-15 20:07:15,030 [DEBUG|AmbulanceTeam/20261138|TestHumanDetector] Targets:[]
2018-04-15 20:07:15,030 [DEBUG|AmbulanceTeam/20261138|TestSearchForFire] unsearchedBuildingIDs:[10497, 14598, 25738, 11661, 33425, 13333, 20245, 23958, 33944, 10524, 18848, 33319, 16297, 27437, 26926, 33200, 10416, 23985, 26421, 33338, 18875, 16573, 14013, 10557, 26816, 16324, 11849, 28233, 33228, 24783, 25680, 15578, 26844, 33885, 16351, 33376, 11876, 28260, 21733, 16231, 24810, 18795, 21103, 17009, 33266, 33906, 15609, 20858, 33146, 34042, 33403, 26363]
2018-04-15 20:07:15,055 [DEBUG|AmbulanceTeam/20261138|TestSearchForFire] best path is:[6657, 2157, 2090, 34609, 2097, 35352, 7755, 5019, 8358, 2607, 29622, 35211, 10982, 10998, 4587, 7350, 272, 5892, 3354, 32784, 32782, 32781, 2877, 4551, 23359, 35310, 29979, 29995, 6378, 34562, 34563, 1710, 7521, 7314, 4380, 9267, 37, 3831, 299, 9429, 6801, 1839, 8061, 2517, 1899, 7197, 24826, 24810]
2018-04-15 20:07:15,055 [DEBUG|AmbulanceTeam/20261138|TestSearchForFire] choosed:7197
2018-04-15 20:07:23,376 [DEBUG|AmbulanceTeam/20261138|TestHumanDetector] Time:6
2018-04-15 20:07:23,376 [DEBUG|AmbulanceTeam/20261138|TestSearchForFire] Time:6
2018-04-15 20:07:23,377 [DEBUG|AmbulanceTeam/20261138|TestHumanDetector] Targets:[]
2018-04-15 20:07:23,377 [DEBUG|AmbulanceTeam/20261138|TestSearchForFire] unsearchedBuildingIDs:[10497, 14598, 25738, 11661, 33425, 13333, 20245, 23958, 33944, 10524, 18848, 33319, 16297, 27437, 26926, 33200, 10416, 23985, 26421, 33338, 18875, 16573, 14013, 10557, 26816, 16324, 11849, 28233, 33228, 24783, 25680, 15578, 26844, 33885, 16351, 33376, 11876, 28260, 21733, 16231, 24810, 18795, 21103, 17009, 33266, 33906, 15609, 20858, 33146, 34042, 33403, 26363]
2018-04-15 20:07:23,391 [DEBUG|AmbulanceTeam/20261138|TestSearchForFire] best path is:[6657, 2157, 2090, 34609, 2097, 35352, 7755, 5019, 8358, 2607, 29622, 35211, 10982, 10998, 4587, 7350, 272, 5892, 3354, 32784, 32782, 32781, 2877, 4551, 23359, 35310, 29979, 29995, 6378, 34562, 34563, 1710, 7521, 7314, 4380, 9267, 37, 3831, 299, 9429, 6801, 1839, 8061, 2517, 1899, 7197, 24826, 24810]
2018-04-15 20:07:23,391 [DEBUG|AmbulanceTeam/20261138|TestSearchForFire] choosed:7197
2018-04-15 20:07:31,037 [DEBUG|AmbulanceTeam/20261138|TestHumanDetector] Time:7
2018-04-15 20:07:31,043 [DEBUG|AmbulanceTeam/20261138|TestSearchForFire] Time:7
2018-04-15 20:07:31,044 [DEBUG|AmbulanceTeam/20261138|TestHumanDetector] Targets:[]
2018-04-15 20:07:31,044 [DEBUG|AmbulanceTeam/20261138|TestSearchForFire] unsearchedBuildingIDs:[10497, 14598, 25738, 11661, 33425, 13333, 20245, 23958, 33944, 10524, 18848, 33319, 16297, 27437, 26926, 33200, 10416, 23985, 26421, 33338, 18875, 16573, 14013, 10557, 26816, 16324, 11849, 28233, 33228, 24783, 25680, 15578, 26844, 33885, 16351, 33376, 11876, 28260, 21733, 16231, 24810, 18795, 21103, 17009, 33266, 33906, 15609, 20858, 33146, 34042, 33403, 26363]
2018-04-15 20:07:31,058 [DEBUG|AmbulanceTeam/20261138|TestSearchForFire] best path is:[2097, 35352, 7755, 5019, 8358, 2607, 29622, 35211, 10982, 10998, 4587, 7350, 272, 5892, 3354, 32784, 32782, 32781, 2877, 4551, 23359, 35310, 29979, 29995, 6378, 34562, 34563, 1710, 7521, 7314, 4380, 9267, 37, 3831, 299, 9429, 6801, 1839, 8061, 2517, 1899, 7197, 24826, 24810]
2018-04-15 20:07:31,058 [DEBUG|AmbulanceTeam/20261138|TestSearchForFire] choosed:7197
2018-04-15 20:07:38,473 [DEBUG|AmbulanceTeam/20261138|TestHumanDetector] Time:8
2018-04-15 20:07:38,473 [DEBUG|AmbulanceTeam/20261138|TestSearchForFire] Time:8
2018-04-15 20:07:38,473 [DEBUG|AmbulanceTeam/20261138|TestHumanDetector] Targets:[]
2018-04-15 20:07:38,473 [DEBUG|AmbulanceTeam/20261138|TestSearchForFire] unsearchedBuildingIDs:[10497, 14598, 25738, 11661, 33425, 13333, 20245, 23958, 33944, 10524, 18848, 33319, 16297, 27437, 26926, 33200, 10416, 23985, 26421, 33338, 18875, 16573, 14013, 10557, 26816, 16324, 11849, 28233, 33228, 24783, 25680, 15578, 26844, 33885, 16351, 33376, 11876, 28260, 21733, 16231, 24810, 18795, 21103, 17009, 33266, 33906, 15609, 20858, 33146, 34042, 33403, 26363]
2018-04-15 20:07:38,483 [DEBUG|AmbulanceTeam/20261138|TestSearchForFire] best path is:[8358, 2607, 29622, 35211, 10982, 10998, 4587, 7350, 272, 5892, 3354, 32784, 32782, 32781, 2877, 4551, 23359, 35310, 29979, 29995, 6378, 34562, 34563, 1710, 7521, 7314, 4380, 9267, 37, 3831, 299, 9429, 6801, 1839, 8061, 2517, 1899, 7197, 24826, 24810]
2018-04-15 20:07:38,483 [DEBUG|AmbulanceTeam/20261138|TestSearchForFire] choosed:7197
2018-04-15 20:07:45,836 [DEBUG|AmbulanceTeam/20261138|TestHumanDetector] Time:9
2018-04-15 20:07:45,836 [DEBUG|AmbulanceTeam/20261138|TestSearchForFire] Time:9
2018-04-15 20:07:45,836 [DEBUG|AmbulanceTeam/20261138|TestHumanDetector] Targets:[]
2018-04-15 20:07:45,836 [DEBUG|AmbulanceTeam/20261138|TestSearchForFire] unsearchedBuildingIDs:[10497, 14598, 25738, 11661, 33425, 13333, 20245, 23958, 33944, 10524, 18848, 33319, 16297, 27437, 26926, 33200, 10416, 23985, 26421, 33338, 18875, 16573, 14013, 10557, 26816, 16324, 11849, 28233, 33228, 24783, 25680, 15578, 26844, 33885, 16351, 33376, 11876, 28260, 21733, 16231, 24810, 18795, 21103, 17009, 33266, 33906, 15609, 20858, 33146, 34042, 33403, 26363]
2018-04-15 20:07:45,840 [DEBUG|AmbulanceTeam/20261138|TestSearchForFire] best path is:[2607, 29622, 35211, 10982, 10998, 4587, 7350, 272, 5892, 3354, 32784, 32782, 32781, 2877, 4551, 23359, 35310, 29979, 29995, 6378, 34562, 34563, 1710, 7521, 7314, 4380, 9267, 37, 3831, 299, 9429, 6801, 1839, 8061, 2517, 1899, 7197, 24826, 24810]
2018-04-15 20:07:45,840 [DEBUG|AmbulanceTeam/20261138|TestSearchForFire] choosed:7197
2018-04-15 20:07:53,160 [DEBUG|AmbulanceTeam/20261138|TestHumanDetector] Time:10
2018-04-15 20:07:53,160 [DEBUG|AmbulanceTeam/20261138|TestSearchForFire] Time:10
2018-04-15 20:07:53,161 [DEBUG|AmbulanceTeam/20261138|TestHumanDetector] Targets:[]
2018-04-15 20:07:53,161 [DEBUG|AmbulanceTeam/20261138|TestSearchForFire] unsearchedBuildingIDs:[10497, 14598, 25738, 11661, 33425, 13333, 20245, 23958, 33944, 10524, 18848, 33319, 16297, 27437, 26926, 33200, 10416, 23985, 26421, 33338, 18875, 16573, 14013, 10557, 26816, 16324, 11849, 28233, 33228, 24783, 25680, 15578, 26844, 33885, 16351, 33376, 11876, 28260, 21733, 16231, 24810, 18795, 21103, 17009, 33266, 33906, 15609, 20858, 33146, 34042, 33403, 26363]
2018-04-15 20:07:53,164 [DEBUG|AmbulanceTeam/20261138|TestSearchForFire] best path is:[29622, 35211, 10982, 10998, 4587, 7350, 272, 5892, 3354, 32784, 32782, 32781, 2877, 4551, 23359, 35310, 29979, 29995, 6378, 34562, 34563, 1710, 7521, 7314, 4380, 9267, 37, 3831, 299, 9429, 6801, 1839, 8061, 2517, 1899, 7197, 24826, 24810]
2018-04-15 20:07:53,164 [DEBUG|AmbulanceTeam/20261138|TestSearchForFire] choosed:7197
2018-04-15 20:08:00,072 [DEBUG|AmbulanceTeam/20261138|TestHumanDetector] Time:11
2018-04-15 20:08:00,073 [DEBUG|AmbulanceTeam/20261138|TestSearchForFire] Time:11
2018-04-15 20:08:00,073 [DEBUG|AmbulanceTeam/20261138|TestHumanDetector] Targets:[]
2018-04-15 20:08:00,073 [DEBUG|AmbulanceTeam/20261138|TestSearchForFire] unsearchedBuildingIDs:[10497, 14598, 25738, 11661, 33425, 13333, 20245, 23958, 33944, 10524, 18848, 33319, 16297, 27437, 26926, 33200, 10416, 23985, 26421, 33338, 18875, 16573, 14013, 10557, 26816, 16324, 11849, 28233, 33228, 24783, 25680, 15578, 26844, 33885, 16351, 33376, 11876, 28260, 21733, 16231, 24810, 18795, 21103, 17009, 33266, 33906, 15609, 20858, 33146, 34042, 33403, 26363]
2018-04-15 20:08:00,077 [DEBUG|AmbulanceTeam/20261138|TestSearchForFire] best path is:[29622, 35211, 10982, 10998, 4587, 7350, 272, 5892, 3354, 32784, 32782, 32781, 2877, 4551, 23359, 35310, 29979, 29995, 6378, 34562, 34563, 1710, 7521, 7314, 4380, 9267, 37, 3831, 299, 9429, 6801, 1839, 8061, 2517, 1899, 7197, 24826, 24810]
2018-04-15 20:08:00,077 [DEBUG|AmbulanceTeam/20261138|TestSearchForFire] choosed:7197
2018-04-15 20:08:07,160 [DEBUG|AmbulanceTeam/20261138|TestHumanDetector] Time:12
2018-04-15 20:08:07,160 [DEBUG|AmbulanceTeam/20261138|TestSearchForFire] Time:12
2018-04-15 20:08:07,160 [DEBUG|AmbulanceTeam/20261138|TestHumanDetector] Targets:[]
2018-04-15 20:08:07,161 [DEBUG|AmbulanceTeam/20261138|TestSearchForFire] unsearchedBuildingIDs:[10497, 14598, 25738, 11661, 33425, 13333, 20245, 23958, 33944, 10524, 18848, 33319, 16297, 27437, 26926, 33200, 10416, 23985, 26421, 33338, 18875, 16573, 14013, 10557, 26816, 16324, 11849, 28233, 33228, 24783, 25680, 15578, 26844, 33885, 16351, 33376, 11876, 28260, 21733, 16231, 24810, 18795, 21103, 17009, 33266, 33906, 15609, 20858, 33146, 34042, 33403, 26363]
2018-04-15 20:08:07,163 [DEBUG|AmbulanceTeam/20261138|TestSearchForFire] best path is:[4587, 7350, 272, 5892, 3354, 32784, 32782, 32781, 2877, 4551, 23359, 35310, 29979, 29995, 6378, 34562, 34563, 1710, 7521, 7314, 4380, 9267, 37, 3831, 299, 9429, 6801, 1839, 8061, 2517, 1899, 7197, 24826, 24810]
2018-04-15 20:08:07,164 [DEBUG|AmbulanceTeam/20261138|TestSearchForFire] choosed:7197
2018-04-15 20:08:13,819 [DEBUG|AmbulanceTeam/20261138|TestHumanDetector] Time:13
2018-04-15 20:08:13,820 [DEBUG|AmbulanceTeam/20261138|TestSearchForFire] Time:13
2018-04-15 20:08:13,820 [DEBUG|AmbulanceTeam/20261138|TestHumanDetector] Targets:[]
2018-04-15 20:08:13,820 [DEBUG|AmbulanceTeam/20261138|TestSearchForFire] unsearchedBuildingIDs:[10497, 14598, 25738, 11661, 33425, 13333, 20245, 23958, 33944, 10524, 18848, 33319, 16297, 27437, 26926, 33200, 10416, 23985, 26421, 33338, 18875, 16573, 14013, 10557, 26816, 16324, 11849, 28233, 33228, 24783, 25680, 15578, 26844, 33885, 16351, 33376, 11876, 28260, 21733, 16231, 24810, 18795, 21103, 17009, 33266, 33906, 15609, 20858, 33146, 34042, 33403, 26363]
2018-04-15 20:08:13,822 [DEBUG|AmbulanceTeam/20261138|TestSearchForFire] best path is:[3354, 32784, 32782, 32781, 2877, 4551, 23359, 35310, 29979, 29995, 6378, 34562, 34563, 1710, 7521, 7314, 4380, 9267, 37, 3831, 299, 9429, 6801, 1839, 8061, 2517, 1899, 7197, 24826, 24810]
2018-04-15 20:08:13,822 [DEBUG|AmbulanceTeam/20261138|TestSearchForFire] choosed:7197
2018-04-15 20:08:20,352 [DEBUG|AmbulanceTeam/20261138|TestHumanDetector] Time:14
2018-04-15 20:08:20,352 [DEBUG|AmbulanceTeam/20261138|TestSearchForFire] Time:14
2018-04-15 20:08:20,353 [DEBUG|AmbulanceTeam/20261138|TestHumanDetector] Targets:[]
2018-04-15 20:08:20,353 [DEBUG|AmbulanceTeam/20261138|TestSearchForFire] unsearchedBuildingIDs:[10497, 14598, 25738, 11661, 33425, 13333, 20245, 23958, 33944, 10524, 18848, 33319, 16297, 27437, 26926, 33200, 10416, 23985, 26421, 33338, 18875, 16573, 14013, 10557, 26816, 16324, 11849, 28233, 33228, 24783, 25680, 15578, 26844, 33885, 16351, 33376, 11876, 28260, 21733, 16231, 24810, 18795, 21103, 17009, 33266, 33906, 15609, 20858, 33146, 34042, 33403, 26363]
2018-04-15 20:08:20,355 [DEBUG|AmbulanceTeam/20261138|TestSearchForFire] best path is:[2877, 4551, 23359, 35310, 29979, 29995, 6378, 34562, 34563, 1710, 7521, 7314, 4380, 9267, 37, 3831, 299, 9429, 6801, 1839, 8061, 2517, 1899, 7197, 24826, 24810]
2018-04-15 20:08:20,355 [DEBUG|AmbulanceTeam/20261138|TestSearchForFire] choosed:7197
2018-04-15 20:08:27,520 [DEBUG|AmbulanceTeam/20261138|TestHumanDetector] Time:15
2018-04-15 20:08:27,520 [DEBUG|AmbulanceTeam/20261138|TestSearchForFire] Time:15
2018-04-15 20:08:27,521 [DEBUG|AmbulanceTeam/20261138|TestHumanDetector] Targets:[Civilian (289825857)]
2018-04-15 20:08:27,521 [DEBUG|AmbulanceTeam/20261138|TestHumanDetector] Selected:Civilian (289825857)
2018-04-15 20:08:34,437 [DEBUG|AmbulanceTeam/20261138|TestHumanDetector] Time:16
2018-04-15 20:08:34,437 [DEBUG|AmbulanceTeam/20261138|TestSearchForFire] Time:16
2018-04-15 20:08:41,416 [DEBUG|AmbulanceTeam/20261138|TestHumanDetector] Time:17
2018-04-15 20:08:41,416 [DEBUG|AmbulanceTeam/20261138|TestSearchForFire] Time:17
2018-04-15 20:08:49,332 [DEBUG|AmbulanceTeam/20261138|TestHumanDetector] Time:18
2018-04-15 20:08:49,332 [DEBUG|AmbulanceTeam/20261138|TestSearchForFire] Time:18
2018-04-15 20:08:55,924 [DEBUG|AmbulanceTeam/20261138|TestHumanDetector] Time:19
2018-04-15 20:08:55,924 [DEBUG|AmbulanceTeam/20261138|TestSearchForFire] Time:19
2018-04-15 20:09:02,600 [DEBUG|AmbulanceTeam/20261138|TestHumanDetector] Time:20
2018-04-15 20:09:02,600 [DEBUG|AmbulanceTeam/20261138|TestSearchForFire] Time:20
2018-04-15 20:09:09,976 [DEBUG|AmbulanceTeam/20261138|TestHumanDetector] Time:21
2018-04-15 20:09:09,976 [DEBUG|AmbulanceTeam/20261138|TestSearchForFire] Time:21
2018-04-15 20:09:16,556 [DEBUG|AmbulanceTeam/20261138|TestHumanDetector] Time:22
2018-04-15 20:09:16,556 [DEBUG|AmbulanceTeam/20261138|TestSearchForFire] Time:22
2018-04-15 20:09:22,696 [DEBUG|AmbulanceTeam/20261138|TestHumanDetector] Time:23
2018-04-15 20:09:22,696 [DEBUG|AmbulanceTeam/20261138|TestSearchForFire] Time:23
2018-04-15 20:09:28,663 [DEBUG|AmbulanceTeam/20261138|TestHumanDetector] Time:24
2018-04-15 20:09:28,663 [DEBUG|AmbulanceTeam/20261138|TestSearchForFire] Time:24
2018-04-15 20:09:34,492 [DEBUG|AmbulanceTeam/20261138|TestHumanDetector] Time:25
2018-04-15 20:09:34,492 [DEBUG|AmbulanceTeam/20261138|TestSearchForFire] Time:25
2018-04-15 20:09:40,538 [DEBUG|AmbulanceTeam/20261138|TestHumanDetector] Time:26
2018-04-15 20:09:40,538 [DEBUG|AmbulanceTeam/20261138|TestSearchForFire] Time:26
2018-04-15 20:09:46,416 [DEBUG|AmbulanceTeam/20261138|TestHumanDetector] Time:27
2018-04-15 20:09:46,417 [DEBUG|AmbulanceTeam/20261138|TestSearchForFire] Time:27
2018-04-15 20:09:52,496 [DEBUG|AmbulanceTeam/20261138|TestHumanDetector] Time:28
2018-04-15 20:09:52,497 [DEBUG|AmbulanceTeam/20261138|TestSearchForFire] Time:28
2018-04-15 20:09:58,364 [DEBUG|AmbulanceTeam/20261138|TestHumanDetector] Time:29
2018-04-15 20:09:58,365 [DEBUG|AmbulanceTeam/20261138|TestSearchForFire] Time:29
2018-04-15 20:10:04,256 [DEBUG|AmbulanceTeam/20261138|TestHumanDetector] Time:30
2018-04-15 20:10:04,258 [DEBUG|AmbulanceTeam/20261138|TestSearchForFire] Time:30
2018-04-15 20:10:10,005 [DEBUG|AmbulanceTeam/20261138|TestHumanDetector] Time:31
2018-04-15 20:10:10,005 [DEBUG|AmbulanceTeam/20261138|TestSearchForFire] Time:31
2018-04-15 20:10:15,576 [DEBUG|AmbulanceTeam/20261138|TestHumanDetector] Time:32
2018-04-15 20:10:15,576 [DEBUG|AmbulanceTeam/20261138|TestSearchForFire] Time:32
2018-04-15 20:10:21,049 [DEBUG|AmbulanceTeam/20261138|TestHumanDetector] Time:33
2018-04-15 20:10:21,049 [DEBUG|AmbulanceTeam/20261138|TestSearchForFire] Time:33
2018-04-15 20:10:26,544 [DEBUG|AmbulanceTeam/20261138|TestHumanDetector] Time:34
2018-04-15 20:10:26,544 [DEBUG|AmbulanceTeam/20261138|TestSearchForFire] Time:34
2018-04-15 20:10:31,948 [DEBUG|AmbulanceTeam/20261138|TestHumanDetector] Time:35
2018-04-15 20:10:31,948 [DEBUG|AmbulanceTeam/20261138|TestSearchForFire] Time:35
2018-04-15 20:10:37,692 [DEBUG|AmbulanceTeam/20261138|TestHumanDetector] Time:36
2018-04-15 20:10:37,692 [DEBUG|AmbulanceTeam/20261138|TestSearchForFire] Time:36
2018-04-15 20:10:42,864 [DEBUG|AmbulanceTeam/20261138|TestHumanDetector] Time:37
2018-04-15 20:10:42,864 [DEBUG|AmbulanceTeam/20261138|TestSearchForFire] Time:37
2018-04-15 20:10:48,084 [DEBUG|AmbulanceTeam/20261138|TestHumanDetector] Time:38
2018-04-15 20:10:48,084 [DEBUG|AmbulanceTeam/20261138|TestSearchForFire] Time:38
2018-04-15 20:10:53,220 [DEBUG|AmbulanceTeam/20261138|TestHumanDetector] Time:39
2018-04-15 20:10:53,220 [DEBUG|AmbulanceTeam/20261138|TestSearchForFire] Time:39
2018-04-15 20:10:58,346 [DEBUG|AmbulanceTeam/20261138|TestHumanDetector] Time:40
2018-04-15 20:10:58,346 [DEBUG|AmbulanceTeam/20261138|TestSearchForFire] Time:40
2018-04-15 20:11:03,408 [DEBUG|AmbulanceTeam/20261138|TestHumanDetector] Time:41
2018-04-15 20:11:03,408 [DEBUG|AmbulanceTeam/20261138|TestSearchForFire] Time:41
2018-04-15 20:11:08,248 [DEBUG|AmbulanceTeam/20261138|TestHumanDetector] Time:42
2018-04-15 20:11:08,248 [DEBUG|AmbulanceTeam/20261138|TestSearchForFire] Time:42
2018-04-15 20:11:13,392 [DEBUG|AmbulanceTeam/20261138|TestHumanDetector] Time:43
2018-04-15 20:11:13,392 [DEBUG|AmbulanceTeam/20261138|TestSearchForFire] Time:43
2018-04-15 20:11:18,284 [DEBUG|AmbulanceTeam/20261138|TestHumanDetector] Time:44
2018-04-15 20:11:18,284 [DEBUG|AmbulanceTeam/20261138|TestSearchForFire] Time:44
2018-04-15 20:11:18,285 [DEBUG|AmbulanceTeam/20261138|TestHumanDetector] Invalid Human:Civilian (289825857) ==>reset target
2018-04-15 20:11:18,285 [DEBUG|AmbulanceTeam/20261138|TestHumanDetector] Targets:[]
2018-04-15 20:11:18,285 [DEBUG|AmbulanceTeam/20261138|TestSearchForFire] unsearchedBuildingIDs:[10497, 14598, 25738, 11661, 33425, 13333, 20245, 23958, 33944, 10524, 18848, 33319, 16297, 27437, 26926, 33200, 10416, 23985, 26421, 33338, 18875, 16573, 14013, 10557, 26816, 16324, 11849, 28233, 33228, 24783, 25680, 15578, 26844, 33885, 16351, 33376, 11876, 28260, 21733, 16231, 24810, 18795, 21103, 17009, 33266, 33906, 15609, 20858, 33146, 34042, 33403, 26363]
2018-04-15 20:11:18,286 [DEBUG|AmbulanceTeam/20261138|TestSearchForFire] best path is:[29979, 29995, 6378, 34562, 34563, 1710, 7521, 7314, 4380, 9267, 37, 3831, 299, 9429, 6801, 1839, 8061, 2517, 1899, 7197, 24826, 24810]
2018-04-15 20:11:18,286 [DEBUG|AmbulanceTeam/20261138|TestSearchForFire] choosed:7197
2018-04-15 20:11:23,669 [DEBUG|AmbulanceTeam/20261138|TestHumanDetector] Time:45
2018-04-15 20:11:23,670 [DEBUG|AmbulanceTeam/20261138|TestSearchForFire] Time:45
2018-04-15 20:11:23,670 [DEBUG|AmbulanceTeam/20261138|TestHumanDetector] Targets:[]
2018-04-15 20:11:23,670 [DEBUG|AmbulanceTeam/20261138|TestSearchForFire] unsearchedBuildingIDs:[10497, 14598, 25738, 11661, 33425, 13333, 20245, 23958, 33944, 10524, 18848, 33319, 16297, 27437, 26926, 33200, 10416, 23985, 26421, 33338, 18875, 16573, 14013, 10557, 26816, 16324, 11849, 28233, 33228, 24783, 25680, 15578, 26844, 33885, 16351, 33376, 11876, 28260, 21733, 16231, 24810, 18795, 21103, 17009, 33266, 33906, 15609, 20858, 33146, 34042, 33403, 26363]
2018-04-15 20:11:23,670 [DEBUG|AmbulanceTeam/20261138|TestSearchForFire] best path is:[34563, 1710, 7521, 7314, 4380, 9267, 37, 3831, 299, 9429, 6801, 1839, 8061, 2517, 1899, 7197, 24826, 24810]
2018-04-15 20:11:23,670 [DEBUG|AmbulanceTeam/20261138|TestSearchForFire] choosed:7197
2018-04-15 20:11:28,606 [DEBUG|AmbulanceTeam/20261138|TestHumanDetector] Time:46
2018-04-15 20:11:28,606 [DEBUG|AmbulanceTeam/20261138|TestSearchForFire] Time:46
2018-04-15 20:11:28,607 [DEBUG|AmbulanceTeam/20261138|TestHumanDetector] Targets:[]
2018-04-15 20:11:28,607 [DEBUG|AmbulanceTeam/20261138|TestSearchForFire] unsearchedBuildingIDs:[10497, 14598, 25738, 11661, 33425, 13333, 20245, 23958, 33944, 10524, 18848, 33319, 16297, 27437, 26926, 33200, 10416, 23985, 26421, 33338, 18875, 16573, 14013, 10557, 26816, 16324, 11849, 28233, 33228, 24783, 25680, 15578, 26844, 33885, 16351, 33376, 11876, 28260, 21733, 16231, 24810, 18795, 21103, 17009, 33266, 33906, 15609, 20858, 33146, 34042, 33403, 26363]
2018-04-15 20:11:28,607 [DEBUG|AmbulanceTeam/20261138|TestSearchForFire] best path is:[7314, 4380, 9267, 37, 3831, 299, 9429, 6801, 1839, 8061, 2517, 1899, 7197, 24826, 24810]
2018-04-15 20:11:28,607 [DEBUG|AmbulanceTeam/20261138|TestSearchForFire] choosed:7197
2018-04-15 20:11:33,384 [DEBUG|AmbulanceTeam/20261138|TestHumanDetector] Time:47
2018-04-15 20:11:33,384 [DEBUG|AmbulanceTeam/20261138|TestSearchForFire] Time:47
2018-04-15 20:11:33,384 [DEBUG|AmbulanceTeam/20261138|TestHumanDetector] Targets:[]
2018-04-15 20:11:33,385 [DEBUG|AmbulanceTeam/20261138|TestSearchForFire] unsearchedBuildingIDs:[10497, 14598, 25738, 11661, 33425, 13333, 20245, 23958, 33944, 10524, 18848, 33319, 16297, 27437, 26926, 33200, 10416, 23985, 26421, 33338, 18875, 16573, 14013, 10557, 26816, 16324, 11849, 28233, 33228, 24783, 25680, 15578, 26844, 33885, 16351, 33376, 11876, 28260, 21733, 16231, 24810, 18795, 21103, 17009, 33266, 33906, 15609, 20858, 33146, 34042, 33403, 26363]
2018-04-15 20:11:33,385 [DEBUG|AmbulanceTeam/20261138|TestSearchForFire] best path is:[37, 3831, 299, 9429, 6801, 1839, 8061, 2517, 1899, 7197, 24826, 24810]
2018-04-15 20:11:33,385 [DEBUG|AmbulanceTeam/20261138|TestSearchForFire] choosed:7197
2018-04-15 20:11:38,289 [DEBUG|AmbulanceTeam/20261138|TestHumanDetector] Time:48
2018-04-15 20:11:38,289 [DEBUG|AmbulanceTeam/20261138|TestSearchForFire] Time:48
2018-04-15 20:11:38,289 [DEBUG|AmbulanceTeam/20261138|TestHumanDetector] Targets:[]
2018-04-15 20:11:38,289 [DEBUG|AmbulanceTeam/20261138|TestSearchForFire] unsearchedBuildingIDs:[10497, 14598, 25738, 11661, 33425, 13333, 20245, 23958, 33944, 10524, 18848, 33319, 16297, 27437, 26926, 33200, 10416, 23985, 26421, 33338, 18875, 16573, 14013, 10557, 26816, 16324, 11849, 28233, 33228, 24783, 25680, 15578, 26844, 33885, 16351, 33376, 11876, 28260, 21733, 16231, 18795, 21103, 17009, 33266, 33906, 15609, 20858, 33146, 34042, 33403, 26363]
2018-04-15 20:11:38,289 [DEBUG|AmbulanceTeam/20261138|TestSearchForFire] best path is:[8061, 2517, 1899, 7197, 3363, 317, 8916, 33939, 26816]
2018-04-15 20:11:38,289 [DEBUG|AmbulanceTeam/20261138|TestSearchForFire] choosed:8916
2018-04-15 20:11:42,944 [DEBUG|AmbulanceTeam/20261138|TestHumanDetector] Time:49
2018-04-15 20:11:42,944 [DEBUG|AmbulanceTeam/20261138|TestSearchForFire] Time:49
2018-04-15 20:11:42,944 [DEBUG|AmbulanceTeam/20261138|TestHumanDetector] Targets:[]
2018-04-15 20:11:42,944 [DEBUG|AmbulanceTeam/20261138|TestSearchForFire] unsearchedBuildingIDs:[10497, 25738, 11661, 33425, 13333, 20245, 23958, 10524, 18848, 33319, 16297, 27437, 26926, 33200, 10416, 23985, 26421, 33338, 18875, 16573, 10557, 16324, 11849, 28233, 33228, 24783, 25680, 15578, 26844, 33885, 16351, 33376, 11876, 28260, 18795, 21103, 17009, 33266, 15609, 20858, 33146, 34042, 33403, 26363]
2018-04-15 20:11:42,945 [DEBUG|AmbulanceTeam/20261138|TestSearchForFire] best path is:[8916, 317, 3363, 7197, 1899, 8592, 6882, 3732, 18891, 18875]
2018-04-15 20:11:42,945 [DEBUG|AmbulanceTeam/20261138|TestSearchForFire] choosed:3732
2018-04-15 20:11:47,828 [DEBUG|AmbulanceTeam/20261138|TestHumanDetector] Time:50
2018-04-15 20:11:47,829 [DEBUG|AmbulanceTeam/20261138|TestSearchForFire] Time:50
2018-04-15 20:11:47,829 [DEBUG|AmbulanceTeam/20261138|TestHumanDetector] Targets:[]
2018-04-15 20:11:47,829 [DEBUG|AmbulanceTeam/20261138|TestSearchForFire] unsearchedBuildingIDs:[10497, 25738, 11661, 33425, 13333, 20245, 23958, 10524, 18848, 33319, 16297, 27437, 26926, 33200, 10416, 23985, 26421, 33338, 16573, 10557, 16324, 11849, 28233, 33228, 24783, 25680, 15578, 26844, 33885, 16351, 33376, 11876, 28260, 18795, 21103, 17009, 33266, 15609, 20858, 33146, 34042, 33403, 26363]
2018-04-15 20:11:47,829 [DEBUG|AmbulanceTeam/20261138|TestSearchForFire] best path is:[1899, 8592, 6882, 3732, 33903, 10513, 10497]
2018-04-15 20:11:47,829 [DEBUG|AmbulanceTeam/20261138|TestSearchForFire] choosed:33903
2018-04-15 20:11:52,420 [DEBUG|AmbulanceTeam/20261138|TestHumanDetector] Time:51
2018-04-15 20:11:52,421 [DEBUG|AmbulanceTeam/20261138|TestSearchForFire] Time:51
2018-04-15 20:11:52,421 [DEBUG|AmbulanceTeam/20261138|TestHumanDetector] Targets:[]
2018-04-15 20:11:52,421 [DEBUG|AmbulanceTeam/20261138|TestSearchForFire] unsearchedBuildingIDs:[10497, 25738, 11661, 33425, 13333, 20245, 23958, 10524, 18848, 33319, 16297, 27437, 26926, 33200, 10416, 23985, 26421, 33338, 16573, 10557, 16324, 11849, 28233, 33228, 24783, 25680, 15578, 26844, 33885, 16351, 33376, 11876, 28260, 18795, 21103, 17009, 33266, 15609, 20858, 33146, 34042, 33403, 26363]
2018-04-15 20:11:52,421 [DEBUG|AmbulanceTeam/20261138|TestSearchForFire] best path is:[7197, 1899, 8592, 6882, 3732, 33903, 10513, 10497]
2018-04-15 20:11:52,421 [DEBUG|AmbulanceTeam/20261138|TestSearchForFire] choosed:33903
2018-04-15 20:11:56,864 [DEBUG|AmbulanceTeam/20261138|TestHumanDetector] Time:52
2018-04-15 20:11:56,864 [DEBUG|AmbulanceTeam/20261138|TestSearchForFire] Time:52
2018-04-15 20:11:56,864 [DEBUG|AmbulanceTeam/20261138|TestHumanDetector] Targets:[]
2018-04-15 20:11:56,864 [DEBUG|AmbulanceTeam/20261138|TestSearchForFire] unsearchedBuildingIDs:[10497, 25738, 11661, 33425, 13333, 20245, 23958, 10524, 18848, 33319, 16297, 27437, 26926, 33200, 10416, 23985, 26421, 33338, 16573, 10557, 16324, 11849, 28233, 33228, 24783, 25680, 15578, 26844, 33885, 16351, 33376, 11876, 28260, 18795, 21103, 17009, 33266, 15609, 20858, 33146, 34042, 33403, 26363]
2018-04-15 20:11:56,865 [DEBUG|AmbulanceTeam/20261138|TestSearchForFire] best path is:[2517, 1899, 8592, 6882, 3732, 33903, 10513, 10497]
2018-04-15 20:11:56,865 [DEBUG|AmbulanceTeam/20261138|TestSearchForFire] choosed:33903
2018-04-15 20:12:01,333 [DEBUG|AmbulanceTeam/20261138|TestHumanDetector] Time:53
2018-04-15 20:12:01,333 [DEBUG|AmbulanceTeam/20261138|TestSearchForFire] Time:53
2018-04-15 20:12:01,333 [DEBUG|AmbulanceTeam/20261138|TestHumanDetector] Targets:[]
2018-04-15 20:12:01,333 [DEBUG|AmbulanceTeam/20261138|TestSearchForFire] unsearchedBuildingIDs:[10497, 25738, 11661, 33425, 13333, 20245, 23958, 10524, 18848, 33319, 16297, 27437, 26926, 33200, 10416, 23985, 26421, 33338, 16573, 10557, 16324, 11849, 28233, 33228, 24783, 25680, 15578, 26844, 33885, 16351, 33376, 11876, 28260, 18795, 21103, 17009, 33266, 15609, 20858, 33146, 34042, 33403, 26363]
2018-04-15 20:12:01,333 [DEBUG|AmbulanceTeam/20261138|TestSearchForFire] best path is:[1899, 8592, 6882, 3732, 33903, 10513, 10497]
2018-04-15 20:12:01,334 [DEBUG|AmbulanceTeam/20261138|TestSearchForFire] choosed:33903
2018-04-15 20:12:05,888 [DEBUG|AmbulanceTeam/20261138|TestHumanDetector] Time:54
2018-04-15 20:12:05,888 [DEBUG|AmbulanceTeam/20261138|TestSearchForFire] Time:54
2018-04-15 20:12:05,888 [DEBUG|AmbulanceTeam/20261138|TestHumanDetector] Targets:[]
2018-04-15 20:12:05,889 [DEBUG|AmbulanceTeam/20261138|TestSearchForFire] unsearchedBuildingIDs:[10497, 25738, 11661, 33425, 13333, 20245, 23958, 10524, 18848, 33319, 16297, 27437, 26926, 33200, 10416, 23985, 26421, 33338, 16573, 10557, 16324, 11849, 28233, 33228, 24783, 25680, 15578, 26844, 33885, 16351, 33376, 11876, 28260, 18795, 21103, 17009, 33266, 15609, 20858, 33146, 34042, 33403, 26363]
2018-04-15 20:12:05,889 [DEBUG|AmbulanceTeam/20261138|TestSearchForFire] best path is:[7197, 1899, 8592, 6882, 3732, 33903, 10513, 10497]
2018-04-15 20:12:05,889 [DEBUG|AmbulanceTeam/20261138|TestSearchForFire] choosed:33903
2018-04-15 20:12:10,384 [DEBUG|AmbulanceTeam/20261138|TestHumanDetector] Time:55
2018-04-15 20:12:10,385 [DEBUG|AmbulanceTeam/20261138|TestSearchForFire] Time:55
2018-04-15 20:12:10,385 [DEBUG|AmbulanceTeam/20261138|TestHumanDetector] Targets:[]
2018-04-15 20:12:10,385 [DEBUG|AmbulanceTeam/20261138|TestSearchForFire] unsearchedBuildingIDs:[10497, 25738, 11661, 33425, 13333, 20245, 23958, 10524, 18848, 33319, 16297, 27437, 26926, 33200, 10416, 23985, 26421, 33338, 16573, 10557, 16324, 11849, 28233, 33228, 24783, 25680, 15578, 26844, 33885, 16351, 33376, 11876, 28260, 18795, 21103, 17009, 33266, 15609, 20858, 33146, 34042, 33403, 26363]
2018-04-15 20:12:10,385 [DEBUG|AmbulanceTeam/20261138|TestSearchForFire] best path is:[2517, 1899, 8592, 6882, 3732, 33903, 10513, 10497]
2018-04-15 20:12:10,385 [DEBUG|AmbulanceTeam/20261138|TestSearchForFire] choosed:33903
2018-04-15 20:12:14,977 [DEBUG|AmbulanceTeam/20261138|TestHumanDetector] Time:56
2018-04-15 20:12:14,977 [DEBUG|AmbulanceTeam/20261138|TestSearchForFire] Time:56
2018-04-15 20:12:14,977 [DEBUG|AmbulanceTeam/20261138|TestHumanDetector] Targets:[]
2018-04-15 20:12:14,977 [DEBUG|AmbulanceTeam/20261138|TestSearchForFire] unsearchedBuildingIDs:[10497, 25738, 11661, 33425, 13333, 20245, 23958, 10524, 18848, 33319, 16297, 27437, 26926, 33200, 10416, 23985, 26421, 33338, 16573, 10557, 16324, 11849, 28233, 33228, 24783, 25680, 15578, 26844, 33885, 16351, 33376, 11876, 28260, 18795, 21103, 17009, 33266, 15609, 20858, 33146, 34042, 33403, 26363]
2018-04-15 20:12:14,977 [DEBUG|AmbulanceTeam/20261138|TestSearchForFire] best path is:[1899, 8592, 6882, 3732, 33903, 10513, 10497]
2018-04-15 20:12:14,978 [DEBUG|AmbulanceTeam/20261138|TestSearchForFire] choosed:33903
2018-04-15 20:12:25,269 [DEBUG|AmbulanceTeam/20261138|TestHumanDetector] Time:57
2018-04-15 20:12:25,269 [DEBUG|AmbulanceTeam/20261138|TestSearchForFire] Time:57
2018-04-15 20:12:25,269 [DEBUG|AmbulanceTeam/20261138|TestHumanDetector] Targets:[]
2018-04-15 20:12:25,269 [DEBUG|AmbulanceTeam/20261138|TestSearchForFire] unsearchedBuildingIDs:[10497, 25738, 11661, 33425, 13333, 20245, 23958, 10524, 18848, 33319, 16297, 27437, 26926, 33200, 10416, 23985, 26421, 33338, 16573, 10557, 16324, 11849, 28233, 33228, 24783, 25680, 15578, 26844, 33885, 16351, 33376, 11876, 28260, 18795, 21103, 17009, 33266, 15609, 20858, 33146, 34042, 33403, 26363]
2018-04-15 20:12:25,270 [DEBUG|AmbulanceTeam/20261138|TestSearchForFire] best path is:[1899, 8592, 6882, 3732, 33903, 10513, 10497]
2018-04-15 20:12:25,270 [DEBUG|AmbulanceTeam/20261138|TestSearchForFire] choosed:33903
2018-04-15 20:12:25,509 [DEBUG|AmbulanceTeam/20261138|TestHumanDetector] Time:58
2018-04-15 20:12:25,509 [DEBUG|AmbulanceTeam/20261138|TestSearchForFire] Time:58
2018-04-15 20:12:25,509 [DEBUG|AmbulanceTeam/20261138|TestHumanDetector] Targets:[]
2018-04-15 20:12:25,509 [DEBUG|AmbulanceTeam/20261138|TestSearchForFire] unsearchedBuildingIDs:[10497, 25738, 11661, 33425, 13333, 20245, 23958, 10524, 18848, 33319, 16297, 27437, 26926, 33200, 10416, 23985, 26421, 33338, 16573, 10557, 16324, 11849, 28233, 33228, 24783, 25680, 15578, 26844, 33885, 16351, 33376, 11876, 28260, 18795, 21103, 17009, 33266, 15609, 20858, 33146, 34042, 33403, 26363]
2018-04-15 20:12:25,510 [DEBUG|AmbulanceTeam/20261138|TestSearchForFire] best path is:[7197, 1899, 8592, 6882, 3732, 33903, 10513, 10497]
2018-04-15 20:12:25,510 [DEBUG|AmbulanceTeam/20261138|TestSearchForFire] choosed:33903
2018-04-15 20:12:29,980 [DEBUG|AmbulanceTeam/20261138|TestHumanDetector] Time:59
2018-04-15 20:12:29,980 [DEBUG|AmbulanceTeam/20261138|TestSearchForFire] Time:59
2018-04-15 20:12:29,980 [DEBUG|AmbulanceTeam/20261138|TestHumanDetector] Targets:[]
2018-04-15 20:12:29,980 [DEBUG|AmbulanceTeam/20261138|TestSearchForFire] unsearchedBuildingIDs:[10497, 25738, 11661, 33425, 13333, 20245, 23958, 10524, 18848, 33319, 16297, 27437, 26926, 33200, 10416, 23985, 26421, 33338, 16573, 10557, 16324, 11849, 28233, 33228, 24783, 25680, 15578, 26844, 33885, 16351, 33376, 11876, 28260, 18795, 21103, 17009, 33266, 15609, 20858, 33146, 34042, 33403, 26363]
2018-04-15 20:12:29,981 [DEBUG|AmbulanceTeam/20261138|TestSearchForFire] best path is:[2517, 1899, 8592, 6882, 3732, 33903, 10513, 10497]
2018-04-15 20:12:29,981 [DEBUG|AmbulanceTeam/20261138|TestSearchForFire] choosed:33903
2018-04-15 20:12:34,300 [DEBUG|AmbulanceTeam/20261138|TestHumanDetector] Time:60
2018-04-15 20:12:34,300 [DEBUG|AmbulanceTeam/20261138|TestSearchForFire] Time:60
2018-04-15 20:12:34,300 [DEBUG|AmbulanceTeam/20261138|TestHumanDetector] Targets:[]
2018-04-15 20:12:34,300 [DEBUG|AmbulanceTeam/20261138|TestSearchForFire] unsearchedBuildingIDs:[10497, 25738, 11661, 33425, 13333, 20245, 23958, 10524, 18848, 33319, 16297, 27437, 26926, 33200, 10416, 23985, 26421, 33338, 16573, 10557, 16324, 11849, 28233, 33228, 24783, 25680, 15578, 26844, 33885, 16351, 33376, 11876, 28260, 18795, 21103, 17009, 33266, 15609, 20858, 33146, 34042, 33403, 26363]
2018-04-15 20:12:34,301 [DEBUG|AmbulanceTeam/20261138|TestSearchForFire] best path is:[1899, 8592, 6882, 3732, 33903, 10513, 10497]
2018-04-15 20:12:34,301 [DEBUG|AmbulanceTeam/20261138|TestSearchForFire] choosed:33903
2018-04-15 20:12:38,489 [DEBUG|AmbulanceTeam/20261138|TestHumanDetector] Time:61
2018-04-15 20:12:38,489 [DEBUG|AmbulanceTeam/20261138|TestSearchForFire] Time:61
2018-04-15 20:12:38,489 [DEBUG|AmbulanceTeam/20261138|TestHumanDetector] Targets:[]
2018-04-15 20:12:38,489 [DEBUG|AmbulanceTeam/20261138|TestSearchForFire] unsearchedBuildingIDs:[10497, 25738, 11661, 33425, 13333, 20245, 23958, 10524, 18848, 33319, 16297, 27437, 26926, 33200, 10416, 23985, 26421, 33338, 16573, 10557, 11849, 28233, 33228, 24783, 15578, 26844, 33885, 16351, 33376, 11876, 28260, 18795, 21103, 17009, 33266, 15609, 20858, 33146, 34042, 33403, 26363]
2018-04-15 20:12:38,489 [DEBUG|AmbulanceTeam/20261138|TestSearchForFire] best path is:[6882, 3732, 33903, 10513, 10497]
2018-04-15 20:12:38,489 [DEBUG|AmbulanceTeam/20261138|TestSearchForFire] choosed:33903
2018-04-15 20:12:42,323 [DEBUG|AmbulanceTeam/20261138|TestHumanDetector] Time:62
2018-04-15 20:12:42,323 [DEBUG|AmbulanceTeam/20261138|TestSearchForFire] Time:62
2018-04-15 20:12:42,323 [DEBUG|AmbulanceTeam/20261138|TestHumanDetector] Targets:[]
2018-04-15 20:12:42,323 [DEBUG|AmbulanceTeam/20261138|TestSearchForFire] unsearchedBuildingIDs:[25738, 11661, 33425, 13333, 20245, 23958, 10524, 18848, 33319, 16297, 27437, 26926, 33200, 10416, 23985, 26421, 33338, 16573, 10557, 11849, 33228, 24783, 15578, 26844, 33885, 16351, 33376, 11876, 28260, 21103, 17009, 33266, 15609, 20858, 33146, 34042, 33403, 26363]
2018-04-15 20:12:42,323 [DEBUG|AmbulanceTeam/20261138|TestSearchForFire] best path is:[33903, 2355, 26379, 26363]
2018-04-15 20:12:42,323 [DEBUG|AmbulanceTeam/20261138|TestSearchForFire] choosed:2355
2018-04-15 20:12:46,388 [DEBUG|AmbulanceTeam/20261138|TestHumanDetector] Time:63
2018-04-15 20:12:46,388 [DEBUG|AmbulanceTeam/20261138|TestSearchForFire] Time:63
2018-04-15 20:12:46,388 [DEBUG|AmbulanceTeam/20261138|TestHumanDetector] Targets:[]
2018-04-15 20:12:46,389 [DEBUG|AmbulanceTeam/20261138|TestSearchForFire] unsearchedBuildingIDs:[25738, 11661, 33425, 13333, 20245, 23958, 10524, 18848, 33319, 16297, 27437, 26926, 33200, 10416, 23985, 26421, 33338, 16573, 10557, 11849, 33228, 15578, 26844, 33885, 16351, 33376, 11876, 28260, 21103, 17009, 33266, 15609, 20858, 33146, 34042, 33403]
2018-04-15 20:12:46,389 [DEBUG|AmbulanceTeam/20261138|TestSearchForFire] best path is:[2355, 7224, 33393, 5469, 34072, 33416, 6837, 11865, 11849]
2018-04-15 20:12:46,389 [DEBUG|AmbulanceTeam/20261138|TestSearchForFire] choosed:6837
2018-04-15 20:12:50,365 [DEBUG|AmbulanceTeam/20261138|TestHumanDetector] Time:64
2018-04-15 20:12:50,365 [DEBUG|AmbulanceTeam/20261138|TestSearchForFire] Time:64
2018-04-15 20:12:50,365 [DEBUG|AmbulanceTeam/20261138|TestHumanDetector] Targets:[]
2018-04-15 20:12:50,365 [DEBUG|AmbulanceTeam/20261138|TestSearchForFire] unsearchedBuildingIDs:[25738, 11661, 33425, 13333, 20245, 23958, 10524, 18848, 33319, 16297, 27437, 33200, 10416, 23985, 33338, 16573, 10557, 11849, 33228, 15578, 26844, 33885, 16351, 33376, 11876, 28260, 21103, 33266, 15609, 20858, 33146, 34042]
2018-04-15 20:12:50,365 [DEBUG|AmbulanceTeam/20261138|TestSearchForFire] best path is:[33393, 5469, 34072, 33416, 6837, 11865, 11849]
2018-04-15 20:12:50,366 [DEBUG|AmbulanceTeam/20261138|TestSearchForFire] choosed:6837
2018-04-15 20:12:54,537 [DEBUG|AmbulanceTeam/20261138|TestHumanDetector] Time:65
2018-04-15 20:12:54,537 [DEBUG|AmbulanceTeam/20261138|TestSearchForFire] Time:65
2018-04-15 20:12:54,537 [DEBUG|AmbulanceTeam/20261138|TestHumanDetector] Targets:[]
2018-04-15 20:12:54,537 [DEBUG|AmbulanceTeam/20261138|TestSearchForFire] unsearchedBuildingIDs:[11661, 33425, 13333, 20245, 23958, 10524, 33319, 16297, 33200, 10416, 23985, 33338, 16573, 33228, 15578, 26844, 33885, 16351, 33376, 11876, 28260, 33266, 20858, 33146, 34042]
2018-04-15 20:12:54,538 [DEBUG|AmbulanceTeam/20261138|TestSearchForFire] best path is:[6837, 33416, 34072, 5469, 33393, 3030, 9393, 352, 4155, 20261, 20245]
2018-04-15 20:12:54,538 [DEBUG|AmbulanceTeam/20261138|TestSearchForFire] choosed:4155
2018-04-15 20:12:58,836 [DEBUG|AmbulanceTeam/20261138|TestHumanDetector] Time:66
2018-04-15 20:12:58,836 [DEBUG|AmbulanceTeam/20261138|TestSearchForFire] Time:66
2018-04-15 20:12:58,837 [DEBUG|AmbulanceTeam/20261138|TestHumanDetector] Targets:[]
2018-04-15 20:12:58,837 [DEBUG|AmbulanceTeam/20261138|TestSearchForFire] unsearchedBuildingIDs:[11661, 33425, 13333, 20245, 23958, 10524, 33319, 16297, 33200, 10416, 23985, 33338, 16573, 33228, 15578, 26844, 33885, 16351, 33376, 11876, 28260, 33266, 20858, 33146, 34042]
2018-04-15 20:12:58,837 [DEBUG|AmbulanceTeam/20261138|TestSearchForFire] best path is:[5469, 33393, 3030, 9393, 352, 4155, 20261, 20245]
2018-04-15 20:12:58,837 [DEBUG|AmbulanceTeam/20261138|TestSearchForFire] choosed:4155
2018-04-15 20:13:02,916 [DEBUG|AmbulanceTeam/20261138|TestHumanDetector] Time:67
2018-04-15 20:13:02,917 [DEBUG|AmbulanceTeam/20261138|TestSearchForFire] Time:67
2018-04-15 20:13:02,917 [DEBUG|AmbulanceTeam/20261138|TestHumanDetector] Targets:[]
2018-04-15 20:13:02,917 [DEBUG|AmbulanceTeam/20261138|TestSearchForFire] unsearchedBuildingIDs:[11661, 33425, 13333, 23958, 10524, 33319, 16297, 33200, 10416, 23985, 33338, 16573, 33228, 15578, 26844, 33885, 16351, 11876, 28260, 33266, 33146, 34042]
2018-04-15 20:13:02,917 [DEBUG|AmbulanceTeam/20261138|TestSearchForFire] best path is:[9393, 352, 4155, 33357, 4956, 11677, 11661]
2018-04-15 20:13:02,917 [DEBUG|AmbulanceTeam/20261138|TestSearchForFire] choosed:4956
2018-04-15 20:13:06,980 [DEBUG|AmbulanceTeam/20261138|TestHumanDetector] Time:68
2018-04-15 20:13:06,981 [DEBUG|AmbulanceTeam/20261138|TestSearchForFire] Time:68
2018-04-15 20:13:06,981 [DEBUG|AmbulanceTeam/20261138|TestHumanDetector] Targets:[]
2018-04-15 20:13:06,981 [DEBUG|AmbulanceTeam/20261138|TestSearchForFire] unsearchedBuildingIDs:[33425, 13333, 10524, 33319, 16297, 33200, 10416, 23985, 33338, 16573, 33228, 15578, 26844, 33885, 16351, 28260, 33266, 34042]
2018-04-15 20:13:06,981 [DEBUG|AmbulanceTeam/20261138|TestSearchForFire] best path is:[33357, 4956, 33169, 33179, 33219, 33200]
2018-04-15 20:13:06,981 [DEBUG|AmbulanceTeam/20261138|TestSearchForFire] choosed:33179
2018-04-15 20:13:10,944 [DEBUG|AmbulanceTeam/20261138|TestHumanDetector] Time:69
2018-04-15 20:13:10,944 [DEBUG|AmbulanceTeam/20261138|TestSearchForFire] Time:69
2018-04-15 20:13:10,945 [DEBUG|AmbulanceTeam/20261138|TestHumanDetector] Targets:[]
2018-04-15 20:13:10,945 [DEBUG|AmbulanceTeam/20261138|TestSearchForFire] unsearchedBuildingIDs:[33425, 13333, 10524, 33319, 16297, 10416, 23985, 16573, 15578, 26844, 33885, 16351, 28260, 34042]
2018-04-15 20:13:10,945 [DEBUG|AmbulanceTeam/20261138|TestSearchForFire] best path is:[33179, 33190, 33191, 33234, 33282, 33431, 33447, 33425]
2018-04-15 20:13:10,945 [DEBUG|AmbulanceTeam/20261138|TestSearchForFire] choosed:33431
2018-04-15 20:13:14,796 [DEBUG|AmbulanceTeam/20261138|TestHumanDetector] Time:70
2018-04-15 20:13:14,796 [DEBUG|AmbulanceTeam/20261138|TestSearchForFire] Time:70
2018-04-15 20:13:14,797 [DEBUG|AmbulanceTeam/20261138|TestHumanDetector] Targets:[]
2018-04-15 20:13:14,797 [DEBUG|AmbulanceTeam/20261138|TestSearchForFire] unsearchedBuildingIDs:[13333, 10524, 16297, 10416, 23985, 16573, 15578, 26844, 33885, 16351, 28260]
2018-04-15 20:13:14,797 [DEBUG|AmbulanceTeam/20261138|TestSearchForFire] best path is:[33234, 33191, 33190, 33179, 33169, 4956, 33357, 4155, 352, 9393, 3030, 33393, 5469, 34072, 33416, 6837, 10573, 34683, 13333]
2018-04-15 20:13:14,797 [DEBUG|AmbulanceTeam/20261138|TestSearchForFire] choosed:10573
2018-04-15 20:13:18,572 [DEBUG|AmbulanceTeam/20261138|TestHumanDetector] Time:71
2018-04-15 20:13:18,572 [DEBUG|AmbulanceTeam/20261138|TestSearchForFire] Time:71
2018-04-15 20:13:18,573 [DEBUG|AmbulanceTeam/20261138|TestHumanDetector] Targets:[]
2018-04-15 20:13:18,573 [DEBUG|AmbulanceTeam/20261138|TestSearchForFire] unsearchedBuildingIDs:[13333, 10524, 16297, 10416, 23985, 16573, 15578, 26844, 33885, 16351, 28260]
2018-04-15 20:13:18,573 [DEBUG|AmbulanceTeam/20261138|TestSearchForFire] best path is:[33179, 33169, 4956, 33357, 4155, 352, 9393, 3030, 33393, 5469, 34072, 33416, 6837, 10573, 34683, 13333]
2018-04-15 20:13:18,573 [DEBUG|AmbulanceTeam/20261138|TestSearchForFire] choosed:10573
2018-04-15 20:13:22,521 [DEBUG|AmbulanceTeam/20261138|TestHumanDetector] Time:72
2018-04-15 20:13:22,521 [DEBUG|AmbulanceTeam/20261138|TestSearchForFire] Time:72
2018-04-15 20:13:22,521 [DEBUG|AmbulanceTeam/20261138|TestHumanDetector] Targets:[]
2018-04-15 20:13:22,521 [DEBUG|AmbulanceTeam/20261138|TestSearchForFire] unsearchedBuildingIDs:[13333, 10524, 16297, 10416, 23985, 16573, 15578, 26844, 33885, 16351, 28260]
2018-04-15 20:13:22,521 [DEBUG|AmbulanceTeam/20261138|TestSearchForFire] best path is:[33357, 4155, 352, 9393, 3030, 33393, 5469, 34072, 33416, 6837, 10573, 34683, 13333]
2018-04-15 20:13:22,521 [DEBUG|AmbulanceTeam/20261138|TestSearchForFire] choosed:10573
2018-04-15 20:13:26,252 [DEBUG|AmbulanceTeam/20261138|TestHumanDetector] Time:73
2018-04-15 20:13:26,252 [DEBUG|AmbulanceTeam/20261138|TestSearchForFire] Time:73
2018-04-15 20:13:26,253 [DEBUG|AmbulanceTeam/20261138|TestHumanDetector] Targets:[]
2018-04-15 20:13:26,253 [DEBUG|AmbulanceTeam/20261138|TestSearchForFire] unsearchedBuildingIDs:[13333, 10524, 16297, 10416, 23985, 16573, 15578, 26844, 33885, 16351, 28260]
2018-04-15 20:13:26,253 [DEBUG|AmbulanceTeam/20261138|TestSearchForFire] best path is:[352, 9393, 3030, 33393, 5469, 34072, 33416, 6837, 10573, 34683, 13333]
2018-04-15 20:13:26,253 [DEBUG|AmbulanceTeam/20261138|TestSearchForFire] choosed:10573
2018-04-15 20:13:29,944 [DEBUG|AmbulanceTeam/20261138|TestHumanDetector] Time:74
2018-04-15 20:13:29,944 [DEBUG|AmbulanceTeam/20261138|TestSearchForFire] Time:74
2018-04-15 20:13:29,944 [DEBUG|AmbulanceTeam/20261138|TestHumanDetector] Targets:[]
2018-04-15 20:13:29,944 [DEBUG|AmbulanceTeam/20261138|TestSearchForFire] unsearchedBuildingIDs:[13333, 10524, 16297, 10416, 23985, 16573, 15578, 26844, 33885, 16351, 28260]
2018-04-15 20:13:29,945 [DEBUG|AmbulanceTeam/20261138|TestSearchForFire] best path is:[33393, 5469, 34072, 33416, 6837, 10573, 34683, 13333]
2018-04-15 20:13:29,945 [DEBUG|AmbulanceTeam/20261138|TestSearchForFire] choosed:10573
2018-04-15 20:13:33,841 [DEBUG|AmbulanceTeam/20261138|TestHumanDetector] Time:75
2018-04-15 20:13:33,841 [DEBUG|AmbulanceTeam/20261138|TestSearchForFire] Time:75
2018-04-15 20:13:33,841 [DEBUG|AmbulanceTeam/20261138|TestHumanDetector] Targets:[]
2018-04-15 20:13:33,841 [DEBUG|AmbulanceTeam/20261138|TestSearchForFire] unsearchedBuildingIDs:[13333, 10524, 16297, 10416, 23985, 16573, 15578, 26844, 33885, 16351, 28260]
2018-04-15 20:13:33,841 [DEBUG|AmbulanceTeam/20261138|TestSearchForFire] best path is:[6837, 10573, 34683, 13333]
2018-04-15 20:13:33,841 [DEBUG|AmbulanceTeam/20261138|TestSearchForFire] choosed:10573
2018-04-15 20:13:37,742 [DEBUG|AmbulanceTeam/20261138|TestHumanDetector] Time:76
2018-04-15 20:13:37,742 [DEBUG|AmbulanceTeam/20261138|TestSearchForFire] Time:76
2018-04-15 20:13:37,743 [DEBUG|AmbulanceTeam/20261138|TestHumanDetector] Targets:[Civilian (3973022)]
2018-04-15 20:13:37,743 [DEBUG|AmbulanceTeam/20261138|TestHumanDetector] Selected:Civilian (3973022)
2018-04-15 20:13:41,384 [DEBUG|AmbulanceTeam/20261138|TestHumanDetector] Time:77
2018-04-15 20:13:41,384 [DEBUG|AmbulanceTeam/20261138|TestSearchForFire] Time:77
2018-04-15 20:13:44,884 [DEBUG|AmbulanceTeam/20261138|TestHumanDetector] Time:78
2018-04-15 20:13:44,884 [DEBUG|AmbulanceTeam/20261138|TestSearchForFire] Time:78
2018-04-15 20:13:48,619 [DEBUG|AmbulanceTeam/20261138|TestHumanDetector] Time:79
2018-04-15 20:13:48,620 [DEBUG|AmbulanceTeam/20261138|TestSearchForFire] Time:79
2018-04-15 20:13:52,320 [DEBUG|AmbulanceTeam/20261138|TestHumanDetector] Time:80
2018-04-15 20:13:52,320 [DEBUG|AmbulanceTeam/20261138|TestSearchForFire] Time:80
2018-04-15 20:13:55,912 [DEBUG|AmbulanceTeam/20261138|TestHumanDetector] Time:81
2018-04-15 20:13:55,912 [DEBUG|AmbulanceTeam/20261138|TestSearchForFire] Time:81
2018-04-15 20:13:59,424 [DEBUG|AmbulanceTeam/20261138|TestHumanDetector] Time:82
2018-04-15 20:13:59,424 [DEBUG|AmbulanceTeam/20261138|TestSearchForFire] Time:82
2018-04-15 20:14:03,112 [DEBUG|AmbulanceTeam/20261138|TestHumanDetector] Time:83
2018-04-15 20:14:03,112 [DEBUG|AmbulanceTeam/20261138|TestSearchForFire] Time:83
2018-04-15 20:14:06,764 [DEBUG|AmbulanceTeam/20261138|TestHumanDetector] Time:84
2018-04-15 20:14:06,764 [DEBUG|AmbulanceTeam/20261138|TestSearchForFire] Time:84
2018-04-15 20:14:10,556 [DEBUG|AmbulanceTeam/20261138|TestHumanDetector] Time:85
2018-04-15 20:14:10,556 [DEBUG|AmbulanceTeam/20261138|TestSearchForFire] Time:85
2018-04-15 20:14:14,100 [DEBUG|AmbulanceTeam/20261138|TestHumanDetector] Time:86
2018-04-15 20:14:14,100 [DEBUG|AmbulanceTeam/20261138|TestSearchForFire] Time:86
2018-04-15 20:14:17,524 [DEBUG|AmbulanceTeam/20261138|TestHumanDetector] Time:87
2018-04-15 20:14:17,524 [DEBUG|AmbulanceTeam/20261138|TestSearchForFire] Time:87
2018-04-15 20:14:20,928 [DEBUG|AmbulanceTeam/20261138|TestHumanDetector] Time:88
2018-04-15 20:14:20,928 [DEBUG|AmbulanceTeam/20261138|TestSearchForFire] Time:88
2018-04-15 20:14:24,516 [DEBUG|AmbulanceTeam/20261138|TestHumanDetector] Time:89
2018-04-15 20:14:24,516 [DEBUG|AmbulanceTeam/20261138|TestSearchForFire] Time:89
2018-04-15 20:14:28,184 [DEBUG|AmbulanceTeam/20261138|TestHumanDetector] Time:90
2018-04-15 20:14:28,184 [DEBUG|AmbulanceTeam/20261138|TestSearchForFire] Time:90
2018-04-15 20:14:31,780 [DEBUG|AmbulanceTeam/20261138|TestHumanDetector] Time:91
2018-04-15 20:14:31,780 [DEBUG|AmbulanceTeam/20261138|TestSearchForFire] Time:91
2018-04-15 20:14:35,494 [DEBUG|AmbulanceTeam/20261138|TestHumanDetector] Time:92
2018-04-15 20:14:35,494 [DEBUG|AmbulanceTeam/20261138|TestSearchForFire] Time:92
2018-04-15 20:14:39,136 [DEBUG|AmbulanceTeam/20261138|TestHumanDetector] Time:93
2018-04-15 20:14:39,136 [DEBUG|AmbulanceTeam/20261138|TestSearchForFire] Time:93
2018-04-15 20:14:42,612 [DEBUG|AmbulanceTeam/20261138|TestHumanDetector] Time:94
2018-04-15 20:14:42,612 [DEBUG|AmbulanceTeam/20261138|TestSearchForFire] Time:94
2018-04-15 20:14:46,208 [DEBUG|AmbulanceTeam/20261138|TestHumanDetector] Time:95
2018-04-15 20:14:46,208 [DEBUG|AmbulanceTeam/20261138|TestSearchForFire] Time:95
2018-04-15 20:14:49,960 [DEBUG|AmbulanceTeam/20261138|TestHumanDetector] Time:96
2018-04-15 20:14:49,960 [DEBUG|AmbulanceTeam/20261138|TestSearchForFire] Time:96
2018-04-15 20:14:53,549 [DEBUG|AmbulanceTeam/20261138|TestHumanDetector] Time:97
2018-04-15 20:14:53,550 [DEBUG|AmbulanceTeam/20261138|TestSearchForFire] Time:97
2018-04-15 20:14:57,144 [DEBUG|AmbulanceTeam/20261138|TestHumanDetector] Time:98
2018-04-15 20:14:57,144 [DEBUG|AmbulanceTeam/20261138|TestSearchForFire] Time:98
2018-04-15 20:15:00,540 [DEBUG|AmbulanceTeam/20261138|TestHumanDetector] Time:99
2018-04-15 20:15:00,540 [DEBUG|AmbulanceTeam/20261138|TestSearchForFire] Time:99
2018-04-15 20:15:04,169 [DEBUG|AmbulanceTeam/20261138|TestHumanDetector] Time:100
2018-04-15 20:15:04,169 [DEBUG|AmbulanceTeam/20261138|TestSearchForFire] Time:100
2018-04-15 20:15:07,583 [DEBUG|AmbulanceTeam/20261138|TestHumanDetector] Time:101
2018-04-15 20:15:07,584 [DEBUG|AmbulanceTeam/20261138|TestSearchForFire] Time:101
2018-04-15 20:15:11,020 [DEBUG|AmbulanceTeam/20261138|TestHumanDetector] Time:102
2018-04-15 20:15:11,020 [DEBUG|AmbulanceTeam/20261138|TestSearchForFire] Time:102
2018-04-15 20:15:14,574 [DEBUG|AmbulanceTeam/20261138|TestHumanDetector] Time:103
2018-04-15 20:15:14,575 [DEBUG|AmbulanceTeam/20261138|TestSearchForFire] Time:103
2018-04-15 20:15:18,136 [DEBUG|AmbulanceTeam/20261138|TestHumanDetector] Time:104
2018-04-15 20:15:18,136 [DEBUG|AmbulanceTeam/20261138|TestSearchForFire] Time:104
2018-04-15 20:15:21,368 [DEBUG|AmbulanceTeam/20261138|TestHumanDetector] Time:105
2018-04-15 20:15:21,368 [DEBUG|AmbulanceTeam/20261138|TestSearchForFire] Time:105
2018-04-15 20:15:24,724 [DEBUG|AmbulanceTeam/20261138|TestHumanDetector] Time:106
2018-04-15 20:15:24,724 [DEBUG|AmbulanceTeam/20261138|TestSearchForFire] Time:106
2018-04-15 20:15:28,144 [DEBUG|AmbulanceTeam/20261138|TestHumanDetector] Time:107
2018-04-15 20:15:28,144 [DEBUG|AmbulanceTeam/20261138|TestSearchForFire] Time:107
2018-04-15 20:15:31,488 [DEBUG|AmbulanceTeam/20261138|TestHumanDetector] Time:108
2018-04-15 20:15:31,488 [DEBUG|AmbulanceTeam/20261138|TestSearchForFire] Time:108
2018-04-15 20:15:35,032 [DEBUG|AmbulanceTeam/20261138|TestHumanDetector] Time:109
2018-04-15 20:15:35,032 [DEBUG|AmbulanceTeam/20261138|TestSearchForFire] Time:109
2018-04-15 20:15:38,604 [DEBUG|AmbulanceTeam/20261138|TestHumanDetector] Time:110
2018-04-15 20:15:38,604 [DEBUG|AmbulanceTeam/20261138|TestSearchForFire] Time:110
2018-04-15 20:15:42,016 [DEBUG|AmbulanceTeam/20261138|TestHumanDetector] Time:111
2018-04-15 20:15:42,016 [DEBUG|AmbulanceTeam/20261138|TestSearchForFire] Time:111
2018-04-15 20:15:45,320 [DEBUG|AmbulanceTeam/20261138|TestHumanDetector] Time:112
2018-04-15 20:15:45,320 [DEBUG|AmbulanceTeam/20261138|TestSearchForFire] Time:112
2018-04-15 20:15:48,604 [DEBUG|AmbulanceTeam/20261138|TestHumanDetector] Time:113
2018-04-15 20:15:48,604 [DEBUG|AmbulanceTeam/20261138|TestSearchForFire] Time:113
2018-04-15 20:15:52,216 [DEBUG|AmbulanceTeam/20261138|TestHumanDetector] Time:114
2018-04-15 20:15:52,216 [DEBUG|AmbulanceTeam/20261138|TestSearchForFire] Time:114
2018-04-15 20:15:55,556 [DEBUG|AmbulanceTeam/20261138|TestHumanDetector] Time:115
2018-04-15 20:15:55,557 [DEBUG|AmbulanceTeam/20261138|TestSearchForFire] Time:115
2018-04-15 20:15:58,912 [DEBUG|AmbulanceTeam/20261138|TestHumanDetector] Time:116
2018-04-15 20:15:58,912 [DEBUG|AmbulanceTeam/20261138|TestSearchForFire] Time:116
2018-04-15 20:16:02,212 [DEBUG|AmbulanceTeam/20261138|TestHumanDetector] Time:117
2018-04-15 20:16:02,212 [DEBUG|AmbulanceTeam/20261138|TestSearchForFire] Time:117
2018-04-15 20:16:05,480 [DEBUG|AmbulanceTeam/20261138|TestHumanDetector] Time:118
2018-04-15 20:16:05,480 [DEBUG|AmbulanceTeam/20261138|TestSearchForFire] Time:118
2018-04-15 20:16:08,878 [DEBUG|AmbulanceTeam/20261138|TestHumanDetector] Time:119
2018-04-15 20:16:08,878 [DEBUG|AmbulanceTeam/20261138|TestSearchForFire] Time:119
2018-04-15 20:16:12,480 [DEBUG|AmbulanceTeam/20261138|TestHumanDetector] Time:120
2018-04-15 20:16:12,480 [DEBUG|AmbulanceTeam/20261138|TestSearchForFire] Time:120
2018-04-15 20:16:16,040 [DEBUG|AmbulanceTeam/20261138|TestHumanDetector] Time:121
2018-04-15 20:16:16,040 [DEBUG|AmbulanceTeam/20261138|TestSearchForFire] Time:121
2018-04-15 20:16:19,176 [DEBUG|AmbulanceTeam/20261138|TestHumanDetector] Time:122
2018-04-15 20:16:19,176 [DEBUG|AmbulanceTeam/20261138|TestSearchForFire] Time:122
2018-04-15 20:16:22,480 [DEBUG|AmbulanceTeam/20261138|TestHumanDetector] Time:123
2018-04-15 20:16:22,480 [DEBUG|AmbulanceTeam/20261138|TestSearchForFire] Time:123
2018-04-15 20:16:25,864 [DEBUG|AmbulanceTeam/20261138|TestHumanDetector] Time:124
2018-04-15 20:16:25,864 [DEBUG|AmbulanceTeam/20261138|TestSearchForFire] Time:124
2018-04-15 20:16:29,340 [DEBUG|AmbulanceTeam/20261138|TestHumanDetector] Time:125
2018-04-15 20:16:29,340 [DEBUG|AmbulanceTeam/20261138|TestSearchForFire] Time:125
2018-04-15 20:16:32,680 [DEBUG|AmbulanceTeam/20261138|TestHumanDetector] Time:126
2018-04-15 20:16:32,680 [DEBUG|AmbulanceTeam/20261138|TestSearchForFire] Time:126
2018-04-15 20:16:36,028 [DEBUG|AmbulanceTeam/20261138|TestHumanDetector] Time:127
2018-04-15 20:16:36,028 [DEBUG|AmbulanceTeam/20261138|TestSearchForFire] Time:127
2018-04-15 20:16:39,560 [DEBUG|AmbulanceTeam/20261138|TestHumanDetector] Time:128
2018-04-15 20:16:39,560 [DEBUG|AmbulanceTeam/20261138|TestSearchForFire] Time:128
2018-04-15 20:16:42,752 [DEBUG|AmbulanceTeam/20261138|TestHumanDetector] Time:129
2018-04-15 20:16:42,752 [DEBUG|AmbulanceTeam/20261138|TestSearchForFire] Time:129
2018-04-15 20:16:46,044 [DEBUG|AmbulanceTeam/20261138|TestHumanDetector] Time:130
2018-04-15 20:16:46,044 [DEBUG|AmbulanceTeam/20261138|TestSearchForFire] Time:130
2018-04-15 20:16:49,300 [DEBUG|AmbulanceTeam/20261138|TestHumanDetector] Time:131
2018-04-15 20:16:49,300 [DEBUG|AmbulanceTeam/20261138|TestSearchForFire] Time:131
2018-04-15 20:16:52,532 [DEBUG|AmbulanceTeam/20261138|TestHumanDetector] Time:132
2018-04-15 20:16:52,533 [DEBUG|AmbulanceTeam/20261138|TestSearchForFire] Time:132
2018-04-15 20:16:55,800 [DEBUG|AmbulanceTeam/20261138|TestHumanDetector] Time:133
2018-04-15 20:16:55,800 [DEBUG|AmbulanceTeam/20261138|TestSearchForFire] Time:133
2018-04-15 20:16:59,184 [DEBUG|AmbulanceTeam/20261138|TestHumanDetector] Time:134
2018-04-15 20:16:59,184 [DEBUG|AmbulanceTeam/20261138|TestSearchForFire] Time:134
2018-04-15 20:17:02,608 [DEBUG|AmbulanceTeam/20261138|TestHumanDetector] Time:135
2018-04-15 20:17:02,608 [DEBUG|AmbulanceTeam/20261138|TestSearchForFire] Time:135
2018-04-15 20:17:05,980 [DEBUG|AmbulanceTeam/20261138|TestHumanDetector] Time:136
2018-04-15 20:17:05,980 [DEBUG|AmbulanceTeam/20261138|TestSearchForFire] Time:136
2018-04-15 20:17:09,332 [DEBUG|AmbulanceTeam/20261138|TestHumanDetector] Time:137
2018-04-15 20:17:09,332 [DEBUG|AmbulanceTeam/20261138|TestSearchForFire] Time:137
2018-04-15 20:17:12,820 [DEBUG|AmbulanceTeam/20261138|TestHumanDetector] Time:138
2018-04-15 20:17:12,820 [DEBUG|AmbulanceTeam/20261138|TestSearchForFire] Time:138
2018-04-15 20:17:12,821 [DEBUG|AmbulanceTeam/20261138|TestHumanDetector] someoneOnBoard:Civilian (3973022)
2018-04-15 20:17:16,279 [DEBUG|AmbulanceTeam/20261138|TestHumanDetector] Time:139
2018-04-15 20:17:16,279 [DEBUG|AmbulanceTeam/20261138|TestSearchForFire] Time:139
2018-04-15 20:17:16,279 [DEBUG|AmbulanceTeam/20261138|TestHumanDetector] someoneOnBoard:Civilian (3973022)
2018-04-15 20:17:19,732 [DEBUG|AmbulanceTeam/20261138|TestHumanDetector] Time:140
2018-04-15 20:17:19,732 [DEBUG|AmbulanceTeam/20261138|TestSearchForFire] Time:140
2018-04-15 20:17:19,732 [DEBUG|AmbulanceTeam/20261138|TestHumanDetector] someoneOnBoard:Civilian (3973022)
2018-04-15 20:17:23,093 [DEBUG|AmbulanceTeam/20261138|TestHumanDetector] Time:141
2018-04-15 20:17:23,093 [DEBUG|AmbulanceTeam/20261138|TestSearchForFire] Time:141
2018-04-15 20:17:23,093 [DEBUG|AmbulanceTeam/20261138|TestHumanDetector] someoneOnBoard:Civilian (3973022)
2018-04-15 20:17:26,472 [DEBUG|AmbulanceTeam/20261138|TestHumanDetector] Time:142
2018-04-15 20:17:26,473 [DEBUG|AmbulanceTeam/20261138|TestSearchForFire] Time:142
2018-04-15 20:17:26,473 [DEBUG|AmbulanceTeam/20261138|TestHumanDetector] someoneOnBoard:Civilian (3973022)
2018-04-15 20:17:29,811 [DEBUG|AmbulanceTeam/20261138|TestHumanDetector] Time:143
2018-04-15 20:17:29,811 [DEBUG|AmbulanceTeam/20261138|TestSearchForFire] Time:143
2018-04-15 20:17:29,811 [DEBUG|AmbulanceTeam/20261138|TestHumanDetector] someoneOnBoard:Civilian (3973022)
2018-04-15 20:17:33,140 [DEBUG|AmbulanceTeam/20261138|TestHumanDetector] Time:144
2018-04-15 20:17:33,141 [DEBUG|AmbulanceTeam/20261138|TestSearchForFire] Time:144
2018-04-15 20:17:33,141 [DEBUG|AmbulanceTeam/20261138|TestHumanDetector] someoneOnBoard:Civilian (3973022)
2018-04-15 20:17:36,560 [DEBUG|AmbulanceTeam/20261138|TestHumanDetector] Time:145
2018-04-15 20:17:36,561 [DEBUG|AmbulanceTeam/20261138|TestSearchForFire] Time:145
2018-04-15 20:17:36,561 [DEBUG|AmbulanceTeam/20261138|TestHumanDetector] someoneOnBoard:Civilian (3973022)
2018-04-15 20:17:39,928 [DEBUG|AmbulanceTeam/20261138|TestHumanDetector] Time:146
2018-04-15 20:17:39,928 [DEBUG|AmbulanceTeam/20261138|TestSearchForFire] Time:146
2018-04-15 20:17:39,929 [DEBUG|AmbulanceTeam/20261138|TestHumanDetector] someoneOnBoard:Civilian (3973022)
2018-04-15 20:17:43,401 [DEBUG|AmbulanceTeam/20261138|TestHumanDetector] Time:147
2018-04-15 20:17:43,401 [DEBUG|AmbulanceTeam/20261138|TestSearchForFire] Time:147
2018-04-15 20:17:43,402 [DEBUG|AmbulanceTeam/20261138|TestHumanDetector] someoneOnBoard:Civilian (3973022)
2018-04-15 20:17:46,736 [DEBUG|AmbulanceTeam/20261138|TestHumanDetector] Time:148
2018-04-15 20:17:46,737 [DEBUG|AmbulanceTeam/20261138|TestSearchForFire] Time:148
2018-04-15 20:17:46,737 [DEBUG|AmbulanceTeam/20261138|TestHumanDetector] someoneOnBoard:Civilian (3973022)
2018-04-15 20:17:50,125 [DEBUG|AmbulanceTeam/20261138|TestHumanDetector] Time:149
2018-04-15 20:17:50,125 [DEBUG|AmbulanceTeam/20261138|TestSearchForFire] Time:149
2018-04-15 20:17:50,125 [DEBUG|AmbulanceTeam/20261138|TestHumanDetector] someoneOnBoard:Civilian (3973022)
2018-04-15 20:17:53,724 [DEBUG|AmbulanceTeam/20261138|TestHumanDetector] Time:150
2018-04-15 20:17:53,725 [DEBUG|AmbulanceTeam/20261138|TestSearchForFire] Time:150
2018-04-15 20:17:53,725 [DEBUG|AmbulanceTeam/20261138|TestHumanDetector] Invalid Human:Civilian (3973022) ==>reset target
2018-04-15 20:17:53,725 [DEBUG|AmbulanceTeam/20261138|TestHumanDetector] Targets:[]
2018-04-15 20:17:53,725 [DEBUG|AmbulanceTeam/20261138|TestSearchForFire] unsearchedBuildingIDs:[10524, 16297, 10416, 23985, 16573, 15578, 26844, 33885, 16351, 28260]
2018-04-15 20:17:53,728 [DEBUG|AmbulanceTeam/20261138|TestSearchForFire] best path is:[19490, 19506, 4497, 33815, 33814, 5451, 3003, 721, 4416, 7278, 1460, 33536, 33535, 9168, 8106, 1471, 6900, 9177, 3714, 1208, 5532, 7638, 32737, 32736, 8736, 6369, 35366, 34022, 34008, 34001, 34002, 34635, 34623, 33987, 2508, 7215, 33969, 34654, 33968, 8925, 5766, 16589, 16573]
2018-04-15 20:17:53,729 [DEBUG|AmbulanceTeam/20261138|TestSearchForFire] choosed:5766
2018-04-15 20:17:57,180 [DEBUG|AmbulanceTeam/20261138|TestHumanDetector] Time:151
2018-04-15 20:17:57,181 [DEBUG|AmbulanceTeam/20261138|TestSearchForFire] Time:151
2018-04-15 20:17:57,181 [DEBUG|AmbulanceTeam/20261138|TestHumanDetector] Targets:[]
2018-04-15 20:17:57,181 [DEBUG|AmbulanceTeam/20261138|TestSearchForFire] unsearchedBuildingIDs:[10524, 16297, 10416, 23985, 16573, 15578, 26844, 33885, 16351, 28260]
2018-04-15 20:17:57,186 [DEBUG|AmbulanceTeam/20261138|TestSearchForFire] best path is:[4497, 33815, 33814, 5451, 3003, 721, 4416, 7278, 1460, 33536, 33535, 9168, 8106, 1471, 6900, 9177, 3714, 1208, 5532, 7638, 32737, 32736, 8736, 6369, 35366, 34022, 34008, 34001, 34002, 34635, 34623, 33987, 2508, 7215, 33969, 34654, 33968, 8925, 5766, 16589, 16573]
2018-04-15 20:17:57,186 [DEBUG|AmbulanceTeam/20261138|TestSearchForFire] choosed:5766
2018-04-15 20:18:00,668 [DEBUG|AmbulanceTeam/20261138|TestHumanDetector] Time:152
2018-04-15 20:18:00,669 [DEBUG|AmbulanceTeam/20261138|TestSearchForFire] Time:152
2018-04-15 20:18:00,669 [DEBUG|AmbulanceTeam/20261138|TestHumanDetector] Targets:[]
2018-04-15 20:18:00,669 [DEBUG|AmbulanceTeam/20261138|TestSearchForFire] unsearchedBuildingIDs:[10524, 16297, 10416, 23985, 16573, 15578, 26844, 33885, 16351, 28260]
2018-04-15 20:18:00,673 [DEBUG|AmbulanceTeam/20261138|TestSearchForFire] best path is:[33814, 5451, 3003, 721, 4416, 7278, 1460, 33536, 33535, 9168, 8106, 1471, 6900, 9177, 3714, 1208, 5532, 7638, 32737, 32736, 8736, 6369, 35366, 34022, 34008, 34001, 34002, 34635, 34623, 33987, 2508, 7215, 33969, 34654, 33968, 8925, 5766, 16589, 16573]
2018-04-15 20:18:00,673 [DEBUG|AmbulanceTeam/20261138|TestSearchForFire] choosed:5766
2018-04-15 20:18:04,148 [DEBUG|AmbulanceTeam/20261138|TestHumanDetector] Time:153
2018-04-15 20:18:04,148 [DEBUG|AmbulanceTeam/20261138|TestSearchForFire] Time:153
2018-04-15 20:18:04,148 [DEBUG|AmbulanceTeam/20261138|TestHumanDetector] Targets:[]
2018-04-15 20:18:04,148 [DEBUG|AmbulanceTeam/20261138|TestSearchForFire] unsearchedBuildingIDs:[10524, 16297, 10416, 23985, 16573, 15578, 26844, 33885, 16351, 28260]
2018-04-15 20:18:04,151 [DEBUG|AmbulanceTeam/20261138|TestSearchForFire] best path is:[33536, 33535, 9168, 8106, 1471, 6900, 9177, 3714, 1208, 5532, 7638, 32737, 32736, 8736, 6369, 35366, 34022, 34008, 34001, 34002, 34635, 34623, 33987, 2508, 7215, 33969, 34654, 33968, 8925, 5766, 16589, 16573]
2018-04-15 20:18:04,151 [DEBUG|AmbulanceTeam/20261138|TestSearchForFire] choosed:5766
2018-04-15 20:18:08,064 [DEBUG|AmbulanceTeam/20261138|TestHumanDetector] Time:154
2018-04-15 20:18:08,064 [DEBUG|AmbulanceTeam/20261138|TestSearchForFire] Time:154
2018-04-15 20:18:08,065 [DEBUG|AmbulanceTeam/20261138|TestHumanDetector] Targets:[]
2018-04-15 20:18:08,065 [DEBUG|AmbulanceTeam/20261138|TestSearchForFire] unsearchedBuildingIDs:[10524, 16297, 10416, 23985, 16573, 15578, 26844, 33885, 16351, 28260]
2018-04-15 20:18:08,067 [DEBUG|AmbulanceTeam/20261138|TestSearchForFire] best path is:[9177, 3714, 1208, 5532, 7638, 32737, 32736, 8736, 6369, 35366, 34022, 34008, 34001, 34002, 34635, 34623, 33987, 2508, 7215, 33969, 34654, 33968, 8925, 5766, 16589, 16573]
2018-04-15 20:18:08,067 [DEBUG|AmbulanceTeam/20261138|TestSearchForFire] choosed:5766
2018-04-15 20:18:11,653 [DEBUG|AmbulanceTeam/20261138|TestHumanDetector] Time:155
2018-04-15 20:18:11,653 [DEBUG|AmbulanceTeam/20261138|TestSearchForFire] Time:155
2018-04-15 20:18:11,653 [DEBUG|AmbulanceTeam/20261138|TestHumanDetector] Targets:[]
2018-04-15 20:18:11,653 [DEBUG|AmbulanceTeam/20261138|TestSearchForFire] unsearchedBuildingIDs:[10524, 16297, 10416, 23985, 16573, 15578, 26844, 33885, 16351, 28260]
2018-04-15 20:18:11,654 [DEBUG|AmbulanceTeam/20261138|TestSearchForFire] best path is:[32737, 32736, 8736, 6369, 35366, 34022, 34008, 34001, 34002, 34635, 34623, 33987, 2508, 7215, 33969, 34654, 33968, 8925, 5766, 16589, 16573]
2018-04-15 20:18:11,654 [DEBUG|AmbulanceTeam/20261138|TestSearchForFire] choosed:5766
2018-04-15 20:18:15,466 [DEBUG|AmbulanceTeam/20261138|TestHumanDetector] Time:156
2018-04-15 20:18:15,466 [DEBUG|AmbulanceTeam/20261138|TestSearchForFire] Time:156
2018-04-15 20:18:15,466 [DEBUG|AmbulanceTeam/20261138|TestHumanDetector] Targets:[]
2018-04-15 20:18:15,466 [DEBUG|AmbulanceTeam/20261138|TestSearchForFire] unsearchedBuildingIDs:[10524, 16297, 10416, 23985, 16573, 15578, 26844, 33885, 16351, 28260]
2018-04-15 20:18:15,467 [DEBUG|AmbulanceTeam/20261138|TestSearchForFire] best path is:[34022, 34008, 34001, 34002, 34635, 34623, 33987, 2508, 7215, 33969, 34654, 33968, 8925, 5766, 16589, 16573]
2018-04-15 20:18:15,467 [DEBUG|AmbulanceTeam/20261138|TestSearchForFire] choosed:5766
2018-04-15 20:18:18,988 [DEBUG|AmbulanceTeam/20261138|TestHumanDetector] Time:157
2018-04-15 20:18:18,988 [DEBUG|AmbulanceTeam/20261138|TestSearchForFire] Time:157
2018-04-15 20:18:18,989 [DEBUG|AmbulanceTeam/20261138|TestHumanDetector] Targets:[]
2018-04-15 20:18:18,989 [DEBUG|AmbulanceTeam/20261138|TestSearchForFire] unsearchedBuildingIDs:[10524, 16297, 10416, 23985, 16573, 15578, 26844, 33885, 16351, 28260]
2018-04-15 20:18:18,989 [DEBUG|AmbulanceTeam/20261138|TestSearchForFire] best path is:[7215, 33969, 34654, 33968, 8925, 5766, 16589, 16573]
2018-04-15 20:18:18,989 [DEBUG|AmbulanceTeam/20261138|TestSearchForFire] choosed:5766
2018-04-15 20:18:22,576 [DEBUG|AmbulanceTeam/20261138|TestHumanDetector] Time:158
2018-04-15 20:18:22,577 [DEBUG|AmbulanceTeam/20261138|TestSearchForFire] Time:158
2018-04-15 20:18:22,577 [DEBUG|AmbulanceTeam/20261138|TestHumanDetector] Targets:[]
2018-04-15 20:18:22,577 [DEBUG|AmbulanceTeam/20261138|TestSearchForFire] unsearchedBuildingIDs:[10524, 16297, 10416, 23985, 15578, 26844, 33885, 16351, 28260]
2018-04-15 20:18:22,578 [DEBUG|AmbulanceTeam/20261138|TestSearchForFire] best path is:[5766, 4128, 4173, 352, 9393, 3030, 33393, 5469, 34072, 34071, 7233, 33863, 33877, 6486, 10540, 10524]
2018-04-15 20:18:22,578 [DEBUG|AmbulanceTeam/20261138|TestSearchForFire] choosed:6486
2018-04-15 20:18:26,060 [DEBUG|AmbulanceTeam/20261138|TestHumanDetector] Time:159
2018-04-15 20:18:26,060 [DEBUG|AmbulanceTeam/20261138|TestSearchForFire] Time:159
2018-04-15 20:18:26,060 [DEBUG|AmbulanceTeam/20261138|TestHumanDetector] Targets:[]
2018-04-15 20:18:26,061 [DEBUG|AmbulanceTeam/20261138|TestSearchForFire] unsearchedBuildingIDs:[10524, 16297, 10416, 23985, 15578, 26844, 33885, 16351, 28260]
2018-04-15 20:18:26,061 [DEBUG|AmbulanceTeam/20261138|TestSearchForFire] best path is:[3030, 33393, 5469, 34072, 34071, 7233, 33863, 33877, 6486, 10540, 10524]
2018-04-15 20:18:26,061 [DEBUG|AmbulanceTeam/20261138|TestSearchForFire] choosed:6486
