2018-04-15 20:06:41,167 [DEBUG|FireBrigade/2136373563|TestBuildingDetector] Time:1
2018-04-15 20:06:41,169 [DEBUG|FireBrigade/2136373563|TestSearchForFire] Time:1
2018-04-15 20:06:41,170 [DEBUG|FireBrigade/2136373563|TestBuildingDetector] FieryBuildingsTargets: []
2018-04-15 20:06:41,170 [DEBUG|FireBrigade/2136373563|TestSearchForFire] unsearchedBuildingIDs:[9601, 18435, 15235, 24069, 22151, 21385, 26633, 18071, 21022, 13598, 15262, 12960, 22178, 32546, 10787, 23332, 20132, 13481, 17583, 28980, 28341, 20919, 18489, 12987, 22471, 20947, 13652, 22613, 24151, 30940, 23132, 21214, 22499, 12901, 11749, 10728, 20073, 13041, 12023, 24314, 29052, 13181]
2018-04-15 20:06:41,171 [DEBUG|FireBrigade/2136373563|TestSearchForFire] best path is:[7017, 6729, 445, 3840, 7809, 2922, 4695, 7098, 32572, 9601]
2018-04-15 20:06:41,171 [DEBUG|FireBrigade/2136373563|TestSearchForFire] choosed:7098
2018-04-15 20:06:49,945 [DEBUG|FireBrigade/2136373563|TestBuildingDetector] Time:2
2018-04-15 20:06:49,945 [DEBUG|FireBrigade/2136373563|TestSearchForFire] Time:2
2018-04-15 20:06:49,946 [DEBUG|FireBrigade/2136373563|TestBuildingDetector] FieryBuildingsTargets: []
2018-04-15 20:06:49,946 [DEBUG|FireBrigade/2136373563|TestSearchForFire] unsearchedBuildingIDs:[9601, 18435, 15235, 24069, 22151, 21385, 26633, 18071, 21022, 13598, 15262, 12960, 22178, 32546, 10787, 23332, 20132, 13481, 17583, 28980, 28341, 20919, 18489, 12987, 22471, 20947, 13652, 22613, 24151, 30940, 23132, 21214, 22499, 12901, 11749, 10728, 20073, 13041, 12023, 24314, 29052, 13181]
2018-04-15 20:06:49,946 [DEBUG|FireBrigade/2136373563|TestSearchForFire] best path is:[7017, 6729, 445, 3840, 7809, 2922, 4695, 7098, 32572, 9601]
2018-04-15 20:06:49,946 [DEBUG|FireBrigade/2136373563|TestSearchForFire] choosed:7098
2018-04-15 20:06:54,342 [DEBUG|FireBrigade/2136373563|TestBuildingDetector] Time:3
2018-04-15 20:06:54,343 [DEBUG|FireBrigade/2136373563|TestSearchForFire] Time:3
2018-04-15 20:06:54,343 [DEBUG|FireBrigade/2136373563|TestBuildingDetector] FieryBuildingsTargets: []
2018-04-15 20:06:54,343 [DEBUG|FireBrigade/2136373563|TestSearchForFire] unsearchedBuildingIDs:[9601, 18435, 15235, 24069, 22151, 21385, 26633, 18071, 21022, 13598, 15262, 12960, 22178, 32546, 10787, 23332, 20132, 13481, 17583, 28980, 28341, 20919, 18489, 12987, 22471, 20947, 13652, 22613, 24151, 30940, 23132, 21214, 22499, 12901, 11749, 10728, 20073, 13041, 12023, 24314, 29052, 13181]
2018-04-15 20:06:54,344 [DEBUG|FireBrigade/2136373563|TestSearchForFire] best path is:[7017, 6729, 445, 3840, 7809, 2922, 4695, 7098, 32572, 9601]
2018-04-15 20:06:54,344 [DEBUG|FireBrigade/2136373563|TestSearchForFire] choosed:7098
2018-04-15 20:07:05,393 [DEBUG|FireBrigade/2136373563|TestBuildingDetector] Time:4
2018-04-15 20:07:05,393 [DEBUG|FireBrigade/2136373563|TestSearchForFire] Time:4
2018-04-15 20:07:05,394 [DEBUG|FireBrigade/2136373563|TestBuildingDetector] FieryBuildingsTargets: []
2018-04-15 20:07:05,417 [DEBUG|FireBrigade/2136373563|TestSearchForFire] unsearchedBuildingIDs:[9601, 18435, 15235, 24069, 22151, 21385, 26633, 18071, 21022, 13598, 12960, 22178, 32546, 10787, 23332, 20132, 17583, 28980, 28341, 20919, 18489, 12987, 22471, 20947, 13652, 22613, 24151, 30940, 23132, 21214, 22499, 12901, 11749, 10728, 13041, 12023, 24314, 29052, 13181]
2018-04-15 20:07:05,417 [DEBUG|FireBrigade/2136373563|TestSearchForFire] best path is:[4695, 7098, 32572, 9601]
2018-04-15 20:07:05,417 [DEBUG|FireBrigade/2136373563|TestSearchForFire] choosed:7098
2018-04-15 20:07:14,326 [DEBUG|FireBrigade/2136373563|TestBuildingDetector] Time:5
2018-04-15 20:07:14,326 [DEBUG|FireBrigade/2136373563|TestSearchForFire] Time:5
2018-04-15 20:07:14,327 [DEBUG|FireBrigade/2136373563|TestBuildingDetector] FieryBuildingsTargets: []
2018-04-15 20:07:14,327 [DEBUG|FireBrigade/2136373563|TestSearchForFire] unsearchedBuildingIDs:[9601, 18435, 15235, 24069, 22151, 21385, 26633, 18071, 21022, 13598, 12960, 22178, 32546, 10787, 23332, 20132, 17583, 28980, 28341, 20919, 18489, 12987, 22471, 20947, 13652, 22613, 24151, 30940, 23132, 21214, 22499, 12901, 11749, 10728, 13041, 12023, 24314, 29052, 13181]
2018-04-15 20:07:14,327 [DEBUG|FireBrigade/2136373563|TestSearchForFire] best path is:[4695, 7098, 32572, 9601]
2018-04-15 20:07:14,327 [DEBUG|FireBrigade/2136373563|TestSearchForFire] choosed:7098
2018-04-15 20:07:22,905 [DEBUG|FireBrigade/2136373563|TestBuildingDetector] Time:6
2018-04-15 20:07:22,905 [DEBUG|FireBrigade/2136373563|TestSearchForFire] Time:6
2018-04-15 20:07:22,905 [DEBUG|FireBrigade/2136373563|TestBuildingDetector] FieryBuildingsTargets: []
2018-04-15 20:07:22,906 [DEBUG|FireBrigade/2136373563|TestSearchForFire] unsearchedBuildingIDs:[9601, 18435, 15235, 24069, 22151, 21385, 26633, 18071, 21022, 13598, 12960, 22178, 32546, 10787, 23332, 20132, 17583, 28980, 28341, 20919, 18489, 12987, 22471, 20947, 13652, 22613, 24151, 30940, 23132, 21214, 22499, 12901, 11749, 10728, 13041, 12023, 24314, 29052, 13181]
2018-04-15 20:07:22,906 [DEBUG|FireBrigade/2136373563|TestSearchForFire] best path is:[4695, 7098, 32572, 9601]
2018-04-15 20:07:22,906 [DEBUG|FireBrigade/2136373563|TestSearchForFire] choosed:7098
2018-04-15 20:07:30,558 [DEBUG|FireBrigade/2136373563|TestBuildingDetector] Time:7
2018-04-15 20:07:30,558 [DEBUG|FireBrigade/2136373563|TestSearchForFire] Time:7
2018-04-15 20:07:30,559 [DEBUG|FireBrigade/2136373563|TestBuildingDetector] FieryBuildingsTargets: []
2018-04-15 20:07:30,559 [DEBUG|FireBrigade/2136373563|TestSearchForFire] unsearchedBuildingIDs:[9601, 18435, 15235, 24069, 22151, 21385, 26633, 18071, 21022, 13598, 12960, 22178, 32546, 10787, 23332, 20132, 17583, 28980, 28341, 20919, 18489, 12987, 22471, 20947, 13652, 22613, 24151, 30940, 23132, 21214, 22499, 12901, 11749, 10728, 13041, 12023, 24314, 29052, 13181]
2018-04-15 20:07:30,559 [DEBUG|FireBrigade/2136373563|TestSearchForFire] best path is:[4695, 7098, 32572, 9601]
2018-04-15 20:07:30,559 [DEBUG|FireBrigade/2136373563|TestSearchForFire] choosed:7098
2018-04-15 20:07:37,829 [DEBUG|FireBrigade/2136373563|TestBuildingDetector] Time:8
2018-04-15 20:07:37,829 [DEBUG|FireBrigade/2136373563|TestSearchForFire] Time:8
2018-04-15 20:07:37,829 [DEBUG|FireBrigade/2136373563|TestBuildingDetector] FieryBuildingsTargets: []
2018-04-15 20:07:37,829 [DEBUG|FireBrigade/2136373563|TestSearchForFire] unsearchedBuildingIDs:[9601, 18435, 15235, 24069, 22151, 21385, 26633, 18071, 21022, 13598, 12960, 22178, 32546, 10787, 23332, 20132, 17583, 28980, 28341, 20919, 18489, 12987, 22471, 20947, 13652, 22613, 24151, 30940, 23132, 21214, 22499, 12901, 11749, 10728, 13041, 12023, 24314, 29052, 13181]
2018-04-15 20:07:37,829 [DEBUG|FireBrigade/2136373563|TestSearchForFire] best path is:[4695, 7098, 32572, 9601]
2018-04-15 20:07:37,830 [DEBUG|FireBrigade/2136373563|TestSearchForFire] choosed:7098
2018-04-15 20:07:45,356 [DEBUG|FireBrigade/2136373563|TestBuildingDetector] Time:9
2018-04-15 20:07:45,357 [DEBUG|FireBrigade/2136373563|TestSearchForFire] Time:9
2018-04-15 20:07:45,357 [DEBUG|FireBrigade/2136373563|TestBuildingDetector] FieryBuildingsTargets: []
2018-04-15 20:07:45,357 [DEBUG|FireBrigade/2136373563|TestSearchForFire] unsearchedBuildingIDs:[9601, 18435, 15235, 24069, 22151, 21385, 26633, 18071, 21022, 13598, 12960, 22178, 32546, 10787, 23332, 20132, 17583, 28980, 28341, 20919, 18489, 12987, 22471, 20947, 13652, 22613, 24151, 30940, 23132, 21214, 22499, 12901, 11749, 10728, 13041, 12023, 24314, 29052, 13181]
2018-04-15 20:07:45,357 [DEBUG|FireBrigade/2136373563|TestSearchForFire] best path is:[4695, 7098, 32572, 9601]
2018-04-15 20:07:45,357 [DEBUG|FireBrigade/2136373563|TestSearchForFire] choosed:7098
2018-04-15 20:07:52,617 [DEBUG|FireBrigade/2136373563|TestBuildingDetector] Time:10
2018-04-15 20:07:52,617 [DEBUG|FireBrigade/2136373563|TestSearchForFire] Time:10
2018-04-15 20:07:52,617 [DEBUG|FireBrigade/2136373563|TestBuildingDetector] FieryBuildingsTargets: []
2018-04-15 20:07:52,617 [DEBUG|FireBrigade/2136373563|TestSearchForFire] unsearchedBuildingIDs:[9601, 18435, 15235, 24069, 22151, 21385, 26633, 18071, 21022, 13598, 12960, 22178, 32546, 10787, 23332, 20132, 17583, 28980, 28341, 20919, 18489, 12987, 22471, 20947, 13652, 22613, 24151, 30940, 23132, 21214, 22499, 12901, 11749, 10728, 13041, 12023, 24314, 29052, 13181]
2018-04-15 20:07:52,617 [DEBUG|FireBrigade/2136373563|TestSearchForFire] best path is:[4695, 7098, 32572, 9601]
2018-04-15 20:07:52,617 [DEBUG|FireBrigade/2136373563|TestSearchForFire] choosed:7098
2018-04-15 20:07:59,532 [DEBUG|FireBrigade/2136373563|TestBuildingDetector] Time:11
2018-04-15 20:07:59,532 [DEBUG|FireBrigade/2136373563|TestSearchForFire] Time:11
2018-04-15 20:07:59,532 [DEBUG|FireBrigade/2136373563|TestBuildingDetector] FieryBuildingsTargets: []
2018-04-15 20:07:59,532 [DEBUG|FireBrigade/2136373563|TestSearchForFire] unsearchedBuildingIDs:[18435, 15235, 24069, 22151, 21385, 26633, 18071, 21022, 13598, 12960, 22178, 32546, 10787, 23332, 20132, 17583, 28980, 28341, 20919, 18489, 12987, 22471, 20947, 13652, 22613, 24151, 30940, 23132, 21214, 22499, 12901, 11749, 10728, 13041, 12023, 24314, 29052, 13181]
2018-04-15 20:07:59,533 [DEBUG|FireBrigade/2136373563|TestSearchForFire] best path is:[4695, 7098, 32572, 8133, 9195, 6099, 35317, 12901]
2018-04-15 20:07:59,533 [DEBUG|FireBrigade/2136373563|TestSearchForFire] choosed:6099
2018-04-15 20:08:06,676 [DEBUG|FireBrigade/2136373563|TestBuildingDetector] Time:12
2018-04-15 20:08:06,676 [DEBUG|FireBrigade/2136373563|TestSearchForFire] Time:12
2018-04-15 20:08:06,677 [DEBUG|FireBrigade/2136373563|TestBuildingDetector] FieryBuildingsTargets: []
2018-04-15 20:08:06,677 [DEBUG|FireBrigade/2136373563|TestSearchForFire] unsearchedBuildingIDs:[18435, 15235, 24069, 22151, 21385, 26633, 18071, 21022, 13598, 12960, 22178, 32546, 10787, 23332, 20132, 17583, 28980, 28341, 20919, 18489, 12987, 22471, 20947, 13652, 22613, 24151, 30940, 23132, 21214, 22499, 12901, 11749, 10728, 13041, 12023, 24314, 29052, 13181]
2018-04-15 20:08:06,677 [DEBUG|FireBrigade/2136373563|TestSearchForFire] best path is:[4695, 7098, 32572, 8133, 9195, 6099, 35317, 12901]
2018-04-15 20:08:06,677 [DEBUG|FireBrigade/2136373563|TestSearchForFire] choosed:6099
2018-04-15 20:08:13,357 [DEBUG|FireBrigade/2136373563|TestBuildingDetector] Time:13
2018-04-15 20:08:13,357 [DEBUG|FireBrigade/2136373563|TestSearchForFire] Time:13
2018-04-15 20:08:13,357 [DEBUG|FireBrigade/2136373563|TestBuildingDetector] FieryBuildingsTargets: []
2018-04-15 20:08:13,357 [DEBUG|FireBrigade/2136373563|TestSearchForFire] unsearchedBuildingIDs:[18435, 15235, 24069, 22151, 21385, 26633, 18071, 21022, 13598, 12960, 22178, 32546, 10787, 23332, 20132, 17583, 28980, 28341, 20919, 18489, 12987, 22471, 20947, 13652, 22613, 24151, 30940, 23132, 21214, 22499, 12901, 11749, 10728, 13041, 12023, 24314, 29052, 13181]
2018-04-15 20:08:13,358 [DEBUG|FireBrigade/2136373563|TestSearchForFire] best path is:[4695, 7098, 32572, 8133, 9195, 6099, 35317, 12901]
2018-04-15 20:08:13,358 [DEBUG|FireBrigade/2136373563|TestSearchForFire] choosed:6099
2018-04-15 20:08:19,857 [DEBUG|FireBrigade/2136373563|TestBuildingDetector] Time:14
2018-04-15 20:08:19,857 [DEBUG|FireBrigade/2136373563|TestSearchForFire] Time:14
2018-04-15 20:08:19,858 [DEBUG|FireBrigade/2136373563|TestBuildingDetector] FieryBuildingsTargets: []
2018-04-15 20:08:19,858 [DEBUG|FireBrigade/2136373563|TestSearchForFire] unsearchedBuildingIDs:[18435, 24069, 21385, 26633, 18071, 13598, 12960, 32546, 10787, 23332, 20132, 17583, 28980, 28341, 20919, 18489, 12987, 22471, 20947, 13652, 22613, 24151, 30940, 23132, 21214, 22499, 12901, 11749, 10728, 13041, 24314, 29052]
2018-04-15 20:08:19,858 [DEBUG|FireBrigade/2136373563|TestSearchForFire] best path is:[8133, 9195, 6099, 35317, 12901]
2018-04-15 20:08:19,858 [DEBUG|FireBrigade/2136373563|TestSearchForFire] choosed:6099
2018-04-15 20:08:27,013 [DEBUG|FireBrigade/2136373563|TestBuildingDetector] Time:15
2018-04-15 20:08:27,013 [DEBUG|FireBrigade/2136373563|TestSearchForFire] Time:15
2018-04-15 20:08:27,013 [DEBUG|FireBrigade/2136373563|TestBuildingDetector] FieryBuildingsTargets: []
2018-04-15 20:08:27,013 [DEBUG|FireBrigade/2136373563|TestSearchForFire] unsearchedBuildingIDs:[18435, 24069, 21385, 26633, 18071, 13598, 12960, 32546, 10787, 23332, 20132, 17583, 28980, 28341, 20919, 18489, 12987, 22471, 20947, 13652, 22613, 24151, 30940, 23132, 21214, 22499, 11749, 10728, 13041, 24314, 29052]
2018-04-15 20:08:27,013 [DEBUG|FireBrigade/2136373563|TestSearchForFire] best path is:[8133, 9195, 6099, 1846, 8124, 2274, 22488, 22471]
2018-04-15 20:08:27,013 [DEBUG|FireBrigade/2136373563|TestSearchForFire] choosed:2274
2018-04-15 20:08:33,805 [DEBUG|FireBrigade/2136373563|TestBuildingDetector] Time:16
2018-04-15 20:08:33,805 [DEBUG|FireBrigade/2136373563|TestSearchForFire] Time:16
2018-04-15 20:08:33,807 [DEBUG|FireBrigade/2136373563|TestBuildingDetector] FieryBuildingsTargets: []
2018-04-15 20:08:33,807 [DEBUG|FireBrigade/2136373563|TestSearchForFire] unsearchedBuildingIDs:[18435, 24069, 21385, 26633, 18071, 13598, 12960, 32546, 10787, 23332, 20132, 17583, 28980, 28341, 20919, 18489, 12987, 22471, 20947, 13652, 22613, 24151, 30940, 23132, 21214, 22499, 11749, 10728, 13041, 24314, 29052]
2018-04-15 20:08:33,807 [DEBUG|FireBrigade/2136373563|TestSearchForFire] best path is:[8133, 9195, 6099, 1846, 8124, 2274, 22488, 22471]
2018-04-15 20:08:33,807 [DEBUG|FireBrigade/2136373563|TestSearchForFire] choosed:2274
2018-04-15 20:08:40,901 [DEBUG|FireBrigade/2136373563|TestBuildingDetector] Time:17
2018-04-15 20:08:40,901 [DEBUG|FireBrigade/2136373563|TestSearchForFire] Time:17
2018-04-15 20:08:40,901 [DEBUG|FireBrigade/2136373563|TestBuildingDetector] FieryBuildingsTargets: []
2018-04-15 20:08:40,901 [DEBUG|FireBrigade/2136373563|TestSearchForFire] unsearchedBuildingIDs:[18435, 24069, 21385, 26633, 18071, 13598, 12960, 32546, 10787, 23332, 20132, 17583, 28980, 28341, 20919, 18489, 12987, 22471, 20947, 13652, 22613, 24151, 30940, 23132, 21214, 22499, 11749, 10728, 13041, 24314, 29052]
2018-04-15 20:08:40,902 [DEBUG|FireBrigade/2136373563|TestSearchForFire] best path is:[8133, 9195, 6099, 1846, 8124, 2274, 22488, 22471]
2018-04-15 20:08:40,902 [DEBUG|FireBrigade/2136373563|TestSearchForFire] choosed:2274
2018-04-15 20:08:48,897 [DEBUG|FireBrigade/2136373563|TestBuildingDetector] Time:18
2018-04-15 20:08:48,897 [DEBUG|FireBrigade/2136373563|TestSearchForFire] Time:18
2018-04-15 20:08:48,897 [DEBUG|FireBrigade/2136373563|TestBuildingDetector] FieryBuildingsTargets: []
2018-04-15 20:08:48,898 [DEBUG|FireBrigade/2136373563|TestSearchForFire] unsearchedBuildingIDs:[18435, 24069, 21385, 26633, 18071, 13598, 12960, 32546, 10787, 23332, 17583, 28980, 20919, 18489, 20947, 13652, 22613, 24151, 30940, 23132, 21214, 22499, 11749, 10728, 24314, 29052]
2018-04-15 20:08:48,898 [DEBUG|FireBrigade/2136373563|TestSearchForFire] best path is:[2274, 1262, 5955, 2400, 24167, 24151]
2018-04-15 20:08:48,898 [DEBUG|FireBrigade/2136373563|TestSearchForFire] choosed:2400
2018-04-15 20:08:55,312 [DEBUG|FireBrigade/2136373563|TestBuildingDetector] Time:19
2018-04-15 20:08:55,313 [DEBUG|FireBrigade/2136373563|TestSearchForFire] Time:19
2018-04-15 20:08:55,313 [DEBUG|FireBrigade/2136373563|TestBuildingDetector] FieryBuildingsTargets: []
2018-04-15 20:08:55,313 [DEBUG|FireBrigade/2136373563|TestSearchForFire] unsearchedBuildingIDs:[18435, 24069, 21385, 26633, 18071, 13598, 32546, 10787, 23332, 17583, 28980, 20919, 18489, 20947, 13652, 22613, 30940, 23132, 21214, 22499, 11749, 24314]
2018-04-15 20:08:55,313 [DEBUG|FireBrigade/2136373563|TestSearchForFire] best path is:[2400, 8493, 32911, 32914, 20919]
2018-04-15 20:08:55,314 [DEBUG|FireBrigade/2136373563|TestSearchForFire] choosed:32911
2018-04-15 20:09:02,109 [DEBUG|FireBrigade/2136373563|TestBuildingDetector] Time:20
2018-04-15 20:09:02,109 [DEBUG|FireBrigade/2136373563|TestSearchForFire] Time:20
2018-04-15 20:09:02,109 [DEBUG|FireBrigade/2136373563|TestBuildingDetector] FieryBuildingsTargets: []
2018-04-15 20:09:02,109 [DEBUG|FireBrigade/2136373563|TestSearchForFire] unsearchedBuildingIDs:[18435, 24069, 21385, 26633, 18071, 13598, 32546, 10787, 23332, 17583, 28980, 18489, 20947, 13652, 22613, 30940, 23132, 21214, 22499, 11749, 24314]
2018-04-15 20:09:02,110 [DEBUG|FireBrigade/2136373563|TestSearchForFire] best path is:[8493, 32911, 32909, 30927, 30926, 8259, 18452, 18435]
2018-04-15 20:09:02,110 [DEBUG|FireBrigade/2136373563|TestSearchForFire] choosed:8259
2018-04-15 20:09:09,344 [DEBUG|FireBrigade/2136373563|TestBuildingDetector] Time:21
2018-04-15 20:09:09,344 [DEBUG|FireBrigade/2136373563|TestSearchForFire] Time:21
2018-04-15 20:09:09,345 [DEBUG|FireBrigade/2136373563|TestBuildingDetector] FieryBuildingsTargets: []
2018-04-15 20:09:09,345 [DEBUG|FireBrigade/2136373563|TestSearchForFire] unsearchedBuildingIDs:[18435, 24069, 21385, 26633, 18071, 13598, 32546, 10787, 23332, 17583, 28980, 18489, 20947, 13652, 22613, 30940, 23132, 21214, 22499, 11749, 24314]
2018-04-15 20:09:09,345 [DEBUG|FireBrigade/2136373563|TestSearchForFire] best path is:[8493, 32911, 32909, 30927, 30926, 8259, 18452, 18435]
2018-04-15 20:09:09,345 [DEBUG|FireBrigade/2136373563|TestSearchForFire] choosed:8259
2018-04-15 20:09:16,068 [DEBUG|FireBrigade/2136373563|TestBuildingDetector] Time:22
2018-04-15 20:09:16,069 [DEBUG|FireBrigade/2136373563|TestSearchForFire] Time:22
2018-04-15 20:09:16,069 [DEBUG|FireBrigade/2136373563|TestBuildingDetector] FieryBuildingsTargets: []
2018-04-15 20:09:16,069 [DEBUG|FireBrigade/2136373563|TestSearchForFire] unsearchedBuildingIDs:[18435, 24069, 21385, 26633, 18071, 13598, 32546, 10787, 23332, 17583, 28980, 18489, 20947, 13652, 22613, 30940, 23132, 21214, 22499, 11749, 24314]
2018-04-15 20:09:16,069 [DEBUG|FireBrigade/2136373563|TestSearchForFire] best path is:[8493, 32911, 32909, 30927, 30926, 8259, 18452, 18435]
2018-04-15 20:09:16,070 [DEBUG|FireBrigade/2136373563|TestSearchForFire] choosed:8259
2018-04-15 20:09:22,252 [DEBUG|FireBrigade/2136373563|TestBuildingDetector] Time:23
2018-04-15 20:09:22,252 [DEBUG|FireBrigade/2136373563|TestSearchForFire] Time:23
2018-04-15 20:09:22,253 [DEBUG|FireBrigade/2136373563|TestBuildingDetector] FieryBuildingsTargets: []
2018-04-15 20:09:22,253 [DEBUG|FireBrigade/2136373563|TestSearchForFire] unsearchedBuildingIDs:[18435, 24069, 21385, 26633, 18071, 13598, 32546, 10787, 23332, 17583, 28980, 18489, 20947, 13652, 22613, 30940, 23132, 21214, 22499, 11749, 24314]
2018-04-15 20:09:22,253 [DEBUG|FireBrigade/2136373563|TestSearchForFire] best path is:[8493, 32911, 32909, 30927, 30926, 8259, 18452, 18435]
2018-04-15 20:09:22,253 [DEBUG|FireBrigade/2136373563|TestSearchForFire] choosed:8259
2018-04-15 20:09:28,240 [DEBUG|FireBrigade/2136373563|TestBuildingDetector] Time:24
2018-04-15 20:09:28,241 [DEBUG|FireBrigade/2136373563|TestSearchForFire] Time:24
2018-04-15 20:09:28,241 [DEBUG|FireBrigade/2136373563|TestBuildingDetector] FieryBuildingsTargets: []
2018-04-15 20:09:28,241 [DEBUG|FireBrigade/2136373563|TestSearchForFire] unsearchedBuildingIDs:[18435, 24069, 21385, 26633, 18071, 13598, 32546, 10787, 23332, 17583, 28980, 18489, 20947, 13652, 22613, 30940, 23132, 21214, 22499, 11749, 24314]
2018-04-15 20:09:28,241 [DEBUG|FireBrigade/2136373563|TestSearchForFire] best path is:[8493, 32911, 32909, 30927, 30926, 8259, 18452, 18435]
2018-04-15 20:09:28,242 [DEBUG|FireBrigade/2136373563|TestSearchForFire] choosed:8259
2018-04-15 20:09:34,080 [DEBUG|FireBrigade/2136373563|TestBuildingDetector] Time:25
2018-04-15 20:09:34,080 [DEBUG|FireBrigade/2136373563|TestSearchForFire] Time:25
2018-04-15 20:09:34,080 [DEBUG|FireBrigade/2136373563|TestBuildingDetector] FieryBuildingsTargets: []
2018-04-15 20:09:34,081 [DEBUG|FireBrigade/2136373563|TestSearchForFire] unsearchedBuildingIDs:[18435, 24069, 21385, 26633, 18071, 13598, 32546, 10787, 23332, 17583, 28980, 18489, 20947, 13652, 22613, 30940, 23132, 21214, 22499, 11749, 24314]
2018-04-15 20:09:34,081 [DEBUG|FireBrigade/2136373563|TestSearchForFire] best path is:[8493, 32911, 32909, 30927, 30926, 8259, 18452, 18435]
2018-04-15 20:09:34,081 [DEBUG|FireBrigade/2136373563|TestSearchForFire] choosed:8259
2018-04-15 20:09:40,145 [DEBUG|FireBrigade/2136373563|TestBuildingDetector] Time:26
2018-04-15 20:09:40,145 [DEBUG|FireBrigade/2136373563|TestSearchForFire] Time:26
2018-04-15 20:09:40,146 [DEBUG|FireBrigade/2136373563|TestBuildingDetector] FieryBuildingsTargets: []
2018-04-15 20:09:40,146 [DEBUG|FireBrigade/2136373563|TestSearchForFire] unsearchedBuildingIDs:[18435, 24069, 21385, 26633, 18071, 13598, 32546, 10787, 23332, 17583, 28980, 18489, 20947, 13652, 22613, 30940, 23132, 21214, 22499, 11749, 24314]
2018-04-15 20:09:40,146 [DEBUG|FireBrigade/2136373563|TestSearchForFire] best path is:[8493, 32911, 32909, 30927, 30926, 8259, 18452, 18435]
2018-04-15 20:09:40,146 [DEBUG|FireBrigade/2136373563|TestSearchForFire] choosed:8259
2018-04-15 20:09:45,932 [DEBUG|FireBrigade/2136373563|TestBuildingDetector] Time:27
2018-04-15 20:09:45,932 [DEBUG|FireBrigade/2136373563|TestSearchForFire] Time:27
2018-04-15 20:09:45,932 [DEBUG|FireBrigade/2136373563|TestBuildingDetector] FieryBuildingsTargets: []
2018-04-15 20:09:45,932 [DEBUG|FireBrigade/2136373563|TestSearchForFire] unsearchedBuildingIDs:[18435, 24069, 21385, 26633, 18071, 13598, 32546, 10787, 23332, 17583, 28980, 18489, 20947, 13652, 22613, 30940, 23132, 21214, 22499, 11749, 24314]
2018-04-15 20:09:45,933 [DEBUG|FireBrigade/2136373563|TestSearchForFire] best path is:[8493, 32911, 32909, 30927, 30926, 8259, 18452, 18435]
2018-04-15 20:09:45,933 [DEBUG|FireBrigade/2136373563|TestSearchForFire] choosed:8259
2018-04-15 20:09:52,052 [DEBUG|FireBrigade/2136373563|TestBuildingDetector] Time:28
2018-04-15 20:09:52,052 [DEBUG|FireBrigade/2136373563|TestSearchForFire] Time:28
2018-04-15 20:09:52,053 [DEBUG|FireBrigade/2136373563|TestBuildingDetector] FieryBuildingsTargets: []
2018-04-15 20:09:52,053 [DEBUG|FireBrigade/2136373563|TestSearchForFire] unsearchedBuildingIDs:[18435, 24069, 21385, 26633, 18071, 13598, 32546, 10787, 23332, 17583, 28980, 18489, 20947, 13652, 22613, 30940, 23132, 21214, 22499, 11749, 24314]
2018-04-15 20:09:52,053 [DEBUG|FireBrigade/2136373563|TestSearchForFire] best path is:[8493, 32911, 32909, 30927, 30926, 8259, 18452, 18435]
2018-04-15 20:09:52,053 [DEBUG|FireBrigade/2136373563|TestSearchForFire] choosed:8259
2018-04-15 20:09:57,840 [DEBUG|FireBrigade/2136373563|TestBuildingDetector] Time:29
2018-04-15 20:09:57,841 [DEBUG|FireBrigade/2136373563|TestSearchForFire] Time:29
2018-04-15 20:09:57,841 [DEBUG|FireBrigade/2136373563|TestBuildingDetector] FieryBuildingsTargets: []
2018-04-15 20:09:57,841 [DEBUG|FireBrigade/2136373563|TestSearchForFire] unsearchedBuildingIDs:[18435, 24069, 21385, 26633, 18071, 13598, 32546, 10787, 23332, 17583, 28980, 18489, 20947, 13652, 22613, 30940, 23132, 21214, 22499, 11749, 24314]
2018-04-15 20:09:57,842 [DEBUG|FireBrigade/2136373563|TestSearchForFire] best path is:[8493, 32911, 32909, 30927, 30926, 8259, 18452, 18435]
2018-04-15 20:09:57,842 [DEBUG|FireBrigade/2136373563|TestSearchForFire] choosed:8259
2018-04-15 20:10:03,812 [DEBUG|FireBrigade/2136373563|TestBuildingDetector] Time:30
2018-04-15 20:10:03,813 [DEBUG|FireBrigade/2136373563|TestSearchForFire] Time:30
2018-04-15 20:10:03,813 [DEBUG|FireBrigade/2136373563|TestBuildingDetector] FieryBuildingsTargets: []
2018-04-15 20:10:03,813 [DEBUG|FireBrigade/2136373563|TestSearchForFire] unsearchedBuildingIDs:[18435, 24069, 21385, 26633, 18071, 13598, 32546, 10787, 23332, 17583, 28980, 18489, 20947, 13652, 22613, 30940, 23132, 21214, 22499, 11749, 24314]
2018-04-15 20:10:03,814 [DEBUG|FireBrigade/2136373563|TestSearchForFire] best path is:[8493, 32911, 32909, 30927, 30926, 8259, 18452, 18435]
2018-04-15 20:10:03,814 [DEBUG|FireBrigade/2136373563|TestSearchForFire] choosed:8259
2018-04-15 20:10:09,580 [DEBUG|FireBrigade/2136373563|TestBuildingDetector] Time:31
2018-04-15 20:10:09,581 [DEBUG|FireBrigade/2136373563|TestSearchForFire] Time:31
2018-04-15 20:10:09,581 [DEBUG|FireBrigade/2136373563|TestBuildingDetector] FieryBuildingsTargets: []
2018-04-15 20:10:09,581 [DEBUG|FireBrigade/2136373563|TestSearchForFire] unsearchedBuildingIDs:[18435, 24069, 21385, 26633, 18071, 13598, 32546, 10787, 23332, 17583, 28980, 18489, 20947, 13652, 22613, 30940, 23132, 21214, 22499, 11749, 24314]
2018-04-15 20:10:09,581 [DEBUG|FireBrigade/2136373563|TestSearchForFire] best path is:[8493, 32911, 32909, 30927, 30926, 8259, 18452, 18435]
2018-04-15 20:10:09,582 [DEBUG|FireBrigade/2136373563|TestSearchForFire] choosed:8259
2018-04-15 20:10:15,205 [DEBUG|FireBrigade/2136373563|TestBuildingDetector] Time:32
2018-04-15 20:10:15,205 [DEBUG|FireBrigade/2136373563|TestSearchForFire] Time:32
2018-04-15 20:10:15,205 [DEBUG|FireBrigade/2136373563|TestBuildingDetector] FieryBuildingsTargets: []
2018-04-15 20:10:15,206 [DEBUG|FireBrigade/2136373563|TestSearchForFire] unsearchedBuildingIDs:[18435, 24069, 21385, 26633, 18071, 13598, 32546, 10787, 23332, 17583, 28980, 18489, 20947, 13652, 22613, 30940, 23132, 21214, 22499, 11749, 24314]
2018-04-15 20:10:15,206 [DEBUG|FireBrigade/2136373563|TestSearchForFire] best path is:[3849, 8493, 32911, 32909, 30927, 30926, 8259, 18452, 18435]
2018-04-15 20:10:15,206 [DEBUG|FireBrigade/2136373563|TestSearchForFire] choosed:8259
2018-04-15 20:10:20,665 [DEBUG|FireBrigade/2136373563|TestBuildingDetector] Time:33
2018-04-15 20:10:20,665 [DEBUG|FireBrigade/2136373563|TestSearchForFire] Time:33
2018-04-15 20:10:20,665 [DEBUG|FireBrigade/2136373563|TestBuildingDetector] FieryBuildingsTargets: []
2018-04-15 20:10:20,665 [DEBUG|FireBrigade/2136373563|TestSearchForFire] unsearchedBuildingIDs:[18435, 24069, 21385, 26633, 18071, 13598, 32546, 10787, 23332, 17583, 28980, 18489, 20947, 13652, 22613, 30940, 23132, 21214, 22499, 11749, 24314]
2018-04-15 20:10:20,666 [DEBUG|FireBrigade/2136373563|TestSearchForFire] best path is:[3849, 8493, 32911, 32909, 30927, 30926, 8259, 18452, 18435]
2018-04-15 20:10:20,666 [DEBUG|FireBrigade/2136373563|TestSearchForFire] choosed:8259
2018-04-15 20:10:26,140 [DEBUG|FireBrigade/2136373563|TestBuildingDetector] Time:34
2018-04-15 20:10:26,140 [DEBUG|FireBrigade/2136373563|TestSearchForFire] Time:34
2018-04-15 20:10:26,141 [DEBUG|FireBrigade/2136373563|TestBuildingDetector] FieryBuildingsTargets: []
2018-04-15 20:10:26,141 [DEBUG|FireBrigade/2136373563|TestSearchForFire] unsearchedBuildingIDs:[18435, 24069, 21385, 26633, 18071, 13598, 32546, 10787, 23332, 17583, 28980, 18489, 20947, 13652, 22613, 30940, 23132, 21214, 22499, 11749, 24314]
2018-04-15 20:10:26,141 [DEBUG|FireBrigade/2136373563|TestSearchForFire] best path is:[3849, 8493, 32911, 32909, 30927, 30926, 8259, 18452, 18435]
2018-04-15 20:10:26,141 [DEBUG|FireBrigade/2136373563|TestSearchForFire] choosed:8259
2018-04-15 20:10:31,512 [DEBUG|FireBrigade/2136373563|TestBuildingDetector] Time:35
2018-04-15 20:10:31,512 [DEBUG|FireBrigade/2136373563|TestSearchForFire] Time:35
2018-04-15 20:10:31,514 [DEBUG|FireBrigade/2136373563|TestBuildingDetector] FieryBuildingsTargets: []
2018-04-15 20:10:31,514 [DEBUG|FireBrigade/2136373563|TestSearchForFire] unsearchedBuildingIDs:[18435, 24069, 21385, 26633, 18071, 13598, 32546, 10787, 23332, 17583, 28980, 18489, 20947, 13652, 22613, 30940, 23132, 21214, 22499, 11749, 24314]
2018-04-15 20:10:31,515 [DEBUG|FireBrigade/2136373563|TestSearchForFire] best path is:[3849, 8493, 32911, 32909, 30927, 30926, 8259, 18452, 18435]
2018-04-15 20:10:31,515 [DEBUG|FireBrigade/2136373563|TestSearchForFire] choosed:8259
2018-04-15 20:10:37,212 [DEBUG|FireBrigade/2136373563|TestBuildingDetector] Time:36
2018-04-15 20:10:37,212 [DEBUG|FireBrigade/2136373563|TestSearchForFire] Time:36
2018-04-15 20:10:37,212 [DEBUG|FireBrigade/2136373563|TestBuildingDetector] FieryBuildingsTargets: []
2018-04-15 20:10:37,213 [DEBUG|FireBrigade/2136373563|TestSearchForFire] unsearchedBuildingIDs:[18435, 24069, 21385, 26633, 18071, 13598, 32546, 10787, 23332, 17583, 28980, 18489, 20947, 13652, 22613, 30940, 23132, 21214, 22499, 11749, 24314]
2018-04-15 20:10:37,213 [DEBUG|FireBrigade/2136373563|TestSearchForFire] best path is:[3849, 8493, 32911, 32909, 30927, 30926, 8259, 18452, 18435]
2018-04-15 20:10:37,213 [DEBUG|FireBrigade/2136373563|TestSearchForFire] choosed:8259
2018-04-15 20:10:42,388 [DEBUG|FireBrigade/2136373563|TestBuildingDetector] Time:37
2018-04-15 20:10:42,388 [DEBUG|FireBrigade/2136373563|TestSearchForFire] Time:37
2018-04-15 20:10:42,388 [DEBUG|FireBrigade/2136373563|TestBuildingDetector] FieryBuildingsTargets: []
2018-04-15 20:10:42,388 [DEBUG|FireBrigade/2136373563|TestSearchForFire] unsearchedBuildingIDs:[18435, 24069, 21385, 26633, 18071, 13598, 32546, 10787, 23332, 17583, 28980, 18489, 20947, 13652, 22613, 30940, 23132, 21214, 22499, 11749, 24314]
2018-04-15 20:10:42,389 [DEBUG|FireBrigade/2136373563|TestSearchForFire] best path is:[3849, 8493, 32911, 32909, 30927, 30926, 8259, 18452, 18435]
2018-04-15 20:10:42,389 [DEBUG|FireBrigade/2136373563|TestSearchForFire] choosed:8259
2018-04-15 20:10:47,592 [DEBUG|FireBrigade/2136373563|TestBuildingDetector] Time:38
2018-04-15 20:10:47,592 [DEBUG|FireBrigade/2136373563|TestSearchForFire] Time:38
2018-04-15 20:10:47,593 [DEBUG|FireBrigade/2136373563|TestBuildingDetector] FieryBuildingsTargets: []
2018-04-15 20:10:47,593 [DEBUG|FireBrigade/2136373563|TestSearchForFire] unsearchedBuildingIDs:[18435, 24069, 21385, 26633, 18071, 13598, 32546, 10787, 23332, 17583, 28980, 18489, 20947, 13652, 22613, 30940, 23132, 21214, 22499, 11749, 24314]
2018-04-15 20:10:47,593 [DEBUG|FireBrigade/2136373563|TestSearchForFire] best path is:[32911, 32909, 30927, 30926, 8259, 18452, 18435]
2018-04-15 20:10:47,593 [DEBUG|FireBrigade/2136373563|TestSearchForFire] choosed:8259
2018-04-15 20:10:52,793 [DEBUG|FireBrigade/2136373563|TestBuildingDetector] Time:39
2018-04-15 20:10:52,794 [DEBUG|FireBrigade/2136373563|TestSearchForFire] Time:39
2018-04-15 20:10:52,795 [DEBUG|FireBrigade/2136373563|TestBuildingDetector] FieryBuildingsTargets: []
2018-04-15 20:10:52,795 [DEBUG|FireBrigade/2136373563|TestSearchForFire] unsearchedBuildingIDs:[18435, 24069, 21385, 26633, 18071, 13598, 32546, 10787, 23332, 17583, 28980, 18489, 13652, 22613, 23132, 21214, 22499, 11749, 24314]
2018-04-15 20:10:52,795 [DEBUG|FireBrigade/2136373563|TestSearchForFire] best path is:[32911, 32909, 30927, 30926, 8259, 18452, 18435]
2018-04-15 20:10:52,795 [DEBUG|FireBrigade/2136373563|TestSearchForFire] choosed:8259
2018-04-15 20:10:57,884 [DEBUG|FireBrigade/2136373563|TestBuildingDetector] Time:40
2018-04-15 20:10:57,885 [DEBUG|FireBrigade/2136373563|TestSearchForFire] Time:40
2018-04-15 20:10:57,885 [DEBUG|FireBrigade/2136373563|TestBuildingDetector] FieryBuildingsTargets: []
2018-04-15 20:10:57,885 [DEBUG|FireBrigade/2136373563|TestSearchForFire] unsearchedBuildingIDs:[18435, 24069, 21385, 26633, 18071, 13598, 32546, 10787, 23332, 17583, 28980, 18489, 13652, 22613, 23132, 21214, 22499, 11749, 24314]
2018-04-15 20:10:57,885 [DEBUG|FireBrigade/2136373563|TestSearchForFire] best path is:[32911, 32909, 30927, 30926, 8259, 18452, 18435]
2018-04-15 20:10:57,885 [DEBUG|FireBrigade/2136373563|TestSearchForFire] choosed:8259
2018-04-15 20:11:02,976 [DEBUG|FireBrigade/2136373563|TestBuildingDetector] Time:41
2018-04-15 20:11:02,976 [DEBUG|FireBrigade/2136373563|TestSearchForFire] Time:41
2018-04-15 20:11:02,977 [DEBUG|FireBrigade/2136373563|TestBuildingDetector] FieryBuildingsTargets: []
2018-04-15 20:11:02,977 [DEBUG|FireBrigade/2136373563|TestSearchForFire] unsearchedBuildingIDs:[18435, 21385, 26633, 18071, 13598, 32546, 10787, 23332, 17583, 28980, 18489, 13652, 22613, 23132, 21214, 22499, 11749, 24314]
2018-04-15 20:11:02,977 [DEBUG|FireBrigade/2136373563|TestSearchForFire] best path is:[32911, 32909, 30927, 30926, 8259, 18452, 18435]
2018-04-15 20:11:02,977 [DEBUG|FireBrigade/2136373563|TestSearchForFire] choosed:8259
2018-04-15 20:11:07,852 [DEBUG|FireBrigade/2136373563|TestBuildingDetector] Time:42
2018-04-15 20:11:07,853 [DEBUG|FireBrigade/2136373563|TestSearchForFire] Time:42
2018-04-15 20:11:07,853 [DEBUG|FireBrigade/2136373563|TestBuildingDetector] FieryBuildingsTargets: []
2018-04-15 20:11:07,853 [DEBUG|FireBrigade/2136373563|TestSearchForFire] unsearchedBuildingIDs:[18435, 21385, 18071, 13598, 32546, 10787, 23332, 17583, 28980, 18489, 13652, 22613, 23132, 21214, 22499, 11749, 24314]
2018-04-15 20:11:07,853 [DEBUG|FireBrigade/2136373563|TestSearchForFire] best path is:[32911, 32909, 30927, 30926, 8259, 18452, 18435]
2018-04-15 20:11:07,853 [DEBUG|FireBrigade/2136373563|TestSearchForFire] choosed:8259
2018-04-15 20:11:12,949 [DEBUG|FireBrigade/2136373563|TestBuildingDetector] Time:43
2018-04-15 20:11:12,949 [DEBUG|FireBrigade/2136373563|TestSearchForFire] Time:43
2018-04-15 20:11:12,950 [DEBUG|FireBrigade/2136373563|TestBuildingDetector] FieryBuildingsTargets: []
2018-04-15 20:11:12,950 [DEBUG|FireBrigade/2136373563|TestSearchForFire] unsearchedBuildingIDs:[18435, 21385, 18071, 13598, 32546, 10787, 23332, 17583, 28980, 18489, 13652, 22613, 21214, 22499, 24314]
2018-04-15 20:11:12,950 [DEBUG|FireBrigade/2136373563|TestSearchForFire] best path is:[32911, 32909, 30927, 30926, 8259, 18452, 18435]
2018-04-15 20:11:12,950 [DEBUG|FireBrigade/2136373563|TestSearchForFire] choosed:8259
2018-04-15 20:11:17,769 [DEBUG|FireBrigade/2136373563|TestBuildingDetector] Time:44
2018-04-15 20:11:17,769 [DEBUG|FireBrigade/2136373563|TestSearchForFire] Time:44
2018-04-15 20:11:17,769 [DEBUG|FireBrigade/2136373563|TestBuildingDetector] FieryBuildingsTargets: []
2018-04-15 20:11:17,769 [DEBUG|FireBrigade/2136373563|TestSearchForFire] unsearchedBuildingIDs:[18435, 21385, 18071, 13598, 32546, 10787, 23332, 17583, 28980, 18489, 13652, 22613, 21214, 22499, 24314]
2018-04-15 20:11:17,769 [DEBUG|FireBrigade/2136373563|TestSearchForFire] best path is:[32911, 32909, 30927, 30926, 8259, 18452, 18435]
2018-04-15 20:11:17,769 [DEBUG|FireBrigade/2136373563|TestSearchForFire] choosed:8259
2018-04-15 20:11:23,144 [DEBUG|FireBrigade/2136373563|TestBuildingDetector] Time:45
2018-04-15 20:11:23,145 [DEBUG|FireBrigade/2136373563|TestSearchForFire] Time:45
2018-04-15 20:11:23,145 [DEBUG|FireBrigade/2136373563|TestBuildingDetector] FieryBuildingsTargets: []
2018-04-15 20:11:23,145 [DEBUG|FireBrigade/2136373563|TestSearchForFire] unsearchedBuildingIDs:[18071, 13598, 32546, 10787, 23332, 17583, 28980, 13652, 21214, 22499, 24314]
2018-04-15 20:11:23,145 [DEBUG|FireBrigade/2136373563|TestSearchForFire] best path is:[8259, 7629, 1782, 4443, 8880, 5748, 32537, 32536, 18087, 18071]
2018-04-15 20:11:23,145 [DEBUG|FireBrigade/2136373563|TestSearchForFire] choosed:32536
2018-04-15 20:11:28,184 [DEBUG|FireBrigade/2136373563|TestBuildingDetector] Time:46
2018-04-15 20:11:28,185 [DEBUG|FireBrigade/2136373563|TestSearchForFire] Time:46
2018-04-15 20:11:28,185 [DEBUG|FireBrigade/2136373563|TestBuildingDetector] FieryBuildingsTargets: []
2018-04-15 20:11:28,185 [DEBUG|FireBrigade/2136373563|TestSearchForFire] unsearchedBuildingIDs:[13598, 32546, 10787, 23332, 17583, 28980, 13652, 22499]
2018-04-15 20:11:28,185 [DEBUG|FireBrigade/2136373563|TestSearchForFire] best path is:[32536, 8538, 32544, 32538, 2130, 13614, 13598]
2018-04-15 20:11:28,185 [DEBUG|FireBrigade/2136373563|TestSearchForFire] choosed:2130
2018-04-15 20:11:33,012 [DEBUG|FireBrigade/2136373563|TestBuildingDetector] Time:47
2018-04-15 20:11:33,012 [DEBUG|FireBrigade/2136373563|TestSearchForFire] Time:47
2018-04-15 20:11:33,013 [DEBUG|FireBrigade/2136373563|TestBuildingDetector] FieryBuildingsTargets: []
2018-04-15 20:11:33,013 [DEBUG|FireBrigade/2136373563|TestSearchForFire] unsearchedBuildingIDs:[32546, 23332, 17583, 28980, 13652]
2018-04-15 20:11:33,013 [DEBUG|FireBrigade/2136373563|TestSearchForFire] best path is:[2130, 32538, 32544, 32547, 32546]
2018-04-15 20:11:33,013 [DEBUG|FireBrigade/2136373563|TestSearchForFire] choosed:32544
2018-04-15 20:11:37,844 [DEBUG|FireBrigade/2136373563|TestBuildingDetector] Time:48
2018-04-15 20:11:37,844 [DEBUG|FireBrigade/2136373563|TestSearchForFire] Time:48
2018-04-15 20:11:37,845 [DEBUG|FireBrigade/2136373563|TestBuildingDetector] FieryBuildingsTargets: []
2018-04-15 20:11:37,845 [DEBUG|FireBrigade/2136373563|TestSearchForFire] unsearchedBuildingIDs:[23332, 17583, 28980, 13652]
2018-04-15 20:11:37,845 [DEBUG|FireBrigade/2136373563|TestSearchForFire] best path is:[32544, 32538, 2130, 4767, 6963, 35372, 2121, 6054, 4371, 337, 9456, 8412, 2589, 4992, 23348, 23332]
2018-04-15 20:11:37,845 [DEBUG|FireBrigade/2136373563|TestSearchForFire] choosed:4992
2018-04-15 20:11:42,528 [DEBUG|FireBrigade/2136373563|TestBuildingDetector] Time:49
2018-04-15 20:11:42,528 [DEBUG|FireBrigade/2136373563|TestSearchForFire] Time:49
2018-04-15 20:11:42,528 [DEBUG|FireBrigade/2136373563|TestBuildingDetector] FieryBuildingsTargets: []
2018-04-15 20:11:42,528 [DEBUG|FireBrigade/2136373563|TestSearchForFire] unsearchedBuildingIDs:[23332, 17583, 28980, 13652]
2018-04-15 20:11:42,529 [DEBUG|FireBrigade/2136373563|TestSearchForFire] best path is:[35372, 2121, 6054, 4371, 337, 9456, 8412, 2589, 4992, 23348, 23332]
2018-04-15 20:11:42,529 [DEBUG|FireBrigade/2136373563|TestSearchForFire] choosed:4992
2018-04-15 20:11:47,360 [DEBUG|FireBrigade/2136373563|TestBuildingDetector] Time:50
2018-04-15 20:11:47,360 [DEBUG|FireBrigade/2136373563|TestSearchForFire] Time:50
2018-04-15 20:11:47,361 [DEBUG|FireBrigade/2136373563|TestBuildingDetector] FieryBuildingsTargets: []
2018-04-15 20:11:47,361 [DEBUG|FireBrigade/2136373563|TestSearchForFire] unsearchedBuildingIDs:[17583, 28980, 13652]
2018-04-15 20:11:47,363 [DEBUG|FireBrigade/2136373563|TestSearchForFire] best path is:[4992, 2589, 8412, 9456, 337, 4371, 6054, 2121, 35372, 32556, 32555, 32557, 32570, 2051, 32571, 32572, 8133, 9195, 6099, 1846, 8124, 2274, 1262, 5955, 2400, 8493, 3849, 7827, 2931, 30834, 30835, 13668, 13652]
2018-04-15 20:11:47,364 [DEBUG|FireBrigade/2136373563|TestSearchForFire] choosed:30835
2018-04-15 20:11:51,996 [DEBUG|FireBrigade/2136373563|TestBuildingDetector] Time:51
2018-04-15 20:11:51,996 [DEBUG|FireBrigade/2136373563|TestSearchForFire] Time:51
2018-04-15 20:11:51,997 [DEBUG|FireBrigade/2136373563|TestBuildingDetector] FieryBuildingsTargets: []
2018-04-15 20:11:51,997 [DEBUG|FireBrigade/2136373563|TestSearchForFire] unsearchedBuildingIDs:[17583, 28980, 13652]
2018-04-15 20:11:51,998 [DEBUG|FireBrigade/2136373563|TestSearchForFire] best path is:[2121, 35372, 32556, 32555, 32557, 32570, 2051, 32571, 32572, 8133, 9195, 6099, 1846, 8124, 2274, 1262, 5955, 2400, 8493, 3849, 7827, 2931, 30834, 30835, 13668, 13652]
2018-04-15 20:11:51,998 [DEBUG|FireBrigade/2136373563|TestSearchForFire] choosed:30835
2018-04-15 20:11:56,483 [DEBUG|FireBrigade/2136373563|TestBuildingDetector] Time:52
2018-04-15 20:11:56,483 [DEBUG|FireBrigade/2136373563|TestSearchForFire] Time:52
2018-04-15 20:11:56,483 [DEBUG|FireBrigade/2136373563|TestBuildingDetector] FieryBuildingsTargets: []
2018-04-15 20:11:56,484 [DEBUG|FireBrigade/2136373563|TestSearchForFire] unsearchedBuildingIDs:[17583, 28980, 13652]
2018-04-15 20:11:56,484 [DEBUG|FireBrigade/2136373563|TestSearchForFire] best path is:[32571, 32572, 8133, 9195, 6099, 1846, 8124, 2274, 1262, 5955, 2400, 8493, 3849, 7827, 2931, 30834, 30835, 13668, 13652]
2018-04-15 20:11:56,484 [DEBUG|FireBrigade/2136373563|TestSearchForFire] choosed:30835
2018-04-15 20:12:00,872 [DEBUG|FireBrigade/2136373563|TestBuildingDetector] Time:53
2018-04-15 20:12:00,873 [DEBUG|FireBrigade/2136373563|TestSearchForFire] Time:53
2018-04-15 20:12:00,873 [DEBUG|FireBrigade/2136373563|TestBuildingDetector] FieryBuildingsTargets: []
2018-04-15 20:12:00,873 [DEBUG|FireBrigade/2136373563|TestSearchForFire] unsearchedBuildingIDs:[17583, 28980, 13652]
2018-04-15 20:12:00,873 [DEBUG|FireBrigade/2136373563|TestSearchForFire] best path is:[2274, 1262, 5955, 2400, 8493, 3849, 7827, 2931, 30834, 30835, 13668, 13652]
2018-04-15 20:12:00,873 [DEBUG|FireBrigade/2136373563|TestSearchForFire] choosed:30835
2018-04-15 20:12:05,476 [DEBUG|FireBrigade/2136373563|TestBuildingDetector] Time:54
2018-04-15 20:12:05,476 [DEBUG|FireBrigade/2136373563|TestSearchForFire] Time:54
2018-04-15 20:12:05,477 [DEBUG|FireBrigade/2136373563|TestBuildingDetector] FieryBuildingsTargets: []
2018-04-15 20:12:05,477 [DEBUG|FireBrigade/2136373563|TestSearchForFire] unsearchedBuildingIDs:[17583, 28980, 13652]
2018-04-15 20:12:05,477 [DEBUG|FireBrigade/2136373563|TestSearchForFire] best path is:[7827, 2931, 30834, 30835, 13668, 13652]
2018-04-15 20:12:05,477 [DEBUG|FireBrigade/2136373563|TestSearchForFire] choosed:30835
2018-04-15 20:12:09,955 [DEBUG|FireBrigade/2136373563|TestBuildingDetector] Time:55
2018-04-15 20:12:09,955 [DEBUG|FireBrigade/2136373563|TestSearchForFire] Time:55
2018-04-15 20:12:09,955 [DEBUG|FireBrigade/2136373563|TestBuildingDetector] FieryBuildingsTargets: []
2018-04-15 20:12:09,955 [DEBUG|FireBrigade/2136373563|TestSearchForFire] unsearchedBuildingIDs:[28980]
2018-04-15 20:12:09,955 [DEBUG|FireBrigade/2136373563|TestSearchForFire] best path is:[30835, 30836, 7881, 35375, 35374, 30821, 30820, 28980]
2018-04-15 20:12:09,955 [DEBUG|FireBrigade/2136373563|TestSearchForFire] choosed:30821
2018-04-15 20:12:14,513 [DEBUG|FireBrigade/2136373563|TestBuildingDetector] Time:56
2018-04-15 20:12:14,513 [DEBUG|FireBrigade/2136373563|TestSearchForFire] Time:56
2018-04-15 20:12:14,513 [DEBUG|FireBrigade/2136373563|TestBuildingDetector] FieryBuildingsTargets: []
2018-04-15 20:12:14,513 [DEBUG|FireBrigade/2136373563|TestSearchForFire] unsearchedBuildingIDs:[9601, 18435, 15235, 10756, 30853, 24069, 22151, 21385, 26633, 18071, 21022, 13598, 15262, 12960, 22178, 32546, 10787, 23332, 20132, 13481, 28341, 20919, 18489, 12987, 32574, 17604, 22471, 20947, 22613, 24151, 30940, 23132, 21214, 22499, 12901, 11749, 10728, 20073, 13041, 12023, 24314, 29052, 13181]
2018-04-15 20:12:14,514 [DEBUG|FireBrigade/2136373563|TestSearchForFire] best path is:[35375, 7881, 30836, 30835, 30834, 17620, 17604]
2018-04-15 20:12:14,514 [DEBUG|FireBrigade/2136373563|TestSearchForFire] choosed:30834
2018-04-15 20:12:18,992 [DEBUG|FireBrigade/2136373563|TestBuildingDetector] Time:57
2018-04-15 20:12:18,992 [DEBUG|FireBrigade/2136373563|TestSearchForFire] Time:57
2018-04-15 20:12:18,993 [DEBUG|FireBrigade/2136373563|TestBuildingDetector] FieryBuildingsTargets: []
2018-04-15 20:12:18,993 [DEBUG|FireBrigade/2136373563|TestSearchForFire] unsearchedBuildingIDs:[9601, 18435, 15235, 10756, 24069, 22151, 21385, 26633, 18071, 21022, 13598, 15262, 12960, 22178, 32546, 10787, 23332, 20132, 13481, 28341, 20919, 18489, 12987, 32574, 22471, 20947, 22613, 30940, 23132, 21214, 22499, 12901, 11749, 20073, 13041, 12023, 24314, 29052, 13181]
2018-04-15 20:12:18,993 [DEBUG|FireBrigade/2136373563|TestSearchForFire] best path is:[30834, 2931, 7827, 29069, 29052]
2018-04-15 20:12:18,993 [DEBUG|FireBrigade/2136373563|TestSearchForFire] choosed:7827
2018-04-15 20:12:25,228 [DEBUG|FireBrigade/2136373563|TestBuildingDetector] Time:58
2018-04-15 20:12:25,228 [DEBUG|FireBrigade/2136373563|TestSearchForFire] Time:58
2018-04-15 20:12:25,228 [DEBUG|FireBrigade/2136373563|TestBuildingDetector] FieryBuildingsTargets: []
2018-04-15 20:12:25,229 [DEBUG|FireBrigade/2136373563|TestSearchForFire] unsearchedBuildingIDs:[9601, 18435, 15235, 10756, 24069, 22151, 21385, 26633, 18071, 21022, 13598, 15262, 22178, 32546, 10787, 23332, 13481, 28341, 20919, 18489, 12987, 32574, 22471, 20947, 22613, 30940, 23132, 21214, 22499, 12901, 11749, 20073, 13041, 12023, 24314, 13181]
2018-04-15 20:12:25,229 [DEBUG|FireBrigade/2136373563|TestSearchForFire] best path is:[7827, 3849, 8493, 2400, 5955, 1262, 2274, 8124, 1846, 6099, 9195, 13197, 13181]
2018-04-15 20:12:25,242 [DEBUG|FireBrigade/2136373563|TestSearchForFire] choosed:9195
2018-04-15 20:12:29,488 [DEBUG|FireBrigade/2136373563|TestBuildingDetector] Time:59
2018-04-15 20:12:29,488 [DEBUG|FireBrigade/2136373563|TestSearchForFire] Time:59
2018-04-15 20:12:29,488 [DEBUG|FireBrigade/2136373563|TestBuildingDetector] FieryBuildingsTargets: []
2018-04-15 20:12:29,488 [DEBUG|FireBrigade/2136373563|TestSearchForFire] unsearchedBuildingIDs:[9601, 10756, 24069, 26633, 18071, 13598, 15262, 32546, 10787, 23332, 13481, 20919, 18489, 32574, 20947, 22613, 30940, 23132, 21214, 22499, 11749, 20073, 13041, 24314]
2018-04-15 20:12:29,488 [DEBUG|FireBrigade/2136373563|TestSearchForFire] best path is:[8124, 1846, 6099, 9195, 8133, 9601]
2018-04-15 20:12:29,488 [DEBUG|FireBrigade/2136373563|TestSearchForFire] choosed:9195
2018-04-15 20:12:33,885 [DEBUG|FireBrigade/2136373563|TestBuildingDetector] Time:60
2018-04-15 20:12:33,885 [DEBUG|FireBrigade/2136373563|TestSearchForFire] Time:60
2018-04-15 20:12:33,886 [DEBUG|FireBrigade/2136373563|TestBuildingDetector] FieryBuildingsTargets: []
2018-04-15 20:12:33,886 [DEBUG|FireBrigade/2136373563|TestSearchForFire] unsearchedBuildingIDs:[10756, 24069, 26633, 18071, 13598, 32546, 10787, 23332, 20919, 18489, 32574, 20947, 22613, 30940, 23132, 21214, 22499, 11749, 13041, 24314]
2018-04-15 20:12:33,886 [DEBUG|FireBrigade/2136373563|TestSearchForFire] best path is:[9195, 6099, 1846, 3408, 7026, 10772, 10756]
2018-04-15 20:12:33,886 [DEBUG|FireBrigade/2136373563|TestSearchForFire] choosed:7026
2018-04-15 20:12:38,116 [DEBUG|FireBrigade/2136373563|TestBuildingDetector] Time:61
2018-04-15 20:12:38,116 [DEBUG|FireBrigade/2136373563|TestSearchForFire] Time:61
2018-04-15 20:12:38,117 [DEBUG|FireBrigade/2136373563|TestBuildingDetector] FieryBuildingsTargets: []
2018-04-15 20:12:38,117 [DEBUG|FireBrigade/2136373563|TestSearchForFire] unsearchedBuildingIDs:[24069, 26633, 18071, 13598, 32546, 10787, 23332, 20919, 18489, 20947, 22613, 30940, 23132, 21214, 22499, 11749, 13041, 24314]
2018-04-15 20:12:38,117 [DEBUG|FireBrigade/2136373563|TestSearchForFire] best path is:[7026, 3408, 1846, 8124, 2274, 1262, 7260, 4470, 13057, 13041]
2018-04-15 20:12:38,117 [DEBUG|FireBrigade/2136373563|TestSearchForFire] choosed:4470
2018-04-15 20:12:41,969 [DEBUG|FireBrigade/2136373563|TestBuildingDetector] Time:62
2018-04-15 20:12:41,969 [DEBUG|FireBrigade/2136373563|TestSearchForFire] Time:62
2018-04-15 20:12:41,969 [DEBUG|FireBrigade/2136373563|TestBuildingDetector] FieryBuildingsTargets: []
2018-04-15 20:12:41,969 [DEBUG|FireBrigade/2136373563|TestSearchForFire] unsearchedBuildingIDs:[24069, 26633, 18071, 13598, 32546, 10787, 23332, 20919, 18489, 20947, 22613, 30940, 21214, 22499, 24314]
2018-04-15 20:12:41,970 [DEBUG|FireBrigade/2136373563|TestSearchForFire] best path is:[7260, 4470, 8970, 8025, 1782, 7629, 8259, 24086, 24069]
2018-04-15 20:12:41,970 [DEBUG|FireBrigade/2136373563|TestSearchForFire] choosed:8259
2018-04-15 20:12:45,988 [DEBUG|FireBrigade/2136373563|TestBuildingDetector] Time:63
2018-04-15 20:12:45,988 [DEBUG|FireBrigade/2136373563|TestSearchForFire] Time:63
2018-04-15 20:12:45,989 [DEBUG|FireBrigade/2136373563|TestBuildingDetector] FieryBuildingsTargets: []
2018-04-15 20:12:45,989 [DEBUG|FireBrigade/2136373563|TestSearchForFire] unsearchedBuildingIDs:[18071, 13598, 32546, 10787, 23332, 18489, 21214, 22499, 24314]
2018-04-15 20:12:45,989 [DEBUG|FireBrigade/2136373563|TestSearchForFire] best path is:[8259, 7629, 1782, 4443, 8880, 5748, 32537, 32536, 18087, 18071]
2018-04-15 20:12:45,989 [DEBUG|FireBrigade/2136373563|TestSearchForFire] choosed:32536
2018-04-15 20:12:49,977 [DEBUG|FireBrigade/2136373563|TestBuildingDetector] Time:64
2018-04-15 20:12:49,977 [DEBUG|FireBrigade/2136373563|TestSearchForFire] Time:64
2018-04-15 20:12:49,977 [DEBUG|FireBrigade/2136373563|TestBuildingDetector] FieryBuildingsTargets: []
2018-04-15 20:12:49,977 [DEBUG|FireBrigade/2136373563|TestSearchForFire] unsearchedBuildingIDs:[13598, 32546, 10787, 23332, 22499]
2018-04-15 20:12:49,977 [DEBUG|FireBrigade/2136373563|TestSearchForFire] best path is:[32536, 8538, 32544, 32538, 2130, 13614, 13598]
2018-04-15 20:12:49,977 [DEBUG|FireBrigade/2136373563|TestSearchForFire] choosed:2130
2018-04-15 20:12:54,052 [DEBUG|FireBrigade/2136373563|TestBuildingDetector] Time:65
2018-04-15 20:12:54,052 [DEBUG|FireBrigade/2136373563|TestSearchForFire] Time:65
2018-04-15 20:12:54,053 [DEBUG|FireBrigade/2136373563|TestBuildingDetector] FieryBuildingsTargets: []
2018-04-15 20:12:54,053 [DEBUG|FireBrigade/2136373563|TestSearchForFire] unsearchedBuildingIDs:[32546, 23332]
2018-04-15 20:12:54,053 [DEBUG|FireBrigade/2136373563|TestSearchForFire] best path is:[2130, 32538, 32544, 32547, 32546]
2018-04-15 20:12:54,053 [DEBUG|FireBrigade/2136373563|TestSearchForFire] choosed:32544
2018-04-15 20:12:58,292 [DEBUG|FireBrigade/2136373563|TestBuildingDetector] Time:66
2018-04-15 20:12:58,292 [DEBUG|FireBrigade/2136373563|TestSearchForFire] Time:66
2018-04-15 20:12:58,293 [DEBUG|FireBrigade/2136373563|TestBuildingDetector] FieryBuildingsTargets: []
2018-04-15 20:12:58,293 [DEBUG|FireBrigade/2136373563|TestSearchForFire] unsearchedBuildingIDs:[23332]
2018-04-15 20:12:58,293 [DEBUG|FireBrigade/2136373563|TestSearchForFire] best path is:[32544, 32538, 2130, 4767, 6963, 35372, 2121, 6054, 4371, 337, 9456, 8412, 2589, 4992, 23348, 23332]
2018-04-15 20:12:58,293 [DEBUG|FireBrigade/2136373563|TestSearchForFire] choosed:4992
2018-04-15 20:13:02,424 [DEBUG|FireBrigade/2136373563|TestBuildingDetector] Time:67
2018-04-15 20:13:02,425 [DEBUG|FireBrigade/2136373563|TestSearchForFire] Time:67
2018-04-15 20:13:02,425 [DEBUG|FireBrigade/2136373563|TestBuildingDetector] FieryBuildingsTargets: []
2018-04-15 20:13:02,425 [DEBUG|FireBrigade/2136373563|TestSearchForFire] unsearchedBuildingIDs:[23332]
2018-04-15 20:13:02,425 [DEBUG|FireBrigade/2136373563|TestSearchForFire] best path is:[35372, 2121, 6054, 4371, 337, 9456, 8412, 2589, 4992, 23348, 23332]
2018-04-15 20:13:02,425 [DEBUG|FireBrigade/2136373563|TestSearchForFire] choosed:4992
2018-04-15 20:13:06,588 [DEBUG|FireBrigade/2136373563|TestBuildingDetector] Time:68
2018-04-15 20:13:06,588 [DEBUG|FireBrigade/2136373563|TestSearchForFire] Time:68
2018-04-15 20:13:06,589 [DEBUG|FireBrigade/2136373563|TestBuildingDetector] FieryBuildingsTargets: []
2018-04-15 20:13:06,589 [DEBUG|FireBrigade/2136373563|TestSearchForFire] unsearchedBuildingIDs:[9601, 18435, 15235, 10756, 12933, 30853, 24069, 22151, 21385, 26633, 18071, 21022, 13598, 15262, 12960, 22178, 32546, 10787, 20132, 13481, 17583, 28980, 28341, 20919, 18489, 12987, 32574, 17604, 27716, 22471, 20947, 13652, 22613, 24151, 30940, 23132, 21214, 22499, 12901, 11749, 10728, 20073, 14831, 13041, 12023, 24314, 29052, 13181]
2018-04-15 20:13:06,589 [DEBUG|FireBrigade/2136373563|TestSearchForFire] best path is:[4992, 2589, 8412, 9456, 337, 4371, 6054, 2121, 35372, 6963, 4767, 13614, 13598]
2018-04-15 20:13:06,589 [DEBUG|FireBrigade/2136373563|TestSearchForFire] choosed:4767
2018-04-15 20:13:10,500 [DEBUG|FireBrigade/2136373563|TestBuildingDetector] Time:69
2018-04-15 20:13:10,500 [DEBUG|FireBrigade/2136373563|TestSearchForFire] Time:69
2018-04-15 20:13:10,500 [DEBUG|FireBrigade/2136373563|TestBuildingDetector] FieryBuildingsTargets: []
2018-04-15 20:13:10,500 [DEBUG|FireBrigade/2136373563|TestSearchForFire] unsearchedBuildingIDs:[18435, 15235, 10756, 12933, 30853, 24069, 22151, 21385, 26633, 18071, 21022, 13598, 15262, 12960, 22178, 32546, 10787, 20132, 13481, 17583, 28980, 28341, 20919, 18489, 12987, 32574, 17604, 27716, 22471, 20947, 13652, 22613, 24151, 30940, 23132, 21214, 22499, 12901, 11749, 10728, 20073, 14831, 13041, 12023, 24314, 29052, 13181]
2018-04-15 20:13:10,501 [DEBUG|FireBrigade/2136373563|TestSearchForFire] best path is:[2121, 35372, 6963, 4767, 13614, 13598]
2018-04-15 20:13:10,501 [DEBUG|FireBrigade/2136373563|TestSearchForFire] choosed:4767
2018-04-15 20:13:14,412 [DEBUG|FireBrigade/2136373563|TestBuildingDetector] Time:70
2018-04-15 20:13:14,412 [DEBUG|FireBrigade/2136373563|TestSearchForFire] Time:70
2018-04-15 20:13:14,413 [DEBUG|FireBrigade/2136373563|TestBuildingDetector] FieryBuildingsTargets: []
2018-04-15 20:13:14,413 [DEBUG|FireBrigade/2136373563|TestSearchForFire] unsearchedBuildingIDs:[18435, 15235, 10756, 12933, 30853, 24069, 22151, 21385, 26633, 18071, 21022, 15262, 12960, 22178, 32546, 20132, 13481, 17583, 28980, 20919, 18489, 12987, 32574, 17604, 27716, 22471, 20947, 13652, 22613, 24151, 30940, 23132, 22499, 12901, 11749, 10728, 20073, 14831, 13041, 12023, 24314, 29052, 13181]
2018-04-15 20:13:14,413 [DEBUG|FireBrigade/2136373563|TestSearchForFire] best path is:[4767, 2130, 32538, 32539, 22499]
2018-04-15 20:13:14,413 [DEBUG|FireBrigade/2136373563|TestSearchForFire] choosed:32538
2018-04-15 20:13:18,160 [DEBUG|FireBrigade/2136373563|TestBuildingDetector] Time:71
2018-04-15 20:13:18,160 [DEBUG|FireBrigade/2136373563|TestSearchForFire] Time:71
2018-04-15 20:13:18,161 [DEBUG|FireBrigade/2136373563|TestBuildingDetector] FieryBuildingsTargets: []
2018-04-15 20:13:18,161 [DEBUG|FireBrigade/2136373563|TestSearchForFire] unsearchedBuildingIDs:[18435, 15235, 10756, 12933, 30853, 24069, 22151, 21385, 26633, 21022, 15262, 12960, 22178, 20132, 13481, 17583, 28980, 20919, 18489, 12987, 32574, 17604, 27716, 22471, 20947, 13652, 22613, 24151, 30940, 23132, 12901, 11749, 10728, 20073, 14831, 13041, 12023, 29052, 13181]
2018-04-15 20:13:18,161 [DEBUG|FireBrigade/2136373563|TestSearchForFire] best path is:[32538, 32544, 8538, 32536, 32537, 5748, 8880, 21401, 21385]
2018-04-15 20:13:18,161 [DEBUG|FireBrigade/2136373563|TestSearchForFire] choosed:8880
2018-04-15 20:13:22,053 [DEBUG|FireBrigade/2136373563|TestBuildingDetector] Time:72
2018-04-15 20:13:22,053 [DEBUG|FireBrigade/2136373563|TestSearchForFire] Time:72
2018-04-15 20:13:22,053 [DEBUG|FireBrigade/2136373563|TestBuildingDetector] FieryBuildingsTargets: []
2018-04-15 20:13:22,053 [DEBUG|FireBrigade/2136373563|TestSearchForFire] unsearchedBuildingIDs:[15235, 10756, 12933, 30853, 24069, 22151, 26633, 21022, 15262, 12960, 22178, 20132, 13481, 17583, 28980, 20919, 12987, 32574, 17604, 27716, 22471, 20947, 13652, 24151, 30940, 12901, 10728, 20073, 14831, 13041, 12023, 29052, 13181]
2018-04-15 20:13:22,053 [DEBUG|FireBrigade/2136373563|TestSearchForFire] best path is:[5748, 8880, 4443, 1782, 8025, 8970, 4470, 7260, 22488, 22471]
2018-04-15 20:13:22,054 [DEBUG|FireBrigade/2136373563|TestSearchForFire] choosed:7260
2018-04-15 20:13:25,852 [DEBUG|FireBrigade/2136373563|TestBuildingDetector] Time:73
2018-04-15 20:13:25,852 [DEBUG|FireBrigade/2136373563|TestSearchForFire] Time:73
2018-04-15 20:13:25,852 [DEBUG|FireBrigade/2136373563|TestBuildingDetector] FieryBuildingsTargets: []
2018-04-15 20:13:25,852 [DEBUG|FireBrigade/2136373563|TestSearchForFire] unsearchedBuildingIDs:[10756, 12933, 30853, 24069, 22151, 26633, 15262, 12960, 22178, 13481, 17583, 28980, 20919, 32574, 17604, 27716, 13652, 24151, 30940, 10728, 20073, 14831, 29052, 13181]
2018-04-15 20:13:25,853 [DEBUG|FireBrigade/2136373563|TestSearchForFire] best path is:[4470, 7260, 1262, 5955, 2400, 24167, 24151]
2018-04-15 20:13:25,853 [DEBUG|FireBrigade/2136373563|TestSearchForFire] choosed:2400
2018-04-15 20:13:29,560 [DEBUG|FireBrigade/2136373563|TestBuildingDetector] Time:74
2018-04-15 20:13:29,560 [DEBUG|FireBrigade/2136373563|TestSearchForFire] Time:74
2018-04-15 20:13:29,561 [DEBUG|FireBrigade/2136373563|TestBuildingDetector] FieryBuildingsTargets: []
2018-04-15 20:13:29,561 [DEBUG|FireBrigade/2136373563|TestSearchForFire] unsearchedBuildingIDs:[10756, 12933, 30853, 24069, 22151, 26633, 15262, 22178, 13481, 17583, 28980, 20919, 32574, 17604, 27716, 13652, 30940, 20073, 14831, 13181]
2018-04-15 20:13:29,561 [DEBUG|FireBrigade/2136373563|TestSearchForFire] best path is:[2400, 8493, 3849, 7827, 9809, 30853]
2018-04-15 20:13:29,561 [DEBUG|FireBrigade/2136373563|TestSearchForFire] choosed:7827
2018-04-15 20:13:33,352 [DEBUG|FireBrigade/2136373563|TestBuildingDetector] Time:75
2018-04-15 20:13:33,352 [DEBUG|FireBrigade/2136373563|TestSearchForFire] Time:75
2018-04-15 20:13:33,353 [DEBUG|FireBrigade/2136373563|TestBuildingDetector] FieryBuildingsTargets: []
2018-04-15 20:13:33,353 [DEBUG|FireBrigade/2136373563|TestSearchForFire] unsearchedBuildingIDs:[10756, 24069, 22151, 26633, 15262, 22178, 13481, 17583, 28980, 20919, 32574, 27716, 13652, 30940, 20073, 14831, 13181]
2018-04-15 20:13:33,353 [DEBUG|FireBrigade/2136373563|TestSearchForFire] best path is:[7827, 2931, 30834, 30835, 13668, 13652]
2018-04-15 20:13:33,353 [DEBUG|FireBrigade/2136373563|TestSearchForFire] choosed:30835
2018-04-15 20:13:37,312 [DEBUG|FireBrigade/2136373563|TestBuildingDetector] Time:76
2018-04-15 20:13:37,312 [DEBUG|FireBrigade/2136373563|TestSearchForFire] Time:76
2018-04-15 20:13:37,312 [DEBUG|FireBrigade/2136373563|TestBuildingDetector] FieryBuildingsTargets: []
2018-04-15 20:13:37,312 [DEBUG|FireBrigade/2136373563|TestSearchForFire] unsearchedBuildingIDs:[10756, 24069, 22151, 26633, 15262, 22178, 13481, 28980, 20919, 32574, 27716, 30940, 20073, 14831, 13181]
2018-04-15 20:13:37,313 [DEBUG|FireBrigade/2136373563|TestSearchForFire] best path is:[30835, 30836, 7881, 35375, 35374, 30821, 30820, 28980]
2018-04-15 20:13:37,313 [DEBUG|FireBrigade/2136373563|TestSearchForFire] choosed:30821
2018-04-15 20:13:41,032 [DEBUG|FireBrigade/2136373563|TestBuildingDetector] Time:77
2018-04-15 20:13:41,034 [DEBUG|FireBrigade/2136373563|TestSearchForFire] Time:77
2018-04-15 20:13:41,034 [DEBUG|FireBrigade/2136373563|TestBuildingDetector] FieryBuildingsTargets: []
2018-04-15 20:13:41,034 [DEBUG|FireBrigade/2136373563|TestSearchForFire] unsearchedBuildingIDs:[10756, 24069, 22151, 26633, 15262, 22178, 13481, 20919, 32574, 30940, 20073, 13181]
2018-04-15 20:13:41,035 [DEBUG|FireBrigade/2136373563|TestSearchForFire] best path is:[35375, 7881, 30836, 30835, 30834, 2931, 7827, 3849, 8493, 32911, 32914, 20919]
2018-04-15 20:13:41,035 [DEBUG|FireBrigade/2136373563|TestSearchForFire] choosed:32911
2018-04-15 20:13:44,504 [DEBUG|FireBrigade/2136373563|TestBuildingDetector] Time:78
2018-04-15 20:13:44,504 [DEBUG|FireBrigade/2136373563|TestSearchForFire] Time:78
2018-04-15 20:13:44,505 [DEBUG|FireBrigade/2136373563|TestBuildingDetector] FieryBuildingsTargets: []
2018-04-15 20:13:44,505 [DEBUG|FireBrigade/2136373563|TestSearchForFire] unsearchedBuildingIDs:[10756, 24069, 22151, 26633, 15262, 22178, 13481, 20919, 32574, 30940, 20073, 13181]
2018-04-15 20:13:44,505 [DEBUG|FireBrigade/2136373563|TestSearchForFire] best path is:[3849, 8493, 32911, 32914, 20919]
2018-04-15 20:13:44,505 [DEBUG|FireBrigade/2136373563|TestSearchForFire] choosed:32911
2018-04-15 20:13:48,200 [DEBUG|FireBrigade/2136373563|TestBuildingDetector] Time:79
2018-04-15 20:13:48,200 [DEBUG|FireBrigade/2136373563|TestSearchForFire] Time:79
2018-04-15 20:13:48,201 [DEBUG|FireBrigade/2136373563|TestBuildingDetector] FieryBuildingsTargets: []
2018-04-15 20:13:48,201 [DEBUG|FireBrigade/2136373563|TestSearchForFire] unsearchedBuildingIDs:[10756, 22151, 26633, 15262, 22178, 13481, 32574, 20073, 13181]
2018-04-15 20:13:48,201 [DEBUG|FireBrigade/2136373563|TestSearchForFire] best path is:[32911, 32909, 32910, 26633]
2018-04-15 20:13:48,201 [DEBUG|FireBrigade/2136373563|TestSearchForFire] choosed:32909
2018-04-15 20:13:51,936 [DEBUG|FireBrigade/2136373563|TestBuildingDetector] Time:80
2018-04-15 20:13:51,936 [DEBUG|FireBrigade/2136373563|TestSearchForFire] Time:80
2018-04-15 20:13:51,937 [DEBUG|FireBrigade/2136373563|TestBuildingDetector] FieryBuildingsTargets: []
2018-04-15 20:13:51,937 [DEBUG|FireBrigade/2136373563|TestSearchForFire] unsearchedBuildingIDs:[10756, 22151, 15262, 22178, 13481, 32574, 20073, 13181]
2018-04-15 20:13:51,938 [DEBUG|FireBrigade/2136373563|TestSearchForFire] best path is:[32909, 32911, 8493, 2400, 5955, 1262, 2274, 8124, 1846, 3408, 7026, 10772, 10756]
2018-04-15 20:13:51,938 [DEBUG|FireBrigade/2136373563|TestSearchForFire] choosed:7026
2018-04-15 20:13:55,413 [DEBUG|FireBrigade/2136373563|TestBuildingDetector] Time:81
2018-04-15 20:13:55,413 [DEBUG|FireBrigade/2136373563|TestSearchForFire] Time:81
2018-04-15 20:13:55,414 [DEBUG|FireBrigade/2136373563|TestBuildingDetector] FieryBuildingsTargets: []
2018-04-15 20:13:55,414 [DEBUG|FireBrigade/2136373563|TestSearchForFire] unsearchedBuildingIDs:[10756, 22151, 15262, 22178, 13481, 32574, 20073, 13181]
2018-04-15 20:13:55,414 [DEBUG|FireBrigade/2136373563|TestSearchForFire] best path is:[2400, 5955, 1262, 2274, 8124, 1846, 3408, 7026, 10772, 10756]
2018-04-15 20:13:55,414 [DEBUG|FireBrigade/2136373563|TestSearchForFire] choosed:7026
2018-04-15 20:13:59,032 [DEBUG|FireBrigade/2136373563|TestBuildingDetector] Time:82
2018-04-15 20:13:59,032 [DEBUG|FireBrigade/2136373563|TestSearchForFire] Time:82
2018-04-15 20:13:59,033 [DEBUG|FireBrigade/2136373563|TestBuildingDetector] FieryBuildingsTargets: []
2018-04-15 20:13:59,033 [DEBUG|FireBrigade/2136373563|TestSearchForFire] unsearchedBuildingIDs:[22151, 15262, 22178, 13481, 32574, 20073, 13181]
2018-04-15 20:13:59,033 [DEBUG|FireBrigade/2136373563|TestSearchForFire] best path is:[7026, 3408, 1846, 6099, 22194, 22178]
2018-04-15 20:13:59,033 [DEBUG|FireBrigade/2136373563|TestSearchForFire] choosed:6099
2018-04-15 20:14:02,705 [DEBUG|FireBrigade/2136373563|TestBuildingDetector] Time:83
2018-04-15 20:14:02,705 [DEBUG|FireBrigade/2136373563|TestSearchForFire] Time:83
2018-04-15 20:14:02,705 [DEBUG|FireBrigade/2136373563|TestBuildingDetector] FieryBuildingsTargets: []
2018-04-15 20:14:02,705 [DEBUG|FireBrigade/2136373563|TestSearchForFire] unsearchedBuildingIDs:[32574]
2018-04-15 20:14:02,706 [DEBUG|FireBrigade/2136373563|TestSearchForFire] best path is:[6099, 9195, 8133, 32572, 7098, 4695, 2922, 12890, 32574]
2018-04-15 20:14:02,706 [DEBUG|FireBrigade/2136373563|TestSearchForFire] choosed:2922
2018-04-15 20:14:06,415 [DEBUG|FireBrigade/2136373563|TestBuildingDetector] Time:84
2018-04-15 20:14:06,415 [DEBUG|FireBrigade/2136373563|TestSearchForFire] Time:84
2018-04-15 20:14:06,416 [DEBUG|FireBrigade/2136373563|TestBuildingDetector] FieryBuildingsTargets: []
2018-04-15 20:14:06,416 [DEBUG|FireBrigade/2136373563|TestSearchForFire] unsearchedBuildingIDs:[18435, 10756, 12933, 30853, 24069, 21385, 26633, 18071, 13598, 12960, 32546, 10787, 23332, 20132, 17583, 28980, 28341, 20919, 18489, 12987, 17604, 27716, 22471, 20947, 13652, 22613, 24151, 30940, 23132, 21214, 22499, 12901, 11749, 10728, 14831, 13041, 24314, 29052]
2018-04-15 20:14:06,416 [DEBUG|FireBrigade/2136373563|TestSearchForFire] best path is:[32572, 8133, 9195, 6099, 35317, 12901]
2018-04-15 20:14:06,416 [DEBUG|FireBrigade/2136373563|TestSearchForFire] choosed:6099
2018-04-15 20:14:10,177 [DEBUG|FireBrigade/2136373563|TestBuildingDetector] Time:85
2018-04-15 20:14:10,177 [DEBUG|FireBrigade/2136373563|TestSearchForFire] Time:85
2018-04-15 20:14:10,177 [DEBUG|FireBrigade/2136373563|TestBuildingDetector] FieryBuildingsTargets: []
2018-04-15 20:14:10,177 [DEBUG|FireBrigade/2136373563|TestSearchForFire] unsearchedBuildingIDs:[18435, 10756, 12933, 30853, 24069, 21385, 26633, 18071, 13598, 12960, 32546, 10787, 23332, 17583, 28980, 28341, 20919, 18489, 17604, 27716, 20947, 13652, 22613, 30940, 23132, 21214, 22499, 11749, 10728, 14831, 13041, 24314, 29052]
2018-04-15 20:14:10,178 [DEBUG|FireBrigade/2136373563|TestSearchForFire] best path is:[6099, 1846, 8124, 2274, 1262, 7260, 4470, 13057, 13041]
2018-04-15 20:14:10,178 [DEBUG|FireBrigade/2136373563|TestSearchForFire] choosed:4470
2018-04-15 20:14:13,740 [DEBUG|FireBrigade/2136373563|TestBuildingDetector] Time:86
2018-04-15 20:14:13,740 [DEBUG|FireBrigade/2136373563|TestSearchForFire] Time:86
2018-04-15 20:14:13,740 [DEBUG|FireBrigade/2136373563|TestBuildingDetector] FieryBuildingsTargets: []
2018-04-15 20:14:13,740 [DEBUG|FireBrigade/2136373563|TestSearchForFire] unsearchedBuildingIDs:[10756, 12933, 30853, 24069, 26633, 18071, 13598, 12960, 32546, 10787, 23332, 17583, 28980, 28341, 20919, 18489, 17604, 27716, 20947, 13652, 22613, 30940, 21214, 22499, 10728, 14831, 24314, 29052]
2018-04-15 20:14:13,740 [DEBUG|FireBrigade/2136373563|TestSearchForFire] best path is:[4470, 7260, 1262, 5955, 2400, 8493, 12976, 12960]
2018-04-15 20:14:13,740 [DEBUG|FireBrigade/2136373563|TestSearchForFire] choosed:8493
2018-04-15 20:14:17,128 [DEBUG|FireBrigade/2136373563|TestBuildingDetector] Time:87
2018-04-15 20:14:17,128 [DEBUG|FireBrigade/2136373563|TestSearchForFire] Time:87
2018-04-15 20:14:17,129 [DEBUG|FireBrigade/2136373563|TestBuildingDetector] FieryBuildingsTargets: []
2018-04-15 20:14:17,129 [DEBUG|FireBrigade/2136373563|TestSearchForFire] unsearchedBuildingIDs:[10756, 24069, 26633, 18071, 13598, 32546, 10787, 23332, 17583, 28980, 28341, 20919, 18489, 17604, 27716, 20947, 13652, 22613, 30940, 21214, 22499, 14831, 24314, 29052]
2018-04-15 20:14:17,129 [DEBUG|FireBrigade/2136373563|TestSearchForFire] best path is:[8493, 3849, 7827, 29069, 29052]
2018-04-15 20:14:17,129 [DEBUG|FireBrigade/2136373563|TestSearchForFire] choosed:7827
2018-04-15 20:14:20,512 [DEBUG|FireBrigade/2136373563|TestBuildingDetector] Time:88
2018-04-15 20:14:20,512 [DEBUG|FireBrigade/2136373563|TestSearchForFire] Time:88
2018-04-15 20:14:20,513 [DEBUG|FireBrigade/2136373563|TestBuildingDetector] FieryBuildingsTargets: []
2018-04-15 20:14:20,513 [DEBUG|FireBrigade/2136373563|TestSearchForFire] unsearchedBuildingIDs:[10756, 24069, 26633, 18071, 13598, 32546, 10787, 23332, 17583, 28980, 28341, 20919, 18489, 27716, 20947, 13652, 22613, 30940, 21214, 22499, 14831, 24314]
2018-04-15 20:14:20,513 [DEBUG|FireBrigade/2136373563|TestSearchForFire] best path is:[7827, 2931, 30834, 30835, 13668, 13652]
2018-04-15 20:14:20,513 [DEBUG|FireBrigade/2136373563|TestSearchForFire] choosed:30835
2018-04-15 20:14:24,148 [DEBUG|FireBrigade/2136373563|TestBuildingDetector] Time:89
2018-04-15 20:14:24,150 [DEBUG|FireBrigade/2136373563|TestSearchForFire] Time:89
2018-04-15 20:14:24,153 [DEBUG|FireBrigade/2136373563|TestBuildingDetector] FieryBuildingsTargets: []
2018-04-15 20:14:24,153 [DEBUG|FireBrigade/2136373563|TestSearchForFire] unsearchedBuildingIDs:[10756, 24069, 26633, 18071, 13598, 32546, 10787, 23332, 28980, 28341, 20919, 18489, 27716, 20947, 22613, 30940, 21214, 22499, 14831, 24314]
2018-04-15 20:14:24,153 [DEBUG|FireBrigade/2136373563|TestSearchForFire] best path is:[30835, 30836, 7881, 35375, 35374, 30821, 30820, 28980]
2018-04-15 20:14:24,153 [DEBUG|FireBrigade/2136373563|TestSearchForFire] choosed:30821
2018-04-15 20:14:27,760 [DEBUG|FireBrigade/2136373563|TestBuildingDetector] Time:90
2018-04-15 20:14:27,760 [DEBUG|FireBrigade/2136373563|TestSearchForFire] Time:90
2018-04-15 20:14:27,761 [DEBUG|FireBrigade/2136373563|TestBuildingDetector] FieryBuildingsTargets: []
2018-04-15 20:14:27,761 [DEBUG|FireBrigade/2136373563|TestSearchForFire] unsearchedBuildingIDs:[10756, 24069, 26633, 18071, 13598, 32546, 10787, 23332, 28341, 20919, 18489, 20947, 22613, 30940, 21214, 22499, 24314]
2018-04-15 20:14:27,761 [DEBUG|FireBrigade/2136373563|TestSearchForFire] best path is:[35375, 7881, 30836, 30835, 30834, 2931, 7827, 3849, 8493, 32911, 32914, 20919]
2018-04-15 20:14:27,761 [DEBUG|FireBrigade/2136373563|TestSearchForFire] choosed:32911
2018-04-15 20:14:31,292 [DEBUG|FireBrigade/2136373563|TestBuildingDetector] Time:91
2018-04-15 20:14:31,292 [DEBUG|FireBrigade/2136373563|TestSearchForFire] Time:91
2018-04-15 20:14:31,293 [DEBUG|FireBrigade/2136373563|TestBuildingDetector] FieryBuildingsTargets: []
2018-04-15 20:14:31,293 [DEBUG|FireBrigade/2136373563|TestSearchForFire] unsearchedBuildingIDs:[10756, 24069, 26633, 18071, 13598, 32546, 10787, 23332, 28341, 20919, 18489, 20947, 22613, 30940, 21214, 22499, 24314]
2018-04-15 20:14:31,293 [DEBUG|FireBrigade/2136373563|TestSearchForFire] best path is:[3849, 8493, 32911, 32914, 20919]
2018-04-15 20:14:31,293 [DEBUG|FireBrigade/2136373563|TestSearchForFire] choosed:32911
2018-04-15 20:14:34,996 [DEBUG|FireBrigade/2136373563|TestBuildingDetector] Time:92
2018-04-15 20:14:34,996 [DEBUG|FireBrigade/2136373563|TestSearchForFire] Time:92
2018-04-15 20:14:34,997 [DEBUG|FireBrigade/2136373563|TestBuildingDetector] FieryBuildingsTargets: []
2018-04-15 20:14:34,997 [DEBUG|FireBrigade/2136373563|TestSearchForFire] unsearchedBuildingIDs:[10756, 26633, 18071, 13598, 32546, 10787, 23332, 28341, 18489, 22613, 21214, 22499, 24314]
2018-04-15 20:14:34,997 [DEBUG|FireBrigade/2136373563|TestSearchForFire] best path is:[32911, 32909, 32910, 26633]
2018-04-15 20:14:34,997 [DEBUG|FireBrigade/2136373563|TestSearchForFire] choosed:32909
2018-04-15 20:14:38,736 [DEBUG|FireBrigade/2136373563|TestBuildingDetector] Time:93
2018-04-15 20:14:38,736 [DEBUG|FireBrigade/2136373563|TestSearchForFire] Time:93
2018-04-15 20:14:38,737 [DEBUG|FireBrigade/2136373563|TestBuildingDetector] FieryBuildingsTargets: []
2018-04-15 20:14:38,737 [DEBUG|FireBrigade/2136373563|TestSearchForFire] unsearchedBuildingIDs:[10756, 18071, 13598, 32546, 10787, 23332, 28341, 18489, 22613, 21214, 22499, 24314]
2018-04-15 20:14:38,737 [DEBUG|FireBrigade/2136373563|TestSearchForFire] best path is:[32909, 32911, 8493, 2400, 5955, 1262, 2274, 8124, 1846, 3408, 7026, 10772, 10756]
2018-04-15 20:14:38,737 [DEBUG|FireBrigade/2136373563|TestSearchForFire] choosed:7026
2018-04-15 20:14:42,136 [DEBUG|FireBrigade/2136373563|TestBuildingDetector] Time:94
2018-04-15 20:14:42,136 [DEBUG|FireBrigade/2136373563|TestSearchForFire] Time:94
2018-04-15 20:14:42,137 [DEBUG|FireBrigade/2136373563|TestBuildingDetector] FieryBuildingsTargets: []
2018-04-15 20:14:42,137 [DEBUG|FireBrigade/2136373563|TestSearchForFire] unsearchedBuildingIDs:[10756, 18071, 13598, 32546, 10787, 23332, 28341, 18489, 22613, 21214, 22499, 24314]
2018-04-15 20:14:42,137 [DEBUG|FireBrigade/2136373563|TestSearchForFire] best path is:[2400, 5955, 1262, 2274, 8124, 1846, 3408, 7026, 10772, 10756]
2018-04-15 20:14:42,137 [DEBUG|FireBrigade/2136373563|TestSearchForFire] choosed:7026
2018-04-15 20:14:45,712 [DEBUG|FireBrigade/2136373563|TestBuildingDetector] Time:95
2018-04-15 20:14:45,712 [DEBUG|FireBrigade/2136373563|TestSearchForFire] Time:95
2018-04-15 20:14:45,713 [DEBUG|FireBrigade/2136373563|TestBuildingDetector] FieryBuildingsTargets: []
2018-04-15 20:14:45,713 [DEBUG|FireBrigade/2136373563|TestSearchForFire] unsearchedBuildingIDs:[18071, 13598, 32546, 10787, 23332, 18489, 22613, 21214, 24314]
2018-04-15 20:14:45,713 [DEBUG|FireBrigade/2136373563|TestSearchForFire] best path is:[7026, 3408, 1846, 8124, 2274, 1262, 7260, 4470, 8970, 8025, 1782, 4443, 8880, 5748, 32537, 32536, 18087, 18071]
2018-04-15 20:14:45,713 [DEBUG|FireBrigade/2136373563|TestSearchForFire] choosed:32536
2018-04-15 20:14:49,421 [DEBUG|FireBrigade/2136373563|TestBuildingDetector] Time:96
2018-04-15 20:14:49,422 [DEBUG|FireBrigade/2136373563|TestSearchForFire] Time:96
2018-04-15 20:14:49,422 [DEBUG|FireBrigade/2136373563|TestBuildingDetector] FieryBuildingsTargets: []
2018-04-15 20:14:49,422 [DEBUG|FireBrigade/2136373563|TestSearchForFire] unsearchedBuildingIDs:[18071, 13598, 32546, 10787, 23332, 18489, 22613, 21214, 24314]
2018-04-15 20:14:49,422 [DEBUG|FireBrigade/2136373563|TestSearchForFire] best path is:[4470, 8970, 8025, 1782, 4443, 8880, 5748, 32537, 32536, 18087, 18071]
2018-04-15 20:14:49,422 [DEBUG|FireBrigade/2136373563|TestSearchForFire] choosed:32536
2018-04-15 20:14:53,048 [DEBUG|FireBrigade/2136373563|TestBuildingDetector] Time:97
2018-04-15 20:14:53,048 [DEBUG|FireBrigade/2136373563|TestSearchForFire] Time:97
2018-04-15 20:14:53,049 [DEBUG|FireBrigade/2136373563|TestBuildingDetector] FieryBuildingsTargets: []
2018-04-15 20:14:53,049 [DEBUG|FireBrigade/2136373563|TestSearchForFire] unsearchedBuildingIDs:[13598, 32546, 10787, 23332, 21214]
2018-04-15 20:14:53,049 [DEBUG|FireBrigade/2136373563|TestSearchForFire] best path is:[32537, 32536, 8538, 32544, 32538, 2130, 13614, 13598]
2018-04-15 20:14:53,049 [DEBUG|FireBrigade/2136373563|TestSearchForFire] choosed:2130
2018-04-15 20:14:56,744 [DEBUG|FireBrigade/2136373563|TestBuildingDetector] Time:98
2018-04-15 20:14:56,744 [DEBUG|FireBrigade/2136373563|TestSearchForFire] Time:98
2018-04-15 20:14:56,745 [DEBUG|FireBrigade/2136373563|TestBuildingDetector] FieryBuildingsTargets: []
2018-04-15 20:14:56,745 [DEBUG|FireBrigade/2136373563|TestSearchForFire] unsearchedBuildingIDs:[13598, 23332]
2018-04-15 20:14:56,745 [DEBUG|FireBrigade/2136373563|TestSearchForFire] best path is:[32538, 2130, 13614, 13598]
2018-04-15 20:14:56,745 [DEBUG|FireBrigade/2136373563|TestSearchForFire] choosed:2130
2018-04-15 20:15:00,100 [DEBUG|FireBrigade/2136373563|TestBuildingDetector] Time:99
2018-04-15 20:15:00,100 [DEBUG|FireBrigade/2136373563|TestSearchForFire] Time:99
2018-04-15 20:15:00,101 [DEBUG|FireBrigade/2136373563|TestBuildingDetector] FieryBuildingsTargets: []
2018-04-15 20:15:00,101 [DEBUG|FireBrigade/2136373563|TestSearchForFire] unsearchedBuildingIDs:[23332]
2018-04-15 20:15:00,101 [DEBUG|FireBrigade/2136373563|TestSearchForFire] best path is:[2130, 4767, 6963, 35372, 2121, 6054, 4371, 337, 9456, 8412, 2589, 4992, 23348, 23332]
2018-04-15 20:15:00,101 [DEBUG|FireBrigade/2136373563|TestSearchForFire] choosed:4992
2018-04-15 20:15:03,644 [DEBUG|FireBrigade/2136373563|TestBuildingDetector] Time:100
2018-04-15 20:15:03,644 [DEBUG|FireBrigade/2136373563|TestSearchForFire] Time:100
2018-04-15 20:15:03,645 [DEBUG|FireBrigade/2136373563|TestBuildingDetector] FieryBuildingsTargets: []
2018-04-15 20:15:03,645 [DEBUG|FireBrigade/2136373563|TestSearchForFire] unsearchedBuildingIDs:[23332]
2018-04-15 20:15:03,645 [DEBUG|FireBrigade/2136373563|TestSearchForFire] best path is:[4371, 337, 9456, 8412, 2589, 4992, 23348, 23332]
2018-04-15 20:15:03,645 [DEBUG|FireBrigade/2136373563|TestSearchForFire] choosed:4992
2018-04-15 20:15:07,076 [DEBUG|FireBrigade/2136373563|TestBuildingDetector] Time:101
2018-04-15 20:15:07,077 [DEBUG|FireBrigade/2136373563|TestSearchForFire] Time:101
2018-04-15 20:15:07,077 [DEBUG|FireBrigade/2136373563|TestBuildingDetector] FieryBuildingsTargets: [Building (27657), Building (27684), Building (9820)]
2018-04-15 20:15:07,077 [DEBUG|FireBrigade/2136373563|TestBuildingDetector] Selected:Building (27657)
2018-04-15 20:15:10,532 [DEBUG|FireBrigade/2136373563|TestBuildingDetector] Time:102
2018-04-15 20:15:10,532 [DEBUG|FireBrigade/2136373563|TestSearchForFire] Time:102
2018-04-15 20:15:10,533 [DEBUG|FireBrigade/2136373563|TestBuildingDetector] FieryBuildingsTargets: [Building (27657), Building (27684), Building (9820)]
2018-04-15 20:15:10,533 [DEBUG|FireBrigade/2136373563|TestBuildingDetector] Selected:Building (27657)
2018-04-15 20:15:14,080 [DEBUG|FireBrigade/2136373563|TestBuildingDetector] Time:103
2018-04-15 20:15:14,080 [DEBUG|FireBrigade/2136373563|TestSearchForFire] Time:103
2018-04-15 20:15:14,080 [DEBUG|FireBrigade/2136373563|TestBuildingDetector] FieryBuildingsTargets: [Building (27657), Building (9820)]
2018-04-15 20:15:14,080 [DEBUG|FireBrigade/2136373563|TestBuildingDetector] Selected:Building (27657)
2018-04-15 20:15:17,732 [DEBUG|FireBrigade/2136373563|TestBuildingDetector] Time:104
2018-04-15 20:15:17,732 [DEBUG|FireBrigade/2136373563|TestSearchForFire] Time:104
2018-04-15 20:15:17,733 [DEBUG|FireBrigade/2136373563|TestBuildingDetector] FieryBuildingsTargets: [Building (27657), Building (17990), Building (9820)]
2018-04-15 20:15:17,733 [DEBUG|FireBrigade/2136373563|TestBuildingDetector] Selected:Building (17990)
2018-04-15 20:15:20,974 [DEBUG|FireBrigade/2136373563|TestBuildingDetector] Time:105
2018-04-15 20:15:20,974 [DEBUG|FireBrigade/2136373563|TestSearchForFire] Time:105
2018-04-15 20:15:20,976 [DEBUG|FireBrigade/2136373563|TestBuildingDetector] FieryBuildingsTargets: [Building (27657), Building (9820)]
2018-04-15 20:15:20,976 [DEBUG|FireBrigade/2136373563|TestBuildingDetector] Selected:Building (27657)
2018-04-15 20:15:24,320 [DEBUG|FireBrigade/2136373563|TestBuildingDetector] Time:106
2018-04-15 20:15:24,320 [DEBUG|FireBrigade/2136373563|TestSearchForFire] Time:106
2018-04-15 20:15:24,321 [DEBUG|FireBrigade/2136373563|TestBuildingDetector] FieryBuildingsTargets: [Building (27657), Building (9820)]
2018-04-15 20:15:24,321 [DEBUG|FireBrigade/2136373563|TestBuildingDetector] Selected:Building (27657)
2018-04-15 20:15:27,660 [DEBUG|FireBrigade/2136373563|TestBuildingDetector] Time:107
2018-04-15 20:15:27,660 [DEBUG|FireBrigade/2136373563|TestSearchForFire] Time:107
2018-04-15 20:15:27,660 [DEBUG|FireBrigade/2136373563|TestBuildingDetector] FieryBuildingsTargets: [Building (27657), Building (9820)]
2018-04-15 20:15:27,661 [DEBUG|FireBrigade/2136373563|TestBuildingDetector] Selected:Building (27657)
2018-04-15 20:15:31,120 [DEBUG|FireBrigade/2136373563|TestBuildingDetector] Time:108
2018-04-15 20:15:31,120 [DEBUG|FireBrigade/2136373563|TestSearchForFire] Time:108
2018-04-15 20:15:31,120 [DEBUG|FireBrigade/2136373563|TestBuildingDetector] FieryBuildingsTargets: [Building (27657), Building (9820)]
2018-04-15 20:15:31,120 [DEBUG|FireBrigade/2136373563|TestBuildingDetector] Selected:Building (9820)
2018-04-15 20:15:34,568 [DEBUG|FireBrigade/2136373563|TestBuildingDetector] Time:109
2018-04-15 20:15:34,568 [DEBUG|FireBrigade/2136373563|TestSearchForFire] Time:109
2018-04-15 20:15:34,569 [DEBUG|FireBrigade/2136373563|TestBuildingDetector] FieryBuildingsTargets: [Building (27657), Building (9820)]
2018-04-15 20:15:34,569 [DEBUG|FireBrigade/2136373563|TestBuildingDetector] Selected:Building (9820)
2018-04-15 20:15:38,116 [DEBUG|FireBrigade/2136373563|TestBuildingDetector] Time:110
2018-04-15 20:15:38,116 [DEBUG|FireBrigade/2136373563|TestSearchForFire] Time:110
2018-04-15 20:15:38,117 [DEBUG|FireBrigade/2136373563|TestBuildingDetector] FieryBuildingsTargets: [Building (27657), Building (9820)]
2018-04-15 20:15:38,117 [DEBUG|FireBrigade/2136373563|TestBuildingDetector] Selected:Building (9820)
2018-04-15 20:15:41,569 [DEBUG|FireBrigade/2136373563|TestBuildingDetector] Time:111
2018-04-15 20:15:41,569 [DEBUG|FireBrigade/2136373563|TestSearchForFire] Time:111
2018-04-15 20:15:41,569 [DEBUG|FireBrigade/2136373563|TestBuildingDetector] FieryBuildingsTargets: [Building (27657), Building (9820)]
2018-04-15 20:15:41,569 [DEBUG|FireBrigade/2136373563|TestBuildingDetector] Selected:Building (9820)
2018-04-15 20:15:44,865 [DEBUG|FireBrigade/2136373563|TestBuildingDetector] Time:112
2018-04-15 20:15:44,865 [DEBUG|FireBrigade/2136373563|TestSearchForFire] Time:112
2018-04-15 20:15:44,865 [DEBUG|FireBrigade/2136373563|TestBuildingDetector] FieryBuildingsTargets: [Building (27657), Building (9820)]
2018-04-15 20:15:44,865 [DEBUG|FireBrigade/2136373563|TestBuildingDetector] Selected:Building (9820)
2018-04-15 20:15:48,103 [DEBUG|FireBrigade/2136373563|TestBuildingDetector] Time:113
2018-04-15 20:15:48,103 [DEBUG|FireBrigade/2136373563|TestSearchForFire] Time:113
2018-04-15 20:15:48,104 [DEBUG|FireBrigade/2136373563|TestBuildingDetector] FieryBuildingsTargets: [Building (27657), Building (9820)]
2018-04-15 20:15:48,104 [DEBUG|FireBrigade/2136373563|TestBuildingDetector] Selected:Building (9820)
2018-04-15 20:15:51,681 [DEBUG|FireBrigade/2136373563|TestBuildingDetector] Time:114
2018-04-15 20:15:51,681 [DEBUG|FireBrigade/2136373563|TestSearchForFire] Time:114
2018-04-15 20:15:51,682 [DEBUG|FireBrigade/2136373563|TestBuildingDetector] FieryBuildingsTargets: [Building (27657), Building (9820)]
2018-04-15 20:15:51,682 [DEBUG|FireBrigade/2136373563|TestBuildingDetector] Selected:Building (9820)
2018-04-15 20:15:55,137 [DEBUG|FireBrigade/2136373563|TestBuildingDetector] Time:115
2018-04-15 20:15:55,137 [DEBUG|FireBrigade/2136373563|TestSearchForFire] Time:115
2018-04-15 20:15:55,137 [DEBUG|FireBrigade/2136373563|TestBuildingDetector] FieryBuildingsTargets: [Building (27657), Building (9820)]
2018-04-15 20:15:55,137 [DEBUG|FireBrigade/2136373563|TestBuildingDetector] Selected:Building (9820)
2018-04-15 20:15:58,488 [DEBUG|FireBrigade/2136373563|TestBuildingDetector] Time:116
2018-04-15 20:15:58,488 [DEBUG|FireBrigade/2136373563|TestSearchForFire] Time:116
2018-04-15 20:15:58,489 [DEBUG|FireBrigade/2136373563|TestBuildingDetector] FieryBuildingsTargets: [Building (27657), Building (9820)]
2018-04-15 20:15:58,489 [DEBUG|FireBrigade/2136373563|TestBuildingDetector] Selected:Building (9820)
2018-04-15 20:16:01,741 [DEBUG|FireBrigade/2136373563|TestBuildingDetector] Time:117
2018-04-15 20:16:01,741 [DEBUG|FireBrigade/2136373563|TestSearchForFire] Time:117
2018-04-15 20:16:01,741 [DEBUG|FireBrigade/2136373563|TestBuildingDetector] FieryBuildingsTargets: [Building (27657), Building (9820)]
2018-04-15 20:16:01,742 [DEBUG|FireBrigade/2136373563|TestBuildingDetector] Selected:Building (9820)
2018-04-15 20:16:05,083 [DEBUG|FireBrigade/2136373563|TestBuildingDetector] Time:118
2018-04-15 20:16:05,083 [DEBUG|FireBrigade/2136373563|TestSearchForFire] Time:118
2018-04-15 20:16:05,083 [DEBUG|FireBrigade/2136373563|TestBuildingDetector] FieryBuildingsTargets: [Building (27657), Building (9820)]
2018-04-15 20:16:05,083 [DEBUG|FireBrigade/2136373563|TestBuildingDetector] Selected:Building (9820)
2018-04-15 20:16:08,397 [DEBUG|FireBrigade/2136373563|TestBuildingDetector] Time:119
2018-04-15 20:16:08,397 [DEBUG|FireBrigade/2136373563|TestSearchForFire] Time:119
2018-04-15 20:16:08,398 [DEBUG|FireBrigade/2136373563|TestBuildingDetector] FieryBuildingsTargets: [Building (27657), Building (9820)]
2018-04-15 20:16:08,398 [DEBUG|FireBrigade/2136373563|TestBuildingDetector] Selected:Building (9820)
2018-04-15 20:16:11,992 [DEBUG|FireBrigade/2136373563|TestBuildingDetector] Time:120
2018-04-15 20:16:11,993 [DEBUG|FireBrigade/2136373563|TestSearchForFire] Time:120
2018-04-15 20:16:11,993 [DEBUG|FireBrigade/2136373563|TestBuildingDetector] FieryBuildingsTargets: [Building (27657), Building (9820)]
2018-04-15 20:16:11,993 [DEBUG|FireBrigade/2136373563|TestBuildingDetector] Selected:Building (9820)
2018-04-15 20:16:15,505 [DEBUG|FireBrigade/2136373563|TestBuildingDetector] Time:121
2018-04-15 20:16:15,505 [DEBUG|FireBrigade/2136373563|TestSearchForFire] Time:121
2018-04-15 20:16:15,505 [DEBUG|FireBrigade/2136373563|TestBuildingDetector] FieryBuildingsTargets: [Building (27657), Building (9820)]
2018-04-15 20:16:15,505 [DEBUG|FireBrigade/2136373563|TestBuildingDetector] Selected:Building (9820)
2018-04-15 20:16:18,812 [DEBUG|FireBrigade/2136373563|TestBuildingDetector] Time:122
2018-04-15 20:16:18,812 [DEBUG|FireBrigade/2136373563|TestSearchForFire] Time:122
2018-04-15 20:16:18,813 [DEBUG|FireBrigade/2136373563|TestBuildingDetector] FieryBuildingsTargets: [Building (27657), Building (9820)]
2018-04-15 20:16:18,813 [DEBUG|FireBrigade/2136373563|TestBuildingDetector] Selected:Building (9820)
2018-04-15 20:16:21,957 [DEBUG|FireBrigade/2136373563|TestBuildingDetector] Time:123
2018-04-15 20:16:21,957 [DEBUG|FireBrigade/2136373563|TestSearchForFire] Time:123
2018-04-15 20:16:21,957 [DEBUG|FireBrigade/2136373563|TestBuildingDetector] FieryBuildingsTargets: [Building (27657), Building (9820)]
2018-04-15 20:16:21,957 [DEBUG|FireBrigade/2136373563|TestBuildingDetector] Selected:Building (9820)
2018-04-15 20:16:25,395 [DEBUG|FireBrigade/2136373563|TestBuildingDetector] Time:124
2018-04-15 20:16:25,396 [DEBUG|FireBrigade/2136373563|TestSearchForFire] Time:124
2018-04-15 20:16:25,396 [DEBUG|FireBrigade/2136373563|TestBuildingDetector] FieryBuildingsTargets: [Building (27657), Building (9820)]
2018-04-15 20:16:25,397 [DEBUG|FireBrigade/2136373563|TestBuildingDetector] Selected:Building (9820)
2018-04-15 20:16:28,821 [DEBUG|FireBrigade/2136373563|TestBuildingDetector] Time:125
2018-04-15 20:16:28,821 [DEBUG|FireBrigade/2136373563|TestSearchForFire] Time:125
2018-04-15 20:16:28,821 [DEBUG|FireBrigade/2136373563|TestBuildingDetector] FieryBuildingsTargets: [Building (27657), Building (9820)]
2018-04-15 20:16:28,821 [DEBUG|FireBrigade/2136373563|TestBuildingDetector] Selected:Building (9820)
2018-04-15 20:16:32,246 [DEBUG|FireBrigade/2136373563|TestBuildingDetector] Time:126
2018-04-15 20:16:32,246 [DEBUG|FireBrigade/2136373563|TestSearchForFire] Time:126
2018-04-15 20:16:32,246 [DEBUG|FireBrigade/2136373563|TestBuildingDetector] FieryBuildingsTargets: [Building (27657), Building (9820)]
2018-04-15 20:16:32,246 [DEBUG|FireBrigade/2136373563|TestBuildingDetector] Selected:Building (9820)
2018-04-15 20:16:35,541 [DEBUG|FireBrigade/2136373563|TestBuildingDetector] Time:127
2018-04-15 20:16:35,541 [DEBUG|FireBrigade/2136373563|TestSearchForFire] Time:127
2018-04-15 20:16:35,542 [DEBUG|FireBrigade/2136373563|TestBuildingDetector] FieryBuildingsTargets: [Building (27657), Building (9820)]
2018-04-15 20:16:35,543 [DEBUG|FireBrigade/2136373563|TestBuildingDetector] Selected:Building (9820)
2018-04-15 20:16:39,065 [DEBUG|FireBrigade/2136373563|TestBuildingDetector] Time:128
2018-04-15 20:16:39,065 [DEBUG|FireBrigade/2136373563|TestSearchForFire] Time:128
2018-04-15 20:16:39,065 [DEBUG|FireBrigade/2136373563|TestBuildingDetector] FieryBuildingsTargets: [Building (27657), Building (9820)]
2018-04-15 20:16:39,065 [DEBUG|FireBrigade/2136373563|TestBuildingDetector] Selected:Building (9820)
2018-04-15 20:16:42,373 [DEBUG|FireBrigade/2136373563|TestBuildingDetector] Time:129
2018-04-15 20:16:42,373 [DEBUG|FireBrigade/2136373563|TestSearchForFire] Time:129
2018-04-15 20:16:42,373 [DEBUG|FireBrigade/2136373563|TestBuildingDetector] FieryBuildingsTargets: [Building (27657), Building (9820)]
2018-04-15 20:16:42,373 [DEBUG|FireBrigade/2136373563|TestBuildingDetector] Selected:Building (9820)
2018-04-15 20:16:45,540 [DEBUG|FireBrigade/2136373563|TestBuildingDetector] Time:130
2018-04-15 20:16:45,541 [DEBUG|FireBrigade/2136373563|TestSearchForFire] Time:130
2018-04-15 20:16:45,541 [DEBUG|FireBrigade/2136373563|TestBuildingDetector] FieryBuildingsTargets: [Building (27657), Building (9820)]
2018-04-15 20:16:45,541 [DEBUG|FireBrigade/2136373563|TestBuildingDetector] Selected:Building (9820)
2018-04-15 20:16:48,777 [DEBUG|FireBrigade/2136373563|TestBuildingDetector] Time:131
2018-04-15 20:16:48,777 [DEBUG|FireBrigade/2136373563|TestSearchForFire] Time:131
2018-04-15 20:16:48,777 [DEBUG|FireBrigade/2136373563|TestBuildingDetector] FieryBuildingsTargets: [Building (27657), Building (9820)]
2018-04-15 20:16:48,777 [DEBUG|FireBrigade/2136373563|TestBuildingDetector] Selected:Building (9820)
2018-04-15 20:16:52,084 [DEBUG|FireBrigade/2136373563|TestBuildingDetector] Time:132
2018-04-15 20:16:52,085 [DEBUG|FireBrigade/2136373563|TestSearchForFire] Time:132
2018-04-15 20:16:52,085 [DEBUG|FireBrigade/2136373563|TestBuildingDetector] FieryBuildingsTargets: [Building (27657), Building (9820)]
2018-04-15 20:16:52,085 [DEBUG|FireBrigade/2136373563|TestBuildingDetector] Selected:Building (9820)
2018-04-15 20:16:55,388 [DEBUG|FireBrigade/2136373563|TestBuildingDetector] Time:133
2018-04-15 20:16:55,388 [DEBUG|FireBrigade/2136373563|TestSearchForFire] Time:133
2018-04-15 20:16:55,389 [DEBUG|FireBrigade/2136373563|TestBuildingDetector] FieryBuildingsTargets: [Building (27657), Building (9820)]
2018-04-15 20:16:55,389 [DEBUG|FireBrigade/2136373563|TestBuildingDetector] Selected:Building (9820)
2018-04-15 20:16:58,709 [DEBUG|FireBrigade/2136373563|TestBuildingDetector] Time:134
2018-04-15 20:16:58,709 [DEBUG|FireBrigade/2136373563|TestSearchForFire] Time:134
2018-04-15 20:16:58,709 [DEBUG|FireBrigade/2136373563|TestBuildingDetector] FieryBuildingsTargets: [Building (27657), Building (9820)]
2018-04-15 20:16:58,709 [DEBUG|FireBrigade/2136373563|TestBuildingDetector] Selected:Building (9820)
2018-04-15 20:17:02,173 [DEBUG|FireBrigade/2136373563|TestBuildingDetector] Time:135
2018-04-15 20:17:02,173 [DEBUG|FireBrigade/2136373563|TestSearchForFire] Time:135
2018-04-15 20:17:02,173 [DEBUG|FireBrigade/2136373563|TestBuildingDetector] FieryBuildingsTargets: [Building (27657), Building (9820)]
2018-04-15 20:17:02,173 [DEBUG|FireBrigade/2136373563|TestBuildingDetector] Selected:Building (9820)
2018-04-15 20:17:05,509 [DEBUG|FireBrigade/2136373563|TestBuildingDetector] Time:136
2018-04-15 20:17:05,509 [DEBUG|FireBrigade/2136373563|TestSearchForFire] Time:136
2018-04-15 20:17:05,509 [DEBUG|FireBrigade/2136373563|TestBuildingDetector] FieryBuildingsTargets: [Building (27657), Building (9820)]
2018-04-15 20:17:05,509 [DEBUG|FireBrigade/2136373563|TestBuildingDetector] Selected:Building (9820)
2018-04-15 20:17:08,941 [DEBUG|FireBrigade/2136373563|TestBuildingDetector] Time:137
2018-04-15 20:17:08,941 [DEBUG|FireBrigade/2136373563|TestSearchForFire] Time:137
2018-04-15 20:17:08,941 [DEBUG|FireBrigade/2136373563|TestBuildingDetector] FieryBuildingsTargets: [Building (27657), Building (9820)]
2018-04-15 20:17:08,941 [DEBUG|FireBrigade/2136373563|TestBuildingDetector] Selected:Building (9820)
2018-04-15 20:17:12,453 [DEBUG|FireBrigade/2136373563|TestBuildingDetector] Time:138
2018-04-15 20:17:12,453 [DEBUG|FireBrigade/2136373563|TestSearchForFire] Time:138
2018-04-15 20:17:12,453 [DEBUG|FireBrigade/2136373563|TestBuildingDetector] FieryBuildingsTargets: [Building (27657), Building (9820)]
2018-04-15 20:17:12,453 [DEBUG|FireBrigade/2136373563|TestBuildingDetector] Selected:Building (9820)
2018-04-15 20:17:15,712 [DEBUG|FireBrigade/2136373563|TestBuildingDetector] Time:139
2018-04-15 20:17:15,712 [DEBUG|FireBrigade/2136373563|TestSearchForFire] Time:139
2018-04-15 20:17:15,713 [DEBUG|FireBrigade/2136373563|TestBuildingDetector] FieryBuildingsTargets: [Building (27657), Building (9820)]
2018-04-15 20:17:15,713 [DEBUG|FireBrigade/2136373563|TestBuildingDetector] Selected:Building (9820)
2018-04-15 20:17:19,265 [DEBUG|FireBrigade/2136373563|TestBuildingDetector] Time:140
2018-04-15 20:17:19,265 [DEBUG|FireBrigade/2136373563|TestSearchForFire] Time:140
2018-04-15 20:17:19,265 [DEBUG|FireBrigade/2136373563|TestBuildingDetector] FieryBuildingsTargets: [Building (27657), Building (9820)]
2018-04-15 20:17:19,266 [DEBUG|FireBrigade/2136373563|TestBuildingDetector] Selected:Building (9820)
2018-04-15 20:17:22,689 [DEBUG|FireBrigade/2136373563|TestBuildingDetector] Time:141
2018-04-15 20:17:22,689 [DEBUG|FireBrigade/2136373563|TestSearchForFire] Time:141
2018-04-15 20:17:22,689 [DEBUG|FireBrigade/2136373563|TestBuildingDetector] FieryBuildingsTargets: [Building (27657), Building (9820)]
2018-04-15 20:17:22,689 [DEBUG|FireBrigade/2136373563|TestBuildingDetector] Selected:Building (9820)
2018-04-15 20:17:26,009 [DEBUG|FireBrigade/2136373563|TestBuildingDetector] Time:142
2018-04-15 20:17:26,009 [DEBUG|FireBrigade/2136373563|TestSearchForFire] Time:142
2018-04-15 20:17:26,009 [DEBUG|FireBrigade/2136373563|TestBuildingDetector] FieryBuildingsTargets: [Building (27657), Building (9820)]
2018-04-15 20:17:26,009 [DEBUG|FireBrigade/2136373563|TestBuildingDetector] Selected:Building (9820)
2018-04-15 20:17:29,396 [DEBUG|FireBrigade/2136373563|TestBuildingDetector] Time:143
2018-04-15 20:17:29,396 [DEBUG|FireBrigade/2136373563|TestSearchForFire] Time:143
2018-04-15 20:17:29,397 [DEBUG|FireBrigade/2136373563|TestBuildingDetector] FieryBuildingsTargets: [Building (27657), Building (9820)]
2018-04-15 20:17:29,397 [DEBUG|FireBrigade/2136373563|TestBuildingDetector] Selected:Building (9820)
2018-04-15 20:17:32,767 [DEBUG|FireBrigade/2136373563|TestBuildingDetector] Time:144
2018-04-15 20:17:32,767 [DEBUG|FireBrigade/2136373563|TestSearchForFire] Time:144
2018-04-15 20:17:32,767 [DEBUG|FireBrigade/2136373563|TestBuildingDetector] FieryBuildingsTargets: [Building (27657), Building (9820)]
2018-04-15 20:17:32,767 [DEBUG|FireBrigade/2136373563|TestBuildingDetector] Selected:Building (9820)
2018-04-15 20:17:36,034 [DEBUG|FireBrigade/2136373563|TestBuildingDetector] Time:145
2018-04-15 20:17:36,034 [DEBUG|FireBrigade/2136373563|TestSearchForFire] Time:145
2018-04-15 20:17:36,035 [DEBUG|FireBrigade/2136373563|TestBuildingDetector] FieryBuildingsTargets: [Building (27657), Building (9820)]
2018-04-15 20:17:36,035 [DEBUG|FireBrigade/2136373563|TestBuildingDetector] Selected:Building (9820)
2018-04-15 20:17:39,521 [DEBUG|FireBrigade/2136373563|TestBuildingDetector] Time:146
2018-04-15 20:17:39,521 [DEBUG|FireBrigade/2136373563|TestSearchForFire] Time:146
2018-04-15 20:17:39,521 [DEBUG|FireBrigade/2136373563|TestBuildingDetector] FieryBuildingsTargets: [Building (27657), Building (9820)]
2018-04-15 20:17:39,521 [DEBUG|FireBrigade/2136373563|TestBuildingDetector] Selected:Building (9820)
2018-04-15 20:17:43,028 [DEBUG|FireBrigade/2136373563|TestBuildingDetector] Time:147
2018-04-15 20:17:43,030 [DEBUG|FireBrigade/2136373563|TestSearchForFire] Time:147
2018-04-15 20:17:43,030 [DEBUG|FireBrigade/2136373563|TestBuildingDetector] FieryBuildingsTargets: [Building (27657), Building (9820)]
2018-04-15 20:17:43,030 [DEBUG|FireBrigade/2136373563|TestBuildingDetector] Selected:Building (9820)
2018-04-15 20:17:46,213 [DEBUG|FireBrigade/2136373563|TestBuildingDetector] Time:148
2018-04-15 20:17:46,213 [DEBUG|FireBrigade/2136373563|TestSearchForFire] Time:148
2018-04-15 20:17:46,213 [DEBUG|FireBrigade/2136373563|TestBuildingDetector] FieryBuildingsTargets: [Building (27657), Building (9820)]
2018-04-15 20:17:46,213 [DEBUG|FireBrigade/2136373563|TestBuildingDetector] Selected:Building (9820)
2018-04-15 20:17:49,640 [DEBUG|FireBrigade/2136373563|TestBuildingDetector] Time:149
2018-04-15 20:17:49,641 [DEBUG|FireBrigade/2136373563|TestSearchForFire] Time:149
2018-04-15 20:17:49,641 [DEBUG|FireBrigade/2136373563|TestBuildingDetector] FieryBuildingsTargets: [Building (27657), Building (9820)]
2018-04-15 20:17:49,641 [DEBUG|FireBrigade/2136373563|TestBuildingDetector] Selected:Building (9820)
2018-04-15 20:17:53,239 [DEBUG|FireBrigade/2136373563|TestBuildingDetector] Time:150
2018-04-15 20:17:53,239 [DEBUG|FireBrigade/2136373563|TestSearchForFire] Time:150
2018-04-15 20:17:53,239 [DEBUG|FireBrigade/2136373563|TestBuildingDetector] FieryBuildingsTargets: [Building (27657), Building (9820)]
2018-04-15 20:17:53,240 [DEBUG|FireBrigade/2136373563|TestBuildingDetector] Selected:Building (9820)
2018-04-15 20:17:56,646 [DEBUG|FireBrigade/2136373563|TestBuildingDetector] Time:151
2018-04-15 20:17:56,646 [DEBUG|FireBrigade/2136373563|TestSearchForFire] Time:151
2018-04-15 20:17:56,646 [DEBUG|FireBrigade/2136373563|TestBuildingDetector] FieryBuildingsTargets: [Building (27657), Building (9820)]
2018-04-15 20:17:56,646 [DEBUG|FireBrigade/2136373563|TestBuildingDetector] Selected:Building (9820)
2018-04-15 20:18:00,217 [DEBUG|FireBrigade/2136373563|TestBuildingDetector] Time:152
2018-04-15 20:18:00,217 [DEBUG|FireBrigade/2136373563|TestSearchForFire] Time:152
2018-04-15 20:18:00,217 [DEBUG|FireBrigade/2136373563|TestBuildingDetector] FieryBuildingsTargets: [Building (27657), Building (9820)]
2018-04-15 20:18:00,217 [DEBUG|FireBrigade/2136373563|TestBuildingDetector] Selected:Building (9820)
2018-04-15 20:18:03,745 [DEBUG|FireBrigade/2136373563|TestBuildingDetector] Time:153
2018-04-15 20:18:03,745 [DEBUG|FireBrigade/2136373563|TestSearchForFire] Time:153
2018-04-15 20:18:03,745 [DEBUG|FireBrigade/2136373563|TestBuildingDetector] FieryBuildingsTargets: [Building (27657), Building (9820)]
2018-04-15 20:18:03,745 [DEBUG|FireBrigade/2136373563|TestBuildingDetector] Selected:Building (9820)
2018-04-15 20:18:07,473 [DEBUG|FireBrigade/2136373563|TestBuildingDetector] Time:154
2018-04-15 20:18:07,473 [DEBUG|FireBrigade/2136373563|TestSearchForFire] Time:154
2018-04-15 20:18:07,474 [DEBUG|FireBrigade/2136373563|TestBuildingDetector] FieryBuildingsTargets: [Building (27657), Building (9820)]
2018-04-15 20:18:07,474 [DEBUG|FireBrigade/2136373563|TestBuildingDetector] Selected:Building (9820)
2018-04-15 20:18:11,129 [DEBUG|FireBrigade/2136373563|TestBuildingDetector] Time:155
2018-04-15 20:18:11,129 [DEBUG|FireBrigade/2136373563|TestSearchForFire] Time:155
2018-04-15 20:18:11,129 [DEBUG|FireBrigade/2136373563|TestBuildingDetector] FieryBuildingsTargets: [Building (27657), Building (9820)]
2018-04-15 20:18:11,129 [DEBUG|FireBrigade/2136373563|TestBuildingDetector] Selected:Building (9820)
2018-04-15 20:18:14,889 [DEBUG|FireBrigade/2136373563|TestBuildingDetector] Time:156
2018-04-15 20:18:14,889 [DEBUG|FireBrigade/2136373563|TestSearchForFire] Time:156
2018-04-15 20:18:14,890 [DEBUG|FireBrigade/2136373563|TestBuildingDetector] FieryBuildingsTargets: [Building (27657), Building (9820)]
2018-04-15 20:18:14,890 [DEBUG|FireBrigade/2136373563|TestBuildingDetector] Selected:Building (9820)
2018-04-15 20:18:18,468 [DEBUG|FireBrigade/2136373563|TestBuildingDetector] Time:157
2018-04-15 20:18:18,468 [DEBUG|FireBrigade/2136373563|TestSearchForFire] Time:157
2018-04-15 20:18:18,469 [DEBUG|FireBrigade/2136373563|TestBuildingDetector] FieryBuildingsTargets: [Building (27657), Building (9820)]
2018-04-15 20:18:18,469 [DEBUG|FireBrigade/2136373563|TestBuildingDetector] Selected:Building (9820)
2018-04-15 20:18:22,000 [DEBUG|FireBrigade/2136373563|TestBuildingDetector] Time:158
2018-04-15 20:18:22,000 [DEBUG|FireBrigade/2136373563|TestSearchForFire] Time:158
2018-04-15 20:18:22,001 [DEBUG|FireBrigade/2136373563|TestBuildingDetector] FieryBuildingsTargets: [Building (27657), Building (9820)]
2018-04-15 20:18:22,001 [DEBUG|FireBrigade/2136373563|TestBuildingDetector] Selected:Building (9820)
2018-04-15 20:18:25,624 [DEBUG|FireBrigade/2136373563|TestBuildingDetector] Time:159
2018-04-15 20:18:25,625 [DEBUG|FireBrigade/2136373563|TestSearchForFire] Time:159
2018-04-15 20:18:25,625 [DEBUG|FireBrigade/2136373563|TestBuildingDetector] FieryBuildingsTargets: [Building (27657), Building (9820)]
2018-04-15 20:18:25,625 [DEBUG|FireBrigade/2136373563|TestBuildingDetector] Selected:Building (9820)
