2018-04-15 20:06:41,726 [DEBUG|FireBrigade/570148106|TestBuildingDetector] Time:1
2018-04-15 20:06:41,726 [DEBUG|FireBrigade/570148106|TestSearchForFire] Time:1
2018-04-15 20:06:41,727 [DEBUG|FireBrigade/570148106|TestBuildingDetector] FieryBuildingsTargets: []
2018-04-15 20:06:41,727 [DEBUG|FireBrigade/570148106|TestSearchForFire] unsearchedBuildingIDs:[21250, 20995, 32773, 26502, 26255, 13072, 22418, 16146, 9875, 21524, 17556, 18324, 26519, 29979, 15901, 18463, 22559, 25632, 24097, 29730, 32803, 27812, 13733, 16037, 13099, 22444, 10924, 12077, 9902, 18351, 15792, 26550, 11064, 13625, 24124, 23359, 15295, 35139, 32838, 13126, 10955, 15819, 24012, 12108, 18382, 14800, 29649, 26577, 9683, 22355, 13014, 18262, 29146, 29025, 18017, 19815, 29676, 23278, 13679, 22640, 24178, 29812, 21493, 10870, 12278, 27774]
2018-04-15 20:06:41,734 [DEBUG|FireBrigade/570148106|TestSearchForFire] best path is:[4965, 7188, 8916, 317, 3363, 7197, 1899, 2517, 8061, 1839, 6801, 9429, 299, 3831, 37, 5478, 7611, 8745, 4101, 1976, 2535, 7206, 892, 3471, 8790, 15836, 15819]
2018-04-15 20:06:41,734 [DEBUG|FireBrigade/570148106|TestSearchForFire] choosed:8790
2018-04-15 20:06:50,645 [DEBUG|FireBrigade/570148106|TestBuildingDetector] Time:2
2018-04-15 20:06:50,645 [DEBUG|FireBrigade/570148106|TestSearchForFire] Time:2
2018-04-15 20:06:50,645 [DEBUG|FireBrigade/570148106|TestBuildingDetector] FieryBuildingsTargets: []
2018-04-15 20:06:50,645 [DEBUG|FireBrigade/570148106|TestSearchForFire] unsearchedBuildingIDs:[21250, 20995, 32773, 26502, 26255, 13072, 22418, 16146, 9875, 21524, 17556, 18324, 26519, 29979, 15901, 18463, 22559, 25632, 24097, 29730, 32803, 27812, 13733, 16037, 13099, 22444, 10924, 12077, 9902, 18351, 15792, 26550, 11064, 13625, 24124, 23359, 15295, 35139, 32838, 13126, 10955, 15819, 24012, 12108, 18382, 14800, 29649, 26577, 9683, 22355, 13014, 18262, 29146, 29025, 18017, 19815, 29676, 23278, 13679, 22640, 24178, 29812, 21493, 10870, 12278, 27774]
2018-04-15 20:06:50,647 [DEBUG|FireBrigade/570148106|TestSearchForFire] best path is:[4965, 7188, 8916, 317, 3363, 7197, 1899, 2517, 8061, 1839, 6801, 9429, 299, 3831, 37, 5478, 7611, 8745, 4101, 1976, 2535, 7206, 892, 3471, 8790, 15836, 15819]
2018-04-15 20:06:50,647 [DEBUG|FireBrigade/570148106|TestSearchForFire] choosed:8790
2018-04-15 20:06:54,652 [DEBUG|FireBrigade/570148106|TestBuildingDetector] Time:3
2018-04-15 20:06:54,652 [DEBUG|FireBrigade/570148106|TestSearchForFire] Time:3
2018-04-15 20:06:54,653 [DEBUG|FireBrigade/570148106|TestBuildingDetector] FieryBuildingsTargets: []
2018-04-15 20:06:54,653 [DEBUG|FireBrigade/570148106|TestSearchForFire] unsearchedBuildingIDs:[21250, 20995, 32773, 26502, 26255, 13072, 22418, 16146, 9875, 21524, 17556, 18324, 26519, 29979, 15901, 18463, 22559, 25632, 24097, 29730, 32803, 27812, 13733, 16037, 13099, 22444, 10924, 12077, 9902, 18351, 15792, 26550, 11064, 13625, 24124, 23359, 15295, 35139, 32838, 13126, 10955, 15819, 24012, 12108, 18382, 14800, 29649, 26577, 9683, 22355, 13014, 18262, 29146, 29025, 18017, 19815, 29676, 23278, 13679, 22640, 24178, 29812, 21493, 10870, 12278, 27774]
2018-04-15 20:06:54,655 [DEBUG|FireBrigade/570148106|TestSearchForFire] best path is:[4965, 7188, 8916, 317, 3363, 7197, 1899, 2517, 8061, 1839, 6801, 9429, 299, 3831, 37, 5478, 7611, 8745, 4101, 1976, 2535, 7206, 892, 3471, 8790, 15836, 15819]
2018-04-15 20:06:54,655 [DEBUG|FireBrigade/570148106|TestSearchForFire] choosed:8790
2018-04-15 20:07:05,766 [DEBUG|FireBrigade/570148106|TestBuildingDetector] Time:4
2018-04-15 20:07:05,766 [DEBUG|FireBrigade/570148106|TestSearchForFire] Time:4
2018-04-15 20:07:05,767 [DEBUG|FireBrigade/570148106|TestBuildingDetector] FieryBuildingsTargets: []
2018-04-15 20:07:05,767 [DEBUG|FireBrigade/570148106|TestSearchForFire] unsearchedBuildingIDs:[21250, 20995, 32773, 26502, 26255, 13072, 22418, 16146, 9875, 21524, 17556, 18324, 26519, 29979, 15901, 18463, 22559, 25632, 24097, 29730, 32803, 27812, 13733, 16037, 13099, 22444, 10924, 12077, 9902, 18351, 15792, 26550, 11064, 13625, 24124, 23359, 15295, 35139, 32838, 13126, 10955, 15819, 24012, 12108, 18382, 14800, 29649, 26577, 9683, 22355, 13014, 18262, 29146, 29025, 18017, 19815, 29676, 23278, 13679, 22640, 24178, 29812, 21493, 10870, 12278, 27774]
2018-04-15 20:07:05,768 [DEBUG|FireBrigade/570148106|TestSearchForFire] best path is:[7197, 1899, 2517, 8061, 1839, 6801, 9429, 299, 3831, 37, 5478, 7611, 8745, 4101, 1976, 2535, 7206, 892, 3471, 8790, 15836, 15819]
2018-04-15 20:07:05,768 [DEBUG|FireBrigade/570148106|TestSearchForFire] choosed:8790
2018-04-15 20:07:14,641 [DEBUG|FireBrigade/570148106|TestBuildingDetector] Time:5
2018-04-15 20:07:14,642 [DEBUG|FireBrigade/570148106|TestSearchForFire] Time:5
2018-04-15 20:07:14,642 [DEBUG|FireBrigade/570148106|TestBuildingDetector] FieryBuildingsTargets: []
2018-04-15 20:07:14,642 [DEBUG|FireBrigade/570148106|TestSearchForFire] unsearchedBuildingIDs:[21250, 20995, 32773, 26502, 26255, 13072, 22418, 16146, 9875, 21524, 17556, 18324, 26519, 29979, 15901, 18463, 22559, 25632, 24097, 29730, 32803, 27812, 13733, 16037, 13099, 22444, 10924, 12077, 9902, 18351, 15792, 26550, 11064, 13625, 24124, 23359, 15295, 35139, 32838, 13126, 10955, 15819, 24012, 12108, 18382, 14800, 29649, 26577, 9683, 22355, 13014, 18262, 29146, 29025, 18017, 19815, 29676, 23278, 13679, 22640, 24178, 29812, 21493, 10870, 12278, 27774]
2018-04-15 20:07:14,651 [DEBUG|FireBrigade/570148106|TestSearchForFire] best path is:[3831, 37, 5478, 7611, 8745, 4101, 1976, 2535, 7206, 892, 3471, 8790, 15836, 15819]
2018-04-15 20:07:14,651 [DEBUG|FireBrigade/570148106|TestSearchForFire] choosed:8790
2018-04-15 20:07:23,181 [DEBUG|FireBrigade/570148106|TestBuildingDetector] Time:6
2018-04-15 20:07:23,181 [DEBUG|FireBrigade/570148106|TestSearchForFire] Time:6
2018-04-15 20:07:23,181 [DEBUG|FireBrigade/570148106|TestBuildingDetector] FieryBuildingsTargets: []
2018-04-15 20:07:23,181 [DEBUG|FireBrigade/570148106|TestSearchForFire] unsearchedBuildingIDs:[21250, 20995, 32773, 26502, 26255, 13072, 22418, 16146, 9875, 21524, 17556, 18324, 26519, 29979, 15901, 18463, 22559, 25632, 24097, 29730, 32803, 27812, 13733, 16037, 13099, 22444, 10924, 12077, 9902, 18351, 15792, 26550, 11064, 13625, 24124, 23359, 15295, 35139, 32838, 13126, 10955, 15819, 24012, 12108, 18382, 14800, 29649, 26577, 9683, 22355, 13014, 18262, 29146, 29025, 18017, 19815, 29676, 23278, 13679, 22640, 24178, 29812, 21493, 10870, 12278, 27774]
2018-04-15 20:07:23,182 [DEBUG|FireBrigade/570148106|TestSearchForFire] best path is:[1976, 2535, 7206, 892, 3471, 8790, 15836, 15819]
2018-04-15 20:07:23,182 [DEBUG|FireBrigade/570148106|TestSearchForFire] choosed:8790
2018-04-15 20:07:30,837 [DEBUG|FireBrigade/570148106|TestBuildingDetector] Time:7
2018-04-15 20:07:30,837 [DEBUG|FireBrigade/570148106|TestSearchForFire] Time:7
2018-04-15 20:07:30,837 [DEBUG|FireBrigade/570148106|TestBuildingDetector] FieryBuildingsTargets: []
2018-04-15 20:07:30,837 [DEBUG|FireBrigade/570148106|TestSearchForFire] unsearchedBuildingIDs:[21250, 20995, 32773, 26502, 26255, 22418, 16146, 9875, 21524, 17556, 18324, 26519, 29979, 15901, 18463, 22559, 25632, 24097, 29730, 32803, 27812, 13733, 16037, 13099, 22444, 10924, 12077, 9902, 18351, 15792, 26550, 13625, 24124, 23359, 15295, 35139, 32838, 13126, 10955, 24012, 12108, 18382, 14800, 29649, 26577, 9683, 22355, 13014, 18262, 29146, 29025, 18017, 19815, 29676, 23278, 13679, 22640, 24178, 29812, 21493, 10870, 12278, 27774]
2018-04-15 20:07:30,837 [DEBUG|FireBrigade/570148106|TestSearchForFire] best path is:[8790, 5775, 1504, 9258, 8340, 29146]
2018-04-15 20:07:30,837 [DEBUG|FireBrigade/570148106|TestSearchForFire] choosed:9258
2018-04-15 20:07:38,232 [DEBUG|FireBrigade/570148106|TestBuildingDetector] Time:8
2018-04-15 20:07:38,232 [DEBUG|FireBrigade/570148106|TestSearchForFire] Time:8
2018-04-15 20:07:38,233 [DEBUG|FireBrigade/570148106|TestBuildingDetector] FieryBuildingsTargets: []
2018-04-15 20:07:38,234 [DEBUG|FireBrigade/570148106|TestSearchForFire] unsearchedBuildingIDs:[21250, 20995, 32773, 26502, 26255, 22418, 16146, 9875, 21524, 17556, 18324, 26519, 29979, 15901, 18463, 22559, 25632, 24097, 29730, 32803, 27812, 13733, 16037, 13099, 22444, 10924, 12077, 9902, 18351, 15792, 26550, 13625, 24124, 23359, 15295, 35139, 32838, 13126, 10955, 24012, 12108, 18382, 14800, 29649, 26577, 9683, 22355, 13014, 18262, 29025, 18017, 19815, 29676, 23278, 13679, 22640, 24178, 29812, 21493, 10870, 12278, 27774]
2018-04-15 20:07:38,234 [DEBUG|FireBrigade/570148106|TestSearchForFire] best path is:[9258, 8340, 2553, 6990, 3651, 190, 9105, 10940, 10924]
2018-04-15 20:07:38,234 [DEBUG|FireBrigade/570148106|TestSearchForFire] choosed:9105
2018-04-15 20:07:45,616 [DEBUG|FireBrigade/570148106|TestBuildingDetector] Time:9
2018-04-15 20:07:45,617 [DEBUG|FireBrigade/570148106|TestSearchForFire] Time:9
2018-04-15 20:07:45,617 [DEBUG|FireBrigade/570148106|TestBuildingDetector] FieryBuildingsTargets: []
2018-04-15 20:07:45,617 [DEBUG|FireBrigade/570148106|TestSearchForFire] unsearchedBuildingIDs:[21250, 20995, 32773, 26502, 26255, 22418, 16146, 9875, 21524, 17556, 18324, 26519, 29979, 15901, 18463, 22559, 25632, 24097, 29730, 32803, 27812, 13733, 16037, 13099, 22444, 10924, 12077, 9902, 18351, 15792, 26550, 13625, 24124, 23359, 15295, 35139, 32838, 13126, 10955, 24012, 12108, 18382, 14800, 29649, 26577, 9683, 22355, 13014, 18262, 29025, 18017, 19815, 29676, 23278, 13679, 22640, 24178, 29812, 21493, 10870, 12278, 27774]
2018-04-15 20:07:45,617 [DEBUG|FireBrigade/570148106|TestSearchForFire] best path is:[8340, 2553, 6990, 3651, 190, 9105, 10940, 10924]
2018-04-15 20:07:45,617 [DEBUG|FireBrigade/570148106|TestSearchForFire] choosed:9105
2018-04-15 20:07:52,945 [DEBUG|FireBrigade/570148106|TestBuildingDetector] Time:10
2018-04-15 20:07:52,945 [DEBUG|FireBrigade/570148106|TestSearchForFire] Time:10
2018-04-15 20:07:52,945 [DEBUG|FireBrigade/570148106|TestBuildingDetector] FieryBuildingsTargets: []
2018-04-15 20:07:52,945 [DEBUG|FireBrigade/570148106|TestSearchForFire] unsearchedBuildingIDs:[21250, 20995, 32773, 26502, 26255, 22418, 16146, 9875, 21524, 17556, 18324, 26519, 29979, 15901, 18463, 22559, 25632, 24097, 29730, 32803, 27812, 13733, 16037, 13099, 22444, 10924, 12077, 9902, 18351, 15792, 26550, 13625, 24124, 23359, 15295, 35139, 32838, 13126, 10955, 24012, 12108, 18382, 14800, 29649, 26577, 9683, 22355, 13014, 18262, 29025, 18017, 19815, 29676, 23278, 13679, 22640, 24178, 29812, 21493, 10870, 12278, 27774]
2018-04-15 20:07:52,945 [DEBUG|FireBrigade/570148106|TestSearchForFire] best path is:[8340, 2553, 6990, 3651, 190, 9105, 10940, 10924]
2018-04-15 20:07:52,945 [DEBUG|FireBrigade/570148106|TestSearchForFire] choosed:9105
2018-04-15 20:07:59,872 [DEBUG|FireBrigade/570148106|TestBuildingDetector] Time:11
2018-04-15 20:07:59,873 [DEBUG|FireBrigade/570148106|TestSearchForFire] Time:11
2018-04-15 20:07:59,873 [DEBUG|FireBrigade/570148106|TestBuildingDetector] FieryBuildingsTargets: []
2018-04-15 20:07:59,873 [DEBUG|FireBrigade/570148106|TestSearchForFire] unsearchedBuildingIDs:[21250, 20995, 32773, 26502, 26255, 22418, 16146, 9875, 21524, 17556, 18324, 26519, 29979, 15901, 18463, 22559, 25632, 24097, 29730, 32803, 27812, 13733, 16037, 13099, 22444, 10924, 12077, 9902, 18351, 15792, 26550, 13625, 24124, 23359, 15295, 35139, 32838, 13126, 10955, 24012, 12108, 18382, 14800, 29649, 26577, 9683, 22355, 13014, 18262, 29025, 18017, 19815, 29676, 23278, 13679, 22640, 24178, 29812, 21493, 10870, 12278, 27774]
2018-04-15 20:07:59,873 [DEBUG|FireBrigade/570148106|TestSearchForFire] best path is:[8340, 2553, 6990, 3651, 190, 9105, 10940, 10924]
2018-04-15 20:07:59,873 [DEBUG|FireBrigade/570148106|TestSearchForFire] choosed:9105
2018-04-15 20:08:06,952 [DEBUG|FireBrigade/570148106|TestBuildingDetector] Time:12
2018-04-15 20:08:06,952 [DEBUG|FireBrigade/570148106|TestSearchForFire] Time:12
2018-04-15 20:08:06,953 [DEBUG|FireBrigade/570148106|TestBuildingDetector] FieryBuildingsTargets: []
2018-04-15 20:08:06,953 [DEBUG|FireBrigade/570148106|TestSearchForFire] unsearchedBuildingIDs:[21250, 20995, 32773, 26502, 26255, 22418, 16146, 9875, 21524, 17556, 18324, 26519, 29979, 15901, 18463, 22559, 25632, 24097, 29730, 32803, 27812, 13733, 16037, 13099, 22444, 10924, 12077, 9902, 18351, 15792, 26550, 13625, 24124, 23359, 15295, 35139, 32838, 13126, 10955, 24012, 12108, 18382, 14800, 29649, 26577, 9683, 22355, 13014, 18262, 29025, 18017, 19815, 29676, 23278, 13679, 22640, 24178, 29812, 21493, 10870, 12278, 27774]
2018-04-15 20:08:06,953 [DEBUG|FireBrigade/570148106|TestSearchForFire] best path is:[8340, 2553, 6990, 3651, 190, 9105, 10940, 10924]
2018-04-15 20:08:06,953 [DEBUG|FireBrigade/570148106|TestSearchForFire] choosed:9105
2018-04-15 20:08:13,604 [DEBUG|FireBrigade/570148106|TestBuildingDetector] Time:13
2018-04-15 20:08:13,604 [DEBUG|FireBrigade/570148106|TestSearchForFire] Time:13
2018-04-15 20:08:13,605 [DEBUG|FireBrigade/570148106|TestBuildingDetector] FieryBuildingsTargets: []
2018-04-15 20:08:13,605 [DEBUG|FireBrigade/570148106|TestSearchForFire] unsearchedBuildingIDs:[21250, 20995, 32773, 26502, 26255, 22418, 16146, 9875, 21524, 17556, 18324, 26519, 29979, 15901, 18463, 22559, 25632, 24097, 29730, 32803, 27812, 13733, 16037, 13099, 22444, 10924, 12077, 9902, 18351, 15792, 26550, 13625, 24124, 23359, 15295, 35139, 32838, 13126, 10955, 24012, 12108, 18382, 14800, 29649, 26577, 9683, 22355, 13014, 18262, 29025, 18017, 19815, 29676, 23278, 13679, 22640, 24178, 29812, 21493, 10870, 12278, 27774]
2018-04-15 20:08:13,605 [DEBUG|FireBrigade/570148106|TestSearchForFire] best path is:[8340, 2553, 6990, 3651, 190, 9105, 10940, 10924]
2018-04-15 20:08:13,605 [DEBUG|FireBrigade/570148106|TestSearchForFire] choosed:9105
2018-04-15 20:08:20,120 [DEBUG|FireBrigade/570148106|TestBuildingDetector] Time:14
2018-04-15 20:08:20,121 [DEBUG|FireBrigade/570148106|TestSearchForFire] Time:14
2018-04-15 20:08:20,121 [DEBUG|FireBrigade/570148106|TestBuildingDetector] FieryBuildingsTargets: []
2018-04-15 20:08:20,121 [DEBUG|FireBrigade/570148106|TestSearchForFire] unsearchedBuildingIDs:[21250, 20995, 32773, 26502, 26255, 22418, 16146, 9875, 21524, 17556, 18324, 26519, 29979, 15901, 18463, 22559, 25632, 24097, 29730, 32803, 27812, 13733, 16037, 13099, 22444, 10924, 12077, 9902, 18351, 15792, 26550, 13625, 24124, 23359, 15295, 35139, 32838, 13126, 10955, 24012, 12108, 18382, 14800, 29649, 26577, 9683, 22355, 13014, 18262, 29025, 18017, 19815, 29676, 23278, 13679, 22640, 24178, 29812, 21493, 10870, 12278, 27774]
2018-04-15 20:08:20,121 [DEBUG|FireBrigade/570148106|TestSearchForFire] best path is:[8340, 2553, 6990, 3651, 190, 9105, 10940, 10924]
2018-04-15 20:08:20,121 [DEBUG|FireBrigade/570148106|TestSearchForFire] choosed:9105
2018-04-15 20:08:27,269 [DEBUG|FireBrigade/570148106|TestBuildingDetector] Time:15
2018-04-15 20:08:27,269 [DEBUG|FireBrigade/570148106|TestSearchForFire] Time:15
2018-04-15 20:08:27,269 [DEBUG|FireBrigade/570148106|TestBuildingDetector] FieryBuildingsTargets: []
2018-04-15 20:08:27,270 [DEBUG|FireBrigade/570148106|TestSearchForFire] unsearchedBuildingIDs:[21250, 20995, 32773, 26502, 26255, 22418, 16146, 9875, 21524, 17556, 18324, 26519, 29979, 15901, 18463, 22559, 25632, 24097, 29730, 32803, 27812, 13733, 16037, 13099, 22444, 10924, 12077, 9902, 18351, 15792, 26550, 13625, 24124, 23359, 15295, 35139, 32838, 13126, 10955, 24012, 12108, 18382, 14800, 29649, 26577, 9683, 22355, 13014, 18262, 29025, 18017, 19815, 29676, 23278, 13679, 22640, 24178, 29812, 21493, 10870, 12278, 27774]
2018-04-15 20:08:27,270 [DEBUG|FireBrigade/570148106|TestSearchForFire] best path is:[8340, 2553, 6990, 3651, 190, 9105, 10940, 10924]
2018-04-15 20:08:27,270 [DEBUG|FireBrigade/570148106|TestSearchForFire] choosed:9105
2018-04-15 20:08:34,217 [DEBUG|FireBrigade/570148106|TestBuildingDetector] Time:16
2018-04-15 20:08:34,217 [DEBUG|FireBrigade/570148106|TestSearchForFire] Time:16
2018-04-15 20:08:34,217 [DEBUG|FireBrigade/570148106|TestBuildingDetector] FieryBuildingsTargets: []
2018-04-15 20:08:34,217 [DEBUG|FireBrigade/570148106|TestSearchForFire] unsearchedBuildingIDs:[21250, 20995, 32773, 26502, 26255, 22418, 16146, 9875, 21524, 17556, 18324, 26519, 29979, 15901, 18463, 22559, 25632, 24097, 29730, 32803, 27812, 13733, 16037, 13099, 22444, 10924, 12077, 9902, 18351, 15792, 26550, 13625, 24124, 23359, 15295, 35139, 32838, 13126, 10955, 24012, 12108, 18382, 14800, 29649, 26577, 9683, 22355, 13014, 18262, 29025, 18017, 19815, 29676, 23278, 13679, 22640, 24178, 29812, 21493, 10870, 12278, 27774]
2018-04-15 20:08:34,218 [DEBUG|FireBrigade/570148106|TestSearchForFire] best path is:[8340, 2553, 6990, 3651, 190, 9105, 10940, 10924]
2018-04-15 20:08:34,218 [DEBUG|FireBrigade/570148106|TestSearchForFire] choosed:9105
2018-04-15 20:08:41,196 [DEBUG|FireBrigade/570148106|TestBuildingDetector] Time:17
2018-04-15 20:08:41,197 [DEBUG|FireBrigade/570148106|TestSearchForFire] Time:17
2018-04-15 20:08:41,197 [DEBUG|FireBrigade/570148106|TestBuildingDetector] FieryBuildingsTargets: []
2018-04-15 20:08:41,197 [DEBUG|FireBrigade/570148106|TestSearchForFire] unsearchedBuildingIDs:[21250, 20995, 32773, 26502, 26255, 22418, 16146, 9875, 21524, 17556, 18324, 26519, 29979, 15901, 18463, 22559, 25632, 24097, 29730, 32803, 27812, 13733, 16037, 13099, 22444, 10924, 12077, 9902, 18351, 15792, 26550, 13625, 24124, 23359, 15295, 35139, 32838, 13126, 10955, 24012, 12108, 18382, 14800, 29649, 26577, 9683, 22355, 13014, 18262, 29025, 18017, 19815, 29676, 23278, 13679, 22640, 24178, 29812, 21493, 10870, 12278, 27774]
2018-04-15 20:08:41,198 [DEBUG|FireBrigade/570148106|TestSearchForFire] best path is:[8340, 2553, 6990, 3651, 190, 9105, 10940, 10924]
2018-04-15 20:08:41,198 [DEBUG|FireBrigade/570148106|TestSearchForFire] choosed:9105
2018-04-15 20:08:49,117 [DEBUG|FireBrigade/570148106|TestBuildingDetector] Time:18
2018-04-15 20:08:49,117 [DEBUG|FireBrigade/570148106|TestSearchForFire] Time:18
2018-04-15 20:08:49,117 [DEBUG|FireBrigade/570148106|TestBuildingDetector] FieryBuildingsTargets: []
2018-04-15 20:08:49,117 [DEBUG|FireBrigade/570148106|TestSearchForFire] unsearchedBuildingIDs:[21250, 20995, 32773, 26502, 26255, 22418, 16146, 9875, 21524, 17556, 18324, 26519, 29979, 15901, 18463, 22559, 25632, 24097, 29730, 32803, 27812, 13733, 16037, 13099, 22444, 10924, 12077, 9902, 18351, 15792, 26550, 13625, 24124, 23359, 15295, 35139, 32838, 13126, 10955, 24012, 12108, 18382, 14800, 29649, 26577, 9683, 22355, 13014, 18262, 29025, 18017, 19815, 29676, 23278, 13679, 22640, 24178, 29812, 21493, 10870, 12278, 27774]
2018-04-15 20:08:49,117 [DEBUG|FireBrigade/570148106|TestSearchForFire] best path is:[8340, 2553, 6990, 3651, 190, 9105, 10940, 10924]
2018-04-15 20:08:49,117 [DEBUG|FireBrigade/570148106|TestSearchForFire] choosed:9105
2018-04-15 20:08:55,681 [DEBUG|FireBrigade/570148106|TestBuildingDetector] Time:19
2018-04-15 20:08:55,681 [DEBUG|FireBrigade/570148106|TestSearchForFire] Time:19
2018-04-15 20:08:55,681 [DEBUG|FireBrigade/570148106|TestBuildingDetector] FieryBuildingsTargets: []
2018-04-15 20:08:55,681 [DEBUG|FireBrigade/570148106|TestSearchForFire] unsearchedBuildingIDs:[21250, 20995, 32773, 26502, 26255, 22418, 16146, 9875, 21524, 17556, 18324, 26519, 29979, 15901, 18463, 22559, 25632, 24097, 29730, 32803, 27812, 13733, 16037, 13099, 22444, 10924, 12077, 9902, 18351, 15792, 26550, 13625, 24124, 23359, 15295, 35139, 32838, 13126, 10955, 24012, 12108, 18382, 14800, 29649, 26577, 9683, 22355, 13014, 18262, 29025, 18017, 19815, 29676, 23278, 13679, 22640, 24178, 29812, 21493, 10870, 12278, 27774]
2018-04-15 20:08:55,682 [DEBUG|FireBrigade/570148106|TestSearchForFire] best path is:[8340, 2553, 6990, 3651, 190, 9105, 10940, 10924]
2018-04-15 20:08:55,682 [DEBUG|FireBrigade/570148106|TestSearchForFire] choosed:9105
2018-04-15 20:09:02,337 [DEBUG|FireBrigade/570148106|TestBuildingDetector] Time:20
2018-04-15 20:09:02,337 [DEBUG|FireBrigade/570148106|TestSearchForFire] Time:20
2018-04-15 20:09:02,337 [DEBUG|FireBrigade/570148106|TestBuildingDetector] FieryBuildingsTargets: []
2018-04-15 20:09:02,338 [DEBUG|FireBrigade/570148106|TestSearchForFire] unsearchedBuildingIDs:[21250, 20995, 32773, 26502, 26255, 22418, 16146, 9875, 21524, 17556, 18324, 26519, 29979, 15901, 18463, 22559, 25632, 24097, 29730, 32803, 27812, 13733, 16037, 13099, 22444, 10924, 12077, 9902, 18351, 15792, 26550, 13625, 24124, 23359, 15295, 35139, 32838, 13126, 10955, 24012, 12108, 18382, 14800, 29649, 26577, 9683, 22355, 13014, 18262, 29025, 18017, 19815, 29676, 23278, 13679, 22640, 24178, 29812, 21493, 10870, 12278, 27774]
2018-04-15 20:09:02,338 [DEBUG|FireBrigade/570148106|TestSearchForFire] best path is:[8340, 2553, 6990, 3651, 190, 9105, 10940, 10924]
2018-04-15 20:09:02,338 [DEBUG|FireBrigade/570148106|TestSearchForFire] choosed:9105
2018-04-15 20:09:09,716 [DEBUG|FireBrigade/570148106|TestBuildingDetector] Time:21
2018-04-15 20:09:09,717 [DEBUG|FireBrigade/570148106|TestSearchForFire] Time:21
2018-04-15 20:09:09,717 [DEBUG|FireBrigade/570148106|TestBuildingDetector] FieryBuildingsTargets: []
2018-04-15 20:09:09,717 [DEBUG|FireBrigade/570148106|TestSearchForFire] unsearchedBuildingIDs:[21250, 20995, 32773, 26502, 26255, 22418, 16146, 9875, 21524, 17556, 18324, 26519, 29979, 15901, 18463, 22559, 25632, 24097, 29730, 32803, 27812, 13733, 16037, 13099, 22444, 10924, 12077, 9902, 18351, 15792, 26550, 13625, 24124, 23359, 15295, 35139, 32838, 13126, 10955, 24012, 12108, 18382, 14800, 29649, 26577, 9683, 22355, 13014, 18262, 29025, 18017, 19815, 29676, 23278, 13679, 22640, 24178, 29812, 21493, 10870, 12278, 27774]
2018-04-15 20:09:09,717 [DEBUG|FireBrigade/570148106|TestSearchForFire] best path is:[8340, 2553, 6990, 3651, 190, 9105, 10940, 10924]
2018-04-15 20:09:09,717 [DEBUG|FireBrigade/570148106|TestSearchForFire] choosed:9105
2018-04-15 20:09:16,320 [DEBUG|FireBrigade/570148106|TestBuildingDetector] Time:22
2018-04-15 20:09:16,321 [DEBUG|FireBrigade/570148106|TestSearchForFire] Time:22
2018-04-15 20:09:16,321 [DEBUG|FireBrigade/570148106|TestBuildingDetector] FieryBuildingsTargets: []
2018-04-15 20:09:16,321 [DEBUG|FireBrigade/570148106|TestSearchForFire] unsearchedBuildingIDs:[21250, 20995, 32773, 26502, 26255, 22418, 16146, 9875, 21524, 17556, 18324, 26519, 29979, 15901, 18463, 22559, 25632, 24097, 29730, 32803, 27812, 13733, 16037, 13099, 22444, 10924, 12077, 9902, 18351, 15792, 26550, 13625, 24124, 23359, 15295, 35139, 32838, 13126, 10955, 24012, 12108, 18382, 14800, 29649, 26577, 9683, 22355, 13014, 18262, 29025, 18017, 19815, 29676, 23278, 13679, 22640, 24178, 29812, 21493, 10870, 12278, 27774]
2018-04-15 20:09:16,321 [DEBUG|FireBrigade/570148106|TestSearchForFire] best path is:[8340, 2553, 6990, 3651, 190, 9105, 10940, 10924]
2018-04-15 20:09:16,321 [DEBUG|FireBrigade/570148106|TestSearchForFire] choosed:9105
2018-04-15 20:09:22,480 [DEBUG|FireBrigade/570148106|TestBuildingDetector] Time:23
2018-04-15 20:09:22,480 [DEBUG|FireBrigade/570148106|TestSearchForFire] Time:23
2018-04-15 20:09:22,480 [DEBUG|FireBrigade/570148106|TestBuildingDetector] FieryBuildingsTargets: []
2018-04-15 20:09:22,480 [DEBUG|FireBrigade/570148106|TestSearchForFire] unsearchedBuildingIDs:[21250, 20995, 32773, 26502, 26255, 22418, 16146, 9875, 21524, 17556, 18324, 26519, 29979, 15901, 18463, 22559, 25632, 24097, 29730, 32803, 27812, 13733, 16037, 13099, 22444, 10924, 12077, 9902, 18351, 15792, 26550, 13625, 24124, 23359, 15295, 35139, 32838, 13126, 10955, 24012, 12108, 18382, 14800, 29649, 26577, 9683, 22355, 13014, 18262, 29025, 18017, 19815, 29676, 23278, 13679, 22640, 24178, 29812, 21493, 10870, 12278, 27774]
2018-04-15 20:09:22,481 [DEBUG|FireBrigade/570148106|TestSearchForFire] best path is:[8340, 2553, 6990, 3651, 190, 9105, 10940, 10924]
2018-04-15 20:09:22,481 [DEBUG|FireBrigade/570148106|TestSearchForFire] choosed:9105
2018-04-15 20:09:28,437 [DEBUG|FireBrigade/570148106|TestBuildingDetector] Time:24
2018-04-15 20:09:28,437 [DEBUG|FireBrigade/570148106|TestSearchForFire] Time:24
2018-04-15 20:09:28,438 [DEBUG|FireBrigade/570148106|TestBuildingDetector] FieryBuildingsTargets: []
2018-04-15 20:09:28,438 [DEBUG|FireBrigade/570148106|TestSearchForFire] unsearchedBuildingIDs:[21250, 20995, 32773, 26502, 26255, 22418, 16146, 9875, 21524, 17556, 18324, 26519, 29979, 15901, 18463, 22559, 25632, 24097, 29730, 32803, 27812, 13733, 16037, 13099, 22444, 10924, 12077, 9902, 18351, 15792, 26550, 13625, 24124, 23359, 15295, 35139, 32838, 13126, 10955, 24012, 12108, 18382, 14800, 29649, 26577, 9683, 22355, 13014, 18262, 29025, 18017, 19815, 29676, 23278, 13679, 22640, 24178, 29812, 21493, 10870, 12278, 27774]
2018-04-15 20:09:28,438 [DEBUG|FireBrigade/570148106|TestSearchForFire] best path is:[8340, 2553, 6990, 3651, 190, 9105, 10940, 10924]
2018-04-15 20:09:28,438 [DEBUG|FireBrigade/570148106|TestSearchForFire] choosed:9105
2018-04-15 20:09:34,276 [DEBUG|FireBrigade/570148106|TestBuildingDetector] Time:25
2018-04-15 20:09:34,276 [DEBUG|FireBrigade/570148106|TestSearchForFire] Time:25
2018-04-15 20:09:34,277 [DEBUG|FireBrigade/570148106|TestBuildingDetector] FieryBuildingsTargets: []
2018-04-15 20:09:34,277 [DEBUG|FireBrigade/570148106|TestSearchForFire] unsearchedBuildingIDs:[21250, 20995, 32773, 26502, 26255, 22418, 16146, 9875, 21524, 17556, 18324, 26519, 29979, 15901, 18463, 22559, 25632, 24097, 29730, 32803, 27812, 13733, 16037, 13099, 22444, 10924, 12077, 9902, 18351, 15792, 26550, 13625, 24124, 23359, 15295, 35139, 32838, 13126, 10955, 24012, 12108, 18382, 14800, 29649, 26577, 9683, 22355, 13014, 18262, 29025, 18017, 19815, 29676, 23278, 13679, 22640, 24178, 29812, 21493, 10870, 12278, 27774]
2018-04-15 20:09:34,278 [DEBUG|FireBrigade/570148106|TestSearchForFire] best path is:[8340, 2553, 6990, 3651, 190, 9105, 10940, 10924]
2018-04-15 20:09:34,278 [DEBUG|FireBrigade/570148106|TestSearchForFire] choosed:9105
2018-04-15 20:09:40,356 [DEBUG|FireBrigade/570148106|TestBuildingDetector] Time:26
2018-04-15 20:09:40,356 [DEBUG|FireBrigade/570148106|TestSearchForFire] Time:26
2018-04-15 20:09:40,356 [DEBUG|FireBrigade/570148106|TestBuildingDetector] FieryBuildingsTargets: []
2018-04-15 20:09:40,356 [DEBUG|FireBrigade/570148106|TestSearchForFire] unsearchedBuildingIDs:[21250, 20995, 32773, 26502, 26255, 22418, 16146, 9875, 21524, 17556, 18324, 26519, 29979, 15901, 18463, 22559, 25632, 24097, 29730, 32803, 27812, 13733, 16037, 13099, 22444, 10924, 12077, 9902, 18351, 15792, 26550, 13625, 24124, 23359, 15295, 35139, 32838, 13126, 10955, 24012, 12108, 18382, 14800, 29649, 26577, 9683, 22355, 13014, 18262, 29025, 18017, 19815, 29676, 23278, 13679, 22640, 24178, 29812, 21493, 10870, 12278, 27774]
2018-04-15 20:09:40,356 [DEBUG|FireBrigade/570148106|TestSearchForFire] best path is:[8340, 2553, 6990, 3651, 190, 9105, 10940, 10924]
2018-04-15 20:09:40,356 [DEBUG|FireBrigade/570148106|TestSearchForFire] choosed:9105
2018-04-15 20:09:46,176 [DEBUG|FireBrigade/570148106|TestBuildingDetector] Time:27
2018-04-15 20:09:46,176 [DEBUG|FireBrigade/570148106|TestSearchForFire] Time:27
2018-04-15 20:09:46,177 [DEBUG|FireBrigade/570148106|TestBuildingDetector] FieryBuildingsTargets: []
2018-04-15 20:09:46,177 [DEBUG|FireBrigade/570148106|TestSearchForFire] unsearchedBuildingIDs:[21250, 20995, 32773, 26502, 26255, 22418, 16146, 9875, 21524, 17556, 18324, 26519, 29979, 15901, 18463, 22559, 25632, 24097, 29730, 32803, 27812, 13733, 16037, 13099, 22444, 10924, 12077, 9902, 18351, 15792, 26550, 13625, 24124, 23359, 15295, 35139, 32838, 13126, 10955, 24012, 12108, 18382, 14800, 29649, 26577, 9683, 22355, 13014, 18262, 29025, 18017, 19815, 29676, 23278, 13679, 22640, 24178, 29812, 21493, 10870, 12278, 27774]
2018-04-15 20:09:46,177 [DEBUG|FireBrigade/570148106|TestSearchForFire] best path is:[8340, 2553, 6990, 3651, 190, 9105, 10940, 10924]
2018-04-15 20:09:46,177 [DEBUG|FireBrigade/570148106|TestSearchForFire] choosed:9105
2018-04-15 20:09:52,252 [DEBUG|FireBrigade/570148106|TestBuildingDetector] Time:28
2018-04-15 20:09:52,252 [DEBUG|FireBrigade/570148106|TestSearchForFire] Time:28
2018-04-15 20:09:52,253 [DEBUG|FireBrigade/570148106|TestBuildingDetector] FieryBuildingsTargets: []
2018-04-15 20:09:52,253 [DEBUG|FireBrigade/570148106|TestSearchForFire] unsearchedBuildingIDs:[21250, 20995, 32773, 26502, 26255, 22418, 16146, 9875, 21524, 17556, 18324, 26519, 29979, 15901, 18463, 22559, 25632, 24097, 29730, 32803, 27812, 13733, 16037, 13099, 22444, 10924, 12077, 9902, 18351, 15792, 26550, 13625, 24124, 23359, 15295, 35139, 32838, 13126, 10955, 24012, 12108, 18382, 14800, 29649, 26577, 9683, 22355, 13014, 18262, 29025, 18017, 19815, 29676, 23278, 13679, 22640, 24178, 29812, 21493, 10870, 12278, 27774]
2018-04-15 20:09:52,253 [DEBUG|FireBrigade/570148106|TestSearchForFire] best path is:[8340, 2553, 6990, 3651, 190, 9105, 10940, 10924]
2018-04-15 20:09:52,253 [DEBUG|FireBrigade/570148106|TestSearchForFire] choosed:9105
2018-04-15 20:09:58,100 [DEBUG|FireBrigade/570148106|TestBuildingDetector] Time:29
2018-04-15 20:09:58,100 [DEBUG|FireBrigade/570148106|TestSearchForFire] Time:29
2018-04-15 20:09:58,101 [DEBUG|FireBrigade/570148106|TestBuildingDetector] FieryBuildingsTargets: []
2018-04-15 20:09:58,101 [DEBUG|FireBrigade/570148106|TestSearchForFire] unsearchedBuildingIDs:[21250, 20995, 32773, 26502, 26255, 22418, 16146, 9875, 21524, 18324, 26519, 29979, 15901, 18463, 22559, 25632, 24097, 29730, 32803, 27812, 13733, 16037, 13099, 22444, 10924, 12077, 9902, 18351, 15792, 26550, 13625, 24124, 23359, 15295, 35139, 32838, 13126, 10955, 24012, 12108, 18382, 14800, 29649, 26577, 9683, 22355, 13014, 18262, 29025, 18017, 19815, 29676, 23278, 13679, 22640, 24178, 29812, 21493, 10870, 12278, 27774]
2018-04-15 20:09:58,101 [DEBUG|FireBrigade/570148106|TestSearchForFire] best path is:[8340, 2553, 6990, 3651, 190, 9105, 10940, 10924]
2018-04-15 20:09:58,101 [DEBUG|FireBrigade/570148106|TestSearchForFire] choosed:9105
2018-04-15 20:10:04,046 [DEBUG|FireBrigade/570148106|TestBuildingDetector] Time:30
2018-04-15 20:10:04,046 [DEBUG|FireBrigade/570148106|TestSearchForFire] Time:30
2018-04-15 20:10:04,047 [DEBUG|FireBrigade/570148106|TestBuildingDetector] FieryBuildingsTargets: []
2018-04-15 20:10:04,047 [DEBUG|FireBrigade/570148106|TestSearchForFire] unsearchedBuildingIDs:[21250, 20995, 32773, 26502, 26255, 22418, 16146, 9875, 21524, 18324, 26519, 29979, 15901, 18463, 22559, 25632, 24097, 29730, 32803, 27812, 13733, 16037, 13099, 22444, 10924, 12077, 9902, 18351, 15792, 26550, 13625, 24124, 23359, 15295, 35139, 32838, 13126, 10955, 24012, 12108, 18382, 14800, 29649, 26577, 9683, 22355, 13014, 18262, 29025, 18017, 19815, 29676, 23278, 13679, 22640, 24178, 29812, 21493, 10870, 12278, 27774]
2018-04-15 20:10:04,047 [DEBUG|FireBrigade/570148106|TestSearchForFire] best path is:[8340, 2553, 6990, 3651, 190, 9105, 10940, 10924]
2018-04-15 20:10:04,047 [DEBUG|FireBrigade/570148106|TestSearchForFire] choosed:9105
2018-04-15 20:10:09,792 [DEBUG|FireBrigade/570148106|TestBuildingDetector] Time:31
2018-04-15 20:10:09,792 [DEBUG|FireBrigade/570148106|TestSearchForFire] Time:31
2018-04-15 20:10:09,793 [DEBUG|FireBrigade/570148106|TestBuildingDetector] FieryBuildingsTargets: []
2018-04-15 20:10:09,793 [DEBUG|FireBrigade/570148106|TestSearchForFire] unsearchedBuildingIDs:[21250, 20995, 32773, 26502, 26255, 22418, 16146, 9875, 21524, 18324, 26519, 29979, 15901, 18463, 22559, 25632, 24097, 29730, 32803, 27812, 13733, 16037, 13099, 22444, 10924, 12077, 9902, 18351, 15792, 26550, 13625, 24124, 23359, 15295, 35139, 32838, 13126, 10955, 24012, 12108, 18382, 14800, 29649, 26577, 9683, 22355, 13014, 18262, 29025, 18017, 19815, 29676, 23278, 13679, 22640, 24178, 29812, 21493, 10870, 12278, 27774]
2018-04-15 20:10:09,793 [DEBUG|FireBrigade/570148106|TestSearchForFire] best path is:[29146, 29162, 6990, 3651, 190, 9105, 10940, 10924]
2018-04-15 20:10:09,793 [DEBUG|FireBrigade/570148106|TestSearchForFire] choosed:9105
2018-04-15 20:10:15,400 [DEBUG|FireBrigade/570148106|TestBuildingDetector] Time:32
2018-04-15 20:10:15,400 [DEBUG|FireBrigade/570148106|TestSearchForFire] Time:32
2018-04-15 20:10:15,400 [DEBUG|FireBrigade/570148106|TestBuildingDetector] FieryBuildingsTargets: []
2018-04-15 20:10:15,400 [DEBUG|FireBrigade/570148106|TestSearchForFire] unsearchedBuildingIDs:[21250, 20995, 32773, 26502, 26255, 22418, 16146, 9875, 21524, 18324, 26519, 29979, 15901, 18463, 22559, 25632, 24097, 29730, 32803, 27812, 13733, 16037, 13099, 22444, 10924, 12077, 9902, 18351, 15792, 26550, 13625, 24124, 23359, 15295, 35139, 32838, 13126, 10955, 24012, 12108, 18382, 14800, 29649, 26577, 9683, 22355, 13014, 18262, 29025, 18017, 19815, 29676, 23278, 13679, 22640, 24178, 29812, 21493, 10870, 12278, 27774]
2018-04-15 20:10:15,400 [DEBUG|FireBrigade/570148106|TestSearchForFire] best path is:[29146, 29162, 6990, 3651, 190, 9105, 10940, 10924]
2018-04-15 20:10:15,400 [DEBUG|FireBrigade/570148106|TestSearchForFire] choosed:9105
2018-04-15 20:10:20,872 [DEBUG|FireBrigade/570148106|TestBuildingDetector] Time:33
2018-04-15 20:10:20,872 [DEBUG|FireBrigade/570148106|TestSearchForFire] Time:33
2018-04-15 20:10:20,873 [DEBUG|FireBrigade/570148106|TestBuildingDetector] FieryBuildingsTargets: []
2018-04-15 20:10:20,873 [DEBUG|FireBrigade/570148106|TestSearchForFire] unsearchedBuildingIDs:[21250, 20995, 32773, 26502, 26255, 22418, 16146, 9875, 21524, 18324, 26519, 29979, 15901, 18463, 22559, 25632, 24097, 29730, 32803, 27812, 13733, 16037, 13099, 22444, 10924, 12077, 9902, 18351, 15792, 26550, 13625, 24124, 23359, 15295, 35139, 32838, 13126, 10955, 24012, 12108, 18382, 14800, 29649, 26577, 9683, 22355, 13014, 18262, 29025, 18017, 19815, 29676, 23278, 13679, 22640, 24178, 29812, 21493, 10870, 12278, 27774]
2018-04-15 20:10:20,873 [DEBUG|FireBrigade/570148106|TestSearchForFire] best path is:[29162, 6990, 3651, 190, 9105, 10940, 10924]
2018-04-15 20:10:20,873 [DEBUG|FireBrigade/570148106|TestSearchForFire] choosed:9105
2018-04-15 20:10:26,372 [DEBUG|FireBrigade/570148106|TestBuildingDetector] Time:34
2018-04-15 20:10:26,373 [DEBUG|FireBrigade/570148106|TestSearchForFire] Time:34
2018-04-15 20:10:26,373 [DEBUG|FireBrigade/570148106|TestBuildingDetector] FieryBuildingsTargets: []
2018-04-15 20:10:26,373 [DEBUG|FireBrigade/570148106|TestSearchForFire] unsearchedBuildingIDs:[21250, 20995, 32773, 26502, 26255, 22418, 16146, 9875, 21524, 18324, 26519, 29979, 15901, 18463, 22559, 25632, 24097, 29730, 32803, 27812, 13733, 16037, 13099, 22444, 10924, 12077, 9902, 18351, 15792, 26550, 13625, 24124, 23359, 15295, 35139, 32838, 13126, 10955, 24012, 12108, 18382, 14800, 29649, 26577, 9683, 22355, 13014, 18262, 29025, 18017, 19815, 29676, 23278, 13679, 22640, 24178, 29812, 21493, 10870, 12278, 27774]
2018-04-15 20:10:26,373 [DEBUG|FireBrigade/570148106|TestSearchForFire] best path is:[29162, 6990, 3651, 190, 9105, 10940, 10924]
2018-04-15 20:10:26,373 [DEBUG|FireBrigade/570148106|TestSearchForFire] choosed:9105
2018-04-15 20:10:31,740 [DEBUG|FireBrigade/570148106|TestBuildingDetector] Time:35
2018-04-15 20:10:31,740 [DEBUG|FireBrigade/570148106|TestSearchForFire] Time:35
2018-04-15 20:10:31,741 [DEBUG|FireBrigade/570148106|TestBuildingDetector] FieryBuildingsTargets: []
2018-04-15 20:10:31,741 [DEBUG|FireBrigade/570148106|TestSearchForFire] unsearchedBuildingIDs:[21250, 20995, 32773, 26502, 26255, 22418, 16146, 9875, 21524, 18324, 26519, 29979, 15901, 18463, 22559, 25632, 24097, 29730, 32803, 27812, 13733, 16037, 13099, 22444, 10924, 12077, 9902, 18351, 15792, 26550, 13625, 24124, 23359, 15295, 35139, 32838, 13126, 10955, 24012, 12108, 18382, 14800, 29649, 26577, 9683, 22355, 13014, 18262, 29025, 18017, 19815, 29676, 23278, 13679, 22640, 24178, 29812, 21493, 10870, 12278, 27774]
2018-04-15 20:10:31,741 [DEBUG|FireBrigade/570148106|TestSearchForFire] best path is:[29162, 6990, 3651, 190, 9105, 10940, 10924]
2018-04-15 20:10:31,741 [DEBUG|FireBrigade/570148106|TestSearchForFire] choosed:9105
2018-04-15 20:10:37,476 [DEBUG|FireBrigade/570148106|TestBuildingDetector] Time:36
2018-04-15 20:10:37,476 [DEBUG|FireBrigade/570148106|TestSearchForFire] Time:36
2018-04-15 20:10:37,477 [DEBUG|FireBrigade/570148106|TestBuildingDetector] FieryBuildingsTargets: []
2018-04-15 20:10:37,477 [DEBUG|FireBrigade/570148106|TestSearchForFire] unsearchedBuildingIDs:[21250, 20995, 32773, 26502, 26255, 22418, 16146, 9875, 21524, 18324, 26519, 29979, 15901, 18463, 22559, 25632, 24097, 29730, 32803, 27812, 13733, 16037, 13099, 22444, 10924, 12077, 9902, 18351, 15792, 26550, 13625, 24124, 23359, 15295, 35139, 32838, 13126, 10955, 24012, 12108, 18382, 14800, 29649, 26577, 9683, 22355, 13014, 18262, 29025, 18017, 19815, 29676, 23278, 13679, 22640, 24178, 29812, 21493, 10870, 12278, 27774]
2018-04-15 20:10:37,477 [DEBUG|FireBrigade/570148106|TestSearchForFire] best path is:[29162, 6990, 3651, 190, 9105, 10940, 10924]
2018-04-15 20:10:37,477 [DEBUG|FireBrigade/570148106|TestSearchForFire] choosed:9105
2018-04-15 20:10:42,628 [DEBUG|FireBrigade/570148106|TestBuildingDetector] Time:37
2018-04-15 20:10:42,628 [DEBUG|FireBrigade/570148106|TestSearchForFire] Time:37
2018-04-15 20:10:42,629 [DEBUG|FireBrigade/570148106|TestBuildingDetector] FieryBuildingsTargets: []
2018-04-15 20:10:42,629 [DEBUG|FireBrigade/570148106|TestSearchForFire] unsearchedBuildingIDs:[21250, 20995, 32773, 26502, 26255, 22418, 16146, 9875, 21524, 18324, 26519, 29979, 15901, 18463, 22559, 25632, 24097, 29730, 32803, 27812, 13733, 16037, 13099, 22444, 10924, 12077, 9902, 18351, 15792, 26550, 13625, 24124, 23359, 15295, 35139, 32838, 13126, 10955, 24012, 12108, 18382, 14800, 29649, 26577, 9683, 22355, 13014, 18262, 29025, 18017, 19815, 29676, 23278, 13679, 22640, 24178, 29812, 21493, 10870, 12278, 27774]
2018-04-15 20:10:42,629 [DEBUG|FireBrigade/570148106|TestSearchForFire] best path is:[29162, 6990, 3651, 190, 9105, 10940, 10924]
2018-04-15 20:10:42,629 [DEBUG|FireBrigade/570148106|TestSearchForFire] choosed:9105
2018-04-15 20:10:47,860 [DEBUG|FireBrigade/570148106|TestBuildingDetector] Time:38
2018-04-15 20:10:47,860 [DEBUG|FireBrigade/570148106|TestSearchForFire] Time:38
2018-04-15 20:10:47,861 [DEBUG|FireBrigade/570148106|TestBuildingDetector] FieryBuildingsTargets: []
2018-04-15 20:10:47,861 [DEBUG|FireBrigade/570148106|TestSearchForFire] unsearchedBuildingIDs:[21250, 20995, 32773, 26502, 26255, 22418, 16146, 9875, 21524, 18324, 26519, 29979, 15901, 18463, 22559, 25632, 24097, 29730, 32803, 27812, 13733, 16037, 13099, 22444, 10924, 12077, 9902, 18351, 15792, 26550, 13625, 24124, 23359, 15295, 35139, 32838, 13126, 10955, 24012, 12108, 18382, 14800, 29649, 26577, 9683, 22355, 13014, 18262, 29025, 18017, 19815, 29676, 23278, 13679, 22640, 24178, 29812, 21493, 10870, 12278, 27774]
2018-04-15 20:10:47,861 [DEBUG|FireBrigade/570148106|TestSearchForFire] best path is:[29162, 6990, 3651, 190, 9105, 10940, 10924]
2018-04-15 20:10:47,861 [DEBUG|FireBrigade/570148106|TestSearchForFire] choosed:9105
2018-04-15 20:10:53,032 [DEBUG|FireBrigade/570148106|TestBuildingDetector] Time:39
2018-04-15 20:10:53,032 [DEBUG|FireBrigade/570148106|TestSearchForFire] Time:39
2018-04-15 20:10:53,033 [DEBUG|FireBrigade/570148106|TestBuildingDetector] FieryBuildingsTargets: []
2018-04-15 20:10:53,033 [DEBUG|FireBrigade/570148106|TestSearchForFire] unsearchedBuildingIDs:[21250, 20995, 32773, 26502, 26255, 22418, 16146, 9875, 21524, 18324, 26519, 29979, 15901, 18463, 22559, 25632, 24097, 29730, 32803, 27812, 13733, 16037, 13099, 22444, 10924, 12077, 9902, 18351, 15792, 26550, 13625, 24124, 23359, 15295, 35139, 32838, 13126, 10955, 24012, 12108, 18382, 14800, 29649, 26577, 9683, 22355, 13014, 18262, 29025, 18017, 19815, 29676, 23278, 13679, 22640, 24178, 29812, 21493, 10870, 12278, 27774]
2018-04-15 20:10:53,034 [DEBUG|FireBrigade/570148106|TestSearchForFire] best path is:[29146, 29162, 6990, 3651, 190, 9105, 10940, 10924]
2018-04-15 20:10:53,034 [DEBUG|FireBrigade/570148106|TestSearchForFire] choosed:9105
2018-04-15 20:10:58,104 [DEBUG|FireBrigade/570148106|TestBuildingDetector] Time:40
2018-04-15 20:10:58,104 [DEBUG|FireBrigade/570148106|TestSearchForFire] Time:40
2018-04-15 20:10:58,104 [DEBUG|FireBrigade/570148106|TestBuildingDetector] FieryBuildingsTargets: []
2018-04-15 20:10:58,104 [DEBUG|FireBrigade/570148106|TestSearchForFire] unsearchedBuildingIDs:[21250, 20995, 32773, 26502, 26255, 22418, 16146, 9875, 21524, 18324, 26519, 29979, 15901, 18463, 22559, 25632, 24097, 29730, 32803, 27812, 13733, 16037, 13099, 22444, 10924, 12077, 9902, 18351, 15792, 26550, 13625, 24124, 23359, 15295, 35139, 32838, 13126, 10955, 24012, 12108, 18382, 14800, 29649, 26577, 9683, 22355, 13014, 18262, 29025, 18017, 19815, 29676, 23278, 13679, 22640, 24178, 29812, 21493, 10870, 12278, 27774]
2018-04-15 20:10:58,104 [DEBUG|FireBrigade/570148106|TestSearchForFire] best path is:[29162, 6990, 3651, 190, 9105, 10940, 10924]
2018-04-15 20:10:58,205 [DEBUG|FireBrigade/570148106|TestSearchForFire] choosed:9105
2018-04-15 20:11:03,161 [DEBUG|FireBrigade/570148106|TestBuildingDetector] Time:41
2018-04-15 20:11:03,161 [DEBUG|FireBrigade/570148106|TestSearchForFire] Time:41
2018-04-15 20:11:03,161 [DEBUG|FireBrigade/570148106|TestBuildingDetector] FieryBuildingsTargets: []
2018-04-15 20:11:03,161 [DEBUG|FireBrigade/570148106|TestSearchForFire] unsearchedBuildingIDs:[21250, 20995, 32773, 26502, 26255, 22418, 16146, 9875, 21524, 18324, 26519, 29979, 15901, 18463, 22559, 25632, 24097, 29730, 32803, 27812, 13733, 16037, 13099, 22444, 10924, 12077, 9902, 18351, 15792, 26550, 13625, 24124, 23359, 15295, 35139, 32838, 13126, 10955, 24012, 12108, 18382, 14800, 29649, 26577, 9683, 22355, 13014, 18262, 29025, 18017, 19815, 29676, 23278, 13679, 22640, 24178, 29812, 21493, 10870, 12278, 27774]
2018-04-15 20:11:03,162 [DEBUG|FireBrigade/570148106|TestSearchForFire] best path is:[29162, 6990, 3651, 190, 9105, 10940, 10924]
2018-04-15 20:11:03,162 [DEBUG|FireBrigade/570148106|TestSearchForFire] choosed:9105
2018-04-15 20:11:08,060 [DEBUG|FireBrigade/570148106|TestBuildingDetector] Time:42
2018-04-15 20:11:08,060 [DEBUG|FireBrigade/570148106|TestSearchForFire] Time:42
2018-04-15 20:11:08,061 [DEBUG|FireBrigade/570148106|TestBuildingDetector] FieryBuildingsTargets: []
2018-04-15 20:11:08,061 [DEBUG|FireBrigade/570148106|TestSearchForFire] unsearchedBuildingIDs:[21250, 20995, 32773, 26502, 26255, 22418, 9875, 21524, 18324, 26519, 29979, 15901, 18463, 22559, 25632, 24097, 29730, 32803, 27812, 13733, 16037, 13099, 22444, 12077, 9902, 18351, 15792, 26550, 13625, 24124, 23359, 15295, 35139, 32838, 13126, 10955, 24012, 12108, 18382, 14800, 29649, 26577, 9683, 22355, 13014, 18262, 29025, 18017, 19815, 29676, 23278, 13679, 22640, 24178, 29812, 21493, 10870, 12278, 27774]
2018-04-15 20:11:08,061 [DEBUG|FireBrigade/570148106|TestSearchForFire] best path is:[6990, 3651, 190, 9105, 6981, 8196, 2364, 26566, 26550]
2018-04-15 20:11:08,061 [DEBUG|FireBrigade/570148106|TestSearchForFire] choosed:2364
2018-04-15 20:11:13,152 [DEBUG|FireBrigade/570148106|TestBuildingDetector] Time:43
2018-04-15 20:11:13,152 [DEBUG|FireBrigade/570148106|TestSearchForFire] Time:43
2018-04-15 20:11:13,153 [DEBUG|FireBrigade/570148106|TestBuildingDetector] FieryBuildingsTargets: []
2018-04-15 20:11:13,153 [DEBUG|FireBrigade/570148106|TestSearchForFire] unsearchedBuildingIDs:[21250, 20995, 32773, 26502, 22418, 9875, 18324, 26519, 29979, 15901, 18463, 22559, 25632, 24097, 29730, 32803, 27812, 13733, 16037, 13099, 22444, 9902, 18351, 15792, 24124, 23359, 15295, 35139, 32838, 13126, 10955, 24012, 12108, 18382, 14800, 26577, 9683, 22355, 13014, 18262, 29025, 18017, 29676, 23278, 13679, 22640, 24178, 29812, 21493, 10870, 27774]
2018-04-15 20:11:13,153 [DEBUG|FireBrigade/570148106|TestSearchForFire] best path is:[2364, 7296, 4407, 32788, 32787, 32789, 24194, 24178]
2018-04-15 20:11:13,153 [DEBUG|FireBrigade/570148106|TestSearchForFire] choosed:32789
2018-04-15 20:11:18,080 [DEBUG|FireBrigade/570148106|TestBuildingDetector] Time:44
2018-04-15 20:11:18,080 [DEBUG|FireBrigade/570148106|TestSearchForFire] Time:44
2018-04-15 20:11:18,081 [DEBUG|FireBrigade/570148106|TestBuildingDetector] FieryBuildingsTargets: []
2018-04-15 20:11:18,081 [DEBUG|FireBrigade/570148106|TestSearchForFire] unsearchedBuildingIDs:[21250, 20995, 32773, 26502, 22418, 9875, 18324, 26519, 29979, 15901, 18463, 22559, 25632, 24097, 29730, 32803, 27812, 13733, 16037, 13099, 22444, 9902, 18351, 15792, 24124, 23359, 15295, 35139, 32838, 13126, 10955, 24012, 12108, 18382, 14800, 26577, 9683, 22355, 13014, 18262, 29025, 18017, 29676, 23278, 13679, 22640, 29812, 21493, 10870, 27774]
2018-04-15 20:11:18,081 [DEBUG|FireBrigade/570148106|TestSearchForFire] best path is:[7296, 4407, 32788, 32787, 32789, 32802, 32803]
2018-04-15 20:11:18,081 [DEBUG|FireBrigade/570148106|TestSearchForFire] choosed:32789
2018-04-15 20:11:23,441 [DEBUG|FireBrigade/570148106|TestBuildingDetector] Time:45
2018-04-15 20:11:23,441 [DEBUG|FireBrigade/570148106|TestSearchForFire] Time:45
2018-04-15 20:11:23,441 [DEBUG|FireBrigade/570148106|TestBuildingDetector] FieryBuildingsTargets: []
2018-04-15 20:11:23,441 [DEBUG|FireBrigade/570148106|TestSearchForFire] unsearchedBuildingIDs:[21250, 20995, 32773, 26502, 22418, 9875, 18324, 26519, 29979, 15901, 18463, 22559, 25632, 24097, 29730, 32803, 27812, 13733, 16037, 13099, 22444, 9902, 18351, 15792, 24124, 23359, 15295, 35139, 32838, 13126, 10955, 24012, 12108, 18382, 14800, 26577, 9683, 22355, 13014, 18262, 29025, 18017, 29676, 23278, 13679, 22640, 29812, 21493, 10870, 27774]
2018-04-15 20:11:23,442 [DEBUG|FireBrigade/570148106|TestSearchForFire] best path is:[7296, 4407, 32788, 32787, 32789, 32802, 32803]
2018-04-15 20:11:23,442 [DEBUG|FireBrigade/570148106|TestSearchForFire] choosed:32789
2018-04-15 20:11:28,437 [DEBUG|FireBrigade/570148106|TestBuildingDetector] Time:46
2018-04-15 20:11:28,437 [DEBUG|FireBrigade/570148106|TestSearchForFire] Time:46
2018-04-15 20:11:28,437 [DEBUG|FireBrigade/570148106|TestBuildingDetector] FieryBuildingsTargets: []
2018-04-15 20:11:28,437 [DEBUG|FireBrigade/570148106|TestSearchForFire] unsearchedBuildingIDs:[21250, 20995, 32773, 26502, 22418, 9875, 18324, 26519, 29979, 15901, 18463, 22559, 25632, 24097, 29730, 32803, 27812, 13733, 16037, 13099, 22444, 9902, 18351, 15792, 24124, 23359, 15295, 35139, 32838, 13126, 10955, 24012, 12108, 18382, 14800, 26577, 9683, 22355, 13014, 18262, 29025, 18017, 29676, 23278, 13679, 22640, 29812, 21493, 10870, 27774]
2018-04-15 20:11:28,438 [DEBUG|FireBrigade/570148106|TestSearchForFire] best path is:[7296, 4407, 32788, 32787, 32789, 32802, 32803]
2018-04-15 20:11:28,438 [DEBUG|FireBrigade/570148106|TestSearchForFire] choosed:32789
2018-04-15 20:11:33,204 [DEBUG|FireBrigade/570148106|TestBuildingDetector] Time:47
2018-04-15 20:11:33,204 [DEBUG|FireBrigade/570148106|TestSearchForFire] Time:47
2018-04-15 20:11:33,205 [DEBUG|FireBrigade/570148106|TestBuildingDetector] FieryBuildingsTargets: []
2018-04-15 20:11:33,205 [DEBUG|FireBrigade/570148106|TestSearchForFire] unsearchedBuildingIDs:[21250, 20995, 32773, 26502, 22418, 9875, 18324, 26519, 29979, 15901, 18463, 22559, 25632, 24097, 29730, 32803, 27812, 13733, 16037, 13099, 22444, 9902, 18351, 15792, 24124, 23359, 15295, 35139, 32838, 13126, 10955, 24012, 12108, 18382, 14800, 26577, 9683, 22355, 13014, 18262, 29025, 18017, 29676, 23278, 13679, 22640, 29812, 21493, 10870, 27774]
2018-04-15 20:11:33,205 [DEBUG|FireBrigade/570148106|TestSearchForFire] best path is:[7296, 4407, 32788, 32787, 32789, 32802, 32803]
2018-04-15 20:11:33,205 [DEBUG|FireBrigade/570148106|TestSearchForFire] choosed:32789
2018-04-15 20:11:38,092 [DEBUG|FireBrigade/570148106|TestBuildingDetector] Time:48
2018-04-15 20:11:38,092 [DEBUG|FireBrigade/570148106|TestSearchForFire] Time:48
2018-04-15 20:11:38,092 [DEBUG|FireBrigade/570148106|TestBuildingDetector] FieryBuildingsTargets: []
2018-04-15 20:11:38,092 [DEBUG|FireBrigade/570148106|TestSearchForFire] unsearchedBuildingIDs:[21250, 20995, 32773, 26502, 22418, 9875, 18324, 26519, 29979, 15901, 18463, 22559, 25632, 24097, 29730, 32803, 27812, 13733, 16037, 13099, 22444, 9902, 18351, 15792, 24124, 23359, 15295, 35139, 32838, 13126, 10955, 24012, 12108, 18382, 14800, 26577, 9683, 22355, 13014, 18262, 29025, 18017, 29676, 23278, 13679, 22640, 29812, 21493, 10870, 27774]
2018-04-15 20:11:38,092 [DEBUG|FireBrigade/570148106|TestSearchForFire] best path is:[7296, 4407, 32788, 32787, 32789, 32802, 32803]
2018-04-15 20:11:38,092 [DEBUG|FireBrigade/570148106|TestSearchForFire] choosed:32789
2018-04-15 20:11:42,756 [DEBUG|FireBrigade/570148106|TestBuildingDetector] Time:49
2018-04-15 20:11:42,757 [DEBUG|FireBrigade/570148106|TestSearchForFire] Time:49
2018-04-15 20:11:42,757 [DEBUG|FireBrigade/570148106|TestBuildingDetector] FieryBuildingsTargets: []
2018-04-15 20:11:42,757 [DEBUG|FireBrigade/570148106|TestSearchForFire] unsearchedBuildingIDs:[21250, 20995, 32773, 26502, 22418, 9875, 18324, 26519, 29979, 18463, 22559, 25632, 24097, 29730, 27812, 13733, 13099, 22444, 9902, 18351, 15792, 24124, 23359, 15295, 32838, 13126, 10955, 24012, 12108, 18382, 14800, 9683, 22355, 29025, 29676, 23278, 13679, 22640, 29812, 10870, 27774]
2018-04-15 20:11:42,757 [DEBUG|FireBrigade/570148106|TestSearchForFire] best path is:[32789, 32802, 32801, 1221, 32800, 7593, 1985, 9096, 21266, 21250]
2018-04-15 20:11:42,758 [DEBUG|FireBrigade/570148106|TestSearchForFire] choosed:9096
2018-04-15 20:11:47,601 [DEBUG|FireBrigade/570148106|TestBuildingDetector] Time:50
2018-04-15 20:11:47,601 [DEBUG|FireBrigade/570148106|TestSearchForFire] Time:50
2018-04-15 20:11:47,601 [DEBUG|FireBrigade/570148106|TestBuildingDetector] FieryBuildingsTargets: []
2018-04-15 20:11:47,601 [DEBUG|FireBrigade/570148106|TestSearchForFire] unsearchedBuildingIDs:[20995, 32773, 26502, 22418, 18324, 26519, 29979, 18463, 22559, 25632, 24097, 29730, 27812, 13733, 13099, 22444, 9902, 18351, 15792, 23359, 32838, 13126, 10955, 24012, 12108, 18382, 14800, 9683, 22355, 29025, 13679, 22640, 29812, 10870]
2018-04-15 20:11:47,601 [DEBUG|FireBrigade/570148106|TestSearchForFire] best path is:[9096, 34146, 15808, 15792]
2018-04-15 20:11:47,601 [DEBUG|FireBrigade/570148106|TestSearchForFire] choosed:34146
2018-04-15 20:11:52,233 [DEBUG|FireBrigade/570148106|TestBuildingDetector] Time:51
2018-04-15 20:11:52,233 [DEBUG|FireBrigade/570148106|TestSearchForFire] Time:51
2018-04-15 20:11:52,233 [DEBUG|FireBrigade/570148106|TestBuildingDetector] FieryBuildingsTargets: []
2018-04-15 20:11:52,233 [DEBUG|FireBrigade/570148106|TestSearchForFire] unsearchedBuildingIDs:[20995, 32773, 26502, 22418, 18324, 26519, 29979, 18463, 22559, 25632, 24097, 29730, 27812, 13099, 22444, 9902, 23359, 32838, 13126, 10955, 24012, 18382, 14800, 29025, 13679, 22640, 29812, 10870]
2018-04-15 20:11:52,234 [DEBUG|FireBrigade/570148106|TestSearchForFire] best path is:[34146, 2562, 8349, 13115, 13099]
2018-04-15 20:11:52,234 [DEBUG|FireBrigade/570148106|TestSearchForFire] choosed:8349
2018-04-15 20:11:56,684 [DEBUG|FireBrigade/570148106|TestBuildingDetector] Time:52
2018-04-15 20:11:56,684 [DEBUG|FireBrigade/570148106|TestSearchForFire] Time:52
2018-04-15 20:11:56,685 [DEBUG|FireBrigade/570148106|TestBuildingDetector] FieryBuildingsTargets: []
2018-04-15 20:11:56,685 [DEBUG|FireBrigade/570148106|TestSearchForFire] unsearchedBuildingIDs:[20995, 32773, 26502, 18324, 26519, 29979, 18463, 22559, 25632, 24097, 29730, 27812, 22444, 9902, 23359, 32838, 13126, 10955, 24012, 18382, 14800, 29025, 13679, 22640, 29812, 10870]
2018-04-15 20:11:56,685 [DEBUG|FireBrigade/570148106|TestSearchForFire] best path is:[8349, 3993, 1247, 7656, 3057, 10886, 10870]
2018-04-15 20:11:56,685 [DEBUG|FireBrigade/570148106|TestSearchForFire] choosed:3057
2018-04-15 20:12:01,124 [DEBUG|FireBrigade/570148106|TestBuildingDetector] Time:53
2018-04-15 20:12:01,124 [DEBUG|FireBrigade/570148106|TestSearchForFire] Time:53
2018-04-15 20:12:01,125 [DEBUG|FireBrigade/570148106|TestBuildingDetector] FieryBuildingsTargets: []
2018-04-15 20:12:01,125 [DEBUG|FireBrigade/570148106|TestSearchForFire] unsearchedBuildingIDs:[20995, 32773, 18324, 26519, 29979, 18463, 22559, 25632, 24097, 27812, 22444, 9902, 23359, 32838, 13126, 10955, 18382, 14800, 29025, 13679, 22640, 29812, 10870]
2018-04-15 20:12:01,125 [DEBUG|FireBrigade/570148106|TestSearchForFire] best path is:[1247, 7656, 3057, 10886, 10870]
2018-04-15 20:12:01,125 [DEBUG|FireBrigade/570148106|TestSearchForFire] choosed:3057
2018-04-15 20:12:05,708 [DEBUG|FireBrigade/570148106|TestBuildingDetector] Time:54
2018-04-15 20:12:05,708 [DEBUG|FireBrigade/570148106|TestSearchForFire] Time:54
2018-04-15 20:12:05,709 [DEBUG|FireBrigade/570148106|TestBuildingDetector] FieryBuildingsTargets: []
2018-04-15 20:12:05,709 [DEBUG|FireBrigade/570148106|TestSearchForFire] unsearchedBuildingIDs:[20995, 32773, 18324, 26519, 29979, 18463, 22559, 25632, 24097, 27812, 22444, 9902, 23359, 32838, 13126, 10955, 18382, 14800, 29025, 13679, 22640, 29812, 10870]
2018-04-15 20:12:05,709 [DEBUG|FireBrigade/570148106|TestSearchForFire] best path is:[7656, 3057, 10886, 10870]
2018-04-15 20:12:05,709 [DEBUG|FireBrigade/570148106|TestSearchForFire] choosed:3057
2018-04-15 20:12:10,144 [DEBUG|FireBrigade/570148106|TestBuildingDetector] Time:55
2018-04-15 20:12:10,145 [DEBUG|FireBrigade/570148106|TestSearchForFire] Time:55
2018-04-15 20:12:10,145 [DEBUG|FireBrigade/570148106|TestBuildingDetector] FieryBuildingsTargets: []
2018-04-15 20:12:10,145 [DEBUG|FireBrigade/570148106|TestSearchForFire] unsearchedBuildingIDs:[20995, 32773, 18324, 26519, 29979, 18463, 22559, 25632, 24097, 27812, 22444, 9902, 23359, 32838, 13126, 10955, 18382, 14800, 29025, 13679, 22640, 29812, 10870]
2018-04-15 20:12:10,145 [DEBUG|FireBrigade/570148106|TestSearchForFire] best path is:[7656, 3057, 10886, 10870]
2018-04-15 20:12:10,145 [DEBUG|FireBrigade/570148106|TestSearchForFire] choosed:3057
2018-04-15 20:12:14,728 [DEBUG|FireBrigade/570148106|TestBuildingDetector] Time:56
2018-04-15 20:12:14,728 [DEBUG|FireBrigade/570148106|TestSearchForFire] Time:56
2018-04-15 20:12:14,729 [DEBUG|FireBrigade/570148106|TestBuildingDetector] FieryBuildingsTargets: []
2018-04-15 20:12:14,729 [DEBUG|FireBrigade/570148106|TestSearchForFire] unsearchedBuildingIDs:[20995, 32773, 18324, 26519, 29979, 18463, 22559, 25632, 24097, 27812, 22444, 9902, 23359, 32838, 13126, 10955, 18382, 14800, 29025, 13679, 22640, 29812]
2018-04-15 20:12:14,729 [DEBUG|FireBrigade/570148106|TestSearchForFire] best path is:[7656, 3057, 4002, 9918, 9902]
2018-04-15 20:12:14,729 [DEBUG|FireBrigade/570148106|TestSearchForFire] choosed:4002
2018-04-15 20:12:19,245 [DEBUG|FireBrigade/570148106|TestBuildingDetector] Time:57
2018-04-15 20:12:19,245 [DEBUG|FireBrigade/570148106|TestSearchForFire] Time:57
2018-04-15 20:12:19,245 [DEBUG|FireBrigade/570148106|TestBuildingDetector] FieryBuildingsTargets: []
2018-04-15 20:12:19,245 [DEBUG|FireBrigade/570148106|TestSearchForFire] unsearchedBuildingIDs:[20995, 32773, 18324, 26519, 29979, 18463, 22559, 25632, 24097, 27812, 22444, 23359, 32838, 13126, 10955, 18382, 14800, 29025, 13679, 22640, 29812]
2018-04-15 20:12:19,246 [DEBUG|FireBrigade/570148106|TestSearchForFire] best path is:[4002, 3057, 7656, 1247, 7125, 4236, 190, 3651, 6990, 2553, 8340, 9258, 1504, 5775, 8790, 3471, 892, 5784, 36031, 36030, 36027, 21011, 20995]
2018-04-15 20:12:19,246 [DEBUG|FireBrigade/570148106|TestSearchForFire] choosed:36027
2018-04-15 20:12:25,244 [DEBUG|FireBrigade/570148106|TestBuildingDetector] Time:58
2018-04-15 20:12:25,244 [DEBUG|FireBrigade/570148106|TestSearchForFire] Time:58
2018-04-15 20:12:25,245 [DEBUG|FireBrigade/570148106|TestBuildingDetector] FieryBuildingsTargets: []
2018-04-15 20:12:25,245 [DEBUG|FireBrigade/570148106|TestSearchForFire] unsearchedBuildingIDs:[20995, 32773, 18324, 26519, 29979, 18463, 22559, 25632, 24097, 27812, 22444, 23359, 32838, 13126, 10955, 18382, 14800, 29025, 13679, 22640, 29812]
2018-04-15 20:12:25,246 [DEBUG|FireBrigade/570148106|TestSearchForFire] best path is:[4002, 3057, 7656, 1247, 7125, 4236, 190, 3651, 6990, 2553, 8340, 9258, 1504, 5775, 8790, 3471, 892, 5784, 36031, 36030, 36027, 21011, 20995]
2018-04-15 20:12:25,246 [DEBUG|FireBrigade/570148106|TestSearchForFire] choosed:36027
2018-04-15 20:12:29,792 [DEBUG|FireBrigade/570148106|TestBuildingDetector] Time:59
2018-04-15 20:12:29,792 [DEBUG|FireBrigade/570148106|TestSearchForFire] Time:59
2018-04-15 20:12:29,793 [DEBUG|FireBrigade/570148106|TestBuildingDetector] FieryBuildingsTargets: []
2018-04-15 20:12:29,793 [DEBUG|FireBrigade/570148106|TestSearchForFire] unsearchedBuildingIDs:[32773, 18324, 26519, 29979, 18463, 22559, 25632, 24097, 27812, 22444, 23359, 32838, 13126, 10955, 18382, 14800, 29025, 13679, 22640, 29812]
2018-04-15 20:12:29,794 [DEBUG|FireBrigade/570148106|TestSearchForFire] best path is:[4236, 190, 9105, 6981, 8196, 2364, 7296, 4407, 32788, 32787, 9420, 272, 5892, 3354, 32784, 32783, 4974, 12352, 32773]
2018-04-15 20:12:29,794 [DEBUG|FireBrigade/570148106|TestSearchForFire] choosed:4974
2018-04-15 20:12:34,104 [DEBUG|FireBrigade/570148106|TestBuildingDetector] Time:60
2018-04-15 20:12:34,104 [DEBUG|FireBrigade/570148106|TestSearchForFire] Time:60
2018-04-15 20:12:34,105 [DEBUG|FireBrigade/570148106|TestBuildingDetector] FieryBuildingsTargets: []
2018-04-15 20:12:34,105 [DEBUG|FireBrigade/570148106|TestSearchForFire] unsearchedBuildingIDs:[32773, 18324, 26519, 29979, 18463, 22559, 25632, 24097, 27812, 22444, 23359, 32838, 13126, 10955, 18382, 14800, 29025, 13679, 22640, 29812]
2018-04-15 20:12:34,105 [DEBUG|FireBrigade/570148106|TestSearchForFire] best path is:[4407, 32788, 32787, 9420, 272, 5892, 3354, 32784, 32783, 4974, 12352, 32773]
2018-04-15 20:12:34,105 [DEBUG|FireBrigade/570148106|TestSearchForFire] choosed:4974
2018-04-15 20:12:38,315 [DEBUG|FireBrigade/570148106|TestBuildingDetector] Time:61
2018-04-15 20:12:38,315 [DEBUG|FireBrigade/570148106|TestSearchForFire] Time:61
2018-04-15 20:12:38,316 [DEBUG|FireBrigade/570148106|TestBuildingDetector] FieryBuildingsTargets: []
2018-04-15 20:12:38,316 [DEBUG|FireBrigade/570148106|TestSearchForFire] unsearchedBuildingIDs:[18324, 29979, 18463, 25632, 24097, 27812, 22444, 23359, 32838, 13126, 10955, 18382, 29025, 13679, 22640, 29812]
2018-04-15 20:12:38,316 [DEBUG|FireBrigade/570148106|TestSearchForFire] best path is:[32784, 32782, 18340, 18324]
2018-04-15 20:12:38,316 [DEBUG|FireBrigade/570148106|TestSearchForFire] choosed:32782
2018-04-15 20:12:42,156 [DEBUG|FireBrigade/570148106|TestBuildingDetector] Time:62
2018-04-15 20:12:42,156 [DEBUG|FireBrigade/570148106|TestSearchForFire] Time:62
2018-04-15 20:12:42,156 [DEBUG|FireBrigade/570148106|TestBuildingDetector] FieryBuildingsTargets: []
2018-04-15 20:12:42,156 [DEBUG|FireBrigade/570148106|TestSearchForFire] unsearchedBuildingIDs:[29979, 18463, 25632, 24097, 27812, 22444, 32838, 13126, 10955, 18382, 29025, 13679, 22640, 29812]
2018-04-15 20:12:42,156 [DEBUG|FireBrigade/570148106|TestSearchForFire] best path is:[32782, 32781, 2877, 4551, 23359, 35310, 29979]
2018-04-15 20:12:42,157 [DEBUG|FireBrigade/570148106|TestSearchForFire] choosed:23359
2018-04-15 20:12:46,176 [DEBUG|FireBrigade/570148106|TestBuildingDetector] Time:63
2018-04-15 20:12:46,176 [DEBUG|FireBrigade/570148106|TestSearchForFire] Time:63
2018-04-15 20:12:46,176 [DEBUG|FireBrigade/570148106|TestBuildingDetector] FieryBuildingsTargets: []
2018-04-15 20:12:46,176 [DEBUG|FireBrigade/570148106|TestSearchForFire] unsearchedBuildingIDs:[18463, 25632, 24097, 27812, 22444, 32838, 13126, 10955, 18382, 29025, 13679, 22640, 29812]
2018-04-15 20:12:46,177 [DEBUG|FireBrigade/570148106|TestSearchForFire] best path is:[23359, 4551, 2877, 32781, 32782, 32784, 3354, 5892, 272, 9420, 32787, 32789, 32802, 32801, 1221, 32800, 7593, 1985, 8241, 4110, 741, 5757, 32809, 32808, 29025]
2018-04-15 20:12:46,177 [DEBUG|FireBrigade/570148106|TestSearchForFire] choosed:32809
2018-04-15 20:12:50,196 [DEBUG|FireBrigade/570148106|TestBuildingDetector] Time:64
2018-04-15 20:12:50,196 [DEBUG|FireBrigade/570148106|TestSearchForFire] Time:64
2018-04-15 20:12:50,196 [DEBUG|FireBrigade/570148106|TestBuildingDetector] FieryBuildingsTargets: []
2018-04-15 20:12:50,197 [DEBUG|FireBrigade/570148106|TestSearchForFire] unsearchedBuildingIDs:[18463, 25632, 24097, 27812, 22444, 32838, 13126, 10955, 18382, 29025, 13679, 22640, 29812]
2018-04-15 20:12:50,197 [DEBUG|FireBrigade/570148106|TestSearchForFire] best path is:[23359, 4551, 2877, 32781, 32782, 32784, 3354, 5892, 272, 9420, 32787, 32789, 32802, 32801, 1221, 32800, 7593, 1985, 8241, 4110, 741, 5757, 32809, 32808, 29025]
2018-04-15 20:12:50,197 [DEBUG|FireBrigade/570148106|TestSearchForFire] choosed:32809
2018-04-15 20:12:54,308 [DEBUG|FireBrigade/570148106|TestBuildingDetector] Time:65
2018-04-15 20:12:54,308 [DEBUG|FireBrigade/570148106|TestSearchForFire] Time:65
2018-04-15 20:12:54,309 [DEBUG|FireBrigade/570148106|TestBuildingDetector] FieryBuildingsTargets: []
2018-04-15 20:12:54,309 [DEBUG|FireBrigade/570148106|TestSearchForFire] unsearchedBuildingIDs:[18463, 25632, 24097, 27812, 22444, 32838, 13126, 10955, 18382, 29025, 13679, 22640, 29812]
2018-04-15 20:12:54,309 [DEBUG|FireBrigade/570148106|TestSearchForFire] best path is:[32781, 32782, 32784, 3354, 5892, 272, 9420, 32787, 32789, 32802, 32801, 1221, 32800, 7593, 1985, 8241, 4110, 741, 5757, 32809, 32808, 29025]
2018-04-15 20:12:54,309 [DEBUG|FireBrigade/570148106|TestSearchForFire] choosed:32809
2018-04-15 20:12:58,565 [DEBUG|FireBrigade/570148106|TestBuildingDetector] Time:66
2018-04-15 20:12:58,565 [DEBUG|FireBrigade/570148106|TestSearchForFire] Time:66
2018-04-15 20:12:58,565 [DEBUG|FireBrigade/570148106|TestBuildingDetector] FieryBuildingsTargets: []
2018-04-15 20:12:58,565 [DEBUG|FireBrigade/570148106|TestSearchForFire] unsearchedBuildingIDs:[18463, 25632, 24097, 27812, 22444, 32838, 13126, 10955, 18382, 29025, 13679, 22640, 29812]
2018-04-15 20:12:58,566 [DEBUG|FireBrigade/570148106|TestSearchForFire] best path is:[32787, 32789, 32802, 32801, 1221, 32800, 7593, 1985, 8241, 4110, 741, 5757, 32809, 32808, 29025]
2018-04-15 20:12:58,566 [DEBUG|FireBrigade/570148106|TestSearchForFire] choosed:32809
2018-04-15 20:13:02,656 [DEBUG|FireBrigade/570148106|TestBuildingDetector] Time:67
2018-04-15 20:13:02,656 [DEBUG|FireBrigade/570148106|TestSearchForFire] Time:67
2018-04-15 20:13:02,657 [DEBUG|FireBrigade/570148106|TestBuildingDetector] FieryBuildingsTargets: []
2018-04-15 20:13:02,657 [DEBUG|FireBrigade/570148106|TestSearchForFire] unsearchedBuildingIDs:[18463, 25632, 24097, 22444, 32838, 13126, 29025, 13679, 22640, 29812]
2018-04-15 20:13:02,657 [DEBUG|FireBrigade/570148106|TestSearchForFire] best path is:[4110, 741, 5757, 32809, 32808, 29025]
2018-04-15 20:13:02,657 [DEBUG|FireBrigade/570148106|TestSearchForFire] choosed:32809
2018-04-15 20:13:06,805 [DEBUG|FireBrigade/570148106|TestBuildingDetector] Time:68
2018-04-15 20:13:06,805 [DEBUG|FireBrigade/570148106|TestSearchForFire] Time:68
2018-04-15 20:13:06,805 [DEBUG|FireBrigade/570148106|TestBuildingDetector] FieryBuildingsTargets: [Building (18463)]
2018-04-15 20:13:06,805 [DEBUG|FireBrigade/570148106|TestBuildingDetector] Selected:Building (18463)
2018-04-15 20:13:10,696 [DEBUG|FireBrigade/570148106|TestBuildingDetector] Time:69
2018-04-15 20:13:10,696 [DEBUG|FireBrigade/570148106|TestSearchForFire] Time:69
2018-04-15 20:13:10,697 [DEBUG|FireBrigade/570148106|TestBuildingDetector] FieryBuildingsTargets: []
2018-04-15 20:13:10,697 [DEBUG|FireBrigade/570148106|TestSearchForFire] unsearchedBuildingIDs:[25632, 22444, 32838, 13126, 13679, 22640, 29812]
2018-04-15 20:13:10,697 [DEBUG|FireBrigade/570148106|TestSearchForFire] best path is:[32809, 24140, 24124, 34782, 25632]
2018-04-15 20:13:10,697 [DEBUG|FireBrigade/570148106|TestSearchForFire] choosed:24124
2018-04-15 20:13:14,616 [DEBUG|FireBrigade/570148106|TestBuildingDetector] Time:70
2018-04-15 20:13:14,616 [DEBUG|FireBrigade/570148106|TestSearchForFire] Time:70
2018-04-15 20:13:14,616 [DEBUG|FireBrigade/570148106|TestBuildingDetector] FieryBuildingsTargets: []
2018-04-15 20:13:14,617 [DEBUG|FireBrigade/570148106|TestSearchForFire] unsearchedBuildingIDs:[22444, 32838, 13126, 13679, 22640, 29812]
2018-04-15 20:13:14,618 [DEBUG|FireBrigade/570148106|TestSearchForFire] best path is:[24124, 24140, 5757, 741, 4110, 8241, 1985, 7593, 32800, 1221, 6036, 13695, 13679]
2018-04-15 20:13:14,618 [DEBUG|FireBrigade/570148106|TestSearchForFire] choosed:6036
2018-04-15 20:13:18,384 [DEBUG|FireBrigade/570148106|TestBuildingDetector] Time:71
2018-04-15 20:13:18,384 [DEBUG|FireBrigade/570148106|TestSearchForFire] Time:71
2018-04-15 20:13:18,384 [DEBUG|FireBrigade/570148106|TestBuildingDetector] FieryBuildingsTargets: []
2018-04-15 20:13:18,384 [DEBUG|FireBrigade/570148106|TestSearchForFire] unsearchedBuildingIDs:[22444, 32838, 13126, 13679, 22640, 29812]
2018-04-15 20:13:18,385 [DEBUG|FireBrigade/570148106|TestSearchForFire] best path is:[4110, 8241, 1985, 7593, 32800, 1221, 6036, 13695, 13679]
2018-04-15 20:13:18,385 [DEBUG|FireBrigade/570148106|TestSearchForFire] choosed:6036
2018-04-15 20:13:22,289 [DEBUG|FireBrigade/570148106|TestBuildingDetector] Time:72
2018-04-15 20:13:22,291 [DEBUG|FireBrigade/570148106|TestSearchForFire] Time:72
2018-04-15 20:13:22,293 [DEBUG|FireBrigade/570148106|TestBuildingDetector] FieryBuildingsTargets: []
2018-04-15 20:13:22,293 [DEBUG|FireBrigade/570148106|TestSearchForFire] unsearchedBuildingIDs:[22444, 32838, 13126, 22640, 29812]
2018-04-15 20:13:22,297 [DEBUG|FireBrigade/570148106|TestSearchForFire] best path is:[6036, 1221, 32801, 32802, 32789, 32787, 9420, 272, 5892, 3354, 32784, 32782, 32781, 2877, 4551, 23359, 35310, 29979, 29995, 6378, 2000, 8727, 34279, 22460, 22444]
2018-04-15 20:13:22,297 [DEBUG|FireBrigade/570148106|TestSearchForFire] choosed:34279
2018-04-15 20:13:26,036 [DEBUG|FireBrigade/570148106|TestBuildingDetector] Time:73
2018-04-15 20:13:26,036 [DEBUG|FireBrigade/570148106|TestSearchForFire] Time:73
2018-04-15 20:13:26,036 [DEBUG|FireBrigade/570148106|TestBuildingDetector] FieryBuildingsTargets: []
2018-04-15 20:13:26,037 [DEBUG|FireBrigade/570148106|TestSearchForFire] unsearchedBuildingIDs:[22444, 32838, 13126, 22640, 29812]
2018-04-15 20:13:26,037 [DEBUG|FireBrigade/570148106|TestSearchForFire] best path is:[5892, 3354, 32784, 32782, 32781, 2877, 4551, 23359, 35310, 29979, 29995, 6378, 2000, 8727, 34279, 22460, 22444]
2018-04-15 20:13:26,037 [DEBUG|FireBrigade/570148106|TestSearchForFire] choosed:34279
2018-04-15 20:13:29,756 [DEBUG|FireBrigade/570148106|TestBuildingDetector] Time:74
2018-04-15 20:13:29,756 [DEBUG|FireBrigade/570148106|TestSearchForFire] Time:74
2018-04-15 20:13:29,756 [DEBUG|FireBrigade/570148106|TestBuildingDetector] FieryBuildingsTargets: []
2018-04-15 20:13:29,757 [DEBUG|FireBrigade/570148106|TestSearchForFire] unsearchedBuildingIDs:[32838, 13126, 22640, 29812]
2018-04-15 20:13:29,757 [DEBUG|FireBrigade/570148106|TestSearchForFire] best path is:[2877, 32781, 32782, 32784, 3354, 5892, 272, 9420, 32787, 32789, 32802, 32801, 1221, 32800, 7593, 1985, 8241, 4110, 741, 5757, 32809, 4983, 701, 32831, 35092, 13126]
2018-04-15 20:13:29,758 [DEBUG|FireBrigade/570148106|TestSearchForFire] choosed:32831
2018-04-15 20:13:33,572 [DEBUG|FireBrigade/570148106|TestBuildingDetector] Time:75
2018-04-15 20:13:33,572 [DEBUG|FireBrigade/570148106|TestSearchForFire] Time:75
2018-04-15 20:13:33,573 [DEBUG|FireBrigade/570148106|TestBuildingDetector] FieryBuildingsTargets: []
2018-04-15 20:13:33,573 [DEBUG|FireBrigade/570148106|TestSearchForFire] unsearchedBuildingIDs:[32838, 13126, 22640, 29812]
2018-04-15 20:13:33,574 [DEBUG|FireBrigade/570148106|TestSearchForFire] best path is:[32784, 3354, 5892, 272, 9420, 32787, 32789, 32802, 32801, 1221, 32800, 7593, 1985, 8241, 4110, 741, 5757, 32809, 4983, 701, 32831, 35092, 13126]
2018-04-15 20:13:33,574 [DEBUG|FireBrigade/570148106|TestSearchForFire] choosed:32831
2018-04-15 20:13:37,512 [DEBUG|FireBrigade/570148106|TestBuildingDetector] Time:76
2018-04-15 20:13:37,512 [DEBUG|FireBrigade/570148106|TestSearchForFire] Time:76
2018-04-15 20:13:37,513 [DEBUG|FireBrigade/570148106|TestBuildingDetector] FieryBuildingsTargets: []
2018-04-15 20:13:37,513 [DEBUG|FireBrigade/570148106|TestSearchForFire] unsearchedBuildingIDs:[32838, 13126, 22640, 29812]
2018-04-15 20:13:37,513 [DEBUG|FireBrigade/570148106|TestSearchForFire] best path is:[32800, 7593, 1985, 8241, 4110, 741, 5757, 32809, 4983, 701, 32831, 35092, 13126]
2018-04-15 20:13:37,513 [DEBUG|FireBrigade/570148106|TestSearchForFire] choosed:32831
2018-04-15 20:13:41,220 [DEBUG|FireBrigade/570148106|TestBuildingDetector] Time:77
2018-04-15 20:13:41,220 [DEBUG|FireBrigade/570148106|TestSearchForFire] Time:77
2018-04-15 20:13:41,221 [DEBUG|FireBrigade/570148106|TestBuildingDetector] FieryBuildingsTargets: [Building (18463), Building (29025), Building (24097)]
2018-04-15 20:13:41,221 [DEBUG|FireBrigade/570148106|TestBuildingDetector] Selected:Building (29025)
2018-04-15 20:13:44,712 [DEBUG|FireBrigade/570148106|TestBuildingDetector] Time:78
2018-04-15 20:13:44,712 [DEBUG|FireBrigade/570148106|TestSearchForFire] Time:78
2018-04-15 20:13:44,713 [DEBUG|FireBrigade/570148106|TestBuildingDetector] FieryBuildingsTargets: [Building (18463), Building (24097)]
2018-04-15 20:13:44,713 [DEBUG|FireBrigade/570148106|TestBuildingDetector] Selected:Building (24097)
2018-04-15 20:13:48,388 [DEBUG|FireBrigade/570148106|TestBuildingDetector] Time:79
2018-04-15 20:13:48,388 [DEBUG|FireBrigade/570148106|TestSearchForFire] Time:79
2018-04-15 20:13:48,389 [DEBUG|FireBrigade/570148106|TestBuildingDetector] FieryBuildingsTargets: [Building (18463)]
2018-04-15 20:13:48,389 [DEBUG|FireBrigade/570148106|TestBuildingDetector] Selected:Building (18463)
2018-04-15 20:13:52,132 [DEBUG|FireBrigade/570148106|TestBuildingDetector] Time:80
2018-04-15 20:13:52,132 [DEBUG|FireBrigade/570148106|TestSearchForFire] Time:80
2018-04-15 20:13:52,133 [DEBUG|FireBrigade/570148106|TestBuildingDetector] FieryBuildingsTargets: []
2018-04-15 20:13:55,586 [DEBUG|FireBrigade/570148106|TestBuildingDetector] Time:81
2018-04-15 20:13:55,587 [DEBUG|FireBrigade/570148106|TestSearchForFire] Time:81
2018-04-15 20:13:55,587 [DEBUG|FireBrigade/570148106|TestBuildingDetector] FieryBuildingsTargets: []
2018-04-15 20:13:59,174 [DEBUG|FireBrigade/570148106|TestBuildingDetector] Time:82
2018-04-15 20:13:59,175 [DEBUG|FireBrigade/570148106|TestSearchForFire] Time:82
2018-04-15 20:13:59,175 [DEBUG|FireBrigade/570148106|TestBuildingDetector] FieryBuildingsTargets: []
2018-04-15 20:14:02,930 [DEBUG|FireBrigade/570148106|TestBuildingDetector] Time:83
2018-04-15 20:14:02,930 [DEBUG|FireBrigade/570148106|TestSearchForFire] Time:83
2018-04-15 20:14:02,930 [DEBUG|FireBrigade/570148106|TestBuildingDetector] FieryBuildingsTargets: []
2018-04-15 20:14:06,592 [DEBUG|FireBrigade/570148106|TestBuildingDetector] Time:84
2018-04-15 20:14:06,592 [DEBUG|FireBrigade/570148106|TestSearchForFire] Time:84
2018-04-15 20:14:06,593 [DEBUG|FireBrigade/570148106|TestBuildingDetector] FieryBuildingsTargets: []
2018-04-15 20:14:10,372 [DEBUG|FireBrigade/570148106|TestBuildingDetector] Time:85
2018-04-15 20:14:10,372 [DEBUG|FireBrigade/570148106|TestSearchForFire] Time:85
2018-04-15 20:14:10,373 [DEBUG|FireBrigade/570148106|TestBuildingDetector] FieryBuildingsTargets: []
2018-04-15 20:14:13,924 [DEBUG|FireBrigade/570148106|TestBuildingDetector] Time:86
2018-04-15 20:14:13,924 [DEBUG|FireBrigade/570148106|TestSearchForFire] Time:86
2018-04-15 20:14:13,924 [DEBUG|FireBrigade/570148106|TestBuildingDetector] FieryBuildingsTargets: []
2018-04-15 20:14:17,344 [DEBUG|FireBrigade/570148106|TestBuildingDetector] Time:87
2018-04-15 20:14:17,344 [DEBUG|FireBrigade/570148106|TestSearchForFire] Time:87
2018-04-15 20:14:17,344 [DEBUG|FireBrigade/570148106|TestBuildingDetector] FieryBuildingsTargets: []
2018-04-15 20:14:20,720 [DEBUG|FireBrigade/570148106|TestBuildingDetector] Time:88
2018-04-15 20:14:20,720 [DEBUG|FireBrigade/570148106|TestSearchForFire] Time:88
2018-04-15 20:14:20,721 [DEBUG|FireBrigade/570148106|TestBuildingDetector] FieryBuildingsTargets: []
2018-04-15 20:14:24,332 [DEBUG|FireBrigade/570148106|TestBuildingDetector] Time:89
2018-04-15 20:14:24,332 [DEBUG|FireBrigade/570148106|TestSearchForFire] Time:89
2018-04-15 20:14:24,333 [DEBUG|FireBrigade/570148106|TestBuildingDetector] FieryBuildingsTargets: []
2018-04-15 20:14:27,980 [DEBUG|FireBrigade/570148106|TestBuildingDetector] Time:90
2018-04-15 20:14:27,980 [DEBUG|FireBrigade/570148106|TestSearchForFire] Time:90
2018-04-15 20:14:27,980 [DEBUG|FireBrigade/570148106|TestBuildingDetector] FieryBuildingsTargets: []
2018-04-15 20:14:31,580 [DEBUG|FireBrigade/570148106|TestBuildingDetector] Time:91
2018-04-15 20:14:31,580 [DEBUG|FireBrigade/570148106|TestSearchForFire] Time:91
2018-04-15 20:14:31,581 [DEBUG|FireBrigade/570148106|TestBuildingDetector] FieryBuildingsTargets: []
2018-04-15 20:14:35,208 [DEBUG|FireBrigade/570148106|TestBuildingDetector] Time:92
2018-04-15 20:14:35,208 [DEBUG|FireBrigade/570148106|TestSearchForFire] Time:92
2018-04-15 20:14:35,209 [DEBUG|FireBrigade/570148106|TestBuildingDetector] FieryBuildingsTargets: []
2018-04-15 20:14:38,944 [DEBUG|FireBrigade/570148106|TestBuildingDetector] Time:93
2018-04-15 20:14:38,944 [DEBUG|FireBrigade/570148106|TestSearchForFire] Time:93
2018-04-15 20:14:38,944 [DEBUG|FireBrigade/570148106|TestBuildingDetector] FieryBuildingsTargets: []
2018-04-15 20:14:42,449 [DEBUG|FireBrigade/570148106|TestBuildingDetector] Time:94
2018-04-15 20:14:42,449 [DEBUG|FireBrigade/570148106|TestSearchForFire] Time:94
2018-04-15 20:14:42,450 [DEBUG|FireBrigade/570148106|TestBuildingDetector] FieryBuildingsTargets: []
2018-04-15 20:14:45,927 [DEBUG|FireBrigade/570148106|TestBuildingDetector] Time:95
2018-04-15 20:14:45,928 [DEBUG|FireBrigade/570148106|TestSearchForFire] Time:95
2018-04-15 20:14:45,928 [DEBUG|FireBrigade/570148106|TestBuildingDetector] FieryBuildingsTargets: []
2018-04-15 20:14:49,700 [DEBUG|FireBrigade/570148106|TestBuildingDetector] Time:96
2018-04-15 20:14:49,700 [DEBUG|FireBrigade/570148106|TestSearchForFire] Time:96
2018-04-15 20:14:49,701 [DEBUG|FireBrigade/570148106|TestBuildingDetector] FieryBuildingsTargets: []
2018-04-15 20:14:53,276 [DEBUG|FireBrigade/570148106|TestBuildingDetector] Time:97
2018-04-15 20:14:53,276 [DEBUG|FireBrigade/570148106|TestSearchForFire] Time:97
2018-04-15 20:14:53,277 [DEBUG|FireBrigade/570148106|TestBuildingDetector] FieryBuildingsTargets: []
2018-04-15 20:14:56,945 [DEBUG|FireBrigade/570148106|TestBuildingDetector] Time:98
2018-04-15 20:14:56,946 [DEBUG|FireBrigade/570148106|TestSearchForFire] Time:98
2018-04-15 20:14:56,947 [DEBUG|FireBrigade/570148106|TestBuildingDetector] FieryBuildingsTargets: []
2018-04-15 20:15:00,350 [DEBUG|FireBrigade/570148106|TestBuildingDetector] Time:99
2018-04-15 20:15:00,350 [DEBUG|FireBrigade/570148106|TestSearchForFire] Time:99
2018-04-15 20:15:00,350 [DEBUG|FireBrigade/570148106|TestBuildingDetector] FieryBuildingsTargets: []
2018-04-15 20:15:03,808 [DEBUG|FireBrigade/570148106|TestBuildingDetector] Time:100
2018-04-15 20:15:03,808 [DEBUG|FireBrigade/570148106|TestSearchForFire] Time:100
2018-04-15 20:15:03,808 [DEBUG|FireBrigade/570148106|TestBuildingDetector] FieryBuildingsTargets: []
2018-04-15 20:15:07,408 [DEBUG|FireBrigade/570148106|TestBuildingDetector] Time:101
2018-04-15 20:15:07,408 [DEBUG|FireBrigade/570148106|TestSearchForFire] Time:101
2018-04-15 20:15:07,409 [DEBUG|FireBrigade/570148106|TestBuildingDetector] FieryBuildingsTargets: []
2018-04-15 20:15:10,765 [DEBUG|FireBrigade/570148106|TestBuildingDetector] Time:102
2018-04-15 20:15:10,765 [DEBUG|FireBrigade/570148106|TestSearchForFire] Time:102
2018-04-15 20:15:10,765 [DEBUG|FireBrigade/570148106|TestBuildingDetector] FieryBuildingsTargets: []
2018-04-15 20:15:14,318 [DEBUG|FireBrigade/570148106|TestBuildingDetector] Time:103
2018-04-15 20:15:14,318 [DEBUG|FireBrigade/570148106|TestSearchForFire] Time:103
2018-04-15 20:15:14,319 [DEBUG|FireBrigade/570148106|TestBuildingDetector] FieryBuildingsTargets: []
2018-04-15 20:15:17,932 [DEBUG|FireBrigade/570148106|TestBuildingDetector] Time:104
2018-04-15 20:15:17,932 [DEBUG|FireBrigade/570148106|TestSearchForFire] Time:104
2018-04-15 20:15:17,933 [DEBUG|FireBrigade/570148106|TestBuildingDetector] FieryBuildingsTargets: []
2018-04-15 20:15:21,156 [DEBUG|FireBrigade/570148106|TestBuildingDetector] Time:105
2018-04-15 20:15:21,156 [DEBUG|FireBrigade/570148106|TestSearchForFire] Time:105
2018-04-15 20:15:21,157 [DEBUG|FireBrigade/570148106|TestBuildingDetector] FieryBuildingsTargets: []
2018-04-15 20:15:24,523 [DEBUG|FireBrigade/570148106|TestBuildingDetector] Time:106
2018-04-15 20:15:24,523 [DEBUG|FireBrigade/570148106|TestSearchForFire] Time:106
2018-04-15 20:15:24,524 [DEBUG|FireBrigade/570148106|TestBuildingDetector] FieryBuildingsTargets: []
2018-04-15 20:15:27,825 [DEBUG|FireBrigade/570148106|TestBuildingDetector] Time:107
2018-04-15 20:15:27,825 [DEBUG|FireBrigade/570148106|TestSearchForFire] Time:107
2018-04-15 20:15:27,826 [DEBUG|FireBrigade/570148106|TestBuildingDetector] FieryBuildingsTargets: [Building (13014)]
2018-04-15 20:15:27,826 [DEBUG|FireBrigade/570148106|TestBuildingDetector] Selected:Building (13014)
2018-04-15 20:15:31,273 [DEBUG|FireBrigade/570148106|TestBuildingDetector] Time:108
2018-04-15 20:15:31,273 [DEBUG|FireBrigade/570148106|TestSearchForFire] Time:108
2018-04-15 20:15:31,274 [DEBUG|FireBrigade/570148106|TestBuildingDetector] FieryBuildingsTargets: []
2018-04-15 20:15:34,820 [DEBUG|FireBrigade/570148106|TestBuildingDetector] Time:109
2018-04-15 20:15:34,821 [DEBUG|FireBrigade/570148106|TestSearchForFire] Time:109
2018-04-15 20:15:34,821 [DEBUG|FireBrigade/570148106|TestBuildingDetector] FieryBuildingsTargets: []
2018-04-15 20:15:38,356 [DEBUG|FireBrigade/570148106|TestBuildingDetector] Time:110
2018-04-15 20:15:38,356 [DEBUG|FireBrigade/570148106|TestSearchForFire] Time:110
2018-04-15 20:15:38,357 [DEBUG|FireBrigade/570148106|TestBuildingDetector] FieryBuildingsTargets: [Building (13679), Building (13014)]
2018-04-15 20:15:38,357 [DEBUG|FireBrigade/570148106|TestBuildingDetector] Selected:Building (13014)
2018-04-15 20:15:41,779 [DEBUG|FireBrigade/570148106|TestBuildingDetector] Time:111
2018-04-15 20:15:41,779 [DEBUG|FireBrigade/570148106|TestSearchForFire] Time:111
2018-04-15 20:15:41,780 [DEBUG|FireBrigade/570148106|TestBuildingDetector] FieryBuildingsTargets: [Building (13014)]
2018-04-15 20:15:41,780 [DEBUG|FireBrigade/570148106|TestBuildingDetector] Selected:Building (13014)
2018-04-15 20:15:45,029 [DEBUG|FireBrigade/570148106|TestBuildingDetector] Time:112
2018-04-15 20:15:45,029 [DEBUG|FireBrigade/570148106|TestSearchForFire] Time:112
2018-04-15 20:15:45,030 [DEBUG|FireBrigade/570148106|TestBuildingDetector] FieryBuildingsTargets: [Building (13014)]
2018-04-15 20:15:45,030 [DEBUG|FireBrigade/570148106|TestBuildingDetector] Selected:Building (13014)
2018-04-15 20:15:48,382 [DEBUG|FireBrigade/570148106|TestBuildingDetector] Time:113
2018-04-15 20:15:48,383 [DEBUG|FireBrigade/570148106|TestSearchForFire] Time:113
2018-04-15 20:15:48,383 [DEBUG|FireBrigade/570148106|TestBuildingDetector] FieryBuildingsTargets: [Building (13014)]
2018-04-15 20:15:48,383 [DEBUG|FireBrigade/570148106|TestBuildingDetector] Selected:Building (13014)
2018-04-15 20:15:51,972 [DEBUG|FireBrigade/570148106|TestBuildingDetector] Time:114
2018-04-15 20:15:51,972 [DEBUG|FireBrigade/570148106|TestSearchForFire] Time:114
2018-04-15 20:15:51,973 [DEBUG|FireBrigade/570148106|TestBuildingDetector] FieryBuildingsTargets: [Building (13014)]
2018-04-15 20:15:51,973 [DEBUG|FireBrigade/570148106|TestBuildingDetector] Selected:Building (13014)
2018-04-15 20:15:55,356 [DEBUG|FireBrigade/570148106|TestBuildingDetector] Time:115
2018-04-15 20:15:55,356 [DEBUG|FireBrigade/570148106|TestSearchForFire] Time:115
2018-04-15 20:15:55,357 [DEBUG|FireBrigade/570148106|TestBuildingDetector] FieryBuildingsTargets: [Building (13014)]
2018-04-15 20:15:55,357 [DEBUG|FireBrigade/570148106|TestBuildingDetector] Selected:Building (13014)
2018-04-15 20:15:58,728 [DEBUG|FireBrigade/570148106|TestBuildingDetector] Time:116
2018-04-15 20:15:58,728 [DEBUG|FireBrigade/570148106|TestSearchForFire] Time:116
2018-04-15 20:15:58,728 [DEBUG|FireBrigade/570148106|TestBuildingDetector] FieryBuildingsTargets: [Building (13014)]
2018-04-15 20:15:58,728 [DEBUG|FireBrigade/570148106|TestBuildingDetector] Selected:Building (13014)
2018-04-15 20:16:01,996 [DEBUG|FireBrigade/570148106|TestBuildingDetector] Time:117
2018-04-15 20:16:01,996 [DEBUG|FireBrigade/570148106|TestSearchForFire] Time:117
2018-04-15 20:16:01,997 [DEBUG|FireBrigade/570148106|TestBuildingDetector] FieryBuildingsTargets: [Building (13014)]
2018-04-15 20:16:01,997 [DEBUG|FireBrigade/570148106|TestBuildingDetector] Selected:Building (13014)
2018-04-15 20:16:05,297 [DEBUG|FireBrigade/570148106|TestBuildingDetector] Time:118
2018-04-15 20:16:05,297 [DEBUG|FireBrigade/570148106|TestSearchForFire] Time:118
2018-04-15 20:16:05,297 [DEBUG|FireBrigade/570148106|TestBuildingDetector] FieryBuildingsTargets: [Building (13014)]
2018-04-15 20:16:05,297 [DEBUG|FireBrigade/570148106|TestBuildingDetector] Selected:Building (13014)
2018-04-15 20:16:08,636 [DEBUG|FireBrigade/570148106|TestBuildingDetector] Time:119
2018-04-15 20:16:08,636 [DEBUG|FireBrigade/570148106|TestSearchForFire] Time:119
2018-04-15 20:16:08,636 [DEBUG|FireBrigade/570148106|TestBuildingDetector] FieryBuildingsTargets: [Building (13014)]
2018-04-15 20:16:08,636 [DEBUG|FireBrigade/570148106|TestBuildingDetector] Selected:Building (13014)
2018-04-15 20:16:12,229 [DEBUG|FireBrigade/570148106|TestBuildingDetector] Time:120
2018-04-15 20:16:12,229 [DEBUG|FireBrigade/570148106|TestSearchForFire] Time:120
2018-04-15 20:16:12,229 [DEBUG|FireBrigade/570148106|TestBuildingDetector] FieryBuildingsTargets: [Building (13014)]
2018-04-15 20:16:12,229 [DEBUG|FireBrigade/570148106|TestBuildingDetector] Selected:Building (13014)
2018-04-15 20:16:15,813 [DEBUG|FireBrigade/570148106|TestBuildingDetector] Time:121
2018-04-15 20:16:15,813 [DEBUG|FireBrigade/570148106|TestSearchForFire] Time:121
2018-04-15 20:16:15,813 [DEBUG|FireBrigade/570148106|TestBuildingDetector] FieryBuildingsTargets: [Building (13014)]
2018-04-15 20:16:15,813 [DEBUG|FireBrigade/570148106|TestBuildingDetector] Selected:Building (13014)
2018-04-15 20:16:18,997 [DEBUG|FireBrigade/570148106|TestBuildingDetector] Time:122
2018-04-15 20:16:18,997 [DEBUG|FireBrigade/570148106|TestSearchForFire] Time:122
2018-04-15 20:16:18,997 [DEBUG|FireBrigade/570148106|TestBuildingDetector] FieryBuildingsTargets: [Building (13014)]
2018-04-15 20:16:18,997 [DEBUG|FireBrigade/570148106|TestBuildingDetector] Selected:Building (13014)
2018-04-15 20:16:22,253 [DEBUG|FireBrigade/570148106|TestBuildingDetector] Time:123
2018-04-15 20:16:22,253 [DEBUG|FireBrigade/570148106|TestSearchForFire] Time:123
2018-04-15 20:16:22,253 [DEBUG|FireBrigade/570148106|TestBuildingDetector] FieryBuildingsTargets: [Building (13014)]
2018-04-15 20:16:22,253 [DEBUG|FireBrigade/570148106|TestBuildingDetector] Selected:Building (13014)
2018-04-15 20:16:25,645 [DEBUG|FireBrigade/570148106|TestBuildingDetector] Time:124
2018-04-15 20:16:25,645 [DEBUG|FireBrigade/570148106|TestSearchForFire] Time:124
2018-04-15 20:16:25,645 [DEBUG|FireBrigade/570148106|TestBuildingDetector] FieryBuildingsTargets: [Building (13014)]
2018-04-15 20:16:25,645 [DEBUG|FireBrigade/570148106|TestBuildingDetector] Selected:Building (13014)
2018-04-15 20:16:29,077 [DEBUG|FireBrigade/570148106|TestBuildingDetector] Time:125
2018-04-15 20:16:29,077 [DEBUG|FireBrigade/570148106|TestSearchForFire] Time:125
2018-04-15 20:16:29,077 [DEBUG|FireBrigade/570148106|TestBuildingDetector] FieryBuildingsTargets: [Building (13014)]
2018-04-15 20:16:29,077 [DEBUG|FireBrigade/570148106|TestBuildingDetector] Selected:Building (13014)
2018-04-15 20:16:32,481 [DEBUG|FireBrigade/570148106|TestBuildingDetector] Time:126
2018-04-15 20:16:32,481 [DEBUG|FireBrigade/570148106|TestSearchForFire] Time:126
2018-04-15 20:16:32,481 [DEBUG|FireBrigade/570148106|TestBuildingDetector] FieryBuildingsTargets: [Building (13014)]
2018-04-15 20:16:32,481 [DEBUG|FireBrigade/570148106|TestBuildingDetector] Selected:Building (13014)
2018-04-15 20:16:35,801 [DEBUG|FireBrigade/570148106|TestBuildingDetector] Time:127
2018-04-15 20:16:35,801 [DEBUG|FireBrigade/570148106|TestSearchForFire] Time:127
2018-04-15 20:16:35,801 [DEBUG|FireBrigade/570148106|TestBuildingDetector] FieryBuildingsTargets: [Building (13014)]
2018-04-15 20:16:35,801 [DEBUG|FireBrigade/570148106|TestBuildingDetector] Selected:Building (13014)
2018-04-15 20:16:39,338 [DEBUG|FireBrigade/570148106|TestBuildingDetector] Time:128
2018-04-15 20:16:39,338 [DEBUG|FireBrigade/570148106|TestSearchForFire] Time:128
2018-04-15 20:16:39,338 [DEBUG|FireBrigade/570148106|TestBuildingDetector] FieryBuildingsTargets: [Building (13014)]
2018-04-15 20:16:39,342 [DEBUG|FireBrigade/570148106|TestBuildingDetector] Selected:Building (13014)
2018-04-15 20:16:42,576 [DEBUG|FireBrigade/570148106|TestBuildingDetector] Time:129
2018-04-15 20:16:42,576 [DEBUG|FireBrigade/570148106|TestSearchForFire] Time:129
2018-04-15 20:16:42,576 [DEBUG|FireBrigade/570148106|TestBuildingDetector] FieryBuildingsTargets: [Building (13014)]
2018-04-15 20:16:42,576 [DEBUG|FireBrigade/570148106|TestBuildingDetector] Selected:Building (13014)
2018-04-15 20:16:45,796 [DEBUG|FireBrigade/570148106|TestBuildingDetector] Time:130
2018-04-15 20:16:45,796 [DEBUG|FireBrigade/570148106|TestSearchForFire] Time:130
2018-04-15 20:16:45,797 [DEBUG|FireBrigade/570148106|TestBuildingDetector] FieryBuildingsTargets: [Building (13014)]
2018-04-15 20:16:45,797 [DEBUG|FireBrigade/570148106|TestBuildingDetector] Selected:Building (13014)
2018-04-15 20:16:49,064 [DEBUG|FireBrigade/570148106|TestBuildingDetector] Time:131
2018-04-15 20:16:49,064 [DEBUG|FireBrigade/570148106|TestSearchForFire] Time:131
2018-04-15 20:16:49,065 [DEBUG|FireBrigade/570148106|TestBuildingDetector] FieryBuildingsTargets: [Building (13014)]
2018-04-15 20:16:49,065 [DEBUG|FireBrigade/570148106|TestBuildingDetector] Selected:Building (13014)
2018-04-15 20:16:52,328 [DEBUG|FireBrigade/570148106|TestBuildingDetector] Time:132
2018-04-15 20:16:52,328 [DEBUG|FireBrigade/570148106|TestSearchForFire] Time:132
2018-04-15 20:16:52,329 [DEBUG|FireBrigade/570148106|TestBuildingDetector] FieryBuildingsTargets: [Building (13014)]
2018-04-15 20:16:52,329 [DEBUG|FireBrigade/570148106|TestBuildingDetector] Selected:Building (13014)
2018-04-15 20:16:55,588 [DEBUG|FireBrigade/570148106|TestBuildingDetector] Time:133
2018-04-15 20:16:55,589 [DEBUG|FireBrigade/570148106|TestSearchForFire] Time:133
2018-04-15 20:16:55,589 [DEBUG|FireBrigade/570148106|TestBuildingDetector] FieryBuildingsTargets: [Building (13014)]
2018-04-15 20:16:55,589 [DEBUG|FireBrigade/570148106|TestBuildingDetector] Selected:Building (13014)
2018-04-15 20:16:58,980 [DEBUG|FireBrigade/570148106|TestBuildingDetector] Time:134
2018-04-15 20:16:58,980 [DEBUG|FireBrigade/570148106|TestSearchForFire] Time:134
2018-04-15 20:16:58,981 [DEBUG|FireBrigade/570148106|TestBuildingDetector] FieryBuildingsTargets: [Building (13014)]
2018-04-15 20:16:58,981 [DEBUG|FireBrigade/570148106|TestBuildingDetector] Selected:Building (13014)
2018-04-15 20:17:02,372 [DEBUG|FireBrigade/570148106|TestBuildingDetector] Time:135
2018-04-15 20:17:02,372 [DEBUG|FireBrigade/570148106|TestSearchForFire] Time:135
2018-04-15 20:17:02,373 [DEBUG|FireBrigade/570148106|TestBuildingDetector] FieryBuildingsTargets: [Building (13014)]
2018-04-15 20:17:02,373 [DEBUG|FireBrigade/570148106|TestBuildingDetector] Selected:Building (13014)
2018-04-15 20:17:05,736 [DEBUG|FireBrigade/570148106|TestBuildingDetector] Time:136
2018-04-15 20:17:05,736 [DEBUG|FireBrigade/570148106|TestSearchForFire] Time:136
2018-04-15 20:17:05,737 [DEBUG|FireBrigade/570148106|TestBuildingDetector] FieryBuildingsTargets: [Building (13014)]
2018-04-15 20:17:05,737 [DEBUG|FireBrigade/570148106|TestBuildingDetector] Selected:Building (13014)
2018-04-15 20:17:09,156 [DEBUG|FireBrigade/570148106|TestBuildingDetector] Time:137
2018-04-15 20:17:09,156 [DEBUG|FireBrigade/570148106|TestSearchForFire] Time:137
2018-04-15 20:17:09,157 [DEBUG|FireBrigade/570148106|TestBuildingDetector] FieryBuildingsTargets: [Building (13014)]
2018-04-15 20:17:09,157 [DEBUG|FireBrigade/570148106|TestBuildingDetector] Selected:Building (13014)
2018-04-15 20:17:12,640 [DEBUG|FireBrigade/570148106|TestBuildingDetector] Time:138
2018-04-15 20:17:12,640 [DEBUG|FireBrigade/570148106|TestSearchForFire] Time:138
2018-04-15 20:17:12,640 [DEBUG|FireBrigade/570148106|TestBuildingDetector] FieryBuildingsTargets: [Building (13014)]
2018-04-15 20:17:12,641 [DEBUG|FireBrigade/570148106|TestBuildingDetector] Selected:Building (13014)
2018-04-15 20:17:16,064 [DEBUG|FireBrigade/570148106|TestBuildingDetector] Time:139
2018-04-15 20:17:16,064 [DEBUG|FireBrigade/570148106|TestSearchForFire] Time:139
2018-04-15 20:17:16,065 [DEBUG|FireBrigade/570148106|TestBuildingDetector] FieryBuildingsTargets: [Building (13014)]
2018-04-15 20:17:16,065 [DEBUG|FireBrigade/570148106|TestBuildingDetector] Selected:Building (13014)
2018-04-15 20:17:19,512 [DEBUG|FireBrigade/570148106|TestBuildingDetector] Time:140
2018-04-15 20:17:19,512 [DEBUG|FireBrigade/570148106|TestSearchForFire] Time:140
2018-04-15 20:17:19,513 [DEBUG|FireBrigade/570148106|TestBuildingDetector] FieryBuildingsTargets: [Building (13014)]
2018-04-15 20:17:19,513 [DEBUG|FireBrigade/570148106|TestBuildingDetector] Selected:Building (13014)
2018-04-15 20:17:22,851 [DEBUG|FireBrigade/570148106|TestBuildingDetector] Time:141
2018-04-15 20:17:22,852 [DEBUG|FireBrigade/570148106|TestSearchForFire] Time:141
2018-04-15 20:17:22,852 [DEBUG|FireBrigade/570148106|TestBuildingDetector] FieryBuildingsTargets: [Building (13014)]
2018-04-15 20:17:22,852 [DEBUG|FireBrigade/570148106|TestBuildingDetector] Selected:Building (13014)
2018-04-15 20:17:26,256 [DEBUG|FireBrigade/570148106|TestBuildingDetector] Time:142
2018-04-15 20:17:26,256 [DEBUG|FireBrigade/570148106|TestSearchForFire] Time:142
2018-04-15 20:17:26,256 [DEBUG|FireBrigade/570148106|TestBuildingDetector] FieryBuildingsTargets: [Building (13014)]
2018-04-15 20:17:26,256 [DEBUG|FireBrigade/570148106|TestBuildingDetector] Selected:Building (13014)
2018-04-15 20:17:29,628 [DEBUG|FireBrigade/570148106|TestBuildingDetector] Time:143
2018-04-15 20:17:29,628 [DEBUG|FireBrigade/570148106|TestSearchForFire] Time:143
2018-04-15 20:17:29,629 [DEBUG|FireBrigade/570148106|TestBuildingDetector] FieryBuildingsTargets: [Building (13014)]
2018-04-15 20:17:29,629 [DEBUG|FireBrigade/570148106|TestBuildingDetector] Selected:Building (13014)
2018-04-15 20:17:32,960 [DEBUG|FireBrigade/570148106|TestBuildingDetector] Time:144
2018-04-15 20:17:32,960 [DEBUG|FireBrigade/570148106|TestSearchForFire] Time:144
2018-04-15 20:17:32,960 [DEBUG|FireBrigade/570148106|TestBuildingDetector] FieryBuildingsTargets: [Building (13014)]
2018-04-15 20:17:32,960 [DEBUG|FireBrigade/570148106|TestBuildingDetector] Selected:Building (13014)
2018-04-15 20:17:36,304 [DEBUG|FireBrigade/570148106|TestBuildingDetector] Time:145
2018-04-15 20:17:36,305 [DEBUG|FireBrigade/570148106|TestSearchForFire] Time:145
2018-04-15 20:17:36,305 [DEBUG|FireBrigade/570148106|TestBuildingDetector] FieryBuildingsTargets: [Building (13014)]
2018-04-15 20:17:36,305 [DEBUG|FireBrigade/570148106|TestBuildingDetector] Selected:Building (13014)
2018-04-15 20:17:39,740 [DEBUG|FireBrigade/570148106|TestBuildingDetector] Time:146
2018-04-15 20:17:39,740 [DEBUG|FireBrigade/570148106|TestSearchForFire] Time:146
2018-04-15 20:17:39,741 [DEBUG|FireBrigade/570148106|TestBuildingDetector] FieryBuildingsTargets: [Building (13014)]
2018-04-15 20:17:39,741 [DEBUG|FireBrigade/570148106|TestBuildingDetector] Selected:Building (13014)
2018-04-15 20:17:43,225 [DEBUG|FireBrigade/570148106|TestBuildingDetector] Time:147
2018-04-15 20:17:43,225 [DEBUG|FireBrigade/570148106|TestSearchForFire] Time:147
2018-04-15 20:17:43,226 [DEBUG|FireBrigade/570148106|TestBuildingDetector] FieryBuildingsTargets: [Building (13014)]
2018-04-15 20:17:43,226 [DEBUG|FireBrigade/570148106|TestBuildingDetector] Selected:Building (13014)
2018-04-15 20:17:46,473 [DEBUG|FireBrigade/570148106|TestBuildingDetector] Time:148
2018-04-15 20:17:46,473 [DEBUG|FireBrigade/570148106|TestSearchForFire] Time:148
2018-04-15 20:17:46,473 [DEBUG|FireBrigade/570148106|TestBuildingDetector] FieryBuildingsTargets: [Building (13014)]
2018-04-15 20:17:46,473 [DEBUG|FireBrigade/570148106|TestBuildingDetector] Selected:Building (13014)
2018-04-15 20:17:49,897 [DEBUG|FireBrigade/570148106|TestBuildingDetector] Time:149
2018-04-15 20:17:49,897 [DEBUG|FireBrigade/570148106|TestSearchForFire] Time:149
2018-04-15 20:17:49,897 [DEBUG|FireBrigade/570148106|TestBuildingDetector] FieryBuildingsTargets: [Building (13014)]
2018-04-15 20:17:49,897 [DEBUG|FireBrigade/570148106|TestBuildingDetector] Selected:Building (13014)
2018-04-15 20:17:53,489 [DEBUG|FireBrigade/570148106|TestBuildingDetector] Time:150
2018-04-15 20:17:53,489 [DEBUG|FireBrigade/570148106|TestSearchForFire] Time:150
2018-04-15 20:17:53,489 [DEBUG|FireBrigade/570148106|TestBuildingDetector] FieryBuildingsTargets: [Building (13014)]
2018-04-15 20:17:53,489 [DEBUG|FireBrigade/570148106|TestBuildingDetector] Selected:Building (13014)
2018-04-15 20:17:56,937 [DEBUG|FireBrigade/570148106|TestBuildingDetector] Time:151
2018-04-15 20:17:56,937 [DEBUG|FireBrigade/570148106|TestSearchForFire] Time:151
2018-04-15 20:17:56,937 [DEBUG|FireBrigade/570148106|TestBuildingDetector] FieryBuildingsTargets: [Building (13014)]
2018-04-15 20:17:56,937 [DEBUG|FireBrigade/570148106|TestBuildingDetector] Selected:Building (13014)
2018-04-15 20:18:00,449 [DEBUG|FireBrigade/570148106|TestBuildingDetector] Time:152
2018-04-15 20:18:00,449 [DEBUG|FireBrigade/570148106|TestSearchForFire] Time:152
2018-04-15 20:18:00,450 [DEBUG|FireBrigade/570148106|TestBuildingDetector] FieryBuildingsTargets: [Building (13014)]
2018-04-15 20:18:00,450 [DEBUG|FireBrigade/570148106|TestBuildingDetector] Selected:Building (13014)
2018-04-15 20:18:03,977 [DEBUG|FireBrigade/570148106|TestBuildingDetector] Time:153
2018-04-15 20:18:03,977 [DEBUG|FireBrigade/570148106|TestSearchForFire] Time:153
2018-04-15 20:18:03,978 [DEBUG|FireBrigade/570148106|TestBuildingDetector] FieryBuildingsTargets: [Building (13014)]
2018-04-15 20:18:03,978 [DEBUG|FireBrigade/570148106|TestBuildingDetector] Selected:Building (13014)
2018-04-15 20:18:07,839 [DEBUG|FireBrigade/570148106|TestBuildingDetector] Time:154
2018-04-15 20:18:07,839 [DEBUG|FireBrigade/570148106|TestSearchForFire] Time:154
2018-04-15 20:18:07,840 [DEBUG|FireBrigade/570148106|TestBuildingDetector] FieryBuildingsTargets: [Building (13014)]
2018-04-15 20:18:07,840 [DEBUG|FireBrigade/570148106|TestBuildingDetector] Selected:Building (13014)
2018-04-15 20:18:11,405 [DEBUG|FireBrigade/570148106|TestBuildingDetector] Time:155
2018-04-15 20:18:11,405 [DEBUG|FireBrigade/570148106|TestSearchForFire] Time:155
2018-04-15 20:18:11,405 [DEBUG|FireBrigade/570148106|TestBuildingDetector] FieryBuildingsTargets: [Building (13014)]
2018-04-15 20:18:11,406 [DEBUG|FireBrigade/570148106|TestBuildingDetector] Selected:Building (13014)
2018-04-15 20:18:15,229 [DEBUG|FireBrigade/570148106|TestBuildingDetector] Time:156
2018-04-15 20:18:15,229 [DEBUG|FireBrigade/570148106|TestSearchForFire] Time:156
2018-04-15 20:18:15,230 [DEBUG|FireBrigade/570148106|TestBuildingDetector] FieryBuildingsTargets: [Building (13014)]
2018-04-15 20:18:15,230 [DEBUG|FireBrigade/570148106|TestBuildingDetector] Selected:Building (13014)
2018-04-15 20:18:18,721 [DEBUG|FireBrigade/570148106|TestBuildingDetector] Time:157
2018-04-15 20:18:18,721 [DEBUG|FireBrigade/570148106|TestSearchForFire] Time:157
2018-04-15 20:18:18,722 [DEBUG|FireBrigade/570148106|TestBuildingDetector] FieryBuildingsTargets: [Building (13014)]
2018-04-15 20:18:18,722 [DEBUG|FireBrigade/570148106|TestBuildingDetector] Selected:Building (13014)
2018-04-15 20:18:22,272 [DEBUG|FireBrigade/570148106|TestBuildingDetector] Time:158
2018-04-15 20:18:22,272 [DEBUG|FireBrigade/570148106|TestSearchForFire] Time:158
2018-04-15 20:18:22,273 [DEBUG|FireBrigade/570148106|TestBuildingDetector] FieryBuildingsTargets: [Building (13014)]
2018-04-15 20:18:22,273 [DEBUG|FireBrigade/570148106|TestBuildingDetector] Selected:Building (13014)
2018-04-15 20:18:25,872 [DEBUG|FireBrigade/570148106|TestBuildingDetector] Time:159
2018-04-15 20:18:25,872 [DEBUG|FireBrigade/570148106|TestSearchForFire] Time:159
2018-04-15 20:18:25,872 [DEBUG|FireBrigade/570148106|TestBuildingDetector] FieryBuildingsTargets: [Building (13014)]
2018-04-15 20:18:25,872 [DEBUG|FireBrigade/570148106|TestBuildingDetector] Selected:Building (13014)
